QUERYTABLES 1
EXTRACHECK
EXTRACHECK
ERRORHANDLER  28
QUIT 0
QUERYTABLES 1
EXTRACHECK
STATS 05071987
JOINTABLE 1
CHAT hy all
STATS 05071987
PING
CREATETABLE
GAMEREADY
GAMEREADY
GAMEREADY
STATS 05071987
MYCARD 0 Jelleye
MYCARD 1 Creeps
MYCARD 2 Tri-Face
MYCARD 3 T-Rexaur
MYCARD 4 Mesmerize
READY 05071987
PLACEAT 0 4 MasterD
PLACEAT 1 2 MasterD
PLACEAT 4 0 MasterD
PLACEAT 5 3 MasterD
PLACEAT 2 1 MasterD
JOINTABLE 2
GAMEREADY
MYCARD 0 Thrustaevis
MYCARD 1 Jelleye
MYCARD 2 Tri-Face
MYCARD 3 T-Rexaur
MYCARD 4 Imp
READY 05071987
PLACEAT 1 0 meh2
PLACEAT 5 1 meh2
PING
PLACEAT 6 4 meh2
PLACEAT 4 2 meh2
CREATETABLE MEMORY
GAMEREADY
TABLECLOSE
CREATETABLE4
TEAM_CHANGE
TEAMREADY
TEAMREADY
TEAMREADY
TEAMCLOSE
CREATETABLE  TRADE@@Trade
CREATETABLE
STATS 05071987
PING
CREATETABLE  TRADE@@Trade
QUERYTABLES 1
QUERYTABLES 1
QUERYTABLES 1
EXTRACHECK
JOINTABLE 1
GAMEREADY
MYCARD 0 Creeps
MYCARD 1 Chimera
MYCARD 2 Mesmerize
MYCARD 3 T-Rexaur
MYCARD 4 Buel
READY 05071987
GAMECHAT J102Y~@*~*hy
PING
CHAT !endgame [Game Request]
CHAT !endgame [Game Request]
GAMESTALEMATE
GAMESURRENDER
JOINTABLE 2
GAMEREADY
STATS Alucard
GAMEREADY
GAMEREADY
STATS Alucard
TABLECLOSE
CREATETABLE
GAMEREADY
STATS 05071987
JOINTABLE 2
JOINTABLE 1
JOINTABLE 4
STATS 05071987
MYCARD 0 Creeps
MYCARD 1 Imp
MYCARD 2 Thrustaevis
MYCARD 3 Mesmerize
MYCARD 4 Jelleye
READY 05071987
PLACEAT 0 4 Sephiroth6
PLACEAT 4 2 Sephiroth6
PING
PLACEAT 6 1 Sephiroth6
PLACEAT 5 3 Sephiroth6
ABNEWDECK Standard
JOINTABLE 2
GAMEREADY
TABLECLOSE
UNLOCKSHOP
QUERYTABLES 1
QUERYTABLES 1
QUERYTABLES 1
EXTRACHECK
JOINTABLE 1
GAMEREADY
GAMEREADY
MYCARD 0 Adamantoise
MYCARD 1 Jelleye
MYCARD 2 SAM08G
MYCARD 3 PuPu
MYCARD 4 Iron%20Giant
READY 05071987
GAMECHAT Maester~@*~*akkor jáccunk :D
GAMECHAT Maester~@*~*te jösz :D
GAMECHAT Maester~@*~*aszem :D
GAMECHAT Maester~@*~*vettem
GAMECHAT Maester~@*~*nah rajta :D
GAMECHAT Maester~@*~*jáccun :D
GAMECHAT Maester~@*~*majd máskor :D
PLACEAT 4 1 Maester
PLACEAT 7 2 Maester
GAMECHAT Maester~@*~*nem szeretlek :D
PING
PLACEAT 8 4 Maester
GAMECHAT Maester~@*~*asszem ezt beszoptam :D
PLACEAT 3 3 Maester
JOINTABLE 1
GAMEREADY
GAMEREADY
GAMEREADY
TABLECLOSE
JOINTABLE 1
GAMEREADY
TABLECLOSE
JOINTABLE 1
STATS Maester
CREATETABLE MEMORY
GAMEREADY
MEMORYSLOT 2 1
MEMORYSLOT 15 2
GAMESURRENDER
PING
CREATETABLE
GAMEREADY
MYCARD 0 Death%20Claw
MYCARD 1 Grendel
MYCARD 2 Torama
MYCARD 3 SAM08G
MYCARD 4 PuPu
READY 05071987
PLACEAT 1 0 Maester
GAMECHAT Maester~@*~*tegyél már vazze
GAMECHAT Maester~@*~*tök mind1, hogy hogy
GAMECHAT Maester~@*~*úgyis én nyerek :D
PLACEAT 0 1 Maester
GAMECHAT Maester~@*~*nem is kell :D
PLACEAT 6 4 Maester
GAMECHAT Maester~@*~*:P
GAMECHAT Maester~@*~*jácc
GAMECHAT Maester~@*~*ne pofáz :D
PLACEAT 5 2 Maester
GAMECHAT Maester~@*~*xupp
PLACEAT 8 3 Maester
JOINTABLE 1
GAMEREADY
STATS Maester
MYCARD 0 PuPu
MYCARD 1 Torama
MYCARD 2 Grendel
MYCARD 3 Death%20Claw
MYCARD 4 Iron%20Giant
READY 05071987
PLACEAT 1 1 Maester
PLACEAT 7 2 Maester
PING
PLACEAT 2 4 Maester
GAMECHAT Maester~@*~*cupp :P
PLACEAT 3 0 Maester
GAMECHAT Maester~@*~*draw lesz sztem :D
PLACEAT 0 3 Maester
CREATETABLE2 OMNITT_RANDOM 5
TABLECLOSE
CREATETABLE
GAMEREADY
GAMEREADY
GAMEREADY
MYCARD 0 SAM08G
MYCARD 1 PuPu
MYCARD 2 Jelleye
MYCARD 3 Grendel
MYCARD 4 Death%20Claw
READY 05071987
GAMECHAT Maester~@*~*rajta :D
GAMECHAT Maester~@*~*nem én tettem be :S
PLACEAT 4 3 Maester
GAMECHAT Maester~@*~*me nem :D
PLACEAT 2 1 Maester
PLACEAT 7 2 Maester
GAMECHAT Maester~@*~*go go go :S
PLACEAT 3 4 Maester
CREATETABLE
PING
GAMEREADY
MYCARD 0 Grendel
MYCARD 1 PuPu
MYCARD 2 Torama
MYCARD 3 Tonberry
MYCARD 4 Death%20Claw
READY 05071987
GAMECHAT Maester~@*~*gecc
GAMECHAT Maester~@*~*nem tom ,hogy hol kell kivenni :S
PLACEAT 3 4 Maester
GAMECHAT Maester~@*~*ugye :D
GAMECHAT Maester~@*~*én se a tiéd :D
PLACEAT 1 3 Maester
GAMECHAT Maester~@*~*nem tom
PLACEAT 7 1 Maester
PLACEAT 5 2 Maester
JOINTABLE 1
GAMEREADY
CHALLENGECHATS tüptürüp:D
GAMEREADY
GAMEREADY
GAMEREADY
MYCARD 0 Jelleye
MYCARD 1 PuPu
MYCARD 2 Iron%20Giant
MYCARD 3 Torama
MYCARD 4 Tonberry
READY 05071987
PLACEAT 0 0 Maester
GAMECHAT Maester~@*~*hajrá :D
GAMECHAT Maester~@*~*de így nem jó
GAMECHAT Maester~@*~*így látod a lapjaim :S
GAMECHAT Maester~@*~*legalább a combo benne van :D
PLACEAT 4 2 Maester
GAMECHAT Maester~@*~*raktam :P
PING
PLACEAT 7 3 Maester
GAMECHAT Maester~@*~*szopjá le
GAMECHAT Maester~@*~*ez így szar :D
GAMECHAT Maester~@*~*az bíztos :D
PLACEAT 2 1 Maester
PLACEAT 8 4 Maester
CREATETABLE  TRADE@@Trade
JOINTABLE 1
GAMEREADY
CHALLENGECHATS naaaah
GAMEREADY
GAMEREADY
GAMEREADY
MYCARD 0 Tonberry
MYCARD 1 SAM08G
MYCARD 2 Torama
MYCARD 3 Death%20Claw
MYCARD 4 SAM08G
READY 05071987
GAMECHAT Maester~@*~*pff
GAMECHAT Maester~@*~*szar lapok :S
GAMECHAT Maester~@*~*picsán leszel szexualizálva :D
PLACEAT 1 2 Maester
PLACEAT 2 1 Maester
GAMECHAT Maester~@*~*hoppá :D
GAMECHAT Maester~@*~*cuppantalak :D
PLACEAT 8 3 Maester
GAMECHAT Maester~@*~*nah ezért kell ez a szabáj
GAMECHAT Maester~@*~*mert ebbe kurva jó vok :D
PING
GAMECHAT Maester~@*~*nyem :P
GAMECHAT Maester~@*~*így izgibb :D
GAMECHAT Maester~@*~*szopjá le :D
PLACEAT 3 0 Maester
JOINTABLE 1
KIBLITZ 1
JOINTABLE 1
GAMEREADY
PING
GAMEREADY
MYCARD 0 SAM08G
MYCARD 1 PuPu
MYCARD 2 Torama
MYCARD 3 Tonberry
MYCARD 4 Death%20Claw
READY 05071987
PLACEAT 2 1 Maester
PLACEAT 4 4 Maester
PLACEAT 7 3 Maester
PLACEAT 5 2 Maester
QUERYTABLES 1
EXTRACHECK
EXTRACHECK
ERRORHANDLER  28
QUIT 0
QUERYTABLES 1
EXTRACHECK
EXTRACHECK
ERRORHANDLER  28
QUIT 0
QUERYTABLES 1
EXTRACHECK
JOINTABLE 1
GAMEREADY
GAMEREADY
MYCARD 0 PuPu
MYCARD 1 Torama
MYCARD 2 Death%20Claw
MYCARD 3 Tonberry
MYCARD 4 Jelleye
READY 05071987
GAMECHAT Maester~@*~*veszõ
GAMECHAT Maester~@*~*hõh
GAMECHAT Maester~@*~*megy :D
PLACEAT 0 4 Maester
GAMECHAT Maester~@*~*ott van bazzeg :P
GAMECHAT Maester~@*~*tegyé vazz
PLACEAT 6 1 Maester
GAMECHAT Maester~@*~*ahogy az egyik legjobb haverom szokta mondani
GAMECHAT Maester~@*~*kurva mámád :DDD
PLACEAT 7 3 Maester
PLACEAT 5 2 Maester
PLACEAT 1 0 Maester
CREATETABLE
PING
CHALLENGECHATS nekem ez nem megy
CHALLENGECHATS itt van alul,hogy change rules ugye?
CHALLENGECHATS +van
CHALLENGECHATS itt nekem olyan van, hogy game rules
CHALLENGECHATS de számok sehol
CHALLENGECHATS de nincs több ablak :D
CHALLENGECHATS nem
CHALLENGECHATS 1 ablak van :D
CHALLENGECHATS nincs ilyen se :D
CHALLENGECHATS lehet :D
CHALLENGECHATS nah csinálj inkább egyet
CHALLENGECHATS random
CHALLENGECHATS same
CHALLENGECHATS plus
CHALLENGECHATS oks
CHALLENGECHATS random
CHALLENGECHATS same
CHALLENGECHATS plus
CHALLENGECHATS combo
CHALLENGECHATS hogy lehesen kártyát elvenni :D
CHALLENGECHATS és legyen wall is :P
CHALLENGECHATS 3-at
CHALLENGECHATS neem
CHALLENGECHATS 3-at :P
CHALLENGECHATS te is már annyit vittél el
CHALLENGECHATS ne szarozz
CHALLENGECHATS nem
CHALLENGECHATS akkor 2 és random :P
PING
CHALLENGECHATS akkor ne legyen wall
CHALLENGECHATS elõb a te szabájaid szerint voltunk
CHALLENGECHATS most legyünk az enyém szerint
TABLECLOSE
JOINTABLE 4
GAMEREADY
CHALLENGECHATS nah
CHALLENGECHATS csináld vazze :D
GAMEREADY
MYCARD 0 SAM08G
MYCARD 1 Tonberry
MYCARD 2 PuPu
MYCARD 3 Death%20Claw
MYCARD 4 Grendel
READY 05071987
GAMECHAT Maester~@*~*király :D
GAMECHAT Maester~@*~*szorjad nigger :D
PLACEAT 2 0 Maester
PLACEAT 0 1 Maester
PLACEAT 8 2 Maester
PLACEAT 7 3 Maester
GAMECHAT Maester~@*~*cuppp
TAKECARD 05071987 2 Blitz Iron%20Giant   
JOINTABLE 2
GAMEREADY
CHALLENGECHATS hõhõ
PING
CHALLENGECHATS szájbergyerek kérjél bocsánatott :D
GAMEREADY
CHALLENGECHATS mert nem mutatom meg a kacsámat ott :D
CHALLENGECHATS csináld már gecc
CHALLENGECHATS ne szarozz
STATS 05071987
GAMEREADY
MYCARD 0 Iron%20Giant
MYCARD 1 PuPu
MYCARD 2 Blitz
MYCARD 3 Tonberry
MYCARD 4 Death%20Claw
READY 05071987
GAMECHAT Maester~@*~*pff
GAMECHAT Maester~@*~*és még én mire :S
PLACEAT 1 0 Maester
GAMECHAT Maester~@*~*elmész a gecibe
GAMECHAT Maester~@*~*elementál minek van?
PLACEAT 6 4 Maester
PLACEAT 0 1 Maester
PLACEAT 2 2 Maester
PING
JOINTABLE 4
CHALLENGECHATS I"m the master :D
CHALLENGECHATS you are the ....
CHALLENGECHATS nah csináld
CHALLENGECHATS ne szarozz :D
GAMEREADY
MYCARD 0 Death%20Claw
MYCARD 1 Blitz
MYCARD 2 Tonberry
MYCARD 3 PuPu
MYCARD 4 SAM08G
READY 05071987
GAMECHAT Maester~@*~*hééééé
GAMECHAT Maester~@*~*hol a random a kurva mámád???
GAMECHAT Maester~@*~*még is látom a lapjaid
GAMECHAT Maester~@*~*mé van open?
PLACEAT 1 1 Maester
PLACEAT 6 3 Maester
PLACEAT 7 4 Maester
GAMECHAT Maester~@*~*nem hát
PLACEAT 2 0 Maester
GAMESURRENDER
JOINTABLE 1
GAMEREADY
OTTPLACEAT 17
OTTPLACEAT 15
OTTPLACEAT 5
PING
OTTPLACEAT 7
OTTPLACEAT 13
OTTPLACEAT 3
OTTPLACEAT 9
OTTPLACEAT 22
OTTPLACEAT 14
JOINTABLE 2
GAMEREADY
MYCARD 0 PuPu
MYCARD 1 Death%20Claw
MYCARD 2 SAM08G
MYCARD 3 Tonberry
MYCARD 4 Grendel
READY 05071987
GAMECHAT SephirothZ~@*~*hy
CHAT !endgame [Game Request]
CHAT !endgame [Game Request]
CHAT !endgame [Game Request]
GAMESURRENDER
CREATETABLE
GAMEREADY
AUTODECLINE 13 MasterD
MYCARD 0 Tonberry
MYCARD 1 Grendel
MYCARD 2 SAM08G
MYCARD 3 SAM08G
MYCARD 4 
READY 05071987
QUERYTABLES 1
EXTRACHECK
STATS 05071987
PING
ABNEWDECK FF9
ABNEWDECK FF9
STATS 05071987
QUERYTABLES 1
EXTRACHECK
CREATETABLE
TABLECLOSE
PING
CREATETABLE
CHALLENGECHATS nem tudom
TABLECLOSE
QUERYTABLES 1
EXTRACHECK
CREATETABLE
STATS 05071987
APTICKET 1
APTICKET 2
TABLECLOSE
APTICKET 2
PING
JOINTABLE 1
GAMEREADY
OTTPLACEAT 20
OTTPLACEAT 22
OTTPLACEAT 13
OTTPLACEAT 19
OTTPLACEAT 16
OTTPLACEAT 24
OTTPLACEAT 7
OTTPLACEAT 11
OTTPLACEAT 6
PING
OTTCARDDISCARD
GAMESTALEMATE
GAMESTALEMATE
OTTPLACEAT 1
JOINTABLE 1
GAMEREADY
OTTPLACEAT 10
OTTCARDDISCARD
OTTPLACEAT 9
OTTPLACEAT 2
OTTPLACEAT 0
OTTPLACEAT 1
GAMESURRENDER
PING
CREATETABLE
TABLECLOSE
QUERYTABLES 1
EXTRACHECK
EXTRACHECK
ERRORHANDLER  28
QUIT 0
QUERYTABLES 1
EXTRACHECK
STATS 05071987
CREATETABLE
TABLECLOSE
CREATETABLE CHINCHIN
GAMEREADY
TABLECLOSE
JOINTABLE 1
GAMEREADY
GAMEREADY
TABLECLOSE
