QUERYTABLES 1
EXTRACHECK
PING
ABNEWDECK XenoTrigger
PSTATS 0CloudStrife
CREATETABLE
TABLECLOSE
ABNEWDECK Standard
ABNEWDECK FF7
PM Catchbank /msg%20esthar-bot
JOINTABLE 2
JOINTABLE 1
PM Catchbank ay
PM Catchbank yeh%20man%20im%20a%20nubi
PM Catchbank yah%20man
PM Catchbank so%20how%20u%20get%20start%20a%20game%20?
GAMEREADY
PING
OTTPLACEAT 11
OTTPLACEAT 17
OTTPLACEAT 23
PM Catchbank this%20isnt%20to%20hard%20how%20come%20it%20ant%20my%20cards%20thow
OTTPLACEAT 10
OTTPLACEAT 20
OTTPLACEAT 5
OTTCARDDISCARD
OTTPLACEAT 14
OTTPLACEAT 2
OTTPLACEAT 8
OTTPLACEAT 4
PM Catchbank that%20wasnt%20to%20bad
JOINTABLE 2
JOINTABLE 2
GAMEREADY
JOINTABLE 1
GAMEREADY
TABLECLOSE
CHAT gg
PING
CREATETABLE2 OMNITT_RANDOM 5
JOINTABLE 1
JOINTABLE 1
SLOTSFF7
SLOTSFF7
SLOTSFF7
SLOTSFF7
SLOTSFF7
SLOTSFF7
CREATETABLE2 OMNITT_RANDOM 5
GETAVATARS 1 body
GETAVATARS 2
GETAVATARS 0 head
BUYAVATARS devilheadhorns_male
GETAVATARS 0 body
PING
GETAVATARS 0 background
GETAVATARS 0 head
BUYAVATARS devilheadhorns_male
CREATETABLE2 OMNITT_RANDOM 5
QUERYTABLES 1
EXTRACHECK
PING
JOINTABLE 7
GAMEREADY
MYCARD 0 Iron%20Giant
MYCARD 1 T-Rexaur
MYCARD 2 Vysage
MYCARD 3 Ochu
MYCARD 4 Imp
READY 0CloudStrife
GAMECHAT mags~@*~*ay
PLACEAT 1 1 mags
GAMECHAT mags~@*~*u going?
PLACEAT 5 0 mags
PLACEAT 7 4 mags
PING
PLACEAT 6 2 mags
JOINTABLE 2
PING
PING
CHAT ay ppl
JOINTABLE 1
TEAMREADY
TEAM_OTTCARDDISCARD
TEAM_OTTPLACEAT 0
TEAM_OTTPLACEAT 4
PING
TEAM_OTTPLACEAT 19
TEAM_OTTPLACEAT 17
TEAMGAMECHAT 8 all
TEAM_OTTPLACEAT 11
CHAT gg for the win
JOINTABLE 1
TEAMREADY
TEAMGAMECHAT again
TEAM_OTTPLACEAT 14
TEAMGAMECHAT take that
TEAMGAMECHAT what was that
PING
TEAM_OTTPLACEAT 6
TEAMGAMECHAT dude get the cards
TEAM_OTTPLACEAT 7
TEAMGAMECHAT gs
TEAM_OTTPLACEAT 16
TEAMGAMECHAT no same rule
TEAM_OTTCARDDISCARD
TEAM_OTTPLACEAT 20
CHAT gg
JOINTABLE 3
TEAMREADY
TEAM_OTTPLACEAT 24
TEAMGAMECHAT yeh
TEAMGAMECHAT next time put same on
TEAM_OTTPLACEAT 4
TEAMGAMECHAT ow?
PING
TEAMGAMECHAT my bad
TEAMGAMECHAT my bad ahoud of coved ya
TEAM_OTTPLACEAT 10
TEAMGAMECHAT ouch'
TEAM_OTTPLACEAT 15
TEAM_OTTPLACEAT 20
TEAMGAMECHAT gg
JOINTABLE 1
TEAMREADY
TEAMGAMECHAT shit iz me
TEAM_OTTCARDDISCARD
TEAM_OTTPLACEAT 7
TEAM_OTTPLACEAT 8
PING
TEAM_OTTPLACEAT 18
TEAMGAMECHAT owww
TEAM_OTTPLACEAT 12
TEAMGAMECHAT noo
TEAM_OTTPLACEAT 15
TEAMGAMECHAT gg
JOINTABLE 1
TEAMREADY
CHALLENGECHAT wattin
TEAM_OTTPLACEAT 9
TEAM_OTTPLACEAT 12
PING
TEAM_OTTPLACEAT 6
TEAMGAMECHAT nice
TEAM_OTTPLACEAT 10
TEAMGAMECHAT gg
TEAMGAMECHAT luff if thay win
JOINTABLE 5
CHALLENGECHAT yah lv 2
TEAMREADY
PSTATS 0CloudStrife
TEAM_OTTPLACEAT 10
GETAVATARS 1 body
PING
TEAM_OTTPLACEAT 4
TEAMGAMECHAT comon
TEAM_OTTPLACEAT 6
TEAM_OTTCARDDISCARD
TEAM_OTTPLACEAT 18
JOINTABLE 5
TEAMREADY
GETAVATARS 1 body
GETAVATARS 0 background
GETAVATARS 0 head
GETAVATARS 0 body
PING
TEAM_OTTCARDDISCARD
TEAM_OTTPLACEAT 20
TEAM_OTTPLACEAT 8
TEAM_OTTPLACEAT 22
GETAVATARS 0 body
GETAVATARS 0 head
TEAM_OTTPLACEAT 24
TEAM_OTTPLACEAT 11
JOINTABLE 5
TEAMREADY
PING
TEAM_OTTPLACEAT 23
TEAMGAMECHAT didnt meen to
TEAMGAMECHAT :'(
TEAM_OTTCARDDISCARD
TEAM_OTTPLACEAT 19
SHOPSEARCH  FF7  0 0
SHOPSEARCH c FF7  0 0
SHOPSEARCH c FF7  0 0
SHOPSEARCH  FF7  10 0
TEAM_OTTPLACEAT 21
TEAM_OTTPLACEAT 13
SHOPSEARCH  FF7 Cardname 10 0
TEAM_OTTPLACEAT 17
TEAMGAMECHAT gg
JOINTABLE 6
TEAMREADY
PING
TEAM_OTTPLACEAT 20
SHOPSEARCH  FF7 Cardname 10 1
TEAM_OTTCARDDISCARD
TEAM_OTTPLACEAT 17
TEAM_OTTPLACEAT 7
TEAM_OTTPLACEAT 9
SHOPSEARCH  FF7 Cardname 10 1
SHOPSEARCH  FF7 Cardname 10 0
JOINTABLE 6
TEAMREADY
TEAMGAMECHAT what lv are u all on?
PING
TEAMGAMECHAT im a nube lol 2
TEAM_OTTPLACEAT 18
SHOPSEARCH  FF9 Cardname 10 0
SHOPSEARCH  FF9 Cardname 10 1
SHOPSEARCH  FF9 Cardname 10 0
SHOPSEARCH  Standard Cardname 10 0
TEAM_OTTPLACEAT 22
TEAM_OTTCARDDISCARD
TEAM_OTTPLACEAT 6
TEAMGAMECHAT owww
TEAM_OTTPLACEAT 23
JOINTABLE 1
TEAMREADY
PING
TEAM_OTTPLACEAT 24
TEAM_OTTPLACEAT 17
SHOPSEARCH    10 0
SHOPSEARCH    11 0
SHOPSEARCH    10 0
TEAM_OTTPLACEAT 7
TEAM_OTTPLACEAT 9
TEAMGAMECHAT so now i ge6t a good 1
TEAM_OTTPLACEAT 0
JOINTABLE 1
TEAMREADY
PING
TEAM_OTTCARDDISCARD
TEAM_OTTPLACEAT 23
TEAM_OTTPLACEAT 16
TEAM_OTTPLACEAT 0
TEAM_OTTPLACEAT 3
TEAM_OTTPLACEAT 13
CHAT gg
JOINTABLE 3
TEAM_CHANGE
TEAM_CHANGE
TEAMREADY
PING
CHALLENGECHAT watting
TEAM_OTTPLACEAT 23
TEAM_OTTCARDDISCARD
TEAM_OTTPLACEAT 20
TEAMGAMECHAT ??
APCHECK
TEAM_OTTPLACEAT 19
TEAM_OTTPLACEAT 14
PING
TEAMGAMECHAT wtf
TEAMGAMECHAT lol nice
TEAM_OTTPLACEAT 4
TEAMGAMECHAT what can y ado with that now
TEAMGAMECHAT lol
TEAMGAMECHAT good move
JOINTABLE 3
TEAMREADY
TEAM_CHANGE
TEAM_CHANGE
TEAMREADY
APTRAIN Beggars
TEAM_OTTPLACEAT 5
TEAM_OTTPLACEAT 3
TEAM_OTTCARDDISCARD
PING
TEAM_OTTPLACEAT 22
TEAM_OTTPLACEAT 12
TEAM_OTTPLACEAT 14
JOINTABLE 2
APSET 0
TEAMREADY
TEAM_OTTPLACEAT 23
TEAM_OTTPLACEAT 7
PING
TEAM_OTTPLACEAT 1
TEAM_OTTPLACEAT 3
PING
TEAM_OTTPLACEAT 18
QUERYTABLES 1
EXTRACHECK
JOINTABLE 2
TEAMREADY
TEAMREADY
TEAMCLOSE
PSTATS 0CloudStrife
CREATETABLE3
CHANGERULE SPHEREBREAK 30 55 15
PING
GAMEREADY
TABLECLOSE
JOINTABLE 4
GAMEREADY
OTTPLACEAT 24
OTTPLACEAT 9
OTTPLACEAT 2
OTTPLACEAT 13
OTTPLACEAT 0
OTTPLACEAT 20
OTTPLACEAT 17
OTTPLACEAT 10
OTTPLACEAT 12
OTTPLACEAT 16
CHAT gg
PING
JOINTABLE 2
GAMEREADY
MEMORYSLOT 6 1
MEMORYSLOT 7 2
MEMORYSLOT 12 1
MEMORYSLOT 3 2
MEMORYSLOT 18 1
MEMORYSLOT 21 2
CHAT !endgame [Game Request]
GAMESURRENDER
QUERYTABLES 1
EXTRACHECK
JOINTABLE 2
GAMEREADY
PING
OTTPLACEAT 24
OTTPLACEAT 22
OTTPLACEAT 16
OTTPLACEAT 12
OTTPLACEAT 13
OTTPLACEAT 8
OTTPLACEAT 2
OTTPLACEAT 10
OTTPLACEAT 6
OTTPLACEAT 3
CHAT gg
JOINTABLE 2
GAMEREADY
OTTPLACEAT 17
PING
OTTCARDDISCARD
OTTPLACEAT 14
OTTPLACEAT 19
OTTPLACEAT 23
OTTPLACEAT 20
OTTPLACEAT 7
OTTPLACEAT 3
OTTPLACEAT 11
OTTPLACEAT 5
OTTPLACEAT 0
PING
JOINTABLE 5
GAMEREADY
MEMORYSLOT 18 1
MEMORYSLOT 17 2
MEMORYSLOT 18 1
MEMORYSLOT 3 2
MEMORYSLOT 10 1
MEMORYSLOT 22 2
MEMORYSLOT 17 1
MEMORYSLOT 0 2
MEMORYSLOT 11 1
MEMORYSLOT 20 2
MEMORYSLOT 22 1
MEMORYSLOT 20 2
MEMORYSLOT 21 1
MEMORYSLOT 10 2
MEMORYSLOT 5 1
MEMORYSLOT 7 2
MEMORYSLOT 5 1
MEMORYSLOT 6 2
MEMORYSLOT 23 1
MEMORYSLOT 19 2
MEMORYSLOT 8 1
MEMORYSLOT 14 2
MEMORYSLOT 1 1
MEMORYSLOT 7 2
MEMORYSLOT 2 1
MEMORYSLOT 9 2
MEMORYSLOT 15 1
MEMORYSLOT 8 2
MEMORYSLOT 16 1
MEMORYSLOT 13 2
MEMORYSLOT 12 1
MEMORYSLOT 13 2
MEMORYSLOT 4 1
MEMORYSLOT 16 2
CHAT gg
CHAT i yeh got lucky dats all
JOINTABLE 3
GAMEREADY
OTTPLACEAT 4
OTTPLACEAT 9
PING
OTTPLACEAT 8
OTTPLACEAT 11
OTTPLACEAT 13
OTTPLACEAT 20
OTTPLACEAT 21
OTTPLACEAT 19
OTTPLACEAT 2
OTTPLACEAT 6
JOINTABLE 1
TEAMREADY
TEAMGAMECHAT old times
TEAM_OTTPLACEAT 20
TEAM_OTTPLACEAT 5
PING
TEAM_OTTCARDDISCARD
TEAM_OTTPLACEAT 11
JOINTABLE 5
TEAM_OTTPLACEAT 16
JOINTABLE 3
TEAM_OTTPLACEAT 22
JOINTABLE 1
JOINTABLE 5
GAMEREADY
MYCARD 0 Ochu
MYCARD 1 Tonberry
MYCARD 2 Adamantoise
MYCARD 3 Imp
MYCARD 4 Blitz
READY 0CloudStrife
GAMECHAT StarKirby1~@*~*gana win lol
GAMECHAT StarKirby1~@*~*u will see
PING
PLACEAT 2 2 StarKirby1
GAMECHAT StarKirby1~@*~*your gana kill me in outher words lol
PLACEAT 6 0 StarKirby1
PLACEAT 8 1 StarKirby1
GAMECHAT StarKirby1~@*~*how long u been playing
PLACEAT 5 4 StarKirby1
GAMECHAT StarKirby1~@*~*2day
GAMECHAT StarKirby1~@*~*yeh
CHAT gg
JOINTABLE 8
GAMEREADY
OTTPLACEAT 5
OTTPLACEAT 2
OTTPLACEAT 4
OTTPLACEAT 22
OTTPLACEAT 11
OTTPLACEAT 14
OTTCARDDISCARD
OTTPLACEAT 17
OTTPLACEAT 19
OTTPLACEAT 20
OTTPLACEAT 24
PING
JOINTABLE 3
QUERYTABLES 1
EXTRACHECK
JOINTABLE 2
JOINTABLE 3
GAMEREADY
OTTPLACEAT 20
OTTPLACEAT 1
OTTPLACEAT 12
OTTPLACEAT 13
OTTPLACEAT 6
PING
OTTPLACEAT 10
OTTPLACEAT 18
OTTPLACEAT 17
OTTPLACEAT 9
OTTPLACEAT 14
OTTPLACEAT 24
OTTPLACEAT 21
JOINTABLE 4
GAMEREADY
TABLECLOSE
JOINTABLE 2
JOINTABLE 3
PING
JOINTABLE 1
GAMEREADY
GAMEREADY
GAMEREADY
JOINTABLE 6
TEAMREADY
TEAM_OTTPLACEAT 0
PING
TEAM_OTTCARDDISCARD
TEAM_OTTPLACEAT 16
TEAM_OTTPLACEAT 1
TEAM_OTTPLACEAT 17
TEAM_OTTPLACEAT 19
PING
JOINTABLE 2
JOINTABLE 2
TEAMREADY
TEAM_OTTCARDDISCARD
TEAM_OTTPLACEAT 15
TEAM_OTTPLACEAT 21
TEAM_OTTPLACEAT 19
PING
TEAM_OTTPLACEAT 12
TEAM_OTTPLACEAT 6
JOINTABLE 2
TEAMREADY
TEAM_OTTPLACEAT 19
PING
TEAM_OTTPLACEAT 14
TEAM_OTTPLACEAT 2
TEAM_OTTPLACEAT 8
TEAM_OTTCARDDISCARD
TEAM_OTTPLACEAT 4
JOINTABLE 2
TEAMREADY
TEAM_OTTPLACEAT 14
JOINTABLE 1
PING
TEAM_OTTPLACEAT 3
UNLOCKSHOP
CHAT goldm ill play soon
TEAM_OTTPLACEAT 5
TEAM_OTTPLACEAT 12
TEAM_OTTPLACEAT 17
PING
JOINTABLE 1
TEAMREADY
CHAT im in
TEAM_OTTCARDDISCARD
TEAM_OTTPLACEAT 4
TEAMGAMECHAT k?
TEAM_OTTPLACEAT 21
TEAMGAMECHAT we got a strate one here
TEAM_OTTPLACEAT 10
TEAMGAMECHAT u going
TEAMGAMECHAT ahhhhh
TEAMGAMECHAT *yorn*
TEAM_OTTPLACEAT 9
TEAMGAMECHAT o no another turn
TEAMGAMECHAT ahhhh
PING
TEAM_OTTPLACEAT 3
TEAMGAMECHAT *yorns
TEAMGAMECHAT gg
TEAMGAMECHAT win or draw
TEAMGAMECHAT ???
JOINTABLE 3
TEAMREADY
CHALLENGECHAT dam right woot lol
TEAM_OTTPLACEAT 3
TEAM_OTTCARDDISCARD
TEAM_OTTPLACEAT 6
TEAM_OTTPLACEAT 18
TEAMGAMECHAT is same on?
TEAM_OTTPLACEAT 7
PING
TEAMGAMECHAT ouch nice stuff
TEAM_OTTPLACEAT 9
CHAT lol gg
JOINTABLE 3
TEAMREADY
CHALLENGECHAT that was a killing
TEAM_OTTPLACEAT 2
TEAMGAMECHAT 1st 2 cards are sit for me
TEAM_OTTPLACEAT 15
TEAM_OTTPLACEAT 21
TEAMGAMECHAT u took my spot
TEAM_OTTPLACEAT 13
TEAMGAMECHAT no ther outher guy
TEAMGAMECHAT who eva had sigurd
TEAM_OTTCARDDISCARD
TEAM_OTTPLACEAT 23
PING
TEAMGAMECHAT gg
JOINTABLE 3
TEAMREADY
CHALLENGECHAT how did we lose dat 1
CHALLENGECHAT lol
TEAM_OTTCARDDISCARD
TEAM_OTTPLACEAT 23
TEAMGAMECHAT u there
TEAMGAMECHAT lol
TEAM_OTTPLACEAT 21
PING
TEAMGAMECHAT 'back2jack
TEAM_OTTPLACEAT 20
TEAMGAMECHAT y?
TEAM_OTTPLACEAT 11
TEAM_OTTPLACEAT 9
TEAMGAMECHAT shit last card
CHAT nooo
JOINTABLE 3
TEAMREADY
CHALLENGECHAT that wasnt fare
CHALLENGECHAT lol shit last card
TEAM_OTTPLACEAT 1
TEAMGAMECHAT who is that chick
TEAM_OTTPLACEAT 8
TEAM_OTTPLACEAT 13
TEAMGAMECHAT lol
PING
TEAM_OTTPLACEAT 10
TEAMGAMECHAT omg
TEAM_OTTCARDDISCARD
TEAM_OTTPLACEAT 14
JOINTABLE 3
TEAMREADY
TEAMGAMECHAT how much$$$ do u have
TEAM_OTTCARDDISCARD
TEAM_OTTPLACEAT 3
TEAMGAMECHAT nooooooooooooo
TEAMGAMECHAT anygood cards
SHOPSEARCH   Level 10 0
SHOPSEARCH   Cardname 10 0
TEAM_OTTPLACEAT 21
PING
TEAMGAMECHAT deck
TEAMGAMECHAT k
TEAM_OTTPLACEAT 24
TEAMGAMECHAT lol kills mine
TEAMGAMECHAT whateva ya name is play
TEAM_OTTPLACEAT 15
TEAMGAMECHAT jack is not back
TEAMGAMECHAT comon man
TEAMGAMECHAT how come his got the turks next to his name?
TEAM_OTTPLACEAT 5
JOINTABLE 1
TEAMREADY
CHALLENGECHAT i wana b in the turks
CHALLENGECHAT lol
CHALLENGECHAT jacks nat gana come is he
CHALLENGECHAT how comeu ant got 1?
PING
CHALLENGECHAT how come u ant in a clan?
CHALLENGECHAT oww
JOINTABLE 6
TEAMGAMECHAT ok man were goin
TEAM_OTTPLACEAT 22
TEAM_OTTPLACEAT 24
TEAMGAMECHAT that teddy bare is shit
TEAMGAMECHAT lol
PING
TEAM_OTTPLACEAT 13
TEAMGAMECHAT hmmm
TEAMGAMECHAT the time he took
TEAM_OTTPLACEAT 14
TEAMGAMECHAT yep
TEAMGAMECHAT hmmmmmmmmmmm
TEAMGAMECHAT nice move
TEAM_OTTCARDDISCARD
TEAM_OTTPLACEAT 5
JOINTABLE 6
TABLECLOSE
JOINTABLE 3
TABLECLOSE
QUERYTABLES 1
EXTRACHECK
JOINTABLE 2
GAMEREADY
OTTPLACEAT 19
PING
OTTCARDDISCARD
OTTPLACEAT 3
OTTPLACEAT 1
OTTPLACEAT 7
OTTPLACEAT 12
OTTPLACEAT 6
OTTPLACEAT 10
OTTPLACEAT 17
OTTPLACEAT 21
GETAVATARS 1 body
GETAVATARS 0 head
GETAVATARS 2
QUIT 0 1
QUERYTABLES 1
EXTRACHECK
PING
JOINTABLE 2
TEAMREADY
TEAMREADY
TEAMCLOSE
SLOTSANIME
SLOTSANIME
TREASUREHUNTER
PING
SLOTSFF7
SLOTSFF7
SLOTSFF7
SLOTSFF7
SLOTSFF7
SLOTSFF7
SLOTSFF7
SLOTSFF7
SLOTSFF7
SLOTSFF7
SLOTSFF7
SLOTSFF7
SLOTSFF7
SLOTSFF7
SLOTSFF7
SLOTSFF7
SLOTSFF7
SLOTSFF7
TREASUREHUNTER
CREATETABLE MEMORY
PING
PSTATS 0CloudStrife
JOINTABLE 3
JOINTABLE 3
QUIT 0 1
QUERYTABLES 1
EXTRACHECK
JOINTABLE 3
GAMEREADY
GAMEREADY
MYCARD 0 PuPu
MYCARD 1 Iron%20Giant
MYCARD 2 Turtapod
MYCARD 3 T-Rexaur
MYCARD 4 Imp
READY 0CloudStrife
GAMECHAT Kylemagne~@*~*lol i only started yesterday
GAMECHAT Kylemagne~@*~*how the hell did ya get goood cards
PLACEAT 4 1 Kylemagne
PING
GAMECHAT Kylemagne~@*~*im lv 5
GAMECHAT Kylemagne~@*~*yeh
PLACEAT 0 0 Kylemagne
PLACEAT 5 4 Kylemagne
GAMECHAT Kylemagne~@*~*kinda anyways
PLACEAT 8 3 Kylemagne
GAMECHAT Kylemagne~@*~*gg
GAMECHAT Kylemagne~@*~*u win
CREATETABLE2 OMNITT_RANDOM 5
CHANGERULE OTT OMNITT_RANDOM 5
GAMEREADY
OTTPLACEAT 20
OTTPLACEAT 23
OTTPLACEAT 1
OTTPLACEAT 3
PING
OTTPLACEAT 0
OTTPLACEAT 13
OTTPLACEAT 12
OTTPLACEAT 9
OTTCARDDISCARD
OTTPLACEAT 4
OTTPLACEAT 19
CHAT gg got hammed but lol
CREATETABLE2 OMNITT_RANDOM 5
PSTATS 0CloudStrife
GAMEREADY
OTTPLACEAT 0
OTTPLACEAT 24
PING
OTTPLACEAT 9
OTTPLACEAT 11
OTTPLACEAT 6
OTTPLACEAT 8
OTTPLACEAT 10
OTTCARDDISCARD
OTTPLACEAT 17
OTTPLACEAT 15
OTTPLACEAT 3
JOINTABLE 1
TEAMREADY
TEAM_OTTPLACEAT 13
PING
TEAM_OTTPLACEAT 6
TEAM_OTTPLACEAT 17
TEAM_OTTPLACEAT 9
TEAM_OTTPLACEAT 24
CHAT gg
JOINTABLE 1
TEAMREADY
TEAM_OTTPLACEAT 14
TEAM_OTTPLACEAT 7
PING
TEAMGAMECHAT nice
TEAM_OTTPLACEAT 6
PM SgShadow ay
PM SgShadow in%20a%20moment
TEAM_OTTPLACEAT 17
PM SgShadow in%20a%20nother%20gam%20at%20the%20moment
TEAM_OTTPLACEAT 20
TEAMGAMECHAT gg
JOINTABLE 1
TEAMREADY
TEAMCLOSE
PM SgShadow k
PING
JOINTABLE 2
GAMEREADY
PM SgShadow onlystarted%20yesterday
MYCARD 0 Iron%20Giant
MYCARD 1 PuPu
MYCARD 2 Turtapod
MYCARD 3 Adamantoise
MYCARD 4 T-Rexaur
READY 0CloudStrife
GAMECHAT SgShadow~@*~*lol
PLACEAT 5 2 SgShadow
GAMECHAT SgShadow~@*~*yeh u got my point
PLACEAT 8 4 SgShadow
PLACEAT 1 3 SgShadow
GAMECHAT SgShadow~@*~*yeh man u got anyspare cards
GAMECHAT SgShadow~@*~*lol
PLACEAT 3 1 SgShadow
CHAT gg
JOINTABLE 3
TEAMREADY
TEAMCLOSE
PM SgShadow yeh
PM SgShadow on%20lv%205%20lol
PM SgShadow yeh%20man
PING
PM SgShadow do%20ya%20wana%20take%20a%20nubi%20in%20ya%20clan?
PM SgShadow some%20said%20this%20one%20on%20the%20net%20i%20looked%20and%20there%20it%20was
PM SgShadow good%20stuff
PM SgShadow what%20lv%20are%20ya
PM SgShadow and%20u%20got%20any%20tips%20man
PM SgShadow are%20gold%20packsany%20good?
ABNEWDECK FF7
JOINTABLE 4
PING
TABLECLOSE
JOINTABLE 2
GAMEREADY
GETAVATARS 1 body
SLOTSFF7
OTTPLACEAT 1
SLOTSFF7
CHAT !endgame [Game Request]
CHAT go man
OTTPLACEAT 3
CHPASS 0CloudStrife 357403 sw-580
PING
OTTPLACEAT 6
OTTPLACEAT 8
OTTCARDDISCARD
OTTPLACEAT 11
PING
OTTPLACEAT 20
CHAT go
OTTPLACEAT 14
PING
OTTPLACEAT 21
CHAT lol
OTTPLACEAT 18
PING
OTTPLACEAT 24
CHAT gg
JOINTABLE 3
APCHECK
APSET 0
JOINTABLE 2
GAMEREADY
OTTPLACEAT 17
OTTPLACEAT 12
OTTCARDDISCARD
OTTPLACEAT 23
OTTPLACEAT 24
PING
OTTPLACEAT 8
OTTPLACEAT 6
OTTPLACEAT 3
OTTPLACEAT 0
OTTPLACEAT 10
PING
PING
JOINTABLE 2
JOINTABLE 1
GAMEREADY
MYCARD 0 Turtapod
MYCARD 1 Blitz
MYCARD 2 Vysage
MYCARD 3 Imp
MYCARD 4 Iron%20Giant
READY 0CloudStrife
PING
PLACEAT 2 0 pocketz
PLACEAT 5 4 pocketz
PLACEAT 0 2 pocketz
PLACEAT 6 3 pocketz
PLACEAT 8 1 pocketz
CHAT how come the cards dint turn over?
CHAT ?
JOINTABLE 1
GAMEREADY
MYCARD 0 Blitz
MYCARD 1 Adamantoise
MYCARD 2 Tonberry
MYCARD 3 Vysage
MYCARD 4 Imp
READY 0CloudStrife
PLACEAT 2 1 pocketz
GAMECHAT pocketz~@*~*whats immune mean?
PLACEAT 5 3 pocketz
GAMECHAT pocketz~@*~*yeh
PLACEAT 0 0 pocketz
PING
GAMECHAT pocketz~@*~*oww
GAMECHAT pocketz~@*~*kool
PLACEAT 6 4 pocketz
PLACEAT 8 2 pocketz
TREASUREHUNTER
JOINTABLE 1
GAMEREADY
GAMEREADY
CHALLENGECHATS same rulz as befor
CHALLENGECHATS ahh this will do
GAMEREADY
OTTPLACEAT 14
OTTPLACEAT 16
OTTPLACEAT 23
OTTPLACEAT 20
OTTPLACEAT 17
PING
OTTPLACEAT 2
OTTPLACEAT 21
OTTCARDDISCARD
OTTPLACEAT 8
OTTPLACEAT 12
OTTPLACEAT 6
CHAT gg
JOINTABLE 1
CREATETABLE2 OMNITT_RANDOM 5
CHANGERULE OTT OMNITT_RANDOM 5
GAMEREADY
PING
TABLECLOSE
JOINTABLE 3
TEAMREADY
TEAM_OTTCARDDISCARD
TEAM_OTTPLACEAT 5
PING
TEAM_OTTPLACEAT 17
TEAM_OTTPLACEAT 19
TEAM_OTTPLACEAT 2
PING
TEAMGAMECHAT nooooooooo lol good move
TEAM_OTTPLACEAT 4
CHAT gg
JOINTABLE 1
TEAMREADY
APCHECK
APSET 0
TEAM_OTTCARDDISCARD
TEAM_OTTPLACEAT 14
TEAM_OTTPLACEAT 21
TEAM_OTTPLACEAT 16
PING
TEAM_OTTPLACEAT 8
TEAM_OTTPLACEAT 1
CHAT gg
JOINTABLE 1
JOINTABLE 2
TEAMREADY
TEAM_OTTPLACEAT 9
TEAM_OTTPLACEAT 13
PING
TEAM_OTTPLACEAT 24
TEAM_OTTPLACEAT 16
TEAM_OTTCARDDISCARD
TEAM_OTTPLACEAT 6
PING
JOINTABLE 2
TEAMREADY
TEAM_OTTPLACEAT 24
TEAM_OTTPLACEAT 10
PING
TEAM_OTTCARDDISCARD
TEAM_OTTPLACEAT 1
TEAM_OTTPLACEAT 12
TEAM_OTTPLACEAT 15
QUIT 0 1
QUERYTABLES 1
EXTRACHECK
JOINTABLE 3
GAMEREADY
MEMORYSLOT 17 1
MEMORYSLOT 12 2
MEMORYSLOT 21 1
MEMORYSLOT 22 2
MEMORYSLOT 7 1
MEMORYSLOT 13 2
MEMORYSLOT 13 1
MEMORYSLOT 2 2
MEMORYSLOT 16 1
MEMORYSLOT 14 2
MEMORYSLOT 5 1
MEMORYSLOT 7 2
MEMORYSLOT 5 1
MEMORYSLOT 0 2
MEMORYSLOT 21 1
MEMORYSLOT 17 2
MEMORYSLOT 15 1
MEMORYSLOT 17 2
MEMORYSLOT 19 1
MEMORYSLOT 18 2
MEMORYSLOT 18 1
MEMORYSLOT 8 2
MEMORYSLOT 19 1
MEMORYSLOT 9 2
MEMORYSLOT 21 1
MEMORYSLOT 10 2
JOINTABLE 4
TEAMREADY
CHAT ay i lossed 1000 gp and dont no y?
TEAM_OTTPLACEAT 9
PING
TEAM_OTTPLACEAT 12
TEAMGAMECHAT lol
TEAMGAMECHAT look at dat guy its barit brother
TEAM_OTTCARDDISCARD
TEAM_OTTPLACEAT 1
PING
TEAM_OTTPLACEAT 20
TEAM_OTTPLACEAT 23
JOINTABLE 2
GAMEREADY
MYCARD 0 Blitz
MYCARD 1 Iron%20Giant
MYCARD 2 T-Rexaur
MYCARD 3 Ochu
MYCARD 4 Imp
READY 0CloudStrife
PLACEAT 4 4 RainWingX
PLACEAT 7 2 RainWingX
PLACEAT 5 1 RainWingX
PING
PLACEAT 3 0 RainWingX
GAMECHAT RainWingX~@*~*gg
GAMECHAT RainWingX~@*~*draw
PLACEAT 0 3 RainWingX
MYCARD 0 Ochu
MYCARD 1 Blitz
MYCARD 2 Imp
MYCARD 3 Iron%20Giant
MYCARD 4 Gargantua
READY 0CloudStrife
PLACEAT 4 0 RainWingX
PLACEAT 1 1 RainWingX
PLACEAT 5 4 RainWingX
PLACEAT 3 2 RainWingX
GAMECHAT RainWingX~@*~*another 1
PLACEAT 6 3 RainWingX
MYCARD 0 T-Rexaur
MYCARD 1 Imp
MYCARD 2 Ochu
MYCARD 3 Gargantua
MYCARD 4 Iron%20Giant
READY 0CloudStrife
PLACEAT 4 2 RainWingX
PLACEAT 1 3 RainWingX
PLACEAT 5 4 RainWingX
GAMECHAT RainWingX~@*~*i h8 my cards
PLACEAT 3 0 RainWingX
PING
PLACEAT 6 1 RainWingX
CHAT gg
ABNEWDECK FF7
JOINTABLE 3
TEAMREADY
TEAMGAMECHAT hmmm
TEAM_OTTPLACEAT 20
TEAM_OTTPLACEAT 15
PING
TEAM_OTTPLACEAT 1
TEAM_OTTPLACEAT 4
TEAM_OTTCARDDISCARD
TEAM_OTTPLACEAT 18
TEAMGAMECHAT hmmmm
TEAMGAMECHAT gg
TEAMGAMECHAT is he there
TEAMGAMECHAT ?
JOINTABLE 3
JOINTABLE 4
TEAMREADY
TEAM_OTTCARDDISCARD
TEAM_OTTPLACEAT 23
PING
TEAMGAMECHAT comon
TEAM_OTTPLACEAT 16
TEAM_OTTPLACEAT 6
TEAMGAMECHAT good stuff
TEAMGAMECHAT even better
TEAM_OTTPLACEAT 8
PING
TEAM_OTTPLACEAT 4
SLOTSFF7
SLOTSFF7
SLOTSFF7
SLOTSFF7
SLOTSFF7
SLOTSFF7
SLOTSFF7
SLOTSFF7
SLOTSFF7
SLOTSFF7
SLOTSFF7
SLOTSFF7
SLOTSFF7
SLOTSFF7
SLOTSFF7
SLOTSFF7
SLOTSFF7
SLOTSFF7
SLOTSFF7
SLOTSFF7
SLOTSFF7
SLOTSFF7
SLOTSFF7
SLOTSFF7
SLOTSFF7
SLOTSFF7
SLOTSFF7
QUERYTABLES 1
EXTRACHECK
