QUERYTABLES 1
EXTRACHECK
JOINTABLE 1
TABLECLOSE
ABNEWDECK FF7
JOINTABLE 1
GAMEREADY
MYCARD 0 Chimera
MYCARD 1 Christopher
MYCARD 2 PuPu
MYCARD 3 Serpent
MYCARD 4 Blue%20Dragon
READY 0mega
PLACEAT 0 0 Ellone
PING
JOINTABLE 6
PLACEAT 6 2 Ellone
PLACEAT 1 1 Ellone
JOINTABLE 5
JOINTABLE 4
PLACEAT 8 4 Ellone
PLACEAT 7 3 Ellone
ABNEWDECK FFT
ABNEWDECK FF9
ABNEWDECK CC
PING
ABNEWDECK Suikoden2
ABNEWDECK XenoTrigger
JOINTABLE 1
GAMEREADY
MYCARD 0 Delita%20Hyral%20Squire
MYCARD 1 Gustav
MYCARD 2 Dancer%20Female
MYCARD 3 Janice
MYCARD 4 Daravon
READY 0mega
PLACEAT 6 3 Ellone
PLACEAT 8 0 Ellone
PLACEAT 3 1 Ellone
PING
PLACEAT 1 2 Ellone
CHAT !endgame [Game Request]
PLACEAT 0 4 Ellone
JOINTABLE 1
PSTATS Chazz
TABLECLOSE
JOINTABLE 3
PSTATS Felix
GAMEREADY
MEMORYSLOT 10 1
MEMORYSLOT 14 2
MEMORYSLOT 7 1
MEMORYSLOT 3 2
MEMORYSLOT 17 1
MEMORYSLOT 15 2
MEMORYSLOT 14 1
MEMORYSLOT 12 2
MEMORYSLOT 6 1
MEMORYSLOT 18 2
MEMORYSLOT 13 1
MEMORYSLOT 15 2
MEMORYSLOT 19 1
MEMORYSLOT 23 2
MEMORYSLOT 16 1
MEMORYSLOT 19 2
MEMORYSLOT 10 1
MEMORYSLOT 0 2
MEMORYSLOT 3 1
MEMORYSLOT 22 2
MEMORYSLOT 9 1
MEMORYSLOT 11 2
MEMORYSLOT 8 1
MEMORYSLOT 5 2
MEMORYSLOT 4 1
MEMORYSLOT 21 2
JOINTABLE 5
PSTATS LOL
TABLECLOSE
JOINTABLE 7
PSTATS Iceman17
GAMEREADY
GAMEREADY
TABLECLOSE
JOINTABLE 3
GAMEREADY
PING
OTTPLACEAT 9
OTTPLACEAT 19
OTTPLACEAT 11
OTTPLACEAT 17
OTTPLACEAT 13
OTTPLACEAT 12
OTTPLACEAT 23
OTTPLACEAT 2
OTTPLACEAT 3
OTTPLACEAT 24
JOINTABLE 5
PSTATS BlackKnight
TABLECLOSE
JOINTABLE 7
PSTATS Iceman17
TABLECLOSE
CREATETABLE
TABLECLOSE
JOINTABLE 6
PSTATS plcd2
GAMEREADY
PING
TABLECLOSE
JOINTABLE 3
GAMEREADY
OTTPLACEAT 0
OTTPLACEAT 6
PM plcd2 i%20dunno%20how%20to%20polay
OTTPLACEAT 15
PM plcd2 k%20later
OTTPLACEAT 4
OTTPLACEAT 9
OTTPLACEAT 2
OTTPLACEAT 7
OTTPLACEAT 17
OTTPLACEAT 13
OTTPLACEAT 3
JOINTABLE 5
GAMEREADY
TABLECLOSE
JOINTABLE 1
GAMEREADY
OTTPLACEAT 21
PING
OTTPLACEAT 23
OTTPLACEAT 17
OTTPLACEAT 9
OTTPLACEAT 8
OTTPLACEAT 16
OTTPLACEAT 10
OTTPLACEAT 11
OTTPLACEAT 3
OTTPLACEAT 6
PM plcd2 ok
JOINTABLE 5
GAMEREADY
MYCARD 0 Serpent
MYCARD 1 Janice
MYCARD 2 Miluda%20Folles
MYCARD 3 Hexadragon
MYCARD 4 Blue%20Dragon
READY 0mega
PLACEAT 6 1 plcd2
PLACEAT 8 0 plcd2
PLACEAT 2 2 plcd2
PLACEAT 1 4 plcd2
PING
PLACEAT 3 3 plcd2
QUIT 0 1
QUERYTABLES 1
EXTRACHECK
PSTATS 0mega
ABNEWDECK FF7
ABNEWDECK XenoTrigger
ABNEWDECK Suikoden2
ABNEWDECK Anime
JOINTABLE 3
PSTATS LostWraith
GAMEREADY
OTTPLACEAT 4
OTTPLACEAT 9
PING
OTTPLACEAT 14
OTTPLACEAT 15
OTTPLACEAT 7
OTTPLACEAT 21
OTTPLACEAT 18
OTTPLACEAT 22
OTTPLACEAT 24
OTTPLACEAT 6
OTTPLACEAT 5
OTTPLACEAT 0
CHAT gg
PING
JOINTABLE 1
PSTATS Luric
PING
JOINTABLE 3
TABLECLOSE
PING
CHAT /me is away.  Reason: Idle
AWAY 1
PING
PING
PING
PING
PING
PING
PING
PING
PING
PING
PING
PING
PING
PING
PING
PING
PING
PING
PING
PING
PING
PING
PING
PING
PING
PING
PING
PING
PING
PING
PING
PING
PING
PING
CHAT /me is back.
AWAY 0
JOINTABLE 1
PSTATS Chronic
PSTATS Chronic
JOINTABLE 1
GAMEREADY
JOINTABLE 1
CREATETABLE3
CHANGERULE SPHEREBREAK 30 50 25
TABLECLOSE
JOINTABLE 3
PSTATS Liberi
JOINTABLE 3
GAMEREADY
TABLECLOSE
ABNEWDECK Anime
PING
JOINTABLE 1
PSTATS Riceman03
GAMEREADY
GAMEREADY
GAMEREADY
MYCARD 0 Baku
MYCARD 1 Miluda%20Folles
MYCARD 2 Razzly
MYCARD 3 Serpent
MYCARD 4 Abomination
READY 0mega
PLACEAT 0 3 Riceman03
PLACEAT 7 2 Riceman03
PLACEAT 5 0 Riceman03
PLACEAT 2 4 Riceman03
JOINTABLE 4
PSTATS Felix
GAMEREADY
QUIT 0 1
JOINTABLE 5
PING
JOINTABLE 3
QUERYTABLES 1
EXTRACHECK
JOINTABLE 5
JOINTABLE 6
JOINTABLE 4
QUIT 0 1
QUERYTABLES 1
EXTRACHECK
CREATETABLE
TABLECLOSE
QUERYTABLES 1
EXTRACHECK
JOINTABLE 1
PSTATS HaLfAs
TABLECLOSE
PING
JOINTABLE 3
PSTATS waco
JOINTABLE 4
TABLECLOSE
JOINTABLE 5
PSTATS maecinPOL18
GAMEREADY
MYCARD 0 Razzly
MYCARD 1 Baku
MYCARD 2 Miluda%20Folles
MYCARD 3 Abomination
MYCARD 4 Assault%20Scissor
READY 0mega
PLACEAT 6 3 maecinPOL18
PLACEAT 0 0 maecinPOL18
PLACEAT 4 1 maecinPOL18
PLACEAT 8 4 maecinPOL18
PLACEAT 2 2 maecinPOL18
JOINTABLE 5
GAMEREADY
MYCARD 0 Baku
MYCARD 1 Razzly
MYCARD 2 Miluda%20Folles
MYCARD 3 Abomination
MYCARD 4 Assault%20Scissor
READY 0mega
PLACEAT 6 3 maecinPOL18
PLACEAT 4 0 maecinPOL18
PING
PLACEAT 1 4 maecinPOL18
PLACEAT 8 2 maecinPOL18
PLACEAT 2 1 maecinPOL18
JOINTABLE 3
GAMEREADY
GAMEREADY
GAMEREADY
MYCARD 0 Gayla
MYCARD 1 Shark%20Tooth
MYCARD 2 2%20Faced
MYCARD 3 Ancient%20Fruit
MYCARD 4 Cave%20Imp
READY 0mega
PLACEAT 6 0 maecinPOL18
PLACEAT 1 1 maecinPOL18
PLACEAT 2 3 maecinPOL18
PLACEAT 8 2 maecinPOL18
JOINTABLE 4
TABLECLOSE
JOINTABLE 3
GAMEREADY
GAMEREADY
GAMEREADY
MYCARD 0 Adamantoise
MYCARD 1 Pudding
MYCARD 2 Prickly%20Cactuar
MYCARD 3 2%20Faced
MYCARD 4 Green%20Tinkler
READY 0mega
PLACEAT 6 1 maecinPOL18
PING
PLACEAT 0 2 maecinPOL18
PLACEAT 8 4 maecinPOL18
PLACEAT 4 3 maecinPOL18
ABNEWDECK XenoTrigger
ABNEWDECK Suikoden2
JOINTABLE 3
GAMEREADY
MYCARD 0 Gayla
MYCARD 1 Squire%20Male
MYCARD 2 Shark%20Tooth
MYCARD 3 Prehistoric%20Feather
MYCARD 4 Mukumuku
READY 0mega
PLACEAT 0 3 maecinPOL18
PLACEAT 3 4 maecinPOL18
PING
PLACEAT 6 1 maecinPOL18
PLACEAT 2 2 maecinPOL18
PLACEAT 8 0 maecinPOL18
MYCARD 0 Prehistoric%20Feather
MYCARD 1 Shark%20Tooth
MYCARD 2 Mukumuku
MYCARD 3 Squire%20Male
MYCARD 4 Gayla
READY 0mega
PLACEAT 3 1 maecinPOL18
PLACEAT 1 3 maecinPOL18
PLACEAT 2 2 maecinPOL18
PLACEAT 7 0 maecinPOL18
MYCARD 0 Buel
MYCARD 1 Mukumuku
MYCARD 2 Shark%20Tooth
MYCARD 3 Prehistoric%20Feather
MYCARD 4 Gayla
READY 0mega
PLACEAT 6 2 maecinPOL18
PLACEAT 1 0 maecinPOL18
PLACEAT 4 1 maecinPOL18
PING
PLACEAT 8 4 maecinPOL18
PLACEAT 2 3 maecinPOL18
CHAT gg
CREATETABLE3
ABNEWDECK Anime
ABNEWDECK Anime
TABLECLOSE
JOINTABLE 4
GAMEREADY
MYCARD 0 Squire%20Male
MYCARD 1 Shark%20Tooth
MYCARD 2 Prehistoric%20Feather
MYCARD 3 Mukumuku
MYCARD 4 Gayla
READY 0mega
PLACEAT 3 1 maecinPOL18
PING
PLACEAT 1 2 maecinPOL18
PLACEAT 7 0 maecinPOL18
PLACEAT 5 3 maecinPOL18
TREASUREHUNTER
JOINTABLE 5
TABLECLOSE
QUIT 0 1
