QUERYTABLES 1
EXTRACHECK
CHAT HI
CHAT i am new
PING
JOINTABLE 7
TEAMREADY
CHAT alguien abla español
TEAMREADY
CHALLENGECHAT hi
CHALLENGECHAT hola
CHALLENGECHAT yes
TEAMREADY
TEAM_OTTPLACEAT 10
STATS 0SEPHIROTH0
TEAMGAMECHAT realy sexy
TEAM_OTTPLACEAT 2
TEAMGAMECHAT yahoo
TEAM_OTTPLACEAT 3
PING
TEAMGAMECHAT yahoo mesenger
TEAMGAMECHAT quien que
TEAM_OTTPLACEAT 4
TEAMGAMECHAT suerte
TEAMGAMECHAT jajaja
TEAMGAMECHAT yo termito de rematarlos
TEAM_OTTCARDDISCARD
TEAM_OTTPLACEAT 24
TEAMGAMECHAT jajaja
CHAT gg
CREATETABLE2 OMNITT_RANDOM 5
GAMEREADY
OTTPLACEAT 20
OTTPLACEAT 10
OTTPLACEAT 24
PING
OTTPLACEAT 23
OTTPLACEAT 22
OTTPLACEAT 21
OTTPLACEAT 5
CHAT he
CHAT si una chica teh dice i am boy no te esta diciendo que ya se va
OTTPLACEAT 13
OTTCARDDISCARD
OTTPLACEAT 17
OTTPLACEAT 11
PING
JOINTABLE 7
CHALLENGECHAT que resulto que era chico sexy
CHALLENGECHAT jajajajajaja
PM Ashfan hola
PM Ashfan que%20hay
PM Ashfan estados%20unidos
PM Ashfan y%20tu
PM Ashfan ok
CHALLENGECHAT 1 mas
CHALLENGECHAT que edad tienen
TEAMREADY
CHALLENGECHAT 23
PING
TEAM_OTTPLACEAT 7
TEAM_OTTPLACEAT 21
TEAM_OTTPLACEAT 10
PM Ashfan no%20tu%20si
PM Ashfan haaa%20que%20envidia
PM Ashfan de%20que%20se%20trata
TEAM_OTTPLACEAT 16
PM Ashfan si
PM Ashfan ooo
TEAM_OTTPLACEAT 18
CHAT gg
PM Ashfan orale
PING
CHAT ok
JOINTABLE 1
TEAMREADY
CHALLENGECHAT vamos
PM Ashfan ooo
PM Ashfan que%20mas%20que%20mas
CHAT 2 more table 1
STATS 0SEPHIROTH0
PM Ashfan aaa
PM Ashfan quien%20gana
PING
JOINTABLE 5
GAMEREADY
OTTPLACEAT 15
PM Ashfan no%20se%20--___--
OTTPLACEAT 10
PM Ashfan si
PM Ashfan gana%20cloud
PM Ashfan verdad
PM Ashfan si
OTTPLACEAT 14
OTTPLACEAT 0
PING
OTTPLACEAT 12
PM Ashfan las%20dos%20cosas
OTTPLACEAT 22
PM Ashfan e%20que%20acava
OTTPLACEAT 18
OTTPLACEAT 24
PM Ashfan nu
OTTCARDDISCARD
OTTPLACEAT 8
OTTPLACEAT 4
CHAT gg
PM Ashfan bien%20nos%20vemos
PM Ashfan bie
QUIT 0 1
QUERYTABLES 1
EXTRACHECK
CHAT HI BMX
CHAT :)
JOINTABLE 2
GAMEREADY
OTTPLACEAT 0
OTTPLACEAT 22
OTTPLACEAT 18
PING
OTTPLACEAT 5
OTTPLACEAT 11
OTTPLACEAT 6
OTTPLACEAT 9
OTTPLACEAT 24
OTTPLACEAT 4
CHAT gg
CHAT yes
CHAT :9
JOINTABLE 4
GAMEREADY
OTTPLACEAT 10
OTTPLACEAT 14
PING
OTTPLACEAT 24
OTTPLACEAT 5
OTTPLACEAT 0
OTTPLACEAT 23
OTTPLACEAT 6
OTTPLACEAT 3
OTTPLACEAT 22
PING
OTTCARDDISCARD
OTTPLACEAT 7
PING
PING
CHAT /me is away.  Reason: Idle
AWAY 1
PING
CHAT /me is back.
AWAY 0
JOINTABLE 4
GAMEREADY
STATS 0SEPHIROTH0
OTTPLACEAT 3
STATS 0SEPHIROTH0
OTTPLACEAT 4
OTTPLACEAT 19
OTTPLACEAT 10
PING
OTTPLACEAT 15
OTTPLACEAT 22
OTTPLACEAT 21
OTTPLACEAT 9
OTTPLACEAT 6
CHAT gg
PING
PING
PING
CREATETABLE2 OMNITT_RANDOM 5
GAMEREADY
OTTPLACEAT 23
OTTPLACEAT 4
OTTPLACEAT 0
PING
OTTPLACEAT 9
OTTPLACEAT 8
OTTPLACEAT 1
OTTPLACEAT 21
OTTPLACEAT 17
OTTCARDDISCARD
OTTPLACEAT 2
STATS Halfas
PING
OTTPLACEAT 11
CHAT EY
CHAT MMM
CHAT SEE YA
JOINTABLE 2
GAMEREADY
OTTPLACEAT 8
PING
OTTPLACEAT 15
OTTPLACEAT 5
OTTPLACEAT 10
OTTPLACEAT 13
OTTPLACEAT 11
OTTPLACEAT 1
OTTPLACEAT 4
PING
OTTPLACEAT 22
OTTPLACEAT 3
CHAT GG
JOINTABLE 1
PING
JOINTABLE 2
GAMEREADY
OTTPLACEAT 4
OTTPLACEAT 22
OTTPLACEAT 3
OTTPLACEAT 2
PING
OTTPLACEAT 0
OTTPLACEAT 14
OTTPLACEAT 19
OTTPLACEAT 21
OTTPLACEAT 15
PING
OTTPLACEAT 16
OTTPLACEAT 13
OTTPLACEAT 17
CHAT GG
PING
PING
STATS 0SEPHIROTH0
PING
CREATETABLE2 OMNITT_RANDOM 5
GAMEREADY
CHALLENGECHATS sexy
OTTPLACEAT 0
PING
OTTPLACEAT 9
OTTPLACEAT 10
OTTPLACEAT 24
OTTPLACEAT 16
PING
OTTPLACEAT 19
OTTPLACEAT 3
OTTPLACEAT 7
OTTPLACEAT 18
OTTCARDDISCARD
OTTPLACEAT 22
CHAT gg
QUIT 0 1
