QUERYTABLES 1
EXTRACHECK
PSTATS 101
CREATETABLE
PSTATS 101
PSTATS 101
CHANGERULE Basic Normal 0 0 0 0 0 0 1 1 0 0 0 0 0 1 0 1 0 0 0 0 0 0 0 0 0 0 0 0 0 0 0 0 0 0@@Triple%20Triad@@ XenoTrigger Suikoden2 Standard FFT FF9 FF7 CC Anime
PING
GAMEREADY
GAMEREADY
PING
TABLECLOSE
JOINTABLE 5
JOINTABLE 1
GAMEREADY
TABLECLOSE
JOINTABLE 2
JOINTABLE 3
TEAMREADY
TEAM_CHANGE
TEAM_CHANGE
TEAMCLOSE
PING
JOINTABLE 3
TEAMREADY
TEAM_OTTPLACEAT 1
TEAM_OTTPLACEAT 3
TEAM_OTTPLACEAT 23
TEAM_OTTCARDDISCARD
TEAM_OTTPLACEAT 11
PING
TEAM_OTTPLACEAT 15
JOINTABLE 1
JOINTABLE 2
TEAMREADY
TEAMCLOSE
QUIT 0 1
QUERYTABLES 1
EXTRACHECK
PSTATS 101
ABNEWDECK Standard
PING
ABNEWDECK Anime
JOINTABLE 2
SHOPGET crab-bot
SHOPGET darklumina-eye
CREATETABLE
GAMEREADY
GAMEREADY
GAMEREADY
MYCARD 0 Behemoth
MYCARD 1 Anacondaur
MYCARD 2 Elastoid
MYCARD 3 Creeps
MYCARD 4 Chimera
READY 101
PLACEAT 8 1 Wozim
PLACEAT 2 2 Wozim
PLACEAT 7 0 Wozim
PLACEAT 6 4 Wozim
PLACEAT 0 3 Wozim
CREATETABLE
CHANGERULE Basic Normal 0 0 0 0 0 0 0 0 0 0 0 0 0 0 0 0 0 0 0 0 0 0 0 0 0 0 1 0 0 0 0 0 0 0@@Triple%20Triad@@ XenoTrigger Suikoden2 Standard FFT FF9 FF7 CC Anime
CHANGERULE Open Normal 0 0 0 0 0 0 1 1 0 0 0 0 0 0 0 1 0 0 0 0 0 0 0 0 0 0 1 0 0 0 0 0 0 0@@Triple%20Triad@@ XenoTrigger Suikoden2 Standard FFT FF9 FF7 CC Anime
PING
TABLECLOSE
JOINTABLE 3
GAMEREADY
OTTPLACEAT 9
OTTPLACEAT 0
OTTPLACEAT 1
OTTPLACEAT 3
OTTPLACEAT 15
OTTPLACEAT 16
OTTPLACEAT 19
OTTPLACEAT 24
OTTPLACEAT 17
OTTPLACEAT 13
CREATETABLE
TABLECLOSE
CREATETABLE3
CHANGERULE SPHEREBREAK 30 50 15
GAMEREADY
PING
TABLECLOSE
CREATETABLE
CHANGERULE Basic Normal 0 0 0 0 0 0 0 0 0 0 0 0 0 0 0 0 0 0 0 0 0 0 0 0 0 0 0 0 0 0 0 0 0 0@@Triple%20Triad@@ Standard
PSTATS 101
PSTATS ashley-bot
TABLECLOSE
CREATETABLE2 OMNITT_RANDOM 5
TABLECLOSE
CHAT does anyone want a game?
CREATETABLE
CHANGERULE Basic Normal 0 0 0 0 0 0 1 1 0 0 0 0 0 1 0 1 0 0 0 0 0 0 0 0 0 0 0 0 0 0 0 0 0 0@@Triple%20Triad@@ XenoTrigger Suikoden2 Standard FFT FF9 FF7 CC Anime
TABLECLOSE
JOINTABLE 3
GAMEREADY
MYCARD 0 Chimera
MYCARD 1 Blood%20Soul
MYCARD 2 GIM47N
MYCARD 3 Anacondaur
MYCARD 4 PuPu
READY 101
PING
PLACEAT 7 0 MixMastA
PLACEAT 2 1 MixMastA
PLACEAT 5 2 MixMastA
PLACEAT 6 3 MixMastA
CREATETABLE  TRADE@@Trade
CLOSETABLE
CREATETABLE
CHANGERULE Basic Normal 0 0 0 0 0 0 0 0 0 0 0 0 0 0 0 0 0 0 0 0 0 0 0 0 0 0 0 0 0 0 0 0 0 0@@Triple%20Triad@@ XenoTrigger Suikoden2 Standard FFT FF9 FF7 CC Anime
GAMEREADY
MYCARD 0 Iron%20Giant
MYCARD 1 PuPu
MYCARD 2 Behemoth
MYCARD 3 Elastoid
MYCARD 4 GIM47N
READY 101
PLACEAT 3 4 warhead
PLACEAT 1 2 warhead
PLACEAT 4 3 warhead
PING
PLACEAT 7 1 warhead
TAKECARD 101 1 Wedge,%20Biggs    
JOINTABLE 1
GAMEREADY
SBREADY
SBCOMPLETE 99 2 3 99 1 8 9 10
SBFROZEN
SBFROZEN
SBFROZEN
SBFROZEN
CREATETABLE3
GAMEREADY
GAMEREADY
SBREADY
SBCOMPLETE 99 2 99 99
SBFROZEN
SBFROZEN
SBCOMPLETE 99 99 99 4 6 7
SBFROZEN
SBCOMPLETE 99 2 99 99 1 10 11 12
SBFROZEN
SBCOMPLETE 99 99 99 4 9
SBFROZEN
SBFROZEN
SBFROZEN
SBFROZEN
CREATETABLE3
GAMEREADY
PING
TABLECLOSE
CREATETABLE3
GAMEREADY
SBREADY
SBCOMPLETE 99 2 99 99 3 11 12
SBFROZEN
SBCOMPLETE 99 99 99 4 6 8 10
SBCOMPLETE 99 2 3 99 4
SBFROZEN
SBCOMPLETE 99 2 99 4 1 3
SBFROZEN
SBCOMPLETE 99 99 99 4 2 6 7 12
SBFROZEN
SBFROZEN
SBFROZEN
SBCOMPLETE 99 2 99 4 8
SBFROZEN
SBCOMPLETE 99 99 3 99 3 5
SBFROZEN
SBFROZEN
SBCOMPLETE 99 99 99 4 7 9
SBFROZEN
SBFROZEN
SBCOMPLETE 99 2 99 4 11 12
SBFROZEN
SBFROZEN
SBFROZEN
SBFROZEN
SBFROZEN
SBFROZEN
SBFROZEN
SBFROZEN
SBFROZEN
JOINTABLE 3
GAMEREADY
MYCARD 0 Wedge,%20Biggs
MYCARD 1 GIM47N
MYCARD 2 PuPu
MYCARD 3 Iron%20Giant
MYCARD 4 Elastoid
READY 101
CHAT !endgame [Game Request]
PING
PLACEAT 0 1 wawweha
PLACEAT 1 4 wawweha
PLACEAT 4 0 wawweha
PLACEAT 5 3 wawweha
QUIT 0 1
