QUERYTABLES 1
EXTRACHECK
PSTATS 181089
PING
PSTATS Omni
PSTATS 181089
PSTATS atomsplit
PSTATS LionSlayer
PSTATS 181089
PSTATS LionSlayer
PING
PSTATS 181089
PSTATS 181089
QUIT 0 1
QUERYTABLES 1
EXTRACHECK
CHAT lol
CHAT j'avais compri mdr
CHAT je sais =)
CHAT oui
JOINTABLE 5
CHALLENGECHATS oui$$
CHALLENGECHATS me suis trompé de touche lol
CHALLENGECHATS (k)
CHALLENGECHATS le mien est moche
PING
CHALLENGECHATS beycey a toi ossi =)
GAMEREADY
OTTPLACEAT 18
OTTPLACEAT 15
OTTPLACEAT 17
OTTPLACEAT 13
PING
OTTPLACEAT 10
OTTPLACEAT 9
OTTCARDDISCARD
OTTPLACEAT 3
OTTPLACEAT 2
PING
JOINTABLE 4
OTTPLACEAT 1
OTTPLACEAT 6
CHAT ^^
CHAT marci toi ossi lol
CHAT oui
QUIT 0 1
