QUERYTABLES 1
EXTRACHECK
CHPASS 1r4thief 987560 logitech2
CHAT yo whos name is grant here
PING
CHAT whyd u guess thiefcloud?
CHAT teh ugli
CHAT ugli
CHAT i dont wanna know ur name all i want is bang bang bang
CHAT yeah
CHAT hes my big bro
CHAT well yeah im on lappy
PSTATS 1r4thief
JOINTABLE 7
GAMEREADY
OTTPLACEAT 0
OTTPLACEAT 6
OTTPLACEAT 2
OTTPLACEAT 12
OTTPLACEAT 3
OTTPLACEAT 13
OTTPLACEAT 9
OTTPLACEAT 22
PING
OTTPLACEAT 24
JOINTABLE 3
GAMEREADY
MYCARD 0 Turtapod
MYCARD 1 Cockatrice
MYCARD 2 Glacial%20Eye
MYCARD 3 Iron%20Giant
MYCARD 4 Bite%20Bug
READY 1r4thief
PLACEAT 2 0 thiefcloud
PLACEAT 0 3 thiefcloud
PLACEAT 5 1 thiefcloud
PLACEAT 3 2 thiefcloud
PLACEAT 6 4 thiefcloud
JOINTABLE 3
GAMEREADY
OTTPLACEAT 17
OTTPLACEAT 11
OTTPLACEAT 6
OTTPLACEAT 10
OTTPLACEAT 8
OTTPLACEAT 0
OTTPLACEAT 3
OTTPLACEAT 19
PING
OTTCARDDISCARD
OTTPLACEAT 23
JOINTABLE 3
GAMEREADY
GAMEREADY
OTTPLACEAT 16
OTTPLACEAT 23
OTTPLACEAT 18
OTTPLACEAT 6
OTTPLACEAT 12
OTTPLACEAT 14
OTTPLACEAT 2
OTTPLACEAT 4
OTTPLACEAT 10
JOINTABLE 3
GAMEREADY
GAMEREADY
OTTPLACEAT 15
OTTPLACEAT 21
OTTPLACEAT 18
OTTPLACEAT 1
OTTPLACEAT 5
OTTPLACEAT 14
OTTPLACEAT 12
OTTPLACEAT 11
OTTPLACEAT 8
OTTPLACEAT 3
PING
JOINTABLE 3
GAMEREADY
OTTPLACEAT 0
OTTPLACEAT 5
OTTPLACEAT 11
OTTPLACEAT 15
OTTPLACEAT 13
OTTPLACEAT 8
OTTPLACEAT 21
OTTPLACEAT 23
OTTPLACEAT 17
OTTPLACEAT 3
JOINTABLE 3
GAMEREADY
OTTPLACEAT 0
OTTPLACEAT 2
OTTPLACEAT 6
OTTPLACEAT 8
OTTPLACEAT 16
OTTPLACEAT 18
OTTPLACEAT 19
OTTPLACEAT 9
OTTPLACEAT 22
OTTPLACEAT 20
JOINTABLE 3
GAMEREADY
OTTPLACEAT 0
OTTPLACEAT 11
OTTPLACEAT 15
PM blackcat hi
OTTPLACEAT 12
OTTPLACEAT 18
OTTPLACEAT 14
PING
PM blackcat k
PM blackcat 0
OTTPLACEAT 22
OTTPLACEAT 7
PM blackcat lol
OTTPLACEAT 9
PM blackcat how%20many%20dogs%20if%20a%20dog%20is%20not%20a%20dog
OTTPLACEAT 2
PM blackcat yeh
JOINTABLE 1
JOINTABLE 2
GAMEREADY
OTTPLACEAT 3
OTTPLACEAT 19
OTTPLACEAT 0
OTTPLACEAT 17
OTTPLACEAT 6
OTTPLACEAT 8
PING
OTTPLACEAT 21
OTTPLACEAT 16
PM blackcat 33
OTTPLACEAT 9
OTTPLACEAT 5
JOINTABLE 5
JOINTABLE 2
JOINTABLE 2
JOINTABLE 1
JOINTABLE 4
GAMEREADY
MYCARD 0 Tri-Face
MYCARD 1 Bite%20Bug
MYCARD 2 Iron%20Giant
MYCARD 3 Wedge,%20Biggs
MYCARD 4 Cockatrice
READY 1r4thief
PLACEAT 3 0 Andrew
PLACEAT 0 2 Andrew
PLACEAT 4 3 Andrew
PLACEAT 8 1 Andrew
PING
JOINTABLE 4
JOINTABLE 2
GAMEREADY
JOINTABLE 2
CREATETABLE2 OMNITT_RANDOM 5
PSTATS 1r4thief
TABLECLOSE
JOINTABLE 1
JOINTABLE 4
TEAM_CHANGE
CHALLENGECHAT no u smell like dog poo
TEAMREADY
TEAMREADY
TEAM_OTTPLACEAT 1
PING
TEAM_OTTPLACEAT 10
TEAM_OTTPLACEAT 15
TEAM_OTTPLACEAT 8
TEAM_OTTPLACEAT 21
CHAT booo
JOINTABLE 5
GAMEREADY
MYCARD 0 Cockatrice
MYCARD 1 Wedge,%20Biggs
MYCARD 2 Turtapod
MYCARD 3 Ochu
MYCARD 4 Tri-Face
READY 1r4thief
PLACEAT 6 1 Andrew
PING
PLACEAT 4 2 Andrew
PLACEAT 8 4 Andrew
PLACEAT 2 3 Andrew
PLACEAT 0 0 Andrew
JOINTABLE 7
JOINTABLE 5
GAMEREADY
MYCARD 0 Wedge,%20Biggs
MYCARD 1 Turtapod
MYCARD 2 Iron%20Giant
MYCARD 3 Tri-Face
MYCARD 4 Cockatrice
READY 1r4thief
GAMESURRENDER
JOINTABLE 7
CHAT by brutha
CHAT go pee your pant now
JOINTABLE 1
GAMEREADY
OTTPLACEAT 0
PING
JOINTABLE 1
JOINTABLE 1
JOINTABLE 5
GAMEREADY
MYCARD 0 Wedge,%20Biggs
MYCARD 1 Tonberry%20King
MYCARD 2 Iron%20Giant
MYCARD 3 Blitz
MYCARD 4 Turtapod
READY 1r4thief
GAMESTALEMATE
GAMESURRENDER
QUIT 0 1
QUERYTABLES 1
EXTRACHECK
JOINTABLE 9
JOINTABLE 8
GAMEREADY
GAMEREADY
GAMEREADY
TABLECLOSE
JOINTABLE 8
JOINTABLE 4
GAMEREADY
GAMEREADY
GAMEREADY
PSTATS Sephiroth89
PSTATS 1r4thief
JOINTABLE 2
TABLECLOSE
JOINTABLE 5
JOINTABLE 5
JOINTABLE 4
JOINTABLE 4
JOINTABLE 8
CREATETABLE
GAMEREADY
TABLECLOSE
PING
CREATETABLE
TABLECLOSE
JOINTABLE 1
GAMEREADY
OTTPLACEAT 0
OTTPLACEAT 14
OTTPLACEAT 19
OTTPLACEAT 15
OTTPLACEAT 9
OTTPLACEAT 7
OTTPLACEAT 12
OTTPLACEAT 18
OTTPLACEAT 16
OTTPLACEAT 21
JOINTABLE 1
GAMEREADY
GAMEREADY
MYCARD 0 Bite%20Bug
MYCARD 1 Cockatrice
MYCARD 2 Tonberry%20King
MYCARD 3 Ochu
MYCARD 4 Turtapod
READY 1r4thief
GAMESURRENDER
CHAT !endgame [Game Request]
GAMESURRENDER
GAMESURRENDER
PLACEAT 1 0 Tranvinh
PLACEAT 6 1 Tranvinh
PLACEAT 4 2 Tranvinh
PING
PLACEAT 7 3 Tranvinh
GAMECHAT Tranvinh~@*~*hey im thiefclouds bro
PM Sephiroth89 k
JOINTABLE 5
GAMEREADY
CHAT im thiefclouds
CHAT bro
GAMEREADY
MYCARD 0 Iron%20Giant
MYCARD 1 Tonberry%20King
MYCARD 2 Wedge,%20Biggs
MYCARD 3 Blitz
MYCARD 4 Turtapod
READY 1r4thief
PLACEAT 7 0 Sephiroth89
PLACEAT 0 1 Sephiroth89
PLACEAT 1 2 Sephiroth89
PLACEAT 5 3 Sephiroth89
JOINTABLE 2
TRADEEXIT
JOINTABLE 2
JOINTABLE 6
GAMEREADY
MYCARD 0 Iron%20Giant
MYCARD 1 Tonberry%20King
MYCARD 2 Wedge,%20Biggs
MYCARD 3 Tri-Face
MYCARD 4 Ochu
READY 1r4thief
GAMECHAT Tranvinh~@*~*hi
GAMECHAT Tranvinh~@*~*it thiefs bro
PLACEAT 5 0 Tranvinh
GAMECHAT Tranvinh~@*~*i lost all my muny =(
PING
PLACEAT 4 1 Tranvinh
PLACEAT 6 2 Tranvinh
PLACEAT 1 3 Tranvinh
MYCARD 0 Hells%20Cook
MYCARD 1 Iron%20Giant
MYCARD 2 Ultima%20Weapon
MYCARD 3 Lavos
MYCARD 4 Ochu
READY 1r4thief
PLACEAT 2 0 Tranvinh
GAMECHAT Tranvinh~@*~*lol
GAMECHAT Tranvinh~@*~*i noob but
PLACEAT 7 2 Tranvinh
GAMECHAT Tranvinh~@*~*my bro helping me
PLACEAT 5 3 Tranvinh
PLACEAT 3 1 Tranvinh
PLACEAT 1 4 Tranvinh
CHAT gg
CHAT again
PING
JOINTABLE 5
GAMEREADY
TABLECLOSE
PM Sephiroth89 ok
JOINTABLE 5
JOINTABLE 6
PSTATS Silky
GAMEREADY
CHALLENGECHATS hi
GAMEREADY
MYCARD 0 Iron%20Giant
MYCARD 1 Tonberry%20King
MYCARD 2 Wedge,%20Biggs
MYCARD 3 Blitz
MYCARD 4 Turtapod
READY 1r4thief
PLACEAT 0 0 Silky
PLACEAT 2 2 Silky
PLACEAT 4 1 Silky
PLACEAT 8 4 Silky
PLACEAT 6 3 Silky
TREASUREHUNTER
PING
CHAT <Treasure> You found a treasure chest full of mixed variety of gemstones! But alas no diamonds.. You earned 528GP 21:33:57
CREATETABLE2 OMNITT_RANDOM 5
TABLECLOSE
JOINTABLE 5
CREATETABLE2 OMNITT_RANDOM 5
TABLECLOSE
JOINTABLE 4
GAMEREADY
OTTPLACEAT 16
OTTPLACEAT 9
OTTPLACEAT 5
OTTPLACEAT 2
PING
OTTPLACEAT 8
OTTPLACEAT 12
OTTPLACEAT 13
OTTPLACEAT 19
OTTPLACEAT 23
CHAT gg
CHAT again
JOINTABLE 4
GAMEREADY
TABLECLOSE
JOINTABLE 6
PSTATS Chazz
GAMEREADY
OTTPLACEAT 2
OTTPLACEAT 5
OTTPLACEAT 9
OTTPLACEAT 14
OTTPLACEAT 12
OTTPLACEAT 17
OTTPLACEAT 18
OTTPLACEAT 23
OTTPLACEAT 21
CHAT gg
CREATETABLE2 OMNITT_RANDOM 5
PING
GAMEREADY
GAMEREADY
GAMEREADY
OTTPLACEAT 24
OTTPLACEAT 9
OTTPLACEAT 23
OTTPLACEAT 17
OTTPLACEAT 3
OTTPLACEAT 11
OTTPLACEAT 16
OTTPLACEAT 10
OTTPLACEAT 1
OTTPLACEAT 6
CREATETABLE2 OMNITT_RANDOM 5
CHAT gg
GAMEREADY
TABLECLOSE
JOINTABLE 7
CREATETABLE4
PING
TEAMREADY
TEAMREADY
TEAMCLOSE
JOINTABLE 5
GAMEREADY
OTTPLACEAT 7
QUERYTABLES 1
EXTRACHECK
JOINTABLE 5
JOINTABLE 4
JOINTABLE 2
JOINTABLE 2
JOINTABLE 4
JOINTABLE 8
TABLECLOSE
ABNEWDECK Anime
PING
CREATETABLE2 OMNITT_RANDOM 5
GAMEREADY
OTTPLACEAT 0
OTTPLACEAT 23
OTTPLACEAT 18
OTTPLACEAT 3
OTTPLACEAT 2
OTTPLACEAT 15
OTTPLACEAT 17
OTTPLACEAT 12
OTTPLACEAT 13
OTTPLACEAT 7
CREATETABLE2 OMNITT_RANDOM 5
GAMEREADY
OTTPLACEAT 3
OTTPLACEAT 0
OTTPLACEAT 14
OTTPLACEAT 24
OTTPLACEAT 17
OTTPLACEAT 22
OTTPLACEAT 11
OTTPLACEAT 5
OTTPLACEAT 16
OTTPLACEAT 20
JOINTABLE 2
GAMEREADY
CHALLENGECHATS k
TABLECLOSE
PING
JOINTABLE 3
GAMEREADY
PSTATS snake89
OTTPLACEAT 9
OTTPLACEAT 3
OTTPLACEAT 1
OTTPLACEAT 7
OTTPLACEAT 13
OTTPLACEAT 11
CHAT !endgame [Game Request]
PING
GAMESTALEMATE
OTTPLACEAT 17
OTTPLACEAT 22
GAMESURRENDER
GAMESURRENDER
OTTPLACEAT 15
OTTPLACEAT 6
CREATETABLE2 OMNITT_RANDOM 5
PSTATS Avion
TABLECLOSE
JOINTABLE 11
JOINTABLE 11
PING
TABLECLOSE
JOINTABLE 9
TABLECLOSE
JOINTABLE 10
GAMEREADY
GAMEREADY
OTTPLACEAT 4
OTTPLACEAT 1
OTTPLACEAT 3
OTTPLACEAT 20
OTTPLACEAT 22
OTTPLACEAT 24
OTTPLACEAT 7
OTTPLACEAT 6
OTTPLACEAT 18
OTTPLACEAT 13
JOINTABLE 4
GAMEREADY
OTTPLACEAT 3
OTTPLACEAT 14
OTTPLACEAT 13
OTTPLACEAT 24
OTTPLACEAT 12
OTTPLACEAT 6
OTTPLACEAT 10
PING
OTTPLACEAT 0
OTTPLACEAT 16
JOINTABLE 7
PSTATS snake89
GAMEREADY
OTTPLACEAT 23
OTTPLACEAT 19
OTTPLACEAT 22
OTTPLACEAT 13
OTTPLACEAT 3
OTTPLACEAT 8
OTTPLACEAT 0
OTTPLACEAT 7
PING
OTTPLACEAT 11
OTTPLACEAT 15
JOINTABLE 6
GAMEREADY
TABLECLOSE
CREATETABLE4
TEAMREADY
CHALLENGECHAT hi
CHAT 1 more person
TEAM_CHANGE
TEAMCLOSE
JOINTABLE 3
TEAMREADY
CHALLENGECHAT =)
TEAM_OTTPLACEAT 3
PING
TEAM_OTTPLACEAT 7
TEAM_OTTPLACEAT 13
TEAM_OTTPLACEAT 0
TEAM_OTTPLACEAT 21
JOINTABLE 2
TEAMREADY
JOINTABLE 2
JOINTABLE 2
JOINTABLE 3
GAMEREADY
OTTPLACEAT 2
OTTPLACEAT 5
OTTPLACEAT 9
OTTPLACEAT 10
PING
OTTPLACEAT 12
QUIT 0 1
CHAT !endgame [Game Request]
GAMESURRENDER
OTTPLACEAT 16
OTTPLACEAT 17
OTTPLACEAT 18
OTTPLACEAT 13
OTTPLACEAT 19
JOINTABLE 2
TEAMREADY
TEAM_OTTPLACEAT 9
TEAM_OTTPLACEAT 16
PING
TEAM_OTTPLACEAT 11
TEAMGAMECHAT woot woot
TEAM_OTTPLACEAT 10
TEAM_OTTPLACEAT 23
CHAT gg
CHAT lol
JOINTABLE 2
TEAM_CHANGE
TEAMCLOSE
JOINTABLE 2
JOINTABLE 2
JOINTABLE 2
JOINTABLE 4
GAMEREADY
OTTPLACEAT 8
OTTPLACEAT 12
OTTPLACEAT 9
OTTPLACEAT 4
OTTPLACEAT 19
OTTPLACEAT 17
OTTPLACEAT 21
PING
OTTPLACEAT 15
OTTPLACEAT 0
JOINTABLE 1
PSTATS Garve
TABLECLOSE
JOINTABLE 5
GAMEREADY
OTTPLACEAT 21
OTTPLACEAT 3
OTTPLACEAT 1
OTTPLACEAT 5
OTTPLACEAT 11
OTTPLACEAT 12
OTTPLACEAT 15
OTTPLACEAT 18
OTTPLACEAT 24
TREASUREHUNTER
PING
JOINTABLE 1
JOINTABLE 1
JOINTABLE 2
GAMEREADY
TABLECLOSE
OTTPLACEAT 1
OTTPLACEAT 5
QUIT 0 1
OTTPLACEAT 11
OTTPLACEAT 8
OTTPLACEAT 18
OTTPLACEAT 4
OTTPLACEAT 19
OTTPLACEAT 22
OTTPLACEAT 24
JOINTABLE 1
TEAMCLOSE
QUIT 0 1
QUERYTABLES 1
EXTRACHECK
CREATETABLE2 OMNITT_RANDOM 5
GAMEREADY
OTTPLACEAT 1
OTTPLACEAT 23
OTTPLACEAT 11
OTTPLACEAT 21
OTTPLACEAT 24
OTTPLACEAT 9
OTTPLACEAT 13
OTTPLACEAT 7
OTTPLACEAT 5
OTTPLACEAT 15
CREATETABLE2 OMNITT_RANDOM 5
GAMEREADY
OTTPLACEAT 14
OTTPLACEAT 8
OTTPLACEAT 2
OTTPLACEAT 6
OTTPLACEAT 12
OTTPLACEAT 0
PING
OTTPLACEAT 10
OTTPLACEAT 17
OTTPLACEAT 21
OTTPLACEAT 20
CREATETABLE2 OMNITT_RANDOM 5
TABLECLOSE
JOINTABLE 1
GAMEREADY
OTTPLACEAT 3
OTTPLACEAT 16
OTTPLACEAT 20
OTTPLACEAT 22
OTTPLACEAT 10
OTTPLACEAT 6
OTTPLACEAT 2
OTTPLACEAT 18
OTTPLACEAT 13
OTTPLACEAT 14
JOINTABLE 2
GAMEREADY
OTTPLACEAT 3
OTTPLACEAT 4
OTTPLACEAT 10
OTTPLACEAT 15
OTTPLACEAT 8
OTTPLACEAT 12
OTTPLACEAT 14
OTTPLACEAT 18
PING
OTTPLACEAT 22
OTTPLACEAT 24
CHAT gg
CREATETABLE2 OMNITT_RANDOM 5
GAMEREADY
OTTPLACEAT 0
OTTPLACEAT 7
OTTPLACEAT 8
OTTPLACEAT 14
OTTPLACEAT 12
OTTPLACEAT 10
OTTPLACEAT 18
OTTPLACEAT 16
OTTPLACEAT 19
OTTPLACEAT 22
JOINTABLE 1
GAMEREADY
CHALLENGECHATS k
GAMEREADY
OTTPLACEAT 14
OTTPLACEAT 2
OTTPLACEAT 8
OTTPLACEAT 6
OTTPLACEAT 17
OTTPLACEAT 11
OTTPLACEAT 16
OTTPLACEAT 20
OTTPLACEAT 22
OTTPLACEAT 24
JOINTABLE 1
GAMEREADY
OTTPLACEAT 0
OTTPLACEAT 23
OTTPLACEAT 21
OTTPLACEAT 13
OTTPLACEAT 19
OTTPLACEAT 9
OTTPLACEAT 11
OTTPLACEAT 15
OTTPLACEAT 7
OTTPLACEAT 4
PING
JOINTABLE 1
GAMEREADY
OTTPLACEAT 22
OTTPLACEAT 23
OTTPLACEAT 18
OTTPLACEAT 12
OTTPLACEAT 20
OTTPLACEAT 10
OTTPLACEAT 14
OTTPLACEAT 8
OTTPLACEAT 2
OTTPLACEAT 24
JOINTABLE 1
GAMEREADY
OTTPLACEAT 3
OTTPLACEAT 13
OTTPLACEAT 17
OTTPLACEAT 10
OTTPLACEAT 6
OTTPLACEAT 21
OTTPLACEAT 23
OTTPLACEAT 5
OTTPLACEAT 9
OTTPLACEAT 0
JOINTABLE 1
GAMEREADY
OTTPLACEAT 3
OTTPLACEAT 14
OTTPLACEAT 18
OTTPLACEAT 12
OTTPLACEAT 2
OTTPLACEAT 6
OTTPLACEAT 10
OTTPLACEAT 22
OTTPLACEAT 20
OTTPLACEAT 24
CREATETABLE2 OMNITT_RANDOM 5
GAMEREADY
OTTPLACEAT 8
OTTPLACEAT 18
OTTPLACEAT 2
OTTPLACEAT 19
OTTPLACEAT 22
OTTPLACEAT 16
OTTPLACEAT 15
OTTPLACEAT 11
OTTPLACEAT 1
OTTPLACEAT 5
CHAT gg
JOINTABLE 1
GAMEREADY
OTTPLACEAT 4
PING
OTTPLACEAT 14
OTTPLACEAT 13
OTTPLACEAT 24
OTTPLACEAT 16
OTTPLACEAT 22
OTTPLACEAT 11
OTTPLACEAT 7
OTTPLACEAT 5
OTTPLACEAT 1
JOINTABLE 3
GAMEREADY
OTTPLACEAT 4
OTTPLACEAT 19
OTTPLACEAT 13
OTTPLACEAT 23
OTTPLACEAT 0
OTTPLACEAT 16
OTTPLACEAT 7
OTTPLACEAT 20
OTTPLACEAT 1
OTTPLACEAT 15
JOINTABLE 1
GAMEREADY
OTTPLACEAT 23
OTTPLACEAT 19
OTTPLACEAT 12
OTTPLACEAT 14
OTTPLACEAT 7
OTTPLACEAT 4
OTTPLACEAT 2
OTTPLACEAT 1
OTTPLACEAT 21
OTTPLACEAT 15
CREATETABLE2 OMNITT_RANDOM 5
GAMEREADY
OTTPLACEAT 24
OTTPLACEAT 18
OTTPLACEAT 17
OTTPLACEAT 16
OTTPLACEAT 7
OTTPLACEAT 8
OTTPLACEAT 4
OTTPLACEAT 1
OTTPLACEAT 5
OTTPLACEAT 20
JOINTABLE 1
GAMEREADY
OTTPLACEAT 8
OTTPLACEAT 3
OTTPLACEAT 12
OTTPLACEAT 1
OTTPLACEAT 5
OTTPLACEAT 15
OTTPLACEAT 21
PING
OTTPLACEAT 17
OTTPLACEAT 23
OTTPLACEAT 19
CREATETABLE2 OMNITT_RANDOM 5
GAMEREADY
OTTPLACEAT 19
OTTPLACEAT 13
OTTPLACEAT 8
OTTPLACEAT 22
OTTPLACEAT 3
OTTPLACEAT 1
OTTPLACEAT 5
OTTPLACEAT 11
OTTPLACEAT 10
OTTPLACEAT 20
JOINTABLE 1
GAMEREADY
OTTPLACEAT 4
OTTPLACEAT 8
OTTPLACEAT 15
OTTPLACEAT 5
OTTPLACEAT 10
OTTPLACEAT 12
OTTPLACEAT 6
OTTPLACEAT 18
OTTPLACEAT 24
OTTPLACEAT 2
JOINTABLE 1
GAMEREADY
OTTPLACEAT 4
OTTPLACEAT 14
OTTPLACEAT 24
OTTPLACEAT 23
OTTPLACEAT 22
OTTPLACEAT 16
OTTPLACEAT 12
OTTPLACEAT 2
OTTPLACEAT 1
OTTPLACEAT 5
JOINTABLE 1
GAMEREADY
OTTPLACEAT 9
OTTPLACEAT 19
OTTPLACEAT 6
OTTPLACEAT 18
OTTPLACEAT 11
OTTPLACEAT 15
OTTPLACEAT 16
OTTPLACEAT 12
OTTPLACEAT 8
OTTPLACEAT 2
PING
CREATETABLE2 OMNITT_RANDOM 5
GAMEREADY
OTTPLACEAT 1
OTTPLACEAT 3
OTTPLACEAT 9
OTTPLACEAT 12
OTTPLACEAT 19
OTTPLACEAT 17
OTTPLACEAT 18
OTTPLACEAT 15
OTTPLACEAT 22
OTTPLACEAT 20
JOINTABLE 2
GAMEREADY
OTTPLACEAT 5
OTTPLACEAT 1
OTTPLACEAT 3
OTTPLACEAT 12
OTTPLACEAT 21
OTTPLACEAT 13
OTTPLACEAT 18
OTTPLACEAT 9
OTTPLACEAT 19
OTTPLACEAT 24
CREATETABLE2 OMNITT_RANDOM 5
TABLECLOSE
CREATETABLE2 OMNITT_RANDOM 5
TABLECLOSE
JOINTABLE 1
GAMEREADY
OTTPLACEAT 4
OTTPLACEAT 18
OTTPLACEAT 22
OTTPLACEAT 20
OTTPLACEAT 16
OTTPLACEAT 11
OTTPLACEAT 8
OTTPLACEAT 7
OTTPLACEAT 1
OTTPLACEAT 5
JOINTABLE 1
GAMEREADY
OTTPLACEAT 2
OTTPLACEAT 6
OTTPLACEAT 10
OTTPLACEAT 12
OTTPLACEAT 15
OTTPLACEAT 20
OTTPLACEAT 23
OTTPLACEAT 18
OTTPLACEAT 9
OTTPLACEAT 19
PING
CREATETABLE2 OMNITT_RANDOM 5
GAMEREADY
OTTPLACEAT 2
OTTPLACEAT 5
OTTPLACEAT 6
OTTPLACEAT 8
OTTPLACEAT 24
OTTPLACEAT 15
OTTPLACEAT 20
OTTPLACEAT 13
OTTPLACEAT 18
OTTPLACEAT 22
JOINTABLE 1
GAMEREADY
OTTPLACEAT 22
OTTPLACEAT 17
OTTPLACEAT 18
OTTPLACEAT 14
OTTPLACEAT 9
OTTPLACEAT 4
OTTPLACEAT 20
OTTPLACEAT 10
OTTPLACEAT 6
OTTPLACEAT 1
JOINTABLE 1
GAMEREADY
OTTPLACEAT 3
OTTPLACEAT 5
OTTPLACEAT 8
OTTPLACEAT 11
OTTPLACEAT 13
OTTPLACEAT 9
OTTPLACEAT 16
OTTPLACEAT 21
OTTPLACEAT 19
OTTPLACEAT 23
CHAT gg
JOINTABLE 1
GAMEREADY
OTTPLACEAT 4
OTTPLACEAT 14
OTTPLACEAT 13
OTTPLACEAT 24
OTTPLACEAT 17
OTTPLACEAT 11
OTTPLACEAT 15
OTTPLACEAT 20
OTTPLACEAT 0
OTTPLACEAT 2
TREASUREHUNTER
PING
CREATETABLE2 OMNITT_RANDOM 5
TABLECLOSE
JOINTABLE 4
GAMEREADY
OTTPLACEAT 4
OTTPLACEAT 8
OTTPLACEAT 3
OTTPLACEAT 17
OTTPLACEAT 19
OTTPLACEAT 23
OTTPLACEAT 16
OTTPLACEAT 20
OTTPLACEAT 15
OTTPLACEAT 5
CREATETABLE2 OMNITT_RANDOM 5
TABLECLOSE
JOINTABLE 4
GAMEREADY
OTTPLACEAT 19
OTTPLACEAT 23
OTTPLACEAT 24
OTTPLACEAT 9
OTTPLACEAT 21
OTTPLACEAT 15
OTTPLACEAT 11
OTTPLACEAT 3
OTTPLACEAT 1
OTTPLACEAT 0
CREATETABLE2 OMNITT_RANDOM 5
GAMEREADY
GAMEREADY
OTTPLACEAT 10
OTTPLACEAT 7
OTTPLACEAT 20
OTTPLACEAT 9
OTTPLACEAT 14
OTTPLACEAT 3
OTTPLACEAT 22
OTTPLACEAT 1
OTTPLACEAT 24
OTTPLACEAT 23
CREATETABLE2 OMNITT_RANDOM 5
GAMEREADY
OTTPLACEAT 0
OTTPLACEAT 7
OTTPLACEAT 4
OTTPLACEAT 2
OTTPLACEAT 13
OTTPLACEAT 17
OTTPLACEAT 15
OTTPLACEAT 20
OTTPLACEAT 23
OTTPLACEAT 22
PING
CREATETABLE2 OMNITT_RANDOM 5
GAMEREADY
OTTPLACEAT 4
OTTPLACEAT 18
OTTPLACEAT 22
OTTPLACEAT 14
OTTPLACEAT 12
OTTPLACEAT 16
OTTPLACEAT 9
OTTPLACEAT 8
OTTPLACEAT 6
OTTPLACEAT 0
CREATETABLE2 OMNITT_RANDOM 5
GAMEREADY
OTTPLACEAT 4
OTTPLACEAT 19
OTTPLACEAT 18
OTTPLACEAT 23
OTTPLACEAT 7
OTTPLACEAT 22
OTTPLACEAT 11
OTTPLACEAT 15
OTTPLACEAT 5
OTTPLACEAT 20
CREATETABLE2 OMNITT_RANDOM 5
GAMEREADY
GAMEREADY
OTTPLACEAT 14
OTTPLACEAT 4
OTTPLACEAT 12
OTTPLACEAT 22
OTTPLACEAT 23
OTTPLACEAT 16
OTTPLACEAT 20
OTTPLACEAT 10
OTTPLACEAT 1
OTTPLACEAT 2
CREATETABLE2 OMNITT_RANDOM 5
TABLECLOSE
TREASUREHUNTER
TREASUREHUNTER
PING
CREATETABLE2 OMNITT_RANDOM 5
GAMEREADY
TABLECLOSE
CREATETABLE2 OMNITT_RANDOM 5
GAMEREADY
OTTPLACEAT 4
OTTPLACEAT 8
OTTPLACEAT 12
OTTPLACEAT 13
OTTPLACEAT 6
OTTPLACEAT 14
OTTPLACEAT 5
OTTPLACEAT 15
OTTPLACEAT 22
OTTPLACEAT 21
CREATETABLE2 OMNITT_RANDOM 5
GAMEREADY
OTTPLACEAT 4
OTTPLACEAT 14
CHAT !endgame [Game Request]
PING
CHAT hurry
OTTPLACEAT 2
OTTPLACEAT 8
OTTPLACEAT 12
OTTPLACEAT 18
OTTPLACEAT 11
OTTPLACEAT 16
OTTPLACEAT 15
OTTPLACEAT 23
JOINTABLE 2
GAMEREADY
OTTPLACEAT 4
OTTPLACEAT 6
OTTPLACEAT 7
OTTPLACEAT 16
OTTPLACEAT 2
OTTPLACEAT 8
OTTPLACEAT 17
OTTPLACEAT 20
PING
OTTPLACEAT 18
OTTPLACEAT 19
CREATETABLE2 OMNITT_RANDOM 5
TABLECLOSE
JOINTABLE 1
PSTATS BahamutNeon
TABLECLOSE
CREATETABLE2 OMNITT_RANDOM 5
TABLECLOSE
CHAT i gtg cya
QUIT 0 1
QUERYTABLES 1
EXTRACHECK
CREATETABLE2 OMNITT_RANDOM 5
CHAT some one vsme
GAMEREADY
OTTPLACEAT 4
OTTPLACEAT 8
OTTPLACEAT 2
OTTPLACEAT 1
OTTPLACEAT 13
OTTPLACEAT 11
OTTPLACEAT 5
OTTPLACEAT 18
OTTPLACEAT 23
OTTPLACEAT 15
CREATETABLE2 OMNITT_RANDOM 5
GAMEREADY
OTTPLACEAT 3
OTTPLACEAT 6
OTTPLACEAT 10
OTTPLACEAT 4
OTTPLACEAT 12
OTTPLACEAT 15
PING
OTTPLACEAT 21
OTTPLACEAT 22
OTTPLACEAT 18
OTTPLACEAT 24
JOINTABLE 1
TABLECLOSE
CREATETABLE2 OMNITT_RANDOM 5
GAMEREADY
OTTPLACEAT 4
OTTPLACEAT 8
OTTPLACEAT 14
OTTPLACEAT 13
OTTPLACEAT 1
OTTPLACEAT 11
OTTPLACEAT 23
OTTPLACEAT 17
OTTPLACEAT 22
OTTPLACEAT 15
JOINTABLE 2
GAMEREADY
OTTPLACEAT 9
OTTPLACEAT 3
OTTPLACEAT 24
OTTPLACEAT 12
OTTPLACEAT 7
OTTPLACEAT 16
OTTPLACEAT 1
OTTPLACEAT 5
OTTPLACEAT 10
OTTPLACEAT 20
CREATETABLE2 OMNITT_RANDOM 5
GAMEREADY
TABLECLOSE
OTTPLACEAT 4
OTTPLACEAT 2
OTTPLACEAT 8
OTTPLACEAT 14
OTTPLACEAT 21
OTTPLACEAT 15
OTTPLACEAT 17
OTTPLACEAT 10
OTTPLACEAT 11
OTTPLACEAT 23
QUIT 0 1
QUERYTABLES 1
EXTRACHECK
PING
JOINTABLE 2
CREATETABLE2 OMNITT_RANDOM 5
CHAT hi tranvinh
CHAT it thiefs bro
TABLECLOSE
CHAT lol
CHAT what aprentice
JOINTABLE 5
GAMEREADY
OTTPLACEAT 4
CHAT ohh
OTTPLACEAT 8
OTTPLACEAT 24
OTTPLACEAT 7
OTTPLACEAT 22
OTTPLACEAT 0
OTTPLACEAT 6
OTTPLACEAT 16
OTTPLACEAT 10
OTTPLACEAT 17
JOINTABLE 2
GAMEREADY
OTTPLACEAT 7
OTTPLACEAT 21
OTTPLACEAT 16
OTTPLACEAT 10
OTTPLACEAT 0
PING
OTTPLACEAT 3
OTTPLACEAT 13
OTTPLACEAT 23
OTTPLACEAT 19
OTTPLACEAT 1
JOINTABLE 4
TEAM_CHANGE
TEAMCLOSE
CHAT tranvinh wanna vsme
CREATETABLE2 OMNITT_RANDOM 5
TABLECLOSE
PING
CREATETABLE2 OMNITT_RANDOM 5
GAMEREADY
OTTPLACEAT 19
OTTPLACEAT 8
OTTPLACEAT 13
OTTPLACEAT 23
OTTPLACEAT 21
OTTPLACEAT 4
OTTPLACEAT 2
OTTPLACEAT 6
OTTPLACEAT 5
OTTPLACEAT 10
JOINTABLE 2
TABLECLOSE
CREATETABLE2 OMNITT_RANDOM 5
GAMEREADY
OTTPLACEAT 5
OTTPLACEAT 21
OTTPLACEAT 1
PING
OTTPLACEAT 19
OTTPLACEAT 23
OTTPLACEAT 17
OTTPLACEAT 12
OTTPLACEAT 9
OTTPLACEAT 11
OTTPLACEAT 6
CREATETABLE2 OMNITT_RANDOM 5
GAMEREADY
TABLECLOSE
JOINTABLE 2
TABLECLOSE
CREATETABLE2 OMNITT_RANDOM 5
GAMEREADY
PING
OTTPLACEAT 4
OTTPLACEAT 9
OTTPLACEAT 21
OTTPLACEAT 23
OTTPLACEAT 18
OTTPLACEAT 15
OTTPLACEAT 11
OTTPLACEAT 6
OTTPLACEAT 12
OTTPLACEAT 7
CREATETABLE2 OMNITT_RANDOM 5
GAMEREADY
OTTPLACEAT 24
OTTPLACEAT 19
OTTPLACEAT 18
OTTPLACEAT 1
OTTPLACEAT 12
OTTPLACEAT 13
OTTPLACEAT 10
PING
OTTPLACEAT 7
OTTPLACEAT 20
OTTPLACEAT 2
CREATETABLE2 OMNITT_RANDOM 5
GAMEREADY
TABLECLOSE
CREATETABLE2 OMNITT_RANDOM 5
GAMEREADY
CHAT sum1 vs me
TABLECLOSE
JOINTABLE 2
TABLECLOSE
CREATETABLE2 OMNITT_RANDOM 5
GAMEREADY
CHAT sum1 join
PING
TABLECLOSE
CREATETABLE2 OMNITT_RANDOM 5
TABLECLOSE
CREATETABLE2 OMNITT_RANDOM 5
GAMEREADY
TABLECLOSE
CREATETABLE2 OMNITT_RANDOM 5
TABLECLOSE
CREATETABLE4
TEAM_CHANGE
TEAM_CHANGE
TEAM_CHANGERULE 1
TEAM_CHANGERULE 1
TEAM_CHANGERULE 1
TEAM_CHANGERULE 1
TEAM_CHANGERULE 1
TEAM_CHANGERULE 1
TEAM_CHANGERULE 1
TEAM_CHANGERULE 1
TEAMCLOSE
CREATETABLE2 OMNITT_RANDOM 5
GAMEREADY
CHAT vs me sum1
PING
TABLECLOSE
CREATETABLE2 OMNITT_RANDOM 5
TABLECLOSE
CREATETABLE
TABLECLOSE
JOINTABLE 2
GAMEREADY
MYCARD 0 Iron%20Giant
MYCARD 1 Tonberry%20King
MYCARD 2 Blitz
MYCARD 3 Turtapod
MYCARD 4 Glacial%20Eye
READY 1r4thief
PLACEAT 5 0 Jornev
PLACEAT 4 4 Jornev
PLACEAT 7 1 Jornev
QUERYTABLES 1
EXTRACHECK
JOINTABLE 2
GAMEREADY
OTTPLACEAT 17
OTTPLACEAT 23
OTTPLACEAT 16
OTTPLACEAT 14
OTTPLACEAT 8
OTTPLACEAT 7
OTTPLACEAT 20
OTTPLACEAT 10
OTTPLACEAT 3
OTTPLACEAT 6
PING
CREATETABLE2 OMNITT_RANDOM 5
GAMEREADY
OTTPLACEAT 4
OTTPLACEAT 10
OTTPLACEAT 19
OTTPLACEAT 18
OTTPLACEAT 13
OTTPLACEAT 8
OTTPLACEAT 1
OTTPLACEAT 12
OTTPLACEAT 20
OTTPLACEAT 16
CREATETABLE2 OMNITT_RANDOM 5
TABLECLOSE
JOINTABLE 5
TABLECLOSE
CREATETABLE2 OMNITT_RANDOM 5
GAMEREADY
OTTPLACEAT 6
OTTPLACEAT 20
OTTPLACEAT 22
OTTPLACEAT 23
OTTPLACEAT 18
OTTPLACEAT 19
OTTPLACEAT 8
OTTPLACEAT 4
OTTPLACEAT 2
OTTPLACEAT 0
JOINTABLE 4
CREATETABLE2 OMNITT_RANDOM 5
PING
GAMEREADY
OTTPLACEAT 0
OTTPLACEAT 13
OTTPLACEAT 10
OTTPLACEAT 20
OTTPLACEAT 3
OTTPLACEAT 16
OTTPLACEAT 7
OTTPLACEAT 17
OTTPLACEAT 18
OTTPLACEAT 23
JOINTABLE 1
GAMEREADY
TABLECLOSE
OTTPLACEAT 4
OTTPLACEAT 0
OTTPLACEAT 2
PING
CHAT !endgame [Game Request]
GAMESURRENDER
TREASUREHUNTER
JOINTABLE 1
GAMEREADY
MEMORYSLOT 23 1
MEMORYSLOT 1 2
MEMORYSLOT 16 1
MEMORYSLOT 13 2
MEMORYSLOT 14 1
MEMORYSLOT 16 2
MEMORYSLOT 5 1
MEMORYSLOT 18 2
MEMORYSLOT 15 1
MEMORYSLOT 12 2
MEMORYSLOT 8 1
MEMORYSLOT 13 2
CHAT !endgame [Game Request]
CREATETABLE MEMORY
PING
GAMEREADY
MEMORYSLOT 0 1
MEMORYSLOT 5 2
MEMORYSLOT 17 1
MEMORYSLOT 15 2
MEMORYSLOT 16 1
MEMORYSLOT 8 2
MEMORYSLOT 3 1
MEMORYSLOT 23 2
MEMORYSLOT 9 1
MEMORYSLOT 18 2
MEMORYSLOT 18 1
MEMORYSLOT 20 2
MEMORYSLOT 11 1
MEMORYSLOT 12 2
MEMORYSLOT 1 1
MEMORYSLOT 10 2
MEMORYSLOT 10 1
MEMORYSLOT 6 2
MEMORYSLOT 4 1
MEMORYSLOT 21 2
CREATETABLE MEMORY
GAMEREADY
MEMORYSLOT 18 1
MEMORYSLOT 0 2
MEMORYSLOT 18 1
MEMORYSLOT 9 2
MEMORYSLOT 5 1
MEMORYSLOT 8 2
MEMORYSLOT 10 1
MEMORYSLOT 14 2
MEMORYSLOT 9 1
MEMORYSLOT 1 2
MEMORYSLOT 2 1
MEMORYSLOT 16 2
MEMORYSLOT 10 1
MEMORYSLOT 11 2
MEMORYSLOT 11 1
MEMORYSLOT 13 2
MEMORYSLOT 22 1
MEMORYSLOT 20 2
MEMORYSLOT 19 1
MEMORYSLOT 14 2
MEMORYSLOT 3 1
MEMORYSLOT 8 2
MEMORYSLOT 4 1
MEMORYSLOT 7 2
CREATETABLE MEMORY
GAMEREADY
MEMORYSLOT 0 1
MEMORYSLOT 8 2
MEMORYSLOT 0 1
MEMORYSLOT 18 2
MEMORYSLOT 0 1
MEMORYSLOT 23 2
PING
MEMORYSLOT 5 1
MEMORYSLOT 2 2
MEMORYSLOT 4 1
MEMORYSLOT 12 2
MEMORYSLOT 7 1
MEMORYSLOT 5 2
MEMORYSLOT 7 1
MEMORYSLOT 22 2
MEMORYSLOT 23 1
MEMORYSLOT 17 2
MEMORYSLOT 22 1
MEMORYSLOT 20 2
CREATETABLE MEMORY
GAMEREADY
CHAT /me is away.  Reason: Idle
AWAY 1
MEMORYSLOT 0 1
MEMORYSLOT 5 2
MEMORYSLOT 12 1
MEMORYSLOT 5 2
MEMORYSLOT 23 1
MEMORYSLOT 14 2
MEMORYSLOT 6 1
MEMORYSLOT 13 2
MEMORYSLOT 7 1
MEMORYSLOT 8 2
MEMORYSLOT 8 1
MEMORYSLOT 0 2
MEMORYSLOT 10 1
MEMORYSLOT 18 2
MEMORYSLOT 0 1
MEMORYSLOT 16 2
MEMORYSLOT 22 1
MEMORYSLOT 20 2
MEMORYSLOT 21 1
MEMORYSLOT 2 2
MEMORYSLOT 17 1
MEMORYSLOT 22 2
MEMORYSLOT 4 1
MEMORYSLOT 23 2
MEMORYSLOT 9 1
MEMORYSLOT 2 2
CREATETABLE MEMORY
GAMEREADY
MEMORYSLOT 23 1
MEMORYSLOT 18 2
MEMORYSLOT 0 1
PING
MEMORYSLOT 5 2
MEMORYSLOT 5 1
MEMORYSLOT 11 2
MEMORYSLOT 2 1
MEMORYSLOT 17 2
MEMORYSLOT 20 1
MEMORYSLOT 13 2
MEMORYSLOT 19 1
MEMORYSLOT 14 2
MEMORYSLOT 1 1
MEMORYSLOT 8 2
MEMORYSLOT 22 1
MEMORYSLOT 16 2
CREATETABLE MEMORY
CREATETABLE  TRADE@@Trade
CLOSETABLE
CREATETABLE4
TEAMCLOSE
TABLECLOSE
CREATETABLE2 OMNITT_RANDOM 5
TABLECLOSE
CREATETABLE MEMORY
GAMEREADY
MEMORYSLOT 5 1
MEMORYSLOT 21 2
MEMORYSLOT 7 1
MEMORYSLOT 10 2
MEMORYSLOT 22 1
MEMORYSLOT 9 2
PING
MEMORYSLOT 22 1
MEMORYSLOT 8 2
MEMORYSLOT 18 1
MEMORYSLOT 6 2
MEMORYSLOT 21 1
MEMORYSLOT 22 2
MEMORYSLOT 20 1
MEMORYSLOT 4 2
MEMORYSLOT 17 1
MEMORYSLOT 0 2
MEMORYSLOT 9 1
MEMORYSLOT 15 2
MEMORYSLOT 12 1
MEMORYSLOT 1 2
MEMORYSLOT 16 1
MEMORYSLOT 14 2
MEMORYSLOT 20 1
MEMORYSLOT 19 2
CHAT /me is back.
AWAY 0
JOINTABLE 1
GAMEREADY
TABLECLOSE
CREATETABLE MEMORY
GAMEREADY
TABLECLOSE
JOINTABLE 3
TABLECLOSE
CREATETABLE MEMORY
GAMEREADY
TABLECLOSE
CREATETABLE MEMORY
TABLECLOSE
PING
CREATETABLE MEMORY
GAMEREADY
GAMEREADY
TABLECLOSE
CREATETABLE2 OMNITT_RANDOM 5
GAMEREADY
TABLECLOSE
JOINTABLE 3
CHALLENGECHATS oi can u take of the cards thing
TABLECLOSE
CREATETABLE2 OMNITT_RANDOM 5
TABLECLOSE
JOINTABLE 1
GAMEREADY
PING
OTTPLACEAT 5
OTTPLACEAT 9
OTTPLACEAT 10
OTTPLACEAT 7
OTTPLACEAT 12
OTTPLACEAT 13
OTTPLACEAT 21
OTTPLACEAT 19
OTTPLACEAT 16
OTTPLACEAT 23
JOINTABLE 3
QUERYTABLES 1
EXTRACHECK
JOINTABLE 1
TABLECLOSE
CREATETABLE MEMORY
PING
GAMEREADY
TABLECLOSE
CREATETABLE2 OMNITT_RANDOM 5
GAMEREADY
GAMEREADY
GAMEREADY
TABLECLOSE
CREATETABLE2 OMNITT_RANDOM 5
GAMEREADY
GAMEREADY
GAMEREADY
TABLECLOSE
JOINTABLE 1
GAMEREADY
OTTPLACEAT 9
OTTPLACEAT 13
OTTPLACEAT 18
OTTPLACEAT 7
OTTPLACEAT 21
OTTPLACEAT 16
OTTPLACEAT 23
OTTPLACEAT 11
OTTPLACEAT 1
CREATETABLE2 OMNITT_RANDOM 5
TABLECLOSE
CREATETABLE
TABLECLOSE
PING
JOINTABLE 1
TABLECLOSE
JOINTABLE 3
GAMEREADY
OTTPLACEAT 24
OTTPLACEAT 17
OTTPLACEAT 20
OTTPLACEAT 14
OTTPLACEAT 8
OTTPLACEAT 12
OTTPLACEAT 3
OTTPLACEAT 2
OTTPLACEAT 5
JOINTABLE 3
GAMEREADY
OTTPLACEAT 4
OTTPLACEAT 12
OTTPLACEAT 14
OTTPLACEAT 18
OTTPLACEAT 20
OTTPLACEAT 24
OTTPLACEAT 11
OTTPLACEAT 5
OTTPLACEAT 7
JOINTABLE 2
GAMEREADY
OTTPLACEAT 4
OTTPLACEAT 2
OTTPLACEAT 12
OTTPLACEAT 0
OTTPLACEAT 23
OTTPLACEAT 17
OTTPLACEAT 11
OTTPLACEAT 15
OTTPLACEAT 21
JOINTABLE 2
GAMEREADY
OTTPLACEAT 9
OTTPLACEAT 4
OTTPLACEAT 13
OTTPLACEAT 7
OTTPLACEAT 11
OTTPLACEAT 16
OTTPLACEAT 10
PING
OTTPLACEAT 20
OTTPLACEAT 24
JOINTABLE 2
GAMEREADY
OTTPLACEAT 9
OTTPLACEAT 13
OTTPLACEAT 20
OTTPLACEAT 18
OTTPLACEAT 17
OTTPLACEAT 24
OTTPLACEAT 6
OTTPLACEAT 2
OTTPLACEAT 11
JOINTABLE 2
GAMEREADY
OTTPLACEAT 14
OTTPLACEAT 21
OTTPLACEAT 22
OTTPLACEAT 18
OTTPLACEAT 24
OTTPLACEAT 11
OTTPLACEAT 12
OTTPLACEAT 8
OTTPLACEAT 2
JOINTABLE 2
GAMEREADY
OTTPLACEAT 24
OTTPLACEAT 9
OTTPLACEAT 2
OTTPLACEAT 21
OTTPLACEAT 10
OTTPLACEAT 18
OTTPLACEAT 5
OTTPLACEAT 12
OTTPLACEAT 1
JOINTABLE 1
GAMEREADY
OTTPLACEAT 3
OTTPLACEAT 15
OTTPLACEAT 7
OTTPLACEAT 22
OTTPLACEAT 13
OTTPLACEAT 14
OTTPLACEAT 24
PING
OTTPLACEAT 12
OTTPLACEAT 0
QUIT 0 1
QUERYTABLES 1
EXTRACHECK
CREATETABLE2 OMNITT_RANDOM 5
TABLECLOSE
JOINTABLE 1
TABLECLOSE
CREATETABLE MEMORY
GAMEREADY
MEMORYSLOT 5 1
MEMORYSLOT 11 2
MEMORYSLOT 0 1
MEMORYSLOT 8 2
MEMORYSLOT 10 1
MEMORYSLOT 13 2
MEMORYSLOT 0 1
MEMORYSLOT 13 2
MEMORYSLOT 13 1
MEMORYSLOT 19 2
MEMORYSLOT 12 1
MEMORYSLOT 5 2
MEMORYSLOT 15 1
MEMORYSLOT 8 2
MEMORYSLOT 21 1
MEMORYSLOT 18 2
MEMORYSLOT 22 1
MEMORYSLOT 21 2
MEMORYSLOT 17 1
MEMORYSLOT 5 2
MEMORYSLOT 16 1
MEMORYSLOT 1 2
MEMORYSLOT 2 1
MEMORYSLOT 12 2
CREATETABLE MEMORY
GAMEREADY
MEMORYSLOT 3 1
MEMORYSLOT 15 2
MEMORYSLOT 14 1
MEMORYSLOT 6 2
MEMORYSLOT 20 1
MEMORYSLOT 15 2
MEMORYSLOT 0 1
MEMORYSLOT 6 2
MEMORYSLOT 5 1
MEMORYSLOT 23 2
MEMORYSLOT 8 1
MEMORYSLOT 13 2
MEMORYSLOT 1 1
MEMORYSLOT 15 2
MEMORYSLOT 15 1
MEMORYSLOT 17 2
PING
MEMORYSLOT 4 1
MEMORYSLOT 17 2
MEMORYSLOT 8 1
MEMORYSLOT 15 2
MEMORYSLOT 13 1
MEMORYSLOT 21 2
MEMORYSLOT 2 1
MEMORYSLOT 23 2
MEMORYSLOT 9 1
MEMORYSLOT 10 2
MEMORYSLOT 12 1
MEMORYSLOT 19 2
CARDPACK 1 Standard
CARDPACK 1 Standard
CARDPACK 1 Standard
PSTATS 1r4thief
CHAT i bought 3 bronze packs and got
CHAT <Card Pack> You received Eden in your card pack. 19:35:45
CHAT Card Pack> You received Alexander in your card pack. 19:35:47
CHAT <Card Pack> You received Minotaur in your card pack. 19:35:58
TREASUREHUNTER
TREASUREHUNTER
CREATETABLE MEMORY
GAMEREADY
TABLECLOSE
CREATETABLE2 OMNITT_RANDOM 5
PING
TABLECLOSE
PSTATS 1r4thief
PSTATS 1r4thief
CREATETABLE2 OMNITT_RANDOM 5
GAMEREADY
PING
CHAT edelon vs me
CHAT triple triad
OTTPLACEAT 13
OTTPLACEAT 3
OTTPLACEAT 9
OTTPLACEAT 19
OTTPLACEAT 23
OTTPLACEAT 21
OTTPLACEAT 15
OTTPLACEAT 20
OTTPLACEAT 6
OTTPLACEAT 0
CREATETABLE MEMORY
GAMEREADY
MEMORYSLOT 0 1
MEMORYSLOT 8 2
MEMORYSLOT 7 1
MEMORYSLOT 0 2
MEMORYSLOT 5 1
MEMORYSLOT 9 2
MEMORYSLOT 23 1
MEMORYSLOT 21 2
MEMORYSLOT 20 1
MEMORYSLOT 21 2
MEMORYSLOT 19 1
MEMORYSLOT 16 2
MEMORYSLOT 14 1
MEMORYSLOT 16 2
MEMORYSLOT 2 1
MEMORYSLOT 17 2
MEMORYSLOT 5 1
MEMORYSLOT 4 2
MEMORYSLOT 6 1
MEMORYSLOT 19 2
MEMORYSLOT 12 1
MEMORYSLOT 3 2
MEMORYSLOT 1 1
MEMORYSLOT 10 2
CREATETABLE2 OMNITT_RANDOM 5
GAMEREADY
OTTPLACEAT 2
OTTPLACEAT 8
OTTPLACEAT 9
PING
OTTPLACEAT 14
OTTPLACEAT 19
OTTPLACEAT 20
OTTPLACEAT 16
OTTPLACEAT 17
OTTPLACEAT 22
OTTPLACEAT 5
CREATETABLE MEMORY
GAMEREADY
MEMORYSLOT 0 1
MEMORYSLOT 9 2
MEMORYSLOT 20 1
MEMORYSLOT 16 2
MEMORYSLOT 7 1
MEMORYSLOT 19 2
MEMORYSLOT 16 1
MEMORYSLOT 19 2
MEMORYSLOT 20 1
MEMORYSLOT 14 2
MEMORYSLOT 18 1
MEMORYSLOT 13 2
MEMORYSLOT 8 1
MEMORYSLOT 18 2
MEMORYSLOT 17 1
MEMORYSLOT 9 2
MEMORYSLOT 11 1
MEMORYSLOT 4 2
CREATETABLE2 OMNITT_RANDOM 5
GAMEREADY
OTTPLACEAT 14
OTTPLACEAT 4
OTTPLACEAT 12
OTTPLACEAT 15
OTTPLACEAT 16
OTTPLACEAT 22
OTTPLACEAT 2
OTTPLACEAT 7
PING
OTTPLACEAT 6
OTTPLACEAT 0
CREATETABLE MEMORY
GAMEREADY
TABLECLOSE
CREATETABLE2 OMNITT_RANDOM 5
GAMEREADY
OTTPLACEAT 19
OTTPLACEAT 4
OTTPLACEAT 8
OTTPLACEAT 7
OTTPLACEAT 6
OTTPLACEAT 0
OTTPLACEAT 10
OTTPLACEAT 16
OTTPLACEAT 18
OTTPLACEAT 22
CREATETABLE MEMORY
GAMEREADY
TABLECLOSE
CREATETABLE2 OMNITT_RANDOM 5
GAMEREADY
OTTPLACEAT 16
OTTPLACEAT 9
OTTPLACEAT 17
OTTPLACEAT 22
OTTPLACEAT 19
OTTPLACEAT 12
OTTPLACEAT 6
OTTPLACEAT 2
OTTPLACEAT 0
OTTPLACEAT 24
CREATETABLE2 OMNITT_RANDOM 5
GAMEREADY
TABLECLOSE
CREATETABLE MEMORY
GAMEREADY
TABLECLOSE
CREATETABLE2 OMNITT_RANDOM 5
GAMEREADY
PING
PING
TABLECLOSE
CREATETABLE MEMORY
GAMEREADY
TABLECLOSE
TREASUREHUNTER
QUIT 0 1
QUERYTABLES 1
EXTRACHECK
CREATETABLE2 OMNITT_RANDOM 5
GAMEREADY
CHAT nah hes my bro
CHAT lol
CHAT oi wanna team traid
CREATETABLE4
TABLECLOSE
CREATETABLE4
TEAM_CHANGE
CHAT my bro was showing me his cards b4
CHAT ?
PING
CHAT hes was right next to me
CHAT that y i loged out
TEAMCLOSE
JOINTABLE 3
TABLECLOSE
CREATETABLE MEMORY
GAMEREADY
MEMORYSLOT 5 1
MEMORYSLOT 9 2
MEMORYSLOT 14 1
MEMORYSLOT 9 2
MEMORYSLOT 23 1
MEMORYSLOT 14 2
MEMORYSLOT 0 1
MEMORYSLOT 9 2
MEMORYSLOT 19 1
MEMORYSLOT 22 2
MEMORYSLOT 19 1
MEMORYSLOT 20 2
MEMORYSLOT 6 1
MEMORYSLOT 3 2
MEMORYSLOT 8 1
MEMORYSLOT 12 2
MEMORYSLOT 11 1
MEMORYSLOT 19 2
MEMORYSLOT 13 1
MEMORYSLOT 15 2
CREATETABLE MEMORY
GAMEREADY
TABLECLOSE
CREATETABLE2 OMNITT_RANDOM 5
GAMEREADY
TABLECLOSE
CREATETABLE MEMORY
GAMEREADY
TABLECLOSE
CHAT cya dudes
PING
QUIT 0 1
QUERYTABLES 1
EXTRACHECK
JOINTABLE 1
GAMEREADY
MEMORYSLOT 14 1
MEMORYSLOT 13 2
MEMORYSLOT 8 1
MEMORYSLOT 10 2
MEMORYSLOT 11 1
MEMORYSLOT 17 2
MEMORYSLOT 2 1
MEMORYSLOT 1 2
CREATETABLE MEMORY
GAMEREADY
MEMORYSLOT 0 1
MEMORYSLOT 11 2
MEMORYSLOT 1 1
MEMORYSLOT 9 2
MEMORYSLOT 23 1
MEMORYSLOT 1 2
MEMORYSLOT 2 1
MEMORYSLOT 5 2
MEMORYSLOT 16 1
MEMORYSLOT 5 2
MEMORYSLOT 18 1
MEMORYSLOT 13 2
MEMORYSLOT 12 1
PING
MEMORYSLOT 5 2
MEMORYSLOT 10 1
MEMORYSLOT 22 2
MEMORYSLOT 6 1
MEMORYSLOT 20 2
CREATETABLE MEMORY
GAMEREADY
MEMORYSLOT 0 1
MEMORYSLOT 7 2
MEMORYSLOT 9 1
MEMORYSLOT 17 2
MEMORYSLOT 18 1
MEMORYSLOT 13 2
MEMORYSLOT 13 1
MEMORYSLOT 9 2
MEMORYSLOT 1 1
MEMORYSLOT 11 2
CREATETABLE2 OMNITT_RANDOM 5
GAMEREADY
OTTPLACEAT 8
OTTPLACEAT 14
OTTPLACEAT 13
OTTPLACEAT 12
OTTPLACEAT 23
OTTPLACEAT 17
PING
OTTPLACEAT 15
OTTPLACEAT 11
OTTPLACEAT 1
OTTPLACEAT 0
JOINTABLE 2
GAMEREADY
OTTPLACEAT 16
OTTPLACEAT 21
OTTPLACEAT 12
OTTPLACEAT 9
OTTPLACEAT 3
OTTPLACEAT 0
OTTPLACEAT 8
OTTPLACEAT 19
OTTPLACEAT 2
CREATETABLE MEMORY
GAMEREADY
MEMORYSLOT 0 1
MEMORYSLOT 9 2
MEMORYSLOT 9 1
MEMORYSLOT 23 2
MEMORYSLOT 0 1
MEMORYSLOT 18 2
MEMORYSLOT 13 1
MEMORYSLOT 14 2
MEMORYSLOT 0 1
MEMORYSLOT 22 2
MEMORYSLOT 16 1
MEMORYSLOT 6 2
MEMORYSLOT 8 1
MEMORYSLOT 20 2
MEMORYSLOT 9 1
MEMORYSLOT 19 2
MEMORYSLOT 1 1
PING
MEMORYSLOT 3 2
CREATETABLE2 OMNITT_RANDOM 5
GAMEREADY
OTTPLACEAT 6
OTTPLACEAT 5
OTTPLACEAT 9
OTTPLACEAT 8
OTTPLACEAT 17
OTTPLACEAT 11
OTTPLACEAT 10
OTTPLACEAT 20
OTTPLACEAT 18
OTTPLACEAT 13
CREATETABLE2 OMNITT_RANDOM 5
GAMEREADY
OTTPLACEAT 0
OTTPLACEAT 6
OTTPLACEAT 7
OTTPLACEAT 23
OTTPLACEAT 12
OTTPLACEAT 19
PING
OTTPLACEAT 22
OTTPLACEAT 21
OTTPLACEAT 3
OTTPLACEAT 9
JOINTABLE 2
TABLECLOSE
CREATETABLE2 OMNITT_RANDOM 5
GAMEREADY
OTTPLACEAT 4
OTTPLACEAT 13
OTTPLACEAT 7
OTTPLACEAT 6
OTTPLACEAT 0
OTTPLACEAT 9
OTTPLACEAT 18
OTTPLACEAT 21
PING
OTTPLACEAT 23
OTTPLACEAT 15
CREATETABLE MEMORY
GAMEREADY
MEMORYSLOT 0 1
MEMORYSLOT 8 2
MEMORYSLOT 14 1
MEMORYSLOT 7 2
MEMORYSLOT 13 1
MEMORYSLOT 10 2
MEMORYSLOT 13 1
MEMORYSLOT 0 2
MEMORYSLOT 0 1
MEMORYSLOT 18 2
MEMORYSLOT 13 1
MEMORYSLOT 18 2
MEMORYSLOT 8 1
MEMORYSLOT 9 2
MEMORYSLOT 19 1
MEMORYSLOT 4 2
MEMORYSLOT 8 1
MEMORYSLOT 3 2
MEMORYSLOT 6 1
MEMORYSLOT 12 2
MEMORYSLOT 12 1
MEMORYSLOT 11 2
MEMORYSLOT 6 1
MEMORYSLOT 1 2
CREATETABLE MEMORY
GAMEREADY
CHAT gg
TABLECLOSE
CREATETABLE2 OMNITT_RANDOM 5
GAMEREADY
GAMEREADY
GAMEREADY
OTTPLACEAT 12
OTTPLACEAT 6
OTTPLACEAT 0
OTTPLACEAT 9
PING
OTTPLACEAT 21
OTTPLACEAT 16
OTTPLACEAT 17
OTTPLACEAT 19
OTTPLACEAT 2
OTTPLACEAT 24
PSTATS 1r4thief
CREATETABLE MEMORY
TABLECLOSE
JOINTABLE 2
GAMEREADY
OTTPLACEAT 0
OTTPLACEAT 9
OTTPLACEAT 8
OTTPLACEAT 6
OTTPLACEAT 12
OTTPLACEAT 10
PING
OTTPLACEAT 17
OTTPLACEAT 21
OTTPLACEAT 23
CREATETABLE MEMORY
GAMEREADY
TABLECLOSE
JOINTABLE 4
GAMEREADY
OTTPLACEAT 17
OTTPLACEAT 15
OTTPLACEAT 11
OTTPLACEAT 12
OTTPLACEAT 6
OTTPLACEAT 13
OTTPLACEAT 24
OTTPLACEAT 14
OTTPLACEAT 4
JOINTABLE 1
TABLECLOSE
JOINTABLE 4
GAMEREADY
OTTPLACEAT 6
OTTPLACEAT 23
OTTPLACEAT 8
PING
OTTPLACEAT 10
OTTPLACEAT 2
OTTPLACEAT 0
OTTPLACEAT 21
OTTPLACEAT 12
OTTPLACEAT 14
TREASUREHUNTER
JOINTABLE 2
GAMEREADY
OTTPLACEAT 14
OTTPLACEAT 8
OTTPLACEAT 12
OTTPLACEAT 6
OTTPLACEAT 17
OTTPLACEAT 16
OTTPLACEAT 23
OTTPLACEAT 21
OTTPLACEAT 20
JOINTABLE 1
GAMEREADY
OTTPLACEAT 6
OTTPLACEAT 11
OTTPLACEAT 7
OTTPLACEAT 2
OTTPLACEAT 8
PING
OTTPLACEAT 4
OTTPLACEAT 21
OTTPLACEAT 14
OTTPLACEAT 24
OTTPLACEAT 15
JOINTABLE 4
CREATETABLE MEMORY
GAMEREADY
MEMORYSLOT 0 1
MEMORYSLOT 7 2
MEMORYSLOT 6 1
MEMORYSLOT 1 2
MEMORYSLOT 8 1
MEMORYSLOT 9 2
MEMORYSLOT 11 1
MEMORYSLOT 23 2
MEMORYSLOT 8 1
MEMORYSLOT 18 2
MEMORYSLOT 6 1
MEMORYSLOT 12 2
MEMORYSLOT 13 1
MEMORYSLOT 6 2
MEMORYSLOT 1 1
MEMORYSLOT 3 2
MEMORYSLOT 10 1
MEMORYSLOT 17 2
MEMORYSLOT 9 1
MEMORYSLOT 1 2
MEMORYSLOT 22 1
MEMORYSLOT 11 2
MEMORYSLOT 5 1
MEMORYSLOT 1 2
MEMORYSLOT 2 1
MEMORYSLOT 12 2
MEMORYSLOT 20 1
MEMORYSLOT 9 2
CREATETABLE MEMORY
GAMEREADY
TABLECLOSE
JOINTABLE 3
TABLECLOSE
CREATETABLE MEMORY
GAMEREADY
TABLECLOSE
CREATETABLE2 OMNITT_RANDOM 5
PSTATS 1r4thief
PING
TABLECLOSE
JOINTABLE 3
PSTATS Garve
TABLECLOSE
CREATETABLE2 OMNITT_RANDOM 5
PSTATS 1r4thief
GAMEREADY
OTTPLACEAT 9
OTTPLACEAT 8
OTTPLACEAT 1
OTTPLACEAT 5
OTTPLACEAT 11
OTTPLACEAT 15
OTTPLACEAT 17
OTTPLACEAT 21
OTTPLACEAT 18
OTTPLACEAT 19
JOINTABLE 1
GAMEREADY
OTTPLACEAT 13
OTTPLACEAT 3
OTTPLACEAT 12
OTTPLACEAT 6
PING
OTTPLACEAT 24
OTTPLACEAT 11
OTTPLACEAT 21
OTTPLACEAT 5
OTTPLACEAT 15
JOINTABLE 1
GAMEREADY
OTTPLACEAT 20
OTTPLACEAT 5
OTTPLACEAT 6
OTTPLACEAT 11
OTTPLACEAT 12
OTTPLACEAT 17
OTTPLACEAT 18
OTTPLACEAT 24
OTTPLACEAT 9
CREATETABLE MEMORY
TABLECLOSE
JOINTABLE 4
GAMEREADY
OTTPLACEAT 24
OTTPLACEAT 13
OTTPLACEAT 7
OTTPLACEAT 0
OTTPLACEAT 2
OTTPLACEAT 9
OTTPLACEAT 3
OTTPLACEAT 17
PING
OTTPLACEAT 21
JOINTABLE 4
GAMEREADY
OTTPLACEAT 2
OTTPLACEAT 14
OTTPLACEAT 5
OTTPLACEAT 24
OTTPLACEAT 6
OTTPLACEAT 11
OTTPLACEAT 12
OTTPLACEAT 17
OTTPLACEAT 20
CREATETABLE MEMORY
TABLECLOSE
JOINTABLE 4
GAMEREADY
OTTPLACEAT 22
OTTPLACEAT 19
OTTPLACEAT 9
OTTPLACEAT 18
OTTPLACEAT 8
OTTPLACEAT 12
OTTPLACEAT 2
OTTPLACEAT 16
OTTPLACEAT 11
OTTPLACEAT 6
CREATETABLE MEMORY
TABLECLOSE
JOINTABLE 4
GAMEREADY
OTTPLACEAT 1
PING
OTTPLACEAT 2
OTTPLACEAT 8
OTTPLACEAT 4
OTTPLACEAT 19
OTTPLACEAT 23
OTTPLACEAT 17
OTTPLACEAT 21
OTTPLACEAT 10
OTTPLACEAT 20
CREATETABLE2 OMNITT_RANDOM 5
GAMEREADY
OTTPLACEAT 18
OTTPLACEAT 24
OTTPLACEAT 17
OTTPLACEAT 20
OTTPLACEAT 10
OTTPLACEAT 13
OTTPLACEAT 11
OTTPLACEAT 2
OTTPLACEAT 9
OTTPLACEAT 3
CREATETABLE MEMORY
GAMEREADY
TABLECLOSE
JOINTABLE 6
GAMEREADY
OTTPLACEAT 10
OTTPLACEAT 6
OTTPLACEAT 1
OTTPLACEAT 8
OTTPLACEAT 3
OTTPLACEAT 13
PING
OTTPLACEAT 21
OTTPLACEAT 17
OTTPLACEAT 16
OTTPLACEAT 24
CREATETABLE MEMORY
GAMEREADY
MEMORYSLOT 0 1
MEMORYSLOT 7 2
MEMORYSLOT 6 1
MEMORYSLOT 11 2
MEMORYSLOT 5 1
MEMORYSLOT 4 2
MEMORYSLOT 5 1
MEMORYSLOT 8 2
MEMORYSLOT 0 1
MEMORYSLOT 4 2
MEMORYSLOT 7 1
MEMORYSLOT 9 2
MEMORYSLOT 3 1
MEMORYSLOT 18 2
MEMORYSLOT 14 1
MEMORYSLOT 13 2
MEMORYSLOT 10 1
MEMORYSLOT 14 2
MEMORYSLOT 17 1
MEMORYSLOT 7 2
CREATETABLE MEMORY
GAMEREADY
MEMORYSLOT 0 1
MEMORYSLOT 7 2
MEMORYSLOT 6 1
MEMORYSLOT 21 2
MEMORYSLOT 14 1
MEMORYSLOT 10 2
MEMORYSLOT 10 1
MEMORYSLOT 16 2
MEMORYSLOT 8 1
MEMORYSLOT 14 2
MEMORYSLOT 21 1
MEMORYSLOT 20 2
MEMORYSLOT 22 1
MEMORYSLOT 21 2
MEMORYSLOT 21 1
MEMORYSLOT 20 2
MEMORYSLOT 20 1
MEMORYSLOT 22 2
MEMORYSLOT 14 1
MEMORYSLOT 2 2
CREATETABLE MEMORY
GAMEREADY
MEMORYSLOT 0 1
MEMORYSLOT 14 2
MEMORYSLOT 14 1
MEMORYSLOT 15 2
PING
MEMORYSLOT 7 1
MEMORYSLOT 9 2
MEMORYSLOT 6 1
MEMORYSLOT 0 2
MEMORYSLOT 1 1
MEMORYSLOT 23 2
MEMORYSLOT 9 1
MEMORYSLOT 19 2
MEMORYSLOT 1 1
MEMORYSLOT 12 2
MEMORYSLOT 3 1
MEMORYSLOT 19 2
MEMORYSLOT 3 1
MEMORYSLOT 10 2
MEMORYSLOT 3 1
MEMORYSLOT 21 2
MEMORYSLOT 20 1
MEMORYSLOT 2 2
CREATETABLE MEMORY
GAMEREADY
MEMORYSLOT 22 1
MEMORYSLOT 16 2
MEMORYSLOT 0 1
MEMORYSLOT 11 2
MEMORYSLOT 14 1
MEMORYSLOT 11 2
MEMORYSLOT 12 1
MEMORYSLOT 6 2
MEMORYSLOT 18 1
MEMORYSLOT 6 2
MEMORYSLOT 19 1
MEMORYSLOT 11 2
MEMORYSLOT 10 1
MEMORYSLOT 11 2
MEMORYSLOT 7 1
MEMORYSLOT 5 2
MEMORYSLOT 22 1
MEMORYSLOT 21 2
MEMORYSLOT 20 1
MEMORYSLOT 5 2
MEMORYSLOT 11 1
MEMORYSLOT 23 2
MEMORYSLOT 1 1
MEMORYSLOT 3 2
TREASUREHUNTER
QUIT 0 1
QUERYTABLES 1
EXTRACHECK
CREATETABLE MEMORY
GAMEREADY
TABLECLOSE
QUIT 0 1
QUERYTABLES 1
EXTRACHECK
JOINTABLE 1
TABLECLOSE
JOINTABLE 3
GAMEREADY
MEMORYSLOT 0 1
MEMORYSLOT 7 2
MEMORYSLOT 13 1
MEMORYSLOT 16 2
MEMORYSLOT 5 1
MEMORYSLOT 4 2
MEMORYSLOT 5 1
MEMORYSLOT 12 2
MEMORYSLOT 18 1
MEMORYSLOT 19 2
MEMORYSLOT 6 1
MEMORYSLOT 19 2
MEMORYSLOT 0 1
MEMORYSLOT 16 2
MEMORYSLOT 2 1
MEMORYSLOT 18 2
MEMORYSLOT 20 1
MEMORYSLOT 14 2
CHAT !endgame [Game Request]
QUIT 0 1
QUERYTABLES 1
EXTRACHECK
CREATETABLE MEMORY
GAMEREADY
TABLECLOSE
CREATETABLE2 OMNITT_RANDOM 5
GAMEREADY
OTTPLACEAT 11
OTTPLACEAT 5
OTTPLACEAT 16
OTTPLACEAT 7
OTTPLACEAT 20
OTTPLACEAT 17
OTTPLACEAT 8
OTTPLACEAT 18
OTTPLACEAT 14
OTTPLACEAT 0
JOINTABLE 1
GAMEREADY
OTTPLACEAT 20
PING
OTTPLACEAT 8
OTTPLACEAT 17
OTTPLACEAT 6
OTTPLACEAT 24
OTTPLACEAT 22
OTTPLACEAT 10
OTTPLACEAT 0
OTTPLACEAT 3
OTTPLACEAT 9
JOINTABLE 2
GAMEREADY
OTTPLACEAT 15
OTTPLACEAT 10
OTTPLACEAT 6
OTTPLACEAT 2
OTTPLACEAT 0
OTTPLACEAT 8
OTTPLACEAT 19
OTTPLACEAT 13
OTTPLACEAT 23
PING
OTTPLACEAT 22
JOINTABLE 1
GAMEREADY
OTTPLACEAT 4
OTTPLACEAT 10
OTTPLACEAT 15
OTTPLACEAT 17
OTTPLACEAT 18
OTTPLACEAT 20
OTTPLACEAT 24
OTTPLACEAT 22
OTTPLACEAT 6
OTTPLACEAT 7
OTTPLACEAT 5
QUIT 0 1
QUERYTABLES 1
EXTRACHECK
CREATETABLE MEMORY
TABLECLOSE
CREATETABLE2 OMNITT_RANDOM 5
GAMEREADY
CHAT sum1 vs mw
OTTPLACEAT 11
OTTPLACEAT 18
PING
OTTPLACEAT 13
OTTPLACEAT 17
OTTPLACEAT 7
OTTPLACEAT 6
OTTPLACEAT 15
OTTPLACEAT 3
OTTPLACEAT 0
OTTPLACEAT 1
CREATETABLE MEMORY
GAMEREADY
MEMORYSLOT 0 1
MEMORYSLOT 8 2
MEMORYSLOT 6 1
MEMORYSLOT 3 2
MEMORYSLOT 14 1
MEMORYSLOT 13 2
MEMORYSLOT 8 1
MEMORYSLOT 10 2
MEMORYSLOT 10 1
MEMORYSLOT 2 2
MEMORYSLOT 4 1
MEMORYSLOT 15 2
QUIT 0 1
QUERYTABLES 1
EXTRACHECK
CREATETABLE2 OMNITT_RANDOM 5
GAMEREADY
TABLECLOSE
CREATETABLE MEMORY
GAMEREADY
TABLECLOSE
QUIT 0 1
QUERYTABLES 1
EXTRACHECK
PING
JOINTABLE 2
TEAMCLOSE
JOINTABLE 3
GAMEREADY
OTTPLACEAT 24
OTTPLACEAT 19
OTTPLACEAT 9
OTTPLACEAT 13
OTTPLACEAT 8
OTTPLACEAT 2
OTTPLACEAT 11
OTTPLACEAT 5
OTTPLACEAT 21
OTTPLACEAT 16
CREATETABLE MEMORY
GAMEREADY
MEMORYSLOT 0 1
MEMORYSLOT 7 2
MEMORYSLOT 1 1
MEMORYSLOT 4 2
MEMORYSLOT 7 1
MEMORYSLOT 22 2
MEMORYSLOT 7 1
MEMORYSLOT 8 2
MEMORYSLOT 12 1
MEMORYSLOT 9 2
MEMORYSLOT 13 1
MEMORYSLOT 19 2
MEMORYSLOT 13 1
MEMORYSLOT 11 2
CHAT !endgame [Game Request]
JOINTABLE 1
GAMEREADY
PING
OTTPLACEAT 6
OTTPLACEAT 2
OTTPLACEAT 21
OTTPLACEAT 12
OTTPLACEAT 15
OTTPLACEAT 17
OTTPLACEAT 19
OTTPLACEAT 8
OTTPLACEAT 3
CARDPACK 1 Standard
JOINTABLE 6
GAMEREADY
OTTPLACEAT 15
OTTPLACEAT 2
PING
OTTPLACEAT 10
OTTPLACEAT 5
OTTPLACEAT 3
OTTPLACEAT 17
OTTPLACEAT 7
OTTPLACEAT 8
OTTPLACEAT 14
OTTPLACEAT 24
JOINTABLE 2
GAMEREADY
OTTPLACEAT 14
OTTPLACEAT 23
OTTPLACEAT 8
OTTPLACEAT 3
OTTPLACEAT 21
OTTPLACEAT 0
OTTPLACEAT 2
OTTPLACEAT 12
OTTPLACEAT 11
OTTPLACEAT 18
JOINTABLE 5
TABLECLOSE
CREATETABLE2 OMNITT_RANDOM 5
TABLECLOSE
CREATETABLE2 OMNITT_RANDOM 5
PING
TABLECLOSE
QUIT 0 1
QUERYTABLES 1
EXTRACHECK
CREATETABLE2 OMNITT_RANDOM 5
TABLECLOSE
CREATETABLE MEMORY
GAMEREADY
MEMORYSLOT 0 1
MEMORYSLOT 3 2
MEMORYSLOT 18 1
MEMORYSLOT 0 2
MEMORYSLOT 1 1
MEMORYSLOT 13 2
MEMORYSLOT 3 1
MEMORYSLOT 23 2
MEMORYSLOT 8 1
MEMORYSLOT 15 2
MEMORYSLOT 5 1
MEMORYSLOT 15 2
PING
MEMORYSLOT 18 1
MEMORYSLOT 6 2
MEMORYSLOT 7 1
MEMORYSLOT 4 2
MEMORYSLOT 0 1
MEMORYSLOT 22 2
MEMORYSLOT 8 1
MEMORYSLOT 7 2
PSTATS 1r4thief
QUIT 0 1
