QUERYTABLES 1
EXTRACHECK
CHAT hi?
CHAT heehehehehehe no
CHAT YES!
CHAT estunas entari iera vemonty
CHAT hehehe
PING
CHAT cose enough
CHAT moo?
CHAT how that u do the action thing?
CHAT sweet
CHAT ./me casts super nova
CHAT dam
CHAT o
CHAT lol
CHAT /me casts supernova
CHAT YAYA!!!
CHAT NOOO!!!!!!
CHAT /medies
CHAT woops...hehhe, me nub
CHAT so, any 1 willing 2 show me around?
PING
CHAT /me evil laugh
CHAT lol
CHAT /me watches as u go insane
CHAT ^_^
PING
CHAT /me casts silance
CHAT wow it owrked
CHAT lol
CHAT so is any one willing 2 fill me in on how the game works?
CHAT /mewaits pacently
CHAT /me waits paciantly
PING
CHAT /me some how pokes every one
CHAT alright. so do u start with a deck?
CHAT sweet
CHAT ;^^
CREATETABLE  Open Normal 1 0 0 0 0 0 0 0 0 0 0 0 0 0 0 0 0 0 0 0 0 0 0 0 0 0 0 0 0 0 0 0 0 0@@Triple%20Triad@@ Standard
CHAT yay ima get my butt kicked
PING
CHAT ;-_-
MYCARD 0 Buel
MYCARD 1 Death%20Claw
MYCARD 2 T-Rexaur
MYCARD 3 Elnoyle
MYCARD 4 Chimera
READY 1sephiroth1
PLACEAT 7 2 Lucrecia
PLACEAT 5 3 Lucrecia
PING
CHAT u kno sadly enpough i have te theme 2 the card game on my pc...
PLACEAT 1 4 Lucrecia
CHAT ...
PLACEAT 0 1 Lucrecia
CHAT ^_^
CHAT gg^_^
CHAT this is funner then i thought it would b
PING
CREATETABLE  Open Normal 0 0 0 0 0 0 0 0 0 0 0 0 0 0 0 0 0 0 0 0 0 0 0 0 0 0 0 0 0 0 0 0 0 0@@Triple%20Triad@@ Standard
CHAT MOOGLES!?!?!?!?!?
CHAT damn, i hafta agree there
PING
MYCARD 0 Adamantoise
MYCARD 1 T-Rexaur
MYCARD 2 Elnoyle
MYCARD 3 Chimera
MYCARD 4 Death%20Claw
READY 1sephiroth1
PLACEAT 1 4 SuperJew
PLACEAT 5 2 SuperJew
PLACEAT 4 0 SuperJew
PLACEAT 7 1 SuperJew
TAKECARD 1sephiroth1 1 Blue%20Dragon    
CHAT moogle?
PING
KIBLITZ 4
KIBLITZ 0 10537
CHAT hey since there is a FF7 card set...that mean there a sephiroth card?
CHAT i...must...get...it.....@_@
CHAT lol im a huge fan of sephiroth is all...
CHAT sweet
CHAT hehehe! all his demon forms rule
PING
CHAT especial chaos
CHAT hck yes
CHAT derg of cerberus
CHAT who doesnt!?
CHAT lol
CHAT so does any 1 kno of a ferm realse date for AV?
CHAT ya? when?
CHAT awww....
CHAT its ok
PING
CREATETABLE  Open Normal 0 0 0 0 0 0 0 0 0 0 0 0 0 0 0 0 0 0 0 0 0 0 0 0 0 0 0 0 0 0 0 0 0 0@@Triple%20Triad@@ Standard
CHAT /me looks around confused
CHAT what? me noob...
PING
CHAT whats so bad about it?
CHAT besides, its teh only 1 i dont have a problem understanding ;^^
CHAT how do i cahnge?
CHAT ...how...?;^^
CHAT ok
PING
CREATETABLE  Open Normal 0 0 0 0 0 0 0 0 0 0 0 0 0 0 0 0 0 0 0 0 0 0 0 0 0 0 1 0 0 0 0 0 0 0@@Triple%20Triad@@ Standard
CHAT ok i cant set FF7 because i have none
MYCARD 0 Death%20Claw
MYCARD 1 T-Rexaur
MYCARD 2 Adamantoise
MYCARD 3 Elnoyle
MYCARD 4 Chimera
READY 1sephiroth1
PLACEAT 8 1 iamgod69
PLACEAT 6 4 iamgod69
GAMECHAT iamgod69~@*~*moo
PING
PLACEAT 4 3 iamgod69
GAMECHAT iamgod69~@*~*hehehe, its ok.
GAMECHAT iamgod69~@*~*no
GAMECHAT iamgod69~@*~*he doesnt kno about this
PLACEAT 0 2 iamgod69
TAKECARD 1sephiroth1 1 Turtapod    
CHAT gg
PING
PING
CHAT /me is away.  Reason: Idle
AWAY 1
PING
CHAT /me is back.
AWAY 0
CREATETABLE  Open Normal 0 0 0 0 0 0 0 0 0 0 0 0 0 0 0 0 0 0 0 0 0 0 0 0 0 0 0 0 0 0 0 0 0 0@@Triple%20Triad@@ Standard
CHAT eh? oh hi
MYCARD 0 Death%20Claw
MYCARD 1 Turtapod
MYCARD 2 Adamantoise
MYCARD 3 Chimera
MYCARD 4 Elnoyle
READY 1sephiroth1
PLACEAT 7 1 iamgod69
PING
PLACEAT 5 4 iamgod69
PLACEAT 1 2 iamgod69
PLACEAT 0 3 iamgod69
GAMECHAT iamgod69~@*~*ya
GAMECHAT iamgod69~@*~*u did
CHAT damn
CHAT gg
CHAT sure
CREATETABLE  Open Normal 0 0 0 0 0 0 0 0 0 0 0 0 0 0 0 0 0 0 0 0 0 0 0 0 0 0 0 0 0 0 0 0 0 0@@Triple%20Triad@@ Standard
MYCARD 0 Blue%20Dragon
MYCARD 1 Adamantoise
MYCARD 2 Imp
MYCARD 3 Forbidden
MYCARD 4 Death%20Claw
READY 1sephiroth1
PLACEAT 6 3 iamgod69
PING
PLACEAT 4 1 iamgod69
PLACEAT 1 0 iamgod69
PLACEAT 0 2 iamgod69
PLACEAT 8 4 iamgod69
PING
JOINTABLE 4
MYCARD 0 Forbidden
MYCARD 1 Adamantoise
MYCARD 2 Blue%20Dragon
MYCARD 3 T-Rexaur
MYCARD 4 Turtapod
READY 1sephiroth1
GAMECHAT AJ666~@*~*ULTIMA WEAPON!?
GAMECHAT AJ666~@*~*wait not ultina
GAMECHAT AJ666~@*~*emerald!
PLACEAT 6 0 AJ666
GAMECHAT AJ666~@*~*damn dude!
GAMECHAT AJ666~@*~*and reno eh
PLACEAT 5 1 AJ666
GAMECHAT AJ666~@*~*whats ur top card?
GAMECHAT AJ666~@*~*whos dat?
GAMECHAT AJ666~@*~*oh ya!
GAMECHAT AJ666~@*~*sweet
PLACEAT 1 4 AJ666
GAMECHAT AJ666~@*~*howed u wind up with those?
GAMECHAT AJ666~@*~*jsut random?
GAMECHAT AJ666~@*~*heh nice
GAMECHAT AJ666~@*~*BIZARO SEPHIROTH!!!
PING
PLACEAT 4 2 AJ666
GAMECHAT AJ666~@*~*oh yeah..i lsot...
PLACEAT 3 3 AJ666
CREATETABLE  Open Normal 1 0 0 0 0 0 0 0 0 0 0 0 0 0 0 0 0 0 0 0 0 0 0 0 0 0 0 0 0 0 0 0 0 0@@Triple%20Triad@@ Standard
CHAT /me eats a cookie
PING
MYCARD 0 Forbidden
MYCARD 1 Adamantoise
MYCARD 2 Blue%20Dragon
MYCARD 3 T-Rexaur
MYCARD 4 Elnoyle
READY 1sephiroth1
GAMECHAT Trepie~@*~*ah yes quistes trepe
PLACEAT 6 0 Trepie
PLACEAT 8 3 Trepie
PLACEAT 2 4 Trepie
PLACEAT 3 1 Trepie
PLACEAT 0 2 Trepie
CHAT gg
CHAT i will
JOINTABLE 4
PING
MYCARD 0 T-Rexaur
MYCARD 1 Turtapod
MYCARD 2 Imp
MYCARD 3 Blue%20Dragon
MYCARD 4 Adamantoise
READY 1sephiroth1
GAMECHAT AJ666~@*~*hello again
PLACEAT 2 1 AJ666
PLACEAT 8 2 AJ666
GAMECHAT AJ666~@*~*ah yes jenova synthesis
PLACEAT 1 4 AJ666
PLACEAT 3 0 AJ666
PLACEAT 7 3 AJ666
CHAT gg
CHAT /me is in fedil position in corner from losing so badly
PING
CREATETABLE  Open Normal 1 0 0 0 0 0 0 0 0 0 0 0 0 0 0 0 0 0 0 0 0 0 0 0 0 0 0 0 0 0 0 0 0 0@@Triple%20Triad@@ Standard
CHAT /me holds out a cloth
CHAT any 1 wanna smell this rag? i think it smells like chloroform.
CHAT UMAROO NO!! PUT THAT SHOTGUN DOWN!!!!
PING
JOINTABLE 3
CHAT gilgamesh likes 2 stab i presume
CHAT u sure?
CHAT /me dies in puddle of blood
CHAT /me shoots self in foot
CHAT YAYA!
CHAT lol
PING
CHAT any 1 gonna play me....?
CHAT any 1 gonna play?
MYCARD 0 Death%20Claw
MYCARD 1 Blue%20Dragon
MYCARD 2 Adamantoise
MYCARD 3 T-Rexaur
MYCARD 4 Elnoyle
READY 1sephiroth1
GAMECHAT aLVARO~@*~*yay
PLACEAT 7 3 aLVARO
PING
PLACEAT 2 4 aLVARO
PLACEAT 4 2 aLVARO
PLACEAT 0 0 aLVARO
PLACEAT 5 1 aLVARO
CHAT ouch...
CHAT gg
CHAT well im out all i got stuff to do and people to see!
QUIT 0 1
QUERYTABLES 1
EXTRACHECK
PING
CREATETABLE  Open Normal 1 0 0 0 0 0 0 0 0 0 0 0 0 0 0 0 0 0 0 0 0 0 0 0 0 0 0 0 0 0 0 0 0 0@@Triple%20Triad@@ Standard
MYCARD 0 Imp
MYCARD 1 T-Rexaur
MYCARD 2 GIM47N
MYCARD 3 Blue%20Dragon
MYCARD 4 Elnoyle
READY 1sephiroth1
GAMECHAT iamgod69~@*~*just 1 round ok?
GAMECHAT iamgod69~@*~*i got crap 2 do
PLACEAT 7 1 iamgod69
PLACEAT 6 0 iamgod69
PLACEAT 2 4 iamgod69
PLACEAT 1 2 iamgod69
PING
PLACEAT 0 3 iamgod69
QUIT 0 1
