QUERYTABLES 1
EXTRACHECK
ABNEWDECK FF7
PING
ABNEWDECK FF7
CREATETABLE3
GAMEREADY
TABLECLOSE
QUIT 0 1
QUERYTABLES 1
EXTRACHECK
CREATETABLE
GAMEREADY
MYCARD 0 Bite%20Bug
MYCARD 1 Adamantoise
MYCARD 2 Cactuar
MYCARD 3 Tonberry
MYCARD 4 Funguar
READY 1WingedAngel
PLACEAT 6 2 solidsnake
PLACEAT 8 1 solidsnake
PLACEAT 4 0 solidsnake
PLACEAT 5 3 solidsnake
CREATETABLE3
GAMEREADY
TABLECLOSE
PSTATS 1WingedAngel
PING
CHPASS 1WingedAngel 96091687 sephy6
CREATETABLE
GAMEREADY
MYCARD 0 Adamantoise
MYCARD 1 Grand%20Mantis
MYCARD 2 Abyss%20Worm
MYCARD 3 Anacondaur
MYCARD 4 T-Rexaur
READY 1WingedAngel
PLACEAT 2 0 MixMasta
PLACEAT 8 2 MixMasta
PLACEAT 1 4 MixMasta
PLACEAT 0 1 MixMasta
CREATETABLE3
CHANGERULE SPHEREBREAK 60 50 20
GAMEREADY
SBREADY
SBCOMPLETE 1 99 99 99 12
SBFROZEN
PING
SBFROZEN
CREATETABLE
TABLECLOSE
CREATETABLE
PSTATS 1WingedAngel
GAMEREADY
GAMEREADY
GAMEREADY
MYCARD 0 T-Rexaur
MYCARD 1 Funguar
MYCARD 2 Tonberry
MYCARD 3 Adamantoise
MYCARD 4 Bite%20Bug
READY 1WingedAngel
PLACEAT 0 2 MixMasta
PLACEAT 2 0 MixMasta
PLACEAT 7 3 MixMasta
PING
PLACEAT 4 4 MixMasta
QUIT 0 1
