
LOADGAME atomicstorm pantyraid13>> 132.5594s
TABLEQUERY 1>> 0.068s
EXTRACHECK>> 0.075s
PING>> 0.028s
PING>> 0.035s
PING>> 0.036s
PING>> 0.054s
PING>> 0.043s
PING>> 0.042s
PING>> 0.028s
PING>> 0.048s
PING>> 0.029s
PING>> 0.036s
>> 0s
AWAY 1>> 0.221s
PING>> 0.032s
PING>> 0.029s
PING>> 0.034s
PING>> 0.029s
PING>> 0.031s
WEBSERVICE>> 0.064s
PING>> 0.03s
PING>> 0.032s
PING>> 0.038s
PING>> 0.035s
PING>> 0.034s
PING>> 0.035s
WEBSERVICE>> 0.085s
PING>> 0.075s
WEBSERVICE>> 0.039s
WEBSERVICE>> 0.035s
ABNEWDECK Johto>> 0.598s
WEBSERVICE>> 0.036s
WEBSERVICE>> 0.04s
PING>> 0.033s
PING>> 0.043s
PING>> 0.036s
PING>> 0.057s
PING>> 0.049s
PING>> 0.053s
PING>> 0.034s
PING>> 0.041s
PING>> 0.037s
PING>> 0.051s
PING>> 0.038s
PING>> 0.045s
WEBSERVICE>> 0.042s
WEBSERVICE>> 0.086s
PING>> 0.039s