
LOADGAME darklumina2 pantyraid13>> 0.409s
EXTRACHECK>> 0.054s
TABLEJOIN 1>> 0.633s
GAMEREADY>> 0.126s
WEBSERVICE>> 0.034s
PING>> 0.027s
LOADGAME darklumina2 pantyraid13>> 0.355s
EXTRACHECK>> 0.068s
PING>> 0.032s
TABLEJOIN 1>> 0.554s
WEBSERVICE>> 0.027s
WEBSERVICE>> 0.034s
GAMEREADY>> 0.135s
TT_PLACEAT 8 3>> 0.154s
TT_PLACEAT 7 4>> 0.155s
TT_PLACEAT 5 0>> 0.354s
TT_PLACEAT 2 2>> 0.15s
PING>> 0.038s
PING>> 0.027s
PING>> 0.04s
PING>> 0.026s
PING>> 0.026s
PING>> 0.026s
PING>> 0.028s
PING>> 0.029s
LOADGAME darklumina2 pantyraid13>> 0.8424s
TABLEQUERY 1>> 0.0468s
EXTRACHECK>> 0.0468s
TABLEJOIN 1>> 0.9828s
GAMEREADY>> 0.1248s
PING>> 0.0468s
LOADGAME darklumina2 pantyraid13>> 0.72s
TABLEQUERY 1>> 0.0624s
EXTRACHECK>> 0.0624s
TABLEJOIN 1>> 1.0838s
PING>> 0.0468s
GAMEREADY>> 0.1092s
GAMEREADY>> 0.546s
TABLECLOSE>> 0.156s
LOADGAME darklumina2 pantyraid13>> 0.518s
TABLEQUERY 1>> 0.038s
EXTRACHECK>> 0.028s
PING>> 0.027s
PING>> 0.029s
PING>> 0.027s
LOADGAME darklumina2 pantyraid13>> 0.31s
TABLEQUERY 1>> 0.031s
EXTRACHECK>> 0.026s
PING>> 0.026s
WEBSERVICE>> 0.036s