
LOADGAME darklumina pantyraid13>> 0.53125s
EXTRACHECK>> 0.0625s
CHAT :O>> 0.1875s
PM brain-bot hi>> 0.296875s
PING>> 0.03125s
PM crab-bot gggg>> 16.65625s
PM esthar-bot :P>> 3.34375s
PING>> 0.03125s
WEBSERVICE>> 0.03125s
WEBSERVICE>> 0.03125s
LOADGAME darklumina pantyraid13>> 0.546875s
EXTRACHECK>> 0.0625s
PING>> 0.03125s
PING>> 0.03125s
WEBSERVICE>> 0.046875s
WEBSERVICE>> 0.0625s
LOADGAME darklumina pantyraid13>> 1.811s
TABLEQUERY 1>> 0.041s
EXTRACHECK>> 0.031s
PING>> 0.028s
ADMINLOGIN 41257448>> 0.2s
WEBSERVICE>> 0.029s
LOADGAME darklumina pantyraid13>> 0.985s
TABLEQUERY 1>> 0.035s
EXTRACHECK>> 0.027s
TABLECREATE>> 0.252s
GAMEREADY>> 1.844s
PING>> 0.029s
WEBSERVICE>> 0.036s
LOADGAME darklumina pantyraid13>> 0.608s
EXTRACHECK>> 0.057s
TABLECREATE>> 0.369s
WEBSERVICE>> 0.005s
CHANGERULE 0 1 1 0 0 0 0 0 0 0 0 0 0 0 0 0 0 0 0 0 0 0 0 0 0 0 0 0 0 0 0 0 0 0 0 0 0 0 0 0@@Triple%20Triad@@ Anime Anime2 CC FF7 FF9 FFAC FFT FFX KingdomHearts Nintendo Sega Standard Suikoden2 XenoTrigger>> 0.179s
PING>> 0.027s
PING>> 0.027s
GAMEREADY>> 1.128s
>> 0s
AWAY 0>> 0.682s
TT_PLACEAT 3 2>> 0.173s
TT_PLACEAT 4 1>> 0.17s
TT_PLACEAT 0 0>> 0.2s
TT_PLACEAT 1 3>> 1.4s
PING>> 0.03s
PING>> 0.028s
PING>> 0.027s
PING>> 0.026s
PING>> 0.029s
PING>> 0.032s
PING>> 0.036s
PING>> 0.029s
LOADGAME darklumina pantyraid13>> 1.001s
TABLEQUERY 1>> 0.057s
EXTRACHECK>> 0.026s
PING>> 0.029s
PING>> 0.049s
PING>> 0.026s
PING>> 0.03s
PING>> 0.028s
PING>> 0.032s
CHAT ;p>> 0.163s
PING>> 0.031s
CHAT lets try tt>> 0.169s
TABLECREATE>> 0.179s
WEBSERVICE>> 0.034s
CHANGERULE 0 1 1 0 0 0 0 0 0 0 0 0 0 0 0 0 0 0 0 0 0 0 0 0 0 0 0 0 0 0 0 0 0 0 0 0 0 0 0 0@@Triple%20Triad@@ Anime Anime2 CC FF7 FF9 FFAC FFT FFX KingdomHearts Nintendo Sega Standard Suikoden2 XenoTrigger>> 0.851s
GAMEREADY>> 0.598s
TT_PLACEAT 0 0>> 0.661s
TT_PLACEAT 3 1>> 0.219s
TT_PLACEAT 7 2>> 0.278s
TT_PLACEAT 8 3>> 0.335s
TT_PLACEAT 2 4>> 0.891s
PING>> 0.03s
CHAT lets try that again.. need to see why i get double msgs>> 0.17s
TABLECREATE2 OMNITT_RANDOM 5>> 0.205s
CHANGERULE OTT OMNITT_RANDOM 7>> 0.189s
GAMEREADY>> 0.755s
OTTPLACEAT 1>> 0.304s
OTTPLACEAT 5>> 0.333s
OTTPLACEAT 7>> 0.269s
PING>> 0.027s
OTTPLACEAT 12>> 0.224s
OTTPLACEAT 10>> 0.254s
OTTPLACEAT 16>> 0.292s
OTTPLACEAT 21>> 0.254s
OTTPLACEAT 22>> 0.256s
OTTPLACEAT 23>> 0.864s
PING>> 0.028s
CHAT one moment>> 0.432s
PING>> 0.036s
PING>> 0.026s
CHAT lag will be less>> 0.17s
PING>> 0.029s
PING>> 0.029s
PING>> 0.034s
TABLECREATE>> 0.169s
WEBSERVICE>> 0.028s
CHANGERULE 0 1 1 0 0 0 0 0 0 0 0 0 0 0 0 0 0 0 0 0 0 0 0 0 0 0 0 0 0 0 0 0 0 0 0 0 0 0 0 0@@Triple%20Triad@@ Anime Anime2 CC FF7 FF9 FFAC FFT FFX KingdomHearts Nintendo Sega Standard Suikoden2 XenoTrigger>> 0.19s
GAMEREADY>> 0.113s
TT_PLACEAT 6 2>> 0.764s
TT_PLACEAT 8 1>> 0.204s
TT_PLACEAT 3 0>> 0.216s
TT_PLACEAT 5 3>> 0.344s
PING>> 0.03s
>> 0s
PING>> 136.775s
CHAT hmm>> 0.225s
CHAT double on draws>> 0.213s
LOADGAME darklumina pantyraid13>> 0.495s
EXTRACHECK>> 0.059s
TABLECREATE>> 0.203s
WEBSERVICE>> 0.028s
CHANGERULE 0 1 1 0 0 0 0 0 0 0 0 0 0 0 0 0 0 0 0 0 0 0 0 0 0 0 0 0 0 0 0 0 0 0 0 0 0 0 0 0@@Triple%20Triad@@ Anime Anime2 CC FF7 FF9 FFAC FFT FFX KingdomHearts Nintendo Sega Standard Suikoden2 XenoTrigger>> 0.256s
GAMEREADY>> 0.717s
TT_PLACEAT 0 2>> 0.339s
PING>> 0.03s
TT_PLACEAT 4 0>> 0.223s
TT_PLACEAT 8 1>> 0.602s
GAMECHAT ~@*~*pi pi>> 0.048s
TT_PLACEAT 3 3>> 0.296s
TABLECREATE MEMORY>> 0.197s
PING>> 0.026s
GAMEREADY>> 0.488s
MEMORYSLOT 0 1>> 0.236s
MEMORYSLOT 1 2>> 0.21s
MEMORYSLOT 6 1>> 0.081s
MEMORYSLOT 18 2>> 0.307s
MEMORYSLOT 12 1>> 0.082s
MEMORYSLOT 1 2>> 0.175s
MEMORYSLOT 7 1>> 0.084s
MEMORYSLOT 19 2>> 0.177s
MEMORYSLOT 1 1>> 0.072s
MEMORYSLOT 4 2>> 0.198s
MEMORYSLOT 9 1>> 0.083s
MEMORYSLOT 10 2>> 0.302s
PING>> 0.026s
MEMORYSLOT 15 1>> 0.373s
MEMORYSLOT 14 2>> 0.364s
MEMORYSLOT 16 1>> 0.08s
MEMORYSLOT 11 2>> 0.364s
MEMORYSLOT 21 1>> 0.073s
MEMORYSLOT 8 2>> 1.114s
MEMORYSLOT 12 1>> 0.081s
MEMORYSLOT 8 2>> 0.21s
MEMORYSLOT 2 1>> 0.075s
MEMORYSLOT 0 2>> 0.341s
MEMORYSLOT 3 1>> 0.093s
MEMORYSLOT 1 2>> 0.314s
MEMORYSLOT 22 1>> 0.10s
MEMORYSLOT 20 2>> 0.937s
CHAT ill take that out of TTM.. cant really turbo TTM>> 0.177s
PING>> 0.026s
CHAT huh?>> 0.167s
CHAT yea u can turbo tt>> 0.141s
TABLECREATE>> 0.182s
PING>> 0.029s
WEBSERVICE>> 0.061s
CHANGERULE 0 1 1 0 0 0 0 0 0 0 0 0 0 0 0 0 0 0 0 0 0 0 0 0 0 0 0 0 0 0 0 0 0 0 0 0 0 0 0 0@@Triple%20Triad@@ Anime Anime2 CC FF7 FF9 FFAC FFT FFX KingdomHearts Nintendo Sega Standard Suikoden2 XenoTrigger>> 0.223s
GAMEREADY>> 0.507s
TT_PLACEAT 8 4>> 0.291s
TT_PLACEAT 3 2>> 0.294s
TT_PLACEAT 1 0>> 0.204s
TT_PLACEAT 4 1>> 0.206s
PING>> 0.03s
CHAT well thats not good>> 0.157s
TABLECREATE>> 0.186s
WEBSERVICE>> 0.027s
CHANGERULE 0 1 1 0 0 0 0 0 0 0 0 0 0 0 0 0 0 0 0 0 0 0 0 0 0 0 0 0 0 0 0 0 0 0 0 0 0 0 0 0@@Triple%20Triad@@ Anime Anime2 CC FF7 FF9 FFAC FFT FFX KingdomHearts Nintendo Sega Standard Suikoden2 XenoTrigger>> 0.387s
GAMEREADY>> 0.479s
TT_PLACEAT 5 1>> 0.283s
PING>> 0.033s
TT_PLACEAT 2 0>> 0.164s
TT_PLACEAT 1 2>> 0.23s
TT_PLACEAT 7 3>> 0.222s
LOADGAME darklumina pantyraid13>> 0.428s
TABLEQUERY 1>> 0.031s
EXTRACHECK>> 0.027s
PING>> 0.033s
TABLECREATE>> 0.18s
WEBSERVICE>> 0.04s
CHANGERULE 0 1 1 0 0 0 0 0 0 0 0 0 0 0 0 0 0 0 0 0 0 0 0 0 0 0 0 0 0 0 0 0 0 0 0 0 0 0 0 0@@Triple%20Triad@@ Anime Anime2 CC FF7 FF9 FFAC FFT FFX KingdomHearts Nintendo Sega Standard Suikoden2 XenoTrigger>> 0.247s
GAMEREADY>> 0.734s
TT_PLACEAT 8 4>> 0.404s
TT_PLACEAT 3 2>> 0.147s
TT_PLACEAT 0 0>> 0.252s
TT_PLACEAT 5 1>> 0.229s
>> 0s
PING>> 23.01s
CHAT brb>> 0.188s
LOADGAME darklumina pantyraid13>> 0.594s
EXTRACHECK>> 0.06s
PING>> 0.057s
WEBSERVICE>> 0.03s
WEBSERVICE>> 0.027s
PING>> 0.029s
PING>> 0.026s
PING>> 0.026s
PING>> 0.03s
PING>> 0.058s
PING>> 0.043s
PING>> 0.028s
WEBSERVICE>> 0.029s
WEBSERVICE>> 0.029s
ABNEWDECK Crusade>> 0.654s
WEBSERVICE>> 0.03s
WEBSERVICE>> 0.037s
PING>> 0.029s
PING>> 0.032s
>> 0s
AWAY 1>> 0.454s
PING>> 0.036s
PING>> 0.027s
PING>> 0.029s
PING>> 0.029s
WEBSERVICE>> 0.029s
WEBSERVICE>> 0.027s
LOADGAME darklumina pantyraid13>> 0.612s
TABLEQUERY 1>> 0.031s
EXTRACHECK>> 0.027s
PING>> 0.0312s
PING>> 0.027s
PING>> 0.035s
>> 0s
AWAY 0>> 0.633s
PING>> 0.029s
PING>> 0.03s
PING>> 0.029s
PING>> 0.029s
PING>> 0.037s
PING>> 0.026s
PING>> 0.026s
CHAT yugioh is on :)>> 0.176s
PING>> 0.026s
CHAT double duel series.. they are advertising it as if itll be the last time itll ever be on tv (as they say)>> 0.194s
PING>> 0.029s
CHAT im 25.. and i dont watch pokemon>> 0.236s
TABLECREATE>> 0.248s
WEBSERVICE>> 0.029s
PING>> 0.029s
TABLECLOSE>> 0.325s
PING>> 0.028s
LOADGAME darklumina pantyraid13>> 0.572s
TABLEQUERY 1>> 0.042s
EXTRACHECK>> 0.026s
PING>> 0.033s
PING>> 0.036s
PING>> 0.059s
WEBSERVICE>> 0.031s
PING>> 0.081s
PING>> 0.028s
WEBSERVICE>> 0.04s
CARDPACK Elders%20Invention>> 0.988s
CHAT piss off>> 0.034s
>> 0s
PING>> 0.48s
CARDPACK Apostels%20Pleasure>> 0.566s
CARDPACK Pandemoniums%20Paradox>> 0.598s
CARDPACK Vampires%20Coffin>> 0.573s
CARDPACK The%20Crusades>> 0.771s
PING>> 0.036s
PING>> 0.026s
WEBSERVICE>> 0.029s
WEBSERVICE>> 0.035s
WEBSERVICE>> 0.052s
PING>> 0.032s
PING>> 0.041s
PING>> 0.041s
PING>> 0.036s
PING>> 0.062s
PING>> 0.034s
WEBSERVICE>> 0.031s
WEBSERVICE>> 0.03s
ALTERNATESET 60>> 0.2s
WEBSERVICE>> 0.034s
ALTERNATESET 60>> 0.181s
LOADGAME darklumina pantyraid13>> 0.695s
EXTRACHECK>> 0.058s
PING>> 0.027s
TABLECREATE>> 0.179s
WEBSERVICE>> 0.026s
PING>> 0.03s
CHANGERULE 0 1 1 0 0 0 0 0 0 0 0 0 0 0 0 0 0 0 0 0 0 0 0 0 0 0 0 1 0 0 0 0 0 0 0 0 0 0 0 0@@Triple%20Triad@@ Anime Anime2 CC Crusade FF7 FF9 FFAC FFT FFX KingdomHearts Nintendo Sega Standard Suikoden2 XenoTrigger>> 0.253s
GAMEREADY>> 0.704s
TT_PLACEAT 7 4>> 0.556s
TT_PLACEAT 3 3>> 0.209s
TT_PLACEAT 0 0>> 0.223s
TT_PLACEAT 2 1>> 0.149s
PING>> 0.028s
CHAT sec>> 0.158s
LOADGAME darklumina pantyraid13>> 1.866s
EXTRACHECK>> 0.061s
PING>> 0.037s
TABLECREATE>> 0.194s
PING>> 0.027s
WEBSERVICE>> 0.028s
CHANGERULE 0 1 1 0 0 0 0 0 0 0 0 0 0 0 0 0 0 0 0 0 0 0 0 0 0 0 0 1 0 0 0 0 0 0 0 0 0 0 0 0@@Triple%20Triad@@ Anime Anime2 CC Crusade FF7 FF9 FFAC FFT FFX KingdomHearts Nintendo Sega Standard Suikoden2 XenoTrigger>> 0.238s
GAMEREADY>> 0.716s
TT_PLACEAT 3 1>> 0.164s
PING>> 0.026s
TT_PLACEAT 2 3>> 0.213s
TT_PLACEAT 1 2>> 0.194s
TT_PLACEAT 4 4>> 0.149s
CHAT 7 gold, 5 ap>> 0.173s
PING>> 0.029s
TABLECREATE>> 0.151s
WEBSERVICE>> 0.032s
CHANGERULE 0 1 1 0 0 0 0 0 0 0 0 0 0 0 0 0 0 0 0 0 0 0 0 0 0 0 0 1 0 0 0 0 0 0 0 0 0 0 0 0@@Triple%20Triad@@ Anime Anime2 CC Crusade FF7 FF9 FFAC FFT FFX KingdomHearts Nintendo Sega Standard Suikoden2 XenoTrigger>> 0.182s
GAMEREADY>> 0.535s
PING>> 0.032s
TT_PLACEAT 7 4>> 0.649s
TT_PLACEAT 0 0>> 0.162s
TT_PLACEAT 3 1>> 0.185s
TT_PLACEAT 8 3>> 0.316s
>> 0s
PING>> 13.718s
LOADGAME darklumina pantyraid13>> 0.57s
EXTRACHECK>> 0.067s
PING>> 0.037s
TABLECREATE>> 0.17s
WEBSERVICE>> 0.027s
CHANGERULE 0 1 1 0 0 0 0 0 0 0 0 0 0 0 0 0 0 0 0 0 0 0 0 0 0 0 0 1 0 0 0 0 0 0 0 0 0 0 0 0@@Triple%20Triad@@ Anime Anime2 CC Crusade FF7 FF9 FFAC FFT FFX KingdomHearts Nintendo Sega Standard Suikoden2 XenoTrigger>> 0.276s
PING>> 0.028s
GAMEREADY>> 0.8s
TT_PLACEAT 3 4>> 0.208s
TT_PLACEAT 2 2>> 0.203s
TT_PLACEAT 0 1>> 0.207s
PING>> 0.029s
TT_PLACEAT 1 3>> 0.219s
PING>> 0.03s
TABLECREATE>> 0.164s
WEBSERVICE>> 0.027s
CHANGERULE 0 1 1 0 0 0 0 0 0 0 0 0 0 0 0 0 0 0 0 0 0 0 0 0 0 0 0 0 0 0 0 0 0 0 0 0 0 0 0 0@@Triple%20Triad@@ Anime Anime2 CC Crusade FF7 FF9 FFAC FFT FFX KingdomHearts Nintendo Sega Standard Suikoden2 XenoTrigger>> 0.164s
PING>> 0.032s
GAMEREADY>> 0.889s
TT_PLACEAT 0 4>> 0.179s
TT_PLACEAT 6 1>> 0.176s
TT_PLACEAT 7 0>> 0.256s
TT_PLACEAT 4 3>> 0.205s
PING>> 0.029s
TT_PLACEAT 2 2>> 1.269s
TABLECREATE2 OMNITT_RANDOM 5>> 0.164s
GAMEREADY>> 0.682s
OTTPLACEAT 5>> 0.394s
PING>> 0.026s
OTTPLACEAT 10>> 0.222s
OTTPLACEAT 12>> 0.409s
OTTPLACEAT 24>> 0.272s
OTTPLACEAT 20>> 0.296s
OTTPLACEAT 16>> 0.284s
OTTPLACEAT 14>> 0.328s
PING>> 0.027s
OTTPLACEAT 23>> 0.311s
OTTCARDDISCARD>> 0.126s
OTTPLACEAT 22>> 0.604s
OTTPLACEAT 18>> 1.339s
PING>> 0.029s
CHAT no exp.. 1 sec>> 0.185s
PING>> 0.029s
PING>> 0.033s
PING>> 0.037s
PING>> 0.033s
PING>> 0.029s
PING>> 0.029s
PING>> 0.026s
PING>> 0.029s
PING>> 0.029s
>> 0s
AWAY 1>> 0.287s
PING>> 0.029s
PING>> 0.03s
LOADGAME darklumina pantyraid13>> 0.611s
EXTRACHECK>> 0.059s
PING>> 0.027s
PING>> 0.028s
PING>> 0.046s
PING>> 0.036s
PING>> 0.03s
TABLECREATE2 OMNITT_RANDOM 5>> 0.155s
PING>> 0.035s
GAMEREADY>> 0.104s
>> 0s
AWAY 0>> 0.671s
>> 0s
PING>> 1.603s
OTTPLACEAT 7>> 0.241s
OTTPLACEAT 8>> 0.365s
OTTPLACEAT 11>> 1.006s
PING>> 0.042s
OTTPLACEAT 13>> 0.284s
OTTPLACEAT 16>> 0.322s
OTTPLACEAT 18>> 0.373s
OTTPLACEAT 23>> 0.282s
OTTPLACEAT 21>> 8.264s
PING>> 0.028s
PING>> 0.032s
TABLECREATE3>> 0.169s
GAMEREADY>> 0.775s
SBREADY>> 0.875s
SBCOMPLETE 99 2 99 99 1>> 0.611s
PING>> 0.036s
SBCOMPLETE 99 99 3 99 7>> 0.664s
SBCOMPLETE 99 2 99 99 9>> 0.716s
SBFROZEN>> 0.063s
PING>> 0.061s
PING>> 0.026s
CHAT ah so i did>> 0.149s
TABLECREATE MEMORY>> 0.152s
PING>> 0.039s
GAMEREADY>> 0.49s
MEMORYSLOT 0 1>> 0.247s
MEMORYSLOT 1 2>> 0.21s
MEMORYSLOT 0 1>> 0.08s
MEMORYSLOT 18 2>> 0.19s
MEMORYSLOT 13 1>> 0.088s
MEMORYSLOT 21 2>> 0.155s
MEMORYSLOT 20 1>> 0.084s
MEMORYSLOT 22 2>> 0.192s
MEMORYSLOT 11 1>> 0.107s
MEMORYSLOT 0 2>> 0.405s
MEMORYSLOT 5 1>> 0.228s
MEMORYSLOT 21 2>> 0.669s
MEMORYSLOT 23 1>> 0.074s
MEMORYSLOT 10 2>> 0.248s
MEMORYSLOT 3 1>> 0.089s
MEMORYSLOT 20 2>> 0.299s
MEMORYSLOT 2 1>> 0.072s
MEMORYSLOT 14 2>> 0.285s
MEMORYSLOT 7 1>> 0.104s
PING>> 0.039s
MEMORYSLOT 8 2>> 0.142s
MEMORYSLOT 18 1>> 0.099s
MEMORYSLOT 17 2>> 0.215s
MEMORYSLOT 13 1>> 0.13s
MEMORYSLOT 15 2>> 0.158s
MEMORYSLOT 22 1>> 0.083s
MEMORYSLOT 9 2>> 0.263s
MEMORYSLOT 6 1>> 0.123s
MEMORYSLOT 8 2>> 0.243s
MEMORYSLOT 12 1>> 0.08s
MEMORYSLOT 4 2>> 0.183s
MEMORYSLOT 4 1>> 0.074s
MEMORYSLOT 13 2>> 0.23s
MEMORYSLOT 7 1>> 0.086s
MEMORYSLOT 12 2>> 0.247s
MEMORYSLOT 19 1>> 0.094s
MEMORYSLOT 15 2>> 0.349s
MEMORYSLOT 16 1>> 0.085s
MEMORYSLOT 1 2>> 1.462s
CHAT ahahahaha>> 0.15s
PING>> 0.027s
CHAT ok i think its taken care of>> 0.165s
LOADGAME darklumina pantyraid13>> 0.944s
EXTRACHECK>> 0.059s
PING>> 0.029s
PING>> 0.032s
PING>> 0.032s
PING>> 0.029s
PING>> 0.033s
PING>> 0.038s
PING>> 0.029s
PING>> 0.03s
WEBSERVICE>> 0.034s
WEBSERVICE>> 0.034s
PING>> 0.029s
PING>> 0.028s
>> 0s
AWAY 1>> 0.221s
PING>> 0.027s
PING>> 0.028s
PING>> 0.028s
PING>> 0.029s
PING>> 0.049s
PING>> 0.029s
PING>> 0.028s
PING>> 0.028s
WEBSERVICE>> 0.026s
WEBSERVICE>> 0.042s
PING>> 0.033s
LOADGAME darklumina pantyraid13>> 0.355s
LOADGAME darklumina pantyraid13>> 0.345s
TABLEQUERY 1>> 0.029s
EXTRACHECK>> 0.033s
PING>> 0.028s
WEBSERVICE>> 0.032s
WEBSERVICE>> 0.028s
LOADGAME darklumina pantyraid13>> 0.265s
TABLEQUERY 1>> 0.03s
EXTRACHECK>> 0.034s
PING>> 0.026s
WEBSERVICE>> 0.027s
WEBSERVICE>> 0.031s
PING>> 0.029s
WEBSERVICE>> 0.027s
PING>> 0.03s
WEBSERVICE>> 0.044s
PING>> 0.031s
LOADGAME darklumina pantyraid13>> 0.288s
TABLEQUERY 1>> 0.029s
EXTRACHECK>> 0.031s
WEBSERVICE>> 0.027s
WEBSERVICE>> 0.043s
LOADGAME darklumina pantyraid13>> 0.619s
TABLEQUERY 1>> 0.029s
EXTRACHECK>> 0.033s
WEBSERVICE>> 0.026s
WEBSERVICE>> 0.028s
PING>> 0.033s
PING>> 0.044s
PING>> 0.033s
LOADGAME darklumina pantyraid13>> 0.238s
TABLEQUERY 1>> 0.027s
EXTRACHECK>> 0.029s
PING>> 0.029s
WEBSERVICE>> 0.027s
WEBSERVICE>> 0.027s
LOADGAME darklumina pantyraid13>> 1.034s
TABLEQUERY 1>> 0.033s
EXTRACHECK>> 0.031s
WEBSERVICE>> 0.027s
WEBSERVICE>> 0.027s
WEBSERVICE>> 0.027s
PING>> 0.026s
WEBSERVICE>> 0.035s
WEBSERVICE>> 0.04s
PING>> 0.026s
LOADGAME darklumina pantyraid13>> 0.603s
TABLEQUERY 1>> 0.045s
EXTRACHECK>> 0.037s
WEBSERVICE>> 0.031s
WEBSERVICE>> 0.029s
WEBSERVICE>> 0.028s
WEBSERVICE>> 0.031s
PING>> 0.044s
LOADGAME darklumina pantyraid13>> 0.585s
TABLEQUERY 1>> 0.034s
EXTRACHECK>> 0.031s
WEBSERVICE>> 0.029s
WEBSERVICE>> 0.03s
WEBSERVICE>> 0.029s
WEBSERVICE>> 0.046s
WEBSERVICE>> 0.027s
LOADGAME darklumina pantyraid13>> 1.068s
TABLEQUERY 1>> 0.031s
EXTRACHECK>> 0.027s
PING>> 0.034s
PING>> 0.027s
LOADGAME darklumina pantyraid13>> 0.65s
TABLEQUERY 1>> 0.03s
EXTRACHECK>> 0.037s
TABLECREATE>> 0.18s
PING>> 0.036s
WEBSERVICE>> 0.046s
>> 0s
PING>> 129.564s
PING>> 0.036s
WEBSERVICE>> 0.03s
PING>> 0.037s
>> 0s
PING>> 34.546s
WEBSERVICE>> 0.029s
>> 0s
PING>> 38.297s
WEBSERVICE>> 0.077s
CHANGERULE 0 0 1 0 0 0 0 0 0 0 0 0 0 0 0 0 0 0 0 1 0 0 0 0 0 0 0 0 0 0 0 0 0 1 0 0 0 0 0 0@@Triple%20Triad@@ Anime Anime2 CC Crusade FF7 FF9 FFAC FFT FFX KingdomHearts Nintendo Sega Standard Suikoden2 XenoTrigger>> 20.638s
WEBSERVICE>> 0.036s
>> 0s
>> 0s
>> 0s
AWAY 1>> 184.239s
WEBSERVICE>> 0.026s
PING>> 0.029s
>> 0s
WEBSERVICE>> 36.398s
PING>> 0.029s
PING>> 0.035s
PING>> 0.03s
PING>> 0.036s
CHANGERULE 1 1 1 0 0 0 0 0 1 1 0 0 0 0 0 1 0 1 0 1 0 0 0 0 0 0 0 0 0 0 0 0 0 1 0 0 0 0 0 0@@Triple%20Triad@@ Anime Anime2 CC Crusade FF7 FF9 FFAC FFT FFX KingdomHearts Nintendo Sega Standard Suikoden2 XenoTrigger>> 24.941s
WEBSERVICE>> 0.027s
PING>> 0.026s
CHANGERULE 0 1 1 0 0 0 0 0 1 1 0 0 0 0 0 1 0 1 1 0 1 0 0 0 1 0 0 0 0 0 0 0 0 0 0 0 0 0 0 1@@Triple%20Triad@@ Anime Anime2 CC Crusade FF7 FF9 FFAC FFT FFX KingdomHearts Nintendo Sega Standard Suikoden2 XenoTrigger>> 8.415s
WEBSERVICE>> 0.026s
PING>> 0.026s
CHANGERULE 0 1 1 0 0 1 7 0 1 1 0 0 0 0 0 0 0 1 0 0 0 0 0 0 0 0 0 1 0 0 0 0 0 0 0 0 0 0 0 0@@Triple%20Triad@@ Anime Anime2 CC Crusade FF7 FF9 FFAC FFT FFX KingdomHearts Nintendo Sega Standard Suikoden2 XenoTrigger>> 25.223s
WEBSERVICE>> 0.029s
LOADGAME darklumina pantyraid13>> 0.607s
TABLEQUERY 1>> 0.037s
EXTRACHECK>> 0.034s
WEBSERVICE>> 0.027s
WEBSERVICE>> 0.027s
WEBSERVICE>> 0.028s
PING>> 0.027s
PING>> 0.028s
PING>> 0.028s
WEBSERVICE>> 0.027s
WEBSERVICE>> 0.027s
TOURNAMENTCREATE Test%20Tournament Double%20Elimination AP 600 OTT Random/5>> 0.498s
PING>> 0.041s
LOADGAME darklumina pantyraid13>> 0.969s
TABLEQUERY 1>> 0.033s
EXTRACHECK>> 0.037s
PING>> 0.026s
LOADGAME darklumina pantyraid13>> 0.346s
TABLEQUERY 1>> 0.033s
EXTRACHECK>> 0.036s
WEBSERVICE>> 0.026s
PING>> 0.028s
LOADGAME darklumina pantyraid13>> 2.04s
TABLEQUERY 1>> 0.067s
EXTRACHECK>> 0.049s
LOADGAME darklumina pantyraid13>> 0.404s
TABLEQUERY 1>> 0.081s
EXTRACHECK>> 0.045s
PING>> 0.048s
>> 0s
AWAY 0>> 0.496s
LOADGAME darklumina pantyraid13>> 0.427s
TABLEQUERY 1>> 0.067s
EXTRACHECK>> 0.055s
PING>> 0.028s
CHAT  >> 0.171s
LOADGAME darklumina pantyraid13>> 0.511s
TABLEQUERY 1>> 0.046s
EXTRACHECK>> 0.082s
PING>> 0.085s
WEBSERVICE>> 0.03s
WEBSERVICE>> 0.033s
CHAT  >> 0.173s
ADMINLOGIN 41257448>> 0.407s
WEBSERVICE>> 0.059s
CHAT  >> 0.164s
CHAT  >> 0.202s
PING>> 0.037s
LOADGAME darklumina pantyraid13>> 0.95s
TABLEQUERY 1>> 0.142s
EXTRACHECK>> 0.028s
CHAT  >> 0.185s
CHAT  >> 0.196s
PING>> 0.029s
CHAT  >> 0.341s
CHAT  >> 0.165s
>> 0s
PING>> 1.721s
TABLEQUERY 1>> 0.096s
EXTRACHECK>> 0.046s
WEBSERVICE>> 0.042s
WEBSERVICE>> 0.034s
WEBSERVICE>> 0.033s
WEBSERVICE>> 0.04s
PING>> 0.035s
PING>> 0.051s
PING>> 0.041s
PING>> 0.028s
LOADGAME darklumina pantyraid13>> 3.04s
TABLEQUERY 1>> 0.09s
EXTRACHECK>> 0.069s
WEBSERVICE>> 0.03s
LOADGAME darklumina pantyraid13>> 0.658s
TABLEQUERY 1>> 0.069s
EXTRACHECK>> 0.055s
PING>> 0.039s
PING>> 0.029s
PING>> 0.032s
PING>> 0.029s
PING>> 0.037s
WEBSERVICE>> 0.03s
WEBSERVICE>> 0.056s
PING>> 0.094s
LOADGAME darklumina pantyraid13>> 0.808s
TABLEQUERY 1>> 0.051s
EXTRACHECK>> 0.058s
WEBSERVICE>> 0.05s
WEBSERVICE>> 0.043s
PING>> 0.095s
PING>> 0.058s
WEBSERVICE>> 0.035s
WEBSERVICE>> 0.059s
PING>> 0.034s
WEBSERVICE>> 0.039s
PING>> 0.04s
LOADGAME darklumina pantyraid13>> 0.769s
TABLEQUERY 1>> 0.053s
EXTRACHECK>> 0.038s
WEBSERVICE>> 0.057s
PING>> 0.031s
WEBSERVICE>> 0.034s
LOADGAME darklumina pantyraid13>> 0.613s
LOADGAME darklumina pantyraid13>> 0.529s
TABLEQUERY 1>> 0.046s
EXTRACHECK>> 0.032s
WEBSERVICE>> 0.071s
WEBSERVICE>> 0.04s
PING>> 0.089s
WEBSERVICE>> 0.049s
PING>> 0.084s
PING>> 0.073s
LOADGAME darklumina pantyraid13>> 0.548s
TABLEQUERY 1>> 0.045s
EXTRACHECK>> 0.035s
WEBSERVICE>> 0.038s
WEBSERVICE>> 0.032s
WEBSERVICE>> 0.039s
WEBSERVICE>> 0.036s
PING>> 0.059s
WEBSERVICE>> 0.042s
WEBSERVICE>> 0.029s
WEBSERVICE>> 0.036s
WEBSERVICE>> 0.031s
WEBSERVICE>> 0.039s
WEBSERVICE>> 0.033s
WEBSERVICE>> 0.029s
PING>> 0.029s
PING>> 0.033s
PING>> 0.036s
WEBSERVICE>> 0.043s
WEBSERVICE>> 0.03s
WEBSERVICE>> 0.043s
WEBSERVICE>> 0.04s
WEBSERVICE>> 0.031s
WEBSERVICE>> 0.035s
WEBSERVICE>> 0.029s
ALTERNATETRAIN active>> 1.381s
PING>> 0.037s
LOADGAME darklumina pantyraid13>> 3.4196s
TABLEQUERY 1>> 0.1092s
EXTRACHECK>> 0.078s
TABLECREATE>> 0.2652s
WEBSERVICE>> 0.1248s
PING>> 0.0468s
CHANGERULE 0 0 0 0 0 0 0 0 0 0 0 0 0 1 -5000 0 0 0 0 0 0 0 0 0 0 0 0 0 0 0 0 0 0 0 0 0 0 0 0 0@@Triple%20Triad@@ Anime2 CC Crusade FF7 FF9 FFAC FFT FFX KingdomHearts Nintendo Sega Standard Suikoden2 XenoTrigger>> 7.1916s
PING>> 0.0312s
WEBSERVICE>> 0.0312s
PING>> 0.2496s
TABLECLOSE>> 0.1092s
PING>> 0.0312s
PING>> 0.0312s
PING>> 0.0468s
PING>> 0.0468s
PING>> 0.0312s
PING>> 0.0312s
PING>> 0.0312s
TABLECREATE>> 0.2808s
WEBSERVICE>> 0.0312s
CHANGERULE 0 0 1 0 0 0 0 0 0 0 0 0 0 1 -5000 0 0 0 0 0 0 0 0 0 0 0 0 0 0 0 0 0 0 0 0 0 0 0 0 0@@Triple%20Triad@@ Anime Anime2 CC Crusade FF7 FF9 FFAC FFT FFX KingdomHearts Nintendo Sega Standard Suikoden2 XenoTrigger>> 0.1716s
PING>> 0.0468s
PING>> 0.0312s
PING>> 0.0468s
PING>> 0.0468s
PING>> 0.0468s
PING>> 0.0312s
PING>> 0.0468s
PING>> 0.029s
GAMEREADY>> 1.0452s
PING>> 0.0312s
LOADGAME darklumina pantyraid13>> 1.232s
TABLEQUERY 1>> 0.0624s
EXTRACHECK>> 0.078s
TABLECREATE>> 0.2808s
WEBSERVICE>> 0.0312s
CHANGERULE 0 0 1 0 0 0 0 0 0 0 0 0 0 0 -5000 0 0 0 0 0 0 0 0 0 0 0 0 0 0 0 0 0 0 0 0 0 0 0 0 0@@Triple%20Triad@@ Anime Anime2 CC Crusade FF7 FF9 FFAC FFT FFX KingdomHearts Nintendo Sega Standard Suikoden2 XenoTrigger>> 0.2652s
PING>> 0.0312s
WEBSERVICE>> 0.0312s
CHANGERULE 0 0 1 0 0 0 0 0 0 0 0 0 0 1 -5000 0 0 0 0 0 0 0 0 0 0 0 0 0 0 0 0 0 0 0 0 0 0 0 0 0@@Triple%20Triad@@ Anime Anime2 CC Crusade FF7 FF9 FFAC FFT FFX KingdomHearts Nintendo Sega Standard Suikoden2 XenoTrigger>> 0.2808s
GAMEREADY>> 0.5772s
GAMEREADY>> 0.0936s
LOADGAME darklumina pantyraid13>> 2.095s
TABLEQUERY 1>> 0.045s
EXTRACHECK>> 0.029s
WEBSERVICE>> 0.067s
PING>> 0.03s
WEBSERVICE>> 0.034s
WEBSERVICE>> 0.031s
WEBSERVICE>> 0.038s
WEBSERVICE>> 0.029s
WEBSERVICE>> 0.033s
WEBSERVICE>> 0.03s
WEBSERVICE>> 0.03s
VETERANALTERNATETRAIN gold>> 0.029s
LOADGAME darklumina pantyraid13>> 1.153s
TABLEQUERY 1>> 0.053s
EXTRACHECK>> 0.034s
WEBSERVICE>> 0.032s
WEBSERVICE>> 0.03s
WEBSERVICE>> 0.037s
WEBSERVICE>> 0.052s
WEBSERVICE>> 0.034s
VETERANALTERNATETRAIN bounty>> 1.086s
WEBSERVICE>> 0.049s
WEBSERVICE>> 0.052s
PING>> 0.029s
LOADGAME darklumina pantyraid13>> 0.937s
TABLEQUERY 1>> 0.056s
EXTRACHECK>> 0.033s
WEBSERVICE>> 0.031s
WEBSERVICE>> 0.029s
WEBSERVICE>> 0.04s
WEBSERVICE>> 0.072s
WEBSERVICE>> 0.037s
VETERANALTERNATETRAIN gold>> 0.849s
WEBSERVICE>> 0.041s
WEBSERVICE>> 0.029s
WEBSERVICE>> 0.029s
VETERANALTERNATETRAIN token>> 0.367s
WEBSERVICE>> 0.035s
WEBSERVICE>> 0.036s
PING>> 0.028s
LOADGAME darklumina pantyraid13>> 0.958s
TABLEQUERY 1>> 0.063s
EXTRACHECK>> 0.031s
PING>> 0.04s
PING>> 0.027s
WEBSERVICE>> 0.029s
WEBSERVICE>> 0.029s
WEBSERVICE>> 0.033s
WEBSERVICE>> 0.065s
WEBSERVICE>> 0.028s
VETERANALTERNATETRAIN gold>> 0.701s
WEBSERVICE>> 0.031s
WEBSERVICE>> 0.031s
WEBSERVICE>> 0.028s
VETERANALTERNATETRAIN token>> 0.425s
WEBSERVICE>> 0.03s
WEBSERVICE>> 0.029s
VETERANALTERNATETRAIN token>> 0.454s
WEBSERVICE>> 0.037s
WEBSERVICE>> 0.033s
LOADGAME darklumina pantyraid13>> 2.6302s
TABLEQUERY 1>> 0.078s
EXTRACHECK>> 0.0468s
>> 0s
CHAT /me is back.>> 0.5304s
ADMINLOGIN 41257448>> 0.3432s
WEBSERVICE>> 0.0468s
CHAT  hh>> 0.2184s
PING>> 0.0312s
CHAT  f>> 0.2028s
CHAT 1>> 0.1872s
CHAT 2>> 0.2028s
CHAT 3>> 0.1872s
CHAT 4>> 0.234s
CHAT 56>> 0.2372s
CHAT 7>> 0.1872s
CHAT 8>> 0.2028s
CHAT 9>> 0.2028s
CHAT 0>> 0.2184s
CHAT .>> 0.2494s
>> 0s
LOADGAME darklumina pantyraid13>> 0.433s
TABLEQUERY 1>> 0.031s
EXTRACHECK>> 0.032s
CHAT .>> 0.1872s
CHAT />> 0.2028s
CHAT ,>> 0.1872s
CHAT ><*-`~>> 0.0312s
PING>> 0.0312s
CHAT f -*/~`?><:"{}[]\|>> 0.2028s
CHAT  fgh  >> 0.2028s
PING>> 0.2652s
PING>> 0.0468s
PING>> 0.0312s
CHAT />> 0.1872s
CHAT .>> 0.312s
CHAT //;':"[]{}/*-+~`f>> 0.3588s
CHAT  fff>> 0.2184s
CHAT  >> 0.2028s
>> 0s
PING>> 0.39s
CHAT  fff>> 0.2184s
CHAT fjghg>> 0.2028s
PING>> 0.0312s
CHAT +f>> 0.2184s
CHAT ff >> 0.1872s
PING>> 0.0624s
CHAT dsfadsf fff>> 0.1872s
LOADGAME darklumina pantyraid13>> 1.491s
TABLEQUERY 1>> 0.042s
EXTRACHECK>> 0.045s
PING>> 0.032s
WEBSERVICE>> 0.083s
PING>> 0.035s
PING>> 0.029s
PING>> 0.029s
PING>> 0.03s
PING>> 0.029s
PING>> 0.029s
PING>> 0.029s
PING>> 0.031s
PING>> 0.03s
>> 0s
AWAY 1>> 0.281s
PING>> 0.041s
PING>> 0.029s
PING>> 0.028s
PING>> 0.028s
PING>> 0.029s
PING>> 0.029s
PING>> 0.029s
PING>> 0.029s
PING>> 0.033s
PING>> 0.03s
PING>> 0.028s
PING>> 0.031s
PING>> 0.036s
PING>> 0.028s
PING>> 0.029s
PING>> 0.029s
PING>> 0.028s
PING>> 0.029s
LOADGAME darklumina pantyraid13>> 0.611s
TABLEQUERY 1>> 0.054s
EXTRACHECK>> 0.034s
PING>> 0.029s
WEBSERVICE>> 0.034s
WEBSERVICE>> 0.028s
WEBSERVICE>> 0.036s
WEBSERVICE>> 0.044s
WEBSERVICE>> 0.036s
WEBSERVICE>> 0.036s
WEBSERVICE>> 0.036s
WEBSERVICE>> 0.034s
WEBSERVICE>> 0.032s
WEBSERVICE>> 0.04s
WEBSERVICE>> 0.043s
WEBSERVICE>> 0.041s
WEBSERVICE>> 0.04s
WEBSERVICE>> 0.03s
PING>> 0.03s
PING>> 0.072s
LOADGAME darklumina pantyraid13>> 0.876s
TABLEQUERY 1>> 0.064s
EXTRACHECK>> 0.034s
PING>> 0.031s
PING>> 0.034s
PING>> 0.029s
WEBSERVICE>> 0.033s
WEBSERVICE>> 0.042s
WEBSERVICE>> 0.038s
WEBSERVICE>> 0.035s
PING>> 0.032s
PING>> 0.037s
PING>> 0.033s
PING>> 0.029s
PING>> 0.029s
PING>> 0.028s
PING>> 0.098s
PING>> 0.031s
PING>> 0.04s
PING>> 0.033s
PING>> 0.03s
PING>> 0.035s
PING>> 0.033s
PING>> 0.039s
PING>> 0.059s
PING>> 0.029s
PING>> 0.028s
PING>> 0.028s
PING>> 0.029s
PING>> 0.037s
PING>> 0.03s
PING>> 0.034s
PING>> 0.037s
PING>> 0.056s
PING>> 0.044s
PING>> 0.032s
PING>> 0.032s
PING>> 0.035s
PING>> 0.035s
PING>> 0.03s
PING>> 0.029s
PING>> 0.035s
PING>> 0.029s
PING>> 0.03s
PING>> 0.04s
PING>> 0.029s
PING>> 0.031s
PING>> 0.028s
PING>> 0.037s
PING>> 0.031s
PING>> 0.055s
PING>> 0.032s
PING>> 0.035s
PING>> 0.035s
PING>> 0.032s
PING>> 0.042s
PING>> 0.039s
PING>> 0.035s
PING>> 0.055s
PING>> 0.033s
PING>> 0.037s
PING>> 0.033s
PING>> 0.034s
PING>> 0.038s
PING>> 0.031s
PING>> 0.038s
PING>> 0.06s
PING>> 0.033s
PING>> 0.036s
PING>> 0.034s
PING>> 0.029s
PING>> 0.04s
PING>> 0.04s
PING>> 0.037s
PING>> 0.029s
PING>> 0.035s
PING>> 0.038s
PING>> 0.031s
PING>> 0.033s
PING>> 0.037s
PING>> 0.036s
PING>> 0.037s
PING>> 0.067s
PING>> 0.07s
PING>> 0.044s
PING>> 0.029s
PING>> 0.053s
PING>> 0.032s
PING>> 0.03s
PING>> 0.09s
PING>> 0.028s
PING>> 0.053s
PING>> 0.064s
PING>> 0.061s
PING>> 0.029s
PING>> 0.028s
PING>> 0.031s
PING>> 0.033s
PING>> 0.029s
PING>> 0.043s
PING>> 0.049s
PING>> 0.031s
PING>> 0.03s
PING>> 0.029s
PING>> 0.034s
PING>> 0.029s
PING>> 0.038s
PING>> 0.046s
PING>> 0.033s
PING>> 0.043s
PING>> 0.058s
PING>> 0.035s
PING>> 0.029s
PING>> 0.034s
PING>> 0.032s
PING>> 0.032s
PING>> 0.035s
PING>> 0.041s
PING>> 0.033s
PING>> 0.03s
PING>> 0.032s
PING>> 0.032s
>> 0s
AWAY 0>> 0.574s
PING>> 0.039s
PING>> 0.034s
PING>> 0.033s
PING>> 0.064s
PING>> 0.035s
PING>> 0.037s
PING>> 0.029s
PING>> 0.034s
PING>> 0.043s
PING>> 0.035s
>> 0s
AWAY 1>> 0.298s
PING>> 0.034s
PING>> 0.029s
PING>> 0.03s
PING>> 0.032s
PING>> 0.031s
PING>> 0.027s
PING>> 0.037s
PING>> 0.029s
PING>> 0.033s
PING>> 0.027s
>> 0s
AWAY 0>> 0.468s
CHAT each of you have 10 VA points.. to ensure those work>> 0.493s
PING>> 0.031s
CHAT dont spend points in ones that give gold, exp, when you get a membership>> 0.179s
PING>> 0.053s
CHAT ;p>> 0.168s
PING>> 0.056s
PING>> 0.037s
CHAT yea>> 0.258s
PING>> 0.033s
PING>> 0.036s
PING>> 0.033s
PING>> 0.033s
PING>> 0.029s
PING>> 0.034s
CHAT are your points being removed?>> 0.196s
WEBSERVICE>> 0.039s
PING>> 0.028s
WEBSERVICE>> 0.033s
WEBSERVICE>> 0.03s
WEBSERVICE>> 0.054s
WEBSERVICE>> 0.045s
VETERANALTERNATETRAIN token>> 0.339s
WEBSERVICE>> 0.046s
WEBSERVICE>> 0.032s
VETERANALTERNATETRAIN token>> 0.277s
WEBSERVICE>> 0.029s
WEBSERVICE>> 0.039s
LOADGAME darklumina pantyraid13>> 0.534s
TABLEQUERY 1>> 0.044s
EXTRACHECK>> 0.033s
WEBSERVICE>> 0.027s
WEBSERVICE>> 0.04s
WEBSERVICE>> 0.035s
WEBSERVICE>> 0.039s
WEBSERVICE>> 0.032s
VETERANALTERNATETRAIN bounty>> 0.337s
WEBSERVICE>> 0.049s
WEBSERVICE>> 0.045s
WEBSERVICE>> 0.03s
WEBSERVICE>> 0.052s
WEBSERVICE>> 0.03s
WEBSERVICE>> 0.038s
PING>> 0.037s
PING>> 0.03s
WEBSERVICE>> 0.03s
VETERANALTERNATETRAIN gold>> 0.326s
WEBSERVICE>> 0.042s
WEBSERVICE>> 0.048s
VETERANALTERNATETRAIN gold>> 0.283s
WEBSERVICE>> 0.036s
WEBSERVICE>> 0.027s
VETERANALTERNATETRAIN gold>> 0.305s
WEBSERVICE>> 0.034s
WEBSERVICE>> 0.03s
VETERANALTERNATETRAIN gold>> 0.29s
WEBSERVICE>> 0.035s
WEBSERVICE>> 0.031s
VETERANALTERNATETRAIN gold>> 0.291s
WEBSERVICE>> 0.038s
WEBSERVICE>> 0.037s
VETERANALTERNATETRAIN gold>> 0.283s
WEBSERVICE>> 0.051s
WEBSERVICE>> 0.044s
PING>> 0.041s
LOADGAME darklumina pantyraid13>> 0.877s
TABLEQUERY 1>> 0.06s
EXTRACHECK>> 0.036s
WEBSERVICE>> 0.033s
WEBSERVICE>> 0.031s
WEBSERVICE>> 0.036s
WEBSERVICE>> 0.036s
WEBSERVICE>> 0.031s
>> 0s
PING>> 14.848s
WEBSERVICE>> 0.032s
WEBSERVICE>> 0.037s
WEBSERVICE>> 0.03s
VETERANALTERNATETRAIN extended>> 0.361s
WEBSERVICE>> 0.042s
WEBSERVICE>> 0.038s
PING>> 0.03s
PING>> 0.033s
PING>> 0.114s
PING>> 0.029s
PING>> 0.028s
PING>> 0.029s
PING>> 0.028s
PING>> 0.03s
PING>> 0.05s
>> 0s
AWAY 1>> 0.269s
>> 0s
AWAY 0>> 0.379s
CHAT you are playing full deck, dumb butt>> 0.169s
PING>> 0.029s
CHAT ;p>> 0.21s
CHAT no that exists in current DW>> 0.189s
CHAT full deck is full deck>> 0.164s
PING>> 0.033s
PING>> 0.031s
PING>> 0.028s
PING>> 0.03s
PING>> 0.03s
PING>> 0.031s
PING>> 0.034s
PING>> 0.027s
PING>> 0.035s
PING>> 0.032s
PING>> 0.034s
PING>> 0.027s
PING>> 0.028s
PING>> 0.034s
PING>> 0.029s
PING>> 0.053s
PING>> 0.035s
PING>> 0.033s
PING>> 0.029s
PING>> 0.031s
CHAT these are old stats>> 0.206s
CHAT its really really old>> 0.194s
CHAT its the old 30/20/10>> 0.161s
PING>> 0.039s
CHAT done>> 0.205s
PING>> 0.031s
PING>> 0.054s
PING>> 0.028s
PING>> 0.028s
CHAT yep>> 0.18s
WEBSERVICE>> 0.031s
WEBSERVICE>> 0.029s
WEBSERVICE>> 0.028s
WEBSERVICE>> 0.032s
WEBSERVICE>> 0.029s
PING>> 0.029s
CHAT bb in 3 h>> 0.891s
PING>> 0.028s
PING>> 0.032s
PING>> 0.031s
PING>> 0.039s
PING>> 0.029s
PING>> 0.028s
PING>> 0.028s
PING>> 0.028s
PING>> 0.058s
PING>> 0.03s
PING>> 0.028s
PING>> 0.032s
PING>> 0.03s
PING>> 0.029s
PING>> 0.028s
PING>> 0.028s
PING>> 0.029s
PING>> 0.029s
PING>> 0.029s
PING>> 0.055s
PING>> 0.029s
PING>> 0.027s
PING>> 0.028s
PING>> 0.029s
PING>> 0.037s
PING>> 0.028s
PING>> 0.027s
PING>> 0.028s
PING>> 0.049s
PING>> 0.028s
PING>> 0.029s
PING>> 0.028s
PING>> 0.028s
PING>> 0.027s
PING>> 0.028s
PING>> 0.028s
PING>> 0.028s
PING>> 0.028s
PING>> 0.028s
PING>> 0.029s
PING>> 0.028s
PING>> 0.028s
PING>> 0.027s
PING>> 0.027s
PING>> 0.027s
PING>> 0.027s
PING>> 0.03s
PING>> 0.031s
PING>> 0.028s
PING>> 0.028s
PING>> 0.027s
PING>> 0.027s
PING>> 0.028s
PING>> 0.028s
PING>> 0.027s
PING>> 0.028s
PING>> 0.027s
PING>> 0.027s
PING>> 0.027s
PING>> 0.028s
PING>> 0.027s
PING>> 0.028s
PING>> 0.027s
PING>> 0.028s
PING>> 0.028s
PING>> 0.028s
PING>> 0.027s
PING>> 0.028s
PING>> 0.028s
PING>> 0.028s
PING>> 0.027s
PING>> 0.028s
PING>> 0.027s
PING>> 0.028s
PING>> 0.028s
PING>> 0.029s
PING>> 0.027s
PING>> 0.028s
PING>> 0.028s
PING>> 0.028s
PING>> 0.027s
PING>> 0.027s
PING>> 0.028s
PING>> 0.028s
PING>> 0.028s
PING>> 0.028s
PING>> 0.028s
PING>> 0.028s
PING>> 0.029s
PING>> 0.028s
PING>> 0.028s
PING>> 0.027s
PING>> 0.028s
PING>> 0.028s
PING>> 0.028s
PING>> 0.027s
PING>> 0.027s
PING>> 0.031s
PING>> 0.027s
PING>> 0.028s
PING>> 0.028s
PING>> 0.027s
PING>> 0.029s
PING>> 0.028s
PING>> 0.027s
PING>> 0.027s
PING>> 0.028s
PING>> 0.027s
PING>> 0.03s
PING>> 0.028s
PING>> 0.028s
PING>> 0.029s
PING>> 0.028s
PING>> 0.027s
PING>> 0.028s
PING>> 0.033s
PING>> 0.027s
PING>> 0.027s
PING>> 0.028s
PING>> 0.027s
PING>> 0.027s
PING>> 0.027s
PING>> 0.027s
PING>> 0.028s
PING>> 0.028s
PING>> 0.027s
PING>> 0.028s
PING>> 0.03s
PING>> 0.027s
PING>> 0.028s
PING>> 0.027s
PING>> 0.027s
PING>> 0.027s
PING>> 0.028s
PING>> 0.028s
PING>> 0.029s
PING>> 0.028s
PING>> 0.028s
PING>> 0.027s
PING>> 0.029s
PING>> 0.028s
PING>> 0.027s
PING>> 0.028s
PING>> 0.027s
PING>> 0.028s
PING>> 0.028s
PING>> 0.027s
PING>> 0.038s
PING>> 0.027s
PING>> 0.028s
PING>> 0.027s
PING>> 0.03s
PING>> 0.027s
PING>> 0.028s
PING>> 0.029s
PING>> 0.027s
PING>> 0.028s
PING>> 0.028s
PING>> 0.027s
PING>> 0.027s
PING>> 0.028s
PING>> 0.029s
PING>> 0.028s
PING>> 0.027s
PING>> 0.027s
PING>> 0.028s
PING>> 0.029s
PING>> 0.027s
PING>> 0.028s
PING>> 0.027s
PING>> 0.027s
PING>> 0.028s
PING>> 0.028s
PING>> 0.039s
PING>> 0.027s
PING>> 0.032s
PING>> 0.028s
PING>> 0.028s
PING>> 0.029s
PING>> 0.027s
PING>> 0.028s
PING>> 0.028s
PING>> 0.091s
PING>> 0.032s
PING>> 0.032s
PING>> 0.041s
PING>> 0.028s
PING>> 0.028s
PING>> 0.027s
PING>> 0.028s
WEBSERVICE>> 0.064s
LOADGAME darklumina pantyraid13>> 0.411s
TABLEQUERY 1>> 0.061s
EXTRACHECK>> 0.061s
PING>> 0.031s
WEBSERVICE>> 0.03s
WEBSERVICE>> 0.043s
WEBSERVICE>> 0.028s
WEBSERVICE>> 0.033s
PING>> 0.029s
PING>> 0.032s
PING>> 0.037s
PING>> 0.028s
PING>> 0.031s
PING>> 0.049s
PING>> 0.027s
PING>> 0.029s
PING>> 0.029s
>> 0s
AWAY 1>> 0.321s
PING>> 0.034s
PING>> 0.031s
PING>> 0.061s
PING>> 0.034s
PING>> 0.031s
PING>> 0.034s
PING>> 0.028s
PING>> 0.03s
PING>> 0.027s
LOADGAME darklumina pantyraid13>> 0.515s
TABLEQUERY 1>> 0.039s
EXTRACHECK>> 0.043s
PING>> 0.033s
PING>> 0.036s
PING>> 0.029s
PING>> 0.034s
PING>> 0.029s
PING>> 0.028s
PING>> 0.034s
PING>> 0.028s
PING>> 0.03s
PING>> 0.03s
PING>> 0.029s
PING>> 0.029s
PING>> 0.034s
>> 0s
AWAY 0>> 0.711s
PING>> 0.053s
WEBSERVICE>> 0.061s
PING>> 0.029s
PING>> 0.065s
PING>> 0.031s
PING>> 0.028s
PING>> 0.028s
PING>> 0.031s
PING>> 0.034s
PING>> 0.029s
>> 0s
AWAY 1>> 0.27s
PING>> 0.035s
PING>> 0.029s
PING>> 0.034s
PING>> 0.03s
PING>> 0.029s
PING>> 0.033s
PING>> 0.036s
PING>> 0.029s
PING>> 0.03s
>> 0s
AWAY 0>> 0.517s
PING>> 0.032s
PING>> 0.044s
PING>> 0.034s
PING>> 0.034s
PING>> 0.039s
PING>> 0.033s
PING>> 0.036s
PING>> 0.029s
PING>> 0.028s
PING>> 0.031s
PING>> 0.03s
PING>> 0.029s
PING>> 0.03s
PING>> 0.029s
PING>> 0.032s
PING>> 0.036s
PING>> 0.031s
PING>> 0.034s
PING>> 0.034s
PING>> 0.029s
PING>> 0.031s
PING>> 0.04s
PING>> 0.028s
LOADGAME darklumina pantyraid13>> 5.46s
TABLEQUERY 1>> 0.078s
EXTRACHECK>> 0.0624s
PING>> 0.0624s
PING>> 0.0624s
PING>> 0.0312s
PING>> 0.0312s
PING>> 0.0468s
PING>> 0.0312s
PING>> 0.0312s
PING>> 0.0312s
PING>> 0.0312s
PING>> 0.0312s
>> 0s
AWAY 1>> 0.3276s
PING>> 0.0312s
LOADGAME darklumina pantyraid13>> 1.137s
TABLEQUERY 1>> 0.078s
EXTRACHECK>> 0.0468s
PING>> 0.0312s
PING>> 0.0312s
PING>> 0.0312s
PING>> 0.0468s
PING>> 0.0312s
PING>> 0.0312s
PING>> 0.0312s
PING>> 0.0312s
PING>> 0.0312s
PING>> 0.0468s
PING>> 0.0312s
PING>> 0.0468s
PING>> 0.0312s
PING>> 0.0312s
PING>> 0.0312s
PING>> 0.0312s
PING>> 0.0312s
PING>> 0.0312s
PING>> 0.0468s
PING>> 0.0312s
PING>> 0.0312s
PING>> 0.0312s
PING>> 0.0312s
PING>> 0.0312s
PING>> 0.0312s
PING>> 0.0312s
PING>> 0.0312s
PING>> 0.0312s
PING>> 0.0312s
PING>> 0.0312s
PING>> 0.0312s
PING>> 0.0312s
PING>> 0.0312s
PING>> 0.0312s
PING>> 0.0312s
PING>> 0.0312s
PING>> 0.0312s
PING>> 0.0312s
PING>> 0.0312s
PING>> 0.0468s
PING>> 0.0312s
PING>> 0.0312s
PING>> 0.0312s
PING>> 0.0312s
PING>> 0.0312s
PING>> 0.0312s
PING>> 0.0312s
PING>> 0.0468s
PING>> 0.0468s
PING>> 0.0312s
PING>> 0.0312s
PING>> 0.0312s
PING>> 0.0468s
PING>> 0.0624s
PING>> 0.0312s
PING>> 0.0312s
PING>> 0.0312s
PING>> 0.0312s
PING>> 0.0624s
PING>> 0.0312s
PING>> 0.0312s
PING>> 0.0312s
PING>> 0.0312s
PING>> 0.0468s
PING>> 0.0312s
PING>> 0.0312s
PING>> 0.0312s
PING>> 0.0312s
PING>> 0.0312s
PING>> 0.0312s
PING>> 0.0312s
PING>> 0.0312s
PING>> 0.0312s
PING>> 0.0312s
PING>> 0.0312s
PING>> 0.0312s
PING>> 0.0468s
PING>> 0.0312s
PING>> 0.0312s
PING>> 0.0312s
PING>> 0.0312s
PING>> 0.0312s
PING>> 0.0312s
PING>> 0.0312s
PING>> 0.0312s
PING>> 0.0312s
PING>> 0.0312s
PING>> 0.0312s
PING>> 0.0312s
PING>> 0.0468s
PING>> 0.0312s
PING>> 0.0312s
PING>> 0.0312s
PING>> 0.0468s
PING>> 0.0312s
PING>> 0.0468s
PING>> 0.0468s
PING>> 0.0312s
PING>> 0.0312s
PING>> 0.0312s
PING>> 0.0312s
PING>> 0.0468s
PING>> 0.0468s
PING>> 0.0468s
PING>> 0.078s
PING>> 0.0312s
PING>> 0.0624s
PING>> 0.0312s
PING>> 0.0624s
PING>> 0.0312s
PING>> 0.0312s
PING>> 0.0468s
PING>> 0.0624s
PING>> 0.0312s
PING>> 0.0468s
PING>> 0.0312s
PING>> 0.0312s
PING>> 0.0312s
PING>> 0.0312s
PING>> 0.0312s
PING>> 0.0312s
PING>> 0.0468s
PING>> 0.0312s
PING>> 0.0312s
PING>> 0.0312s
PING>> 0.0312s
PING>> 0.0312s
PING>> 0.0312s
PING>> 0.0468s
PING>> 0.0312s
PING>> 0.0312s
PING>> 0.0312s
PING>> 0.0312s
PING>> 0.0312s
PING>> 0.0312s
PING>> 0.0468s
PING>> 0.0312s
PING>> 0.0312s
PING>> 0.0312s
PING>> 0.0468s
PING>> 0.0312s
PING>> 0.0312s
PING>> 0.0312s
PING>> 0.0312s
PING>> 0.0312s
PING>> 0.0468s
PING>> 0.0468s
PING>> 0.0468s
PING>> 0.0312s
PING>> 0.0312s
PING>> 0.0312s
PING>> 0.0312s
PING>> 0.0312s
PING>> 0.0312s
PING>> 0.0312s
PING>> 0.0312s
PING>> 0.0312s
PING>> 0.0312s
PING>> 0.0312s
PING>> 0.0312s
PING>> 0.0312s
PING>> 0.0312s
PING>> 0.0312s
PING>> 0.0312s
PING>> 0.0312s
PING>> 0.0312s
PING>> 0.0312s
PING>> 0.0312s
PING>> 0.0468s
PING>> 0.0312s
PING>> 0.0312s
PING>> 0.0312s
PING>> 0.0312s
PING>> 0.0312s
PING>> 0.0468s
PING>> 0.0468s
PING>> 0.0312s
PING>> 0.0312s
PING>> 0.0312s
PING>> 0.0312s
PING>> 0.0312s
PING>> 0.0312s
PING>> 0.0312s
PING>> 0.0312s
PING>> 0.0312s
PING>> 0.0468s
PING>> 0.0312s
PING>> 0.0312s
PING>> 0.0312s
PING>> 0.0312s
PING>> 0.0312s
PING>> 0.0312s
PING>> 0.0312s
PING>> 0.0312s
PING>> 0.0312s
PING>> 0.0312s
PING>> 0.0312s
PING>> 0.0312s
PING>> 0.0312s
PING>> 0.0312s
PING>> 0.0312s
PING>> 0.078s
PING>> 0.0312s
PING>> 0.0312s
PING>> 0.0468s
PING>> 0.0312s
PING>> 0.0312s
PING>> 0.0312s
PING>> 0.0312s
PING>> 0.0624s
PING>> 0.0312s
PING>> 0.0312s
PING>> 0.0312s
PING>> 0.0312s
PING>> 0.0312s
PING>> 0.0312s
PING>> 0.0312s
PING>> 0.0312s
PING>> 0.0312s
PING>> 0.0312s
PING>> 0.0312s
PING>> 0.0312s
PING>> 0.0312s
PING>> 0.0312s
PING>> 0.0312s
PING>> 0.0312s
PING>> 0.0312s
PING>> 0.0312s
PING>> 0.0312s
PING>> 0.0312s
PING>> 0.0312s
PING>> 0.0312s
PING>> 0.0312s
PING>> 0.0312s
PING>> 0.0312s
PING>> 0.0312s
PING>> 0.0312s
PING>> 0.0312s
PING>> 0.0312s
PING>> 0.0312s
PING>> 0.0312s
PING>> 0.0312s
PING>> 0.0312s
PING>> 0.0312s
PING>> 0.0312s
PING>> 0.0312s
PING>> 0.0312s
PING>> 0.0312s
PING>> 0.0312s
PING>> 0.0468s
PING>> 0.0312s
PING>> 0.0312s
PING>> 0.0312s
PING>> 0.0312s
PING>> 0.0312s
PING>> 0.0312s
PING>> 0.0312s
PING>> 0.0312s
PING>> 0.0312s
PING>> 0.0312s
PING>> 0.0312s
PING>> 0.0312s
PING>> 0.0312s
PING>> 0.0312s
PING>> 0.0312s
PING>> 0.0312s
PING>> 0.0468s
PING>> 0.0312s
PING>> 0.0312s
PING>> 0.0312s
PING>> 0.0312s
PING>> 0.0312s
PING>> 0.0312s
PING>> 0.0312s
PING>> 0.0312s
PING>> 0.0312s
PING>> 0.0312s
PING>> 0.0312s
PING>> 0.0312s
PING>> 0.0312s
PING>> 0.0312s
PING>> 0.0312s
PING>> 0.0312s
PING>> 0.0312s
PING>> 0.0312s
PING>> 0.0312s
PING>> 0.0312s
PING>> 0.0312s
PING>> 0.0312s
PING>> 0.0312s
PING>> 0.0312s
PING>> 0.0312s
PING>> 0.0312s
PING>> 0.0312s
PING>> 0.0312s
PING>> 0.0312s
PING>> 0.0312s
PING>> 0.0312s
PING>> 0.0312s
PING>> 0.0312s
PING>> 0.0312s
PING>> 0.0312s
PING>> 0.0312s
PING>> 0.0312s
PING>> 0.0312s
PING>> 0.0312s
PING>> 0.0312s
PING>> 0.0312s
PING>> 0.0312s
PING>> 0.0312s
LOADGAME darklumina pantyraid13>> 0.3926s
>> 0s
EXTRACHECK>> 0.1248s
LOADGAME darklumina pantyraid13>> 0.545s
TABLEQUERY 1>> 0.033s
EXTRACHECK>> 0.027s
PING>> 0.026s
PING>> 0.0312s
PING>> 0.0312s
PING>> 0.0468s
PING>> 0.026s
PING>> 0.029s
PING>> 0.026s
PING>> 0.026s
PING>> 0.028s
PING>> 0.026s
PING>> 0.026s
PING>> 0.026s
PING>> 0.026s
PING>> 0.027s
PING>> 0.026s
PING>> 0.026s
PING>> 0.03s
PING>> 0.026s
PING>> 0.026s
PING>> 0.026s
PING>> 0.026s
PING>> 0.026s
PING>> 0.026s
PING>> 0.026s
PING>> 0.026s
LOADGAME darklumina pantyraid13>> 1.908s
TABLEQUERY 1>> 0.031s
EXTRACHECK>> 0.03s
WEBSERVICE>> 0.027s
WEBSERVICE>> 0.028s
PING>> 0.026s
PING>> 0.026s
PING>> 0.033s
PING>> 0.027s
PING>> 0.027s
PING>> 0.027s
PING>> 0.027s
PING>> 0.026s
PING>> 0.027s
PING>> 0.026s
PING>> 0.029s
PING>> 0.027s
PING>> 0.026s
PING>> 0.026s
PING>> 0.026s
PING>> 0.026s
PING>> 0.026s
PING>> 0.026s
PING>> 0.026s
PING>> 0.026s
PING>> 0.03s
PING>> 0.026s
PING>> 0.026s
PING>> 0.026s
PING>> 0.026s
PING>> 0.026s
PING>> 0.027s
PING>> 0.026s
PING>> 0.026s
PING>> 0.026s
PING>> 0.026s
PING>> 0.026s
PING>> 0.026s
PING>> 0.026s
PING>> 0.027s
PING>> 0.026s
PING>> 0.026s
PING>> 0.027s
PING>> 0.026s
PING>> 0.026s
PING>> 0.029s
PING>> 0.026s
PING>> 0.026s
PING>> 0.029s
PING>> 0.026s
PING>> 0.026s
PING>> 0.027s
PING>> 0.029s
PING>> 0.026s
PING>> 0.027s
PING>> 0.026s
PING>> 0.027s
PING>> 0.027s
PING>> 0.026s
PING>> 0.026s
PING>> 0.027s
PING>> 0.026s
PING>> 0.026s
PING>> 0.028s
PING>> 0.026s
PING>> 0.026s
PING>> 0.026s
PING>> 0.026s
PING>> 0.026s
PING>> 0.027s
PING>> 0.026s
PING>> 0.026s
PING>> 0.026s
PING>> 0.026s
PING>> 0.026s
PING>> 0.026s
PING>> 0.03s
PING>> 0.026s
PING>> 0.026s
PING>> 0.026s
PING>> 0.026s
PING>> 0.026s
PING>> 0.027s
PING>> 0.026s
PING>> 0.026s
PING>> 0.026s
PING>> 0.026s
PING>> 0.026s
PING>> 0.029s
PING>> 0.026s
PING>> 0.026s
PING>> 0.028s
PING>> 0.026s
PING>> 0.026s
PING>> 0.029s
PING>> 0.026s
PING>> 0.026s
PING>> 0.026s
WEBSERVICE>> 0.027s
WEBSERVICE>> 0.027s
PING>> 0.026s
PING>> 0.026s
PING>> 0.028s
PING>> 0.026s
PING>> 0.026s
PING>> 0.028s
PING>> 0.026s
PING>> 0.026s
PING>> 0.026s
PING>> 0.026s
PING>> 0.026s
PING>> 0.026s
PING>> 0.026s
PING>> 0.026s
PING>> 0.027s
PING>> 0.029s
PING>> 0.027s
PING>> 0.026s
PING>> 0.026s
WEBSERVICE>> 0.027s
WEBSERVICE>> 0.028s
WEBSERVICE>> 0.032s
WEBSERVICE>> 0.035s
WEBSERVICE>> 0.027s
PING>> 0.026s
PING>> 0.026s
PING>> 0.026s
PING>> 0.03s
PING>> 0.026s
PING>> 0.026s
PING>> 0.027s
PING>> 0.026s
PING>> 0.026s
PING>> 0.026s
PING>> 0.026s
PING>> 0.026s
PING>> 0.026s
PING>> 0.026s
PING>> 0.026s
PING>> 0.026s
PING>> 0.026s
PING>> 0.027s
PING>> 0.026s
PING>> 0.026s
PING>> 0.027s
PING>> 0.026s
PING>> 0.026s
PING>> 0.027s
PING>> 0.026s
PING>> 0.026s
PING>> 0.028s
PING>> 0.026s
WEBSERVICE>> 0.027s
WEBSERVICE>> 0.031s
LOADGAME darklumina pantyraid13>> 0.483s
TABLEQUERY 1>> 0.03s
EXTRACHECK>> 0.027s
PING>> 0.026s
PING>> 0.027s
PING>> 0.026s
WEBSERVICE>> 0.028s
WEBSERVICE>> 0.027s
PING>> 0.026s
TOKENREDEEM Atomsplitter>> 0.398s
PING>> 0.028s
PING>> 0.026s
PING>> 0.026s
PING>> 0.028s
LOADGAME darklumina pantyraid13>> 0.602s
TABLEQUERY 1>> 0.037s
EXTRACHECK>> 0.026s
WEBSERVICE>> 0.026s
WEBSERVICE>> 0.026s
TOKENREDEEM Atomsplitter>> 0.413s
WEBSERVICE>> 0.028s
WEBSERVICE>> 0.033s
>> 0s
PING>> 0.59s
LOADGAME darklumina pantyraid13>> 0.551s
TABLEQUERY 1>> 0.029s
EXTRACHECK>> 0.027s
WEBSERVICE>> 0.034s
WEBSERVICE>> 0.026s
PING>> 0.026s
CARDPACK Shadow's%20Mystery>> 0.939s
PING>> 0.026s
CARDPACK Empires%20Pack>> 0.961s
PING>> 0.026s
PING>> 0.026s
CARDPACK Gau's%20Treasure>> 0.789s
PING>> 0.026s
CARDPACK Gau's%20Treasure>> 0.877s
PING>> 0.026s
PING>> 0.026s
CARDPACK Gau's%20Treasure>> 0.896s
PING>> 0.026s
WEBSERVICE>> 0.035s
CARDPACK Gau's%20Treasure>> 0.68s
PING>> 0.026s
CARDPACK Gau's%20Treasure>> 0.85s
LOADGAME darklumina pantyraid13>> 1.623s
TABLEQUERY 1>> 0.035s
EXTRACHECK>> 0.037s
PING>> 0.027s
PING>> 0.027s
PING>> 0.027s
PING>> 0.03s
PING>> 0.047s
PING>> 0.041s
PING>> 0.048s
PING>> 0.028s
PING>> 0.046s
PING>> 0.033s
>> 0s
AWAY 1>> 0.329s
WEBSERVICE>> 0.042s
PING>> 0.027s
PING>> 0.026s
LOADGAME darklumina pantyraid13>> 2.33s
TABLEQUERY 1>> 0.06s
EXTRACHECK>> 0.032s
WEBSERVICE>> 0.031s
PING>> 0.032s
PING>> 0.033s
PING>> 0.032s
PING>> 0.029s
PING>> 0.026s
PING>> 0.028s
PING>> 0.033s
PING>> 0.041s
PING>> 0.035s
PING>> 0.044s
PING>> 0.035s
PING>> 0.029s
PING>> 0.03s
LOADGAME darklumina pantyraid13>> 0.681s
TABLEQUERY 1>> 0.051s
EXTRACHECK>> 0.032s
WEBSERVICE>> 0.047s
TOURNAMENTJOIN 1>> 0.969s
WEBSERVICE>> 0.036s
TOURNAMENTJOIN 1>> 0.184s
PING>> 0.03s
PING>> 0.031s
PING>> 0.027s
PING>> 0.027s
PING>> 0.029s
PING>> 0.027s
PING>> 0.03s
PING>> 0.026s
PING>> 0.029s
PING>> 0.029s
PING>> 0.032s
PING>> 0.053s
PING>> 0.031s
PING>> 0.026s
PING>> 0.041s
PING>> 0.026s
PING>> 0.05s
LOADGAME darklumina pantyraid13>> 2.504s
EXTRACHECK>> 0.067s
WEBSERVICE>> 0.028s
PING>> 0.028s
PING>> 0.035s
WEBSERVICE>> 0.033s
PING>> 0.026s
PING>> 0.03s
PING>> 0.031s
PING>> 0.027s
PING>> 0.043s
PING>> 0.063s
PING>> 0.029s
PING>> 0.029s
>> 0s
AWAY 1>> 0.348s
>> 0s
AWAY 0>> 0.49s
LOADGAME darklumina pantyraid13>> 0.828s
TABLEQUERY 1>> 0.037s
EXTRACHECK>> 0.026s
WEBSERVICE>> 0.034s
WEBSERVICE>> 0.028s
WEBSERVICE>> 0.028s
AUCTIONBID 2340 100>> 0.835s
WEBSERVICE>> 0.028s
PING>> 0.031s
WEBSERVICE>> 0.028s
LOADGAME darklumina pantyraid13>> 0.575s
EXTRACHECK>> 0.079s
WEBSERVICE>> 0.044s
PING>> 0.034s
PING>> 0.046s
WEBSERVICE>> 0.029s
WEBSERVICE>> 0.038s
WEBSERVICE>> 0.029s
LOADGAME darklumina pantyraid13>> 1.135s
TABLEQUERY 1>> 0.04s
EXTRACHECK>> 0.03s
WEBSERVICE>> 0.037s
WEBSERVICE>> 0.036s
WEBSERVICE>> 0.028s
AUCTIONBID 49 200>> 13.245s
PING>> 0.03s
LOADGAME darklumina pantyraid13>> 1.324s
EXTRACHECK>> 0.093s
WEBSERVICE>> 0.036s
PING>> 0.032s
PING>> 0.03s
WEBSERVICE>> 0.03s
PING>> 0.037s
WEBSERVICE>> 0.036s
WEBSERVICE>> 0.03s
PING>> 0.028s
PING>> 0.03s
PING>> 0.029s
PING>> 0.027s
PING>> 0.027s
PING>> 0.048s
PING>> 0.027s
PING>> 0.029s
PING>> 0.028s
PING>> 0.056s
PING>> 0.034s
PING>> 0.026s
PING>> 0.043s
LOADGAME darklumina pantyraid13>> 0.344s
TABLEQUERY 1>> 0.031s
EXTRACHECK>> 0.027s
PING>> 0.026s
LOADGAME darklumina pantyraid13>> 0.254s
TABLEQUERY 1>> 0.027s
EXTRACHECK>> 0.026s
PING>> 0.027s
PING>> 0.026s
LOADGAME darklumina pantyraid13>> 0.618s
EXTRACHECK>> 0.061s
PING>> 0.026s
WEBSERVICE>> 0.027s
PING>> 0.026s
PING>> 0.027s
LOADGAME darklumina pantyraid13>> 5.781s
TABLEQUERY 1>> 0.03s
EXTRACHECK>> 0.032s
PING>> 0.027s
WEBSERVICE>> 0.033s
PING>> 0.029s
PING>> 0.032s
PING>> 0.03s
WEBSERVICE>> 0.033s
WEBSERVICE>> 0.03s
PING>> 0.03s
PING>> 0.029s
PING>> 0.031s
PING>> 0.027s
PING>> 0.028s
PING>> 0.028s
>> 0s
AWAY 1>> 0.354s
PING>> 0.031s
WEBSERVICE>> 0.03s
WEBSERVICE>> 0.028s
PING>> 0.027s
PING>> 0.028s
PING>> 0.029s
WEBSERVICE>> 0.029s
WEBSERVICE>> 0.028s
WEBSERVICE>> 0.028s
PING>> 0.028s
PING>> 0.03s
PING>> 0.028s
PING>> 0.029s
PING>> 0.026s
PING>> 0.027s
PING>> 0.028s
PING>> 0.028s
PING>> 0.032s
PING>> 0.029s
LOADGAME darklumina pantyraid13>> 5.839s
TABLEQUERY 1>> 0.033s
EXTRACHECK>> 0.027s
PING>> 0.028s
PING>> 0.027s
PING>> 0.027s
PING>> 0.026s
PING>> 0.027s
PING>> 0.028s
PING>> 0.026s
PING>> 0.029s
PING>> 0.029s
PING>> 0.027s
PING>> 0.028s
PING>> 0.03s
PING>> 0.028s
PING>> 0.026s
PING>> 0.028s
PING>> 0.027s
PING>> 0.026s
PING>> 0.026s
PING>> 0.052s
PING>> 0.033s
PING>> 0.027s
PING>> 0.028s
PING>> 0.036s
PING>> 0.026s
PING>> 0.026s
PING>> 0.026s
PING>> 0.028s
PING>> 0.027s
PING>> 0.027s
PING>> 0.03s
PING>> 0.026s
PING>> 0.028s
PING>> 0.028s
PING>> 0.028s
PING>> 0.028s
PING>> 0.031s
PING>> 0.03s
PING>> 0.026s
PING>> 0.027s
PING>> 0.028s
PING>> 0.027s
PING>> 0.027s
PING>> 0.033s
PING>> 0.027s
PING>> 0.027s
PING>> 0.03s
PING>> 0.026s
LOADGAME darklumina pantyraid13>> 0.678s
TABLEQUERY 1>> 0.047s
EXTRACHECK>> 0.026s
TABLECREATE>> 0.432s
PING>> 0.027s
WEBSERVICE>> 0.066s
TABLECLOSE>> 0.072s
LOADGAME darklumina pantyraid13>> 0.614s
TABLEQUERY 1>> 0.031s
EXTRACHECK>> 0.031s
TABLECREATE>> 0.213s
WEBSERVICE>> 0.028s
CHANGERULE 1 1 1 0 0 0 0 0 1 1 0 0 0 0 0 1 0 1 1 1 1 1 1 0 0 0 0 0 0 0 0 0 0 0 0 0 0 0 0 1@@Triple%20Triad@@ CC Crusade FF6 FF7 FF9 FFAC FFT FFX FFXII FireEmblem KingdomHearts Nintendo NXC Sega Standard Suikoden2>> 0.147s
PING>> 0.031s
TABLECLOSE>> 0.095s
LOADGAME darklumina pantyraid13>> 1.4428557s
TABLEQUERY 1>> 0.0439956s
EXTRACHECK>> 0.0339966s
PING>> 0.0259974s
PING>> 0.0259974s
PING>> 0.029997s
PING>> 0.029997s
PING>> 0.0289971s
PING>> 0.0289971s
PING>> 0.0289971s
PING>> 0.0279972s
PING>> 0.0289971s
PING>> 0.0269973s
PING>> 0.0309969s
PING>> 0.0319968s
PING>> 0.0309969s
PING>> 0.0289971s
PING>> 0.0369963s
WEBSERVICE>> 0.0309969s
PING>> 0.0289971s
PING>> 0.0289971s
PING>> 0.0279972s
PING>> 0.0289971s
PING>> 0.0289971s
CARDPACK Job%20Pack>> 1.3858614s
PING>> 0.0259974s
PING>> 0.028s
PING>> 0.027s
PING>> 0.028s
PING>> 0.026s
PING>> 0.034s
PING>> 0.03s
PING>> 0.027s
PING>> 0.028s
PING>> 0.029s
PING>> 0.028s
PING>> 0.027s
PING>> 0.026s
PING>> 0.051s
PING>> 0.038s
PING>> 0.028s
PING>> 0.028s
PING>> 0.028s
PING>> 0.026s
PING>> 0.028s
PING>> 0.026s
PING>> 0.029s
PING>> 0.028s
PING>> 0.031s
PING>> 0.03s
PING>> 0.028s
PING>> 0.034s
CARDPACK Moogle%20Pack>> 1.477s
WEBSERVICE>> 0.028s
PING>> 0.051s
WEBSERVICE>> 0.028s
WEBSERVICE>> 0.026s
LOADGAME darklumina pantyraid13>> 1.215s
TABLEQUERY 1>> 0.03s
EXTRACHECK>> 0.027s
PING>> 0.027s
PING>> 0.027s
WEBSERVICE>> 0.028s
PING>> 0.027s
PING>> 0.027s
PING>> 0.027s
WEBSERVICE>> 0.027s
WEBSERVICE>> 0.036s
WEBSERVICE>> 0.031s
WEBSERVICE>> 0.027s
PING>> 0.027s
PING>> 0.026s
WEBSERVICE>> 0.027s
WEBSERVICE>> 0.028s
PING>> 0.027s
PING>> 0.026s
PING>> 0.028s
WEBSERVICE>> 0.027s
WEBSERVICE>> 0.027s
PING>> 0.032s
WEBSERVICE>> 0.029s
WEBSERVICE>> 0.027s
PING>> 0.027s
PING>> 0.028s
PING>> 0.031s
PING>> 0.032s
PING>> 0.03s
PING>> 0.028s
WEBSERVICE>> 0.027s
PING>> 0.027s
WEBSERVICE>> 0.029s
WEBSERVICE>> 0.026s
LOADGAME darklumina pantyraid13>> 4.817s
EXTRACHECK>> 0.055s
PING>> 0.026s