
LOADGAME DarkJaxyChan ilikemilk>> 0.383s
TABLEQUERY 1>> 0.026s
EXTRACHECK>> 0.026s
CHAT hah!>> 0.153s
PING>> 0.026s
CHAT TURBO Ne1>> 0.146s
TABLEJOIN 1>> 0.984s
CHAT turbo tt?>> 0.136s
GAMEREADY>> 0.703s
TT_PLACEAT 1 0>> 0.236s
TT_PLACEAT 4 1>> 0.284s
TT_PLACEAT 6 2>> 0.313s
TT_PLACEAT 5 3>> 0.302s
PING>> 0.026s
CHAT if got 2 warnings>> 0.152s
CHAT oki>> 0.115s
CHAT i like no lag here>> 0.161s
CHAT i will play here forever>> 0.115s
TABLEJOIN 1>> 0.724s
GAMEREADY>> 0.086s
OTTPLACEAT 0>> 0.377s
OTTPLACEAT 3>> 0.297s
OTTPLACEAT 6>> 0.478s
OTTPLACEAT 9>> 0.2s
PING>> 0.027s
OTTPLACEAT 11>> 0.41s
OTTPLACEAT 14>> 0.358s
OTTPLACEAT 15>> 0.341s
OTTPLACEAT 19>> 0.303s
OTTPLACEAT 18>> 0.353s
CHAT muahaha i like this so much>> 0.153s
PING>> 0.027s
CHAT oki>> 0.155s
PING>> 0.026s
PING>> 0.026s
PING>> 0.026s
CHAT good =)>> 0.15s
PING>> 0.027s
PING>> 0.026s
TABLEJOIN 1>> 0.782s
GAMEREADY>> 0.618s
TT_PLACEAT 7 0>> 0.554s
TT_PLACEAT 0 1>> 0.237s
TT_PLACEAT 4 3>> 0.314s
PING>> 0.028s
TT_PLACEAT 1 4>> 0.204s
PING>> 0.028s
LOADGAME DarkJaxyChan ilikemilk>> 0.545s
TABLEQUERY 1>> 0.03s
EXTRACHECK>> 0.027s
CHAT haha nub>> 0.156s
TABLEJOIN 1>> 0.802s
GAMEREADY>> 0.101s
TT_PLACEAT 1 3>> 0.545s
PING>> 0.028s
TT_PLACEAT 2 1>> 0.239s
TT_PLACEAT 7 2>> 0.204s
TT_PLACEAT 5 0>> 0.429s
TT_PLACEAT 6 4>> 6.566s
TABLEJOIN 1>> 0.723s
PING>> 0.028s
GAMEREADY>> 0.134s
MEMORYSLOT 18 1>> 0.106s
MEMORYSLOT 0 2>> 0.138s
MEMORYSLOT 19 1>> 0.104s
MEMORYSLOT 12 2>> 0.161s
MEMORYSLOT 23 1>> 0.085s
MEMORYSLOT 19 2>> 0.316s
MEMORYSLOT 22 1>> 0.089s
MEMORYSLOT 13 2>> 0.201s
MEMORYSLOT 5 1>> 0.084s
MEMORYSLOT 13 2>> 0.207s
MEMORYSLOT 17 1>> 0.081s
MEMORYSLOT 7 2>> 0.675s
MEMORYSLOT 11 1>> 0.083s
MEMORYSLOT 0 2>> 0.194s
PING>> 0.026s
MEMORYSLOT 4 1>> 0.095s
MEMORYSLOT 21 2>> 0.244s
MEMORYSLOT 20 1>> 0.076s
MEMORYSLOT 8 2>> 0.182s
CHAT well TT too>> 0.118s
PING>> 0.026s
CHAT never saw this latley>> 0.144s
CHAT or reduce it for TT for 1 minute>> 0.171s
CHAT well i never saw one turbo in TT>> 0.14s
TABLEJOIN 1>> 0.541s
PING>> 0.028s
CHAT but they prolly will now>> 0.14s
GAMEREADY>> 0.055s
TT_PLACEAT 7 0>> 0.127s
TT_PLACEAT 6 1>> 0.284s
TT_PLACEAT 0 3>> 0.356s
TT_PLACEAT 2 4>> 0.22s
TT_PLACEAT 5 2>> 0.834s
PING>> 0.027s
CHAT iChidori says, " good news! lol i just submitted my power user thingy " >> 0.152s
CHAT but that is good>> 0.127s
TABLEJOIN 1>> 0.614s
GAMEREADY>> 0.06s
GAMEREADY>> 0.065s
TT_PLACEAT 4 3>> 0.211s
TT_PLACEAT 3 0>> 0.209s
PING>> 0.027s
TT_PLACEAT 8 1>> 0.22s
TT_PLACEAT 0 4>> 0.818s
LOADGAME DarkJaxyChan ilikemilk>> 0.631s
TABLEQUERY 1>> 0.047s
EXTRACHECK>> 0.047s
PING>> 0.03s
PING>> 0.033s
TABLEJOIN 1>> 0.748s
GAMEREADY>> 0.083s
TT_PLACEAT 1 1>> 0.246s
TT_PLACEAT 6 4>> 0.387s
TT_PLACEAT 2 0>> 0.218s
TT_PLACEAT 4 2>> 0.345s
PING>> 0.028s
CHAT k>> 0.129s
LOADGAME DarkJaxyChan ilikemilk>> 1.6536s
TABLEQUERY 1>> 0.0312s
EXTRACHECK>> 0.0312s
PING>> 0.0468s
PING>> 0.0312s
CHAT arrrrrrrrrrrrrrrrrrrrrrrr>> 0.1404s
CHAT this is my server now>> 0.1248s
PING>> 0.0312s
PING>> 0.026s
PING>> 0.0312s
PING>> 0.031s
CHAT /whois lumiissexy>> 0.222s
PING>> 0.027s
CHAT TURBo ANYONE!!!!!!!!!!!!!!!!!!!>> 0.166s
TABLEJOIN 1>> 0.675s
GAMEREADY>> 0.265s
GAMEREADY>> 0.894s
OTTPLACEAT 1>> 0.297s
PING>> 0.028s
OTTPLACEAT 3>> 0.265s
OTTPLACEAT 5>> 0.186s
OTTPLACEAT 8>> 0.349s
OTTPLACEAT 10>> 0.265s
OTTPLACEAT 12>> 0.431s
OTTPLACEAT 18>> 0.349s
OTTPLACEAT 20>> 0.26s
OTTPLACEAT 23>> 0.981s
CHAT WTF>> 0.163s
CHAT i quit>> 0.117s
CHAT lmao>> 0.198s
CHAT turbo is gonna die>> 0.163s
PING>> 0.029s
WEBSERVICE>> 0.029s
WEBSERVICE>> 0.028s
PING>> 0.026s
CHAT you broke it sunny>> 0.152s
WEBSERVICE>> 0.042s
PING>> 0.026s
CHAT <3>> 0.123s
RANDOM 1 100>> 0.096s
RANDOM 1 100>> 0.053s
RANDOM 1 100>> 0.057s
RANDOM 1 100>> 0.098s
RANDOM 1 100>> 0.053s
PANDORAGUESS 10 10 10 10>> 0.476s
WEBSERVICE>> 0.026s
PING>> 0.029s
RANDOM 1 100>> 0.056s
CHAT /auction sunny butt!!!>> 0.165s
WEBSERVICE>> 0.036s
PING>> 0.027s
RANDOM 6 69>> 0.101s
CHAT xD>> 0.112s
TABLECREATE>> 0.22s
WEBSERVICE>> 0.028s
CHALLENGECHATS /kick 2>> 0.177s
PING>> 0.026s
CHALLENGECHATS /kick 2>> 0.168s
CHAT hmm>> 0.111s
PING>> 0.026s
CHAT sunny hsould get rid of silence>> 0.122s
CHALLENGECHATS /kick 2>> 0.191s
CHAT oki>> 0.187s
TABLECLOSE>> 0.144s
CHAT cant select rules>> 0.162s
PING>> 0.031s
CHAT 26 and still watches pokemone and yugioh>> 0.168s
CHAT pika pika>> 0.12s
CHAT xD>> 0.181s
PING>> 0.027s
TABLECREATE4>> 0.155s
TEAM_CLOSE>> 0.063s
CHAT =/>> 0.178s
CHAT he was always 1 year older>> 0.17s
CHAT naw im 25>> 0.172s
PING>> 0.027s
CHAT april>> 0.152s
CHAT youre 20+ already>> 0.129s
CHAT youre getting old too>> 0.164s
LOADGAME DarkJaxyChan ilikemilk>> 0.325s
TABLEQUERY 1>> 0.026s
EXTRACHECK>> 0.029s
PING>> 0.03s
WEBSERVICE>> 0.031s
PING>> 0.026s
WEBSERVICE>> 0.052s
PING>> 0.026s
WEBSERVICE>> 0.063s
PING>> 0.028s
CHAT TURBo ME PLZ!!!!!!!!!!!!!!!!!!!!!!!!!!!>> 0.353s
TABLEJOIN 1>> 0.523s
GAMEREADY>> 0.769s
OTTPLACEAT 1>> 1.155s
OTTPLACEAT 3>> 0.374s
OTTPLACEAT 5>> 0.838s
PING>> 0.029s
OTTPLACEAT 7>> 0.235s
OTTPLACEAT 10>> 0.253s
OTTPLACEAT 12>> 0.383s
OTTPLACEAT 14>> 0.397s
OTTPLACEAT 18>> 0.268s
OTTPLACEAT 20>> 1.298s
OTTPLACEAT 24>> 1.183s
CHAT wtf>> 0.227s
CHAT why dont i get exp anymore?>> 0.165s
CHAT admin!!! fix that>> 0.175s
PING>> 0.031s
PING>> 0.047s
CHAT lets see who gets hate mails for that>> 0.143s
CHAT i would close tickets for 1 week>> 0.157s
WEBSERVICE>> 0.038s
PING>> 0.035s
PING>> 0.026s
PING>> 0.028s
PING>> 0.033s
PING>> 0.028s
PING>> 0.03s
PING>> 0.027s
LOADGAME DarkJaxyChan ilikemilk>> 0.337s
TABLEQUERY 1>> 0.026s
EXTRACHECK>> 0.027s
TABLEJOIN 1>> 1.803s
PING>> 0.042s
GAMEREADY>> 0.066s
TT_PLACEAT 6 2>> 0.561s
TT_PLACEAT 8 0>> 0.171s
TT_PLACEAT 1 1>> 0.129s
TT_PLACEAT 4 3>> 0.15s
TT_PLACEAT 5 4>> 1.274s
PING>> 0.026s
CHAT k>> 0.136s
LOADGAME DarkJaxyChan ilikemilk>> 0.329s
TABLEQUERY 1>> 0.027s
EXTRACHECK>> 0.026s
PING>> 0.035s
TABLEJOIN 1>> 0.625s
GAMEREADY>> 0.129s
TT_PLACEAT 0 1>> 0.497s
TT_PLACEAT 8 0>> 0.214s
PING>> 0.027s
TT_PLACEAT 6 2>> 0.15s
TT_PLACEAT 7 3>> 0.127s
TT_PLACEAT 5 4>> 1.268s
PING>> 0.026s
TABLEJOIN 1>> 0.53s
GAMEREADY>> 0.097s
PING>> 0.026s
TT_PLACEAT 1 2>> 0.221s
TT_PLACEAT 4 0>> 0.213s
TT_PLACEAT 6 3>> 0.136s
TT_PLACEAT 5 1>> 0.196s
PING>> 0.032s
LOADGAME DarkJaxyChan ilikemilk>> 0.298s
TABLEQUERY 1>> 0.026s
EXTRACHECK>> 0.026s
PING>> 0.028s
TABLEJOIN 1>> 0.73s
PING>> 0.027s
GAMEREADY>> 0.076s
TT_PLACEAT 4 0>> 0.511s
TT_PLACEAT 5 1>> 0.217s
TT_PLACEAT 7 2>> 0.208s
PING>> 0.027s
TT_PLACEAT 8 3>> 0.194s
TT_PLACEAT 6 4>> 2.011s
CHAT woha gold msg>> 0.186s
PING>> 0.026s
PING>> 0.026s
TABLEJOIN 1>> 0.675s
GAMEREADY>> 0.058s
TT_PLACEAT 1 0>> 0.212s
TT_PLACEAT 8 2>> 0.212s
TT_PLACEAT 3 3>> 0.351s
TT_PLACEAT 5 4>> 0.142s
PING>> 0.026s
TABLEJOIN 1>> 0.65s
GAMEREADY>> 0.102s
OTTPLACEAT 0>> 0.384s
OTTPLACEAT 6>> 0.38s
PING>> 0.026s
OTTPLACEAT 7>> 0.294s
OTTPLACEAT 2>> 0.354s
OTTPLACEAT 15>> 0.324s
OTTPLACEAT 3>> 0.293s
OTTPLACEAT 8>> 0.6s
PING>> 0.026s
OTTPLACEAT 9>> 0.297s
OTTPLACEAT 21>> 0.876s
OTTPLACEAT 17>> 0.809s
PING>> 0.026s
CHAT no ap either>> 0.169s
PING>> 0.026s
PING>> 0.027s
PING>> 0.03s
PING>> 0.032s
PING>> 0.028s
PING>> 0.026s
PING>> 0.026s
PING>> 0.029s
PING>> 0.026s
CHAT /me is away.  Reason: Idle>> 0.163s
AWAY 1>> 0.027s
PING>> 0.027s
PING>> 0.026s
LOADGAME DarkJaxyChan ilikemilk>> 0.302s
TABLEQUERY 1>> 0.029s
EXTRACHECK>> 0.026s
PING>> 0.043s
PING>> 0.036s
PING>> 0.036s
PING>> 0.026s
CHAT /me is back.>> 0.121s
AWAY 0>> 0.028s
TABLEJOIN 1>> 1.03s
GAMEREADY>> 0.667s
OTTPLACEAT 0>> 0.639s
OTTPLACEAT 5>> 0.196s
PING>> 0.026s
OTTPLACEAT 2>> 0.369s
OTTPLACEAT 3>> 0.256s
OTTPLACEAT 10>> 0.218s
OTTCARDDISCARD>> 0.148s
OTTPLACEAT 12>> 1.399s
PING>> 0.026s
OTTPLACEAT 14>> 0.249s
OTTPLACEAT 17>> 0.251s
OTTPLACEAT 19>> 0.294s
OTTPLACEAT 22>> 0.338s
CHAT wewt>> 0.139s
PING>> 0.026s
PING>> 0.026s
TABLEJOIN 1>> 0.579s
GAMEREADY>> 0.104s
SBREADY>> 0.087s
SBCOMPLETE 99 99 3 99 8>> 0.611s
SBCOMPLETE 99 99 3 99 12>> 0.586s
PING>> 0.041s
SBCOMPLETE 99 2 99 99 4>> 0.666s
SBCOMPLETE 1 99 99 99 3>> 0.692s
SBCOMPLETE 99 2 99 99 10>> 0.606s
SBCOMPLETE 1 99 99 99 1>> 0.641s
SBFROZEN>> 2.1096s
PING>> 0.026s
PING>> 0.027s
TABLEJOIN 1>> 0.551s
PING>> 0.036s
GAMEREADY>> 0.097s
MEMORYSLOT 14 1>> 0.102s
MEMORYSLOT 8 2>> 0.161s
MEMORYSLOT 14 1>> 0.106s
MEMORYSLOT 8 2>> 0.173s
MEMORYSLOT 15 1>> 0.081s
MEMORYSLOT 9 2>> 0.202s
MEMORYSLOT 16 1>> 0.08s
MEMORYSLOT 10 2>> 0.115s
PING>> 0.027s
MEMORYSLOT 17 1>> 0.151s
MEMORYSLOT 22 2>> 0.164s
MEMORYSLOT 16 1>> 0.098s
MEMORYSLOT 9 2>> 0.116s
MEMORYSLOT 7 1>> 0.091s
MEMORYSLOT 13 2>> 0.173s
PING>> 0.028s
CHAT kk>> 0.164s
PING>> 0.028s