
LOADGAME hitman 123>> 0.871s
TABLEQUERY 1>> 0.029s
EXTRACHECK>> 0.036s
CHAT look at me muahaha im a nub i suck at this game>> 0.176s
PING>> 0.042s
CHAT im giving away free cards to anyone who can tell me what a nub i am>> 0.184s
PING>> 0.028s
TABLEJOIN 1>> 0.82s
GAMEREADY>> 0.055s
PING>> 0.027s
PING>> 0.028s
WEBSERVICE>> 0.03s
WEBSERVICE>> 0.029s
TT_MYCARD APS Blugu Ark%20Dragon Bottom%20Swell Angry%20Grenade>> 0.531s
PING>> 0.028s
TT_PLACEAT 1 0>> 0.317s
TT_PLACEAT 3 1>> 0.17s
TT_PLACEAT 5 2>> 0.189s
TT_PLACEAT 7 4>> 0.207s
TT_PLACEAT 1 0>> 0.221s
TT_PLACEAT 3 1>> 0.144s
PING>> 0.028s
PING>> 0.042s
PING>> 0.03s
PING>> 0.027s
PING>> 0.029s
PING>> 0.028s
PING>> 0.027s
PING>> 0.033s
PING>> 0.027s
LOADGAME hitman 123>> 0.502s
TABLEQUERY 1>> 0.048s
EXTRACHECK>> 0.042s
WEBSERVICE>> 0.032s
CARDPACK Returners%20Pack>> 2.015s
PING>> 0.049s
TABLEJOIN 1>> 0.716s
GAMEREADY>> 0.98s
PING>> 0.028s
TT_PLACEAT 1 0>> 0.393s
TT_PLACEAT 5 1>> 0.279s
TT_PLACEAT 3 2>> 0.413s
TT_PLACEAT 7 4>> 0.285s
PING>> 0.04s
TABLEJOIN 1>> 0.663s
PING>> 0.028s
GAMEREADY>> 0.394s
GAMEREADY>> 0.511s
TT_PLACEAT 1 0>> 0.151s
TT_PLACEAT 8 4>> 0.165s
TT_PLACEAT 5 3>> 0.179s
TT_PLACEAT 7 1>> 0.185s
PING>> 0.027s
PING>> 0.029s
TABLEJOIN 1>> 0.752s
GAMEREADY>> 0.073s
PING>> 0.037s
TT_PLACEAT 1 0>> 0.274s
TT_PLACEAT 5 1>> 0.564s
TT_PLACEAT 4 2>> 0.186s
TT_PLACEAT 3 4>> 0.322s
PING>> 0.028s
TABLEJOIN 1>> 0.706s
GAMEREADY>> 0.562s
PING>> 0.043s
TT_PLACEAT 1 0>> 0.349s
TT_PLACEAT 3 1>> 0.271s
TT_PLACEAT 5 2>> 0.375s
TT_PLACEAT 7 3>> 0.776s
LOADGAME hitman 123>> 0.8736s
TABLEQUERY 1>> 0.0312s
EXTRACHECK>> 0.0312s
TABLEJOIN 1>> 0.6084s
PING>> 0.0312s
GAMEREADY>> 0.6396s
TT_PLACEAT 0 0>> 0.4368s
TT_PLACEAT 2 1>> 0.1404s
TT_PLACEAT 4 2>> 0.1404s
TT_PLACEAT 6 4>> 0.156s
TT_PLACEAT 8 3>> 1.872s
PING>> 0.0312s
TABLEJOIN 1>> 0.8268s
GAMEREADY>> 0.0312s
TT_PLACEAT 0 0>> 0.1404s
TT_PLACEAT 2 1>> 0.1404s
PING>> 0.0312s
TT_PLACEAT 4 2>> 0.1404s
TT_PLACEAT 6 3>> 0.1404s
PING>> 0.0312s
TT_PLACEAT 8 4>> 1.7784s
TABLEJOIN 1>> 0.5616s
PING>> 0.0312s
GAMEREADY>> 0.3588s
TT_PLACEAT 1 0>> 0.1404s
TT_PLACEAT 8 4>> 0.1716s
TT_PLACEAT 5 1>> 0.156s
TT_PLACEAT 7 2>> 0.1716s
PING>> 0.0312s
PING>> 0.0312s
TABLEJOIN 1>> 0.6084s
GAMEREADY>> 0.4212s
TT_PLACEAT 0 0>> 0.1716s
TT_PLACEAT 2 1>> 0.1716s
PING>> 0.0312s
PING>> 0.0312s
TT_PLACEAT 4 2>> 0.1872s
TT_PLACEAT 6 4>> 0.156s
TT_PLACEAT 8 3>> 1.56s
PING>> 0.0312s
TABLECREATE3>> 0.156s
TABLECLOSE>> 0.0624s
TABLEJOIN 1>> 0.546s
PING>> 0.0312s
GAMEREADY>> 0.0312s
SBREADY>> 0.1872s
PING>> 0.0312s
SBFROZEN>> 0.0312s
TABLEJOIN 1>> 0.546s
PING>> 0.0312s
GAMEREADY>> 0.4524s
OTTPLACEAT 20>> 0.1716s
OTTPLACEAT 21>> 0.1716s
OTTPLACEAT 22>> 0.1716s
OTTPLACEAT 10>> 0.1716s
OTTPLACEAT 16>> 0.2028s
OTTPLACEAT 12>> 0.2184s
PING>> 0.0312s
OTTPLACEAT 14>> 0.1716s
OTTPLACEAT 4>> 0.1872s
OTTPLACEAT 7>> 0.1872s
OTTPLACEAT 2>> 1.872s
PING>> 0.0312s
PING>> 0.0312s
TABLEJOIN 1>> 0.5304s
GAMEREADY>> 0.2496s
OTTPLACEAT 3>> 0.156s
OTTPLACEAT 24>> 0.1404s
OTTPLACEAT 8>> 0.1872s
OTTPLACEAT 20>> 0.156s
OTTPLACEAT 10>> 0.156s
PING>> 0.0312s
OTTPLACEAT 17>> 0.2652s
OTTPLACEAT 13>> 0.2028s
OTTPLACEAT 12>> 1.3728s
OTTPLACEAT 11>> 1.6536s
PING>> 0.0312s
PING>> 0.0312s
TABLEJOIN 1>> 0.5304s
GAMEREADY>> 0.2496s
OTTPLACEAT 3>> 0.156s
OTTPLACEAT 20>> 0.3276s
OTTPLACEAT 9>> 0.156s
OTTPLACEAT 24>> 0.1404s
OTTPLACEAT 0>> 0.1872s
OTTPLACEAT 23>> 0.1872s
PING>> 0.0312s
OTTPLACEAT 6>> 0.2028s
OTTPLACEAT 15>> 0.1872s
OTTPLACEAT 17>> 0.1872s
PING>> 0.0312s
TABLEJOIN 1>> 0.5616s
GAMEREADY>> 0.2652s
OTTPLACEAT 4>> 0.1872s
OTTPLACEAT 3>> 0.1872s
OTTPLACEAT 22>> 0.1872s
OTTPLACEAT 5>> 0.234s
PING>> 0.0312s
OTTPLACEAT 8>> 0.1872s
OTTPLACEAT 0>> 0.1716s
OTTPLACEAT 7>> 0.1872s
OTTPLACEAT 13>> 0.2028s
PING>> 0.0312s
OTTPLACEAT 11>> 0.2028s
TABLEJOIN 1>> 0.702s
GAMEREADY>> 0.312s
PING>> 0.0468s
OTTPLACEAT 14>> 0.2184s
OTTPLACEAT 9>> 0.1716s
OTTPLACEAT 15>> 0.1716s
OTTPLACEAT 18>> 0.1872s
OTTPLACEAT 8>> 0.2028s
OTTPLACEAT 7>> 0.1872s
PING>> 0.0312s
OTTPLACEAT 22>> 0.546s
OTTPLACEAT 11>> 0.2028s
OTTPLACEAT 17>> 1.6068s
PING>> 0.0312s
TABLEJOIN 1>> 0.858s
GAMEREADY>> 0.0312s
OTTPLACEAT 0>> 0.1716s
OTTPLACEAT 10>> 0.1716s
OTTPLACEAT 15>> 0.2028s
OTTPLACEAT 11>> 0.1872s
OTTPLACEAT 22>> 0.1716s
OTTPLACEAT 18>> 0.1872s
PING>> 0.0312s
OTTPLACEAT 14>> 0.234s
OTTPLACEAT 7>> 0.1716s
OTTPLACEAT 9>> 0.1716s
PING>> 0.0312s
PING>> 0.0312s
TABLEJOIN 1>> 0.546s
GAMEREADY>> 0.4212s
TT_PLACEAT 0 0>> 0.4056s
PING>> 0.0312s
TT_PLACEAT 2 1>> 0.1404s
TT_PLACEAT 5 4>> 0.156s
TT_PLACEAT 8 2>> 0.1404s
TT_PLACEAT 6 3>> 1.4352s
PING>> 0.0312s
PING>> 0.0312s
TABLEJOIN 1>> 0.5304s
GAMEREADY>> 0.3588s
OTTPLACEAT 15>> 0.156s
PING>> 0.0312s
OTTPLACEAT 5>> 0.2964s
OTTPLACEAT 11>> 0.2028s
OTTPLACEAT 22>> 0.1716s
OTTPLACEAT 23>> 0.1716s
OTTPLACEAT 3>> 0.2028s
OTTPLACEAT 13>> 0.1872s
OTTPLACEAT 14>> 0.1872s
PING>> 0.0312s
OTTCARDDISCARD>> 0.1716s
OTTPLACEAT 9>> 1.8408s
TABLEJOIN 1>> 0.5304s
GAMEREADY>> 0.2964s
OTTPLACEAT 0>> 0.1872s
OTTPLACEAT 16>> 0.2028s
PING>> 0.0312s
OTTPLACEAT 20>> 0.1716s
OTTPLACEAT 22>> 0.1872s
OTTPLACEAT 19>> 0.1872s
OTTPLACEAT 13>> 0.1872s
OTTPLACEAT 2>> 0.2028s
OTTPLACEAT 14>> 0.1872s
OTTPLACEAT 4>> 0.1716s
PING>> 0.0468s
TABLEJOIN 1>> 0.624s
GAMEREADY>> 0.2496s
OTTPLACEAT 4>> 0.1872s
OTTPLACEAT 6>> 0.2028s
OTTPLACEAT 0>> 0.1716s
OTTPLACEAT 18>> 0.1872s
OTTPLACEAT 12>> 0.2028s
OTTPLACEAT 15>> 0.1716s
PING>> 0.0312s
OTTPLACEAT 20>> 0.1716s
OTTPLACEAT 21>> 0.156s
OTTPLACEAT 22>> 1.5912s
PING>> 0.0312s
PING>> 0.0312s
TABLEJOIN 1>> 0.8424s
GAMEREADY>> 0.3276s
OTTPLACEAT 4>> 0.156s
OTTPLACEAT 9>> 0.1872s
PING>> 0.0312s
OTTPLACEAT 1>> 0.156s
PING>> 0.0312s
OTTPLACEAT 14>> 0.156s
OTTPLACEAT 7>> 0.1716s
OTTPLACEAT 20>> 0.1404s
OTTPLACEAT 19>> 0.1716s
OTTPLACEAT 17>> 0.1716s
OTTPLACEAT 16>> 0.156s
PING>> 0.0312s
TABLEJOIN 1>> 0.546s
GAMEREADY>> 0.2028s
OTTPLACEAT 5>> 0.156s
OTTPLACEAT 14>> 0.156s
PING>> 0.0312s
OTTPLACEAT 13>> 0.2028s
OTTPLACEAT 17>> 0.1716s
OTTPLACEAT 3>> 0.156s
OTTPLACEAT 20>> 0.156s
OTTPLACEAT 21>> 0.156s
OTTPLACEAT 15>> 0.468s
OTTPLACEAT 22>> 0.1716s
PING>> 0.0312s
OTTPLACEAT 24>> 1.6068s
TABLEJOIN 1>> 0.624s
GAMEREADY>> 0.234s
OTTPLACEAT 9>> 0.1872s
PING>> 0.0312s
OTTPLACEAT 3>> 0.2028s
OTTPLACEAT 12>> 0.1872s
OTTPLACEAT 19>> 0.1716s
OTTPLACEAT 17>> 0.2028s
OTTPLACEAT 0>> 0.1716s
OTTPLACEAT 6>> 0.2028s
PING>> 0.0312s
OTTPLACEAT 10>> 0.2184s
OTTPLACEAT 20>> 0.1716s
OTTPLACEAT 16>> 2.0436s
PING>> 0.0312s
PING>> 0.0468s
PING>> 0.0312s
PING>> 0.0312s
LOADGAME hitman 123>> 0.4524s
TABLEQUERY 1>> 0.0312s
EXTRACHECK>> 0.0312s
TABLECREATE>> 0.1248s
WEBSERVICE>> 0.0312s
PING>> 0.0312s
CHANGERULE 0 1 1 0 0 0 0 0 1 1 0 0 0 0 0 1 0 1 1 0 1 0 0 0 1 0 0 0 0 0 0 0 0 0 0 0 0 0 0 1@@Triple%20Triad@@ Anime Anime2 CC Crusade FF6 FF7 FF9 FFAC FFT FFX KingdomHearts Nintendo Sega Standard Suikoden2 XenoTrigger>> 0.0468s
GAMEREADY>> 0.4212s
TT_PLACEAT 0 0>> 0.3432s
PING>> 0.0312s
TT_PLACEAT 2 1>> 0.7s
TT_PLACEAT 4 2>> 0.2964s
TT_PLACEAT 8 3>> 0.1872s
LOADGAME hitman 123>> 0.293s
TABLEQUERY 1>> 0.026s
EXTRACHECK>> 0.026s
PING>> 0.026s
TABLEJOIN 1>> 0.57s
GAMEREADY>> 0.527s
TT_PLACEAT 1 0>> 0.157s
TT_PLACEAT 5 1>> 0.249s
TT_PLACEAT 3 2>> 0.142s
TT_PLACEAT 7 4>> 0.159s
PING>> 0.026s
PING>> 0.026s
PING>> 0.026s
WEBSERVICE>> 0.026s
WEBSERVICE>> 0.026s
WEBSERVICE>> 0.026s
WEBSERVICE>> 0.026s
WEBSERVICE>> 0.026s
WEBSERVICE>> 0.026s
ALTERNATESET 0>> 0.192s
WEBSERVICE>> 0.026s
WEBSERVICE>> 0.03s
ALTERNATESET 0>> 0.115s
TABLEJOIN 1>> 0.574s
GAMEREADY>> 0.035s
PING>> 0.032s
GAMEREADY>> 0.035s
GAMEREADY>> 0.034s
OTTPLACEAT 9>> 0.273s
OTTPLACEAT 21>> 0.152s
PING>> 0.026s
OTTPLACEAT 3>> 0.167s
OTTPLACEAT 19>> 0.166s
OTTPLACEAT 23>> 0.169s
OTTPLACEAT 0>> 0.155s
OTTPLACEAT 10>> 0.158s
OTTPLACEAT 12>> 0.167s
PING>> 0.026s
OTTPLACEAT 8>> 0.242s
OTTPLACEAT 6>> 0.597s
PING>> 0.027s
PING>> 0.026s
PING>> 0.027s
PING>> 0.027s
PING>> 0.026s
PING>> 0.029s
PING>> 0.026s
PING>> 0.026s
PING>> 0.0312s
TABLEJOIN 1>> 0.9828s
GAMEREADY>> 0.0312s
TT_PLACEAT 0 0>> 0.312s
TT_PLACEAT 5 2>> 0.156s
TT_PLACEAT 2 4>> 0.1716s
TT_PLACEAT 8 3>> 0.2652s
TT_PLACEAT 6 1>> 1.7004s
PING>> 0.0312s
PING>> 0.0312s
PING>> 0.027s
PING>> 0.027s
TABLEJOIN 1>> 0.621s
GAMEREADY>> 0.632s
TT_PLACEAT 1 0>> 0.167s
PING>> 0.027s
TT_PLACEAT 5 1>> 0.154s
TT_PLACEAT 3 2>> 0.173s
TT_PLACEAT 7 4>> 0.159s
PING>> 0.027s
PING>> 0.027s
TABLEJOIN 1>> 0.618s
GAMEREADY>> 0.428s
TT_PLACEAT 4 1>> 0.157s
TT_PLACEAT 8 4>> 0.359s
TT_PLACEAT 2 0>> 0.163s
TT_PLACEAT 7 2>> 0.238s
TT_PLACEAT 1 3>> 1.721s
PING>> 0.03s
PING>> 0.027s
PING>> 0.03s
PING>> 0.028s
TABLECREATE>> 0.143s
WEBSERVICE>> 0.026s
CHANGERULE 0 1 1 0 0 0 0 0 0 0 0 0 0 0 0 0 0 0 0 0 0 0 0 0 0 0 0 1 0 0 0 0 0 0 0 0 0 0 0 0@@Triple%20Triad@@ Anime2 CC Crusade FF6 FF7 FF9 FFAC FFT FFX KingdomHearts Nintendo Sega Standard Suikoden2 XenoTrigger>> 0.067s
GAMEREADY>> 0.034s
TT_PLACEAT 0 0>> 0.145s
TT_PLACEAT 2 1>> 0.142s
TT_PLACEAT 4 2>> 0.173s
TT_PLACEAT 6 3>> 0.143s
PING>> 0.028s
>> 0s
PING>> 138.21s
PING>> 0.027s
PING>> 0.027s
PING>> 0.026s
PING>> 0.026s
TABLEJOIN 1>> 0.623s
GAMEREADY>> 0.39s
TT_PLACEAT 1 0>> 0.166s
TT_PLACEAT 2 3>> 0.175s
TT_PLACEAT 5 1>> 0.172s
PING>> 0.026s
TT_PLACEAT 7 2>> 0.176s
PING>> 0.026s
PING>> 0.027s
PING>> 0.026s
PING>> 0.03s
PING>> 0.032s
LOADGAME hitman 123>> 0.312s
TABLEQUERY 1>> 0.027s
EXTRACHECK>> 0.026s
WEBSERVICE>> 0.027s
PING>> 0.026s
PING>> 0.026s
PING>> 0.027s
PING>> 0.026s
PING>> 0.026s
PING>> 0.026s
PING>> 0.026s
PING>> 0.027s
PING>> 0.032s
PING>> 0.032s
PING>> 0.027s
PING>> 0.027s
PING>> 0.028s
PING>> 0.032s
PING>> 0.03s