
LOADGAME Jimmy3000 jims>> 0.906s
TABLEQUERY 1>> 0.035s
EXTRACHECK>> 0.029s
CHAT heyo>> 0.181s
WEBSERVICE>> 0.029s
WEBSERVICE>> 0.031s
WEBSERVICE>> 0.029s
WEBSERVICE>> 0.029s
WEBSERVICE>> 0.033s
WEBSERVICE>> 0.028s
PING>> 0.028s
WEBSERVICE>> 0.029s
WEBSERVICE>> 0.029s
WEBSERVICE>> 0.036s
WEBSERVICE>> 0.035s
WEBSERVICE>> 0.03s
WEBSERVICE>> 0.029s
WEBSERVICE>> 0.029s
WEBSERVICE>> 0.06s
PING>> 0.046s
WEBSERVICE>> 0.029s
CARDPACK Returners%20Pack>> 2.29s
CHAT not much u? what stuff we need to test?>> 0.185s
CHAT kk>> 0.197s
PING>> 0.076s
PING>> 0.056s
CHAT i need to relog, ff6 cards are in wrong folder>> 0.565s
LOADGAME Jimmy3000 jims>> 0.429s
TABLEQUERY 1>> 0.034s
EXTRACHECK>> 0.059s
TABLECREATE2 OMNITT_RANDOM 5>> 0.247s
WEBSERVICE>> 0.04s
WEBSERVICE>> 0.102s
WEBSERVICE>> 0.029s
WEBSERVICE>> 0.045s
PING>> 0.125s
WEBSERVICE>> 0.029s
WEBSERVICE>> 0.035s
WEBSERVICE>> 0.051s
WEBSERVICE>> 0.08s
WEBSERVICE>> 0.031s
WEBSERVICE>> 0.047s
WEBSERVICE>> 0.028s
WEBSERVICE>> 0.038s
WEBSERVICE>> 0.055s
WEBSERVICE>> 0.05s
WEBSERVICE>> 0.029s
VETERANALTERNATETRAIN gold>> 0.247s
PING>> 0.029s
TABLECLOSE>> 0.098s
WEBSERVICE>> 0.035s
WEBSERVICE>> 0.029s
VETERANALTERNATETRAIN gold>> 0.194s
PING>> 0.043s
CHAT it says i dont have enough points when i try to train Gold enhance>> 0.19s
PING>> 0.042s
WEBSERVICE>> 0.032s
WEBSERVICE>> 0.041s
WEBSERVICE>> 0.028s
PING>> 0.03s
CHAT yah me 2 lol>> 0.177s
TABLECREATE2 OMNITT_RANDOM 5>> 0.19s
GAMEREADY>> 0.077s
OTTPLACEAT 12>> 0.253s
PING>> 0.053s
OTTPLACEAT 19>> 0.22s
PING>> 0.028s
OTTPLACEAT 20>> 0.209s
PING>> 0.029s
OTTPLACEAT 14>> 0.222s
LOADGAME Jimmy3000 jims>> 0.454s
TABLEQUERY 1>> 0.029s
EXTRACHECK>> 0.049s
WEBSERVICE>> 0.028s
WEBSERVICE>> 0.057s
WEBSERVICE>> 0.028s
PING>> 0.047s
WEBSERVICE>> 0.089s
VETERANALTERNATETRAIN gold>> 0.19s
PING>> 0.028s
CHAT <Error> You do not have enough points to train this ability 22:48:23 i get this when i try and train gold enhance>> 0.14s
PING>> 0.027s
PING>> 0.028s
WEBSERVICE>> 0.032s
WEBSERVICE>> 0.028s
WEBSERVICE>> 0.029s
WEBSERVICE>> 0.028s
WEBSERVICE>> 0.03s
WEBSERVICE>> 0.027s
VETERANALTERNATETRAIN gold>> 0.165s
LOADGAME Jimmy3000 jims>> 0.367s
TABLEQUERY 1>> 0.029s
EXTRACHECK>> 0.027s
WEBSERVICE>> 0.03s
WEBSERVICE>> 0.029s
WEBSERVICE>> 0.027s
WEBSERVICE>> 0.028s
WEBSERVICE>> 0.029s
VETERANALTERNATETRAIN gold>> 0.143s
PING>> 0.058s
WEBSERVICE>> 0.029s
WEBSERVICE>> 0.032s
CHAT <Error> You do not have enough points to train this ability 22:57:58>> 0.27s
CHAT still get that msg on gold enhance>> 0.156s
VETERANALTERNATETRAIN gold>> 0.154s
WEBSERVICE>> 0.029s
WEBSERVICE>> 0.029s
PING>> 0.032s
CHAT the train button is stuck as if its being constantly pressed>> 0.153s
WEBSERVICE>> 0.029s
WEBSERVICE>> 0.029s
WEBSERVICE>> 0.027s
WEBSERVICE>> 0.028s
WEBSERVICE>> 0.029s
WEBSERVICE>> 0.027s
WEBSERVICE>> 0.028s
WEBSERVICE>> 0.027s
VETERANALTERNATETRAIN vip>> 0.138s
CHAT tried VIP roller and got same message>> 0.223s
PING>> 0.03s
WEBSERVICE>> 0.029s
WEBSERVICE>> 0.027s
PING>> 0.028s
WEBSERVICE>> 0.029s
VETERANALTERNATETRAIN gold>> 0.139s
WEBSERVICE>> 0.028s
WEBSERVICE>> 0.029s
WEBSERVICE>> 0.028s
WEBSERVICE>> 0.028s
WEBSERVICE>> 0.029s
VETERANALTERNATETRAIN token>> 0.267s
WEBSERVICE>> 0.028s
WEBSERVICE>> 0.028s
ALTERNATESET 10>> 0.158s
WEBSERVICE>> 0.044s
WEBSERVICE>> 0.027s
ALTERNATESET 10>> 0.129s
WEBSERVICE>> 0.027s
WEBSERVICE>> 0.03s
WEBSERVICE>> 0.031s
WEBSERVICE>> 0.028s
WEBSERVICE>> 0.028s
VETERANALTERNATETRAIN experience>> 0.144s
PING>> 0.029s
TABLEJOIN 1>> 0.743s
PING>> 0.028s
GAMEREADY>> 0.078s
TT_PLACEAT 6 1>> 0.147s
WEBSERVICE>> 0.028s
PING>> 0.027s
CHAT the ff6 cards that got drawn in this game... i dont have any of them in my deck =/>> 0.207s
TT_PLACEAT 1 0>> 0.305s
GAMECHAT ~@*~*got one there lol>> 0.04s
CHAT and i have drawn a se card>> 0.384s
PING>> 0.038s
CHAT ah rite, must be a new thing xD>> 0.313s
CHAT but still drew an se?>> 0.181s
CHAT ah rite>> 0.16s
TT_PLACEAT 7 2>> 0.243s
PING>> 0.029s
TT_PLACEAT 3 3>> 0.421s
PING>> 0.041s
CHAT i got correct gp>> 0.166s
CHAT 30>> 0.174s
PING>> 0.032s
CHAT lol, when were the stats for this taken O.o i have half the exp i have now lol>> 0.177s
CHAT u PU?>> 0.167s
CHAT i usually get 30 for a win>> 0.157s
PING>> 0.041s
CHAT o.o>> 0.187s
PING>> 0.027s
TABLEJOIN 1>> 0.645s
>> 0s
PING>> 1.638s
OTTPLACEAT 10>> 0.318s
OTTPLACEAT 14>> 0.571s
OTTPLACEAT 19>> 0.23s
PING>> 0.039s
OTTPLACEAT 6>> 0.288s
OTTPLACEAT 16>> 0.378s
PING>> 0.034s
OTTPLACEAT 2>> 0.241s
OTTPLACEAT 4>> 0.258s
OTTPLACEAT 13>> 0.285s
OTTPLACEAT 21>> 0.246s
OTTPLACEAT 22>> 2.673s
CHAT gg>> 0.176s
CHAT yup i got correct gp again>> 0.215s
PING>> 0.028s
CHAT i got 30 which is what i usually get>> 0.17s
WEBSERVICE>> 0.028s
WEBSERVICE>> 0.028s
WEBSERVICE>> 0.028s
WEBSERVICE>> 0.028s
WEBSERVICE>> 0.027s
WEBSERVICE>> 0.036s
WEBSERVICE>> 0.028s
WEBSERVICE>> 0.027s
VETERANALTERNATETRAIN gold>> 0.275s
PING>> 0.045s
PING>> 0.03s
WEBSERVICE>> 0.029s
WEBSERVICE>> 0.028s
ALTERNATESET 10>> 0.129s
WEBSERVICE>> 0.032s
WEBSERVICE>> 0.028s
ALTERNATESET 10>> 0.126s
WEBSERVICE>> 0.04s
CHAT hmmm =/>> 0.192s
PING>> 0.029s
CHAT well i gtg now anywasy sry >.< sure someone else will come from main to help>> 0.2s