
LOADGAME KieranCarden letmein>> 0.438s
TABLEQUERY 1>> 0.032s
EXTRACHECK>> 0.033s
PING>> 0.033s
CHAT hey I have money here, sweet>> 0.123s
PING>> 0.029s
WEBSERVICE>> 0.028s
PING>> 0.029s
WEBSERVICE>> 0.028s
WEBSERVICE>> 0.028s
WEBSERVICE>> 0.029s
WEBSERVICE>> 0.028s
WEBSERVICE>> 0.03s
WEBSERVICE>> 0.034s
ALTERNATESET 0>> 0.246s
WEBSERVICE>> 0.044s
ALTERNATESET 0>> 0.148s
ALTERNATESET 90>> 0.123s
PING>> 0.029s
WEBSERVICE>> 0.027s
WEBSERVICE>> 0.033s
WEBSERVICE>> 0.037s
LOADGAME KieranCarden letmein>> 0.474s
TABLEQUERY 1>> 0.029s
EXTRACHECK>> 0.029s
WEBSERVICE>> 0.029s
WEBSERVICE>> 0.029s
ALTERNATESET 90>> 0.139s
WEBSERVICE>> 0.029s
WEBSERVICE>> 0.028s
ALTERNATESET 90>> 0.17s
PING>> 0.027s
ALTERNATESET 0>> 0.166s
WEBSERVICE>> 0.029s
WEBSERVICE>> 0.029s
WEBSERVICE>> 0.03s
WEBSERVICE>> 0.03s
PING>> 0.028s
PING>> 0.03s
PING>> 0.029s
LOADGAME KieranCarden letmein>> 0.576s
TABLEQUERY 1>> 0.056s
EXTRACHECK>> 0.033s
PING>> 0.032s
WEBSERVICE>> 0.041s
WEBSERVICE>> 0.029s
WEBSERVICE>> 0.029s
WEBSERVICE>> 0.029s
WEBSERVICE>> 0.029s
WEBSERVICE>> 0.029s
WEBSERVICE>> 0.121s
ALTERNATESET 0>> 0.175s
WEBSERVICE>> 0.071s
WEBSERVICE>> 0.028s
ALTERNATESET 0>> 0.114s
PING>> 0.033s
PING>> 0.046s
PING>> 0.029s
PING>> 0.028s
WEBSERVICE>> 0.03s
WEBSERVICE>> 0.032s
PING>> 0.031s
PING>> 0.029s
WEBSERVICE>> 0.03s
PING>> 0.028s
PING>> 0.03s
PING>> 0.048s
WEBSERVICE>> 0.031s
WEBSERVICE>> 0.034s
WEBSERVICE>> 0.028s
WEBSERVICE>> 0.029s
PING>> 0.03s
PING>> 0.036s
PING>> 0.028s
PING>> 0.054s
CHAT /me is away.  Reason: Idle>> 0.16s
AWAY 1>> 0.031s
PING>> 0.029s
CHAT /me is back.>> 0.162s
AWAY 0>> 0.03s
PING>> 0.029s
PING>> 0.029s
PING>> 0.034s
PING>> 0.165s
PING>> 0.032s
PING>> 0.029s
PING>> 0.051s
PING>> 0.027s
PING>> 0.121s
PING>> 0.029s
PING>> 0.061s
PING>> 0.067s
LOADGAME KieranCarden letmein>> 0.682s
TABLEQUERY 1>> 0.035s
EXTRACHECK>> 0.032s
WEBSERVICE>> 0.048s
WEBSERVICE>> 0.046s
WEBSERVICE>> 0.033s
WEBSERVICE>> 0.032s
WEBSERVICE>> 0.031s
WEBSERVICE>> 0.035s
ALTERNATESET 0>> 0.14s
WEBSERVICE>> 0.058s
WEBSERVICE>> 0.04s
ALTERNATESET 0>> 0.164s
PING>> 0.03s
WEBSERVICE>> 0.03s
WEBSERVICE>> 0.028s
WEBSERVICE>> 0.033s
WEBSERVICE>> 0.029s
PING>> 0.029s
PING>> 0.028s
PING>> 0.028s
PING>> 0.028s
PING>> 0.031s
LOADGAME KieranCarden letmein>> 0.329s
TABLEQUERY 1>> 0.029s
EXTRACHECK>> 0.028s
WEBSERVICE>> 0.029s
WEBSERVICE>> 0.029s
WEBSERVICE>> 0.027s
WEBSERVICE>> 0.028s
PING>> 0.029s
PING>> 0.027s
WEBSERVICE>> 0.029s
WEBSERVICE>> 0.028s
ALTERNATESET 0>> 0.124s
WEBSERVICE>> 0.028s
WEBSERVICE>> 0.028s
ALTERNATESET 0>> 0.14s
WEBSERVICE>> 0.029s
WEBSERVICE>> 0.028s
WEBSERVICE>> 0.029s
WEBSERVICE>> 0.029s
PING>> 0.029s
WEBSERVICE>> 0.029s
WEBSERVICE>> 0.03s
WEBSERVICE>> 0.054s
PING>> 0.029s
WEBSERVICE>> 0.03s
PING>> 0.032s
WEBSERVICE>> 0.028s
WEBSERVICE>> 0.055s
WEBSERVICE>> 0.028s
WEBSERVICE>> 0.029s
WEBSERVICE>> 0.029s
WEBSERVICE>> 0.029s
WEBSERVICE>> 0.028s
PING>> 0.03s
PING>> 0.029s
PING>> 0.062s
CHAT okay>> 0.156s
PING>> 0.03s
PING>> 0.028s
PING>> 0.037s
PING>> 0.029s
PING>> 0.031s
PING>> 0.032s
PING>> 0.031s
PING>> 0.028s
PING>> 0.029s
PING>> 0.028s
CHAT /me is away.  Reason: Idle>> 0.175s
AWAY 1>> 0.027s
PING>> 0.029s
CHAT /me is back.>> 0.171s
AWAY 0>> 0.029s
PING>> 0.029s
PING>> 0.029s
PING>> 0.031s
PING>> 0.028s
PING>> 0.027s
PING>> 0.028s
CHAT heeey>> 0.177s
PING>> 0.045s
PING>> 0.029s
CHAT so... what's up>> 0.163s
PING>> 0.047s
WEBSERVICE>> 0.034s
WEBSERVICE>> 0.029s
WEBSERVICE>> 0.03s
WEBSERVICE>> 0.034s
WEBSERVICE>> 0.029s
WEBSERVICE>> 0.032s
PING>> 0.064s
CHAT you don't-- okay>> 0.151s
WEBSERVICE>> 0.028s
WEBSERVICE>> 0.031s
WEBSERVICE>> 0.027s
WEBSERVICE>> 0.03s
WEBSERVICE>> 0.028s
PING>> 0.049s
WEBSERVICE>> 0.054s
WEBSERVICE>> 0.034s
WEBSERVICE>> 0.032s
WEBSERVICE>> 0.027s
WEBSERVICE>> 0.029s
WEBSERVICE>> 0.03s
CHAT so anything to do with memberships, don't put VA points into... but everything else is fair game?>> 0.347s
PING>> 0.031s
CHAT k>> 0.235s
VETERANALTERNATETRAIN token>> 0.407s
WEBSERVICE>> 0.052s
WEBSERVICE>> 0.031s
WEBSERVICE>> 0.034s
WEBSERVICE>> 0.033s
WEBSERVICE>> 0.082s
PING>> 0.028s
WEBSERVICE>> 0.029s
PING>> 0.028s
WEBSERVICE>> 0.029s
VETERANALTERNATETRAIN gold>> 0.337s
WEBSERVICE>> 0.032s
WEBSERVICE>> 0.028s
PING>> 0.027s
CHAT my points aren't being taken away>> 0.164s
CHAT I like the token exchange ability>> 0.149s
PING>> 0.041s
TABLEJOIN 1>> 0.695s
GAMEREADY>> 0.93s
OTTPLACEAT 23>> 0.628s
OTTPLACEAT 11>> 0.292s
PING>> 0.028s
OTTPLACEAT 0>> 0.222s
PING>> 0.029s
CHAT can we do fulldeck with my FF6 selected? see what these cards are like>> 0.168s
CHAT my=just*>> 0.163s
OTTPLACEAT 15>> 0.218s
PING>> 0.045s
WEBSERVICE>> 0.032s
WEBSERVICE>> 0.038s
OTTPLACEAT 13>> 0.762s
LOADGAME KieranCarden letmein>> 0.876s
TABLEQUERY 1>> 0.039s
EXTRACHECK>> 0.046s
WEBSERVICE>> 0.029s
WEBSERVICE>> 0.028s
WEBSERVICE>> 0.03s
WEBSERVICE>> 0.028s
WEBSERVICE>> 0.029s
WEBSERVICE>> 0.029s
WEBSERVICE>> 0.029s
PING>> 0.029s
WEBSERVICE>> 0.028s
WEBSERVICE>> 0.031s
WEBSERVICE>> 0.029s
PING>> 0.028s
WEBSERVICE>> 0.031s
WEBSERVICE>> 0.03s
WEBSERVICE>> 0.029s
WEBSERVICE>> 0.028s
VETERANALTERNATETRAIN extended>> 0.651s
WEBSERVICE>> 0.03s
WEBSERVICE>> 0.029s
CHAT my points still aren't going away>> 0.146s
PING>> 0.029s
WEBSERVICE>> 0.03s
VETERANALTERNATETRAIN experience>> 0.256s
WEBSERVICE>> 0.05s
WEBSERVICE>> 0.029s
PING>> 0.034s
WEBSERVICE>> 0.031s
WEBSERVICE>> 0.029s
WEBSERVICE>> 0.03s
WEBSERVICE>> 0.027s
WEBSERVICE>> 0.03s
WEBSERVICE>> 0.03s
VETERANALTERNATETRAIN active>> 0.277s
WEBSERVICE>> 0.035s
WEBSERVICE>> 0.028s
PING>> 0.028s
CHAT oh you weren't back in yet... my points still aren't being taken away>> 0.159s
PING>> 0.035s
PING>> 0.05s
WEBSERVICE>> 0.028s
WEBSERVICE>> 0.028s
WEBSERVICE>> 0.028s
WEBSERVICE>> 0.028s
WEBSERVICE>> 0.027s
VETERANALTERNATETRAIN token>> 0.264s
WEBSERVICE>> 0.029s
WEBSERVICE>> 0.027s
WEBSERVICE>> 0.049s
PING>> 0.071s
LOADGAME KieranCarden letmein>> 0.345s
TABLEQUERY 1>> 0.029s
EXTRACHECK>> 0.032s
WEBSERVICE>> 0.031s
WEBSERVICE>> 0.064s
PING>> 0.041s
WEBSERVICE>> 0.035s
WEBSERVICE>> 0.028s
CHAT anything else work?>> 0.174s
PING>> 0.028s
CHAT exit and go back into it... if you can exit out of that screen... usually works for me>> 0.136s
PING>> 0.028s
WEBSERVICE>> 0.042s
VETERANALTERNATETRAIN vip>> 0.129s
WEBSERVICE>> 0.028s
WEBSERVICE>> 0.028s
WEBSERVICE>> 0.029s
WEBSERVICE>> 0.057s
WEBSERVICE>> 0.029s
WEBSERVICE>> 0.029s
VETERANALTERNATETRAIN gold>> 0.242s
WEBSERVICE>> 0.029s
WEBSERVICE>> 0.03s
CHAT I get that message for VIP roller, but gold enhance workds>> 0.176s
CHAT <Error> You do not have enough points to train this ability 16:59:50>> 0.149s
PING>> 0.048s
CHAT but it took my point away this time>> 0.149s
PING>> 0.029s
CHAT try a quick TT game? I wanna see if the benefit works>> 0.23s
TABLECREATE>> 0.196s
WEBSERVICE>> 0.033s
CHANGERULE 0 1 0 0 0 0 0 0 1 1 0 0 0 0 0 0 0 1 0 0 0 0 0 0 1 0 0 0 0 0 0 0 0 0 0 0 0 0 1 0@@Triple%20Triad@@ FF6>> 0.214s
CHALLENGECHATS that okay?>> 0.063s
PING>> 0.045s
CHALLENGECHATS I wanted to see these cards>> 0.053s
GAMEREADY>> 0.928s
TT_PLACEAT 4 2>> 0.638s
TT_PLACEAT 2 4>> 0.167s
PING>> 0.033s
GAMECHAT ~@*~*have you looked at the SE/ECs yet?>> 0.043s
TT_PLACEAT 5 0>> 0.311s
PING>> 0.03s
GAMECHAT ~@*~*those two are my favorite>> 0.046s
PING>> 0.027s
TT_PLACEAT 8 3>> 0.235s
TT_PLACEAT 0 1>> 3.022s
CHAT 10gp>> 0.201s
PING>> 0.028s
WEBSERVICE>> 0.029s
WEBSERVICE>> 0.028s
WEBSERVICE>> 0.029s
WEBSERVICE>> 0.027s
WEBSERVICE>> 0.028s
WEBSERVICE>> 0.028s
CHAT how much?>> 0.154s
PING>> 0.028s
CHAT is that normal for a TT game? I get 42 on the main server if I win, usually 40 but I have an AA in the gold one>> 0.177s
CHAT check the leaderboard for most gold, lol>> 0.158s
WEBSERVICE>> 0.029s
CHAT nah I don't have a PU>> 0.177s
PING>> 0.03s
CHAT golden touch>> 0.185s
CHAT 5% more gold>> 0.149s
PING>> 0.042s
CHAT let's try OTT, I know those numbers by heart>> 0.146s
TABLECREATE2 OMNITT_RANDOM 5>> 0.186s
GAMEREADY>> 0.039s
PING>> 0.048s
OTTPLACEAT 0>> 0.5s
OTTPLACEAT 11>> 0.248s
OTTPLACEAT 24>> 0.19s
OTTPLACEAT 1>> 0.213s
PING>> 0.035s
OTTPLACEAT 15>> 0.226s
>> 0s
PING>> 1.084s
OTTPLACEAT 3>> 0.244s
OTTPLACEAT 20>> 0.263s
OTTPLACEAT 18>> 0.503s
OTTPLACEAT 17>> 0.266s
CHAT gg>> 0.143s
CHAT that's not right >.>>> 0.141s
PING>> 0.027s
CHAT my gp goes like this>> 0.159s
CHAT 15 for losing, 25 for draws, and 40 for winning>> 0.139s
CHAT plus an extra 5% which makes it 16, 26, and 42>> 0.158s
PING>> 0.028s
CHAT unless>> 0.169s
PING>> 0.028s
CHAT this is based before that update happened>> 0.153s
PING>> 0.042s
PING>> 0.029s
PING>> 0.028s
PING>> 0.029s
PING>> 0.043s
CHAT pake!>> 0.14s
CHAT xD>> 0.15s
PING>> 0.029s
CHAT how much gp do you get usually for winning?>> 0.156s
CHAT oh you're a PU>> 0.179s
PING>> 0.028s
CHAT 42 - golden touch>> 0.238s
CHAT otherwise it'd be 40>> 0.143s
PING>> 0.03s
CHAT just trying to figure out why it's 30 here>> 0.242s
CHAT and 10 for losing :/>> 0.151s
PING>> 0.028s
CHAT nope, my AA didn't even work back then>> 0.149s
CHAT okay>> 0.168s
PING>> 0.063s
WEBSERVICE>> 0.028s
WEBSERVICE>> 0.027s
PING>> 0.062s
WEBSERVICE>> 0.028s
WEBSERVICE>> 0.032s
WEBSERVICE>> 0.028s
VETERANALTERNATETRAIN gold>> 0.353s
WEBSERVICE>> 0.027s
WEBSERVICE>> 0.028s
VETERANALTERNATETRAIN gold>> 0.265s
WEBSERVICE>> 0.028s
WEBSERVICE>> 0.027s
VETERANALTERNATETRAIN gold>> 0.238s
WEBSERVICE>> 0.031s
WEBSERVICE>> 0.028s
CHAT gotta make sure the % is high enough to take effect>> 0.206s
CHAT 1% more gold out of 10 won't show>> 0.165s
PING>> 0.048s
CHAT I can't do that one either>> 0.212s
CHAT play TT pake?>> 0.126s
PING>> 0.027s
TABLEJOIN 1>> 0.67s
CHALLENGECHATS bunny girl!>> 0.057s
PING>> 0.028s
CHALLENGECHATS holy crap>> 0.053s
CHALLENGECHATS lol>> 0.086s
CHALLENGECHATS aww, take starter off >.>>> 0.05s
GAMEREADY>> 1.001s
CHAT o.O>> 0.189s
CHAT we rule, lol>> 0.137s
TABLEJOIN 1>> 0.846s
CHAT oh>> 0.129s
PING>> 0.054s
GAMEREADY>> 0.668s
CHAT k>> 0.393s
TT_PLACEAT 1 4>> 0.698s
CHAT I just wanna make sure this % works>> 0.147s
CHAT ;_;>> 0.14s
PING>> 0.036s
TT_PLACEAT 3 1>> 0.2s
PING>> 0.027s
TT_PLACEAT 8 3>> 0.248s
TT_PLACEAT 4 0>> 0.574s
CHAT :/>> 0.438s
PING>> 0.029s
CHAT I didn't get any more gold>> 0.152s
PING>> 0.027s
TABLEJOIN 1>> 0.669s
WEBSERVICE>> 0.029s
TRADEFINISHED 1>> 0.74s
CHAT lol, thanks man>> 0.165s
PING>> 0.028s
WEBSERVICE>> 0.029s
WEBSERVICE>> 0.032s
WEBSERVICE>> 0.028s
WEBSERVICE>> 0.043s
CHAT well, if you wanna add to that ticket, I have Gold Enhance at level 5 and I didn't get any extra gold>> 0.175s
WEBSERVICE>> 0.054s
WEBSERVICE>> 0.027s
WEBSERVICE>> 0.028s
VETERANALTERNATETRAIN gold>> 0.377s
WEBSERVICE>> 0.028s
WEBSERVICE>> 0.028s
VETERANALTERNATETRAIN gold>> 0.276s
WEBSERVICE>> 0.029s
WEBSERVICE>> 0.029s
VETERANALTERNATETRAIN gold>> 0.271s
WEBSERVICE>> 0.029s
WEBSERVICE>> 0.027s
VETERANALTERNATETRAIN gold>> 0.276s
WEBSERVICE>> 0.028s
WEBSERVICE>> 0.04s
VETERANALTERNATETRAIN gold>> 0.244s
WEBSERVICE>> 0.047s
WEBSERVICE>> 0.027s
PING>> 0.028s
WEBSERVICE>> 0.028s
VETERANALTERNATETRAIN token>> 0.32s
WEBSERVICE>> 0.027s
WEBSERVICE>> 0.027s
VETERANALTERNATETRAIN token>> 0.26s
WEBSERVICE>> 0.029s
WEBSERVICE>> 0.029s
CHAT want an EC? I just got 4 tokens>> 0.135s
WEBSERVICE>> 0.028s
WEBSERVICE>> 0.029s
PING>> 0.029s
CHAT too bad this doesn't go onto the main account>> 0.168s
CHAT what'cha want?>> 0.149s
TOKENREDEEM Opera>> 0.281s
CHAT lol>> 0.146s
CHAT Opera <3>> 0.175s
PING>> 0.037s
CHAT Imma buy some packs, since it doesn't matter>> 0.163s
WEBSERVICE>> 0.027s
CARDPACK Returners%20Pack>> 1.606s
PING>> 0.028s
CARDPACK Returners%20Pack>> 1.734s
CHAT bah>> 0.182s
CHAT couple espers>> 0.145s
PING>> 0.027s
WEBSERVICE>> 0.029s
WEBSERVICE>> 0.029s
WEBSERVICE>> 0.028s
WEBSERVICE>> 0.028s
WEBSERVICE>> 0.041s
VETERANALTERNATETRAIN bounty>> 0.269s
WEBSERVICE>> 0.027s
WEBSERVICE>> 0.028s
WEBSERVICE>> 0.027s
VETERANALTERNATETRAIN enhance>> 0.326s
WEBSERVICE>> 0.028s
WEBSERVICE>> 0.029s
WEBSERVICE>> 0.029s
VETERANALTERNATETRAIN greedy>> 0.346s
WEBSERVICE>> 0.031s
WEBSERVICE>> 0.007s
WEBSERVICE>> 0.027s
WEBSERVICE>> 0.028s
VETERANALTERNATETRAIN vip>> 0.127s
PING>> 0.033s
CHAT every VA works for me except VIP Roller>> 0.149s
CHAT okay, later man>> 0.165s
PING>> 0.027s
TREASUREHUNTER>> 0.386s
TREASUREHUNTER>> 0.218s
TREASUREHUNTER>> 0.332s
TREASUREHUNTER>> 0.203s
TREASUREHUNTER>> 0.295s
TREASUREHUNTER>> 0.208s
TREASUREHUNTER>> 0.226s
TREASUREHUNTER>> 0.384s
TREASUREHUNTER>> 0.235s
TREASUREHUNTER>> 0.425s
TREASUREHUNTER>> 0.441s
TREASUREHUNTER>> 0.245s
TREASUREHUNTER>> 0.378s
TREASUREHUNTER>> 0.371s
TREASUREHUNTER>> 0.209s
TREASUREHUNTER>> 0.325s
TREASUREHUNTER>> 0.392s
TREASUREHUNTER>> 0.204s
PING>> 0.028s
TREASUREHUNTER>> 0.499s
TREASUREHUNTER>> 0.219s
TREASUREHUNTER>> 0.207s
TREASUREHUNTER>> 0.224s
TREASUREHUNTER>> 0.32s
TREASUREHUNTER>> 0.211s
TREASUREHUNTER>> 0.205s
TREASUREHUNTER>> 0.31s
TREASUREHUNTER>> 0.248s
TREASUREHUNTER>> 0.357s
LOADGAME KieranCarden letmein>> 0.332s
TABLEQUERY 1>> 0.028s
EXTRACHECK>> 0.028s
PING>> 0.027s
PING>> 0.028s
PING>> 0.028s
TABLEJOIN 1>> 0.353s
WEBSERVICE>> 0.027s
PING>> 0.028s
LOADGAME KieranCarden letmein>> 0.371s
TABLEQUERY 1>> 0.028s
EXTRACHECK>> 0.029s
TABLEJOIN 1>> 0.355s
WEBSERVICE>> 0.028s
PING>> 0.027s
LOADGAME KieranCarden letmein>> 0.371s
TABLEQUERY 1>> 0.027s
EXTRACHECK>> 0.027s
PING>> 0.027s
TABLEJOIN 1>> 0.656s
PING>> 0.032s
CHAT I'll try>> 0.147s
TABLECREATE>> 0.263s
PING>> 0.027s
WEBSERVICE>> 0.027s
PING>> 0.027s
TABLECLOSE>> 0.076s
PING>> 0.027s
CHAT lol>> 0.142s
PING>> 0.029s
CHAT try making a tournament>> 0.142s
CHAT I got an error last time saying the deck rules could not be retrieved when I picked what kind of game to make (OTT, TT, etc)>> 0.25s
PING>> 0.031s
CHAT mmm, not that I can think of>> 0.137s
PING>> 0.027s
PING>> 0.027s
WEBSERVICE>> 0.032s
LOADGAME KieranCarden letmein>> 0.491s
TABLEQUERY 1>> 0.027s
EXTRACHECK>> 0.031s
PING>> 0.03s
TABLECREATE MEMORY>> 0.194s
TABLECLOSE>> 0.167s
TABLECREATE3>> 0.173s
TABLECLOSE>> 0.091s
PING>> 0.032s
WEBSERVICE>> 0.03s
PING>> 0.028s
CHAT I don't see a game o.O>> 0.146s
PING>> 0.027s
ADMINLOGIN 51489058>> 0.142s
CHAT am I considered a GM on here too?>> 0.13s
PING>> 0.028s
CHAT k let's play>> 0.149s
TABLEJOIN 1>> 0.68s
PING>> 0.028s
LOADGAME KieranCarden letmein>> 0.362s
TABLEQUERY 1>> 0.045s
EXTRACHECK>> 0.028s
PING>> 0.031s
CHAT seems like a good getaway spot if you want to not be in main>> 0.138s
TABLEJOIN 1>> 0.734s
GAMEREADY>> 1.316s
TT_PLACEAT 4 1>> 0.669s
PING>> 0.028s
TT_PLACEAT 1 0>> 0.417s
TT_PLACEAT 6 3>> 0.39s
PING>> 0.029s
TT_PLACEAT 0 4>> 0.436s
>> 0s
PING>> 66.209s
PING>> 0.044s
CHAT took long enough>> 0.156s
CHAT I still got 10gp>> 0.162s
PING>> 0.033s
CHAT okay>> 0.141s
PING>> 0.027s
PING>> 0.042s
PING>> 0.036s
PING>> 0.027s
PING>> 0.031s
PING>> 0.028s
PING>> 0.033s
PING>> 0.028s
CHAT l>> 0.17s
CHAT k*>> 0.158s
CHAT wow I'm not out of it at all>> 0.227s
PING>> 0.03s
PING>> 0.029s
PING>> 0.028s
PING>> 0.029s
PING>> 0.028s
PING>> 0.029s
PING>> 0.029s
PING>> 0.029s
PING>> 0.029s
PING>> 0.028s
CHAT /me is away.  Reason: Idle>> 0.128s
AWAY 1>> 0.044s
>> 0s
AWAY 0>> 0.389s
PING>> 0.028s
PING>> 0.028s
PING>> 0.028s
PING>> 0.028s
CHAT what'd ya get>> 0.169s
PING>> 0.034s
PING>> 0.029s
CHAT lol>> 0.151s
CHAT so it can hold more than 90 cards?>> 0.183s
WEBSERVICE>> 0.027s
WEBSERVICE>> 0.028s
PING>> 0.027s
CHAT k>> 0.171s
PING>> 0.029s
PING>> 0.027s
WEBSERVICE>> 0.032s
WEBSERVICE>> 0.028s
CHAT drakza is gonna flip>> 0.16s
PING>> 0.032s
CHAT that could be a problem>> 0.153s
PING>> 0.031s
PING>> 0.028s
TABLEJOIN 1>> 1.019s
GAMEREADY>> 0.553s
TT_PLACEAT 1 0>> 0.171s
GAMECHAT ~@*~*uhh>> 0.044s
TT_PLACEAT 8 3>> 0.147s
PING>> 0.035s
TT_PLACEAT 4 2>> 0.207s
GAMECHAT ~@*~*oh>> 0.04s
TT_PLACEAT 3 4>> 0.14s
LOADGAME KieranCarden letmein>> 0.4992s
TABLEQUERY 1>> 0.0468s
EXTRACHECK>> 0.0468s
PING>> 0.0468s
WEBSERVICE>> 0.0468s
WEBSERVICE>> 0.0312s
WEBSERVICE>> 0.0312s
WEBSERVICE>> 0.0312s
WEBSERVICE>> 0.0312s
VETERANALTERNATETRAIN vip>> 0.7488s
WEBSERVICE>> 0.0312s
WEBSERVICE>> 0.0312s
CHAT nice>> 0.1404s
WEBSERVICE>> 0.0312s
WEBSERVICE>> 0.0312s
WEBSERVICE>> 0.0312s
WEBSERVICE>> 0.0312s
WEBSERVICE>> 0.0312s
WEBSERVICE>> 0.0312s
PING>> 0.0312s
WEBSERVICE>> 0.0312s
WEBSERVICE>> 0.0312s
SHOPCREATE KC's%20shop%20of%20horrors yeah,%20sure>> 0.0624s
PING>> 0.0312s
WEBSERVICE>> 0.0468s
WEBSERVICE>> 0.1716s
WEBSERVICE>> 0.0468s
PING>> 0.0468s
SHOPADD Chichi 9999>> 0.3276s
WEBSERVICE>> 0.0312s
WEBSERVICE>> 0.0468s
WEBSERVICE>> 0.0312s
SHOPADD Evangelion%20Unit-02 9999>> 0.3744s
WEBSERVICE>> 0.0312s
WEBSERVICE>> 0.0312s
WEBSERVICE>> 0.0312s
SHOPADD Hammerhead 9999>> 0.2808s
WEBSERVICE>> 0.0468s
WEBSERVICE>> 0.0312s
WEBSERVICE>> 0.0312s
SHOPADD Hammerhead 9999>> 0.234s
WEBSERVICE>> 0.0312s
WEBSERVICE>> 0.0312s
WEBSERVICE>> 0.0468s
SHOPADD Kaworu%20Nagisa 9999>> 0.312s
WEBSERVICE>> 0.0468s
WEBSERVICE>> 0.0312s
WEBSERVICE>> 0.0312s
SHOPADD Leliel 9999>> 0.2964s
WEBSERVICE>> 0.0312s
WEBSERVICE>> 0.0312s
WEBSERVICE>> 0.0312s
SHOPADD Leo 9999>> 0.2808s
WEBSERVICE>> 0.0312s
WEBSERVICE>> 0.0312s
WEBSERVICE>> 0.0312s
WEBSERVICE>> 0.0312s
WEBSERVICE>> 0.0312s
SHOPADD Little%20Bulma 9999>> 0.234s
WEBSERVICE>> 0.0312s
PING>> 0.0468s
WEBSERVICE>> 0.0312s
WEBSERVICE>> 0.0312s
SHOPADD Master%20Roshi 9999>> 0.2964s
WEBSERVICE>> 0.0312s
WEBSERVICE>> 0.0312s
WEBSERVICE>> 0.0312s
SHOPADD Mr.%20Satan 9999>> 0.2652s
WEBSERVICE>> 0.0312s
WEBSERVICE>> 0.0312s
WEBSERVICE>> 0.0312s
SHOPADD Nevado 9999>> 0.3276s
WEBSERVICE>> 0.0312s
WEBSERVICE>> 0.0468s
WEBSERVICE>> 0.0468s
SHOPADD Popo 9999>> 0.2964s
WEBSERVICE>> 0.0312s
WEBSERVICE>> 0.0312s
WEBSERVICE>> 0.0468s
SHOPADD Puar 9999>> 0.2496s
WEBSERVICE>> 0.0312s
WEBSERVICE>> 0.0312s
WEBSERVICE>> 0.0312s
SHOPADD Rem%20Saverem 9999>> 0.312s
WEBSERVICE>> 0.0312s
WEBSERVICE>> 0.0312s
WEBSERVICE>> 0.0312s
SHOPADD Shippo 9999>> 0.2652s
WEBSERVICE>> 0.0312s
WEBSERVICE>> 0.0468s
WEBSERVICE>> 0.0312s
SHOPADD Takeshi%20Kago 9999>> 0.2652s
WEBSERVICE>> 0.0312s
WEBSERVICE>> 0.0312s
WEBSERVICE>> 0.0312s
SHOPADD Takeshi%20Kago 9999>> 0.234s
WEBSERVICE>> 0.0312s
WEBSERVICE>> 0.0312s
WEBSERVICE>> 0.0312s
SHOPADD Tien 9999>> 0.2652s
WEBSERVICE>> 0.0312s
WEBSERVICE>> 0.0312s
WEBSERVICE>> 0.0312s
WEBSERVICE>> 0.0312s
WEBSERVICE>> 0.0312s
WEBSERVICE>> 0.0312s
WEBSERVICE>> 0.0468s
WEBSERVICE>> 0.0312s
PING>> 0.0312s
WEBSERVICE>> 0.0312s
WEBSERVICE>> 0.0312s
WEBSERVICE>> 0.0312s
SHOPADD Beeba%20Flute 100>> 0.3588s
WEBSERVICE>> 0.0312s
WEBSERVICE>> 0.0312s
WEBSERVICE>> 0.0312s
SHOPADD Card%20Key 100>> 0.3744s
WEBSERVICE>> 0.0312s
WEBSERVICE>> 0.0312s
WEBSERVICE>> 0.0312s
SHOPADD Gogh 100>> 0.234s
PING>> 0.0312s
WEBSERVICE>> 0.0468s
WEBSERVICE>> 0.0312s
WEBSERVICE>> 0.0312s
WEBSERVICE>> 0.0312s
WEBSERVICE>> 0.0312s
VETERANALTERNATETRAIN enhance>> 0.3432s
WEBSERVICE>> 0.0312s
WEBSERVICE>> 0.0312s
WEBSERVICE>> 0.0312s
WEBSERVICE>> 0.0312s
WEBSERVICE>> 0.0312s
WEBSERVICE>> 0.0468s
SHOPADD Abadon 100>> 0.312s
WEBSERVICE>> 0.0624s
WEBSERVICE>> 0.0312s
WEBSERVICE>> 0.0312s
SHOPADD Armadodo 100>> 0.312s
WEBSERVICE>> 0.0312s
WEBSERVICE>> 0.0312s
WEBSERVICE>> 0.0312s
SHOPADD Buel 100>> 0.3588s
WEBSERVICE>> 0.0312s
WEBSERVICE>> 0.0468s
WEBSERVICE>> 0.0312s
SHOPADD Catoblepas 100>> 0.312s
WEBSERVICE>> 0.0312s
WEBSERVICE>> 0.0312s
WEBSERVICE>> 0.0312s
SHOPADD Elastoid 100>> 0.39s
WEBSERVICE>> 0.0312s
WEBSERVICE>> 0.0312s
WEBSERVICE>> 0.0312s
PING>> 0.0312s
SHOPADD Elvoret 100>> 0.1872s
CHAT my shop is expensive>> 0.156s
WEBSERVICE>> 0.0312s
PING>> 0.0312s
WEBSERVICE>> 0.0312s
TABLEJOIN 1>> 0.7488s
CHAT I'm done with the shop>> 0.156s
GAMEREADY>> 0.9516s
PING>> 0.0312s
TT_PLACEAT 0 4>> 0.702s
TT_PLACEAT 2 1>> 0.1716s
TT_PLACEAT 8 0>> 0.156s
TT_PLACEAT 7 3>> 0.156s