
LOADGAME PaKeLiKa tifa17>> 0.607s
TABLEQUERY 1>> 0.034s
EXTRACHECK>> 0.026s
CHAT heh alliance>> 0.149s
PING>> 0.026s
CHAT i have a million AP, beauty>> 0.178s
PING>> 0.026s
PING>> 0.026s
PING>> 0.027s
CHAT bunny chick eh>> 0.18s
WEBSERVICE>> 0.026s
PING>> 0.03s
PING>> 0.026s
PING>> 0.027s
PING>> 0.026s
PING>> 0.026s
PING>> 0.026s
PING>> 0.026s
PING>> 0.029s
LOADGAME PaKeLiKa tifa17>> 0.872s
TABLEQUERY 1>> 0.028s
EXTRACHECK>> 0.029s
PING>> 0.045s
CHAT xD>> 0.186s
CHAT i am a cute bunny girl now yay>> 0.167s
WEBSERVICE>> 0.028s
WEBSERVICE>> 0.054s
WEBSERVICE>> 0.028s
WEBSERVICE>> 0.028s
WEBSERVICE>> 0.033s
WEBSERVICE>> 0.032s
WEBSERVICE>> 0.028s
WEBSERVICE>> 0.057s
WEBSERVICE>> 0.028s
PING>> 0.048s
WEBSERVICE>> 0.028s
WEBSERVICE>> 0.028s
WEBSERVICE>> 0.028s
WEBSERVICE>> 0.029s
WEBSERVICE>> 0.033s
ALTERNATESET 70>> 0.169s
WEBSERVICE>> 0.028s
WEBSERVICE>> 0.029s
ALTERNATESET 70>> 0.197s
CHAT 80 i thinks >> 0.191s
WEBSERVICE>> 0.029s
WEBSERVICE>> 0.029s
PING>> 0.029s
CHAT how much do you get?>> 0.223s
CHAT i have golden touch fully trained too>> 0.247s
WEBSERVICE>> 0.035s
WEBSERVICE>> 0.028s
PING>> 0.037s
CHAT cuz its old stats prolly>> 0.226s
CHAT i am only lvl 48>> 0.227s
CHAT check your AA you prolly dont have golden touch trained yet>> 0.203s
PING>> 0.029s
CHAT lol>> 0.227s
CHAT gimme moolah and veteran points plz xD>> 0.179s
CHAT lol>> 0.42s
PING>> 0.05s
WEBSERVICE>> 0.04s
CHAT shadows mystery pack lawl>> 0.181s
CHAT ty darky>> 0.207s
WEBSERVICE>> 0.027s
WEBSERVICE>> 0.028s
WEBSERVICE>> 0.029s
WEBSERVICE>> 0.028s
WEBSERVICE>> 0.028s
WEBSERVICE>> 0.033s
WEBSERVICE>> 0.027s
PING>> 0.029s
WEBSERVICE>> 0.028s
WEBSERVICE>> 0.029s
CHAT lolll>> 0.275s
WEBSERVICE>> 0.028s
WEBSERVICE>> 0.029s
WEBSERVICE>> 0.028s
VETERANALTERNATETRAIN vip>> 0.174s
WEBSERVICE>> 0.028s
WEBSERVICE>> 0.028s
WEBSERVICE>> 0.028s
WEBSERVICE>> 0.028s
WEBSERVICE>> 0.027s
WEBSERVICE>> 0.029s
WEBSERVICE>> 0.031s
WEBSERVICE>> 0.036s
WEBSERVICE>> 0.028s
WEBSERVICE>> 0.075s
PING>> 0.048s
VETERANALTERNATETRAIN vip>> 0.201s
CHAT <Error> You do not have enough points to train this ability 18:27:26>> 0.217s
CHAT says i have 20 AA to use but wont let me train VIP roller>> 0.195s
WEBSERVICE>> 0.029s
WEBSERVICE>> 0.036s
WEBSERVICE>> 0.054s
WEBSERVICE>> 0.035s
WEBSERVICE>> 0.028s
WEBSERVICE>> 0.033s
CHAT darky to you want a list of stuff i find through ticket?>> 0.285s
WEBSERVICE>> 0.041s
WEBSERVICE>> 0.043s
VETERANALTERNATETRAIN token>> 0.602s
PING>> 0.042s
CHAT can't train token exchange either O.o>> 0.185s
WEBSERVICE>> 0.029s
WEBSERVICE>> 0.028s
TABLECREATE>> 0.213s
WEBSERVICE>> 0.028s
CHANGERULE 1 1 0 1 0 1 9 0 1 1 1 1 8 1 300 1 0 1 1 1 1 1 1 1 1 1 9 0 0 0 0 1 1 1 1 0 1 0 0 1@@Triple%20Triad@@ Anime Anime2 CC Crusade FF6 FF7 FF9 FFAC FFT FFX KingdomHearts Nintendo Sega Standard Suikoden2 XenoTrigger>> 0.225s
GAMEREADY>> 0.05s
PING>> 0.028s
CHALLENGECHATS best rules ever>> 0.414s
CHALLENGECHATS no way jose>> 0.05s
CHALLENGECHATS XD XD>> 0.051s
WEBSERVICE>> 0.052s
CHAT O.o>> 0.218s
CHAT lolll>> 0.408s
TABLECREATE>> 0.206s
CHAT i think i bungled it changing rules when you pushed ready>> 0.191s
CHANGERULE 0 1 0 1 0 0 0 0 1 1 0 0 0 0 0 1 0 1 1 0 1 0 1 0 1 0 0 0 0 0 0 0 0 0 0 0 0 0 0 1@@Triple%20Triad@@ Anime Anime2 CC Crusade FF6 FF7 FF9 FFAC FFT FFX KingdomHearts Nintendo Sega Standard Suikoden2 XenoTrigger>> 0.242s
GAMEREADY>> 0.048s
PING>> 0.029s
TT_PLACEAT 2 0>> 0.541s
CHAT me too soon, gotta go visit my grandma>> 0.195s
CHAT make me rich before you leave !! XD >> 0.184s
CHAT and make kieran poor>> 0.197s
TT_PLACEAT 0 1>> 0.407s
PING>> 0.042s
TT_PLACEAT 6 3>> 0.482s
PING>> 0.027s
TT_PLACEAT 7 4>> 0.468s
TT_PLACEAT 5 2>> 3.48s
TT_TAKECARD 801378 Apple Catoblepas Mesmerize Anemone Unknown2>> 0.777s
CHAT woot>> 0.268s
CHAT lol>> 0.221s
CHAT gg>> 0.199s
PING>> 0.029s
WEBSERVICE>> 0.027s
CHAT lol alliance is logged on>> 0.191s
CHAT here have some cards kieran xD>> 0.191s
TABLECREATE  TRADE@@Trade>> 0.188s
PING>> 0.048s
WEBSERVICE>> 0.027s
WEBSERVICE>> 0.028s
TRADESEND Aladdin>> 0.335s
TRADESEND Ariel>> 0.122s
TRADESEND Beast>> 0.114s
TRADESEND Donald>> 0.126s
TRADESEND Goofy>> 0.121s
TRADEFINISHED 1>> 0.111s
CHAT lol not a problem>> 0.229s
WEBSERVICE>> 0.028s
WEBSERVICE>> 0.028s
WEBSERVICE>> 0.028s
WEBSERVICE>> 0.028s
WEBSERVICE>> 0.042s
WEBSERVICE>> 0.029s
WEBSERVICE>> 0.029s
WEBSERVICE>> 0.037s
PING>> 0.038s
WEBSERVICE>> 0.029s
WEBSERVICE>> 0.041s
VETERANALTERNATETRAIN greedy>> 0.345s
WEBSERVICE>> 0.029s
WEBSERVICE>> 0.031s
WEBSERVICE>> 0.031s
WEBSERVICE>> 0.028s
WEBSERVICE>> 0.028s
VETERANALTERNATETRAIN active>> 0.183s
WEBSERVICE>> 0.028s
WEBSERVICE>> 0.027s
WEBSERVICE>> 0.028s
WEBSERVICE>> 0.028s
CHAT i cant train any of the VA so far :(>> 0.209s
WEBSERVICE>> 0.029s
VETERANALTERNATETRAIN bounty>> 0.607s
WEBSERVICE>> 0.03s
WEBSERVICE>> 0.027s
WEBSERVICE>> 0.044s
WEBSERVICE>> 0.028s
WEBSERVICE>> 0.028s
VETERANALTERNATETRAIN experience>> 0.165s
PING>> 0.027s
CHAT cant even do the expereince one>> 0.178s
WEBSERVICE>> 0.028s
WEBSERVICE>> 0.029s
WEBSERVICE>> 0.029s
WEBSERVICE>> 0.028s
WEBSERVICE>> 0.028s
VETERANALTERNATETRAIN enhance>> 0.186s
CHAT lol naturally>> 0.176s
WEBSERVICE>> 0.033s
WEBSERVICE>> 0.028s
WEBSERVICE>> 0.028s
WEBSERVICE>> 0.029s
WEBSERVICE>> 0.028s
VETERANALTERNATETRAIN extended>> 0.162s
PING>> 0.032s
WEBSERVICE>> 0.028s
WEBSERVICE>> 0.03s
WEBSERVICE>> 0.03s
WEBSERVICE>> 0.028s
WEBSERVICE>> 0.028s
VETERANALTERNATETRAIN gold>> 0.177s
CHAT yea i cant train any VAs at all>> 0.492s
CHAT tried them all>> 0.186s
CHAT pick one for yousrelf kieran lol>> 0.197s
CHAT enjoy it while ya have it XD>> 0.191s
WEBSERVICE>> 0.03s
WEBSERVICE>> 0.029s
PING>> 0.035s
PING>> 0.027s
PING>> 0.054s
PING>> 0.033s
CHAT bbl>> 0.214s
PING>> 0.028s
PING>> 0.041s
PING>> 0.028s
PING>> 0.029s
PING>> 0.027s
PING>> 0.029s
PING>> 0.028s
PING>> 0.028s
PING>> 0.031s
CHAT /me is away.  Reason: Idle>> 0.177s
AWAY 1>> 0.027s
PING>> 0.027s
PING>> 0.029s
PING>> 0.028s
PING>> 0.028s
PING>> 0.029s
PING>> 0.029s
PING>> 0.028s
PING>> 0.028s
PING>> 0.033s
PING>> 0.028s
PING>> 0.027s
PING>> 0.027s
PING>> 0.031s
PING>> 0.027s
PING>> 0.028s
PING>> 0.028s
PING>> 0.029s
PING>> 0.027s
PING>> 0.028s
PING>> 0.028s
PING>> 0.027s
PING>> 0.028s
PING>> 0.028s
PING>> 0.027s
PING>> 0.027s
PING>> 0.027s
PING>> 0.027s
PING>> 0.028s
PING>> 0.028s
PING>> 0.028s
PING>> 0.027s
PING>> 0.027s
PING>> 0.027s
PING>> 0.028s
PING>> 0.028s
PING>> 0.027s
PING>> 0.028s
PING>> 0.029s
PING>> 0.028s
PING>> 0.029s
PING>> 0.028s
PING>> 0.029s
PING>> 0.037s
PING>> 0.03s
PING>> 0.027s
PING>> 0.028s
PING>> 0.027s
PING>> 0.029s
PING>> 0.027s
PING>> 0.027s
PING>> 0.028s
PING>> 0.028s
PING>> 0.027s
PING>> 0.027s
PING>> 0.028s
PING>> 0.027s
PING>> 0.028s
PING>> 0.028s
PING>> 0.028s
PING>> 0.028s
PING>> 0.029s
PING>> 0.027s
PING>> 0.027s
PING>> 0.027s
PING>> 0.027s
PING>> 0.029s
PING>> 0.028s
PING>> 0.027s
PING>> 0.027s
PING>> 0.027s
PING>> 0.029s
PING>> 0.028s
PING>> 0.028s
PING>> 0.028s
PING>> 0.028s
PING>> 0.031s
PING>> 0.05s
PING>> 0.035s
PING>> 0.03s
PING>> 0.028s
PING>> 0.028s
PING>> 0.027s
PING>> 0.03s
PING>> 0.027s
PING>> 0.028s
PING>> 0.027s
PING>> 0.029s
PING>> 0.028s
PING>> 0.027s
PING>> 0.028s
PING>> 0.028s
PING>> 0.027s
PING>> 0.028s
PING>> 0.027s
PING>> 0.029s
PING>> 0.028s
PING>> 0.027s
>> 0s
AWAY 0>> 0.939s
CHAT gotta relog>> 0.169s
LOADGAME PaKeLiKa tifa17>> 0.518s
TABLEQUERY 1>> 0.027s
EXTRACHECK>> 0.027s
PING>> 0.027s
PING>> 0.027s
PING>> 0.027s
PING>> 0.029s
PING>> 0.043s
PING>> 0.028s
PING>> 0.027s
PING>> 0.028s
WEBSERVICE>> 0.028s
PING>> 0.027s
LOADGAME pakelika tifa17>> 0.466s
TABLEQUERY 1>> 0.028s
EXTRACHECK>> 0.031s
WEBSERVICE>> 0.028s
LOADGAME pakelika tifa17>> 0.353s
TABLEQUERY 1>> 0.028s
EXTRACHECK>> 0.027s
PING>> 0.027s
CHAT xD>> 0.174s
CHAT i kept getting runtime error when loading VA>> 0.177s
CHAT i told darky tho>> 0.18s
TABLECREATE  TRADE@@Trade>> 0.168s
WEBSERVICE>> 0.028s
LOADGAME pakelika tifa17>> 0.361s
TABLEQUERY 1>> 0.027s
EXTRACHECK>> 0.027s
TABLECREATE  TRADE@@Trade>> 0.21s
TABLECLOSE>> 0.079s
PING>> 0.027s
TABLECREATE  TRADE@@Trade>> 0.194s
WEBSERVICE>> 0.027s
LOADGAME pakelika tifa17>> 0.396s
TABLEQUERY 1>> 0.028s
EXTRACHECK>> 0.028s
PING>> 0.038s
TABLECREATE>> 0.633s
WEBSERVICE>> 0.027s
WEBSERVICE>> 0.027s
PING>> 0.041s
TABLECLOSE>> 0.095s
CHAT hmm can you make a table and set rules to immune sudden death>> 0.172s
CHAT im getting an error when i try to change rules>> 0.192s
PING>> 0.027s
TABLEJOIN 1>> 0.745s
PING>> 0.036s
TABLECLOSE>> 0.069s
LOADGAME pakelika tifa17>> 0.453s
TABLEQUERY 1>> 0.028s
EXTRACHECK>> 0.028s
TABLECREATE>> 0.323s
WEBSERVICE>> 0.027s
PING>> 0.027s
TABLECLOSE>> 0.076s
CHAT same deal>> 0.169s
CHAT :(>> 0.177s
CHAT ok guess we are not testing sudden death, nuetral, minus and multiply then lol>> 0.192s
TABLECREATE>> 0.209s
WEBSERVICE>> 0.03s
PING>> 0.027s
CHAT k >> 0.173s
CHAT ty>> 0.219s
CHAT any others?>> 0.176s
PING>> 0.028s
WEBSERVICE>> 0.027s
LOADGAME pakelika tifa17>> 0.353s
TABLEQUERY 1>> 0.028s
EXTRACHECK>> 0.029s
CHAT hm try to load up your shop>> 0.165s
WEBSERVICE>> 0.027s
PING>> 0.027s
WEBSERVICE>> 0.027s
PING>> 0.028s
PING>> 0.027s
PING>> 0.027s
PING>> 0.028s
PING>> 0.027s
CHAT lawl>> 0.165s
PING>> 0.027s
CHAT guess that explains that>> 0.179s
PING>> 0.028s
PING>> 0.029s
PING>> 0.027s
PING>> 0.028s
PING>> 0.027s
PING>> 0.027s
PING>> 0.027s
PING>> 0.033s
PING>> 0.027s
PING>> 0.027s
CHAT /me is away.  Reason: Idle>> 0.168s
AWAY 1>> 0.029s
PING>> 0.028s
PING>> 0.027s
PING>> 0.028s
PING>> 0.03s
PING>> 0.027s
PING>> 0.029s
PING>> 0.042s
PING>> 0.029s
PING>> 0.029s
PING>> 0.028s
PING>> 0.029s
PING>> 0.032s
PING>> 0.028s
PING>> 0.028s
PING>> 0.029s
PING>> 0.028s
PING>> 0.028s
PING>> 0.027s
PING>> 0.027s
PING>> 0.035s
PING>> 0.027s
PING>> 0.027s
PING>> 0.028s
PING>> 0.038s
PING>> 0.029s
PING>> 0.029s
PING>> 0.058s
PING>> 0.038s
PING>> 0.028s
PING>> 0.038s
WEBSERVICE>> 0.029s
LOADGAME pakelika tifa17>> 0.473s
TABLEQUERY 1>> 0.029s
EXTRACHECK>> 0.027s
PING>> 0.027s
PING>> 0.028s
PING>> 0.033s
PING>> 0.038s
PING>> 0.028s
PING>> 0.032s
PING>> 0.028s
PING>> 0.029s
PING>> 0.031s
PING>> 0.029s
PING>> 0.027s
PING>> 0.038s
PING>> 0.028s
PING>> 0.028s
PING>> 0.028s
PING>> 0.071s
PING>> 0.028s
PING>> 0.029s
PING>> 0.029s
WEBSERVICE>> 0.029s
WEBSERVICE>> 0.033s
WEBSERVICE>> 0.034s
WEBSERVICE>> 0.027s
PING>> 0.03s
WEBSERVICE>> 0.028s
WEBSERVICE>> 0.029s
WEBSERVICE>> 0.029s
WEBSERVICE>> 0.028s
WEBSERVICE>> 0.044s
WEBSERVICE>> 0.07s
WEBSERVICE>> 0.028s
WEBSERVICE>> 0.028s
WEBSERVICE>> 0.029s
WEBSERVICE>> 0.029s
PING>> 0.028s
CHAT /me is back.>> 0.171s
AWAY 0>> 0.029s
PING>> 0.029s
PING>> 0.028s
PING>> 0.029s
CHAT howdy boss>> 0.385s
PING>> 0.037s
PING>> 0.029s
PING>> 0.027s
PING>> 0.029s
TABLECREATE>> 0.201s
PING>> 0.028s
WEBSERVICE>> 0.028s
CHANGERULE 0 0 1 0 0 0 0 0 0 0 0 0 0 0 0 0 0 0 0 0 0 0 0 0 0 0 0 1 0 0 0 0 0 1 0 0 0 0 0 0@@Triple%20Triad@@ Anime Anime2 CC Crusade FF6 FF7 FF9 FFAC FFT FFX KingdomHearts Nintendo Sega Standard Suikoden2 XenoTrigger>> 0.135s
GAMEREADY>> 0.632s
WEBSERVICE>> 0.027s
WEBSERVICE>> 0.027s
PING>> 0.028s
PING>> 0.029s
TT_MYCARD Celia Delita%20Hyral%20Squire Druksmald%20Goltana Bolmna Altima%20Arch%20Angel>> 0.511s
PING>> 0.029s
TT_PLACEAT 0 0>> 0.349s
TT_PLACEAT 2 2>> 0.154s
TT_PLACEAT 4 1>> 0.162s
TT_PLACEAT 6 4>> 0.184s
TT_PLACEAT 8 3>> 0.301s
TT_PLACEAT 0 0>> 0.139s
TT_PLACEAT 2 1>> 0.152s
TT_PLACEAT 4 2>> 0.166s
PING>> 0.028s
ADMINLOGIN 34158108>> 0.221s
WEBSERVICE>> 0.031s
TABLEENDMATCH pakelika>> 0.14s
PING>> 0.028s
WEBSERVICE>> 0.028s
WEBSERVICE>> 0.032s
WEBSERVICE>> 0.028s
WEBSERVICE>> 0.10s
WEBSERVICE>> 0.029s
WEBSERVICE>> 0.028s
VETERANALTERNATETRAIN active>> 0.191s
WEBSERVICE>> 0.028s
WEBSERVICE>> 0.028s
WEBSERVICE>> 0.027s
WEBSERVICE>> 0.029s
WEBSERVICE>> 0.05s
WEBSERVICE>> 0.028s
WEBSERVICE>> 0.029s
WEBSERVICE>> 0.028s
VETERANALTERNATETRAIN experience>> 0.161s
PING>> 0.063s
WEBSERVICE>> 0.029s
WEBSERVICE>> 0.029s
ALTERNATESET 70>> 0.195s
WEBSERVICE>> 0.029s
WEBSERVICE>> 0.029s
ALTERNATESET 70>> 0.221s
WEBSERVICE>> 0.028s
WEBSERVICE>> 0.035s
PING>> 0.029s
WEBSERVICE>> 0.028s
WEBSERVICE>> 0.028s
WEBSERVICE>> 0.028s
WEBSERVICE>> 0.028s
WEBSERVICE>> 0.03s
WEBSERVICE>> 0.028s
WEBSERVICE>> 0.028s
VETERANALTERNATETRAIN gold>> 0.269s
PING>> 0.028s
PING>> 0.033s
PING>> 0.029s
PING>> 0.028s
PING>> 0.028s
LOADGAME Pakelika tifa17>> 0.878s
TABLEQUERY 1>> 0.038s
EXTRACHECK>> 0.028s
PING>> 0.051s
PING>> 0.042s
PING>> 0.033s
WEBSERVICE>> 0.035s
WEBSERVICE>> 0.038s
WEBSERVICE>> 0.052s
WEBSERVICE>> 0.065s
WEBSERVICE>> 0.068s
TABLECREATE>> 0.234s
PING>> 0.063s
PING>> 0.031s
WEBSERVICE>> 0.029s
CHANGERULE 0 1 1 0 0 0 0 0 1 1 0 0 0 0 0 1 0 1 1 0 1 0 0 0 1 0 0 0 0 0 0 0 0 0 0 0 0 0 0 1@@Triple%20Triad@@ Anime Anime2 CC Crusade FF6 FF7 FF9 FFAC FFT FFX KingdomHearts Nintendo Sega Standard Suikoden2 XenoTrigger>> 0.198s
GAMEREADY>> 0.081s
PING>> 0.028s
TT_PLACEAT 0 0>> 0.66s
TT_PLACEAT 2 1>> 0.262s
TT_PLACEAT 4 2>> 0.279s
TT_PLACEAT 6 3>> 0.304s
TT_PLACEAT 8 4>> 3.266s
WEBSERVICE>> 0.028s
WEBSERVICE>> 0.028s
WEBSERVICE>> 0.028s
WEBSERVICE>> 0.03s
PING>> 0.029s
WEBSERVICE>> 0.028s
VETERANALTERNATETRAIN gold>> 0.412s
WEBSERVICE>> 0.033s
WEBSERVICE>> 0.03s
WEBSERVICE>> 0.028s
TABLECREATE  TRADE@@Trade>> 0.186s
TABLECLOSE>> 0.075s
TABLECREATE>> 0.191s
WEBSERVICE>> 0.028s
PING>> 0.029s
CHANGERULE 0 1 0 1 0 0 0 0 0 0 0 0 0 0 0 0 0 0 0 0 0 0 0 0 0 0 0 1 0 0 0 0 0 0 0 0 0 0 0 0@@Triple%20Triad@@ Anime Anime2 CC Crusade FF6 FF7 FF9 FFAC FFT FFX KingdomHearts Nintendo Sega Standard Suikoden2 XenoTrigger>> 0.17s
GAMEREADY>> 0.061s
WEBSERVICE>> 0.031s
CHANGERULE 0 1 1 0 0 0 0 0 0 0 0 0 0 0 0 0 0 0 0 0 0 0 0 0 0 0 0 1 0 0 0 0 0 0 0 0 0 0 0 0@@Triple%20Triad@@ Anime Anime2 CC Crusade FF6 FF7 FF9 FFAC FFT FFX KingdomHearts Nintendo Sega Standard Suikoden2 XenoTrigger>> 0.183s
GAMEREADY>> 0.051s
TT_PLACEAT 0 0>> 0.158s
TT_PLACEAT 3 1>> 0.177s
TT_PLACEAT 4 2>> 0.165s
TT_PLACEAT 2 3>> 0.161s
PING>> 0.028s
TT_PLACEAT 6 4>> 2.659s
PING>> 0.029s
TABLECREATE>> 0.297s
WEBSERVICE>> 0.039s
CHANGERULE 0 1 1 0 0 0 0 0 1 1 0 0 0 0 0 1 0 1 1 0 1 0 1 0 1 0 0 0 0 0 0 1 1 0 0 0 0 0 0 1@@Triple%20Triad@@ Anime Anime2 CC Crusade FF6 FF7 FF9 FFAC FFT FFX KingdomHearts Nintendo Sega Standard Suikoden2 XenoTrigger>> 0.119s
GAMEREADY>> 0.645s
PING>> 0.031s
TT_PLACEAT 0 0>> 0.4s
TT_PLACEAT 2 1>> 0.482s
TT_PLACEAT 8 2>> 0.318s
TT_PLACEAT 7 3>> 0.487s
TT_PLACEAT 6 4>> 3.354s
PING>> 0.049s
WEBSERVICE>> 0.029s
VETERANALTERNATETRAIN gold>> 0.409s
WEBSERVICE>> 0.028s
WEBSERVICE>> 0.028s
VETERANALTERNATETRAIN gold>> 0.276s
WEBSERVICE>> 0.031s
WEBSERVICE>> 0.027s
VETERANALTERNATETRAIN gold>> 0.321s
WEBSERVICE>> 0.028s
WEBSERVICE>> 0.028s
VETERANALTERNATETRAIN gold>> 0.306s
WEBSERVICE>> 0.03s
WEBSERVICE>> 0.028s
TABLECREATE>> 0.194s
WEBSERVICE>> 0.028s
CHANGERULE 0 1 1 0 0 0 0 0 1 1 0 0 0 0 0 1 0 1 1 0 1 0 1 0 1 0 0 0 0 0 0 1 1 0 0 0 0 0 0 1@@Triple%20Triad@@ Anime Anime2 CC Crusade FF6 FF7 FF9 FFAC FFT FFX KingdomHearts Nintendo Sega Standard Suikoden2 XenoTrigger>> 0.171s
GAMEREADY>> 0.055s
TT_PLACEAT 0 0>> 0.147s
PING>> 0.028s
TT_PLACEAT 2 1>> 0.319s
TT_PLACEAT 4 2>> 0.413s
TT_PLACEAT 6 3>> 0.288s
LOADGAME Pakelika tifa17>> 0.783s
TABLEQUERY 1>> 0.037s
EXTRACHECK>> 0.029s
PING>> 0.028s
PING>> 0.028s
PING>> 0.028s
PING>> 0.029s
PING>> 0.029s
CHAT /me is away.  Reason: Idle>> 0.182s
AWAY 1>> 0.031s
PING>> 0.028s
PING>> 0.028s
PING>> 0.028s
PING>> 0.028s
PING>> 0.027s
PING>> 0.029s
PING>> 0.029s
PING>> 0.027s
PING>> 0.049s
PING>> 0.028s
PING>> 0.029s
PING>> 0.028s
PING>> 0.028s
PING>> 0.027s
PING>> 0.029s
PING>> 0.027s
PING>> 0.029s
PING>> 0.027s
PING>> 0.027s
PING>> 0.029s
PING>> 0.029s
CHAT woot>> 0.186s
AWAY 0>> 0.275s
CHAT kieran can you end my game plz>> 0.174s
PING>> 0.028s
LOADGAME pakelika tifa17>> 0.45s
TABLEQUERY 1>> 0.029s
EXTRACHECK>> 0.028s
CHAT lets play some games kieran xD>> 0.18s
ADMINLOGIN 34158108>> 0.179s
WEBSERVICE>> 0.029s
PING>> 0.046s
TABLECREATE>> 0.212s
WEBSERVICE>> 0.029s
PING>> 0.028s
TABLECLOSE>> 0.104s
TABLECREATE>> 0.301s
WEBSERVICE>> 0.028s
TABLECLOSE>> 0.098s
PING>> 0.03s
TABLECREATE2 OMNITT_RANDOM 5>> 0.215s
GAMEREADY>> 0.068s
CHAT try omni sorry>> 0.17s
CHAT i was getting an error it will be gone in a sec>> 0.216s
TABLECLOSE>> 0.111s
TABLECREATE>> 0.265s
PING>> 0.046s
WEBSERVICE>> 0.063s
CHANGERULE 0 1 1 0 0 0 0 0 1 1 0 0 0 0 0 1 0 1 1 0 1 0 0 0 1 0 0 0 0 0 0 0 0 0 0 0 0 0 0 1@@Triple%20Triad@@ Anime Anime2 CC Crusade FF6 FF7 FF9 FFAC FFT FFX KingdomHearts Nintendo Sega Standard Suikoden2 XenoTrigger>> 0.179s
GAMEREADY>> 0.041s
PING>> 0.029s
ADMINKICK KieranCarden omg%20nub%20dont%20get%20stuck%20then>> 0.656s
CHAT XD>> 0.219s
PING>> 0.028s
PING>> 0.028s
CHAT play me alliancesmells-bot>> 0.217s
PING>> 0.027s
CHAT or kieran you can play me too xD>> 0.166s
PING>> 0.03s
TT_PLACEAT 7 3>> 0.551s
TT_PLACEAT 8 2>> 0.556s
TT_PLACEAT 3 0>> 0.562s
PING>> 0.028s
TT_PLACEAT 5 1>> 0.228s
CHAT meh>> 0.727s
PING>> 0.029s
PING>> 0.028s
PING>> 0.028s
CHAT yea me too VA didnt work>> 0.183s
CHAT im gonna try a different VA but i gotta check on my burger first brb>> 0.181s
PING>> 0.027s
PING>> 0.029s
PING>> 0.027s
PING>> 0.027s
PING>> 0.028s
PING>> 0.029s
PING>> 0.029s
PING>> 0.028s
PING>> 0.027s
PING>> 0.031s
CHAT /me is away.  Reason: Idle>> 0.166s
AWAY 1>> 0.027s
PING>> 0.028s
PING>> 0.029s
PING>> 0.029s
PING>> 0.028s
PING>> 0.029s
WEBSERVICE>> 0.027s
WEBSERVICE>> 0.027s
WEBSERVICE>> 0.028s
WEBSERVICE>> 0.028s
WEBSERVICE>> 0.028s
WEBSERVICE>> 0.028s
PING>> 0.027s
WEBSERVICE>> 0.028s
WEBSERVICE>> 0.028s
WEBSERVICE>> 0.029s
WEBSERVICE>> 0.028s
WEBSERVICE>> 0.027s
WEBSERVICE>> 0.027s
WEBSERVICE>> 0.028s
WEBSERVICE>> 0.03s
CHAT /me is back.>> 0.2s
AWAY 0>> 0.029s
WEBSERVICE>> 0.029s
WEBSERVICE>> 0.028s
WEBSERVICE>> 0.028s
WEBSERVICE>> 0.028s
PING>> 0.029s
SHOPADD Angelo 30>> 0.365s
WEBSERVICE>> 0.028s
WEBSERVICE>> 0.03s
WEBSERVICE>> 0.029s
SHOPADD Zell 30>> 0.437s
WEBSERVICE>> 0.027s
WEBSERVICE>> 0.028s
WEBSERVICE>> 0.029s
SHOPADD Zell 30>> 0.425s
WEBSERVICE>> 0.036s
WEBSERVICE>> 0.029s
WEBSERVICE>> 0.028s
SHOPADD Zell 30>> 0.307s
WEBSERVICE>> 0.028s
WEBSERVICE>> 0.028s
WEBSERVICE>> 0.035s
SHOPADD Wedge,%20Biggs 30>> 0.395s
WEBSERVICE>> 0.036s
WEBSERVICE>> 0.028s
WEBSERVICE>> 0.027s
SHOPADD Selphie 30>> 0.323s
WEBSERVICE>> 0.028s
WEBSERVICE>> 0.029s
WEBSERVICE>> 0.029s
SHOPADD Seifer 30>> 0.305s
WEBSERVICE>> 0.028s
WEBSERVICE>> 0.028s
WEBSERVICE>> 0.028s
PING>> 0.031s
SHOPADD Odin 30>> 0.377s
WEBSERVICE>> 0.028s
WEBSERVICE>> 0.033s
WEBSERVICE>> 0.031s
SHOPADD Pandemona 30>> 0.309s
WEBSERVICE>> 0.029s
WEBSERVICE>> 0.028s
WEBSERVICE>> 0.028s
SHOPADD Pandemona 30>> 0.304s
WEBSERVICE>> 0.03s
WEBSERVICE>> 0.028s
WEBSERVICE>> 0.029s
SHOPADD Laguna 30>> 0.327s
WEBSERVICE>> 0.03s
WEBSERVICE>> 0.029s
WEBSERVICE>> 0.027s
SHOPADD Laguna 30>> 0.307s
WEBSERVICE>> 0.028s
WEBSERVICE>> 0.027s
WEBSERVICE>> 0.027s
SHOPADD Laguna 30>> 0.223s
WEBSERVICE>> 0.029s
VETERANALTERNATETRAIN enhance>> 0.496s
WEBSERVICE>> 0.029s
WEBSERVICE>> 0.03s
PING>> 0.027s
WEBSERVICE>> 0.035s
WEBSERVICE>> 0.028s
WEBSERVICE>> 0.029s
WEBSERVICE>> 0.029s
SHOPADD Belhelmel 30>> 0.388s
WEBSERVICE>> 0.027s
WEBSERVICE>> 0.029s
WEBSERVICE>> 0.028s
SHOPADD Bite%20Bug 30>> 0.402s
WEBSERVICE>> 0.029s
WEBSERVICE>> 0.027s
WEBSERVICE>> 0.035s
PING>> 0.029s
SHOPADD Anacondaur 30>> 0.393s
WEBSERVICE>> 0.028s
WEBSERVICE>> 0.028s
WEBSERVICE>> 0.029s
SHOPADD Anacondaur 30>> 0.369s
WEBSERVICE>> 0.027s
WEBSERVICE>> 0.028s
WEBSERVICE>> 0.028s
SHOPADD Anacondaur 30>> 0.321s
WEBSERVICE>> 0.029s
WEBSERVICE>> 0.03s
WEBSERVICE>> 0.03s
SHOPADD Belhelmel 30>> 0.43s
WEBSERVICE>> 0.028s
WEBSERVICE>> 0.029s
WEBSERVICE>> 0.039s
SHOPADD Bite%20Bug 30>> 0.317s
WEBSERVICE>> 0.028s
WEBSERVICE>> 0.028s
WEBSERVICE>> 0.029s
SHOPADD Blue%20Dragon 30>> 0.385s
WEBSERVICE>> 0.029s
WEBSERVICE>> 0.04s
WEBSERVICE>> 0.029s
SHOPADD Bomb 30>> 0.335s
WEBSERVICE>> 0.027s
WEBSERVICE>> 0.049s
WEBSERVICE>> 0.029s
SHOPADD Blitz 30>> 0.422s
WEBSERVICE>> 0.028s
WEBSERVICE>> 0.028s
WEBSERVICE>> 0.029s
SHOPADD BGH251F2 30>> 0.323s
WEBSERVICE>> 0.031s
WEBSERVICE>> 0.03s
WEBSERVICE>> 0.028s
PING>> 0.029s
SHOPADD Cactuar 30>> 0.438s
WEBSERVICE>> 0.029s
WEBSERVICE>> 0.028s
WEBSERVICE>> 0.028s
SHOPADD BGH251F2 30>> 0.427s
WEBSERVICE>> 0.028s
WEBSERVICE>> 0.028s
WEBSERVICE>> 0.028s
SHOPADD Alexander 30>> 0.297s
WEBSERVICE>> 0.029s
WEBSERVICE>> 0.053s
WEBSERVICE>> 0.029s
SHOPADD Carbuncle 30>> 0.314s
WEBSERVICE>> 0.032s
WEBSERVICE>> 0.028s
WEBSERVICE>> 0.027s
PING>> 0.028s
SHOPADD Caterchipillar 30>> 0.394s
WEBSERVICE>> 0.028s
WEBSERVICE>> 0.029s
WEBSERVICE>> 0.028s
SHOPADD Caterchipillar 30>> 0.375s
WEBSERVICE>> 0.029s
WEBSERVICE>> 0.028s
WEBSERVICE>> 0.028s
SHOPADD Catoblepas 30>> 0.277s
WEBSERVICE>> 0.028s
WEBSERVICE>> 0.029s
WEBSERVICE>> 0.028s
SHOPADD Catoblepas 30>> 0.293s
WEBSERVICE>> 0.028s
WEBSERVICE>> 0.028s
WEBSERVICE>> 0.028s
SHOPADD Chicobo 30>> 0.312s
WEBSERVICE>> 0.028s
WEBSERVICE>> 0.028s
WEBSERVICE>> 0.028s
SHOPADD Chubby%20Chocobo 30>> 0.511s
WEBSERVICE>> 0.027s
WEBSERVICE>> 0.028s
WEBSERVICE>> 0.028s
SHOPADD Cockatrice 30>> 0.383s
WEBSERVICE>> 0.028s
WEBSERVICE>> 0.029s
WEBSERVICE>> 0.043s
SHOPADD Cockatrice 30>> 0.829s
WEBSERVICE>> 0.036s
WEBSERVICE>> 0.028s
WEBSERVICE>> 0.029s
PING>> 0.034s
SHOPADD Buel 30>> 0.36s
WEBSERVICE>> 0.028s
WEBSERVICE>> 0.028s
WEBSERVICE>> 0.028s
CHAT lol i am testing enhance merchant>> 0.174s
CHAT funny thing is, my shop was full, then i trained it one lvl>> 0.174s
CHAT and i've added about 30 cards since then lmfao>> 0.242s
SHOPADD Creeps 30>> 0.353s
WEBSERVICE>> 0.028s
WEBSERVICE>> 0.044s
WEBSERVICE>> 0.029s
SHOPADD Adamantoise 30>> 0.422s
CHAT oop shop is full O.o lmfao>> 0.183s
PING>> 0.03s
CHAT let me add 25 more cards with one lvl>> 0.18s
PING>> 0.033s
CHAT i dunno im gonna train it another lvl and see what happens>> 0.156s
WEBSERVICE>> 0.029s
VETERANALTERNATETRAIN enhance>> 0.294s
WEBSERVICE>> 0.029s
WEBSERVICE>> 0.029s
WEBSERVICE>> 0.034s
WEBSERVICE>> 0.033s
WEBSERVICE>> 0.029s
WEBSERVICE>> 0.028s
WEBSERVICE>> 0.028s
WEBSERVICE>> 0.03s
PING>> 0.029s
SHOPADD Blood%20Soul 30>> 0.391s
WEBSERVICE>> 0.029s
WEBSERVICE>> 0.028s
WEBSERVICE>> 0.027s
CHAT lettin me add more>> 0.183s
SHOPADD Death%20Claw 30>> 0.421s
WEBSERVICE>> 0.029s
WEBSERVICE>> 0.028s
WEBSERVICE>> 0.029s
PING>> 0.05s
SHOPADD Abyss%20Worm 30>> 0.321s
WEBSERVICE>> 0.028s
WEBSERVICE>> 0.029s
WEBSERVICE>> 0.029s
SHOPADD Doom%20Train 30>> 0.33s
WEBSERVICE>> 0.028s
WEBSERVICE>> 0.028s
WEBSERVICE>> 0.027s
SHOPADD Elvoret 30>> 0.333s
WEBSERVICE>> 0.044s
WEBSERVICE>> 0.031s
WEBSERVICE>> 0.031s
SHOPADD Forbidden 30>> 0.491s
WEBSERVICE>> 0.033s
WEBSERVICE>> 0.027s
WEBSERVICE>> 0.028s
SHOPADD Forbidden 30>> 0.33s
WEBSERVICE>> 0.027s
WEBSERVICE>> 0.027s
WEBSERVICE>> 0.037s
CHAT more then 5 again>> 0.41s
CHAT its suppose to let me add 5 cards per lvl trained>> 0.263s
CHAT its letting me add 25 per lvl it seems>> 0.171s
SHOPADD Fujin,%20Raijin 30>> 0.483s
WEBSERVICE>> 0.043s
WEBSERVICE>> 0.028s
WEBSERVICE>> 0.027s
SHOPADD Funguar 30>> 0.474s
WEBSERVICE>> 0.029s
WEBSERVICE>> 0.029s
WEBSERVICE>> 0.028s
PING>> 0.027s
SHOPADD Funguar 30>> 0.328s
WEBSERVICE>> 0.036s
WEBSERVICE>> 0.031s
WEBSERVICE>> 0.028s
SHOPADD Funguar 30>> 0.512s
WEBSERVICE>> 0.028s
WEBSERVICE>> 0.028s
WEBSERVICE>> 0.029s
CHAT ya lol>> 0.183s
SHOPADD Gargantua 30>> 0.318s
WEBSERVICE>> 0.027s
WEBSERVICE>> 0.03s
WEBSERVICE>> 0.029s
SHOPADD Gargantua 30>> 0.3s
WEBSERVICE>> 0.027s
WEBSERVICE>> 0.029s
WEBSERVICE>> 0.028s
SHOPADD Gayla 30>> 0.37s
WEBSERVICE>> 0.122s
WEBSERVICE>> 0.03s
WEBSERVICE>> 0.031s
SHOPADD Geezard 30>> 0.473s
WEBSERVICE>> 0.033s
WEBSERVICE>> 0.032s
WEBSERVICE>> 0.029s
SHOPADD Geezard 30>> 0.421s
WEBSERVICE>> 0.028s
WEBSERVICE>> 0.034s
WEBSERVICE>> 0.043s
SHOPADD Geezard 30>> 0.432s
WEBSERVICE>> 0.029s
WEBSERVICE>> 0.027s
WEBSERVICE>> 0.029s
SHOPADD Gesper 30>> 0.429s
WEBSERVICE>> 0.03s
WEBSERVICE>> 0.028s
WEBSERVICE>> 0.027s
PING>> 0.028s
SHOPADD Gesper 30>> 0.29s
WEBSERVICE>> 0.029s
WEBSERVICE>> 0.027s
WEBSERVICE>> 0.034s
SHOPADD Gilgamesh 30>> 0.351s
WEBSERVICE>> 0.031s
WEBSERVICE>> 0.027s
WEBSERVICE>> 0.029s
SHOPADD Glacial%20Eye 30>> 0.52s
WEBSERVICE>> 0.028s
WEBSERVICE>> 0.029s
WEBSERVICE>> 0.043s
SHOPADD Glacial%20Eye 30>> 0.363s
WEBSERVICE>> 0.028s
WEBSERVICE>> 0.05s
WEBSERVICE>> 0.028s
SHOPADD Granaldo 30>> 0.397s
WEBSERVICE>> 0.029s
WEBSERVICE>> 0.028s
WEBSERVICE>> 0.029s
SHOPADD Grand%20Mantis 30>> 0.357s
WEBSERVICE>> 0.028s
WEBSERVICE>> 0.029s
WEBSERVICE>> 0.031s
SHOPADD Grat 30>> 0.344s
WEBSERVICE>> 0.029s
WEBSERVICE>> 0.028s
WEBSERVICE>> 0.028s
CHAT ok well lets test out exp enhance>> 0.189s
CHAT first a game without any lvls trained>> 0.163s
PING>> 0.04s
TABLECREATE>> 0.213s
WEBSERVICE>> 0.028s
CHANGERULE 0 1 0 1 0 0 0 0 0 0 0 0 0 0 0 0 0 0 0 0 0 0 0 0 0 0 0 1 0 0 0 0 0 0 0 0 0 0 0 0@@Triple%20Triad@@ Anime Anime2 CC Crusade FF6 FF7 FF9 FFAC FFT FFX KingdomHearts Nintendo Sega Standard Suikoden2 XenoTrigger>> 0.194s
GAMEREADY>> 0.052s
TT_PLACEAT 0 0>> 0.16s
TT_PLACEAT 2 1>> 0.16s
GAMECHAT ~@*~*lol>> 0.055s
GAMECHAT ~@*~*wanna tie everytime so i can get an accurate idea of exp>> 0.039s
TT_PLACEAT 5 4>> 0.146s
PING>> 0.028s
TT_PLACEAT 7 2>> 0.325s
LOADGAME pakelika tifa17>> 0.624s
TABLEQUERY 1>> 0.0312s
EXTRACHECK>> 0.0312s
PING>> 0.0312s
CHAT lol>> 0.1716s
WEBSERVICE>> 0.0312s
WEBSERVICE>> 0.0312s
WEBSERVICE>> 0.0468s
WEBSERVICE>> 0.0312s
WEBSERVICE>> 0.0312s
CHAT ok lets see if gold enhance works now xD>> 0.1716s
TABLECREATE>> 0.234s
CHAT when yer done>> 0.1872s
WEBSERVICE>> 0.0312s
CHANGERULE 0 1 1 0 0 0 0 0 0 0 0 0 0 0 0 0 0 0 0 0 0 0 0 0 0 0 0 1 0 0 0 0 0 0 0 0 0 0 0 0@@Triple%20Triad@@ Anime Anime2 CC Crusade FF6 FF7 FF9 FFAC FFT FFX KingdomHearts Nintendo Sega Standard Suikoden2 XenoTrigger>> 0.1872s
GAMEREADY>> 0.078s
PING>> 0.0312s
TT_PLACEAT 1 0>> 0.1404s
TT_PLACEAT 5 1>> 0.312s
TT_PLACEAT 4 2>> 0.2184s
TT_PLACEAT 3 3>> 0.1716s
LOADGAME pakelika tifa17>> 0.6864s
TABLEQUERY 1>> 0.0312s
EXTRACHECK>> 0.0468s
PING>> 0.0312s
PING>> 0.0312s
PING>> 0.0312s
PING>> 0.0312s
WEBSERVICE>> 0.0468s
WEBSERVICE>> 0.0312s
PING>> 0.0468s
PING>> 0.0312s
PING>> 0.0468s
PING>> 0.0312s
PING>> 0.0312s
PING>> 0.0312s
PING>> 0.0312s
PING>> 0.0312s
PING>> 0.0312s
CHAT /me is away.  Reason: Idle>> 0.2028s
AWAY 1>> 0.0312s
PING>> 0.0312s
PING>> 0.0312s
PING>> 0.0312s
PING>> 0.0312s
PING>> 0.0312s
PING>> 0.0312s
PING>> 0.0468s
PING>> 0.0468s
PING>> 0.0312s
PING>> 0.0312s
PING>> 0.0312s
PING>> 0.0312s
PING>> 0.0312s
PING>> 0.0468s
PING>> 0.0468s
PING>> 0.0468s
PING>> 0.0312s
PING>> 0.0312s
PING>> 0.0312s
PING>> 0.0312s
PING>> 0.0468s
PING>> 0.0312s
PING>> 0.0468s
PING>> 0.0312s
PING>> 0.0312s
PING>> 0.0312s
PING>> 0.0312s
PING>> 0.0468s
PING>> 0.0624s
PING>> 0.0312s
PING>> 0.0468s
PING>> 0.0312s
PING>> 0.0312s
PING>> 0.0312s
PING>> 0.0312s
PING>> 0.0312s
PING>> 0.0312s
PING>> 0.0312s
PING>> 0.0936s
PING>> 0.0312s
PING>> 0.0312s
PING>> 0.0468s
PING>> 0.0312s
PING>> 0.0468s
PING>> 0.0312s
PING>> 0.0312s
PING>> 0.0468s
PING>> 0.0468s
PING>> 0.0312s
PING>> 0.0312s
PING>> 0.0312s
PING>> 0.0312s
PING>> 0.0312s
PING>> 0.0468s
PING>> 0.0312s
PING>> 0.0312s
PING>> 0.0468s
PING>> 0.0468s
PING>> 0.0468s
PING>> 0.0468s
PING>> 0.0312s
PING>> 0.0468s
PING>> 0.0468s
PING>> 0.0312s
PING>> 0.0312s
PING>> 0.0312s
PING>> 0.0312s
PING>> 0.0312s
PING>> 0.0312s
PING>> 0.0312s
PING>> 0.0312s
PING>> 0.0312s
PING>> 0.0312s
PING>> 0.0312s
PING>> 0.0312s
PING>> 0.0312s
PING>> 0.0312s
PING>> 0.0468s
PING>> 0.0468s
PING>> 0.0312s
PING>> 0.0312s
PING>> 0.0312s
PING>> 0.0312s
PING>> 0.0312s
PING>> 0.0312s
PING>> 0.0312s
PING>> 0.0312s
PING>> 0.0312s
PING>> 0.0312s
PING>> 0.0312s
PING>> 0.0312s
PING>> 0.0312s
PING>> 0.0312s
PING>> 0.0468s
PING>> 0.0312s
PING>> 0.0312s
PING>> 0.0468s
PING>> 0.0312s
PING>> 0.0312s
PING>> 0.0468s
PING>> 0.0312s
PING>> 0.0312s
PING>> 0.0312s
PING>> 0.0312s
PING>> 0.0312s
PING>> 0.0468s
PING>> 0.028s
PING>> 0.0312s
PING>> 0.0312s
PING>> 0.0468s
PING>> 0.0312s
PING>> 0.0312s
PING>> 0.0468s
PING>> 0.0468s
PING>> 0.0468s
PING>> 0.0312s
PING>> 0.0468s
PING>> 0.0312s
PING>> 0.0312s
PING>> 0.0312s
PING>> 0.0312s
PING>> 0.0312s
PING>> 0.0312s
PING>> 0.0312s
PING>> 0.0312s
PING>> 0.0312s
PING>> 0.0312s
PING>> 0.0312s
PING>> 0.0312s
PING>> 0.0312s
PING>> 0.0312s
PING>> 0.0312s
PING>> 0.0312s
PING>> 0.0468s
PING>> 0.0312s
PING>> 0.0312s
PING>> 0.0312s
PING>> 0.0312s
PING>> 0.0312s
PING>> 0.0468s
PING>> 0.0468s
PING>> 0.0312s
PING>> 0.0312s
PING>> 0.0312s
PING>> 0.0312s
PING>> 0.0312s
PING>> 0.0312s
PING>> 0.0312s
PING>> 0.0312s
PING>> 0.0312s
PING>> 0.0468s
PING>> 0.0312s
PING>> 0.0312s
PING>> 0.0312s
PING>> 0.0312s
PING>> 0.0312s
PING>> 0.0312s
PING>> 0.0312s
PING>> 0.0468s
PING>> 0.0312s
PING>> 0.0312s
PING>> 0.0312s
PING>> 0.0312s
PING>> 0.0468s
PING>> 0.0312s
PING>> 0.0312s
PING>> 0.0468s
PING>> 0.0312s
PING>> 0.0312s
PING>> 0.0468s
PING>> 0.0312s
PING>> 0.0312s
PING>> 0.0312s
PING>> 0.0312s
PING>> 0.0312s
PING>> 0.0312s
PING>> 0.0312s
PING>> 0.0312s
PING>> 0.0468s
PING>> 0.0468s
PING>> 0.0312s
PING>> 0.0312s
PING>> 0.0312s
PING>> 0.0312s
PING>> 0.0312s
PING>> 0.0312s
PING>> 0.0468s
PING>> 0.0312s
PING>> 0.0312s
PING>> 0.0312s
PING>> 0.0468s
PING>> 0.0312s
PING>> 0.0312s
PING>> 0.0468s
PING>> 0.0312s
PING>> 0.0312s
PING>> 0.0312s
PING>> 0.0312s
PING>> 0.0468s
PING>> 0.0468s
PING>> 0.0468s
PING>> 0.0312s
PING>> 0.0468s
PING>> 0.0312s
PING>> 0.0468s
PING>> 0.0312s
PING>> 0.0312s
PING>> 0.0312s
PING>> 0.0312s
PING>> 0.0312s
PING>> 0.0312s
PING>> 0.0312s
PING>> 0.0468s
PING>> 0.0312s
PING>> 0.0312s
PING>> 0.0312s
PING>> 0.0468s
PING>> 0.0312s
PING>> 0.0312s
PING>> 0.0312s
PING>> 0.0312s
PING>> 0.0468s
PING>> 0.0312s
PING>> 0.0312s
PING>> 0.0468s
PING>> 0.0468s
PING>> 0.0312s
PING>> 0.0312s
PING>> 0.0312s
PING>> 0.0312s
PING>> 0.0312s
PING>> 0.0312s
PING>> 0.0312s
PING>> 0.0312s
PING>> 0.0468s
PING>> 0.0312s
PING>> 0.0468s
PING>> 0.0312s
PING>> 0.0312s
PING>> 0.0312s
PING>> 0.0312s
PING>> 0.0468s
LOADGAME pakelika tifa17>> 0.4368s
TABLEQUERY 1>> 0.0312s
EXTRACHECK>> 0.0312s
CHAT *whistles*>> 0.1716s
AWAY 0>> 0.1872s
WEBSERVICE>> 0.0312s
WEBSERVICE>> 0.0312s
WEBSERVICE>> 0.0312s
WEBSERVICE>> 0.0312s
WEBSERVICE>> 0.0312s
WEBSERVICE>> 0.0312s
WEBSERVICE>> 0.0312s
WEBSERVICE>> 0.0312s
WEBSERVICE>> 0.0312s
WEBSERVICE>> 0.0312s
WEBSERVICE>> 0.0312s
PING>> 0.0312s
WEBSERVICE>> 0.0312s
WEBSERVICE>> 0.0312s
VETERANALTERNATETRAIN token>> 0.3432s
WEBSERVICE>> 0.0312s
WEBSERVICE>> 0.0312s
WEBSERVICE>> 0.0312s
WEBSERVICE>> 0.0312s
WEBSERVICE>> 0.0312s
WEBSERVICE>> 0.0312s
WEBSERVICE>> 0.0312s
WEBSERVICE>> 0.0312s
PING>> 0.0312s
WEBSERVICE>> 0.0312s
WEBSERVICE>> 0.0312s
WEBSERVICE>> 0.0312s
WEBSERVICE>> 0.0312s
WEBSERVICE>> 0.0312s
WEBSERVICE>> 0.0468s
WEBSERVICE>> 0.0312s
PING>> 0.0312s
WEBSERVICE>> 0.0312s
WEBSERVICE>> 0.0312s
PING>> 0.0312s
WEBSERVICE>> 0.0312s
WEBSERVICE>> 0.0312s
WEBSERVICE>> 0.0312s
WEBSERVICE>> 0.0312s
VETERANALTERNATETRAIN extended>> 0.3276s
WEBSERVICE>> 0.0312s
WEBSERVICE>> 0.0312s
TABLECREATE>> 0.156s
WEBSERVICE>> 0.0312s
PING>> 0.0312s
CHANGERULE 0 1 1 0 0 0 0 0 0 0 0 0 0 0 0 0 0 0 0 0 0 0 0 0 0 0 0 1 0 0 0 0 0 0 0 0 0 0 0 0@@Triple%20Triad@@ Anime Anime2 CC Crusade FF6 FF7 FF9 FFAC FFT FFX KingdomHearts Nintendo Sega Standard Suikoden2 XenoTrigger>> 0.078s
GAMEREADY>> 0.0468s
TT_PLACEAT 1 0>> 0.156s
TT_PLACEAT 3 2>> 0.1404s
TT_PLACEAT 5 3>> 0.156s
TT_PLACEAT 7 4>> 0.156s
PING>> 0.0312s
WEBSERVICE>> 0.0312s
VETERANALTERNATETRAIN gold>> 0.2652s
WEBSERVICE>> 0.0312s
WEBSERVICE>> 0.0312s
TABLECREATE>> 0.1404s
WEBSERVICE>> 0.0312s
CHANGERULE 0 1 1 0 0 0 0 0 0 0 0 0 0 0 0 0 0 0 0 0 0 0 0 0 0 0 0 1 0 0 0 0 0 0 0 0 0 0 0 0@@Triple%20Triad@@ Anime Anime2 CC Crusade FF6 FF7 FF9 FFAC FFT FFX KingdomHearts Nintendo Sega Standard Suikoden2 XenoTrigger>> 0.0624s
GAMEREADY>> 0.3744s
TT_PLACEAT 1 0>> 0.2808s
PING>> 0.0312s
TT_PLACEAT 3 1>> 0.1404s
TT_PLACEAT 5 3>> 0.1404s
TT_PLACEAT 7 4>> 0.1404s
PING>> 0.0312s
WEBSERVICE>> 0.0312s
VETERANALTERNATETRAIN gold>> 0.234s
WEBSERVICE>> 0.0312s
WEBSERVICE>> 0.0312s
WEBSERVICE>> 0.0312s
VETERANALTERNATETRAIN gold>> 0.234s
WEBSERVICE>> 0.0312s
WEBSERVICE>> 0.0312s
WEBSERVICE>> 0.0312s
VETERANALTERNATETRAIN gold>> 0.2496s
WEBSERVICE>> 0.0312s
WEBSERVICE>> 0.0468s
WEBSERVICE>> 0.0468s
WEBSERVICE>> 0.0312s
WEBSERVICE>> 0.0312s
WEBSERVICE>> 0.0312s
VETERANALTERNATETRAIN gold>> 0.2496s
WEBSERVICE>> 0.0312s
WEBSERVICE>> 0.0312s
TABLECREATE>> 0.1404s
WEBSERVICE>> 0.0312s
PING>> 0.0312s
CHANGERULE 0 1 1 0 0 0 0 0 0 0 0 0 0 0 0 0 0 0 0 0 0 0 0 0 0 0 0 1 0 0 0 0 0 0 0 0 0 0 0 0@@Triple%20Triad@@ Anime Anime2 CC Crusade FF6 FF7 FF9 FFAC FFT FFX KingdomHearts Nintendo Sega Standard Suikoden2 XenoTrigger>> 0.078s
GAMEREADY>> 0.0312s
TT_PLACEAT 0 0>> 0.156s
TT_PLACEAT 2 3>> 0.1248s
TT_PLACEAT 6 4>> 0.1248s
TT_PLACEAT 4 2>> 0.1716s
TT_PLACEAT 3 1>> 1.6224s
WEBSERVICE>> 0.0312s
WEBSERVICE>> 0.0312s
WEBSERVICE>> 0.0312s
PING>> 0.0312s
WEBSERVICE>> 0.0312s
WEBSERVICE>> 0.0312s
WEBSERVICE>> 0.0312s
WEBSERVICE>> 0.0312s
VETERANALTERNATETRAIN experience>> 0.2652s
WEBSERVICE>> 0.0312s
WEBSERVICE>> 0.0312s
VETERANALTERNATETRAIN experience>> 0.2496s
WEBSERVICE>> 0.0312s
WEBSERVICE>> 0.0312s
VETERANALTERNATETRAIN experience>> 0.2652s
WEBSERVICE>> 0.0468s
WEBSERVICE>> 0.0312s
WEBSERVICE>> 0.0312s
PING>> 0.0312s
TABLECREATE>> 0.1716s
WEBSERVICE>> 0.0312s
CHANGERULE 0 1 1 0 0 0 0 0 0 0 0 0 0 0 0 0 0 0 0 0 0 0 0 0 0 0 0 1 0 0 0 0 0 0 0 0 0 0 0 0@@Triple%20Triad@@ Anime Anime2 CC Crusade FF6 FF7 FF9 FFAC FFT FFX KingdomHearts Nintendo Sega Standard Suikoden2 XenoTrigger>> 0.0468s
GAMEREADY>> 0.0312s
TT_PLACEAT 1 1>> 0.1872s
TT_PLACEAT 3 2>> 0.1872s
PING>> 0.0312s
PING>> 0.0312s
TT_PLACEAT 5 3>> 0.156s
TT_PLACEAT 7 4>> 0.1716s
PING>> 0.0312s
WEBSERVICE>> 0.0312s
WEBSERVICE>> 0.0312s
WEBSERVICE>> 0.0312s
WEBSERVICE>> 0.0312s
TABLECREATE3>> 0.1248s
PING>> 0.0312s
GAMEREADY>> 0.1716s
SBREADY>> 0.0312s
SBCOMPLETE 1 99 99 99 7>> 0.1716s
PING>> 0.0312s
SBFROZEN>> 1.7464s
TABLECREATE2 OMNITT_RANDOM 5>> 0.1404s
GAMEREADY>> 0.0312s
PING>> 0.0312s
OTTPLACEAT 0>> 0.4056s
OTTPLACEAT 24>> 0.1716s
OTTPLACEAT 1>> 0.1716s
OTTPLACEAT 15>> 0.1716s
OTTPLACEAT 5>> 0.1872s
OTTPLACEAT 17>> 0.39s
OTTPLACEAT 18>> 0.1872s
PING>> 0.0312s
OTTPLACEAT 13>> 0.234s
OTTPLACEAT 8>> 0.1716s
OTTPLACEAT 3>> 0.1716s
PING>> 0.0312s
PING>> 0.0312s
TABLECREATE2 OMNITT_RANDOM 5>> 0.1248s
CHANGERULE OTT OMNITT_RANDOM 7>> 0.0468s
GAMEREADY>> 0.0312s
OTTPLACEAT 0>> 0.1404s
OTTPLACEAT 1>> 0.156s
OTTPLACEAT 23>> 0.1716s
OTTPLACEAT 7>> 0.1872s
OTTPLACEAT 21>> 0.156s
PING>> 0.0312s
OTTPLACEAT 22>> 0.1716s
OTTPLACEAT 5>> 0.234s
OTTPLACEAT 18>> 1.2168s
OTTPLACEAT 6>> 1.1544s
PING>> 0.0312s
PING>> 0.0312s
TABLECREATE2 OMNITT_RANDOM 5>> 0.1248s
CHANGERULE OTT OMNITT_RANDOM 7>> 0.0468s
GAMEREADY>> 0.0312s
OTTPLACEAT 8>> 0.2028s
OTTPLACEAT 21>> 0.1716s
OTTPLACEAT 14>> 0.1716s
OTTPLACEAT 13>> 0.1716s
OTTPLACEAT 1>> 0.1872s
PING>> 0.0312s
OTTPLACEAT 7>> 0.2496s
OTTPLACEAT 5>> 0.1872s
OTTPLACEAT 16>> 0.234s
OTTPLACEAT 18>> 0.7956s
PING>> 0.0312s
TABLECREATE2 OMNITT_RANDOM 5>> 0.1248s
CHANGERULE OTT OMNITT_RANDOM 7>> 0.0468s
GAMEREADY>> 0.0468s
OTTPLACEAT 20>> 0.1872s
OTTPLACEAT 10>> 0.1872s
OTTPLACEAT 24>> 0.1716s
PING>> 0.0312s
OTTPLACEAT 17>> 0.39s
OTTPLACEAT 14>> 0.1716s
OTTPLACEAT 1>> 0.1872s
OTTPLACEAT 19>> 0.1716s
OTTPLACEAT 12>> 0.2184s
PING>> 0.0312s
OTTPLACEAT 6>> 2.1528s
TABLECREATE2 OMNITT_RANDOM 5>> 0.1404s
CHANGERULE OTT OMNITT_PLAYER 7>> 0.0468s
GAMEREADY>> 0.0312s
PING>> 0.0312s
OTTPLACEAT 0>> 0.1872s
OTTPLACEAT 1>> 0.1872s
OTTPLACEAT 4>> 0.1716s
OTTPLACEAT 2>> 0.1716s
OTTPLACEAT 13>> 0.2184s
OTTPLACEAT 20>> 0.1872s
OTTPLACEAT 21>> 0.1872s
PING>> 0.0468s
OTTPLACEAT 6>> 0.2028s
OTTPLACEAT 12>> 0.2028s
TABLECREATE2 OMNITT_RANDOM 5>> 0.1248s
PING>> 0.0312s
CHANGERULE OTT OMNITT_PLAYER 7>> 0.0624s
GAMEREADY>> 0.2652s
OTTPLACEAT 5>> 0.2028s
OTTPLACEAT 1>> 0.1872s
OTTPLACEAT 21>> 0.2028s
OTTPLACEAT 16>> 0.234s
OTTPLACEAT 23>> 0.156s
PING>> 0.0312s
OTTPLACEAT 13>> 0.1872s
OTTPLACEAT 4>> 0.156s
OTTPLACEAT 2>> 0.1872s
OTTPLACEAT 8>> 2.0124s
PING>> 0.0312s
TABLECREATE>> 0.156s
WEBSERVICE>> 0.0312s
PING>> 0.0312s
CHANGERULE 0 1 1 0 0 0 0 0 0 0 0 0 0 0 0 0 0 0 0 0 0 0 0 0 0 0 0 1 0 0 0 0 0 0 0 0 0 0 0 0@@Triple%20Triad@@ Anime Anime2 CC Crusade FF6 FF7 FF9 FFAC FFT FFX KingdomHearts Nintendo Sega Standard Suikoden2 XenoTrigger>> 0.0468s
GAMEREADY>> 0.0468s
PING>> 0.0312s
TT_PLACEAT 1 0>> 0.156s
TT_PLACEAT 4 3>> 0.1404s
TT_PLACEAT 3 2>> 0.1404s
TT_PLACEAT 7 4>> 0.1404s
PING>> 0.0312s
WEBSERVICE>> 0.0312s
WEBSERVICE>> 0.0312s
ALTERNATESET 70>> 0.1092s
WEBSERVICE>> 0.0312s
WEBSERVICE>> 0.0312s
ALTERNATESET 70>> 0.1248s
WEBSERVICE>> 0.0312s
PING>> 0.0312s
ALTERNATESET 0>> 0.156s
WEBSERVICE>> 0.0468s
WEBSERVICE>> 0.0312s
ALTERNATESET 0>> 0.1248s
WEBSERVICE>> 0.0312s
WEBSERVICE>> 0.0312s
ALTERNATESET 0>> 0.1248s
TABLECREATE2 OMNITT_RANDOM 5>> 0.1404s
CHANGERULE OTT OMNITT_PLAYER 7>> 0.0468s
GAMEREADY>> 0.0312s
OTTPLACEAT 0>> 0.156s
OTTPLACEAT 10>> 0.1716s
PING>> 0.0312s
OTTPLACEAT 16>> 0.2028s
OTTCARDDISCARD>> 0.156s
OTTPLACEAT 6>> 0.234s
OTTPLACEAT 17>> 0.234s
OTTPLACEAT 7>> 0.3588s
OTTPLACEAT 18>> 0.2028s
OTTPLACEAT 4>> 0.1872s
OTTPLACEAT 19>> 0.2028s
PING>> 0.0312s
TABLECREATE2 OMNITT_RANDOM 5>> 0.1248s
CHANGERULE OTT OMNITT_RANDOM 7>> 0.0468s
GAMEREADY>> 0.0312s
OTTPLACEAT 5>> 0.1872s
OTTPLACEAT 10>> 0.1716s
PING>> 0.0312s
OTTPLACEAT 21>> 0.4524s
OTTPLACEAT 17>> 0.2184s
OTTPLACEAT 23>> 0.1872s
OTTPLACEAT 8>> 0.2184s
OTTPLACEAT 3>> 0.1872s
OTTPLACEAT 7>> 0.1872s
OTTPLACEAT 9>> 1.638s
TABLECREATE2 OMNITT_RANDOM 5>> 0.1248s
PING>> 0.0312s
CHANGERULE OTT OMNITT_RANDOM 7>> 0.0468s
GAMEREADY>> 0.0312s
OTTPLACEAT 14>> 0.1716s
OTTPLACEAT 9>> 0.2184s
OTTPLACEAT 8>> 0.1872s
OTTPLACEAT 11>> 0.2028s
OTTPLACEAT 2>> 0.1872s
OTTPLACEAT 5>> 0.1872s
PING>> 0.0312s
OTTPLACEAT 17>> 0.2808s
OTTPLACEAT 10>> 0.234s
OTTPLACEAT 16>> 0.2184s
PING>> 0.0312s
TABLECREATE2 OMNITT_RANDOM 5>> 0.1404s
PING>> 0.0312s
CHANGERULE OTT OMNITT_PLAYER 7>> 0.0468s
GAMEREADY>> 0.0312s
OTTPLACEAT 3>> 0.2184s
PING>> 0.0468s
OTTPLACEAT 0>> 0.2496s
WEBSERVICE>> 0.0312s
WEBSERVICE>> 0.0312s
WEBSERVICE>> 0.0312s
WEBSERVICE>> 0.0312s
WEBSERVICE>> 0.0312s
PING>> 0.0312s
OTTPLACEAT 5>> 0.156s
OTTPLACEAT 6>> 0.1872s
OTTPLACEAT 8>> 0.2028s
OTTPLACEAT 13>> 0.1716s
OTTPLACEAT 24>> 0.1716s
OTTPLACEAT 23>> 0.1716s
OTTPLACEAT 21>> 1.5288s
PING>> 0.0312s
TABLECREATE2 OMNITT_RANDOM 5>> 0.1404s
GAMEREADY>> 0.0312s
OTTPLACEAT 0>> 0.1404s
OTTPLACEAT 6>> 0.156s
OTTPLACEAT 10>> 0.156s
PING>> 0.0312s
OTTPLACEAT 11>> 0.1872s
OTTPLACEAT 12>> 0.2496s
OTTPLACEAT 9>> 0.2184s
OTTPLACEAT 8>> 0.2496s
OTTPLACEAT 4>> 0.156s
OTTPLACEAT 7>> 0.2496s
OTTCARDDISCARD>> 0.1404s
PING>> 0.0468s
OTTPLACEAT 16>> 0.546s
TABLECREATE2 OMNITT_RANDOM 5>> 0.1404s
GAMEREADY>> 0.0312s
OTTPLACEAT 4>> 0.1872s
PING>> 0.0312s
OTTPLACEAT 2>> 0.2028s
OTTPLACEAT 13>> 0.2184s
OTTPLACEAT 8>> 0.4212s
OTTPLACEAT 24>> 0.1716s
OTTPLACEAT 22>> 0.1872s
OTTPLACEAT 23>> 0.1716s
OTTPLACEAT 5>> 0.2184s
PING>> 0.0312s
OTTPLACEAT 11>> 0.3432s
OTTPLACEAT 15>> 0.2028s
WEBSERVICE>> 0.0312s
WEBSERVICE>> 0.0312s
WEBSERVICE>> 0.0312s
WEBSERVICE>> 0.0312s
WEBSERVICE>> 0.0312s
WEBSERVICE>> 0.0312s
WEBSERVICE>> 0.0468s
PING>> 0.0312s
WEBSERVICE>> 0.0312s
WEBSERVICE>> 0.0312s
WEBSERVICE>> 0.0312s
WEBSERVICE>> 0.0312s
WEBSERVICE>> 0.0312s
WEBSERVICE>> 0.0312s
WEBSERVICE>> 0.0468s
WEBSERVICE>> 0.0312s
CARDPACK Returners%20Pack>> 0.8424s
PING>> 0.0312s
PING>> 0.0312s
PING>> 0.0468s
PING>> 0.0312s
PING>> 0.0312s
PING>> 0.0312s
PING>> 0.0312s
PING>> 0.0312s
PING>> 0.0312s
PING>> 0.0312s
CHAT /me is away.  Reason: Idle>> 0.1872s
AWAY 1>> 0.0312s
PING>> 0.0312s
PING>> 0.0312s
PING>> 0.0312s
PING>> 0.0312s
PING>> 0.0312s
PING>> 0.0312s
PING>> 0.0312s
PING>> 0.0312s
PING>> 0.0312s
PING>> 0.0312s
PING>> 0.0312s
PING>> 0.0312s
PING>> 0.0312s
PING>> 0.0312s
PING>> 0.0312s
PING>> 0.0312s
PING>> 0.0312s
PING>> 0.0312s
PING>> 0.0312s
PING>> 0.0468s
PING>> 0.0312s
PING>> 0.0312s
PING>> 0.0312s
PING>> 0.0312s
PING>> 0.0312s
PING>> 0.0312s
PING>> 0.0312s
PING>> 0.0312s
PING>> 0.0312s
PING>> 0.0312s
PING>> 0.0312s
PING>> 0.0312s
PING>> 0.0312s
PING>> 0.0312s
PING>> 0.0312s
PING>> 0.0312s
PING>> 0.0312s
PING>> 0.0312s
PING>> 0.0312s
PING>> 0.0312s
PING>> 0.0312s
PING>> 0.0312s
CHAT /me is back.>> 0.1248s
AWAY 0>> 0.0312s
PING>> 0.0312s
PING>> 0.0312s
PING>> 0.0312s
PING>> 0.0312s
PING>> 0.0468s
PING>> 0.0312s
PING>> 0.0312s
PING>> 0.0468s
PING>> 0.0312s
PING>> 0.0312s
PING>> 0.0312s
PING>> 0.0312s
PING>> 0.0312s
PING>> 0.0312s
PING>> 0.0312s
PING>> 0.0312s
PING>> 0.0312s
PING>> 0.0312s
PING>> 0.0312s
PING>> 0.0312s
PING>> 0.0312s
PING>> 0.0312s
PING>> 0.0312s
PING>> 0.0312s
PING>> 0.0312s
PING>> 0.0312s
PING>> 0.0312s
PING>> 0.0312s
PING>> 0.0312s
PING>> 0.0468s
PING>> 0.0312s
PING>> 0.0312s
PING>> 0.0312s
PING>> 0.0312s
PING>> 0.0312s
PING>> 0.0312s
PING>> 0.0312s
PING>> 0.0312s
PING>> 0.0312s
PING>> 0.0312s
PING>> 0.0312s
PING>> 0.0312s
PING>> 0.0468s
PING>> 0.0312s
PING>> 0.0312s
PING>> 0.0312s
PING>> 0.0312s
PING>> 0.0312s
PING>> 0.0468s
PING>> 0.0312s
PING>> 0.0312s
PING>> 0.0312s
PING>> 0.0312s
PING>> 0.0312s
PING>> 0.0312s
PING>> 0.0312s
PING>> 0.0312s
PING>> 0.0312s
PING>> 0.0312s
PING>> 0.0312s
PING>> 0.0312s
PING>> 0.0312s
PING>> 0.0312s
PING>> 0.0312s
PING>> 0.0312s
PING>> 0.0312s
PING>> 0.0312s
PING>> 0.0312s
PING>> 0.0312s
PING>> 0.0312s
PING>> 0.0312s
PING>> 0.0312s
PING>> 0.0312s
PING>> 0.0312s
PING>> 0.0312s
PING>> 0.0312s
PING>> 0.0312s
PING>> 0.0312s
PING>> 0.0312s
PING>> 0.0312s
PING>> 0.0312s
PING>> 0.0312s
PING>> 0.0312s
PING>> 0.0312s
PING>> 0.0312s
PING>> 0.0312s
PING>> 0.0468s
PING>> 0.0312s
PING>> 0.0312s
PING>> 0.0312s
PING>> 0.0312s
PING>> 0.0312s
PING>> 0.0468s
PING>> 0.0312s
PING>> 0.0312s
PING>> 0.0312s
PING>> 0.0312s
PING>> 0.0312s
PING>> 0.0312s
PING>> 0.0312s
PING>> 0.0312s
PING>> 0.0312s
PING>> 0.0312s
PING>> 0.0312s
PING>> 0.0312s
PING>> 0.0312s
PING>> 0.0312s
PING>> 0.0312s
PING>> 0.0312s
PING>> 0.0312s
PING>> 0.0312s
PING>> 0.0312s
PING>> 0.0312s
PING>> 0.0312s
PING>> 0.0312s
PING>> 0.026s
PING>> 0.0312s
PING>> 0.0312s
TABLEJOIN 1>> 0.7488s
GAMEREADY>> 0.0312s
TT_PLACEAT 1 0>> 0.234s
PING>> 0.0468s
TT_PLACEAT 5 1>> 0.4524s
TT_PLACEAT 3 2>> 0.3432s
TT_PLACEAT 6 4>> 0.624s
LOADGAME pakelika tifa17>> 0.57s
PING>> 0.028s
TABLEQUERY 1>> 0.029s
EXTRACHECK>> 0.026s
CHAT h4x>> 0.136s
TABLECREATE>> 0.143s
WEBSERVICE>> 0.026s
PING>> 0.028s
CHANGERULE 0 1 1 0 0 0 0 0 0 0 0 0 0 0 0 0 0 0 0 0 0 0 0 0 0 0 0 1 0 0 0 0 0 0 0 0 0 0 0 0@@Triple%20Triad@@ Anime Anime2 CC Crusade FF6 FF7 FF9 FFAC FFT FFX KingdomHearts Nintendo Sega Standard Suikoden2 XenoTrigger>> 0.088s
GAMEREADY>> 0.041s
TT_PLACEAT 0 0>> 0.315s
TT_PLACEAT 2 1>> 0.208s
TT_PLACEAT 4 3>> 0.192s
TT_PLACEAT 6 4>> 0.135s
TT_PLACEAT 8 2>> 1.772s
PING>> 0.026s
PING>> 0.026s
WEBSERVICE>> 0.026s
WEBSERVICE>> 0.026s
WEBSERVICE>> 0.026s
WEBSERVICE>> 0.026s
WEBSERVICE>> 0.026s
WEBSERVICE>> 0.026s
WEBSERVICE>> 0.026s
WEBSERVICE>> 0.026s
WEBSERVICE>> 0.026s
PING>> 0.029s
WEBSERVICE>> 0.026s
WEBSERVICE>> 0.026s
WEBSERVICE>> 0.026s
WEBSERVICE>> 0.026s
WEBSERVICE>> 0.026s
WEBSERVICE>> 0.026s
WEBSERVICE>> 0.026s
WEBSERVICE>> 0.026s
WEBSERVICE>> 0.026s
WEBSERVICE>> 0.026s
PING>> 0.026s
WEBSERVICE>> 0.026s
WEBSERVICE>> 0.026s
ALTERNATESET 0>> 0.129s
WEBSERVICE>> 0.026s
WEBSERVICE>> 0.026s
ALTERNATESET 0>> 0.145s
TABLECREATE2 OMNITT_RANDOM 5>> 0.133s
PING>> 0.026s
GAMEREADY>> 0.389s
OTTPLACEAT 20>> 0.151s
OTTPLACEAT 22>> 0.202s
PING>> 0.026s
OTTPLACEAT 2>> 0.167s
OTTPLACEAT 24>> 0.159s
OTTPLACEAT 18>> 0.257s
OTTPLACEAT 14>> 0.178s
OTTPLACEAT 5>> 0.172s
OTTPLACEAT 7>> 0.182s
PING>> 0.03s
OTTPLACEAT 13>> 0.402s
OTTPLACEAT 11>> 1.938s
PING>> 0.027s
PING>> 0.026s
PING>> 0.026s
PING>> 0.026s
PING>> 0.026s
PING>> 0.026s
PING>> 0.026s
PING>> 0.026s
CHAT woot>> 0.133s
WEBSERVICE>> 0.026s
WEBSERVICE>> 0.026s
WEBSERVICE>> 0.026s
WEBSERVICE>> 0.027s
WEBSERVICE>> 0.026s
WEBSERVICE>> 0.026s
WEBSERVICE>> 0.026s
WEBSERVICE>> 0.026s
WEBSERVICE>> 0.026s
VETERANALTERNATETRAIN gold>> 0.4292s
WEBSERVICE>> 0.0312s
WEBSERVICE>> 0.0312s
VETERANALTERNATETRAIN gold>> 0.3276s
WEBSERVICE>> 0.0312s
WEBSERVICE>> 0.0312s
TABLECREATE>> 0.3276s
PING>> 0.0312s
WEBSERVICE>> 0.0312s
CHANGERULE 0 1 1 0 0 0 0 0 0 0 0 0 0 0 0 0 0 0 0 0 0 0 0 0 0 0 0 1 0 0 0 0 0 0 0 0 0 0 0 0@@Triple%20Triad@@ Anime2 CC Crusade FF6 FF7 FF9 FFAC FFT FFX KingdomHearts Nintendo Sega Standard Suikoden2 XenoTrigger>> 0.078s
GAMEREADY>> 0.4992s
TT_PLACEAT 1 0>> 0.1872s
TT_PLACEAT 3 2>> 0.156s
TT_PLACEAT 4 3>> 0.1716s
TT_PLACEAT 7 1>> 0.156s
PING>> 0.0312s
CHAT i still dont think the gp works>> 0.1248s
CHAT got 25 last time i tried, then trained gold enhance twice, stil got 25>> 0.1404s
CHAT if my math is right i should get 2-3 more gold per game>> 0.1872s
PING>> 0.0312s
WEBSERVICE>> 0.0468s
WEBSERVICE>> 0.0312s
WEBSERVICE>> 0.0312s
WEBSERVICE>> 0.0312s
WEBSERVICE>> 0.0312s
PING>> 0.027s
PING>> 0.026s
WEBSERVICE>> 0.026s
WEBSERVICE>> 0.026s
VETERANALTERNATETRAIN experience>> 0.27s
WEBSERVICE>> 0.026s
WEBSERVICE>> 0.026s
WEBSERVICE>> 0.026s
WEBSERVICE>> 0.026s
VETERANALTERNATETRAIN experience>> 0.467s
WEBSERVICE>> 0.026s
WEBSERVICE>> 0.026s
WEBSERVICE>> 0.026s
VETERANALTERNATETRAIN experience>> 0.258s
WEBSERVICE>> 0.026s
WEBSERVICE>> 0.026s
WEBSERVICE>> 0.026s
WEBSERVICE>> 0.027s
WEBSERVICE>> 0.026s
VETERANALTERNATETRAIN experience>> 0.284s
WEBSERVICE>> 0.028s
WEBSERVICE>> 0.026s
TABLECREATE>> 0.141s
WEBSERVICE>> 0.026s
CHANGERULE 0 1 1 0 0 0 0 0 0 0 0 0 0 0 0 0 0 0 0 0 0 0 0 0 0 0 0 1 0 0 0 0 0 0 0 0 0 0 0 0@@Triple%20Triad@@ Anime Anime2 CC Crusade FF6 FF7 FF9 FFAC FFT FFX KingdomHearts Nintendo Sega Standard Suikoden2 XenoTrigger>> 0.066s
GAMEREADY>> 0.031s
TT_PLACEAT 0 0>> 0.208s
PING>> 0.026s
TT_PLACEAT 2 1>> 0.246s
TT_PLACEAT 4 2>> 0.169s
TT_PLACEAT 6 4>> 0.148s
TT_PLACEAT 8 3>> 1.491s
PING>> 0.026s
WEBSERVICE>> 0.026s
WEBSERVICE>> 0.027s
WEBSERVICE>> 0.026s
WEBSERVICE>> 0.026s
WEBSERVICE>> 0.026s
WEBSERVICE>> 0.026s
WEBSERVICE>> 0.026s
VETERANALTERNATETRAIN gold>> 0.276s
WEBSERVICE>> 0.027s
WEBSERVICE>> 0.026s
VETERANALTERNATETRAIN gold>> 0.302s
WEBSERVICE>> 0.026s
WEBSERVICE>> 0.026s
TABLECREATE>> 0.38s
PING>> 0.026s
WEBSERVICE>> 0.026s
CHANGERULE 0 1 1 0 0 0 0 0 0 0 0 0 0 0 0 0 0 0 0 0 0 0 0 0 0 0 0 1 0 0 0 0 0 0 0 0 0 0 0 0@@Triple%20Triad@@ Anime Anime2 CC Crusade FF6 FF7 FF9 FFAC FFT FFX KingdomHearts Nintendo Sega Standard Suikoden2 XenoTrigger>> 0.063s
GAMEREADY>> 0.03s
TT_PLACEAT 6 2>> 0.204s
TT_PLACEAT 0 1>> 0.161s
TT_PLACEAT 5 4>> 0.146s
TT_PLACEAT 3 3>> 0.148s
PING>> 0.026s
PING>> 0.028s
PING>> 0.026s
PING>> 0.026s
TABLEJOIN 1>> 0.604s
GAMEREADY>> 0.402s
TT_PLACEAT 1 0>> 0.149s
TT_PLACEAT 5 1>> 0.139s
TT_PLACEAT 3 2>> 0.142s
TT_PLACEAT 7 4>> 0.148s
PING>> 0.026s
PING>> 0.026s
PING>> 0.026s
PING>> 0.027s
TABLECREATE>> 0.144s
WEBSERVICE>> 0.026s
CHANGERULE 0 1 1 0 0 0 0 0 0 0 0 0 0 0 0 0 0 0 0 0 0 0 0 0 0 0 0 1 0 0 0 0 0 0 0 0 0 0 0 0@@Triple%20Triad@@ CC Crusade FF6 FF7 FF9 FFAC FFT FFX KingdomHearts Nintendo Sega Standard Suikoden2 XenoTrigger>> 0.065s
GAMEREADY>> 0.031s
PING>> 0.026s
PING>> 0.027s
TT_PLACEAT 0 0>> 0.162s
TT_PLACEAT 3 2>> 0.151s
TT_PLACEAT 4 1>> 0.232s
TT_PLACEAT 6 4>> 0.263s
PING>> 0.026s
>> 0s
PING>> 106.446s
PING>> 0.026s
PING>> 0.026s
PING>> 0.028s
PING>> 0.026s
LOADGAME pakelika tifa17>> 0.471s
TABLEQUERY 1>> 0.031s
EXTRACHECK>> 0.026s
PING>> 0.026s
PING>> 0.026s
PING>> 0.027s
PING>> 0.026s
WEBSERVICE>> 0.026s
CARDPACK Mystic%20Esper%20Pack>> 0.903s
CARDPACK Shadow's%20Mystery>> 1.212s
CARDPACK Empires%20Pack>> 0.788s
PING>> 0.027s
CARDPACK Gau's%20Treasure>> 0.979s
CARDPACK Returners%20Pack>> 0.748s
CARDPACK Returners%20Pack>> 0.729s
CARDPACK Returners%20Pack>> 0.619s
CARDPACK Returners%20Pack>> 0.664s
CARDPACK Returners%20Pack>> 0.671s
CARDPACK Returners%20Pack>> 1.196s
CARDPACK Returners%20Pack>> 0.633s
CARDPACK Returners%20Pack>> 0.636s
CARDPACK Returners%20Pack>> 0.784s
CARDPACK Returners%20Pack>> 0.702s
CARDPACK Returners%20Pack>> 0.788s
CARDPACK Returners%20Pack>> 0.643s
CARDPACK Returners%20Pack>> 0.632s
CARDPACK Returners%20Pack>> 0.593s
PING>> 0.027s
CARDPACK Returners%20Pack>> 0.55s
CARDPACK Returners%20Pack>> 0.656s
CARDPACK Returners%20Pack>> 0.542s
CARDPACK Returners%20Pack>> 0.602s
CARDPACK Returners%20Pack>> 0.641s
CARDPACK Returners%20Pack>> 0.631s
CARDPACK Returners%20Pack>> 0.677s
CARDPACK Returners%20Pack>> 0.608s
CARDPACK Returners%20Pack>> 0.577s
CARDPACK Returners%20Pack>> 0.659s
CARDPACK Returners%20Pack>> 0.621s
CARDPACK Returners%20Pack>> 0.591s
CARDPACK Returners%20Pack>> 0.55s
CARDPACK Returners%20Pack>> 0.578s
PING>> 0.027s
CARDPACK Returners%20Pack>> 0.612s
CARDPACK Returners%20Pack>> 0.61s
CARDPACK Returners%20Pack>> 0.658s
CARDPACK Returners%20Pack>> 0.185s
WEBSERVICE>> 0.026s
PING>> 0.026s
PING>> 0.026s
PING>> 0.026s
PING>> 0.026s
PING>> 0.026s
PING>> 0.026s
CHAT /me is away.  Reason: Idle>> 0.136s
AWAY 1>> 0.027s
PING>> 0.026s
PING>> 0.026s