
LOADGAME SunDragon lumiissexy>> 0.409s
TABLEQUERY 1>> 0.027s
EXTRACHECK>> 0.026s
CHAT ....>> 0.179s
PING>> 0.027s
TABLECREATE2 OMNITT_RANDOM 5>> 0.21s
CHANGERULE OTT OMNITT_PLAYER 7>> 0.148s
GAMEREADY>> 0.088s
CHALLENGECHATS los>> 0.086s
OTTPLACEAT 0>> 0.493s
OTTPLACEAT 2>> 1.564s
PING>> 0.039s
OTTPLACEAT 4>> 0.243s
OTTPLACEAT 7>> 0.315s
OTTPLACEAT 9>> 0.208s
OTTPLACEAT 11>> 0.308s
OTTPLACEAT 13>> 0.984s
OTTPLACEAT 19>> 0.314s
OTTPLACEAT 22>> 0.256s
CHAT XD>> 0.154s
CHAT <Warning> You did not earn gold, active points, or experience because you and your opponent played too fast. Turbo play is no longer rewarded. 17:26:12>> 0.121s
CHAT me, too XD>> 0.163s
CHAT hehehe>> 0.184s
PING>> 0.026s
WEBSERVICE>> 0.028s
CHAT card shop doesn't work>> 0.148s
PING>> 0.026s
ADMINLOGIN 78547841>> 0.185s
WEBSERVICE>> 0.044s
ADMINSILENCEPLAYER DarkJaxyChan jaxsparrow <r0x my ass0x>>> 0.336s
CHAT XD>> 0.123s
CHAT nice guild, jaxy>> 0.125s
PING>> 0.026s
RANDOM 1 100>> 0.099s
CHAT hax!!!>> 0.139s
CHAT jax hax!>> 0.15s
CHAT jax hax axe XD>> 0.156s
PING>> 0.031s
PING>> 0.026s
RANDOM 1 100>> 0.095s
TABLEJOIN 1>> 0.642s
CHALLENGECHATS ja?>> 0.072s
PING>> 0.026s
CHAT hahaha >>>> 1.114s
CHAT OO>> 0.146s
TABLEJOIN 1>> 0.599s
GAMEREADY>> 0.09s
CHAT /me wants to watch it>> 0.151s
PING>> 0.026s
TABLEJOIN 1>> 0.658s
GAMEREADY>> 0.084s
CHAT oki..that's enough, jaxy>> 0.128s
CHAT they just wanna have more viewers>> 0.159s
TABLECREATE>> 0.208s
WEBSERVICE>> 0.029s
PING>> 0.026s
CHAT could not retrieve data>> 0.155s
WEBSERVICE>> 0.027s
PING>> 0.032s
CHAT shame on you jaxy>> 0.162s
CHAT you even don't know how old lumi is ><>> 0.318s
TABLECLOSE>> 0.133s
CHAT you're 24>> 0.128s
CHAT + 1 = 25 for me>> 0.162s
CHAT since when? OO>> 0.169s
PING>> 0.026s
CHAT ohhh....kk...old geezer>> 0.122s
CHAT XD>> 0.193s
CHAT 21 =P>> 0.119s
LOADGAME SunDragon lumiissexy>> 0.318s
TABLEQUERY 1>> 0.026s
EXTRACHECK>> 0.03s
PING>> 0.028s
WEBSERVICE>> 0.049s
PING>> 0.027s
CHAT /shout Anyone for turbo????>> 0.488s
TABLECREATE MEMORY>> 0.25s
TABLECLOSE>> 0.279s
TABLECREATE2 OMNITT_RANDOM 5>> 0.202s
GAMEREADY>> 0.104s
OTTPLACEAT 0>> 0.507s
OTTPLACEAT 2>> 0.287s
OTTPLACEAT 4>> 0.275s
OTTPLACEAT 6>> 0.318s
PING>> 0.026s
OTTPLACEAT 9>> 0.209s
OTTPLACEAT 11>> 0.39s
OTTPLACEAT 13>> 0.321s
OTTPLACEAT 15>> 0.211s
OTTPLACEAT 19>> 0.322s
OTTPLACEAT 21>> 0.354s
CHAT OP>> 0.177s
CHAT OO>> 0.116s
CHAT noo...a bug!>> 0.165s
CHAT stupidgame>> 0.169s
CHAT XD>> 0.132s
PING>> 0.027s
CHAT filter avoid>> 0.17s
CHAT banplz>> 0.202s
CHAT XD>> 0.194s
CHAT I love this anti-turbo>> 0.153s
CHAT /me pats lumi>> 0.127s
PING>> 0.026s
CHAT XD>> 0.202s
CHAT looool>> 0.161s
CHAT no..better not>> 0.158s
CHAT we could make a best-of-hatred mails-thread>> 0.17s
CHAT XD>> 0.165s
PING>> 0.026s
PING>> 0.026s
WEBSERVICE>> 0.033s
PING>> 0.027s
WEBSERVICE>> 0.034s
CHAT <Problem> SunDragon does not have a player record on file or there is a problem obtaining it. Please try again later. 17:49:38>> 0.186s
CHAT T_T>> 0.195s
PING>> 0.026s
PING>> 0.032s
TABLECREATE2 OMNITT_RANDOM 5>> 0.2s
GAMEREADY>> 0.08s
PING>> 0.028s
PING>> 0.026s
PING>> 0.047s
CHAT hello?>> 0.123s
CHAT hmm..let's have fun, bots>> 0.119s
PING>> 0.028s
CHAT >>>> 0.136s
CHAT <<>> 0.189s
CHAT bye>> 0.108s
CHAT see ya>> 0.119s
CHAT lalala>> 0.113s
CHAT lalala>> 0.133s