>> VERSION 1.5.7
>> LOADGAME darklumina sexynickel101
darklumina>> QUERYTABLES 1
darklumina>> EXTRACHECK
>> VERSION 1.5.7
>> LOADGAME darklumina sexynickel101
darklumina>> QUERYTABLES 1
darklumina>> EXTRACHECK
darklumina>> SLOTSANIME
darklumina>> PING
darklumina>> SLOTSANIME
darklumina>> SLOTSANIME
darklumina>> SLOTSANIME
darklumina>> SLOTSANIME
darklumina>> SLOTSANIME
darklumina>> SLOTSANIME
darklumina>> SLOTSANIME
darklumina>> SLOTSANIME
darklumina>> SLOTSANIME
darklumina>> SLOTSANIME
darklumina>> SLOTSANIME
darklumina>> SLOTSANIME
darklumina>> SLOTSANIME
darklumina>> SLOTSANIME
darklumina>> SLOTSANIME
darklumina>> SLOTSANIME
darklumina>> SLOTSANIME
darklumina>> SLOTSANIME
darklumina>> SLOTSANIME
darklumina>> SLOTSANIME
darklumina>> SLOTSANIME
darklumina>> SLOTSANIME
darklumina>> SLOTSANIME
darklumina>> SLOTSANIME
darklumina>> SLOTSANIME
darklumina>> SLOTSANIME
darklumina>> PING
darklumina>> PING
