>> VERSION 1.5.7
>> LOADGAME darklumina sexynickel101
darklumina>> QUERYTABLES 1
darklumina>> EXTRACHECK
darklumina>> CHAT ...
darklumina>> CHAT .
darklumina>> CHAT .
darklumina>> CHAT .
darklumina>> CHAT .
darklumina>> CHAT .
darklumina>> CHAT pol
darklumina>> SLOTSFF7
darklumina>> SLOTSFF7
darklumina>> SLOTSFF7
darklumina>> SLOTSFF7
darklumina>> SLOTSFF7
darklumina>> SLOTSFF7
darklumina>> SLOTSFF7
darklumina>> SLOTSFF7
darklumina>> SLOTSFF7
darklumina>> SLOTSFF7
darklumina>> SLOTSFF7
darklumina>> QUIT 0 1
>> VERSION 1.5.7
>> LOADGAME darklumina sexynickel101
darklumina>> QUERYTABLES 1
darklumina>> EXTRACHECK
darklumina>> CHAT dsfasd
darklumina>> CHAT asdfasdf
darklumina>> CHAT 21
darklumina>> CHAT 3
darklumina>> CHAT 32
darklumina>> CHAT 4
darklumina>> CHAT 1
darklumina>> CHAT 321
darklumina>> PING
darklumina>> CHAT 54
darklumina>> TREASUREHUNTER
darklumina>> CHAT 654
darklumina>> CHAT 321
darklumina>> CHAT 321
darklumina>> CHAT 321
darklumina>> CHAT 321
darklumina>> QUIT 0 1
>> VERSION 1.5.7
>> LOADGAME darklumina sexynickel101
darklumina>> QUERYTABLES 1
darklumina>> EXTRACHECK
darklumina>> CHAT www.tripletriadextreme.com
darklumina>> CHAT http://www.tripletriadextreme.com
darklumina>> PING
>> VERSION 1.5.7
>> LOADGAME darklumina sexynickel101
darklumina>> QUERYTABLES 1
darklumina>> EXTRACHECK
darklumina>> CHAT www.tripletriadextreme.com
>> VERSION 1.5.7
>> LOADGAME darklumina sexynickel101
darklumina>> QUERYTABLES 1
darklumina>> EXTRACHECK
>> VERSION 1.5.7
>> LOADGAME darklumina sexynickel101
>> VERSION 1.5.7
>> LOADGAME darklumina sexynickel101
darklumina>> QUERYTABLES 1
darklumina>> EXTRACHECK
>> VERSION 1.5.7
>> LOADGAME darklumina sexynickel101
darklumina>> QUERYTABLES 1
darklumina>> EXTRACHECK
