
>> VERSION 2.0.8>> 0.0624s
DarkJaxyChan>> LOADGAME DarkJaxyChan ilikemilk>> 1.6536s
DarkJaxyChan>> TABLEQUERY 1>> 0.0312s
DarkJaxyChan>> EXTRACHECK>> 0.0312s
DarkJaxyChan>> PING>> 0.0468s
DarkJaxyChan>> PING>> 0.0312s
DarkJaxyChan>> CHAT arrrrrrrrrrrrrrrrrrrrrrrr>> 0.1404s
DarkJaxyChan>> CHAT this is my server now>> 0.1248s
>> VERSION 2.0.8>> 0.0624s
>> LOADGAME SunDragon 480888>> 0.3276s
DarkJaxyChan>> PING>> 0.0312s
>> VERSION 2.0.8>> 0.0624s
>> LOADGAME SunDragon 480888>> 0.1248s
>> VERSION 2.0.8>> 0.035s
>> LOADGAME SunDragon 480888>> 0.135s
DarkJaxyChan>> PING>> 0.026s
>> VERSION 2.0.8>> 0.033s
darklumina>> LOADGAME darklumina pantyraid13>> 0.612s
darklumina>> TABLEQUERY 1>> 0.031s
darklumina>> EXTRACHECK>> 0.027s
darklumina>> PING>> 0.0312s
DarkJaxyChan>> PING>> 0.0312s
>> VERSION 2.0.8>> 0.0312s
>> LOADGAME SunDragon 480888>> 0.1248s
>> VERSION 2.0.8>> 0.037s
>> LOADGAME sundragon 480888>> 0.377s
darklumina>> PING>> 0.027s
DarkJaxyChan>> PING>> 0.031s
DarkJaxyChan>> CHAT /whois lumiissexy>> 0.222s
>> VERSION 2.0.8>> 0.045s
SunDragon>> LOADGAME SunDragon lumiissexy>> 0.409s
SunDragon>> TABLEQUERY 1>> 0.027s
SunDragon>> EXTRACHECK>> 0.026s
SunDragon>> CHAT ....>> 0.179s
darklumina>> PING>> 0.035s
DarkJaxyChan>> PING>> 0.027s
SunDragon>> PING>> 0.027s
DarkJaxyChan>> CHAT TURBo ANYONE!!!!!!!!!!!!!!!!!!!>> 0.166s
darklumina>> >> 0s
darklumina>> AWAY 0>> 0.633s
SunDragon>> TABLECREATE2 OMNITT_RANDOM 5>> 0.21s
DarkJaxyChan>> TABLEJOIN 1>> 0.675s
SunDragon>> CHANGERULE OTT OMNITT_PLAYER 7>> 0.148s
DarkJaxyChan>> GAMEREADY>> 0.265s
SunDragon>> GAMEREADY>> 0.088s
SunDragon>> CHALLENGECHATS los>> 0.086s
DarkJaxyChan>> GAMEREADY>> 0.894s
SunDragon>> OTTPLACEAT 0>> 0.493s
DarkJaxyChan>> OTTPLACEAT 1>> 0.297s
darklumina>> PING>> 0.029s
DarkJaxyChan>> PING>> 0.028s
SunDragon>> OTTPLACEAT 2>> 1.564s
SunDragon>> PING>> 0.039s
DarkJaxyChan>> OTTPLACEAT 3>> 0.265s
SunDragon>> OTTPLACEAT 4>> 0.243s
DarkJaxyChan>> OTTPLACEAT 5>> 0.186s
SunDragon>> OTTPLACEAT 7>> 0.315s
DarkJaxyChan>> OTTPLACEAT 8>> 0.349s
SunDragon>> OTTPLACEAT 9>> 0.208s
DarkJaxyChan>> OTTPLACEAT 10>> 0.265s
SunDragon>> OTTPLACEAT 11>> 0.308s
DarkJaxyChan>> OTTPLACEAT 12>> 0.431s
SunDragon>> OTTPLACEAT 13>> 0.984s
DarkJaxyChan>> OTTPLACEAT 18>> 0.349s
SunDragon>> OTTPLACEAT 19>> 0.314s
DarkJaxyChan>> OTTPLACEAT 20>> 0.26s
SunDragon>> OTTPLACEAT 22>> 0.256s
DarkJaxyChan>> OTTPLACEAT 23>> 0.981s
DarkJaxyChan>> CHAT WTF>> 0.163s
SunDragon>> CHAT XD>> 0.154s
DarkJaxyChan>> CHAT i quit>> 0.117s
DarkJaxyChan>> CHAT lmao>> 0.198s
SunDragon>> CHAT <Warning> You did not earn gold, active points, or experience because you and your opponent played too fast. Turbo play is no longer rewarded. 17:26:12>> 0.121s
SunDragon>> CHAT me, too XD>> 0.163s
DarkJaxyChan>> CHAT turbo is gonna die>> 0.163s
SunDragon>> CHAT hehehe>> 0.184s
darklumina>> PING>> 0.03s
DarkJaxyChan>> PING>> 0.029s
SunDragon>> PING>> 0.026s
SunDragon>> WEBSERVICE>> 0.028s
DarkJaxyChan>> WEBSERVICE>> 0.029s
SunDragon>> CHAT card shop doesn't work>> 0.148s
darklumina>> PING>> 0.029s
SunDragon>> PING>> 0.026s
SunDragon>> ADMINLOGIN 78547841>> 0.185s
DarkJaxyChan>> WEBSERVICE>> 0.028s
DarkJaxyChan>> PING>> 0.026s
DarkJaxyChan>> CHAT you broke it sunny>> 0.152s
SunDragon>> WEBSERVICE>> 0.044s
SunDragon>> ADMINSILENCEPLAYER DarkJaxyChan jaxsparrow <r0x my ass0x>>> 0.336s
SunDragon>> CHAT XD>> 0.123s
SunDragon>> CHAT nice guild, jaxy>> 0.125s
DarkJaxyChan>> WEBSERVICE>> 0.042s
darklumina>> PING>> 0.029s
DarkJaxyChan>> PING>> 0.026s
SunDragon>> PING>> 0.026s
DarkJaxyChan>> CHAT <3>> 0.123s
DarkJaxyChan>> RANDOM 1 100>> 0.096s
DarkJaxyChan>> RANDOM 1 100>> 0.053s
DarkJaxyChan>> RANDOM 1 100>> 0.057s
DarkJaxyChan>> RANDOM 1 100>> 0.098s
DarkJaxyChan>> RANDOM 1 100>> 0.053s
SunDragon>> RANDOM 1 100>> 0.099s
DarkJaxyChan>> PANDORAGUESS 10 10 10 10>> 0.476s
SunDragon>> CHAT hax!!!>> 0.139s
SunDragon>> CHAT jax hax!>> 0.15s
SunDragon>> CHAT jax hax axe XD>> 0.156s
darklumina>> PING>> 0.037s
DarkJaxyChan>> WEBSERVICE>> 0.026s
SunDragon>> PING>> 0.031s
DarkJaxyChan>> PING>> 0.029s
DarkJaxyChan>> RANDOM 1 100>> 0.056s
DarkJaxyChan>> CHAT /auction sunny butt!!!>> 0.165s
DarkJaxyChan>> WEBSERVICE>> 0.036s
darklumina>> PING>> 0.026s
DarkJaxyChan>> PING>> 0.027s
SunDragon>> PING>> 0.026s
DarkJaxyChan>> RANDOM 6 69>> 0.101s
DarkJaxyChan>> CHAT xD>> 0.112s
DarkJaxyChan>> TABLECREATE>> 0.22s
SunDragon>> RANDOM 1 100>> 0.095s
SunDragon>> TABLEJOIN 1>> 0.642s
DarkJaxyChan>> WEBSERVICE>> 0.028s
SunDragon>> CHALLENGECHATS ja?>> 0.072s
DarkJaxyChan>> CHALLENGECHATS /kick 2>> 0.177s
darklumina>> PING>> 0.026s
DarkJaxyChan>> PING>> 0.026s
SunDragon>> PING>> 0.026s
SunDragon>> CHAT hahaha >>>> 1.114s
darklumina>> CHAT yugioh is on :)>> 0.176s
SunDragon>> CHAT OO>> 0.146s
SunDragon>> TABLEJOIN 1>> 0.599s
SunDragon>> GAMEREADY>> 0.09s
DarkJaxyChan>> CHALLENGECHATS /kick 2>> 0.168s
SunDragon>> CHAT /me wants to watch it>> 0.151s
DarkJaxyChan>> CHAT hmm>> 0.111s
darklumina>> PING>> 0.026s
DarkJaxyChan>> PING>> 0.026s
SunDragon>> PING>> 0.026s
DarkJaxyChan>> CHAT sunny hsould get rid of silence>> 0.122s
SunDragon>> TABLEJOIN 1>> 0.658s
SunDragon>> GAMEREADY>> 0.084s
DarkJaxyChan>> CHALLENGECHATS /kick 2>> 0.191s
darklumina>> CHAT double duel series.. they are advertising it as if itll be the last time itll ever be on tv (as they say)>> 0.194s
SunDragon>> CHAT oki..that's enough, jaxy>> 0.128s
DarkJaxyChan>> CHAT oki>> 0.187s
DarkJaxyChan>> TABLECLOSE>> 0.144s
DarkJaxyChan>> CHAT cant select rules>> 0.162s
SunDragon>> CHAT they just wanna have more viewers>> 0.159s
SunDragon>> TABLECREATE>> 0.208s
darklumina>> PING>> 0.029s
DarkJaxyChan>> PING>> 0.031s
SunDragon>> WEBSERVICE>> 0.029s
SunDragon>> PING>> 0.026s
DarkJaxyChan>> CHAT 26 and still watches pokemone and yugioh>> 0.168s
SunDragon>> CHAT could not retrieve data>> 0.155s
darklumina>> CHAT im 25.. and i dont watch pokemon>> 0.236s
darklumina>> TABLECREATE>> 0.248s
DarkJaxyChan>> CHAT pika pika>> 0.12s
DarkJaxyChan>> CHAT xD>> 0.181s
darklumina>> WEBSERVICE>> 0.029s
SunDragon>> WEBSERVICE>> 0.027s
darklumina>> PING>> 0.029s
DarkJaxyChan>> PING>> 0.027s
SunDragon>> PING>> 0.032s
darklumina>> TABLECLOSE>> 0.325s
DarkJaxyChan>> TABLECREATE4>> 0.155s
SunDragon>> CHAT shame on you jaxy>> 0.162s
DarkJaxyChan>> TEAM_CLOSE>> 0.063s
DarkJaxyChan>> CHAT =/>> 0.178s
SunDragon>> CHAT you even don't know how old lumi is ><>> 0.318s
DarkJaxyChan>> CHAT he was always 1 year older>> 0.17s
SunDragon>> TABLECLOSE>> 0.133s
SunDragon>> CHAT you're 24>> 0.128s
SunDragon>> CHAT + 1 = 25 for me>> 0.162s
DarkJaxyChan>> CHAT naw im 25>> 0.172s
SunDragon>> CHAT since when? OO>> 0.169s
darklumina>> PING>> 0.028s
DarkJaxyChan>> PING>> 0.027s
SunDragon>> PING>> 0.026s
DarkJaxyChan>> CHAT april>> 0.152s
SunDragon>> CHAT ohhh....kk...old geezer>> 0.122s
SunDragon>> CHAT XD>> 0.193s
DarkJaxyChan>> CHAT youre 20+ already>> 0.129s
DarkJaxyChan>> CHAT youre getting old too>> 0.164s
SunDragon>> CHAT 21 =P>> 0.119s
>> VERSION 2.0.8>> 0.046s
>> LOADGAME SunDragon lumiissexy>> 0.113s
>> VERSION 2.0.8>> 0.243s
>> LOADGAME DarkJaxyChan ilikemilk>> 0.101s
>> VERSION 2.0.8>> 0.033s
>> LOADGAME darklumina pantyraid13>> 0.137s
>> VERSION 2.0.8>> 0.043s
darklumina>> LOADGAME darklumina pantyraid13>> 0.572s
darklumina>> TABLEQUERY 1>> 0.042s
darklumina>> EXTRACHECK>> 0.026s
>> VERSION 2.0.8>> 0.036s
DarkJaxyChan>> LOADGAME DarkJaxyChan ilikemilk>> 0.325s
DarkJaxyChan>> TABLEQUERY 1>> 0.026s
DarkJaxyChan>> EXTRACHECK>> 0.029s
darklumina>> PING>> 0.033s
DarkJaxyChan>> PING>> 0.03s
darklumina>> PING>> 0.036s
DarkJaxyChan>> WEBSERVICE>> 0.031s
DarkJaxyChan>> PING>> 0.026s
>> VERSION 2.0.8>> 0.05s
SunDragon>> LOADGAME SunDragon lumiissexy>> 0.318s
SunDragon>> TABLEQUERY 1>> 0.026s
SunDragon>> EXTRACHECK>> 0.03s
darklumina>> PING>> 0.059s
SunDragon>> PING>> 0.028s
DarkJaxyChan>> WEBSERVICE>> 0.052s
DarkJaxyChan>> PING>> 0.026s
darklumina>> WEBSERVICE>> 0.031s
SunDragon>> WEBSERVICE>> 0.049s
darklumina>> PING>> 0.081s
SunDragon>> PING>> 0.027s
DarkJaxyChan>> WEBSERVICE>> 0.063s
DarkJaxyChan>> PING>> 0.028s
SunDragon>> CHAT /shout Anyone for turbo????>> 0.488s
SunDragon>> TABLECREATE MEMORY>> 0.25s
SunDragon>> TABLECLOSE>> 0.279s
SunDragon>> TABLECREATE2 OMNITT_RANDOM 5>> 0.202s
SunDragon>> GAMEREADY>> 0.104s
DarkJaxyChan>> CHAT TURBo ME PLZ!!!!!!!!!!!!!!!!!!!!!!!!!!!>> 0.353s
DarkJaxyChan>> TABLEJOIN 1>> 0.523s
DarkJaxyChan>> GAMEREADY>> 0.769s
SunDragon>> OTTPLACEAT 0>> 0.507s
DarkJaxyChan>> OTTPLACEAT 1>> 1.155s
SunDragon>> OTTPLACEAT 2>> 0.287s
DarkJaxyChan>> OTTPLACEAT 3>> 0.374s
SunDragon>> OTTPLACEAT 4>> 0.275s
DarkJaxyChan>> OTTPLACEAT 5>> 0.838s
SunDragon>> OTTPLACEAT 6>> 0.318s
darklumina>> PING>> 0.028s
DarkJaxyChan>> PING>> 0.029s
SunDragon>> PING>> 0.026s
DarkJaxyChan>> OTTPLACEAT 7>> 0.235s
SunDragon>> OTTPLACEAT 9>> 0.209s
DarkJaxyChan>> OTTPLACEAT 10>> 0.253s
SunDragon>> OTTPLACEAT 11>> 0.39s
DarkJaxyChan>> OTTPLACEAT 12>> 0.383s
darklumina>> WEBSERVICE>> 0.04s
SunDragon>> OTTPLACEAT 13>> 0.321s
DarkJaxyChan>> OTTPLACEAT 14>> 0.397s
SunDragon>> OTTPLACEAT 15>> 0.211s
DarkJaxyChan>> OTTPLACEAT 18>> 0.268s
SunDragon>> OTTPLACEAT 19>> 0.322s
darklumina>> CARDPACK Elders%20Invention>> 0.988s
DarkJaxyChan>> OTTPLACEAT 20>> 1.298s
SunDragon>> OTTPLACEAT 21>> 0.354s
DarkJaxyChan>> OTTPLACEAT 24>> 1.183s
DarkJaxyChan>> CHAT wtf>> 0.227s
SunDragon>> CHAT OP>> 0.177s
SunDragon>> CHAT OO>> 0.116s
DarkJaxyChan>> CHAT why dont i get exp anymore?>> 0.165s
SunDragon>> CHAT noo...a bug!>> 0.165s
DarkJaxyChan>> CHAT admin!!! fix that>> 0.175s
SunDragon>> CHAT stupidgame>> 0.169s
darklumina>> CHAT piss off>> 0.034s
SunDragon>> CHAT XD>> 0.132s
darklumina>> >> 0s
darklumina>> PING>> 0.48s
DarkJaxyChan>> PING>> 0.031s
SunDragon>> PING>> 0.027s
SunDragon>> CHAT filter avoid>> 0.17s
SunDragon>> CHAT banplz>> 0.202s
SunDragon>> CHAT XD>> 0.194s
darklumina>> CARDPACK Apostels%20Pleasure>> 0.566s
darklumina>> CARDPACK Pandemoniums%20Paradox>> 0.598s
darklumina>> CARDPACK Vampires%20Coffin>> 0.573s
SunDragon>> CHAT I love this anti-turbo>> 0.153s
darklumina>> CARDPACK The%20Crusades>> 0.771s
SunDragon>> CHAT /me pats lumi>> 0.127s
darklumina>> PING>> 0.036s
DarkJaxyChan>> PING>> 0.047s
SunDragon>> PING>> 0.026s
DarkJaxyChan>> CHAT lets see who gets hate mails for that>> 0.143s
SunDragon>> CHAT XD>> 0.202s
DarkJaxyChan>> CHAT i would close tickets for 1 week>> 0.157s
SunDragon>> CHAT looool>> 0.161s
SunDragon>> CHAT no..better not>> 0.158s
SunDragon>> CHAT we could make a best-of-hatred mails-thread>> 0.17s
SunDragon>> CHAT XD>> 0.165s
darklumina>> PING>> 0.026s
SunDragon>> PING>> 0.026s
darklumina>> WEBSERVICE>> 0.029s
darklumina>> WEBSERVICE>> 0.035s
DarkJaxyChan>> WEBSERVICE>> 0.038s
DarkJaxyChan>> PING>> 0.035s
darklumina>> WEBSERVICE>> 0.052s
darklumina>> PING>> 0.032s
DarkJaxyChan>> PING>> 0.026s
SunDragon>> PING>> 0.026s
darklumina>> PING>> 0.041s
DarkJaxyChan>> PING>> 0.028s
SunDragon>> WEBSERVICE>> 0.033s
SunDragon>> PING>> 0.027s
SunDragon>> WEBSERVICE>> 0.034s
SunDragon>> CHAT <Problem> SunDragon does not have a player record on file or there is a problem obtaining it. Please try again later. 17:49:38>> 0.186s
SunDragon>> CHAT T_T>> 0.195s
darklumina>> PING>> 0.041s
DarkJaxyChan>> PING>> 0.033s
SunDragon>> PING>> 0.026s
darklumina>> PING>> 0.036s
DarkJaxyChan>> PING>> 0.028s
SunDragon>> PING>> 0.032s
SunDragon>> TABLECREATE2 OMNITT_RANDOM 5>> 0.2s
SunDragon>> GAMEREADY>> 0.08s
darklumina>> PING>> 0.062s
DarkJaxyChan>> PING>> 0.03s
SunDragon>> PING>> 0.028s
darklumina>> PING>> 0.034s
DarkJaxyChan>> PING>> 0.027s
SunDragon>> PING>> 0.026s
darklumina>> WEBSERVICE>> 0.031s
darklumina>> WEBSERVICE>> 0.03s
darklumina>> ALTERNATESET 60>> 0.2s
darklumina>> WEBSERVICE>> 0.034s
darklumina>> ALTERNATESET 60>> 0.181s
>> QUIT 0 1>> 0.486s
>> QUIT 0 1>> 0.235s
SunDragon>> PING>> 0.047s
SunDragon>> CHAT hello?>> 0.123s
SunDragon>> CHAT hmm..let's have fun, bots>> 0.119s
SunDragon>> PING>> 0.028s
SunDragon>> CHAT >>>> 0.136s
SunDragon>> CHAT <<>> 0.189s
SunDragon>> CHAT bye>> 0.108s
SunDragon>> CHAT see ya>> 0.119s
SunDragon>> CHAT lalala>> 0.113s
SunDragon>> CHAT lalala>> 0.133s
>> VERSION 2.0.9>> 0.071s
>> >> 0s
>> VERSION 2.0.9>> 0.19s
>> VERSION 2.0.9>> 0.042s
>> VERSION 2.0.9>> 0.033s
darklumina>> LOADGAME darklumina pantyraid13>> 0.695s
darklumina>> EXTRACHECK>> 0.058s
darklumina>> PING>> 0.027s
>> VERSION 2.0.9>> 0.033s
DarkJaxyChan>> LOADGAME DarkJaxyChan ilikemilk>> 0.337s
DarkJaxyChan>> TABLEQUERY 1>> 0.026s
DarkJaxyChan>> EXTRACHECK>> 0.027s
darklumina>> TABLECREATE>> 0.179s
darklumina>> WEBSERVICE>> 0.026s
DarkJaxyChan>> TABLEJOIN 1>> 1.803s
darklumina>> PING>> 0.03s
DarkJaxyChan>> PING>> 0.042s
darklumina>> CHANGERULE 0 1 1 0 0 0 0 0 0 0 0 0 0 0 0 0 0 0 0 0 0 0 0 0 0 0 0 1 0 0 0 0 0 0 0 0 0 0 0 0@@Triple%20Triad@@ Anime Anime2 CC Crusade FF7 FF9 FFAC FFT FFX KingdomHearts Nintendo Sega Standard Suikoden2 XenoTrigger>> 0.253s
DarkJaxyChan>> GAMEREADY>> 0.066s
darklumina>> GAMEREADY>> 0.704s
DarkJaxyChan>> TT_PLACEAT 6 2>> 0.561s
darklumina>> TT_PLACEAT 7 4>> 0.556s
DarkJaxyChan>> TT_PLACEAT 8 0>> 0.171s
darklumina>> TT_PLACEAT 3 3>> 0.209s
DarkJaxyChan>> TT_PLACEAT 1 1>> 0.129s
darklumina>> TT_PLACEAT 0 0>> 0.223s
DarkJaxyChan>> TT_PLACEAT 4 3>> 0.15s
darklumina>> TT_PLACEAT 2 1>> 0.149s
DarkJaxyChan>> TT_PLACEAT 5 4>> 1.274s
darklumina>> PING>> 0.028s
DarkJaxyChan>> PING>> 0.026s
darklumina>> CHAT sec>> 0.158s
DarkJaxyChan>> CHAT k>> 0.136s
>> VERSION 2.0.9>> 0.051s
darklumina>> LOADGAME darklumina pantyraid13>> 1.866s
darklumina>> EXTRACHECK>> 0.061s
>> VERSION 2.0.9>> 0.045s
>> LOADGAME darkajxychan ilikemilk>> 0.389s
darklumina>> PING>> 0.037s
>> VERSION 2.0.9>> 0.046s
DarkJaxyChan>> LOADGAME DarkJaxyChan ilikemilk>> 0.329s
DarkJaxyChan>> TABLEQUERY 1>> 0.027s
DarkJaxyChan>> EXTRACHECK>> 0.026s
darklumina>> TABLECREATE>> 0.194s
darklumina>> PING>> 0.027s
DarkJaxyChan>> PING>> 0.035s
darklumina>> WEBSERVICE>> 0.028s
DarkJaxyChan>> TABLEJOIN 1>> 0.625s
darklumina>> CHANGERULE 0 1 1 0 0 0 0 0 0 0 0 0 0 0 0 0 0 0 0 0 0 0 0 0 0 0 0 1 0 0 0 0 0 0 0 0 0 0 0 0@@Triple%20Triad@@ Anime Anime2 CC Crusade FF7 FF9 FFAC FFT FFX KingdomHearts Nintendo Sega Standard Suikoden2 XenoTrigger>> 0.238s
DarkJaxyChan>> GAMEREADY>> 0.129s
darklumina>> GAMEREADY>> 0.716s
DarkJaxyChan>> TT_PLACEAT 0 1>> 0.497s
darklumina>> TT_PLACEAT 3 1>> 0.164s
DarkJaxyChan>> TT_PLACEAT 8 0>> 0.214s
darklumina>> PING>> 0.026s
DarkJaxyChan>> PING>> 0.027s
darklumina>> TT_PLACEAT 2 3>> 0.213s
DarkJaxyChan>> TT_PLACEAT 6 2>> 0.15s
darklumina>> TT_PLACEAT 1 2>> 0.194s
DarkJaxyChan>> TT_PLACEAT 7 3>> 0.127s
darklumina>> TT_PLACEAT 4 4>> 0.149s
DarkJaxyChan>> TT_PLACEAT 5 4>> 1.268s
darklumina>> CHAT 7 gold, 5 ap>> 0.173s
darklumina>> PING>> 0.029s
DarkJaxyChan>> PING>> 0.026s
darklumina>> TABLECREATE>> 0.151s
darklumina>> WEBSERVICE>> 0.032s
darklumina>> CHANGERULE 0 1 1 0 0 0 0 0 0 0 0 0 0 0 0 0 0 0 0 0 0 0 0 0 0 0 0 1 0 0 0 0 0 0 0 0 0 0 0 0@@Triple%20Triad@@ Anime Anime2 CC Crusade FF7 FF9 FFAC FFT FFX KingdomHearts Nintendo Sega Standard Suikoden2 XenoTrigger>> 0.182s
DarkJaxyChan>> TABLEJOIN 1>> 0.53s
DarkJaxyChan>> GAMEREADY>> 0.097s
darklumina>> GAMEREADY>> 0.535s
darklumina>> PING>> 0.032s
DarkJaxyChan>> PING>> 0.026s
darklumina>> TT_PLACEAT 7 4>> 0.649s
DarkJaxyChan>> TT_PLACEAT 1 2>> 0.221s
darklumina>> TT_PLACEAT 0 0>> 0.162s
DarkJaxyChan>> TT_PLACEAT 4 0>> 0.213s
darklumina>> TT_PLACEAT 3 1>> 0.185s
DarkJaxyChan>> TT_PLACEAT 6 3>> 0.136s
darklumina>> TT_PLACEAT 8 3>> 0.316s
DarkJaxyChan>> TT_PLACEAT 5 1>> 0.196s
darklumina>> >> 0s
darklumina>> PING>> 13.718s
DarkJaxyChan>> PING>> 0.032s
>> VERSION 2.0.9>> 0.044s
darklumina>> LOADGAME darklumina pantyraid13>> 0.57s
darklumina>> EXTRACHECK>> 0.067s
>> VERSION 2.0.9>> 0.045s
DarkJaxyChan>> LOADGAME DarkJaxyChan ilikemilk>> 0.298s
DarkJaxyChan>> TABLEQUERY 1>> 0.026s
DarkJaxyChan>> EXTRACHECK>> 0.026s
darklumina>> PING>> 0.037s
DarkJaxyChan>> PING>> 0.028s
darklumina>> TABLECREATE>> 0.17s
DarkJaxyChan>> TABLEJOIN 1>> 0.73s
darklumina>> WEBSERVICE>> 0.027s
darklumina>> CHANGERULE 0 1 1 0 0 0 0 0 0 0 0 0 0 0 0 0 0 0 0 0 0 0 0 0 0 0 0 1 0 0 0 0 0 0 0 0 0 0 0 0@@Triple%20Triad@@ Anime Anime2 CC Crusade FF7 FF9 FFAC FFT FFX KingdomHearts Nintendo Sega Standard Suikoden2 XenoTrigger>> 0.276s
darklumina>> PING>> 0.028s
DarkJaxyChan>> PING>> 0.027s
DarkJaxyChan>> GAMEREADY>> 0.076s
darklumina>> GAMEREADY>> 0.8s
DarkJaxyChan>> TT_PLACEAT 4 0>> 0.511s
darklumina>> TT_PLACEAT 3 4>> 0.208s
DarkJaxyChan>> TT_PLACEAT 5 1>> 0.217s
darklumina>> TT_PLACEAT 2 2>> 0.203s
DarkJaxyChan>> TT_PLACEAT 7 2>> 0.208s
darklumina>> TT_PLACEAT 0 1>> 0.207s
darklumina>> PING>> 0.029s
DarkJaxyChan>> PING>> 0.027s
DarkJaxyChan>> TT_PLACEAT 8 3>> 0.194s
darklumina>> TT_PLACEAT 1 3>> 0.219s
DarkJaxyChan>> TT_PLACEAT 6 4>> 2.011s
DarkJaxyChan>> CHAT woha gold msg>> 0.186s
darklumina>> PING>> 0.03s
DarkJaxyChan>> PING>> 0.026s
darklumina>> TABLECREATE>> 0.164s
darklumina>> WEBSERVICE>> 0.027s
darklumina>> CHANGERULE 0 1 1 0 0 0 0 0 0 0 0 0 0 0 0 0 0 0 0 0 0 0 0 0 0 0 0 0 0 0 0 0 0 0 0 0 0 0 0 0@@Triple%20Triad@@ Anime Anime2 CC Crusade FF7 FF9 FFAC FFT FFX KingdomHearts Nintendo Sega Standard Suikoden2 XenoTrigger>> 0.164s
darklumina>> PING>> 0.032s
DarkJaxyChan>> PING>> 0.026s
DarkJaxyChan>> TABLEJOIN 1>> 0.675s
DarkJaxyChan>> GAMEREADY>> 0.058s
darklumina>> GAMEREADY>> 0.889s
darklumina>> TT_PLACEAT 0 4>> 0.179s
DarkJaxyChan>> TT_PLACEAT 1 0>> 0.212s
darklumina>> TT_PLACEAT 6 1>> 0.176s
DarkJaxyChan>> TT_PLACEAT 8 2>> 0.212s
darklumina>> TT_PLACEAT 7 0>> 0.256s
DarkJaxyChan>> TT_PLACEAT 3 3>> 0.351s
darklumina>> TT_PLACEAT 4 3>> 0.205s
DarkJaxyChan>> TT_PLACEAT 5 4>> 0.142s
darklumina>> PING>> 0.029s
DarkJaxyChan>> PING>> 0.026s
darklumina>> TT_PLACEAT 2 2>> 1.269s
darklumina>> TABLECREATE2 OMNITT_RANDOM 5>> 0.164s
DarkJaxyChan>> TABLEJOIN 1>> 0.65s
DarkJaxyChan>> GAMEREADY>> 0.102s
darklumina>> GAMEREADY>> 0.682s
DarkJaxyChan>> OTTPLACEAT 0>> 0.384s
darklumina>> OTTPLACEAT 5>> 0.394s
DarkJaxyChan>> OTTPLACEAT 6>> 0.38s
DarkJaxyChan>> PING>> 0.026s
darklumina>> PING>> 0.026s
darklumina>> OTTPLACEAT 10>> 0.222s
DarkJaxyChan>> OTTPLACEAT 7>> 0.294s
darklumina>> OTTPLACEAT 12>> 0.409s
DarkJaxyChan>> OTTPLACEAT 2>> 0.354s
darklumina>> OTTPLACEAT 24>> 0.272s
DarkJaxyChan>> OTTPLACEAT 15>> 0.324s
darklumina>> OTTPLACEAT 20>> 0.296s
DarkJaxyChan>> OTTPLACEAT 3>> 0.293s
darklumina>> OTTPLACEAT 16>> 0.284s
DarkJaxyChan>> OTTPLACEAT 8>> 0.6s
darklumina>> OTTPLACEAT 14>> 0.328s
darklumina>> PING>> 0.027s
DarkJaxyChan>> PING>> 0.026s
DarkJaxyChan>> OTTPLACEAT 9>> 0.297s
darklumina>> OTTPLACEAT 23>> 0.311s
DarkJaxyChan>> OTTPLACEAT 21>> 0.876s
>> VERSION 2.0.9>> 0.046s
PaKeLiKa>> LOADGAME PaKeLiKa tifa17>> 0.607s
PaKeLiKa>> TABLEQUERY 1>> 0.034s
PaKeLiKa>> EXTRACHECK>> 0.026s
darklumina>> OTTCARDDISCARD>> 0.126s
darklumina>> OTTPLACEAT 22>> 0.604s
DarkJaxyChan>> OTTPLACEAT 17>> 0.809s
PaKeLiKa>> CHAT heh alliance>> 0.149s
darklumina>> OTTPLACEAT 18>> 1.339s
darklumina>> PING>> 0.029s
DarkJaxyChan>> PING>> 0.026s
PaKeLiKa>> PING>> 0.026s
darklumina>> CHAT no exp.. 1 sec>> 0.185s
DarkJaxyChan>> CHAT no ap either>> 0.169s
PaKeLiKa>> CHAT i have a million AP, beauty>> 0.178s
darklumina>> PING>> 0.029s
DarkJaxyChan>> PING>> 0.026s
PaKeLiKa>> PING>> 0.026s
darklumina>> PING>> 0.033s
DarkJaxyChan>> PING>> 0.027s
PaKeLiKa>> PING>> 0.026s
darklumina>> PING>> 0.037s
DarkJaxyChan>> PING>> 0.03s
PaKeLiKa>> PING>> 0.027s
PaKeLiKa>> CHAT bunny chick eh>> 0.18s
darklumina>> PING>> 0.033s
DarkJaxyChan>> PING>> 0.032s
PaKeLiKa>> WEBSERVICE>> 0.026s
PaKeLiKa>> PING>> 0.03s
darklumina>> PING>> 0.029s
DarkJaxyChan>> PING>> 0.028s
PaKeLiKa>> PING>> 0.026s
darklumina>> PING>> 0.029s
DarkJaxyChan>> PING>> 0.026s
PaKeLiKa>> PING>> 0.027s
darklumina>> PING>> 0.026s
DarkJaxyChan>> PING>> 0.026s
PaKeLiKa>> PING>> 0.026s
darklumina>> PING>> 0.029s
DarkJaxyChan>> PING>> 0.029s
PaKeLiKa>> PING>> 0.026s
darklumina>> PING>> 0.029s
DarkJaxyChan>> PING>> 0.026s
PaKeLiKa>> PING>> 0.026s
darklumina>> >> 0s
darklumina>> AWAY 1>> 0.287s
DarkJaxyChan>> CHAT /me is away.  Reason: Idle>> 0.163s
DarkJaxyChan>> AWAY 1>> 0.027s
darklumina>> PING>> 0.029s
DarkJaxyChan>> PING>> 0.027s
PaKeLiKa>> PING>> 0.026s
darklumina>> PING>> 0.03s
DarkJaxyChan>> PING>> 0.026s
PaKeLiKa>> PING>> 0.029s
>> VERSION 2.0.9>> 0.045s
darklumina>> LOADGAME darklumina pantyraid13>> 0.611s
darklumina>> EXTRACHECK>> 0.059s
darklumina>> PING>> 0.027s
darklumina>> PING>> 0.028s
>> VERSION 2.0.9>> 0.039s
DarkJaxyChan>> LOADGAME DarkJaxyChan ilikemilk>> 0.302s
DarkJaxyChan>> TABLEQUERY 1>> 0.029s
DarkJaxyChan>> EXTRACHECK>> 0.026s
darklumina>> PING>> 0.046s
DarkJaxyChan>> PING>> 0.043s
darklumina>> PING>> 0.036s
DarkJaxyChan>> PING>> 0.036s
darklumina>> PING>> 0.03s
DarkJaxyChan>> PING>> 0.036s
darklumina>> TABLECREATE2 OMNITT_RANDOM 5>> 0.155s
darklumina>> PING>> 0.035s
DarkJaxyChan>> PING>> 0.026s
DarkJaxyChan>> CHAT /me is back.>> 0.121s
DarkJaxyChan>> AWAY 0>> 0.028s
DarkJaxyChan>> TABLEJOIN 1>> 1.03s
darklumina>> GAMEREADY>> 0.104s
DarkJaxyChan>> GAMEREADY>> 0.667s
DarkJaxyChan>> OTTPLACEAT 0>> 0.639s
darklumina>> >> 0s
darklumina>> AWAY 0>> 0.671s
DarkJaxyChan>> OTTPLACEAT 5>> 0.196s
darklumina>> >> 0s
darklumina>> PING>> 1.603s
DarkJaxyChan>> PING>> 0.026s
DarkJaxyChan>> OTTPLACEAT 2>> 0.369s
darklumina>> OTTPLACEAT 7>> 0.241s
DarkJaxyChan>> OTTPLACEAT 3>> 0.256s
darklumina>> OTTPLACEAT 8>> 0.365s
DarkJaxyChan>> OTTPLACEAT 10>> 0.218s
darklumina>> OTTPLACEAT 11>> 1.006s
DarkJaxyChan>> OTTCARDDISCARD>> 0.148s
DarkJaxyChan>> OTTPLACEAT 12>> 1.399s
darklumina>> PING>> 0.042s
DarkJaxyChan>> PING>> 0.026s
darklumina>> OTTPLACEAT 13>> 0.284s
DarkJaxyChan>> OTTPLACEAT 14>> 0.249s
darklumina>> OTTPLACEAT 16>> 0.322s
DarkJaxyChan>> OTTPLACEAT 17>> 0.251s
darklumina>> OTTPLACEAT 18>> 0.373s
DarkJaxyChan>> OTTPLACEAT 19>> 0.294s
darklumina>> OTTPLACEAT 23>> 0.282s
DarkJaxyChan>> OTTPLACEAT 22>> 0.338s
darklumina>> OTTPLACEAT 21>> 8.264s
DarkJaxyChan>> CHAT wewt>> 0.139s
darklumina>> PING>> 0.028s
DarkJaxyChan>> PING>> 0.026s
darklumina>> PING>> 0.032s
DarkJaxyChan>> PING>> 0.026s
darklumina>> TABLECREATE3>> 0.169s
DarkJaxyChan>> TABLEJOIN 1>> 0.579s
DarkJaxyChan>> GAMEREADY>> 0.104s
darklumina>> GAMEREADY>> 0.775s
DarkJaxyChan>> SBREADY>> 0.087s
darklumina>> SBREADY>> 0.875s
DarkJaxyChan>> SBCOMPLETE 99 99 3 99 8>> 0.611s
darklumina>> SBCOMPLETE 99 2 99 99 1>> 0.611s
DarkJaxyChan>> SBCOMPLETE 99 99 3 99 12>> 0.586s
darklumina>> PING>> 0.036s
DarkJaxyChan>> PING>> 0.041s
DarkJaxyChan>> SBCOMPLETE 99 2 99 99 4>> 0.666s
darklumina>> SBCOMPLETE 99 99 3 99 7>> 0.664s
DarkJaxyChan>> SBCOMPLETE 1 99 99 99 3>> 0.692s
darklumina>> SBCOMPLETE 99 2 99 99 9>> 0.716s
DarkJaxyChan>> SBCOMPLETE 99 2 99 99 10>> 0.606s
DarkJaxyChan>> SBCOMPLETE 1 99 99 99 1>> 0.641s
darklumina>> SBFROZEN>> 0.063s
DarkJaxyChan>> SBFROZEN>> 2.1096s
darklumina>> PING>> 0.061s
DarkJaxyChan>> PING>> 0.026s
darklumina>> PING>> 0.026s
DarkJaxyChan>> PING>> 0.027s
darklumina>> CHAT ah so i did>> 0.149s
darklumina>> TABLECREATE MEMORY>> 0.152s
DarkJaxyChan>> TABLEJOIN 1>> 0.551s
darklumina>> PING>> 0.039s
DarkJaxyChan>> PING>> 0.036s
DarkJaxyChan>> GAMEREADY>> 0.097s
darklumina>> GAMEREADY>> 0.49s
darklumina>> MEMORYSLOT 0 1>> 0.247s
darklumina>> MEMORYSLOT 1 2>> 0.21s
DarkJaxyChan>> MEMORYSLOT 14 1>> 0.102s
DarkJaxyChan>> MEMORYSLOT 8 2>> 0.161s
darklumina>> MEMORYSLOT 0 1>> 0.08s
darklumina>> MEMORYSLOT 18 2>> 0.19s
DarkJaxyChan>> MEMORYSLOT 14 1>> 0.106s
DarkJaxyChan>> MEMORYSLOT 8 2>> 0.173s
darklumina>> MEMORYSLOT 13 1>> 0.088s
darklumina>> MEMORYSLOT 21 2>> 0.155s
DarkJaxyChan>> MEMORYSLOT 15 1>> 0.081s
DarkJaxyChan>> MEMORYSLOT 9 2>> 0.202s
darklumina>> MEMORYSLOT 20 1>> 0.084s
darklumina>> MEMORYSLOT 22 2>> 0.192s
DarkJaxyChan>> MEMORYSLOT 16 1>> 0.08s
DarkJaxyChan>> MEMORYSLOT 10 2>> 0.115s
darklumina>> MEMORYSLOT 11 1>> 0.107s
darklumina>> MEMORYSLOT 0 2>> 0.405s
darklumina>> MEMORYSLOT 5 1>> 0.228s
darklumina>> MEMORYSLOT 21 2>> 0.669s
darklumina>> MEMORYSLOT 23 1>> 0.074s
darklumina>> MEMORYSLOT 10 2>> 0.248s
darklumina>> MEMORYSLOT 3 1>> 0.089s
darklumina>> MEMORYSLOT 20 2>> 0.299s
darklumina>> MEMORYSLOT 2 1>> 0.072s
darklumina>> MEMORYSLOT 14 2>> 0.285s
darklumina>> MEMORYSLOT 7 1>> 0.104s
darklumina>> PING>> 0.039s
DarkJaxyChan>> PING>> 0.027s
darklumina>> MEMORYSLOT 8 2>> 0.142s
DarkJaxyChan>> MEMORYSLOT 17 1>> 0.151s
DarkJaxyChan>> MEMORYSLOT 22 2>> 0.164s
darklumina>> MEMORYSLOT 18 1>> 0.099s
darklumina>> MEMORYSLOT 17 2>> 0.215s
darklumina>> MEMORYSLOT 13 1>> 0.13s
darklumina>> MEMORYSLOT 15 2>> 0.158s
DarkJaxyChan>> MEMORYSLOT 16 1>> 0.098s
DarkJaxyChan>> MEMORYSLOT 9 2>> 0.116s
darklumina>> MEMORYSLOT 22 1>> 0.083s
darklumina>> MEMORYSLOT 9 2>> 0.263s
darklumina>> MEMORYSLOT 6 1>> 0.123s
darklumina>> MEMORYSLOT 8 2>> 0.243s
darklumina>> MEMORYSLOT 12 1>> 0.08s
darklumina>> MEMORYSLOT 4 2>> 0.183s
DarkJaxyChan>> MEMORYSLOT 7 1>> 0.091s
DarkJaxyChan>> MEMORYSLOT 13 2>> 0.173s
darklumina>> MEMORYSLOT 4 1>> 0.074s
darklumina>> MEMORYSLOT 13 2>> 0.23s
darklumina>> MEMORYSLOT 7 1>> 0.086s
darklumina>> MEMORYSLOT 12 2>> 0.247s
darklumina>> MEMORYSLOT 19 1>> 0.094s
darklumina>> MEMORYSLOT 15 2>> 0.349s
darklumina>> MEMORYSLOT 16 1>> 0.085s
darklumina>> MEMORYSLOT 1 2>> 1.462s
darklumina>> CHAT ahahahaha>> 0.15s
darklumina>> PING>> 0.027s
DarkJaxyChan>> PING>> 0.028s
darklumina>> CHAT ok i think its taken care of>> 0.165s
DarkJaxyChan>> CHAT kk>> 0.164s
>> QUIT 0 1>> 0.536s