
>> VERSION 2.0.8>> 0.237s
darklumina>> LOADGAME darklumina pantyraid13>> 0.985s
darklumina>> TABLEQUERY 1>> 0.035s
darklumina>> EXTRACHECK>> 0.027s
>> VERSION 2.0.8>> 0.033s
darklumina2>> LOADGAME darklumina2 pantyraid13>> 0.409s
darklumina2>> EXTRACHECK>> 0.054s
darklumina>> TABLECREATE>> 0.252s
darklumina2>> TABLEJOIN 1>> 0.633s
darklumina2>> GAMEREADY>> 0.126s
darklumina>> GAMEREADY>> 1.844s
darklumina>> PING>> 0.029s
darklumina>> WEBSERVICE>> 0.036s
darklumina2>> WEBSERVICE>> 0.034s
darklumina2>> PING>> 0.027s
>> VERSION 2.0.8>> 0.049s
darklumina>> LOADGAME darklumina pantyraid13>> 0.608s
darklumina>> EXTRACHECK>> 0.057s
darklumina>> TABLECREATE>> 0.369s
darklumina>> WEBSERVICE>> 0.005s
darklumina>> CHANGERULE 0 1 1 0 0 0 0 0 0 0 0 0 0 0 0 0 0 0 0 0 0 0 0 0 0 0 0 0 0 0 0 0 0 0 0 0 0 0 0 0@@Triple%20Triad@@ Anime Anime2 CC FF7 FF9 FFAC FFT FFX KingdomHearts Nintendo Sega Standard Suikoden2 XenoTrigger>> 0.179s
darklumina>> PING>> 0.027s
>> VERSION 2.0.8>> 0.032s
darklumina2>> LOADGAME darklumina2 pantyraid13>> 0.355s
darklumina2>> EXTRACHECK>> 0.068s
darklumina>> PING>> 0.027s
darklumina2>> PING>> 0.032s
darklumina2>> TABLEJOIN 1>> 0.554s
darklumina2>> WEBSERVICE>> 0.027s
darklumina2>> WEBSERVICE>> 0.034s
darklumina2>> GAMEREADY>> 0.135s
darklumina>> GAMEREADY>> 1.128s
darklumina>> >> 0s
darklumina>> AWAY 0>> 0.682s
darklumina2>> TT_PLACEAT 8 3>> 0.154s
darklumina>> TT_PLACEAT 3 2>> 0.173s
darklumina2>> TT_PLACEAT 7 4>> 0.155s
darklumina>> TT_PLACEAT 4 1>> 0.17s
darklumina2>> TT_PLACEAT 5 0>> 0.354s
darklumina>> TT_PLACEAT 0 0>> 0.2s
darklumina2>> TT_PLACEAT 2 2>> 0.15s
darklumina>> TT_PLACEAT 1 3>> 1.4s
darklumina>> PING>> 0.03s
darklumina2>> PING>> 0.038s
darklumina>> PING>> 0.028s
darklumina2>> PING>> 0.027s
darklumina>> PING>> 0.027s
darklumina2>> PING>> 0.04s
darklumina2>> PING>> 0.026s
darklumina>> PING>> 0.026s
darklumina>> PING>> 0.029s
darklumina2>> PING>> 0.026s
darklumina>> PING>> 0.032s
darklumina2>> PING>> 0.026s
darklumina>> PING>> 0.036s
darklumina2>> PING>> 0.028s
darklumina>> PING>> 0.029s
darklumina2>> PING>> 0.029s
>> VERSION 2.0.8>> 0.05s
darklumina>> LOADGAME darklumina pantyraid13>> 1.001s
darklumina>> TABLEQUERY 1>> 0.057s
darklumina>> EXTRACHECK>> 0.026s
darklumina>> PING>> 0.029s
darklumina>> PING>> 0.049s
darklumina>> PING>> 0.026s
darklumina>> PING>> 0.03s
>> VERSION 2.0.8>> 0.035s
>> LOADGAME DarkJaxyChan ilikebaboon>> 0.277s
darklumina>> PING>> 0.028s
>> VERSION 2.0.8>> 0.032s
>> LOADGAME DarkJaxyChan ilikediablo>> 0.127s
darklumina>> PING>> 0.032s
>> VERSION 2.0.8>> 0.044s
>> LOADGAME DarkJaxyChan jaxsparrow>> 0.128s
>> VERSION 2.0.8>> 0.033s
DarkJaxyChan>> LOADGAME DarkJaxyChan ilikemilk>> 0.383s
DarkJaxyChan>> TABLEQUERY 1>> 0.026s
DarkJaxyChan>> EXTRACHECK>> 0.026s
DarkJaxyChan>> CHAT hah!>> 0.153s
darklumina>> CHAT ;p>> 0.163s
darklumina>> PING>> 0.031s
DarkJaxyChan>> PING>> 0.026s
darklumina>> CHAT lets try tt>> 0.169s
DarkJaxyChan>> CHAT TURBO Ne1>> 0.146s
darklumina>> TABLECREATE>> 0.179s
darklumina>> WEBSERVICE>> 0.034s
DarkJaxyChan>> TABLEJOIN 1>> 0.984s
darklumina>> CHANGERULE 0 1 1 0 0 0 0 0 0 0 0 0 0 0 0 0 0 0 0 0 0 0 0 0 0 0 0 0 0 0 0 0 0 0 0 0 0 0 0 0@@Triple%20Triad@@ Anime Anime2 CC FF7 FF9 FFAC FFT FFX KingdomHearts Nintendo Sega Standard Suikoden2 XenoTrigger>> 0.851s
DarkJaxyChan>> CHAT turbo tt?>> 0.136s
darklumina>> GAMEREADY>> 0.598s
DarkJaxyChan>> GAMEREADY>> 0.703s
darklumina>> TT_PLACEAT 0 0>> 0.661s
DarkJaxyChan>> TT_PLACEAT 1 0>> 0.236s
darklumina>> TT_PLACEAT 3 1>> 0.219s
DarkJaxyChan>> TT_PLACEAT 4 1>> 0.284s
darklumina>> TT_PLACEAT 7 2>> 0.278s
DarkJaxyChan>> TT_PLACEAT 6 2>> 0.313s
darklumina>> TT_PLACEAT 8 3>> 0.335s
DarkJaxyChan>> TT_PLACEAT 5 3>> 0.302s
darklumina>> TT_PLACEAT 2 4>> 0.891s
darklumina>> PING>> 0.03s
DarkJaxyChan>> PING>> 0.026s
darklumina>> CHAT lets try that again.. need to see why i get double msgs>> 0.17s
DarkJaxyChan>> CHAT if got 2 warnings>> 0.152s
DarkJaxyChan>> CHAT oki>> 0.115s
darklumina>> TABLECREATE2 OMNITT_RANDOM 5>> 0.205s
DarkJaxyChan>> CHAT i like no lag here>> 0.161s
darklumina>> CHANGERULE OTT OMNITT_RANDOM 7>> 0.189s
DarkJaxyChan>> CHAT i will play here forever>> 0.115s
DarkJaxyChan>> TABLEJOIN 1>> 0.724s
DarkJaxyChan>> GAMEREADY>> 0.086s
darklumina>> GAMEREADY>> 0.755s
DarkJaxyChan>> OTTPLACEAT 0>> 0.377s
darklumina>> OTTPLACEAT 1>> 0.304s
DarkJaxyChan>> OTTPLACEAT 3>> 0.297s
darklumina>> OTTPLACEAT 5>> 0.333s
DarkJaxyChan>> OTTPLACEAT 6>> 0.478s
darklumina>> OTTPLACEAT 7>> 0.269s
DarkJaxyChan>> OTTPLACEAT 9>> 0.2s
darklumina>> PING>> 0.027s
DarkJaxyChan>> PING>> 0.027s
darklumina>> OTTPLACEAT 12>> 0.224s
DarkJaxyChan>> OTTPLACEAT 11>> 0.41s
darklumina>> OTTPLACEAT 10>> 0.254s
DarkJaxyChan>> OTTPLACEAT 14>> 0.358s
darklumina>> OTTPLACEAT 16>> 0.292s
DarkJaxyChan>> OTTPLACEAT 15>> 0.341s
darklumina>> OTTPLACEAT 21>> 0.254s
DarkJaxyChan>> OTTPLACEAT 19>> 0.303s
darklumina>> OTTPLACEAT 22>> 0.256s
DarkJaxyChan>> OTTPLACEAT 18>> 0.353s
darklumina>> OTTPLACEAT 23>> 0.864s
DarkJaxyChan>> CHAT muahaha i like this so much>> 0.153s
darklumina>> PING>> 0.028s
DarkJaxyChan>> PING>> 0.027s
darklumina>> CHAT one moment>> 0.432s
DarkJaxyChan>> CHAT oki>> 0.155s
darklumina>> PING>> 0.036s
DarkJaxyChan>> PING>> 0.026s
darklumina>> PING>> 0.026s
DarkJaxyChan>> PING>> 0.026s
darklumina>> CHAT lag will be less>> 0.17s
darklumina>> PING>> 0.029s
DarkJaxyChan>> PING>> 0.026s
DarkJaxyChan>> CHAT good =)>> 0.15s
darklumina>> PING>> 0.029s
DarkJaxyChan>> PING>> 0.027s
darklumina>> PING>> 0.034s
DarkJaxyChan>> PING>> 0.026s
darklumina>> TABLECREATE>> 0.169s
darklumina>> WEBSERVICE>> 0.028s
DarkJaxyChan>> TABLEJOIN 1>> 0.782s
darklumina>> CHANGERULE 0 1 1 0 0 0 0 0 0 0 0 0 0 0 0 0 0 0 0 0 0 0 0 0 0 0 0 0 0 0 0 0 0 0 0 0 0 0 0 0@@Triple%20Triad@@ Anime Anime2 CC FF7 FF9 FFAC FFT FFX KingdomHearts Nintendo Sega Standard Suikoden2 XenoTrigger>> 0.19s
darklumina>> GAMEREADY>> 0.113s
DarkJaxyChan>> GAMEREADY>> 0.618s
darklumina>> TT_PLACEAT 6 2>> 0.764s
DarkJaxyChan>> TT_PLACEAT 7 0>> 0.554s
darklumina>> TT_PLACEAT 8 1>> 0.204s
DarkJaxyChan>> TT_PLACEAT 0 1>> 0.237s
darklumina>> TT_PLACEAT 3 0>> 0.216s
DarkJaxyChan>> TT_PLACEAT 4 3>> 0.314s
darklumina>> TT_PLACEAT 5 3>> 0.344s
darklumina>> PING>> 0.03s
DarkJaxyChan>> PING>> 0.028s
DarkJaxyChan>> TT_PLACEAT 1 4>> 0.204s
darklumina>> >> 0s
darklumina>> PING>> 136.775s
DarkJaxyChan>> PING>> 0.028s
darklumina>> CHAT hmm>> 0.225s
darklumina>> CHAT double on draws>> 0.213s
>> VERSION 2.0.8>> 0.043s
DarkJaxyChan>> LOADGAME DarkJaxyChan ilikemilk>> 0.545s
DarkJaxyChan>> TABLEQUERY 1>> 0.03s
DarkJaxyChan>> EXTRACHECK>> 0.027s
>> VERSION 2.0.8>> 0.04s
darklumina>> LOADGAME darklumina pantyraid13>> 0.495s
darklumina>> EXTRACHECK>> 0.059s
DarkJaxyChan>> CHAT haha nub>> 0.156s
darklumina>> TABLECREATE>> 0.203s
DarkJaxyChan>> TABLEJOIN 1>> 0.802s
darklumina>> WEBSERVICE>> 0.028s
darklumina>> CHANGERULE 0 1 1 0 0 0 0 0 0 0 0 0 0 0 0 0 0 0 0 0 0 0 0 0 0 0 0 0 0 0 0 0 0 0 0 0 0 0 0 0@@Triple%20Triad@@ Anime Anime2 CC FF7 FF9 FFAC FFT FFX KingdomHearts Nintendo Sega Standard Suikoden2 XenoTrigger>> 0.256s
DarkJaxyChan>> GAMEREADY>> 0.101s
darklumina>> GAMEREADY>> 0.717s
DarkJaxyChan>> TT_PLACEAT 1 3>> 0.545s
darklumina>> TT_PLACEAT 0 2>> 0.339s
darklumina>> PING>> 0.03s
DarkJaxyChan>> PING>> 0.028s
DarkJaxyChan>> TT_PLACEAT 2 1>> 0.239s
darklumina>> TT_PLACEAT 4 0>> 0.223s
DarkJaxyChan>> TT_PLACEAT 7 2>> 0.204s
darklumina>> TT_PLACEAT 8 1>> 0.602s
darklumina>> GAMECHAT ~@*~*pi pi>> 0.048s
DarkJaxyChan>> TT_PLACEAT 5 0>> 0.429s
darklumina>> TT_PLACEAT 3 3>> 0.296s
DarkJaxyChan>> TT_PLACEAT 6 4>> 6.566s
darklumina>> TABLECREATE MEMORY>> 0.197s
DarkJaxyChan>> TABLEJOIN 1>> 0.723s
darklumina>> PING>> 0.026s
DarkJaxyChan>> PING>> 0.028s
DarkJaxyChan>> GAMEREADY>> 0.134s
darklumina>> GAMEREADY>> 0.488s
darklumina>> MEMORYSLOT 0 1>> 0.236s
darklumina>> MEMORYSLOT 1 2>> 0.21s
DarkJaxyChan>> MEMORYSLOT 18 1>> 0.106s
DarkJaxyChan>> MEMORYSLOT 0 2>> 0.138s
darklumina>> MEMORYSLOT 6 1>> 0.081s
darklumina>> MEMORYSLOT 18 2>> 0.307s
darklumina>> MEMORYSLOT 12 1>> 0.082s
darklumina>> MEMORYSLOT 1 2>> 0.175s
DarkJaxyChan>> MEMORYSLOT 19 1>> 0.104s
DarkJaxyChan>> MEMORYSLOT 12 2>> 0.161s
darklumina>> MEMORYSLOT 7 1>> 0.084s
darklumina>> MEMORYSLOT 19 2>> 0.177s
DarkJaxyChan>> MEMORYSLOT 23 1>> 0.085s
DarkJaxyChan>> MEMORYSLOT 19 2>> 0.316s
DarkJaxyChan>> MEMORYSLOT 22 1>> 0.089s
DarkJaxyChan>> MEMORYSLOT 13 2>> 0.201s
darklumina>> MEMORYSLOT 1 1>> 0.072s
darklumina>> MEMORYSLOT 4 2>> 0.198s
DarkJaxyChan>> MEMORYSLOT 5 1>> 0.084s
DarkJaxyChan>> MEMORYSLOT 13 2>> 0.207s
DarkJaxyChan>> MEMORYSLOT 17 1>> 0.081s
DarkJaxyChan>> MEMORYSLOT 7 2>> 0.675s
DarkJaxyChan>> MEMORYSLOT 11 1>> 0.083s
DarkJaxyChan>> MEMORYSLOT 0 2>> 0.194s
darklumina>> MEMORYSLOT 9 1>> 0.083s
darklumina>> MEMORYSLOT 10 2>> 0.302s
darklumina>> PING>> 0.026s
DarkJaxyChan>> PING>> 0.026s
darklumina>> MEMORYSLOT 15 1>> 0.373s
darklumina>> MEMORYSLOT 14 2>> 0.364s
darklumina>> MEMORYSLOT 16 1>> 0.08s
darklumina>> MEMORYSLOT 11 2>> 0.364s
darklumina>> MEMORYSLOT 21 1>> 0.073s
darklumina>> MEMORYSLOT 8 2>> 1.114s
DarkJaxyChan>> MEMORYSLOT 4 1>> 0.095s
DarkJaxyChan>> MEMORYSLOT 21 2>> 0.244s
DarkJaxyChan>> MEMORYSLOT 20 1>> 0.076s
DarkJaxyChan>> MEMORYSLOT 8 2>> 0.182s
darklumina>> MEMORYSLOT 12 1>> 0.081s
darklumina>> MEMORYSLOT 8 2>> 0.21s
darklumina>> MEMORYSLOT 2 1>> 0.075s
darklumina>> MEMORYSLOT 0 2>> 0.341s
darklumina>> MEMORYSLOT 3 1>> 0.093s
darklumina>> MEMORYSLOT 1 2>> 0.314s
darklumina>> MEMORYSLOT 22 1>> 0.10s
darklumina>> MEMORYSLOT 20 2>> 0.937s
darklumina>> CHAT ill take that out of TTM.. cant really turbo TTM>> 0.177s
DarkJaxyChan>> CHAT well TT too>> 0.118s
darklumina>> PING>> 0.026s
DarkJaxyChan>> PING>> 0.026s
DarkJaxyChan>> CHAT never saw this latley>> 0.144s
darklumina>> CHAT huh?>> 0.167s
darklumina>> CHAT yea u can turbo tt>> 0.141s
DarkJaxyChan>> CHAT or reduce it for TT for 1 minute>> 0.171s
darklumina>> TABLECREATE>> 0.182s
DarkJaxyChan>> CHAT well i never saw one turbo in TT>> 0.14s
DarkJaxyChan>> TABLEJOIN 1>> 0.541s
darklumina>> PING>> 0.029s
DarkJaxyChan>> PING>> 0.028s
DarkJaxyChan>> CHAT but they prolly will now>> 0.14s
darklumina>> WEBSERVICE>> 0.061s
darklumina>> CHANGERULE 0 1 1 0 0 0 0 0 0 0 0 0 0 0 0 0 0 0 0 0 0 0 0 0 0 0 0 0 0 0 0 0 0 0 0 0 0 0 0 0@@Triple%20Triad@@ Anime Anime2 CC FF7 FF9 FFAC FFT FFX KingdomHearts Nintendo Sega Standard Suikoden2 XenoTrigger>> 0.223s
DarkJaxyChan>> GAMEREADY>> 0.055s
darklumina>> GAMEREADY>> 0.507s
DarkJaxyChan>> TT_PLACEAT 7 0>> 0.127s
darklumina>> TT_PLACEAT 8 4>> 0.291s
DarkJaxyChan>> TT_PLACEAT 6 1>> 0.284s
darklumina>> TT_PLACEAT 3 2>> 0.294s
DarkJaxyChan>> TT_PLACEAT 0 3>> 0.356s
darklumina>> TT_PLACEAT 1 0>> 0.204s
DarkJaxyChan>> TT_PLACEAT 2 4>> 0.22s
darklumina>> TT_PLACEAT 4 1>> 0.206s
DarkJaxyChan>> TT_PLACEAT 5 2>> 0.834s
darklumina>> PING>> 0.03s
DarkJaxyChan>> PING>> 0.027s
darklumina>> CHAT well thats not good>> 0.157s
DarkJaxyChan>> CHAT iChidori says, " good news! lol i just submitted my power user thingy " >> 0.152s
DarkJaxyChan>> CHAT but that is good>> 0.127s
darklumina>> TABLECREATE>> 0.186s
darklumina>> WEBSERVICE>> 0.027s
DarkJaxyChan>> TABLEJOIN 1>> 0.614s
DarkJaxyChan>> GAMEREADY>> 0.06s
DarkJaxyChan>> GAMEREADY>> 0.065s
darklumina>> CHANGERULE 0 1 1 0 0 0 0 0 0 0 0 0 0 0 0 0 0 0 0 0 0 0 0 0 0 0 0 0 0 0 0 0 0 0 0 0 0 0 0 0@@Triple%20Triad@@ Anime Anime2 CC FF7 FF9 FFAC FFT FFX KingdomHearts Nintendo Sega Standard Suikoden2 XenoTrigger>> 0.387s
darklumina>> GAMEREADY>> 0.479s
DarkJaxyChan>> TT_PLACEAT 4 3>> 0.211s
darklumina>> TT_PLACEAT 5 1>> 0.283s
DarkJaxyChan>> TT_PLACEAT 3 0>> 0.209s
darklumina>> PING>> 0.033s
DarkJaxyChan>> PING>> 0.027s
darklumina>> TT_PLACEAT 2 0>> 0.164s
DarkJaxyChan>> TT_PLACEAT 8 1>> 0.22s
darklumina>> TT_PLACEAT 1 2>> 0.23s
DarkJaxyChan>> TT_PLACEAT 0 4>> 0.818s
darklumina>> TT_PLACEAT 7 3>> 0.222s
>> VERSION 2.0.8>> 0.049s
DarkJaxyChan>> LOADGAME DarkJaxyChan ilikemilk>> 0.631s
DarkJaxyChan>> TABLEQUERY 1>> 0.047s
DarkJaxyChan>> EXTRACHECK>> 0.047s
DarkJaxyChan>> PING>> 0.03s
>> VERSION 2.0.8>> 0.046s
darklumina>> LOADGAME darklumina pantyraid13>> 0.428s
darklumina>> TABLEQUERY 1>> 0.031s
darklumina>> EXTRACHECK>> 0.027s
darklumina>> PING>> 0.033s
DarkJaxyChan>> PING>> 0.033s
darklumina>> TABLECREATE>> 0.18s
DarkJaxyChan>> TABLEJOIN 1>> 0.748s
darklumina>> WEBSERVICE>> 0.04s
darklumina>> CHANGERULE 0 1 1 0 0 0 0 0 0 0 0 0 0 0 0 0 0 0 0 0 0 0 0 0 0 0 0 0 0 0 0 0 0 0 0 0 0 0 0 0@@Triple%20Triad@@ Anime Anime2 CC FF7 FF9 FFAC FFT FFX KingdomHearts Nintendo Sega Standard Suikoden2 XenoTrigger>> 0.247s
DarkJaxyChan>> GAMEREADY>> 0.083s
darklumina>> GAMEREADY>> 0.734s
darklumina>> TT_PLACEAT 8 4>> 0.404s
DarkJaxyChan>> TT_PLACEAT 1 1>> 0.246s
darklumina>> TT_PLACEAT 3 2>> 0.147s
DarkJaxyChan>> TT_PLACEAT 6 4>> 0.387s
darklumina>> TT_PLACEAT 0 0>> 0.252s
DarkJaxyChan>> TT_PLACEAT 2 0>> 0.218s
darklumina>> TT_PLACEAT 5 1>> 0.229s
DarkJaxyChan>> TT_PLACEAT 4 2>> 0.345s
DarkJaxyChan>> PING>> 0.028s
darklumina>> >> 0s
darklumina>> PING>> 23.01s
darklumina>> CHAT brb>> 0.188s
>> QUIT 0 1>> 0.565s
DarkJaxyChan>> CHAT k>> 0.129s
>> VERSION 2.0.8>> 0.079s
darklumina>> LOADGAME darklumina pantyraid13>> 0.594s
darklumina>> EXTRACHECK>> 0.06s
darklumina>> PING>> 0.057s
darklumina>> WEBSERVICE>> 0.03s
darklumina>> WEBSERVICE>> 0.027s
darklumina>> PING>> 0.029s
darklumina>> PING>> 0.026s
darklumina>> PING>> 0.026s
darklumina>> PING>> 0.03s
darklumina>> PING>> 0.058s
darklumina>> PING>> 0.043s
darklumina>> PING>> 0.028s
darklumina>> WEBSERVICE>> 0.029s
darklumina>> WEBSERVICE>> 0.029s
darklumina>> ABNEWDECK Crusade>> 0.654s
darklumina>> WEBSERVICE>> 0.03s
darklumina>> WEBSERVICE>> 0.037s
darklumina>> PING>> 0.029s
darklumina>> PING>> 0.032s
darklumina>> >> 0s
darklumina>> AWAY 1>> 0.454s
darklumina>> PING>> 0.036s
darklumina>> PING>> 0.027s
darklumina>> PING>> 0.029s
darklumina>> PING>> 0.029s
darklumina>> WEBSERVICE>> 0.029s
darklumina>> WEBSERVICE>> 0.027s
>> QUIT 0 1>> 0.446s