
>> VERSION 2.0.9>> 0.07s
darklumina>> LOADGAME darklumina pantyraid13>> 1.068s
darklumina>> TABLEQUERY 1>> 0.031s
darklumina>> EXTRACHECK>> 0.027s
darklumina>> PING>> 0.034s
darklumina>> PING>> 0.027s
>> VERSION 2.0.9>> 0.065s
darklumina>> LOADGAME darklumina pantyraid13>> 0.65s
darklumina>> TABLEQUERY 1>> 0.03s
darklumina>> EXTRACHECK>> 0.037s
darklumina>> TABLECREATE>> 0.18s
darklumina>> PING>> 0.036s
darklumina>> WEBSERVICE>> 0.046s
darklumina>> >> 0s
darklumina>> PING>> 129.564s
darklumina>> PING>> 0.036s
darklumina>> WEBSERVICE>> 0.03s
darklumina>> PING>> 0.037s
darklumina>> >> 0s
darklumina>> PING>> 34.546s
darklumina>> WEBSERVICE>> 0.029s
darklumina>> >> 0s
darklumina>> PING>> 38.297s
darklumina>> WEBSERVICE>> 0.077s
darklumina>> CHANGERULE 0 0 1 0 0 0 0 0 0 0 0 0 0 0 0 0 0 0 0 1 0 0 0 0 0 0 0 0 0 0 0 0 0 1 0 0 0 0 0 0@@Triple%20Triad@@ Anime Anime2 CC Crusade FF7 FF9 FFAC FFT FFX KingdomHearts Nintendo Sega Standard Suikoden2 XenoTrigger>> 20.638s
darklumina>> WEBSERVICE>> 0.036s
darklumina>> >> 0s
darklumina>> >> 0s
darklumina>> >> 0s
darklumina>> AWAY 1>> 184.239s
darklumina>> WEBSERVICE>> 0.026s
darklumina>> PING>> 0.029s
darklumina>> >> 0s
darklumina>> WEBSERVICE>> 36.398s
darklumina>> PING>> 0.029s
darklumina>> PING>> 0.035s
darklumina>> PING>> 0.03s
darklumina>> PING>> 0.036s
darklumina>> CHANGERULE 1 1 1 0 0 0 0 0 1 1 0 0 0 0 0 1 0 1 0 1 0 0 0 0 0 0 0 0 0 0 0 0 0 1 0 0 0 0 0 0@@Triple%20Triad@@ Anime Anime2 CC Crusade FF7 FF9 FFAC FFT FFX KingdomHearts Nintendo Sega Standard Suikoden2 XenoTrigger>> 24.941s
darklumina>> WEBSERVICE>> 0.027s
darklumina>> PING>> 0.026s
darklumina>> CHANGERULE 0 1 1 0 0 0 0 0 1 1 0 0 0 0 0 1 0 1 1 0 1 0 0 0 1 0 0 0 0 0 0 0 0 0 0 0 0 0 0 1@@Triple%20Triad@@ Anime Anime2 CC Crusade FF7 FF9 FFAC FFT FFX KingdomHearts Nintendo Sega Standard Suikoden2 XenoTrigger>> 8.415s
darklumina>> WEBSERVICE>> 0.026s
darklumina>> PING>> 0.026s
darklumina>> CHANGERULE 0 1 1 0 0 1 7 0 1 1 0 0 0 0 0 0 0 1 0 0 0 0 0 0 0 0 0 1 0 0 0 0 0 0 0 0 0 0 0 0@@Triple%20Triad@@ Anime Anime2 CC Crusade FF7 FF9 FFAC FFT FFX KingdomHearts Nintendo Sega Standard Suikoden2 XenoTrigger>> 25.223s
darklumina>> WEBSERVICE>> 0.029s
>> VERSION 2.0.9>> 0.04s
darklumina>> LOADGAME darklumina pantyraid13>> 0.607s
darklumina>> TABLEQUERY 1>> 0.037s
darklumina>> EXTRACHECK>> 0.034s
darklumina>> WEBSERVICE>> 0.027s
darklumina>> WEBSERVICE>> 0.027s
darklumina>> WEBSERVICE>> 0.028s
darklumina>> PING>> 0.027s
darklumina>> PING>> 0.028s
darklumina>> PING>> 0.028s
darklumina>> WEBSERVICE>> 0.027s
darklumina>> WEBSERVICE>> 0.027s
darklumina>> TOURNAMENTCREATE Test%20Tournament Double%20Elimination AP 600 OTT Random/5>> 0.498s
darklumina>> PING>> 0.041s
>> VERSION 2.0.9>> 0.038s
darklumina>> LOADGAME darklumina pantyraid13>> 0.969s
darklumina>> TABLEQUERY 1>> 0.033s
darklumina>> EXTRACHECK>> 0.037s
darklumina>> PING>> 0.026s
>> VERSION 2.0.9>> 0.028s
darklumina>> LOADGAME darklumina pantyraid13>> 0.346s
darklumina>> TABLEQUERY 1>> 0.033s
darklumina>> EXTRACHECK>> 0.036s
darklumina>> WEBSERVICE>> 0.026s
darklumina>> PING>> 0.028s
>> QUIT 0 1>> 0.276s