
>> VERSION 2.0.9>> 0.029s
darklumina>> LOADGAME darklumina pantyraid13>> 0.619s
darklumina>> TABLEQUERY 1>> 0.029s
darklumina>> EXTRACHECK>> 0.033s
darklumina>> WEBSERVICE>> 0.026s
darklumina>> WEBSERVICE>> 0.028s
darklumina>> PING>> 0.033s
darklumina>> PING>> 0.044s
darklumina>> PING>> 0.033s
>> QUIT 0 1>> 0.334s
>> VERSION 2.0.9>> 0.064s
darklumina>> LOADGAME darklumina pantyraid13>> 0.238s
darklumina>> TABLEQUERY 1>> 0.027s
darklumina>> EXTRACHECK>> 0.029s
darklumina>> PING>> 0.029s
darklumina>> WEBSERVICE>> 0.027s
darklumina>> WEBSERVICE>> 0.027s
>> QUIT 0 1>> 0.24s
>> VERSION 2.0.9>> 0.063s
darklumina>> LOADGAME darklumina pantyraid13>> 1.034s
darklumina>> TABLEQUERY 1>> 0.033s
darklumina>> EXTRACHECK>> 0.031s
darklumina>> WEBSERVICE>> 0.027s
darklumina>> WEBSERVICE>> 0.027s
darklumina>> WEBSERVICE>> 0.027s
darklumina>> PING>> 0.026s
darklumina>> WEBSERVICE>> 0.035s
darklumina>> WEBSERVICE>> 0.04s
darklumina>> PING>> 0.026s
>> VERSION 2.0.9>> 0.084s
darklumina>> LOADGAME darklumina pantyraid13>> 0.603s
darklumina>> TABLEQUERY 1>> 0.045s
darklumina>> EXTRACHECK>> 0.037s
darklumina>> WEBSERVICE>> 0.031s
darklumina>> WEBSERVICE>> 0.029s
darklumina>> WEBSERVICE>> 0.028s
darklumina>> WEBSERVICE>> 0.031s
darklumina>> PING>> 0.044s
>> VERSION 2.0.9>> 0.048s
darklumina>> LOADGAME darklumina pantyraid13>> 0.585s
darklumina>> TABLEQUERY 1>> 0.034s
darklumina>> EXTRACHECK>> 0.031s
darklumina>> WEBSERVICE>> 0.029s
darklumina>> WEBSERVICE>> 0.03s
darklumina>> WEBSERVICE>> 0.029s
darklumina>> WEBSERVICE>> 0.046s
darklumina>> WEBSERVICE>> 0.027s