
>> VERSION 2.0.9>> 0.052s
darklumina>> LOADGAME darklumina pantyraid13>> 0.944s
darklumina>> EXTRACHECK>> 0.059s
darklumina>> PING>> 0.029s
darklumina>> PING>> 0.032s
darklumina>> PING>> 0.032s
darklumina>> PING>> 0.029s
darklumina>> PING>> 0.033s
darklumina>> PING>> 0.038s
darklumina>> PING>> 0.029s
darklumina>> PING>> 0.03s
darklumina>> WEBSERVICE>> 0.034s
darklumina>> WEBSERVICE>> 0.034s
darklumina>> PING>> 0.029s
darklumina>> PING>> 0.028s
darklumina>> >> 0s
darklumina>> AWAY 1>> 0.221s
darklumina>> PING>> 0.027s
darklumina>> PING>> 0.028s
darklumina>> PING>> 0.028s
darklumina>> PING>> 0.029s
darklumina>> PING>> 0.049s
darklumina>> PING>> 0.029s
darklumina>> PING>> 0.028s
darklumina>> PING>> 0.028s
darklumina>> WEBSERVICE>> 0.026s
darklumina>> WEBSERVICE>> 0.042s
darklumina>> PING>> 0.033s
>> >> 0sDECRYPTION ERROR: >> -10-4-12-10-5-9-10-5-4-10-5-11-43-38131911131814131819131812

>> Error decrypting string>> 0.432s
darklumina>> LOADGAME darklumina pantyraid13>> 0.355s
>> VERSION 2.0.9>> 0.045s
darklumina>> LOADGAME darklumina pantyraid13>> 0.345s
darklumina>> TABLEQUERY 1>> 0.029s
darklumina>> EXTRACHECK>> 0.033s
darklumina>> PING>> 0.028s
darklumina>> WEBSERVICE>> 0.032s
darklumina>> WEBSERVICE>> 0.028s
>> VERSION 2.0.9>> 0.035s
darklumina>> LOADGAME darklumina pantyraid13>> 0.265s
darklumina>> TABLEQUERY 1>> 0.03s
darklumina>> EXTRACHECK>> 0.034s
darklumina>> PING>> 0.026s
darklumina>> WEBSERVICE>> 0.027s
darklumina>> WEBSERVICE>> 0.031s
darklumina>> PING>> 0.029s
darklumina>> WEBSERVICE>> 0.027s
darklumina>> PING>> 0.03s
darklumina>> WEBSERVICE>> 0.044s
darklumina>> PING>> 0.031s
>> VERSION 2.0.9>> 0.028s
darklumina>> LOADGAME darklumina pantyraid13>> 0.288s
darklumina>> TABLEQUERY 1>> 0.029s
darklumina>> EXTRACHECK>> 0.031s
darklumina>> WEBSERVICE>> 0.027s
darklumina>> WEBSERVICE>> 0.043s
>> QUIT 0 1>> 0.375s