>> VERSION 1.5.7
>> LOADGAME darklumina pantyraid13
>> VERSION 1.5.7
>> LOADGAME darklumina sexynickel101
darklumina>> QUERYTABLES 1
darklumina>> EXTRACHECK
darklumina>> ABNEWDECK FF7
darklumina>> ABNEWDECK FF7
>> VERSION 1.5.7
>> LOADGAME darklumina sexynickel101
darklumina>> QUERYTABLES 1
darklumina>> EXTRACHECK
>> VERSION 1.5.7
>> LOADGAME darklumina2 sexynickel101
darklumina2>> QUERYTABLES 1
darklumina2>> EXTRACHECK
darklumina>> CREATETABLE CHINCHIN
darklumina>> TREASUREHUNTER
darklumina>> TREASUREHUNTER
darklumina>> TREASUREHUNTER
darklumina>> TREASUREHUNTER
darklumina>> PING
darklumina2>> PING
darklumina>> TREASUREHUNTER
darklumina>> TREASUREHUNTER
darklumina>> TREASUREHUNTER
darklumina>> TREASUREHUNTER
darklumina>> TABLECLOSE
darklumina2>> ABNEWDECK FF7
darklumina>> PING
darklumina2>> PING
darklumina>> CHAT /me is away.  Reason: Idle
darklumina>> AWAY 1
darklumina>> PING
darklumina2>> PING
darklumina2>> CHAT /me is away.  Reason: Idle
darklumina2>> AWAY 1
darklumina>> PING
darklumina2>> PING
darklumina>> CREATETABLE  TRADE@@Trade
darklumina2>> JOINTABLE 1
darklumina2>> CHAT /me is back.
darklumina2>> AWAY 0
darklumina2>> CHAT /me is back.
darklumina2>> AWAY 0
darklumina>> CLOSETABLE
darklumina>> CREATETABLE  TRADE@@Trade
darklumina2>> JOINTABLE 1
darklumina2>> TRADESEND Angry%20Bomb
darklumina>> TRADEGPADD 300
darklumina>> TRADEFINISHED 1
darklumina2>> TRADEFINISHED 1
darklumina>> CHAT /me is back.
darklumina>> AWAY 0
darklumina>> PING
darklumina2>> PING
darklumina>> PING
darklumina2>> PING
darklumina>> PING
darklumina2>> PING
darklumina>> PING
darklumina2>> PING
darklumina2>> CREATETABLE  TRADE@@Trade
darklumina>> JOINTABLE 1
darklumina>> TRADEGPADD 300
darklumina>> TRADEFINISHED 1
darklumina2>> TRADESEND Ark%20Dragon
darklumina2>> TRADEFINISHED 1
darklumina>> TRADEFINISHED 0
darklumina>> TRADEFINISHED 1
darklumina>> QUIT 0 1
darklumina2>> QUIT 0 1
