
>> >> 0s
>> VERSION 2.11.2>> 0.4s
>> VERSION 2.11.2>> 0.042s
>> VERSION 2.11.2>> 0.04s
>> LOADGAME atomicstorm pantyraid13>> 0.549s
>> VERSION 2.11.2>> 0.033s
>> LOADGAME atomicstorm pantyraid13>> 0.315s
>> VERSION 2.11.2>> 0.034s
>> LOADGAME atomicstorm pantyraid13>> 0.335s
>> VERSION 2.11.2>> 0.035s
>> LOADGAME atomicstorm pantyraid13>> 0.429s
>> VERSION 2.11.2>> 0.038s
darklumina>> LOADGAME darklumina pantyraid13>> 5.781s
darklumina>> TABLEQUERY 1>> 0.03s
darklumina>> EXTRACHECK>> 0.032s
darklumina>> PING>> 0.027s
darklumina>> WEBSERVICE>> 0.033s
darklumina>> PING>> 0.029s
darklumina>> PING>> 0.032s
darklumina>> PING>> 0.03s
darklumina>> WEBSERVICE>> 0.033s
darklumina>> WEBSERVICE>> 0.03s
darklumina>> PING>> 0.03s
darklumina>> PING>> 0.029s
darklumina>> PING>> 0.031s
darklumina>> PING>> 0.027s
darklumina>> PING>> 0.028s
darklumina>> PING>> 0.028s
darklumina>> >> 0s
darklumina>> AWAY 1>> 0.354s
darklumina>> PING>> 0.031s
darklumina>> WEBSERVICE>> 0.03s
darklumina>> WEBSERVICE>> 0.028s
darklumina>> PING>> 0.027s
darklumina>> PING>> 0.028s
darklumina>> PING>> 0.029s
darklumina>> WEBSERVICE>> 0.029s
darklumina>> WEBSERVICE>> 0.028s
darklumina>> WEBSERVICE>> 0.028s
darklumina>> PING>> 0.028s
darklumina>> PING>> 0.03s
darklumina>> PING>> 0.028s
darklumina>> PING>> 0.029s
darklumina>> PING>> 0.026s
darklumina>> PING>> 0.027s
darklumina>> PING>> 0.028s
darklumina>> PING>> 0.028s
darklumina>> PING>> 0.032s
darklumina>> PING>> 0.029s