
>> VERSION 2.0.9>> 0.092s
darklumina>> LOADGAME darklumina pantyraid13>> 2.04s
darklumina>> TABLEQUERY 1>> 0.067s
darklumina>> EXTRACHECK>> 0.049s
>> VERSION 2.0.9>> 0.038s
>> LOADGAME darklumina pantyraid13>> 0.208s
>> VERSION 2.0.9>> 0.046s
darklumina>> LOADGAME darklumina pantyraid13>> 0.404s
darklumina>> TABLEQUERY 1>> 0.081s
darklumina>> EXTRACHECK>> 0.045s
darklumina>> PING>> 0.048s
darklumina>> >> 0s
darklumina>> AWAY 0>> 0.496s
>> VERSION 2.0.9>> 0.035s
>> LOADGAME darklumina pantyraid13>> 0.213s
>> VERSION 2.0.9>> 0.04s
darklumina>> LOADGAME darklumina pantyraid13>> 0.427s
darklumina>> TABLEQUERY 1>> 0.067s
darklumina>> EXTRACHECK>> 0.055s
darklumina>> PING>> 0.028s
darklumina>> CHAT  >> 0.171s
>> VERSION 2.0.9>> 0.036s
darklumina>> LOADGAME darklumina pantyraid13>> 0.511s
darklumina>> TABLEQUERY 1>> 0.046s
darklumina>> EXTRACHECK>> 0.082s
darklumina>> PING>> 0.085s
darklumina>> WEBSERVICE>> 0.03s
darklumina>> WEBSERVICE>> 0.033s
darklumina>> CHAT  >> 0.173s
darklumina>> ADMINLOGIN 41257448>> 0.407s
darklumina>> WEBSERVICE>> 0.059s
darklumina>> CHAT  >> 0.164s
darklumina>> CHAT  >> 0.202s
darklumina>> PING>> 0.037s
>> QUIT 0 1>> 0.459s
>> VERSION 2.0.9>> 0.071s
darklumina>> LOADGAME darklumina pantyraid13>> 0.95s
darklumina>> TABLEQUERY 1>> 0.142s
darklumina>> EXTRACHECK>> 0.028s
darklumina>> CHAT  >> 0.185s
darklumina>> CHAT  >> 0.196s
darklumina>> PING>> 0.029s
darklumina>> CHAT  >> 0.341s
darklumina>> CHAT  >> 0.165s