
>> VERSION 2.11.3>> 0.084s
>> VERSION 2.11.3>> 0.039s
darklumina>> LOADGAME darklumina pantyraid13>> 5.839s
darklumina>> TABLEQUERY 1>> 0.033s
darklumina>> EXTRACHECK>> 0.027s
darklumina>> PING>> 0.028s
darklumina>> PING>> 0.027s
darklumina>> PING>> 0.027s
darklumina>> PING>> 0.026s
darklumina>> PING>> 0.027s
darklumina>> PING>> 0.028s
darklumina>> PING>> 0.026s
darklumina>> PING>> 0.029s
darklumina>> PING>> 0.029s
darklumina>> PING>> 0.027s
darklumina>> PING>> 0.028s
darklumina>> PING>> 0.03s
darklumina>> PING>> 0.028s
darklumina>> PING>> 0.026s
darklumina>> PING>> 0.028s
darklumina>> PING>> 0.027s
darklumina>> PING>> 0.026s
darklumina>> PING>> 0.026s
darklumina>> PING>> 0.052s
darklumina>> PING>> 0.033s
darklumina>> PING>> 0.027s
darklumina>> PING>> 0.028s
darklumina>> PING>> 0.036s
darklumina>> PING>> 0.026s
darklumina>> PING>> 0.026s
darklumina>> PING>> 0.026s
darklumina>> PING>> 0.028s
darklumina>> PING>> 0.027s
darklumina>> PING>> 0.027s
darklumina>> PING>> 0.03s
darklumina>> PING>> 0.026s
darklumina>> PING>> 0.028s
darklumina>> PING>> 0.028s
darklumina>> PING>> 0.028s
darklumina>> PING>> 0.028s
darklumina>> PING>> 0.031s
darklumina>> PING>> 0.03s
darklumina>> PING>> 0.026s
darklumina>> PING>> 0.027s
darklumina>> PING>> 0.028s
darklumina>> PING>> 0.027s
darklumina>> PING>> 0.027s
darklumina>> PING>> 0.033s
darklumina>> PING>> 0.027s
darklumina>> PING>> 0.027s
darklumina>> PING>> 0.03s
darklumina>> PING>> 0.026s
>> VERSION 2.11.3>> 0.041s
darklumina>> LOADGAME darklumina pantyraid13>> 0.678s
darklumina>> TABLEQUERY 1>> 0.047s
darklumina>> EXTRACHECK>> 0.026s
darklumina>> TABLECREATE>> 0.432s
darklumina>> PING>> 0.027s
darklumina>> WEBSERVICE>> 0.066s
darklumina>> TABLECLOSE>> 0.072s
>> QUIT 0 1>> 0.259s
>> VERSION 2.11.3>> 0.038s
darklumina>> LOADGAME darklumina pantyraid13>> 0.614s
darklumina>> TABLEQUERY 1>> 0.031s
darklumina>> EXTRACHECK>> 0.031s
darklumina>> TABLECREATE>> 0.213s
darklumina>> WEBSERVICE>> 0.028s
darklumina>> CHANGERULE 1 1 1 0 0 0 0 0 1 1 0 0 0 0 0 1 0 1 1 1 1 1 1 0 0 0 0 0 0 0 0 0 0 0 0 0 0 0 0 1@@Triple%20Triad@@ CC Crusade FF6 FF7 FF9 FFAC FFT FFX FFXII FireEmblem KingdomHearts Nintendo NXC Sega Standard Suikoden2>> 0.147s
darklumina>> PING>> 0.031s
darklumina>> TABLECLOSE>> 0.095s
>> QUIT 0 1>> 0.301s