darkRene>> CHAT fts
darklumina>> CHAT pyramid my ass
Phreakazoid>> CHAT who are we gonna crush?
darkRene>> SHOPGET falcontx
MixMastA>> CHAT haha
darklumina>> CHAT mixmasta cause he likes to be on the bottom
MixMastA>> CHAT ashley-bot just likes being on top
MixMastA>> CHAT i really have no preference
kotoku>> CHAT RIGHT
kotoku>> CHAT /me is back.
kotoku>> AWAY 0
kotoku>> CHAT sry caps
falcontx>> SHOPGET falcontx
>> VERSION 1.5.7
Gargo>> SHOPADD Fastitocalon 50
Gargo>> SHOPADD Fastitocalon 50
Felix>> CHAT Did you get it Darky?
Gargo>> SHOPADD Fastitocalon 50
Gargo>> SHOPADD Fastitocalon 50
Gargo>> SHOPADD Fastitocalon 50
Gargo>> SHOPADD Fastitocalon 50
Gargo>> SHOPADD Fastitocalon 50
Gargo>> SHOPADD Fastitocalon 50
darkRene>> CREATETABLE MEMORY
Gargo>> SHOPADD Adamantoise 50
Gargo>> SHOPADD Abyss%20Worm 50
darklumina>> CHAT bit busy atm.. ill look a little later
Gargo>> SHOPADD Snow%20Lion 150
Gargo>> SHOPADD Snow%20Lion 150
Gargo>> SHOPADD Snow%20Lion 150
Gargo>> SHOPADD Snow%20Lion 150
Gargo>> SHOPADD Snow%20Lion 150
>> VERSION 1.5.7
Gargo>> SHOPADD Snow%20Lion 150
Gargo>> SHOPCREATE Gargos%20rock%20%20shop Please,%20feel%20free%20to%20browse%20cards%20I%20am%20offering%20to%20sell%20for%20low%20prices.
darkRene>> PSTATS darkRene
Gargo>> SHOPGET Gargo
hakker>> PING
Felix>> CHAT When you send the thankyou note, send it to my e-mail, ok dark?
ashley-bot>> PING
crab-bot>> PING
esthar-bot>> PING
mirage-bot>> PING
Fallacia>> PING
theRicK>> PING
SgShadow>> PING
brain-bot>> PING
tourny-bot>> PING
rpgtourny-bot>> PING
atomsplit>> PING
darklumina-eye>> PING
Alliance>> PING
ipwnyou>> PING
Gilgamesh>> PING
darklumina>> PING
falcontx>> PING
Boko>> PING
Phreakazoid>> PING
kotoku>> PING
MixMastA>> PING
cbowling>> PING
RobVanDam>> PING
J102Y>> PING
krig>> PING
Omni>> PING
Andrew>> PING
Gargo>> PING
Heaven2Hell>> PING
Kuri>> PING
darkRene>> PING
ICB>> PING
Felix>> PING
mightychump>> PING
Gargo>> SHOPCREATE Gargos%20rock%20%20shop Please,%20feel%20free%20to%20browse%20cards%20I%20am%20offering%20to%20sell%20for%20low%20prices.
darklumina>> CHAT alright guys, see you in about 2 hours
Gargo>> SHOPCREATE Gargos%20rock%20%20shop Please,%20feel%20free%20to%20browse%20cards%20I%20am%20offering%20to%20sell%20for%20low%20prices.
Gargo>> SHOPCREATE Gargos%20rock%20%20shop Please,%20feel%20free%20to%20browse%20cards%20I%20am%20offering%20to%20sell%20for%20low%20prices.
Gargo>> SHOPCREATE Gargos%20rock%20%20shop Please,%20feel%20free%20to%20browse%20cards%20I%20am%20offering%20to%20sell%20for%20low%20prices.
Gargo>> SHOPCREATE Gargos%20rock%20%20shop Please,%20feel%20free%20to%20browse%20cards%20I%20am%20offering%20to%20sell%20for%20low%20prices.
Gargo>> SHOPCREATE Gargos%20rock%20%20shop Please,%20feel%20free%20to%20browse%20cards%20I%20am%20offering%20to%20sell%20for%20low%20prices.
Felix>> CHAT k
>> VERSION 1.5.7
>> VERSION 1.5.8
>> LOADGAME zlef zleffelz1
