>> VERSION 1.5.7
>> LOADGAME darklumina sexynickel101
darklumina>> QUERYTABLES 1
darklumina>> EXTRACHECK
darklumina>> CHAT wee
darklumina>> CHAT :o
darklumina>> PING
darklumina>> QUIT 0 1
>> VERSION 1.5.7
>> LOADGAME darklumina sexynickel101
darklumina>> QUERYTABLES 1
darklumina>> EXTRACHECK
darklumina>> QUIT 0 1
>> VERSION 1.5.7
>> LOADGAME darkjaxychan ilikemilk
darkjaxychan>> QUERYTABLES 1
darkjaxychan>> EXTRACHECK
darkjaxychan>> QUIT 0 1
>> VERSION 1.5.7
>> LOADGAME darklumina sexynickel101
darklumina>> QUERYTABLES 1
darklumina>> EXTRACHECK
darklumina>> QUIT 0 1
>> VERSION 1.5.7
>> LOADGAME darkjaxychan ilikemilk
darkjaxychan>> QUERYTABLES 1
darkjaxychan>> EXTRACHECK
darkjaxychan>> PING
>> VERSION 1.5.7
>> LOADGAME darkjaxychan ilikemilk
darkjaxychan>> QUERYTABLES 1
darkjaxychan>> EXTRACHECK
darkjaxychan>> CHAT :O
darkjaxychan>> CHAT hyay
darkjaxychan>> CHAT fdsafsd
darkjaxychan>> CHAT dscsadc
darkjaxychan>> QUIT 0 1
>> VERSION 1.5.7
>> LOADGAME darklumina sexynickel101
darklumina>> QUERYTABLES 1
darklumina>> EXTRACHECK
darklumina>> GPAPCONV 21861
darklumina>> APGPCONV 267957
darklumina>> QUIT 0 1
>> VERSION 1.5.7
>> LOADGAME darklumina sexynickel101
darklumina>> QUERYTABLES 1
darklumina>> EXTRACHECK
darklumina>> CASHGPCONV 3.25
>> VERSION 1.5.7
>> LOADGAME darklumina sexynickel101
darklumina>> QUERYTABLES 1
darklumina>> EXTRACHECK
darklumina>> CASHGPCONV 3.00
darklumina>> CASHGPCONV $5.7423412342
>> VERSION 1.5.7
>> LOADGAME darklumina sexynickel101
darklumina>> QUERYTABLES 1
darklumina>> EXTRACHECK
darklumina>> CASHGPCONV .74
darklumina>> QUIT 0 1
>> VERSION 1.5.7
>> LOADGAME darklumina sexynickel101
darklumina>> QUERYTABLES 1
darklumina>> EXTRACHECK
darklumina>> PSTATS darklumina
darklumina>> PSTATS darklumina
>> VERSION 1.5.7
>> LOADGAME darklumina sexynickel101
darklumina>> QUERYTABLES 1
darklumina>> EXTRACHECK
darklumina>> PSTATS darklumina
>> VERSION 1.5.7
>> LOADGAME darkjaxychan ilikemilk
darkjaxychan>> QUERYTABLES 1
darkjaxychan>> EXTRACHECK
darklumina>> PSTATS darkjaxychan
darklumina>> QUIT 0 1
darkjaxychan>> PING
>> VERSION 1.5.7
>> LOADGAME darklumina sexynickel101
darklumina>> QUERYTABLES 1
darklumina>> EXTRACHECK
darklumina>> QUIT 0 1
>> VERSION 1.5.7
>> LOADGAME darklumina2 sexynickel101
darklumina2>> QUERYTABLES 1
darklumina2>> EXTRACHECK
darklumina2>> CHAT /me is back.
darklumina2>> AWAY 0
darklumina2>> PSTATS darklumina2
darklumina2>> QUIT 0 1
>> VERSION 1.5.7
>> LOADGAME midnight CyberJ
midnight>> QUERYTABLES 1
midnight>> EXTRACHECK
midnight>> PSTATS midnight
midnight>> QUIT 0 1
