
>> VERSION 2.0.9>> 0.142s
darklumina>> LOADGAME darklumina pantyraid13>> 3.04s
darklumina>> TABLEQUERY 1>> 0.09s
darklumina>> EXTRACHECK>> 0.069s
darklumina>> WEBSERVICE>> 0.03s
>> VERSION 2.0.9>> 0.039s
darklumina>> LOADGAME darklumina pantyraid13>> 0.658s
darklumina>> TABLEQUERY 1>> 0.069s
darklumina>> EXTRACHECK>> 0.055s
darklumina>> PING>> 0.039s
darklumina>> PING>> 0.029s
darklumina>> PING>> 0.032s
darklumina>> PING>> 0.029s
darklumina>> PING>> 0.037s
darklumina>> WEBSERVICE>> 0.03s
darklumina>> WEBSERVICE>> 0.056s
darklumina>> PING>> 0.094s
>> PING>> 0.113s
>> VERSION 2.0.9>> 0.037s
darklumina>> LOADGAME darklumina pantyraid13>> 0.808s
darklumina>> TABLEQUERY 1>> 0.051s
darklumina>> EXTRACHECK>> 0.058s
darklumina>> WEBSERVICE>> 0.05s
darklumina>> WEBSERVICE>> 0.043s
darklumina>> PING>> 0.095s
darklumina>> PING>> 0.058s
darklumina>> WEBSERVICE>> 0.035s
darklumina>> WEBSERVICE>> 0.059s
darklumina>> PING>> 0.034s
darklumina>> WEBSERVICE>> 0.039s
darklumina>> PING>> 0.04s