
>> VERSION 2.0.9>> 0.04s
darklumina>> LOADGAME darklumina pantyraid13>> 0.769s
darklumina>> TABLEQUERY 1>> 0.053s
darklumina>> EXTRACHECK>> 0.038s
darklumina>> WEBSERVICE>> 0.057s
darklumina>> PING>> 0.031s
darklumina>> WEBSERVICE>> 0.034s
>> >> 0s
>> >> 0s
>> PING>> 0.287s
>> QUIT 0 1>> 0.094s
darklumina>> LOADGAME darklumina pantyraid13>> 0.613s
>> VERSION 2.0.9>> 0.034s
darklumina>> LOADGAME darklumina pantyraid13>> 0.529s
darklumina>> TABLEQUERY 1>> 0.046s
darklumina>> EXTRACHECK>> 0.032s
darklumina>> WEBSERVICE>> 0.071s
darklumina>> WEBSERVICE>> 0.04s
darklumina>> PING>> 0.089s
darklumina>> WEBSERVICE>> 0.049s
darklumina>> PING>> 0.084s
darklumina>> PING>> 0.073s
>> VERSION 2.0.9>> 0.038s
darklumina>> LOADGAME darklumina pantyraid13>> 0.548s
darklumina>> TABLEQUERY 1>> 0.045s
darklumina>> EXTRACHECK>> 0.035s
darklumina>> WEBSERVICE>> 0.038s
darklumina>> WEBSERVICE>> 0.032s
darklumina>> WEBSERVICE>> 0.039s
darklumina>> WEBSERVICE>> 0.036s
darklumina>> PING>> 0.059s
darklumina>> WEBSERVICE>> 0.042s
darklumina>> WEBSERVICE>> 0.029s
darklumina>> WEBSERVICE>> 0.036s
darklumina>> WEBSERVICE>> 0.031s
darklumina>> WEBSERVICE>> 0.039s
darklumina>> WEBSERVICE>> 0.033s
darklumina>> WEBSERVICE>> 0.029s
darklumina>> PING>> 0.029s
darklumina>> PING>> 0.033s
darklumina>> PING>> 0.036s
darklumina>> WEBSERVICE>> 0.043s
darklumina>> WEBSERVICE>> 0.03s
darklumina>> WEBSERVICE>> 0.043s
darklumina>> WEBSERVICE>> 0.04s
darklumina>> WEBSERVICE>> 0.031s
darklumina>> WEBSERVICE>> 0.035s
darklumina>> WEBSERVICE>> 0.029s
darklumina>> ALTERNATETRAIN active>> 1.381s
darklumina>> PING>> 0.037s