
>> >> 0s
darklumina>> LOADGAME darklumina pantyraid13>> 2.095s
darklumina>> TABLEQUERY 1>> 0.045s
darklumina>> EXTRACHECK>> 0.029s
darklumina>> WEBSERVICE>> 0.067s
darklumina>> PING>> 0.03s
darklumina>> WEBSERVICE>> 0.034s
darklumina>> WEBSERVICE>> 0.031s
darklumina>> WEBSERVICE>> 0.038s
darklumina>> WEBSERVICE>> 0.029s
darklumina>> WEBSERVICE>> 0.033s
darklumina>> WEBSERVICE>> 0.03s
darklumina>> WEBSERVICE>> 0.03s
darklumina>> VETERANALTERNATETRAIN gold>> 0.029s
>> >> 0s
darklumina>> LOADGAME darklumina pantyraid13>> 1.153s
darklumina>> TABLEQUERY 1>> 0.053s
darklumina>> EXTRACHECK>> 0.034s
darklumina>> WEBSERVICE>> 0.032s
darklumina>> WEBSERVICE>> 0.03s
darklumina>> WEBSERVICE>> 0.037s
darklumina>> WEBSERVICE>> 0.052s
darklumina>> WEBSERVICE>> 0.034s
darklumina>> VETERANALTERNATETRAIN bounty>> 1.086s
darklumina>> WEBSERVICE>> 0.049s
darklumina>> WEBSERVICE>> 0.052s
darklumina>> PING>> 0.029s
>> VERSION 2.0.9>> 0.064s
darklumina>> LOADGAME darklumina pantyraid13>> 0.937s
darklumina>> TABLEQUERY 1>> 0.056s
darklumina>> EXTRACHECK>> 0.033s
darklumina>> WEBSERVICE>> 0.031s
darklumina>> WEBSERVICE>> 0.029s
darklumina>> WEBSERVICE>> 0.04s
darklumina>> WEBSERVICE>> 0.072s
darklumina>> WEBSERVICE>> 0.037s
darklumina>> VETERANALTERNATETRAIN gold>> 0.849s
darklumina>> WEBSERVICE>> 0.041s
darklumina>> WEBSERVICE>> 0.029s
darklumina>> WEBSERVICE>> 0.029s
darklumina>> VETERANALTERNATETRAIN token>> 0.367s
darklumina>> WEBSERVICE>> 0.035s
darklumina>> WEBSERVICE>> 0.036s
darklumina>> PING>> 0.028s
>> VERSION 2.0.9>> 0.065s
darklumina>> LOADGAME darklumina pantyraid13>> 0.958s
darklumina>> TABLEQUERY 1>> 0.063s
darklumina>> EXTRACHECK>> 0.031s
darklumina>> PING>> 0.04s
darklumina>> PING>> 0.027s
darklumina>> WEBSERVICE>> 0.029s
darklumina>> WEBSERVICE>> 0.029s
darklumina>> WEBSERVICE>> 0.033s
darklumina>> WEBSERVICE>> 0.065s
darklumina>> WEBSERVICE>> 0.028s
darklumina>> VETERANALTERNATETRAIN gold>> 0.701s
darklumina>> WEBSERVICE>> 0.031s
darklumina>> WEBSERVICE>> 0.031s
darklumina>> WEBSERVICE>> 0.028s
darklumina>> VETERANALTERNATETRAIN token>> 0.425s
darklumina>> WEBSERVICE>> 0.03s
darklumina>> WEBSERVICE>> 0.029s
darklumina>> VETERANALTERNATETRAIN token>> 0.454s
darklumina>> WEBSERVICE>> 0.037s
darklumina>> WEBSERVICE>> 0.033s