
>> VERSION 2.10.1>> 0.065s
darklumina>> LOADGAME darklumina pantyraid13>> 1.491s
darklumina>> TABLEQUERY 1>> 0.042s
darklumina>> EXTRACHECK>> 0.045s
darklumina>> PING>> 0.032s
darklumina>> WEBSERVICE>> 0.083s
darklumina>> PING>> 0.035s
darklumina>> PING>> 0.029s
darklumina>> PING>> 0.029s
darklumina>> PING>> 0.03s
darklumina>> PING>> 0.029s
darklumina>> PING>> 0.029s
darklumina>> PING>> 0.029s
darklumina>> PING>> 0.031s
darklumina>> PING>> 0.03s
darklumina>> >> 0s
darklumina>> AWAY 1>> 0.281s
darklumina>> PING>> 0.041s
darklumina>> PING>> 0.029s
darklumina>> PING>> 0.028s
darklumina>> PING>> 0.028s
darklumina>> PING>> 0.029s
darklumina>> PING>> 0.029s
darklumina>> PING>> 0.029s
darklumina>> PING>> 0.029s
darklumina>> PING>> 0.033s
darklumina>> PING>> 0.03s
darklumina>> PING>> 0.028s
darklumina>> PING>> 0.031s
darklumina>> PING>> 0.036s
darklumina>> PING>> 0.028s
darklumina>> PING>> 0.029s
darklumina>> PING>> 0.029s
darklumina>> PING>> 0.028s
darklumina>> PING>> 0.029s
>> VERSION 2.10.1>> 0.04s
>> LOADGAME KieranCarden letmein58>> 0.637s
>> VERSION 2.10.1>> 0.038s
>> LOADGAME KieranCarden letmein58>> 0.132s
>> VERSION 2.10.1>> 0.041s
>> LOADGAME KieranCarden letmein58>> 0.147s
>> VERSION 2.10.1>> 0.042s
>> LOADGAME KieranCarden letmein58>> 0.189s
>> VERSION 2.10.1>> 0.036s
>> LOADGAME KieranCarden Letmein58>> 0.138s
>> VERSION 2.10.1>> 0.035s
>> LOADGAME KieranCarden letmein58>> 0.199s
>> VERSION 2.10.1>> 0.042s
>> LOADGAME KieranCarden letmein58>> 0.267s
>> VERSION 2.10.1>> 0.077s
KieranCarden>> LOADGAME KieranCarden letmein>> 0.438s
KieranCarden>> TABLEQUERY 1>> 0.032s
KieranCarden>> EXTRACHECK>> 0.033s
KieranCarden>> PING>> 0.033s
>> VERSION 2.10.1>> 0.034s
darklumina>> LOADGAME darklumina pantyraid13>> 0.611s
darklumina>> TABLEQUERY 1>> 0.054s
darklumina>> EXTRACHECK>> 0.034s
KieranCarden>> CHAT hey I have money here, sweet>> 0.123s
darklumina>> PING>> 0.029s
KieranCarden>> PING>> 0.029s
darklumina>> WEBSERVICE>> 0.034s
darklumina>> WEBSERVICE>> 0.028s
darklumina>> WEBSERVICE>> 0.036s
darklumina>> WEBSERVICE>> 0.044s
darklumina>> WEBSERVICE>> 0.036s
darklumina>> WEBSERVICE>> 0.036s
darklumina>> WEBSERVICE>> 0.036s
darklumina>> WEBSERVICE>> 0.034s
darklumina>> WEBSERVICE>> 0.032s
darklumina>> WEBSERVICE>> 0.04s
darklumina>> WEBSERVICE>> 0.043s
darklumina>> WEBSERVICE>> 0.041s
darklumina>> WEBSERVICE>> 0.04s
darklumina>> WEBSERVICE>> 0.03s
KieranCarden>> WEBSERVICE>> 0.028s
darklumina>> PING>> 0.03s
KieranCarden>> PING>> 0.029s
KieranCarden>> WEBSERVICE>> 0.028s
KieranCarden>> WEBSERVICE>> 0.028s
KieranCarden>> WEBSERVICE>> 0.029s
KieranCarden>> WEBSERVICE>> 0.028s
KieranCarden>> WEBSERVICE>> 0.03s
KieranCarden>> WEBSERVICE>> 0.034s
KieranCarden>> ALTERNATESET 0>> 0.246s
KieranCarden>> WEBSERVICE>> 0.044s
KieranCarden>> ALTERNATESET 0>> 0.148s
KieranCarden>> ALTERNATESET 90>> 0.123s
darklumina>> PING>> 0.072s
KieranCarden>> PING>> 0.029s
KieranCarden>> WEBSERVICE>> 0.027s
KieranCarden>> WEBSERVICE>> 0.033s
KieranCarden>> WEBSERVICE>> 0.037s
>> VERSION 2.10.1>> 0.07s
darklumina>> LOADGAME darklumina pantyraid13>> 0.876s
darklumina>> TABLEQUERY 1>> 0.064s
darklumina>> EXTRACHECK>> 0.034s
darklumina>> PING>> 0.031s
darklumina>> PING>> 0.034s
darklumina>> PING>> 0.029s
darklumina>> WEBSERVICE>> 0.033s
darklumina>> WEBSERVICE>> 0.042s
darklumina>> WEBSERVICE>> 0.038s
darklumina>> WEBSERVICE>> 0.035s
darklumina>> PING>> 0.032s
darklumina>> PING>> 0.037s
darklumina>> PING>> 0.033s
darklumina>> PING>> 0.029s
darklumina>> PING>> 0.029s
darklumina>> PING>> 0.028s
darklumina>> PING>> 0.098s
darklumina>> PING>> 0.031s
>> VERSION 2.10.1>> 0.035s
KieranCarden>> LOADGAME KieranCarden letmein>> 0.474s
KieranCarden>> TABLEQUERY 1>> 0.029s
KieranCarden>> EXTRACHECK>> 0.029s
KieranCarden>> WEBSERVICE>> 0.029s
KieranCarden>> WEBSERVICE>> 0.029s
KieranCarden>> ALTERNATESET 90>> 0.139s
KieranCarden>> WEBSERVICE>> 0.029s
KieranCarden>> WEBSERVICE>> 0.028s
KieranCarden>> ALTERNATESET 90>> 0.17s
darklumina>> PING>> 0.04s
KieranCarden>> PING>> 0.027s
KieranCarden>> ALTERNATESET 0>> 0.166s
KieranCarden>> WEBSERVICE>> 0.029s
KieranCarden>> WEBSERVICE>> 0.029s
KieranCarden>> WEBSERVICE>> 0.03s
KieranCarden>> WEBSERVICE>> 0.03s
darklumina>> PING>> 0.033s
KieranCarden>> PING>> 0.028s
darklumina>> PING>> 0.03s
KieranCarden>> PING>> 0.03s
darklumina>> PING>> 0.035s
KieranCarden>> PING>> 0.029s
>> QUIT 0 1>> 0.315s
darklumina>> PING>> 0.033s
darklumina>> PING>> 0.039s
darklumina>> PING>> 0.059s
darklumina>> PING>> 0.029s
darklumina>> PING>> 0.028s
darklumina>> PING>> 0.028s
darklumina>> PING>> 0.029s
darklumina>> PING>> 0.037s
darklumina>> PING>> 0.03s
darklumina>> PING>> 0.034s
darklumina>> PING>> 0.037s
darklumina>> PING>> 0.056s
darklumina>> PING>> 0.044s
darklumina>> PING>> 0.032s
darklumina>> PING>> 0.032s
darklumina>> PING>> 0.035s
darklumina>> PING>> 0.035s
darklumina>> PING>> 0.03s
darklumina>> PING>> 0.029s
darklumina>> PING>> 0.035s
darklumina>> PING>> 0.029s
darklumina>> PING>> 0.03s
darklumina>> PING>> 0.04s
darklumina>> PING>> 0.029s
darklumina>> PING>> 0.031s
darklumina>> PING>> 0.028s
darklumina>> PING>> 0.037s
darklumina>> PING>> 0.031s
darklumina>> PING>> 0.055s
darklumina>> PING>> 0.032s
darklumina>> PING>> 0.035s
darklumina>> PING>> 0.035s
darklumina>> PING>> 0.032s
darklumina>> PING>> 0.042s
darklumina>> PING>> 0.039s
darklumina>> PING>> 0.035s
darklumina>> PING>> 0.055s
darklumina>> PING>> 0.033s
darklumina>> PING>> 0.037s
darklumina>> PING>> 0.033s
darklumina>> PING>> 0.034s
darklumina>> PING>> 0.038s
darklumina>> PING>> 0.031s
darklumina>> PING>> 0.038s
>> VERSION 2.10.1>> 0.035s
KieranCarden>> LOADGAME KieranCarden letmein>> 0.576s
KieranCarden>> TABLEQUERY 1>> 0.056s
KieranCarden>> EXTRACHECK>> 0.033s
darklumina>> PING>> 0.06s
KieranCarden>> PING>> 0.032s
KieranCarden>> WEBSERVICE>> 0.041s
KieranCarden>> WEBSERVICE>> 0.029s
KieranCarden>> WEBSERVICE>> 0.029s
KieranCarden>> WEBSERVICE>> 0.029s
KieranCarden>> WEBSERVICE>> 0.029s
KieranCarden>> WEBSERVICE>> 0.029s
KieranCarden>> WEBSERVICE>> 0.121s
KieranCarden>> ALTERNATESET 0>> 0.175s
KieranCarden>> WEBSERVICE>> 0.071s
KieranCarden>> WEBSERVICE>> 0.028s
KieranCarden>> ALTERNATESET 0>> 0.114s
darklumina>> PING>> 0.033s
KieranCarden>> PING>> 0.033s
darklumina>> PING>> 0.036s
KieranCarden>> PING>> 0.046s
darklumina>> PING>> 0.034s
KieranCarden>> PING>> 0.029s
darklumina>> PING>> 0.029s
KieranCarden>> PING>> 0.028s
KieranCarden>> WEBSERVICE>> 0.03s
darklumina>> PING>> 0.04s
KieranCarden>> WEBSERVICE>> 0.032s
KieranCarden>> PING>> 0.031s
darklumina>> PING>> 0.04s
KieranCarden>> PING>> 0.029s
KieranCarden>> WEBSERVICE>> 0.03s
darklumina>> PING>> 0.037s
KieranCarden>> PING>> 0.028s
darklumina>> PING>> 0.029s
KieranCarden>> PING>> 0.03s
darklumina>> PING>> 0.035s
KieranCarden>> PING>> 0.048s
KieranCarden>> WEBSERVICE>> 0.031s
KieranCarden>> WEBSERVICE>> 0.034s
KieranCarden>> WEBSERVICE>> 0.028s
KieranCarden>> WEBSERVICE>> 0.029s
darklumina>> PING>> 0.038s
KieranCarden>> PING>> 0.03s
darklumina>> PING>> 0.031s
KieranCarden>> PING>> 0.036s
darklumina>> PING>> 0.033s
KieranCarden>> PING>> 0.028s
darklumina>> PING>> 0.037s
KieranCarden>> PING>> 0.054s
KieranCarden>> CHAT /me is away.  Reason: Idle>> 0.16s
KieranCarden>> AWAY 1>> 0.031s
darklumina>> PING>> 0.036s
KieranCarden>> PING>> 0.029s
KieranCarden>> CHAT /me is back.>> 0.162s
KieranCarden>> AWAY 0>> 0.03s
darklumina>> PING>> 0.037s
KieranCarden>> PING>> 0.029s
darklumina>> PING>> 0.067s
KieranCarden>> PING>> 0.029s
darklumina>> PING>> 0.07s
KieranCarden>> PING>> 0.034s
darklumina>> PING>> 0.044s
KieranCarden>> PING>> 0.165s
darklumina>> PING>> 0.029s
KieranCarden>> PING>> 0.032s
KieranCarden>> PING>> 0.029s
darklumina>> PING>> 0.053s
darklumina>> PING>> 0.032s
KieranCarden>> PING>> 0.051s
darklumina>> PING>> 0.03s
KieranCarden>> PING>> 0.027s
darklumina>> PING>> 0.09s
KieranCarden>> PING>> 0.121s
darklumina>> PING>> 0.028s
KieranCarden>> PING>> 0.029s
darklumina>> PING>> 0.053s
KieranCarden>> PING>> 0.061s
darklumina>> PING>> 0.064s
KieranCarden>> PING>> 0.067s
>> QUIT 0 1>> 0.25s
darklumina>> PING>> 0.061s
>> VERSION 2.10.1>> 0.053s
KieranCarden>> LOADGAME KieranCarden letmein>> 0.682s
KieranCarden>> TABLEQUERY 1>> 0.035s
KieranCarden>> EXTRACHECK>> 0.032s
KieranCarden>> WEBSERVICE>> 0.048s
KieranCarden>> WEBSERVICE>> 0.046s
KieranCarden>> WEBSERVICE>> 0.033s
KieranCarden>> WEBSERVICE>> 0.032s
KieranCarden>> WEBSERVICE>> 0.031s
KieranCarden>> WEBSERVICE>> 0.035s
KieranCarden>> ALTERNATESET 0>> 0.14s
KieranCarden>> WEBSERVICE>> 0.058s
KieranCarden>> WEBSERVICE>> 0.04s
KieranCarden>> ALTERNATESET 0>> 0.164s
darklumina>> PING>> 0.029s
KieranCarden>> PING>> 0.03s
KieranCarden>> WEBSERVICE>> 0.03s
KieranCarden>> WEBSERVICE>> 0.028s
KieranCarden>> WEBSERVICE>> 0.033s
KieranCarden>> WEBSERVICE>> 0.029s
darklumina>> PING>> 0.028s
KieranCarden>> PING>> 0.029s
darklumina>> PING>> 0.031s
KieranCarden>> PING>> 0.028s
darklumina>> PING>> 0.033s
KieranCarden>> PING>> 0.028s
darklumina>> PING>> 0.029s
KieranCarden>> PING>> 0.028s
darklumina>> PING>> 0.043s
KieranCarden>> PING>> 0.031s
>> QUIT 0 1>> 0.26s
darklumina>> PING>> 0.049s
darklumina>> PING>> 0.031s
darklumina>> PING>> 0.03s
darklumina>> PING>> 0.029s
darklumina>> PING>> 0.034s
darklumina>> PING>> 0.029s
darklumina>> PING>> 0.038s
darklumina>> PING>> 0.046s
darklumina>> PING>> 0.033s
darklumina>> PING>> 0.043s
darklumina>> PING>> 0.058s
darklumina>> PING>> 0.035s
darklumina>> PING>> 0.029s
darklumina>> PING>> 0.034s
darklumina>> PING>> 0.032s
>> VERSION 2.10.1>> 0.035s
KieranCarden>> LOADGAME KieranCarden letmein>> 0.329s
KieranCarden>> TABLEQUERY 1>> 0.029s
KieranCarden>> EXTRACHECK>> 0.028s
KieranCarden>> WEBSERVICE>> 0.029s
KieranCarden>> WEBSERVICE>> 0.029s
KieranCarden>> WEBSERVICE>> 0.027s
KieranCarden>> WEBSERVICE>> 0.028s
darklumina>> PING>> 0.032s
KieranCarden>> PING>> 0.029s
darklumina>> PING>> 0.035s
KieranCarden>> PING>> 0.027s
KieranCarden>> WEBSERVICE>> 0.029s
KieranCarden>> WEBSERVICE>> 0.028s
KieranCarden>> ALTERNATESET 0>> 0.124s
KieranCarden>> WEBSERVICE>> 0.028s
KieranCarden>> WEBSERVICE>> 0.028s
KieranCarden>> ALTERNATESET 0>> 0.14s
KieranCarden>> WEBSERVICE>> 0.029s
KieranCarden>> WEBSERVICE>> 0.028s
KieranCarden>> WEBSERVICE>> 0.029s
KieranCarden>> WEBSERVICE>> 0.029s
darklumina>> PING>> 0.041s
KieranCarden>> PING>> 0.029s
KieranCarden>> WEBSERVICE>> 0.029s
KieranCarden>> WEBSERVICE>> 0.03s
KieranCarden>> WEBSERVICE>> 0.054s
darklumina>> PING>> 0.033s
KieranCarden>> PING>> 0.029s
KieranCarden>> WEBSERVICE>> 0.03s
darklumina>> PING>> 0.03s
KieranCarden>> PING>> 0.032s
KieranCarden>> WEBSERVICE>> 0.028s
KieranCarden>> WEBSERVICE>> 0.055s
KieranCarden>> WEBSERVICE>> 0.028s
KieranCarden>> WEBSERVICE>> 0.029s
KieranCarden>> WEBSERVICE>> 0.029s
KieranCarden>> WEBSERVICE>> 0.029s
KieranCarden>> WEBSERVICE>> 0.028s
darklumina>> PING>> 0.032s
KieranCarden>> PING>> 0.03s
darklumina>> PING>> 0.032s
KieranCarden>> PING>> 0.029s
darklumina>> >> 0s
darklumina>> AWAY 0>> 0.574s
darklumina>> PING>> 0.039s
KieranCarden>> PING>> 0.062s
KieranCarden>> CHAT okay>> 0.156s
darklumina>> PING>> 0.034s
KieranCarden>> PING>> 0.03s
darklumina>> PING>> 0.033s
KieranCarden>> PING>> 0.028s
darklumina>> PING>> 0.064s
KieranCarden>> PING>> 0.037s
darklumina>> PING>> 0.035s
KieranCarden>> PING>> 0.029s
darklumina>> PING>> 0.037s
KieranCarden>> PING>> 0.031s
darklumina>> PING>> 0.029s
KieranCarden>> PING>> 0.032s
darklumina>> PING>> 0.034s
KieranCarden>> PING>> 0.031s
darklumina>> PING>> 0.043s
KieranCarden>> PING>> 0.028s
darklumina>> PING>> 0.035s
KieranCarden>> PING>> 0.029s
darklumina>> >> 0s
darklumina>> AWAY 1>> 0.298s
darklumina>> PING>> 0.034s
KieranCarden>> PING>> 0.028s
KieranCarden>> CHAT /me is away.  Reason: Idle>> 0.175s
KieranCarden>> AWAY 1>> 0.027s
darklumina>> PING>> 0.029s
KieranCarden>> PING>> 0.029s
KieranCarden>> CHAT /me is back.>> 0.171s
KieranCarden>> AWAY 0>> 0.029s
darklumina>> PING>> 0.03s
KieranCarden>> PING>> 0.029s
darklumina>> PING>> 0.032s
KieranCarden>> PING>> 0.029s
darklumina>> PING>> 0.031s
KieranCarden>> PING>> 0.031s
darklumina>> PING>> 0.027s
KieranCarden>> PING>> 0.028s
darklumina>> PING>> 0.037s
KieranCarden>> PING>> 0.027s
darklumina>> PING>> 0.029s
KieranCarden>> PING>> 0.028s
>> VERSION 2.10.1>> 0.037s
Jimmy3000>> LOADGAME Jimmy3000 jims>> 0.906s
Jimmy3000>> TABLEQUERY 1>> 0.035s
Jimmy3000>> EXTRACHECK>> 0.029s
KieranCarden>> CHAT heeey>> 0.177s
Jimmy3000>> CHAT heyo>> 0.181s
Jimmy3000>> WEBSERVICE>> 0.029s
Jimmy3000>> WEBSERVICE>> 0.031s
Jimmy3000>> WEBSERVICE>> 0.029s
Jimmy3000>> WEBSERVICE>> 0.029s
Jimmy3000>> WEBSERVICE>> 0.033s
darklumina>> PING>> 0.033s
Jimmy3000>> WEBSERVICE>> 0.028s
KieranCarden>> PING>> 0.045s
Jimmy3000>> PING>> 0.028s
Jimmy3000>> WEBSERVICE>> 0.029s
Jimmy3000>> WEBSERVICE>> 0.029s
Jimmy3000>> WEBSERVICE>> 0.036s
Jimmy3000>> WEBSERVICE>> 0.035s
Jimmy3000>> WEBSERVICE>> 0.03s
Jimmy3000>> WEBSERVICE>> 0.029s
Jimmy3000>> WEBSERVICE>> 0.029s
Jimmy3000>> WEBSERVICE>> 0.06s
darklumina>> PING>> 0.027s
KieranCarden>> PING>> 0.029s
Jimmy3000>> PING>> 0.046s
KieranCarden>> CHAT so... what's up>> 0.163s
Jimmy3000>> WEBSERVICE>> 0.029s
Jimmy3000>> CARDPACK Returners%20Pack>> 2.29s
darklumina>> >> 0s
darklumina>> AWAY 0>> 0.468s
Jimmy3000>> CHAT not much u? what stuff we need to test?>> 0.185s
Jimmy3000>> CHAT kk>> 0.197s
darklumina>> CHAT each of you have 10 VA points.. to ensure those work>> 0.493s
darklumina>> PING>> 0.031s
KieranCarden>> PING>> 0.047s
Jimmy3000>> PING>> 0.076s
darklumina>> CHAT dont spend points in ones that give gold, exp, when you get a membership>> 0.179s
KieranCarden>> WEBSERVICE>> 0.034s
KieranCarden>> WEBSERVICE>> 0.029s
KieranCarden>> WEBSERVICE>> 0.03s
KieranCarden>> WEBSERVICE>> 0.034s
KieranCarden>> WEBSERVICE>> 0.029s
darklumina>> PING>> 0.053s
Jimmy3000>> PING>> 0.056s
KieranCarden>> WEBSERVICE>> 0.032s
KieranCarden>> PING>> 0.064s
Jimmy3000>> CHAT i need to relog, ff6 cards are in wrong folder>> 0.565s
>> QUIT 0 1>> 0.226s
KieranCarden>> CHAT you don't-- okay>> 0.151s
darklumina>> CHAT ;p>> 0.168s
KieranCarden>> WEBSERVICE>> 0.028s
KieranCarden>> WEBSERVICE>> 0.031s
KieranCarden>> WEBSERVICE>> 0.027s
KieranCarden>> WEBSERVICE>> 0.03s
KieranCarden>> WEBSERVICE>> 0.028s
darklumina>> PING>> 0.056s
KieranCarden>> PING>> 0.049s
KieranCarden>> WEBSERVICE>> 0.054s
KieranCarden>> WEBSERVICE>> 0.034s
KieranCarden>> WEBSERVICE>> 0.032s
KieranCarden>> WEBSERVICE>> 0.027s
KieranCarden>> WEBSERVICE>> 0.029s
KieranCarden>> WEBSERVICE>> 0.03s
>> VERSION 2.10.1>> 0.034s
Jimmy3000>> LOADGAME Jimmy3000 jims>> 0.429s
Jimmy3000>> TABLEQUERY 1>> 0.034s
Jimmy3000>> EXTRACHECK>> 0.059s
Jimmy3000>> TABLECREATE2 OMNITT_RANDOM 5>> 0.247s
Jimmy3000>> WEBSERVICE>> 0.04s
Jimmy3000>> WEBSERVICE>> 0.102s
KieranCarden>> CHAT so anything to do with memberships, don't put VA points into... but everything else is fair game?>> 0.347s
Jimmy3000>> WEBSERVICE>> 0.029s
Jimmy3000>> WEBSERVICE>> 0.045s
darklumina>> PING>> 0.037s
KieranCarden>> PING>> 0.031s
Jimmy3000>> PING>> 0.125s
Jimmy3000>> WEBSERVICE>> 0.029s
darklumina>> CHAT yea>> 0.258s
KieranCarden>> CHAT k>> 0.235s
KieranCarden>> VETERANALTERNATETRAIN token>> 0.407s
KieranCarden>> WEBSERVICE>> 0.052s
KieranCarden>> WEBSERVICE>> 0.031s
Jimmy3000>> WEBSERVICE>> 0.035s
Jimmy3000>> WEBSERVICE>> 0.051s
Jimmy3000>> WEBSERVICE>> 0.08s
Jimmy3000>> WEBSERVICE>> 0.031s
KieranCarden>> WEBSERVICE>> 0.034s
KieranCarden>> WEBSERVICE>> 0.033s
Jimmy3000>> WEBSERVICE>> 0.047s
KieranCarden>> WEBSERVICE>> 0.082s
Jimmy3000>> WEBSERVICE>> 0.028s
Jimmy3000>> WEBSERVICE>> 0.038s
Jimmy3000>> WEBSERVICE>> 0.055s
Jimmy3000>> WEBSERVICE>> 0.05s
Jimmy3000>> WEBSERVICE>> 0.029s
darklumina>> PING>> 0.033s
KieranCarden>> PING>> 0.028s
Jimmy3000>> VETERANALTERNATETRAIN gold>> 0.247s
Jimmy3000>> PING>> 0.029s
KieranCarden>> WEBSERVICE>> 0.029s
Jimmy3000>> TABLECLOSE>> 0.098s
Jimmy3000>> WEBSERVICE>> 0.035s
Jimmy3000>> WEBSERVICE>> 0.029s
Jimmy3000>> VETERANALTERNATETRAIN gold>> 0.194s
darklumina>> PING>> 0.036s
KieranCarden>> PING>> 0.028s
Jimmy3000>> PING>> 0.043s
Jimmy3000>> CHAT it says i dont have enough points when i try to train Gold enhance>> 0.19s
KieranCarden>> WEBSERVICE>> 0.029s
KieranCarden>> VETERANALTERNATETRAIN gold>> 0.337s
KieranCarden>> WEBSERVICE>> 0.032s
KieranCarden>> WEBSERVICE>> 0.028s
darklumina>> PING>> 0.033s
KieranCarden>> PING>> 0.027s
Jimmy3000>> PING>> 0.042s
KieranCarden>> CHAT my points aren't being taken away>> 0.164s
Jimmy3000>> WEBSERVICE>> 0.032s
Jimmy3000>> WEBSERVICE>> 0.041s
Jimmy3000>> WEBSERVICE>> 0.028s
KieranCarden>> CHAT I like the token exchange ability>> 0.149s
darklumina>> PING>> 0.033s
Jimmy3000>> PING>> 0.03s
KieranCarden>> PING>> 0.041s
Jimmy3000>> CHAT yah me 2 lol>> 0.177s
Jimmy3000>> TABLECREATE2 OMNITT_RANDOM 5>> 0.19s
Jimmy3000>> GAMEREADY>> 0.077s
KieranCarden>> TABLEJOIN 1>> 0.695s
KieranCarden>> GAMEREADY>> 0.93s
KieranCarden>> OTTPLACEAT 23>> 0.628s
Jimmy3000>> OTTPLACEAT 12>> 0.253s
KieranCarden>> OTTPLACEAT 11>> 0.292s
darklumina>> PING>> 0.029s
KieranCarden>> PING>> 0.028s
Jimmy3000>> PING>> 0.053s
Jimmy3000>> OTTPLACEAT 19>> 0.22s
KieranCarden>> OTTPLACEAT 0>> 0.222s
darklumina>> PING>> 0.034s
KieranCarden>> PING>> 0.029s
Jimmy3000>> PING>> 0.028s
KieranCarden>> CHAT can we do fulldeck with my FF6 selected? see what these cards are like>> 0.168s
KieranCarden>> CHAT my=just*>> 0.163s
Jimmy3000>> OTTPLACEAT 20>> 0.209s
KieranCarden>> OTTPLACEAT 15>> 0.218s
darklumina>> CHAT are your points being removed?>> 0.196s
Jimmy3000>> PING>> 0.029s
KieranCarden>> PING>> 0.045s
darklumina>> WEBSERVICE>> 0.039s
darklumina>> PING>> 0.028s
darklumina>> WEBSERVICE>> 0.033s
darklumina>> WEBSERVICE>> 0.03s
darklumina>> WEBSERVICE>> 0.054s
KieranCarden>> WEBSERVICE>> 0.032s
darklumina>> WEBSERVICE>> 0.045s
darklumina>> VETERANALTERNATETRAIN token>> 0.339s
KieranCarden>> WEBSERVICE>> 0.038s
darklumina>> WEBSERVICE>> 0.046s
darklumina>> WEBSERVICE>> 0.032s
Jimmy3000>> OTTPLACEAT 14>> 0.222s
darklumina>> VETERANALTERNATETRAIN token>> 0.277s
darklumina>> WEBSERVICE>> 0.029s
KieranCarden>> OTTPLACEAT 13>> 0.762s
darklumina>> WEBSERVICE>> 0.039s
>> VERSION 2.10.1>> 0.215s
KieranCarden>> LOADGAME KieranCarden letmein>> 0.876s
KieranCarden>> TABLEQUERY 1>> 0.039s
KieranCarden>> EXTRACHECK>> 0.046s
KieranCarden>> WEBSERVICE>> 0.029s
KieranCarden>> WEBSERVICE>> 0.028s
KieranCarden>> WEBSERVICE>> 0.03s
KieranCarden>> WEBSERVICE>> 0.028s
KieranCarden>> WEBSERVICE>> 0.029s
KieranCarden>> WEBSERVICE>> 0.029s
KieranCarden>> WEBSERVICE>> 0.029s
KieranCarden>> PING>> 0.029s
KieranCarden>> WEBSERVICE>> 0.028s
KieranCarden>> WEBSERVICE>> 0.031s
KieranCarden>> WEBSERVICE>> 0.029s
KieranCarden>> PING>> 0.028s
KieranCarden>> WEBSERVICE>> 0.031s
KieranCarden>> WEBSERVICE>> 0.03s
KieranCarden>> WEBSERVICE>> 0.029s
KieranCarden>> WEBSERVICE>> 0.028s
KieranCarden>> VETERANALTERNATETRAIN extended>> 0.651s
KieranCarden>> WEBSERVICE>> 0.03s
KieranCarden>> WEBSERVICE>> 0.029s
KieranCarden>> CHAT my points still aren't going away>> 0.146s
KieranCarden>> PING>> 0.029s
KieranCarden>> WEBSERVICE>> 0.03s
KieranCarden>> VETERANALTERNATETRAIN experience>> 0.256s
KieranCarden>> WEBSERVICE>> 0.05s
KieranCarden>> WEBSERVICE>> 0.029s
KieranCarden>> PING>> 0.034s
KieranCarden>> WEBSERVICE>> 0.031s
KieranCarden>> WEBSERVICE>> 0.029s
KieranCarden>> WEBSERVICE>> 0.03s
KieranCarden>> WEBSERVICE>> 0.027s
KieranCarden>> WEBSERVICE>> 0.03s
>> VERSION 2.10.1>> 0.053s
Jimmy3000>> LOADGAME Jimmy3000 jims>> 0.454s
Jimmy3000>> TABLEQUERY 1>> 0.029s
Jimmy3000>> EXTRACHECK>> 0.049s
KieranCarden>> WEBSERVICE>> 0.03s
KieranCarden>> VETERANALTERNATETRAIN active>> 0.277s
KieranCarden>> WEBSERVICE>> 0.035s
KieranCarden>> WEBSERVICE>> 0.028s
Jimmy3000>> WEBSERVICE>> 0.028s
Jimmy3000>> WEBSERVICE>> 0.057s
Jimmy3000>> WEBSERVICE>> 0.028s
KieranCarden>> PING>> 0.028s
Jimmy3000>> PING>> 0.047s
>> VERSION 2.10.1>> 0.038s
darklumina>> LOADGAME darklumina pantyraid13>> 0.534s
darklumina>> TABLEQUERY 1>> 0.044s
Jimmy3000>> WEBSERVICE>> 0.089s
darklumina>> EXTRACHECK>> 0.033s
Jimmy3000>> VETERANALTERNATETRAIN gold>> 0.19s
KieranCarden>> CHAT oh you weren't back in yet... my points still aren't being taken away>> 0.159s
darklumina>> WEBSERVICE>> 0.027s
darklumina>> WEBSERVICE>> 0.04s
darklumina>> WEBSERVICE>> 0.035s
darklumina>> WEBSERVICE>> 0.039s
darklumina>> WEBSERVICE>> 0.032s
darklumina>> VETERANALTERNATETRAIN bounty>> 0.337s
darklumina>> WEBSERVICE>> 0.049s
darklumina>> WEBSERVICE>> 0.045s
darklumina>> WEBSERVICE>> 0.03s
darklumina>> WEBSERVICE>> 0.052s
darklumina>> WEBSERVICE>> 0.03s
darklumina>> WEBSERVICE>> 0.038s
darklumina>> PING>> 0.037s
Jimmy3000>> PING>> 0.028s
KieranCarden>> PING>> 0.035s
Jimmy3000>> CHAT <Error> You do not have enough points to train this ability 22:48:23 i get this when i try and train gold enhance>> 0.14s
darklumina>> PING>> 0.03s
Jimmy3000>> PING>> 0.027s
KieranCarden>> PING>> 0.05s
darklumina>> WEBSERVICE>> 0.03s
darklumina>> VETERANALTERNATETRAIN gold>> 0.326s
darklumina>> WEBSERVICE>> 0.042s
darklumina>> WEBSERVICE>> 0.048s
darklumina>> VETERANALTERNATETRAIN gold>> 0.283s
darklumina>> WEBSERVICE>> 0.036s
darklumina>> WEBSERVICE>> 0.027s
darklumina>> VETERANALTERNATETRAIN gold>> 0.305s
darklumina>> WEBSERVICE>> 0.034s
darklumina>> WEBSERVICE>> 0.03s
darklumina>> VETERANALTERNATETRAIN gold>> 0.29s
darklumina>> WEBSERVICE>> 0.035s
darklumina>> WEBSERVICE>> 0.031s
darklumina>> VETERANALTERNATETRAIN gold>> 0.291s
darklumina>> WEBSERVICE>> 0.038s
darklumina>> WEBSERVICE>> 0.037s
darklumina>> VETERANALTERNATETRAIN gold>> 0.283s
darklumina>> WEBSERVICE>> 0.051s
darklumina>> WEBSERVICE>> 0.044s
KieranCarden>> WEBSERVICE>> 0.028s
KieranCarden>> WEBSERVICE>> 0.028s
KieranCarden>> WEBSERVICE>> 0.028s
KieranCarden>> WEBSERVICE>> 0.028s
KieranCarden>> WEBSERVICE>> 0.027s
KieranCarden>> VETERANALTERNATETRAIN token>> 0.264s
KieranCarden>> WEBSERVICE>> 0.029s
KieranCarden>> WEBSERVICE>> 0.027s
KieranCarden>> WEBSERVICE>> 0.049s
darklumina>> PING>> 0.041s
Jimmy3000>> PING>> 0.028s
KieranCarden>> PING>> 0.071s
Jimmy3000>> WEBSERVICE>> 0.032s
Jimmy3000>> WEBSERVICE>> 0.028s
Jimmy3000>> WEBSERVICE>> 0.029s
Jimmy3000>> WEBSERVICE>> 0.028s
Jimmy3000>> WEBSERVICE>> 0.03s
Jimmy3000>> WEBSERVICE>> 0.027s
Jimmy3000>> VETERANALTERNATETRAIN gold>> 0.165s
>> VERSION 2.10.1>> 0.074s
darklumina>> LOADGAME darklumina pantyraid13>> 0.877s
darklumina>> TABLEQUERY 1>> 0.06s
darklumina>> EXTRACHECK>> 0.036s
darklumina>> WEBSERVICE>> 0.033s
darklumina>> WEBSERVICE>> 0.031s
darklumina>> WEBSERVICE>> 0.036s
darklumina>> WEBSERVICE>> 0.036s
darklumina>> WEBSERVICE>> 0.031s
darklumina>> >> 0s
darklumina>> PING>> 14.848s
darklumina>> WEBSERVICE>> 0.032s
darklumina>> WEBSERVICE>> 0.037s
darklumina>> WEBSERVICE>> 0.03s
darklumina>> VETERANALTERNATETRAIN extended>> 0.361s
darklumina>> WEBSERVICE>> 0.042s
darklumina>> WEBSERVICE>> 0.038s
darklumina>> PING>> 0.03s
darklumina>> PING>> 0.033s
>> VERSION 2.10.1>> 0.034s
KieranCarden>> LOADGAME KieranCarden letmein>> 0.345s
KieranCarden>> TABLEQUERY 1>> 0.029s
KieranCarden>> EXTRACHECK>> 0.032s
>> VERSION 2.10.1>> 0.034s
Jimmy3000>> LOADGAME Jimmy3000 jims>> 0.367s
Jimmy3000>> TABLEQUERY 1>> 0.029s
Jimmy3000>> EXTRACHECK>> 0.027s
Jimmy3000>> WEBSERVICE>> 0.03s
Jimmy3000>> WEBSERVICE>> 0.029s
Jimmy3000>> WEBSERVICE>> 0.027s
Jimmy3000>> WEBSERVICE>> 0.028s
Jimmy3000>> WEBSERVICE>> 0.029s
Jimmy3000>> VETERANALTERNATETRAIN gold>> 0.143s
KieranCarden>> WEBSERVICE>> 0.031s
darklumina>> PING>> 0.114s
Jimmy3000>> PING>> 0.058s
KieranCarden>> WEBSERVICE>> 0.064s
KieranCarden>> PING>> 0.041s
KieranCarden>> WEBSERVICE>> 0.035s
KieranCarden>> WEBSERVICE>> 0.028s
Jimmy3000>> WEBSERVICE>> 0.029s
Jimmy3000>> WEBSERVICE>> 0.032s
Jimmy3000>> CHAT <Error> You do not have enough points to train this ability 22:57:58>> 0.27s
Jimmy3000>> CHAT still get that msg on gold enhance>> 0.156s
Jimmy3000>> VETERANALTERNATETRAIN gold>> 0.154s
KieranCarden>> CHAT anything else work?>> 0.174s
Jimmy3000>> WEBSERVICE>> 0.029s
Jimmy3000>> WEBSERVICE>> 0.029s
darklumina>> PING>> 0.029s
KieranCarden>> PING>> 0.028s
Jimmy3000>> PING>> 0.032s
Jimmy3000>> CHAT the train button is stuck as if its being constantly pressed>> 0.153s
Jimmy3000>> WEBSERVICE>> 0.029s
Jimmy3000>> WEBSERVICE>> 0.029s
Jimmy3000>> WEBSERVICE>> 0.027s
Jimmy3000>> WEBSERVICE>> 0.028s
Jimmy3000>> WEBSERVICE>> 0.029s
Jimmy3000>> WEBSERVICE>> 0.027s
Jimmy3000>> WEBSERVICE>> 0.028s
Jimmy3000>> WEBSERVICE>> 0.027s
Jimmy3000>> VETERANALTERNATETRAIN vip>> 0.138s
KieranCarden>> CHAT exit and go back into it... if you can exit out of that screen... usually works for me>> 0.136s
Jimmy3000>> CHAT tried VIP roller and got same message>> 0.223s
darklumina>> PING>> 0.028s
KieranCarden>> PING>> 0.028s
Jimmy3000>> PING>> 0.03s
KieranCarden>> WEBSERVICE>> 0.042s
KieranCarden>> VETERANALTERNATETRAIN vip>> 0.129s
KieranCarden>> WEBSERVICE>> 0.028s
KieranCarden>> WEBSERVICE>> 0.028s
KieranCarden>> WEBSERVICE>> 0.029s
KieranCarden>> WEBSERVICE>> 0.057s
KieranCarden>> WEBSERVICE>> 0.029s
KieranCarden>> WEBSERVICE>> 0.029s
KieranCarden>> VETERANALTERNATETRAIN gold>> 0.242s
KieranCarden>> WEBSERVICE>> 0.029s
KieranCarden>> WEBSERVICE>> 0.03s
KieranCarden>> CHAT I get that message for VIP roller, but gold enhance workds>> 0.176s
KieranCarden>> CHAT <Error> You do not have enough points to train this ability 16:59:50>> 0.149s
Jimmy3000>> WEBSERVICE>> 0.029s
Jimmy3000>> WEBSERVICE>> 0.027s
darklumina>> PING>> 0.029s
Jimmy3000>> PING>> 0.028s
KieranCarden>> PING>> 0.048s
Jimmy3000>> WEBSERVICE>> 0.029s
Jimmy3000>> VETERANALTERNATETRAIN gold>> 0.139s
Jimmy3000>> WEBSERVICE>> 0.028s
Jimmy3000>> WEBSERVICE>> 0.029s
Jimmy3000>> WEBSERVICE>> 0.028s
Jimmy3000>> WEBSERVICE>> 0.028s
Jimmy3000>> WEBSERVICE>> 0.029s
Jimmy3000>> VETERANALTERNATETRAIN token>> 0.267s
Jimmy3000>> WEBSERVICE>> 0.028s
Jimmy3000>> WEBSERVICE>> 0.028s
Jimmy3000>> ALTERNATESET 10>> 0.158s
Jimmy3000>> WEBSERVICE>> 0.044s
Jimmy3000>> WEBSERVICE>> 0.027s
Jimmy3000>> ALTERNATESET 10>> 0.129s
Jimmy3000>> WEBSERVICE>> 0.027s
Jimmy3000>> WEBSERVICE>> 0.03s
Jimmy3000>> WEBSERVICE>> 0.031s
Jimmy3000>> WEBSERVICE>> 0.028s
Jimmy3000>> WEBSERVICE>> 0.028s
Jimmy3000>> VETERANALTERNATETRAIN experience>> 0.144s
KieranCarden>> CHAT but it took my point away this time>> 0.149s
darklumina>> PING>> 0.028s
KieranCarden>> PING>> 0.029s
Jimmy3000>> PING>> 0.029s
KieranCarden>> CHAT try a quick TT game? I wanna see if the benefit works>> 0.23s
KieranCarden>> TABLECREATE>> 0.196s
KieranCarden>> WEBSERVICE>> 0.033s
Jimmy3000>> TABLEJOIN 1>> 0.743s
KieranCarden>> CHANGERULE 0 1 0 0 0 0 0 0 1 1 0 0 0 0 0 0 0 1 0 0 0 0 0 0 1 0 0 0 0 0 0 0 0 0 0 0 0 0 1 0@@Triple%20Triad@@ FF6>> 0.214s
KieranCarden>> CHALLENGECHATS that okay?>> 0.063s
darklumina>> PING>> 0.03s
KieranCarden>> PING>> 0.045s
Jimmy3000>> PING>> 0.028s
KieranCarden>> CHALLENGECHATS I wanted to see these cards>> 0.053s
Jimmy3000>> GAMEREADY>> 0.078s
KieranCarden>> GAMEREADY>> 0.928s
KieranCarden>> TT_PLACEAT 4 2>> 0.638s
Jimmy3000>> TT_PLACEAT 6 1>> 0.147s
Jimmy3000>> WEBSERVICE>> 0.028s
KieranCarden>> TT_PLACEAT 2 4>> 0.167s
darklumina>> PING>> 0.05s
KieranCarden>> PING>> 0.033s
Jimmy3000>> PING>> 0.027s
darklumina>> >> 0s
darklumina>> AWAY 1>> 0.269s
KieranCarden>> GAMECHAT ~@*~*have you looked at the SE/ECs yet?>> 0.043s
Jimmy3000>> CHAT the ff6 cards that got drawn in this game... i dont have any of them in my deck =/>> 0.207s
Jimmy3000>> TT_PLACEAT 1 0>> 0.305s
Jimmy3000>> GAMECHAT ~@*~*got one there lol>> 0.04s
darklumina>> >> 0s
darklumina>> AWAY 0>> 0.379s
KieranCarden>> TT_PLACEAT 5 0>> 0.311s
darklumina>> CHAT you are playing full deck, dumb butt>> 0.169s
Jimmy3000>> CHAT and i have drawn a se card>> 0.384s
darklumina>> PING>> 0.029s
Jimmy3000>> PING>> 0.038s
KieranCarden>> PING>> 0.03s
KieranCarden>> GAMECHAT ~@*~*those two are my favorite>> 0.046s
Jimmy3000>> CHAT ah rite, must be a new thing xD>> 0.313s
darklumina>> CHAT ;p>> 0.21s
Jimmy3000>> CHAT but still drew an se?>> 0.181s
darklumina>> CHAT no that exists in current DW>> 0.189s
darklumina>> CHAT full deck is full deck>> 0.164s
Jimmy3000>> CHAT ah rite>> 0.16s
Jimmy3000>> TT_PLACEAT 7 2>> 0.243s
darklumina>> PING>> 0.033s
KieranCarden>> PING>> 0.027s
Jimmy3000>> PING>> 0.029s
KieranCarden>> TT_PLACEAT 8 3>> 0.235s
Jimmy3000>> TT_PLACEAT 3 3>> 0.421s
KieranCarden>> TT_PLACEAT 0 1>> 3.022s
KieranCarden>> CHAT 10gp>> 0.201s
darklumina>> PING>> 0.031s
KieranCarden>> PING>> 0.028s
Jimmy3000>> PING>> 0.041s
KieranCarden>> WEBSERVICE>> 0.029s
KieranCarden>> WEBSERVICE>> 0.028s
KieranCarden>> WEBSERVICE>> 0.029s
KieranCarden>> WEBSERVICE>> 0.027s
KieranCarden>> WEBSERVICE>> 0.028s
KieranCarden>> WEBSERVICE>> 0.028s
Jimmy3000>> CHAT i got correct gp>> 0.166s
KieranCarden>> CHAT how much?>> 0.154s
Jimmy3000>> CHAT 30>> 0.174s
darklumina>> PING>> 0.028s
KieranCarden>> PING>> 0.028s
Jimmy3000>> PING>> 0.032s
Jimmy3000>> CHAT lol, when were the stats for this taken O.o i have half the exp i have now lol>> 0.177s
KieranCarden>> CHAT is that normal for a TT game? I get 42 on the main server if I win, usually 40 but I have an AA in the gold one>> 0.177s
KieranCarden>> CHAT check the leaderboard for most gold, lol>> 0.158s
KieranCarden>> WEBSERVICE>> 0.029s
Jimmy3000>> CHAT u PU?>> 0.167s
Jimmy3000>> CHAT i usually get 30 for a win>> 0.157s
KieranCarden>> CHAT nah I don't have a PU>> 0.177s
darklumina>> PING>> 0.03s
KieranCarden>> PING>> 0.03s
Jimmy3000>> PING>> 0.041s
Jimmy3000>> CHAT o.o>> 0.187s
KieranCarden>> CHAT golden touch>> 0.185s
KieranCarden>> CHAT 5% more gold>> 0.149s
darklumina>> PING>> 0.03s
Jimmy3000>> PING>> 0.027s
KieranCarden>> PING>> 0.042s
KieranCarden>> CHAT let's try OTT, I know those numbers by heart>> 0.146s
KieranCarden>> TABLECREATE2 OMNITT_RANDOM 5>> 0.186s
KieranCarden>> GAMEREADY>> 0.039s
Jimmy3000>> TABLEJOIN 1>> 0.645s
darklumina>> PING>> 0.031s
Jimmy3000>> >> 0s
KieranCarden>> PING>> 0.048s
Jimmy3000>> PING>> 1.638s
KieranCarden>> OTTPLACEAT 0>> 0.5s
Jimmy3000>> OTTPLACEAT 10>> 0.318s
KieranCarden>> OTTPLACEAT 11>> 0.248s
Jimmy3000>> OTTPLACEAT 14>> 0.571s
KieranCarden>> OTTPLACEAT 24>> 0.19s
Jimmy3000>> OTTPLACEAT 19>> 0.23s
KieranCarden>> OTTPLACEAT 1>> 0.213s
darklumina>> PING>> 0.034s
KieranCarden>> PING>> 0.035s
Jimmy3000>> PING>> 0.039s
Jimmy3000>> OTTPLACEAT 6>> 0.288s
KieranCarden>> OTTPLACEAT 15>> 0.226s
Jimmy3000>> OTTPLACEAT 16>> 0.378s
darklumina>> PING>> 0.027s
KieranCarden>> >> 0s
Jimmy3000>> PING>> 0.034s
KieranCarden>> PING>> 1.084s
Jimmy3000>> OTTPLACEAT 2>> 0.241s
KieranCarden>> OTTPLACEAT 3>> 0.244s
Jimmy3000>> OTTPLACEAT 4>> 0.258s
KieranCarden>> OTTPLACEAT 20>> 0.263s
Jimmy3000>> OTTPLACEAT 13>> 0.285s
KieranCarden>> OTTPLACEAT 18>> 0.503s
Jimmy3000>> OTTPLACEAT 21>> 0.246s
KieranCarden>> OTTPLACEAT 17>> 0.266s
Jimmy3000>> OTTPLACEAT 22>> 2.673s
Jimmy3000>> CHAT gg>> 0.176s
KieranCarden>> CHAT gg>> 0.143s
KieranCarden>> CHAT that's not right >.>>> 0.141s
Jimmy3000>> CHAT yup i got correct gp again>> 0.215s
darklumina>> PING>> 0.035s
KieranCarden>> PING>> 0.027s
Jimmy3000>> PING>> 0.028s
Jimmy3000>> CHAT i got 30 which is what i usually get>> 0.17s
Jimmy3000>> WEBSERVICE>> 0.028s
Jimmy3000>> WEBSERVICE>> 0.028s
Jimmy3000>> WEBSERVICE>> 0.028s
Jimmy3000>> WEBSERVICE>> 0.028s
Jimmy3000>> WEBSERVICE>> 0.027s
Jimmy3000>> WEBSERVICE>> 0.036s
Jimmy3000>> WEBSERVICE>> 0.028s
Jimmy3000>> WEBSERVICE>> 0.027s
Jimmy3000>> VETERANALTERNATETRAIN gold>> 0.275s
KieranCarden>> CHAT my gp goes like this>> 0.159s
KieranCarden>> CHAT 15 for losing, 25 for draws, and 40 for winning>> 0.139s
KieranCarden>> CHAT plus an extra 5% which makes it 16, 26, and 42>> 0.158s
darklumina>> PING>> 0.032s
KieranCarden>> PING>> 0.028s
Jimmy3000>> PING>> 0.045s
KieranCarden>> CHAT unless>> 0.169s
darklumina>> PING>> 0.034s
KieranCarden>> PING>> 0.028s
Jimmy3000>> PING>> 0.03s
KieranCarden>> CHAT this is based before that update happened>> 0.153s
Jimmy3000>> WEBSERVICE>> 0.029s
Jimmy3000>> WEBSERVICE>> 0.028s
Jimmy3000>> ALTERNATESET 10>> 0.129s
Jimmy3000>> WEBSERVICE>> 0.032s
Jimmy3000>> WEBSERVICE>> 0.028s
Jimmy3000>> ALTERNATESET 10>> 0.126s
Jimmy3000>> WEBSERVICE>> 0.04s
Jimmy3000>> CHAT hmmm =/>> 0.192s
darklumina>> PING>> 0.027s
KieranCarden>> PING>> 0.042s
Jimmy3000>> PING>> 0.029s
Jimmy3000>> CHAT well i gtg now anywasy sry >.< sure someone else will come from main to help>> 0.2s
>> QUIT 0 1>> 0.374s
darklumina>> PING>> 0.028s
KieranCarden>> PING>> 0.029s
darklumina>> PING>> 0.034s
KieranCarden>> PING>> 0.028s
darklumina>> PING>> 0.029s
KieranCarden>> PING>> 0.029s
>> VERSION 2.10.1>> 0.036s
PaKeLiKa>> LOADGAME PaKeLiKa tifa17>> 0.872s
PaKeLiKa>> TABLEQUERY 1>> 0.028s
PaKeLiKa>> EXTRACHECK>> 0.029s
darklumina>> PING>> 0.053s
KieranCarden>> PING>> 0.043s
PaKeLiKa>> PING>> 0.045s
KieranCarden>> CHAT pake!>> 0.14s
PaKeLiKa>> CHAT xD>> 0.186s
PaKeLiKa>> CHAT i am a cute bunny girl now yay>> 0.167s
KieranCarden>> CHAT xD>> 0.15s
PaKeLiKa>> WEBSERVICE>> 0.028s
PaKeLiKa>> WEBSERVICE>> 0.054s
PaKeLiKa>> WEBSERVICE>> 0.028s
PaKeLiKa>> WEBSERVICE>> 0.028s
PaKeLiKa>> WEBSERVICE>> 0.033s
PaKeLiKa>> WEBSERVICE>> 0.032s
PaKeLiKa>> WEBSERVICE>> 0.028s
PaKeLiKa>> WEBSERVICE>> 0.057s
darklumina>> PING>> 0.035s
PaKeLiKa>> WEBSERVICE>> 0.028s
KieranCarden>> PING>> 0.029s
PaKeLiKa>> PING>> 0.048s
PaKeLiKa>> WEBSERVICE>> 0.028s
PaKeLiKa>> WEBSERVICE>> 0.028s
PaKeLiKa>> WEBSERVICE>> 0.028s
PaKeLiKa>> WEBSERVICE>> 0.029s
KieranCarden>> CHAT how much gp do you get usually for winning?>> 0.156s
PaKeLiKa>> WEBSERVICE>> 0.033s
PaKeLiKa>> ALTERNATESET 70>> 0.169s
PaKeLiKa>> WEBSERVICE>> 0.028s
PaKeLiKa>> WEBSERVICE>> 0.029s
PaKeLiKa>> ALTERNATESET 70>> 0.197s
PaKeLiKa>> CHAT 80 i thinks >> 0.191s
KieranCarden>> CHAT oh you're a PU>> 0.179s
PaKeLiKa>> WEBSERVICE>> 0.029s
PaKeLiKa>> WEBSERVICE>> 0.029s
darklumina>> PING>> 0.033s
PaKeLiKa>> PING>> 0.029s
KieranCarden>> PING>> 0.028s
PaKeLiKa>> CHAT how much do you get?>> 0.223s
KieranCarden>> CHAT 42 - golden touch>> 0.238s
PaKeLiKa>> CHAT i have golden touch fully trained too>> 0.247s
KieranCarden>> CHAT otherwise it'd be 40>> 0.143s
PaKeLiKa>> WEBSERVICE>> 0.035s
PaKeLiKa>> WEBSERVICE>> 0.028s
darklumina>> PING>> 0.029s
KieranCarden>> PING>> 0.03s
PaKeLiKa>> PING>> 0.037s
KieranCarden>> CHAT just trying to figure out why it's 30 here>> 0.242s
KieranCarden>> CHAT and 10 for losing :/>> 0.151s
PaKeLiKa>> CHAT cuz its old stats prolly>> 0.226s
PaKeLiKa>> CHAT i am only lvl 48>> 0.227s
PaKeLiKa>> CHAT check your AA you prolly dont have golden touch trained yet>> 0.203s
darklumina>> PING>> 0.031s
KieranCarden>> PING>> 0.028s
PaKeLiKa>> PING>> 0.029s
KieranCarden>> CHAT nope, my AA didn't even work back then>> 0.149s
darklumina>> CHAT these are old stats>> 0.206s
darklumina>> CHAT its really really old>> 0.194s
PaKeLiKa>> CHAT lol>> 0.227s
KieranCarden>> CHAT okay>> 0.168s
PaKeLiKa>> CHAT gimme moolah and veteran points plz xD>> 0.179s
darklumina>> CHAT its the old 30/20/10>> 0.161s
PaKeLiKa>> CHAT lol>> 0.42s
darklumina>> PING>> 0.039s
KieranCarden>> PING>> 0.063s
PaKeLiKa>> PING>> 0.05s
PaKeLiKa>> WEBSERVICE>> 0.04s
darklumina>> CHAT done>> 0.205s
PaKeLiKa>> CHAT shadows mystery pack lawl>> 0.181s
PaKeLiKa>> CHAT ty darky>> 0.207s
PaKeLiKa>> WEBSERVICE>> 0.027s
PaKeLiKa>> WEBSERVICE>> 0.028s
PaKeLiKa>> WEBSERVICE>> 0.029s
PaKeLiKa>> WEBSERVICE>> 0.028s
PaKeLiKa>> WEBSERVICE>> 0.028s
PaKeLiKa>> WEBSERVICE>> 0.033s
PaKeLiKa>> WEBSERVICE>> 0.027s
KieranCarden>> WEBSERVICE>> 0.028s
darklumina>> PING>> 0.031s
PaKeLiKa>> PING>> 0.029s
KieranCarden>> WEBSERVICE>> 0.027s
KieranCarden>> PING>> 0.062s
KieranCarden>> WEBSERVICE>> 0.028s
KieranCarden>> WEBSERVICE>> 0.032s
KieranCarden>> WEBSERVICE>> 0.028s
KieranCarden>> VETERANALTERNATETRAIN gold>> 0.353s
KieranCarden>> WEBSERVICE>> 0.027s
KieranCarden>> WEBSERVICE>> 0.028s
KieranCarden>> VETERANALTERNATETRAIN gold>> 0.265s
KieranCarden>> WEBSERVICE>> 0.028s
PaKeLiKa>> WEBSERVICE>> 0.028s
KieranCarden>> WEBSERVICE>> 0.027s
PaKeLiKa>> WEBSERVICE>> 0.029s
KieranCarden>> VETERANALTERNATETRAIN gold>> 0.238s
KieranCarden>> WEBSERVICE>> 0.031s
PaKeLiKa>> CHAT lolll>> 0.275s
KieranCarden>> WEBSERVICE>> 0.028s
PaKeLiKa>> WEBSERVICE>> 0.028s
PaKeLiKa>> WEBSERVICE>> 0.029s
PaKeLiKa>> WEBSERVICE>> 0.028s
PaKeLiKa>> VETERANALTERNATETRAIN vip>> 0.174s
KieranCarden>> CHAT gotta make sure the % is high enough to take effect>> 0.206s
PaKeLiKa>> WEBSERVICE>> 0.028s
PaKeLiKa>> WEBSERVICE>> 0.028s
PaKeLiKa>> WEBSERVICE>> 0.028s
PaKeLiKa>> WEBSERVICE>> 0.028s
PaKeLiKa>> WEBSERVICE>> 0.027s
KieranCarden>> CHAT 1% more gold out of 10 won't show>> 0.165s
PaKeLiKa>> WEBSERVICE>> 0.029s
PaKeLiKa>> WEBSERVICE>> 0.031s
PaKeLiKa>> WEBSERVICE>> 0.036s
PaKeLiKa>> WEBSERVICE>> 0.028s
darklumina>> PING>> 0.054s
KieranCarden>> PING>> 0.048s
PaKeLiKa>> WEBSERVICE>> 0.075s
PaKeLiKa>> PING>> 0.048s
PaKeLiKa>> VETERANALTERNATETRAIN vip>> 0.201s
PaKeLiKa>> CHAT <Error> You do not have enough points to train this ability 18:27:26>> 0.217s
PaKeLiKa>> CHAT says i have 20 AA to use but wont let me train VIP roller>> 0.195s
PaKeLiKa>> WEBSERVICE>> 0.029s
PaKeLiKa>> WEBSERVICE>> 0.036s
KieranCarden>> CHAT I can't do that one either>> 0.212s
PaKeLiKa>> WEBSERVICE>> 0.054s
PaKeLiKa>> WEBSERVICE>> 0.035s
PaKeLiKa>> WEBSERVICE>> 0.028s
PaKeLiKa>> WEBSERVICE>> 0.033s
PaKeLiKa>> CHAT darky to you want a list of stuff i find through ticket?>> 0.285s
PaKeLiKa>> WEBSERVICE>> 0.041s
PaKeLiKa>> WEBSERVICE>> 0.043s
PaKeLiKa>> VETERANALTERNATETRAIN token>> 0.602s
KieranCarden>> CHAT play TT pake?>> 0.126s
darklumina>> PING>> 0.028s
KieranCarden>> PING>> 0.027s
PaKeLiKa>> PING>> 0.042s
PaKeLiKa>> CHAT can't train token exchange either O.o>> 0.185s
PaKeLiKa>> WEBSERVICE>> 0.029s
PaKeLiKa>> WEBSERVICE>> 0.028s
PaKeLiKa>> TABLECREATE>> 0.213s
PaKeLiKa>> WEBSERVICE>> 0.028s
KieranCarden>> TABLEJOIN 1>> 0.67s
KieranCarden>> CHALLENGECHATS bunny girl!>> 0.057s
PaKeLiKa>> CHANGERULE 1 1 0 1 0 1 9 0 1 1 1 1 8 1 300 1 0 1 1 1 1 1 1 1 1 1 9 0 0 0 0 1 1 1 1 0 1 0 0 1@@Triple%20Triad@@ Anime Anime2 CC Crusade FF6 FF7 FF9 FFAC FFT FFX KingdomHearts Nintendo Sega Standard Suikoden2 XenoTrigger>> 0.225s
PaKeLiKa>> GAMEREADY>> 0.05s
darklumina>> PING>> 0.028s
KieranCarden>> PING>> 0.028s
PaKeLiKa>> PING>> 0.028s
KieranCarden>> CHALLENGECHATS holy crap>> 0.053s
PaKeLiKa>> CHALLENGECHATS best rules ever>> 0.414s
KieranCarden>> CHALLENGECHATS lol>> 0.086s
KieranCarden>> CHALLENGECHATS aww, take starter off >.>>> 0.05s
PaKeLiKa>> CHALLENGECHATS no way jose>> 0.05s
PaKeLiKa>> CHALLENGECHATS XD XD>> 0.051s
darklumina>> CHAT yep>> 0.18s
PaKeLiKa>> WEBSERVICE>> 0.052s
KieranCarden>> GAMEREADY>> 1.001s
PaKeLiKa>> CHAT O.o>> 0.218s
PaKeLiKa>> CHAT lolll>> 0.408s
KieranCarden>> CHAT o.O>> 0.189s
PaKeLiKa>> TABLECREATE>> 0.206s
KieranCarden>> CHAT we rule, lol>> 0.137s
darklumina>> WEBSERVICE>> 0.031s
darklumina>> WEBSERVICE>> 0.029s
darklumina>> WEBSERVICE>> 0.028s
KieranCarden>> TABLEJOIN 1>> 0.846s
darklumina>> WEBSERVICE>> 0.032s
PaKeLiKa>> CHAT i think i bungled it changing rules when you pushed ready>> 0.191s
darklumina>> WEBSERVICE>> 0.029s
KieranCarden>> CHAT oh>> 0.129s
PaKeLiKa>> CHANGERULE 0 1 0 1 0 0 0 0 1 1 0 0 0 0 0 1 0 1 1 0 1 0 1 0 1 0 0 0 0 0 0 0 0 0 0 0 0 0 0 1@@Triple%20Triad@@ Anime Anime2 CC Crusade FF6 FF7 FF9 FFAC FFT FFX KingdomHearts Nintendo Sega Standard Suikoden2 XenoTrigger>> 0.242s
PaKeLiKa>> GAMEREADY>> 0.048s
darklumina>> PING>> 0.029s
PaKeLiKa>> PING>> 0.029s
KieranCarden>> PING>> 0.054s
KieranCarden>> GAMEREADY>> 0.668s
darklumina>> CHAT bb in 3 h>> 0.891s
PaKeLiKa>> TT_PLACEAT 2 0>> 0.541s
KieranCarden>> CHAT k>> 0.393s
PaKeLiKa>> CHAT me too soon, gotta go visit my grandma>> 0.195s
KieranCarden>> TT_PLACEAT 1 4>> 0.698s
PaKeLiKa>> CHAT make me rich before you leave !! XD >> 0.184s
PaKeLiKa>> CHAT and make kieran poor>> 0.197s
KieranCarden>> CHAT I just wanna make sure this % works>> 0.147s
PaKeLiKa>> TT_PLACEAT 0 1>> 0.407s
KieranCarden>> CHAT ;_;>> 0.14s
darklumina>> PING>> 0.028s
KieranCarden>> PING>> 0.036s
PaKeLiKa>> PING>> 0.042s
KieranCarden>> TT_PLACEAT 3 1>> 0.2s
PaKeLiKa>> TT_PLACEAT 6 3>> 0.482s
darklumina>> PING>> 0.032s
KieranCarden>> PING>> 0.027s
PaKeLiKa>> PING>> 0.027s
KieranCarden>> TT_PLACEAT 8 3>> 0.248s
PaKeLiKa>> TT_PLACEAT 7 4>> 0.468s
KieranCarden>> TT_PLACEAT 4 0>> 0.574s
PaKeLiKa>> TT_PLACEAT 5 2>> 3.48s
PaKeLiKa>> TT_TAKECARD 801378 Apple Catoblepas Mesmerize Anemone Unknown2>> 0.777s
PaKeLiKa>> CHAT woot>> 0.268s
PaKeLiKa>> CHAT lol>> 0.221s
PaKeLiKa>> CHAT gg>> 0.199s
KieranCarden>> CHAT :/>> 0.438s
darklumina>> PING>> 0.031s
KieranCarden>> PING>> 0.029s
PaKeLiKa>> PING>> 0.029s
KieranCarden>> CHAT I didn't get any more gold>> 0.152s
PaKeLiKa>> WEBSERVICE>> 0.027s
PaKeLiKa>> CHAT lol alliance is logged on>> 0.191s
PaKeLiKa>> CHAT here have some cards kieran xD>> 0.191s
PaKeLiKa>> TABLECREATE  TRADE@@Trade>> 0.188s
darklumina>> PING>> 0.039s
KieranCarden>> PING>> 0.027s
PaKeLiKa>> PING>> 0.048s
KieranCarden>> TABLEJOIN 1>> 0.669s
PaKeLiKa>> WEBSERVICE>> 0.027s
KieranCarden>> WEBSERVICE>> 0.029s
PaKeLiKa>> WEBSERVICE>> 0.028s
PaKeLiKa>> TRADESEND Aladdin>> 0.335s
PaKeLiKa>> TRADESEND Ariel>> 0.122s
PaKeLiKa>> TRADESEND Beast>> 0.114s
PaKeLiKa>> TRADESEND Donald>> 0.126s
PaKeLiKa>> TRADESEND Goofy>> 0.121s
PaKeLiKa>> TRADEFINISHED 1>> 0.111s
KieranCarden>> TRADEFINISHED 1>> 0.74s
KieranCarden>> CHAT lol, thanks man>> 0.165s
PaKeLiKa>> CHAT lol not a problem>> 0.229s
PaKeLiKa>> WEBSERVICE>> 0.028s
PaKeLiKa>> WEBSERVICE>> 0.028s
PaKeLiKa>> WEBSERVICE>> 0.028s
PaKeLiKa>> WEBSERVICE>> 0.028s
PaKeLiKa>> WEBSERVICE>> 0.042s
PaKeLiKa>> WEBSERVICE>> 0.029s
PaKeLiKa>> WEBSERVICE>> 0.029s
darklumina>> PING>> 0.029s
KieranCarden>> PING>> 0.028s
PaKeLiKa>> WEBSERVICE>> 0.037s
PaKeLiKa>> PING>> 0.038s
PaKeLiKa>> WEBSERVICE>> 0.029s
KieranCarden>> WEBSERVICE>> 0.029s
PaKeLiKa>> WEBSERVICE>> 0.041s
KieranCarden>> WEBSERVICE>> 0.032s
PaKeLiKa>> VETERANALTERNATETRAIN greedy>> 0.345s
KieranCarden>> WEBSERVICE>> 0.028s
KieranCarden>> WEBSERVICE>> 0.043s
PaKeLiKa>> WEBSERVICE>> 0.029s
PaKeLiKa>> WEBSERVICE>> 0.031s
PaKeLiKa>> WEBSERVICE>> 0.031s
PaKeLiKa>> WEBSERVICE>> 0.028s
PaKeLiKa>> WEBSERVICE>> 0.028s
PaKeLiKa>> VETERANALTERNATETRAIN active>> 0.183s
KieranCarden>> CHAT well, if you wanna add to that ticket, I have Gold Enhance at level 5 and I didn't get any extra gold>> 0.175s
PaKeLiKa>> WEBSERVICE>> 0.028s
PaKeLiKa>> WEBSERVICE>> 0.027s
PaKeLiKa>> WEBSERVICE>> 0.028s
PaKeLiKa>> WEBSERVICE>> 0.028s
PaKeLiKa>> CHAT i cant train any of the VA so far :(>> 0.209s
KieranCarden>> WEBSERVICE>> 0.054s
KieranCarden>> WEBSERVICE>> 0.027s
KieranCarden>> WEBSERVICE>> 0.028s
PaKeLiKa>> WEBSERVICE>> 0.029s
KieranCarden>> VETERANALTERNATETRAIN gold>> 0.377s
PaKeLiKa>> VETERANALTERNATETRAIN bounty>> 0.607s
KieranCarden>> WEBSERVICE>> 0.028s
KieranCarden>> WEBSERVICE>> 0.028s
KieranCarden>> VETERANALTERNATETRAIN gold>> 0.276s
KieranCarden>> WEBSERVICE>> 0.029s
KieranCarden>> WEBSERVICE>> 0.029s
KieranCarden>> VETERANALTERNATETRAIN gold>> 0.271s
PaKeLiKa>> WEBSERVICE>> 0.03s
KieranCarden>> WEBSERVICE>> 0.029s
PaKeLiKa>> WEBSERVICE>> 0.027s
KieranCarden>> WEBSERVICE>> 0.027s
KieranCarden>> VETERANALTERNATETRAIN gold>> 0.276s
PaKeLiKa>> WEBSERVICE>> 0.044s
PaKeLiKa>> WEBSERVICE>> 0.028s
KieranCarden>> WEBSERVICE>> 0.028s
KieranCarden>> WEBSERVICE>> 0.04s
PaKeLiKa>> WEBSERVICE>> 0.028s
PaKeLiKa>> VETERANALTERNATETRAIN experience>> 0.165s
KieranCarden>> VETERANALTERNATETRAIN gold>> 0.244s
darklumina>> PING>> 0.028s
KieranCarden>> WEBSERVICE>> 0.047s
PaKeLiKa>> PING>> 0.027s
KieranCarden>> WEBSERVICE>> 0.027s
KieranCarden>> PING>> 0.028s
KieranCarden>> WEBSERVICE>> 0.028s
KieranCarden>> VETERANALTERNATETRAIN token>> 0.32s
KieranCarden>> WEBSERVICE>> 0.027s
KieranCarden>> WEBSERVICE>> 0.027s
PaKeLiKa>> CHAT cant even do the expereince one>> 0.178s
KieranCarden>> VETERANALTERNATETRAIN token>> 0.26s
KieranCarden>> WEBSERVICE>> 0.029s
KieranCarden>> WEBSERVICE>> 0.029s
PaKeLiKa>> WEBSERVICE>> 0.028s
PaKeLiKa>> WEBSERVICE>> 0.029s
PaKeLiKa>> WEBSERVICE>> 0.029s
PaKeLiKa>> WEBSERVICE>> 0.028s
PaKeLiKa>> WEBSERVICE>> 0.028s
PaKeLiKa>> VETERANALTERNATETRAIN enhance>> 0.186s
KieranCarden>> CHAT want an EC? I just got 4 tokens>> 0.135s
PaKeLiKa>> CHAT lol naturally>> 0.176s
PaKeLiKa>> WEBSERVICE>> 0.033s
KieranCarden>> WEBSERVICE>> 0.028s
PaKeLiKa>> WEBSERVICE>> 0.028s
PaKeLiKa>> WEBSERVICE>> 0.028s
PaKeLiKa>> WEBSERVICE>> 0.029s
PaKeLiKa>> WEBSERVICE>> 0.028s
PaKeLiKa>> VETERANALTERNATETRAIN extended>> 0.162s
KieranCarden>> WEBSERVICE>> 0.029s
darklumina>> PING>> 0.028s
KieranCarden>> PING>> 0.029s
PaKeLiKa>> PING>> 0.032s
PaKeLiKa>> WEBSERVICE>> 0.028s
KieranCarden>> CHAT too bad this doesn't go onto the main account>> 0.168s
PaKeLiKa>> WEBSERVICE>> 0.03s
PaKeLiKa>> WEBSERVICE>> 0.03s
PaKeLiKa>> WEBSERVICE>> 0.028s
PaKeLiKa>> WEBSERVICE>> 0.028s
PaKeLiKa>> VETERANALTERNATETRAIN gold>> 0.177s
KieranCarden>> CHAT what'cha want?>> 0.149s
PaKeLiKa>> CHAT yea i cant train any VAs at all>> 0.492s
PaKeLiKa>> CHAT tried them all>> 0.186s
PaKeLiKa>> CHAT pick one for yousrelf kieran lol>> 0.197s
PaKeLiKa>> CHAT enjoy it while ya have it XD>> 0.191s
PaKeLiKa>> WEBSERVICE>> 0.03s
PaKeLiKa>> WEBSERVICE>> 0.029s
KieranCarden>> TOKENREDEEM Opera>> 0.281s
KieranCarden>> CHAT lol>> 0.146s
KieranCarden>> CHAT Opera <3>> 0.175s
darklumina>> PING>> 0.028s
PaKeLiKa>> PING>> 0.035s
KieranCarden>> PING>> 0.037s
KieranCarden>> CHAT Imma buy some packs, since it doesn't matter>> 0.163s
KieranCarden>> WEBSERVICE>> 0.027s
KieranCarden>> CARDPACK Returners%20Pack>> 1.606s
darklumina>> PING>> 0.058s
KieranCarden>> PING>> 0.028s
PaKeLiKa>> PING>> 0.027s
KieranCarden>> CARDPACK Returners%20Pack>> 1.734s
KieranCarden>> CHAT bah>> 0.182s
KieranCarden>> CHAT couple espers>> 0.145s
darklumina>> PING>> 0.03s
KieranCarden>> PING>> 0.027s
PaKeLiKa>> PING>> 0.054s
KieranCarden>> WEBSERVICE>> 0.029s
KieranCarden>> WEBSERVICE>> 0.029s
KieranCarden>> WEBSERVICE>> 0.028s
KieranCarden>> WEBSERVICE>> 0.028s
KieranCarden>> WEBSERVICE>> 0.041s
KieranCarden>> VETERANALTERNATETRAIN bounty>> 0.269s
KieranCarden>> WEBSERVICE>> 0.027s
KieranCarden>> WEBSERVICE>> 0.028s
KieranCarden>> WEBSERVICE>> 0.027s
KieranCarden>> VETERANALTERNATETRAIN enhance>> 0.326s
KieranCarden>> WEBSERVICE>> 0.028s
KieranCarden>> WEBSERVICE>> 0.029s
KieranCarden>> WEBSERVICE>> 0.029s
KieranCarden>> VETERANALTERNATETRAIN greedy>> 0.346s
KieranCarden>> WEBSERVICE>> 0.031s
KieranCarden>> WEBSERVICE>> 0.007s
KieranCarden>> WEBSERVICE>> 0.027s
KieranCarden>> WEBSERVICE>> 0.028s
KieranCarden>> VETERANALTERNATETRAIN vip>> 0.127s
darklumina>> PING>> 0.028s
KieranCarden>> PING>> 0.033s
PaKeLiKa>> PING>> 0.033s
KieranCarden>> CHAT every VA works for me except VIP Roller>> 0.149s
PaKeLiKa>> CHAT bbl>> 0.214s
KieranCarden>> CHAT okay, later man>> 0.165s
darklumina>> PING>> 0.032s
KieranCarden>> PING>> 0.027s
PaKeLiKa>> PING>> 0.028s
KieranCarden>> TREASUREHUNTER>> 0.386s
KieranCarden>> TREASUREHUNTER>> 0.218s
KieranCarden>> TREASUREHUNTER>> 0.332s
KieranCarden>> TREASUREHUNTER>> 0.203s
KieranCarden>> TREASUREHUNTER>> 0.295s
KieranCarden>> TREASUREHUNTER>> 0.208s
KieranCarden>> TREASUREHUNTER>> 0.226s
KieranCarden>> TREASUREHUNTER>> 0.384s
KieranCarden>> TREASUREHUNTER>> 0.235s
KieranCarden>> TREASUREHUNTER>> 0.425s
KieranCarden>> TREASUREHUNTER>> 0.441s
KieranCarden>> TREASUREHUNTER>> 0.245s
KieranCarden>> TREASUREHUNTER>> 0.378s
KieranCarden>> TREASUREHUNTER>> 0.371s
KieranCarden>> TREASUREHUNTER>> 0.209s
KieranCarden>> TREASUREHUNTER>> 0.325s
KieranCarden>> TREASUREHUNTER>> 0.392s
KieranCarden>> TREASUREHUNTER>> 0.204s
darklumina>> PING>> 0.03s
KieranCarden>> PING>> 0.028s
PaKeLiKa>> PING>> 0.041s
KieranCarden>> TREASUREHUNTER>> 0.499s
KieranCarden>> TREASUREHUNTER>> 0.219s
KieranCarden>> TREASUREHUNTER>> 0.207s
KieranCarden>> TREASUREHUNTER>> 0.224s
KieranCarden>> TREASUREHUNTER>> 0.32s
KieranCarden>> TREASUREHUNTER>> 0.211s
KieranCarden>> TREASUREHUNTER>> 0.205s
KieranCarden>> TREASUREHUNTER>> 0.31s
KieranCarden>> TREASUREHUNTER>> 0.248s
KieranCarden>> TREASUREHUNTER>> 0.357s
>> QUIT 0 1>> 0.338s
darklumina>> PING>> 0.029s
PaKeLiKa>> PING>> 0.028s
darklumina>> PING>> 0.028s
PaKeLiKa>> PING>> 0.029s
darklumina>> PING>> 0.028s
PaKeLiKa>> PING>> 0.027s
darklumina>> PING>> 0.029s
PaKeLiKa>> PING>> 0.029s
darklumina>> PING>> 0.029s
PaKeLiKa>> PING>> 0.028s
darklumina>> PING>> 0.029s
PaKeLiKa>> PING>> 0.028s
darklumina>> PING>> 0.055s
PaKeLiKa>> PING>> 0.031s
PaKeLiKa>> CHAT /me is away.  Reason: Idle>> 0.177s
PaKeLiKa>> AWAY 1>> 0.027s
darklumina>> PING>> 0.029s
PaKeLiKa>> PING>> 0.027s
darklumina>> PING>> 0.027s
PaKeLiKa>> PING>> 0.029s
darklumina>> PING>> 0.028s
PaKeLiKa>> PING>> 0.028s
darklumina>> PING>> 0.029s
PaKeLiKa>> PING>> 0.028s
darklumina>> PING>> 0.037s
PaKeLiKa>> PING>> 0.029s
darklumina>> PING>> 0.028s
PaKeLiKa>> PING>> 0.029s
darklumina>> PING>> 0.027s
PaKeLiKa>> PING>> 0.028s
darklumina>> PING>> 0.028s
PaKeLiKa>> PING>> 0.028s
darklumina>> PING>> 0.049s
PaKeLiKa>> PING>> 0.033s
darklumina>> PING>> 0.028s
PaKeLiKa>> PING>> 0.028s
darklumina>> PING>> 0.029s
PaKeLiKa>> PING>> 0.027s
darklumina>> PING>> 0.028s
PaKeLiKa>> PING>> 0.027s
darklumina>> PING>> 0.028s
PaKeLiKa>> PING>> 0.031s
darklumina>> PING>> 0.027s
PaKeLiKa>> PING>> 0.027s
darklumina>> PING>> 0.028s
PaKeLiKa>> PING>> 0.028s
darklumina>> PING>> 0.028s
PaKeLiKa>> PING>> 0.028s
darklumina>> PING>> 0.028s
PaKeLiKa>> PING>> 0.029s
darklumina>> PING>> 0.028s
PaKeLiKa>> PING>> 0.027s
darklumina>> PING>> 0.028s
PaKeLiKa>> PING>> 0.028s
darklumina>> PING>> 0.029s
PaKeLiKa>> PING>> 0.028s
darklumina>> PING>> 0.028s
PaKeLiKa>> PING>> 0.027s
darklumina>> PING>> 0.028s
PaKeLiKa>> PING>> 0.028s
darklumina>> PING>> 0.027s
PaKeLiKa>> PING>> 0.028s
darklumina>> PING>> 0.027s
PaKeLiKa>> PING>> 0.027s
darklumina>> PING>> 0.027s
PaKeLiKa>> PING>> 0.027s
darklumina>> PING>> 0.027s
PaKeLiKa>> PING>> 0.027s
darklumina>> PING>> 0.03s
PaKeLiKa>> PING>> 0.027s
darklumina>> PING>> 0.031s
PaKeLiKa>> PING>> 0.028s
darklumina>> PING>> 0.028s
PaKeLiKa>> PING>> 0.028s
darklumina>> PING>> 0.028s
PaKeLiKa>> PING>> 0.028s
darklumina>> PING>> 0.027s
PaKeLiKa>> PING>> 0.027s
darklumina>> PING>> 0.027s
PaKeLiKa>> PING>> 0.027s
darklumina>> PING>> 0.028s
PaKeLiKa>> PING>> 0.027s
darklumina>> PING>> 0.028s
PaKeLiKa>> PING>> 0.028s
darklumina>> PING>> 0.027s
PaKeLiKa>> PING>> 0.028s
darklumina>> PING>> 0.028s
PaKeLiKa>> PING>> 0.027s
darklumina>> PING>> 0.027s
PaKeLiKa>> PING>> 0.028s
darklumina>> PING>> 0.027s
PaKeLiKa>> PING>> 0.029s
darklumina>> PING>> 0.027s
PaKeLiKa>> PING>> 0.028s
darklumina>> PING>> 0.028s
PaKeLiKa>> PING>> 0.029s
darklumina>> PING>> 0.027s
PaKeLiKa>> PING>> 0.028s
darklumina>> PING>> 0.028s
PaKeLiKa>> PING>> 0.029s
darklumina>> PING>> 0.027s
PaKeLiKa>> PING>> 0.037s
darklumina>> PING>> 0.028s
PaKeLiKa>> PING>> 0.03s
darklumina>> PING>> 0.028s
PaKeLiKa>> PING>> 0.027s
darklumina>> PING>> 0.028s
PaKeLiKa>> PING>> 0.028s
darklumina>> PING>> 0.027s
PaKeLiKa>> PING>> 0.027s
darklumina>> PING>> 0.028s
PaKeLiKa>> PING>> 0.029s
darklumina>> PING>> 0.028s
PaKeLiKa>> PING>> 0.027s
darklumina>> PING>> 0.028s
PaKeLiKa>> PING>> 0.027s
darklumina>> PING>> 0.027s
PaKeLiKa>> PING>> 0.028s
darklumina>> PING>> 0.028s
PaKeLiKa>> PING>> 0.028s
darklumina>> PING>> 0.027s
PaKeLiKa>> PING>> 0.027s
darklumina>> PING>> 0.028s
PaKeLiKa>> PING>> 0.027s
darklumina>> PING>> 0.028s
PaKeLiKa>> PING>> 0.028s
darklumina>> PING>> 0.029s
PaKeLiKa>> PING>> 0.027s
darklumina>> PING>> 0.027s
PaKeLiKa>> PING>> 0.028s
darklumina>> PING>> 0.028s
PaKeLiKa>> PING>> 0.028s
darklumina>> PING>> 0.028s
PaKeLiKa>> PING>> 0.028s
darklumina>> PING>> 0.028s
PaKeLiKa>> PING>> 0.028s
darklumina>> PING>> 0.027s
PaKeLiKa>> PING>> 0.029s
darklumina>> PING>> 0.027s
PaKeLiKa>> PING>> 0.027s
darklumina>> PING>> 0.028s
PaKeLiKa>> PING>> 0.027s
darklumina>> PING>> 0.028s
PaKeLiKa>> PING>> 0.027s
darklumina>> PING>> 0.028s
PaKeLiKa>> PING>> 0.027s
darklumina>> PING>> 0.028s
PaKeLiKa>> PING>> 0.029s
darklumina>> PING>> 0.028s
PaKeLiKa>> PING>> 0.028s
darklumina>> PING>> 0.028s
PaKeLiKa>> PING>> 0.027s
darklumina>> PING>> 0.029s
PaKeLiKa>> PING>> 0.027s
darklumina>> PING>> 0.028s
PaKeLiKa>> PING>> 0.027s
darklumina>> PING>> 0.028s
PaKeLiKa>> PING>> 0.029s
darklumina>> PING>> 0.027s
PaKeLiKa>> PING>> 0.028s
PaKeLiKa>> PING>> 0.028s
darklumina>> PING>> 0.028s
darklumina>> PING>> 0.028s
PaKeLiKa>> PING>> 0.028s
darklumina>> PING>> 0.028s
PaKeLiKa>> PING>> 0.028s
darklumina>> PING>> 0.027s
PaKeLiKa>> PING>> 0.031s
darklumina>> PING>> 0.027s
PaKeLiKa>> PING>> 0.05s
darklumina>> PING>> 0.031s
PaKeLiKa>> PING>> 0.035s
darklumina>> PING>> 0.027s
PaKeLiKa>> PING>> 0.03s
darklumina>> PING>> 0.028s
PaKeLiKa>> PING>> 0.028s
darklumina>> PING>> 0.028s
PaKeLiKa>> PING>> 0.028s
darklumina>> PING>> 0.027s
PaKeLiKa>> PING>> 0.027s
darklumina>> PING>> 0.029s
PaKeLiKa>> PING>> 0.03s
darklumina>> PING>> 0.028s
PaKeLiKa>> PING>> 0.027s
darklumina>> PING>> 0.027s
PaKeLiKa>> PING>> 0.028s
darklumina>> PING>> 0.027s
PaKeLiKa>> PING>> 0.027s
darklumina>> PING>> 0.028s
PaKeLiKa>> PING>> 0.029s
darklumina>> PING>> 0.027s
PaKeLiKa>> PING>> 0.028s
darklumina>> PING>> 0.03s
PaKeLiKa>> PING>> 0.027s
darklumina>> PING>> 0.028s
PaKeLiKa>> PING>> 0.028s
darklumina>> PING>> 0.028s
PaKeLiKa>> PING>> 0.028s
darklumina>> PING>> 0.029s
PaKeLiKa>> PING>> 0.027s
darklumina>> PING>> 0.028s
PaKeLiKa>> PING>> 0.028s
darklumina>> PING>> 0.027s
PaKeLiKa>> PING>> 0.027s
darklumina>> PING>> 0.028s
PaKeLiKa>> PING>> 0.029s
darklumina>> PING>> 0.033s
PaKeLiKa>> PING>> 0.028s
darklumina>> PING>> 0.027s
PaKeLiKa>> PING>> 0.027s
PaKeLiKa>> >> 0s
PaKeLiKa>> AWAY 0>> 0.939s
PaKeLiKa>> CHAT gotta relog>> 0.169s
>> QUIT 0 1>> 0.218s
>> VERSION 2.10.1>> 0.034s
PaKeLiKa>> LOADGAME PaKeLiKa tifa17>> 0.518s
PaKeLiKa>> TABLEQUERY 1>> 0.027s
PaKeLiKa>> EXTRACHECK>> 0.027s
darklumina>> PING>> 0.027s
PaKeLiKa>> PING>> 0.027s
darklumina>> PING>> 0.028s
PaKeLiKa>> PING>> 0.027s
darklumina>> PING>> 0.027s
PaKeLiKa>> PING>> 0.027s
darklumina>> PING>> 0.027s
PaKeLiKa>> PING>> 0.029s
darklumina>> PING>> 0.027s
PaKeLiKa>> PING>> 0.043s
darklumina>> PING>> 0.027s
PaKeLiKa>> PING>> 0.028s
darklumina>> PING>> 0.028s
PaKeLiKa>> PING>> 0.027s
darklumina>> PING>> 0.028s
PaKeLiKa>> PING>> 0.028s
darklumina>> PING>> 0.027s
PaKeLiKa>> WEBSERVICE>> 0.028s
PaKeLiKa>> PING>> 0.027s
>> VERSION 2.10.1>> 0.041s
pakelika>> LOADGAME pakelika tifa17>> 0.466s
pakelika>> TABLEQUERY 1>> 0.028s
pakelika>> EXTRACHECK>> 0.031s
darklumina>> PING>> 0.028s
pakelika>> WEBSERVICE>> 0.028s
darklumina>> PING>> 0.03s
>> VERSION 2.10.1>> 0.036s
KieranCarden>> LOADGAME KieranCarden letmein>> 0.332s
KieranCarden>> TABLEQUERY 1>> 0.028s
KieranCarden>> EXTRACHECK>> 0.028s
darklumina>> PING>> 0.027s
KieranCarden>> PING>> 0.027s
darklumina>> PING>> 0.028s
KieranCarden>> PING>> 0.028s
>> VERSION 2.10.1>> 0.033s
pakelika>> LOADGAME pakelika tifa17>> 0.353s
pakelika>> TABLEQUERY 1>> 0.028s
pakelika>> EXTRACHECK>> 0.027s
darklumina>> PING>> 0.027s
pakelika>> PING>> 0.027s
KieranCarden>> PING>> 0.028s
pakelika>> CHAT xD>> 0.174s
pakelika>> CHAT i kept getting runtime error when loading VA>> 0.177s
pakelika>> CHAT i told darky tho>> 0.18s
pakelika>> TABLECREATE  TRADE@@Trade>> 0.168s
KieranCarden>> TABLEJOIN 1>> 0.353s
pakelika>> WEBSERVICE>> 0.028s
darklumina>> PING>> 0.027s
>> VERSION 2.10.1>> 0.033s
pakelika>> LOADGAME pakelika tifa17>> 0.361s
pakelika>> TABLEQUERY 1>> 0.027s
pakelika>> EXTRACHECK>> 0.027s
KieranCarden>> WEBSERVICE>> 0.027s
KieranCarden>> PING>> 0.028s
pakelika>> TABLECREATE  TRADE@@Trade>> 0.21s
pakelika>> TABLECLOSE>> 0.079s
darklumina>> PING>> 0.027s
pakelika>> PING>> 0.027s
>> VERSION 2.10.1>> 0.033s
KieranCarden>> LOADGAME KieranCarden letmein>> 0.371s
KieranCarden>> TABLEQUERY 1>> 0.028s
KieranCarden>> EXTRACHECK>> 0.029s
pakelika>> TABLECREATE  TRADE@@Trade>> 0.194s
KieranCarden>> TABLEJOIN 1>> 0.355s
pakelika>> WEBSERVICE>> 0.027s
darklumina>> PING>> 0.028s
KieranCarden>> WEBSERVICE>> 0.028s
KieranCarden>> PING>> 0.027s
>> VERSION 2.10.1>> 0.033s
KieranCarden>> LOADGAME KieranCarden letmein>> 0.371s
KieranCarden>> TABLEQUERY 1>> 0.027s
KieranCarden>> EXTRACHECK>> 0.027s
>> VERSION 2.10.1>> 0.033s
pakelika>> LOADGAME pakelika tifa17>> 0.396s
pakelika>> TABLEQUERY 1>> 0.028s
pakelika>> EXTRACHECK>> 0.028s
darklumina>> PING>> 0.028s
KieranCarden>> PING>> 0.027s
pakelika>> PING>> 0.038s
pakelika>> TABLECREATE>> 0.633s
pakelika>> WEBSERVICE>> 0.027s
KieranCarden>> TABLEJOIN 1>> 0.656s
pakelika>> WEBSERVICE>> 0.027s
darklumina>> PING>> 0.029s
KieranCarden>> PING>> 0.032s
pakelika>> PING>> 0.041s
pakelika>> TABLECLOSE>> 0.095s
pakelika>> CHAT hmm can you make a table and set rules to immune sudden death>> 0.172s
pakelika>> CHAT im getting an error when i try to change rules>> 0.192s
KieranCarden>> CHAT I'll try>> 0.147s
darklumina>> PING>> 0.028s
pakelika>> PING>> 0.027s
KieranCarden>> TABLECREATE>> 0.263s
KieranCarden>> PING>> 0.027s
pakelika>> TABLEJOIN 1>> 0.745s
KieranCarden>> WEBSERVICE>> 0.027s
darklumina>> PING>> 0.028s
KieranCarden>> PING>> 0.027s
pakelika>> PING>> 0.036s
pakelika>> TABLECLOSE>> 0.069s
KieranCarden>> TABLECLOSE>> 0.076s
>> QUIT 0 1>> 0.244s
>> VERSION 2.10.1>> 0.034s
pakelika>> LOADGAME pakelika tifa17>> 0.453s
pakelika>> TABLEQUERY 1>> 0.028s
pakelika>> EXTRACHECK>> 0.028s
pakelika>> TABLECREATE>> 0.323s
darklumina>> PING>> 0.027s
KieranCarden>> PING>> 0.027s
pakelika>> WEBSERVICE>> 0.027s
pakelika>> PING>> 0.027s
pakelika>> TABLECLOSE>> 0.076s
pakelika>> CHAT same deal>> 0.169s
pakelika>> CHAT :(>> 0.177s
pakelika>> CHAT ok guess we are not testing sudden death, nuetral, minus and multiply then lol>> 0.192s
KieranCarden>> CHAT lol>> 0.142s
pakelika>> TABLECREATE>> 0.209s
darklumina>> PING>> 0.029s
KieranCarden>> PING>> 0.029s
KieranCarden>> CHAT try making a tournament>> 0.142s
pakelika>> WEBSERVICE>> 0.03s
pakelika>> PING>> 0.027s
KieranCarden>> CHAT I got an error last time saying the deck rules could not be retrieved when I picked what kind of game to make (OTT, TT, etc)>> 0.25s
pakelika>> CHAT k >> 0.173s
pakelika>> CHAT ty>> 0.219s
pakelika>> CHAT any others?>> 0.176s
darklumina>> PING>> 0.028s
KieranCarden>> PING>> 0.031s
pakelika>> PING>> 0.028s
KieranCarden>> CHAT mmm, not that I can think of>> 0.137s
pakelika>> WEBSERVICE>> 0.027s
darklumina>> PING>> 0.027s
KieranCarden>> PING>> 0.027s
>> VERSION 2.10.1>> 0.036s
pakelika>> LOADGAME pakelika tifa17>> 0.353s
pakelika>> TABLEQUERY 1>> 0.028s
pakelika>> EXTRACHECK>> 0.029s
pakelika>> CHAT hm try to load up your shop>> 0.165s
darklumina>> PING>> 0.028s
KieranCarden>> PING>> 0.027s
pakelika>> WEBSERVICE>> 0.027s
pakelika>> PING>> 0.027s
pakelika>> WEBSERVICE>> 0.027s
KieranCarden>> WEBSERVICE>> 0.032s
darklumina>> PING>> 0.027s
pakelika>> PING>> 0.028s
>> VERSION 2.0.9>> 0.039s
darklumina>> PING>> 0.028s
pakelika>> PING>> 0.027s
darklumina>> PING>> 0.028s
pakelika>> PING>> 0.027s
darklumina>> PING>> 0.027s
pakelika>> PING>> 0.028s
darklumina>> PING>> 0.038s
pakelika>> PING>> 0.027s
pakelika>> CHAT lawl>> 0.165s
darklumina>> PING>> 0.027s
pakelika>> PING>> 0.027s
pakelika>> CHAT guess that explains that>> 0.179s
darklumina>> PING>> 0.028s
pakelika>> PING>> 0.028s
darklumina>> PING>> 0.027s
pakelika>> PING>> 0.029s
darklumina>> PING>> 0.03s
pakelika>> PING>> 0.027s
darklumina>> PING>> 0.027s
pakelika>> PING>> 0.028s
darklumina>> PING>> 0.028s
pakelika>> PING>> 0.027s
darklumina>> PING>> 0.029s
pakelika>> PING>> 0.027s
darklumina>> PING>> 0.027s
pakelika>> PING>> 0.027s
darklumina>> PING>> 0.028s
pakelika>> PING>> 0.033s
darklumina>> PING>> 0.028s
pakelika>> PING>> 0.027s
darklumina>> PING>> 0.027s
pakelika>> PING>> 0.027s
pakelika>> CHAT /me is away.  Reason: Idle>> 0.168s
pakelika>> AWAY 1>> 0.029s
darklumina>> PING>> 0.027s
pakelika>> PING>> 0.028s
darklumina>> PING>> 0.028s
pakelika>> PING>> 0.027s
darklumina>> PING>> 0.029s
pakelika>> PING>> 0.028s
darklumina>> PING>> 0.028s
pakelika>> PING>> 0.03s
darklumina>> PING>> 0.027s
pakelika>> PING>> 0.027s
darklumina>> PING>> 0.027s
pakelika>> PING>> 0.029s
darklumina>> PING>> 0.028s
pakelika>> PING>> 0.042s
darklumina>> PING>> 0.029s
pakelika>> PING>> 0.029s
darklumina>> PING>> 0.027s
pakelika>> PING>> 0.029s
darklumina>> PING>> 0.028s
pakelika>> PING>> 0.028s
darklumina>> PING>> 0.027s
pakelika>> PING>> 0.029s
darklumina>> PING>> 0.027s
pakelika>> PING>> 0.032s
darklumina>> PING>> 0.028s
pakelika>> PING>> 0.028s
darklumina>> PING>> 0.028s
pakelika>> PING>> 0.028s
darklumina>> PING>> 0.039s
pakelika>> PING>> 0.029s
darklumina>> PING>> 0.027s
pakelika>> PING>> 0.028s
darklumina>> PING>> 0.032s
pakelika>> PING>> 0.028s
darklumina>> PING>> 0.028s
pakelika>> PING>> 0.027s
darklumina>> PING>> 0.028s
pakelika>> PING>> 0.027s
darklumina>> PING>> 0.029s
pakelika>> PING>> 0.035s
darklumina>> PING>> 0.027s
pakelika>> PING>> 0.027s
darklumina>> PING>> 0.028s
pakelika>> PING>> 0.027s
darklumina>> PING>> 0.028s
pakelika>> PING>> 0.028s
darklumina>> PING>> 0.091s
pakelika>> PING>> 0.038s
darklumina>> PING>> 0.032s
pakelika>> PING>> 0.029s
darklumina>> PING>> 0.032s
pakelika>> PING>> 0.029s
darklumina>> PING>> 0.041s
pakelika>> PING>> 0.058s
darklumina>> PING>> 0.028s
pakelika>> PING>> 0.038s
darklumina>> PING>> 0.028s
pakelika>> PING>> 0.028s
darklumina>> PING>> 0.027s
pakelika>> PING>> 0.038s
pakelika>> WEBSERVICE>> 0.029s
>> VERSION 2.10.1>> 0.039s
pakelika>> LOADGAME pakelika tifa17>> 0.473s
pakelika>> TABLEQUERY 1>> 0.029s
pakelika>> EXTRACHECK>> 0.027s
darklumina>> PING>> 0.028s
pakelika>> PING>> 0.027s
darklumina>> WEBSERVICE>> 0.064s
pakelika>> PING>> 0.028s
pakelika>> PING>> 0.033s
pakelika>> PING>> 0.038s
pakelika>> PING>> 0.028s
pakelika>> PING>> 0.032s
pakelika>> PING>> 0.028s
pakelika>> PING>> 0.029s
pakelika>> PING>> 0.031s
pakelika>> PING>> 0.029s
pakelika>> PING>> 0.027s
pakelika>> PING>> 0.038s
pakelika>> PING>> 0.028s
pakelika>> PING>> 0.028s
pakelika>> PING>> 0.028s
pakelika>> PING>> 0.071s
pakelika>> PING>> 0.028s
pakelika>> PING>> 0.029s
pakelika>> PING>> 0.029s
pakelika>> WEBSERVICE>> 0.029s
pakelika>> WEBSERVICE>> 0.033s
pakelika>> WEBSERVICE>> 0.034s
pakelika>> WEBSERVICE>> 0.027s
pakelika>> PING>> 0.03s
pakelika>> WEBSERVICE>> 0.028s
pakelika>> WEBSERVICE>> 0.029s
pakelika>> WEBSERVICE>> 0.029s
pakelika>> WEBSERVICE>> 0.028s
pakelika>> WEBSERVICE>> 0.044s
pakelika>> WEBSERVICE>> 0.07s
pakelika>> WEBSERVICE>> 0.028s
pakelika>> WEBSERVICE>> 0.028s
pakelika>> WEBSERVICE>> 0.029s
pakelika>> WEBSERVICE>> 0.029s
pakelika>> PING>> 0.028s
pakelika>> CHAT /me is back.>> 0.171s
pakelika>> AWAY 0>> 0.029s
pakelika>> PING>> 0.029s
>> VERSION 2.10.1>> 0.036s
darklumina>> LOADGAME darklumina pantyraid13>> 0.411s
darklumina>> TABLEQUERY 1>> 0.061s
darklumina>> EXTRACHECK>> 0.061s
darklumina>> PING>> 0.031s
pakelika>> PING>> 0.028s
darklumina>> WEBSERVICE>> 0.03s
darklumina>> WEBSERVICE>> 0.043s
darklumina>> WEBSERVICE>> 0.028s
darklumina>> WEBSERVICE>> 0.033s
darklumina>> PING>> 0.029s
pakelika>> PING>> 0.029s
pakelika>> CHAT howdy boss>> 0.385s
darklumina>> PING>> 0.032s
pakelika>> PING>> 0.037s
pakelika>> PING>> 0.029s
darklumina>> PING>> 0.037s
darklumina>> PING>> 0.028s
pakelika>> PING>> 0.027s
>> VERSION 2.10.1>> 0.035s
hitman>> LOADGAME hitman 123>> 0.871s
hitman>> TABLEQUERY 1>> 0.029s
hitman>> EXTRACHECK>> 0.036s
hitman>> CHAT look at me muahaha im a nub i suck at this game>> 0.176s
darklumina>> PING>> 0.031s
pakelika>> PING>> 0.029s
hitman>> PING>> 0.042s
hitman>> CHAT im giving away free cards to anyone who can tell me what a nub i am>> 0.184s
darklumina>> PING>> 0.049s
hitman>> PING>> 0.028s
pakelika>> TABLECREATE>> 0.201s
pakelika>> PING>> 0.028s
pakelika>> WEBSERVICE>> 0.028s
pakelika>> CHANGERULE 0 0 1 0 0 0 0 0 0 0 0 0 0 0 0 0 0 0 0 0 0 0 0 0 0 0 0 1 0 0 0 0 0 1 0 0 0 0 0 0@@Triple%20Triad@@ Anime Anime2 CC Crusade FF6 FF7 FF9 FFAC FFT FFX KingdomHearts Nintendo Sega Standard Suikoden2 XenoTrigger>> 0.135s
hitman>> TABLEJOIN 1>> 0.82s
hitman>> GAMEREADY>> 0.055s
pakelika>> GAMEREADY>> 0.632s
pakelika>> WEBSERVICE>> 0.027s
pakelika>> WEBSERVICE>> 0.027s
darklumina>> PING>> 0.027s
pakelika>> PING>> 0.028s
hitman>> PING>> 0.027s
darklumina>> PING>> 0.029s
pakelika>> PING>> 0.029s
hitman>> PING>> 0.028s
pakelika>> TT_MYCARD Celia Delita%20Hyral%20Squire Druksmald%20Goltana Bolmna Altima%20Arch%20Angel>> 0.511s
hitman>> WEBSERVICE>> 0.03s
hitman>> WEBSERVICE>> 0.029s
hitman>> TT_MYCARD APS Blugu Ark%20Dragon Bottom%20Swell Angry%20Grenade>> 0.531s
darklumina>> PING>> 0.029s
pakelika>> PING>> 0.029s
hitman>> PING>> 0.028s
pakelika>> TT_PLACEAT 0 0>> 0.349s
hitman>> TT_PLACEAT 1 0>> 0.317s
pakelika>> TT_PLACEAT 2 2>> 0.154s
hitman>> TT_PLACEAT 3 1>> 0.17s
pakelika>> TT_PLACEAT 4 1>> 0.162s
hitman>> TT_PLACEAT 5 2>> 0.189s
pakelika>> TT_PLACEAT 6 4>> 0.184s
hitman>> TT_PLACEAT 7 4>> 0.207s
pakelika>> TT_PLACEAT 8 3>> 0.301s
pakelika>> TT_PLACEAT 0 0>> 0.139s
hitman>> TT_PLACEAT 1 0>> 0.221s
pakelika>> TT_PLACEAT 2 1>> 0.152s
hitman>> TT_PLACEAT 3 1>> 0.144s
pakelika>> TT_PLACEAT 4 2>> 0.166s
darklumina>> >> 0s
darklumina>> AWAY 1>> 0.321s
darklumina>> PING>> 0.034s
pakelika>> PING>> 0.028s
hitman>> PING>> 0.028s
pakelika>> ADMINLOGIN 34158108>> 0.221s
pakelika>> WEBSERVICE>> 0.031s
pakelika>> TABLEENDMATCH pakelika>> 0.14s
darklumina>> PING>> 0.031s
pakelika>> PING>> 0.028s
hitman>> PING>> 0.042s
pakelika>> WEBSERVICE>> 0.028s
pakelika>> WEBSERVICE>> 0.032s
pakelika>> WEBSERVICE>> 0.028s
pakelika>> WEBSERVICE>> 0.10s
pakelika>> WEBSERVICE>> 0.029s
pakelika>> WEBSERVICE>> 0.028s
pakelika>> VETERANALTERNATETRAIN active>> 0.191s
pakelika>> WEBSERVICE>> 0.028s
pakelika>> WEBSERVICE>> 0.028s
pakelika>> WEBSERVICE>> 0.027s
pakelika>> WEBSERVICE>> 0.029s
pakelika>> WEBSERVICE>> 0.05s
pakelika>> WEBSERVICE>> 0.028s
pakelika>> WEBSERVICE>> 0.029s
pakelika>> WEBSERVICE>> 0.028s
pakelika>> VETERANALTERNATETRAIN experience>> 0.161s
darklumina>> PING>> 0.061s
pakelika>> PING>> 0.063s
hitman>> PING>> 0.03s
pakelika>> WEBSERVICE>> 0.029s
pakelika>> WEBSERVICE>> 0.029s
pakelika>> ALTERNATESET 70>> 0.195s
pakelika>> WEBSERVICE>> 0.029s
pakelika>> WEBSERVICE>> 0.029s
pakelika>> ALTERNATESET 70>> 0.221s
pakelika>> WEBSERVICE>> 0.028s
pakelika>> WEBSERVICE>> 0.035s
darklumina>> PING>> 0.034s
pakelika>> PING>> 0.029s
hitman>> PING>> 0.027s
pakelika>> WEBSERVICE>> 0.028s
pakelika>> WEBSERVICE>> 0.028s
pakelika>> WEBSERVICE>> 0.028s
pakelika>> WEBSERVICE>> 0.028s
pakelika>> WEBSERVICE>> 0.03s
pakelika>> WEBSERVICE>> 0.028s
pakelika>> WEBSERVICE>> 0.028s
pakelika>> VETERANALTERNATETRAIN gold>> 0.269s
darklumina>> PING>> 0.031s
pakelika>> PING>> 0.028s
hitman>> PING>> 0.029s
darklumina>> PING>> 0.034s
pakelika>> PING>> 0.033s
hitman>> PING>> 0.028s
darklumina>> PING>> 0.028s
pakelika>> PING>> 0.029s
hitman>> PING>> 0.027s
darklumina>> PING>> 0.03s
pakelika>> PING>> 0.028s
hitman>> PING>> 0.033s
darklumina>> PING>> 0.027s
pakelika>> PING>> 0.028s
hitman>> PING>> 0.027s
>> VERSION 2.10.1>> 0.069s
Pakelika>> LOADGAME Pakelika tifa17>> 0.878s
Pakelika>> TABLEQUERY 1>> 0.038s
Pakelika>> EXTRACHECK>> 0.028s
Pakelika>> PING>> 0.051s
Pakelika>> PING>> 0.042s
Pakelika>> PING>> 0.033s
Pakelika>> WEBSERVICE>> 0.035s
Pakelika>> WEBSERVICE>> 0.038s
Pakelika>> WEBSERVICE>> 0.052s
Pakelika>> WEBSERVICE>> 0.065s
Pakelika>> WEBSERVICE>> 0.068s
Pakelika>> TABLECREATE>> 0.234s
Pakelika>> PING>> 0.063s
>> VERSION 2.10.1>> 0.058s
hitman>> LOADGAME hitman 123>> 0.502s
hitman>> TABLEQUERY 1>> 0.048s
hitman>> EXTRACHECK>> 0.042s
hitman>> WEBSERVICE>> 0.032s
hitman>> CARDPACK Returners%20Pack>> 2.015s
Pakelika>> PING>> 0.031s
hitman>> PING>> 0.049s
hitman>> TABLEJOIN 1>> 0.716s
Pakelika>> WEBSERVICE>> 0.029s
Pakelika>> CHANGERULE 0 1 1 0 0 0 0 0 1 1 0 0 0 0 0 1 0 1 1 0 1 0 0 0 1 0 0 0 0 0 0 0 0 0 0 0 0 0 0 1@@Triple%20Triad@@ Anime Anime2 CC Crusade FF6 FF7 FF9 FFAC FFT FFX KingdomHearts Nintendo Sega Standard Suikoden2 XenoTrigger>> 0.198s
Pakelika>> GAMEREADY>> 0.081s
hitman>> GAMEREADY>> 0.98s
Pakelika>> PING>> 0.028s
hitman>> PING>> 0.028s
Pakelika>> TT_PLACEAT 0 0>> 0.66s
hitman>> TT_PLACEAT 1 0>> 0.393s
Pakelika>> TT_PLACEAT 2 1>> 0.262s
hitman>> TT_PLACEAT 5 1>> 0.279s
Pakelika>> TT_PLACEAT 4 2>> 0.279s
hitman>> TT_PLACEAT 3 2>> 0.413s
Pakelika>> TT_PLACEAT 6 3>> 0.304s
hitman>> TT_PLACEAT 7 4>> 0.285s
Pakelika>> TT_PLACEAT 8 4>> 3.266s
Pakelika>> WEBSERVICE>> 0.028s
Pakelika>> WEBSERVICE>> 0.028s
Pakelika>> WEBSERVICE>> 0.028s
Pakelika>> WEBSERVICE>> 0.03s
Pakelika>> PING>> 0.029s
hitman>> PING>> 0.04s
Pakelika>> WEBSERVICE>> 0.028s
Pakelika>> VETERANALTERNATETRAIN gold>> 0.412s
Pakelika>> WEBSERVICE>> 0.033s
Pakelika>> WEBSERVICE>> 0.03s
Pakelika>> WEBSERVICE>> 0.028s
Pakelika>> TABLECREATE  TRADE@@Trade>> 0.186s
Pakelika>> TABLECLOSE>> 0.075s
Pakelika>> TABLECREATE>> 0.191s
hitman>> TABLEJOIN 1>> 0.663s
Pakelika>> WEBSERVICE>> 0.028s
Pakelika>> PING>> 0.029s
hitman>> PING>> 0.028s
Pakelika>> CHANGERULE 0 1 0 1 0 0 0 0 0 0 0 0 0 0 0 0 0 0 0 0 0 0 0 0 0 0 0 1 0 0 0 0 0 0 0 0 0 0 0 0@@Triple%20Triad@@ Anime Anime2 CC Crusade FF6 FF7 FF9 FFAC FFT FFX KingdomHearts Nintendo Sega Standard Suikoden2 XenoTrigger>> 0.17s
Pakelika>> GAMEREADY>> 0.061s
hitman>> GAMEREADY>> 0.394s
Pakelika>> WEBSERVICE>> 0.031s
Pakelika>> CHANGERULE 0 1 1 0 0 0 0 0 0 0 0 0 0 0 0 0 0 0 0 0 0 0 0 0 0 0 0 1 0 0 0 0 0 0 0 0 0 0 0 0@@Triple%20Triad@@ Anime Anime2 CC Crusade FF6 FF7 FF9 FFAC FFT FFX KingdomHearts Nintendo Sega Standard Suikoden2 XenoTrigger>> 0.183s
Pakelika>> GAMEREADY>> 0.051s
hitman>> GAMEREADY>> 0.511s
Pakelika>> TT_PLACEAT 0 0>> 0.158s
hitman>> TT_PLACEAT 1 0>> 0.151s
Pakelika>> TT_PLACEAT 3 1>> 0.177s
hitman>> TT_PLACEAT 8 4>> 0.165s
Pakelika>> TT_PLACEAT 4 2>> 0.165s
hitman>> TT_PLACEAT 5 3>> 0.179s
Pakelika>> TT_PLACEAT 2 3>> 0.161s
hitman>> TT_PLACEAT 7 1>> 0.185s
Pakelika>> PING>> 0.028s
hitman>> PING>> 0.027s
Pakelika>> TT_PLACEAT 6 4>> 2.659s
Pakelika>> PING>> 0.029s
hitman>> PING>> 0.029s
Pakelika>> TABLECREATE>> 0.297s
Pakelika>> WEBSERVICE>> 0.039s
Pakelika>> CHANGERULE 0 1 1 0 0 0 0 0 1 1 0 0 0 0 0 1 0 1 1 0 1 0 1 0 1 0 0 0 0 0 0 1 1 0 0 0 0 0 0 1@@Triple%20Triad@@ Anime Anime2 CC Crusade FF6 FF7 FF9 FFAC FFT FFX KingdomHearts Nintendo Sega Standard Suikoden2 XenoTrigger>> 0.119s
hitman>> TABLEJOIN 1>> 0.752s
hitman>> GAMEREADY>> 0.073s
Pakelika>> GAMEREADY>> 0.645s
Pakelika>> PING>> 0.031s
hitman>> PING>> 0.037s
Pakelika>> TT_PLACEAT 0 0>> 0.4s
hitman>> TT_PLACEAT 1 0>> 0.274s
Pakelika>> TT_PLACEAT 2 1>> 0.482s
hitman>> TT_PLACEAT 5 1>> 0.564s
Pakelika>> TT_PLACEAT 8 2>> 0.318s
hitman>> TT_PLACEAT 4 2>> 0.186s
Pakelika>> TT_PLACEAT 7 3>> 0.487s
hitman>> TT_PLACEAT 3 4>> 0.322s
Pakelika>> TT_PLACEAT 6 4>> 3.354s
Pakelika>> PING>> 0.049s
hitman>> PING>> 0.028s
Pakelika>> WEBSERVICE>> 0.029s
Pakelika>> VETERANALTERNATETRAIN gold>> 0.409s
Pakelika>> WEBSERVICE>> 0.028s
Pakelika>> WEBSERVICE>> 0.028s
Pakelika>> VETERANALTERNATETRAIN gold>> 0.276s
Pakelika>> WEBSERVICE>> 0.031s
Pakelika>> WEBSERVICE>> 0.027s
Pakelika>> VETERANALTERNATETRAIN gold>> 0.321s
Pakelika>> WEBSERVICE>> 0.028s
Pakelika>> WEBSERVICE>> 0.028s
Pakelika>> VETERANALTERNATETRAIN gold>> 0.306s
Pakelika>> WEBSERVICE>> 0.03s
Pakelika>> WEBSERVICE>> 0.028s
Pakelika>> TABLECREATE>> 0.194s
hitman>> TABLEJOIN 1>> 0.706s
Pakelika>> WEBSERVICE>> 0.028s
Pakelika>> CHANGERULE 0 1 1 0 0 0 0 0 1 1 0 0 0 0 0 1 0 1 1 0 1 0 1 0 1 0 0 0 0 0 0 1 1 0 0 0 0 0 0 1@@Triple%20Triad@@ Anime Anime2 CC Crusade FF6 FF7 FF9 FFAC FFT FFX KingdomHearts Nintendo Sega Standard Suikoden2 XenoTrigger>> 0.171s
Pakelika>> GAMEREADY>> 0.055s
hitman>> GAMEREADY>> 0.562s
Pakelika>> TT_PLACEAT 0 0>> 0.147s
Pakelika>> PING>> 0.028s
hitman>> PING>> 0.043s
hitman>> TT_PLACEAT 1 0>> 0.349s
Pakelika>> TT_PLACEAT 2 1>> 0.319s
hitman>> TT_PLACEAT 3 1>> 0.271s
Pakelika>> TT_PLACEAT 4 2>> 0.413s
hitman>> TT_PLACEAT 5 2>> 0.375s
Pakelika>> TT_PLACEAT 6 3>> 0.288s
hitman>> TT_PLACEAT 7 3>> 0.776s
>> VERSION 2.10.1>> 0.068s
Pakelika>> LOADGAME Pakelika tifa17>> 0.783s
Pakelika>> TABLEQUERY 1>> 0.037s
Pakelika>> EXTRACHECK>> 0.029s
Pakelika>> PING>> 0.028s
Pakelika>> PING>> 0.028s
Pakelika>> PING>> 0.028s
Pakelika>> PING>> 0.029s
Pakelika>> PING>> 0.029s
Pakelika>> CHAT /me is away.  Reason: Idle>> 0.182s
Pakelika>> AWAY 1>> 0.031s
Pakelika>> PING>> 0.028s
Pakelika>> PING>> 0.028s
Pakelika>> PING>> 0.028s
Pakelika>> PING>> 0.028s
Pakelika>> PING>> 0.027s
Pakelika>> PING>> 0.029s
Pakelika>> PING>> 0.029s
Pakelika>> PING>> 0.027s
Pakelika>> PING>> 0.049s
Pakelika>> PING>> 0.028s
Pakelika>> PING>> 0.029s
Pakelika>> PING>> 0.028s
>> VERSION 2.10.1>> 0.034s
darklumina>> LOADGAME darklumina pantyraid13>> 0.515s
darklumina>> TABLEQUERY 1>> 0.039s
darklumina>> EXTRACHECK>> 0.043s
darklumina>> PING>> 0.033s
Pakelika>> PING>> 0.028s
darklumina>> PING>> 0.036s
Pakelika>> PING>> 0.027s
darklumina>> PING>> 0.029s
Pakelika>> PING>> 0.029s
darklumina>> PING>> 0.034s
Pakelika>> PING>> 0.027s
darklumina>> PING>> 0.029s
Pakelika>> PING>> 0.029s
darklumina>> PING>> 0.028s
Pakelika>> PING>> 0.027s
>> VERSION 2.10.1>> 0.064s
KieranCarden>> LOADGAME KieranCarden letmein>> 0.491s
KieranCarden>> TABLEQUERY 1>> 0.027s
KieranCarden>> EXTRACHECK>> 0.031s
darklumina>> PING>> 0.034s
Pakelika>> PING>> 0.027s
KieranCarden>> PING>> 0.03s
KieranCarden>> TABLECREATE MEMORY>> 0.194s
KieranCarden>> TABLECLOSE>> 0.167s
KieranCarden>> TABLECREATE3>> 0.173s
KieranCarden>> TABLECLOSE>> 0.091s
darklumina>> PING>> 0.028s
Pakelika>> PING>> 0.029s
KieranCarden>> PING>> 0.032s
darklumina>> PING>> 0.03s
Pakelika>> PING>> 0.029s
Pakelika>> CHAT woot>> 0.186s
Pakelika>> AWAY 0>> 0.275s
KieranCarden>> WEBSERVICE>> 0.03s
KieranCarden>> PING>> 0.028s
Pakelika>> CHAT kieran can you end my game plz>> 0.174s
KieranCarden>> CHAT I don't see a game o.O>> 0.146s
darklumina>> PING>> 0.03s
Pakelika>> PING>> 0.028s
KieranCarden>> PING>> 0.027s
>> QUIT 0 1>> 0.399s
KieranCarden>> ADMINLOGIN 51489058>> 0.142s
>> VERSION 2.10.1>> 0.038s
pakelika>> LOADGAME pakelika tifa17>> 0.45s
pakelika>> TABLEQUERY 1>> 0.029s
pakelika>> EXTRACHECK>> 0.028s
pakelika>> CHAT lets play some games kieran xD>> 0.18s
KieranCarden>> CHAT am I considered a GM on here too?>> 0.13s
pakelika>> ADMINLOGIN 34158108>> 0.179s
darklumina>> PING>> 0.029s
KieranCarden>> PING>> 0.028s
pakelika>> WEBSERVICE>> 0.029s
pakelika>> PING>> 0.046s
KieranCarden>> CHAT k let's play>> 0.149s
pakelika>> TABLECREATE>> 0.212s
KieranCarden>> TABLEJOIN 1>> 0.68s
darklumina>> PING>> 0.029s
KieranCarden>> PING>> 0.028s
pakelika>> WEBSERVICE>> 0.029s
pakelika>> PING>> 0.028s
pakelika>> TABLECLOSE>> 0.104s
pakelika>> TABLECREATE>> 0.301s
pakelika>> WEBSERVICE>> 0.028s
pakelika>> TABLECLOSE>> 0.098s
darklumina>> PING>> 0.034s
pakelika>> PING>> 0.03s
pakelika>> TABLECREATE2 OMNITT_RANDOM 5>> 0.215s
pakelika>> GAMEREADY>> 0.068s
pakelika>> CHAT try omni sorry>> 0.17s
pakelika>> CHAT i was getting an error it will be gone in a sec>> 0.216s
darklumina>> >> 0s
darklumina>> AWAY 0>> 0.711s
pakelika>> TABLECLOSE>> 0.111s
pakelika>> TABLECREATE>> 0.265s
darklumina>> PING>> 0.053s
pakelika>> PING>> 0.046s
pakelika>> WEBSERVICE>> 0.063s
darklumina>> WEBSERVICE>> 0.061s
pakelika>> CHANGERULE 0 1 1 0 0 0 0 0 1 1 0 0 0 0 0 1 0 1 1 0 1 0 0 0 1 0 0 0 0 0 0 0 0 0 0 0 0 0 0 1@@Triple%20Triad@@ Anime Anime2 CC Crusade FF6 FF7 FF9 FFAC FFT FFX KingdomHearts Nintendo Sega Standard Suikoden2 XenoTrigger>> 0.179s
pakelika>> GAMEREADY>> 0.041s
darklumina>> PING>> 0.029s
pakelika>> PING>> 0.029s
pakelika>> ADMINKICK KieranCarden omg%20nub%20dont%20get%20stuck%20then>> 0.656s
pakelika>> CHAT XD>> 0.219s
darklumina>> PING>> 0.065s
pakelika>> PING>> 0.028s
darklumina>> PING>> 0.031s
pakelika>> PING>> 0.028s
>> VERSION 2.10.1>> 0.035s
KieranCarden>> LOADGAME KieranCarden letmein>> 0.362s
KieranCarden>> TABLEQUERY 1>> 0.045s
KieranCarden>> EXTRACHECK>> 0.028s
pakelika>> CHAT play me alliancesmells-bot>> 0.217s
darklumina>> PING>> 0.028s
pakelika>> PING>> 0.027s
KieranCarden>> PING>> 0.031s
pakelika>> CHAT or kieran you can play me too xD>> 0.166s
KieranCarden>> CHAT seems like a good getaway spot if you want to not be in main>> 0.138s
KieranCarden>> TABLEJOIN 1>> 0.734s
KieranCarden>> GAMEREADY>> 1.316s
KieranCarden>> TT_PLACEAT 4 1>> 0.669s
darklumina>> PING>> 0.028s
pakelika>> PING>> 0.03s
KieranCarden>> PING>> 0.028s
pakelika>> TT_PLACEAT 7 3>> 0.551s
KieranCarden>> TT_PLACEAT 1 0>> 0.417s
pakelika>> TT_PLACEAT 8 2>> 0.556s
KieranCarden>> TT_PLACEAT 6 3>> 0.39s
pakelika>> TT_PLACEAT 3 0>> 0.562s
darklumina>> PING>> 0.031s
pakelika>> PING>> 0.028s
KieranCarden>> PING>> 0.029s
KieranCarden>> TT_PLACEAT 0 4>> 0.436s
pakelika>> TT_PLACEAT 5 1>> 0.228s
pakelika>> CHAT meh>> 0.727s
darklumina>> PING>> 0.034s
pakelika>> PING>> 0.029s
KieranCarden>> >> 0s
KieranCarden>> PING>> 66.209s
darklumina>> PING>> 0.029s
pakelika>> PING>> 0.028s
KieranCarden>> PING>> 0.044s
KieranCarden>> CHAT took long enough>> 0.156s
KieranCarden>> CHAT I still got 10gp>> 0.162s
darklumina>> >> 0s
darklumina>> AWAY 1>> 0.27s
darklumina>> PING>> 0.035s
pakelika>> PING>> 0.028s
KieranCarden>> PING>> 0.033s
pakelika>> CHAT yea me too VA didnt work>> 0.183s
pakelika>> CHAT im gonna try a different VA but i gotta check on my burger first brb>> 0.181s
KieranCarden>> CHAT okay>> 0.141s
darklumina>> PING>> 0.029s
pakelika>> PING>> 0.027s
KieranCarden>> PING>> 0.027s
darklumina>> PING>> 0.034s
pakelika>> PING>> 0.029s
KieranCarden>> PING>> 0.042s
darklumina>> PING>> 0.03s
pakelika>> PING>> 0.027s
KieranCarden>> PING>> 0.036s
darklumina>> PING>> 0.029s
pakelika>> PING>> 0.027s
KieranCarden>> PING>> 0.027s
darklumina>> PING>> 0.033s
pakelika>> PING>> 0.028s
KieranCarden>> PING>> 0.031s
darklumina>> PING>> 0.036s
pakelika>> PING>> 0.029s
KieranCarden>> PING>> 0.028s
darklumina>> PING>> 0.029s
pakelika>> PING>> 0.029s
KieranCarden>> PING>> 0.033s
darklumina>> PING>> 0.03s
pakelika>> PING>> 0.028s
KieranCarden>> PING>> 0.028s
darklumina>> >> 0s
darklumina>> AWAY 0>> 0.517s
KieranCarden>> CHAT l>> 0.17s
KieranCarden>> CHAT k*>> 0.158s
KieranCarden>> CHAT wow I'm not out of it at all>> 0.227s
darklumina>> PING>> 0.032s
pakelika>> PING>> 0.027s
KieranCarden>> PING>> 0.03s
darklumina>> PING>> 0.044s
pakelika>> PING>> 0.031s
KieranCarden>> PING>> 0.029s
pakelika>> CHAT /me is away.  Reason: Idle>> 0.166s
pakelika>> AWAY 1>> 0.027s
darklumina>> PING>> 0.034s
pakelika>> PING>> 0.028s
KieranCarden>> PING>> 0.028s
darklumina>> PING>> 0.034s
pakelika>> PING>> 0.029s
KieranCarden>> PING>> 0.029s
darklumina>> PING>> 0.039s
pakelika>> PING>> 0.029s
KieranCarden>> PING>> 0.028s
darklumina>> PING>> 0.033s
pakelika>> PING>> 0.028s
KieranCarden>> PING>> 0.029s
darklumina>> PING>> 0.036s
KieranCarden>> PING>> 0.029s
pakelika>> PING>> 0.029s
pakelika>> WEBSERVICE>> 0.027s
pakelika>> WEBSERVICE>> 0.027s
pakelika>> WEBSERVICE>> 0.028s
pakelika>> WEBSERVICE>> 0.028s
pakelika>> WEBSERVICE>> 0.028s
pakelika>> WEBSERVICE>> 0.028s
darklumina>> PING>> 0.029s
pakelika>> PING>> 0.027s
KieranCarden>> PING>> 0.029s
pakelika>> WEBSERVICE>> 0.028s
pakelika>> WEBSERVICE>> 0.028s
pakelika>> WEBSERVICE>> 0.029s
pakelika>> WEBSERVICE>> 0.028s
pakelika>> WEBSERVICE>> 0.027s
pakelika>> WEBSERVICE>> 0.027s
pakelika>> WEBSERVICE>> 0.028s
pakelika>> WEBSERVICE>> 0.03s
pakelika>> CHAT /me is back.>> 0.2s
pakelika>> AWAY 0>> 0.029s
pakelika>> WEBSERVICE>> 0.029s
pakelika>> WEBSERVICE>> 0.028s
pakelika>> WEBSERVICE>> 0.028s
pakelika>> WEBSERVICE>> 0.028s
darklumina>> PING>> 0.028s
pakelika>> PING>> 0.029s
KieranCarden>> PING>> 0.029s
pakelika>> SHOPADD Angelo 30>> 0.365s
pakelika>> WEBSERVICE>> 0.028s
pakelika>> WEBSERVICE>> 0.03s
pakelika>> WEBSERVICE>> 0.029s
pakelika>> SHOPADD Zell 30>> 0.437s
pakelika>> WEBSERVICE>> 0.027s
pakelika>> WEBSERVICE>> 0.028s
pakelika>> WEBSERVICE>> 0.029s
pakelika>> SHOPADD Zell 30>> 0.425s
pakelika>> WEBSERVICE>> 0.036s
pakelika>> WEBSERVICE>> 0.029s
pakelika>> WEBSERVICE>> 0.028s
pakelika>> SHOPADD Zell 30>> 0.307s
pakelika>> WEBSERVICE>> 0.028s
pakelika>> WEBSERVICE>> 0.028s
pakelika>> WEBSERVICE>> 0.035s
pakelika>> SHOPADD Wedge,%20Biggs 30>> 0.395s
pakelika>> WEBSERVICE>> 0.036s
pakelika>> WEBSERVICE>> 0.028s
pakelika>> WEBSERVICE>> 0.027s
pakelika>> SHOPADD Selphie 30>> 0.323s
pakelika>> WEBSERVICE>> 0.028s
pakelika>> WEBSERVICE>> 0.029s
pakelika>> WEBSERVICE>> 0.029s
pakelika>> SHOPADD Seifer 30>> 0.305s
pakelika>> WEBSERVICE>> 0.028s
pakelika>> WEBSERVICE>> 0.028s
pakelika>> WEBSERVICE>> 0.028s
darklumina>> PING>> 0.031s
pakelika>> PING>> 0.031s
KieranCarden>> PING>> 0.028s
pakelika>> SHOPADD Odin 30>> 0.377s
pakelika>> WEBSERVICE>> 0.028s
pakelika>> WEBSERVICE>> 0.033s
pakelika>> WEBSERVICE>> 0.031s
pakelika>> SHOPADD Pandemona 30>> 0.309s
pakelika>> WEBSERVICE>> 0.029s
pakelika>> WEBSERVICE>> 0.028s
pakelika>> WEBSERVICE>> 0.028s
pakelika>> SHOPADD Pandemona 30>> 0.304s
pakelika>> WEBSERVICE>> 0.03s
pakelika>> WEBSERVICE>> 0.028s
pakelika>> WEBSERVICE>> 0.029s
pakelika>> SHOPADD Laguna 30>> 0.327s
pakelika>> WEBSERVICE>> 0.03s
pakelika>> WEBSERVICE>> 0.029s
pakelika>> WEBSERVICE>> 0.027s
KieranCarden>> CHAT /me is away.  Reason: Idle>> 0.128s
KieranCarden>> AWAY 1>> 0.044s
pakelika>> SHOPADD Laguna 30>> 0.307s
pakelika>> WEBSERVICE>> 0.028s
pakelika>> WEBSERVICE>> 0.027s
pakelika>> WEBSERVICE>> 0.027s
pakelika>> SHOPADD Laguna 30>> 0.223s
pakelika>> WEBSERVICE>> 0.029s
pakelika>> VETERANALTERNATETRAIN enhance>> 0.496s
KieranCarden>> >> 0s
KieranCarden>> AWAY 0>> 0.389s
pakelika>> WEBSERVICE>> 0.029s
pakelika>> WEBSERVICE>> 0.03s
darklumina>> PING>> 0.03s
pakelika>> PING>> 0.027s
KieranCarden>> PING>> 0.028s
pakelika>> WEBSERVICE>> 0.035s
pakelika>> WEBSERVICE>> 0.028s
pakelika>> WEBSERVICE>> 0.029s
pakelika>> WEBSERVICE>> 0.029s
pakelika>> SHOPADD Belhelmel 30>> 0.388s
pakelika>> WEBSERVICE>> 0.027s
pakelika>> WEBSERVICE>> 0.029s
pakelika>> WEBSERVICE>> 0.028s
pakelika>> SHOPADD Bite%20Bug 30>> 0.402s
pakelika>> WEBSERVICE>> 0.029s
pakelika>> WEBSERVICE>> 0.027s
pakelika>> WEBSERVICE>> 0.035s
darklumina>> PING>> 0.029s
pakelika>> PING>> 0.029s
KieranCarden>> PING>> 0.028s
pakelika>> SHOPADD Anacondaur 30>> 0.393s
pakelika>> WEBSERVICE>> 0.028s
pakelika>> WEBSERVICE>> 0.028s
pakelika>> WEBSERVICE>> 0.029s
pakelika>> SHOPADD Anacondaur 30>> 0.369s
pakelika>> WEBSERVICE>> 0.027s
pakelika>> WEBSERVICE>> 0.028s
pakelika>> WEBSERVICE>> 0.028s
pakelika>> SHOPADD Anacondaur 30>> 0.321s
pakelika>> WEBSERVICE>> 0.029s
pakelika>> WEBSERVICE>> 0.03s
pakelika>> WEBSERVICE>> 0.03s
pakelika>> SHOPADD Belhelmel 30>> 0.43s
pakelika>> WEBSERVICE>> 0.028s
pakelika>> WEBSERVICE>> 0.029s
pakelika>> WEBSERVICE>> 0.039s
pakelika>> SHOPADD Bite%20Bug 30>> 0.317s
pakelika>> WEBSERVICE>> 0.028s
pakelika>> WEBSERVICE>> 0.028s
pakelika>> WEBSERVICE>> 0.029s
pakelika>> SHOPADD Blue%20Dragon 30>> 0.385s
pakelika>> WEBSERVICE>> 0.029s
pakelika>> WEBSERVICE>> 0.04s
pakelika>> WEBSERVICE>> 0.029s
pakelika>> SHOPADD Bomb 30>> 0.335s
pakelika>> WEBSERVICE>> 0.027s
pakelika>> WEBSERVICE>> 0.049s
pakelika>> WEBSERVICE>> 0.029s
pakelika>> SHOPADD Blitz 30>> 0.422s
pakelika>> WEBSERVICE>> 0.028s
pakelika>> WEBSERVICE>> 0.028s
pakelika>> WEBSERVICE>> 0.029s
pakelika>> SHOPADD BGH251F2 30>> 0.323s
pakelika>> WEBSERVICE>> 0.031s
pakelika>> WEBSERVICE>> 0.03s
darklumina>> PING>> 0.03s
KieranCarden>> PING>> 0.028s
pakelika>> WEBSERVICE>> 0.028s
pakelika>> PING>> 0.029s
pakelika>> SHOPADD Cactuar 30>> 0.438s
pakelika>> WEBSERVICE>> 0.029s
pakelika>> WEBSERVICE>> 0.028s
pakelika>> WEBSERVICE>> 0.028s
pakelika>> SHOPADD BGH251F2 30>> 0.427s
pakelika>> WEBSERVICE>> 0.028s
pakelika>> WEBSERVICE>> 0.028s
pakelika>> WEBSERVICE>> 0.028s
pakelika>> SHOPADD Alexander 30>> 0.297s
pakelika>> WEBSERVICE>> 0.029s
pakelika>> WEBSERVICE>> 0.053s
pakelika>> WEBSERVICE>> 0.029s
pakelika>> SHOPADD Carbuncle 30>> 0.314s
pakelika>> WEBSERVICE>> 0.032s
pakelika>> WEBSERVICE>> 0.028s
pakelika>> WEBSERVICE>> 0.027s
darklumina>> PING>> 0.029s
pakelika>> PING>> 0.028s
KieranCarden>> PING>> 0.028s
pakelika>> SHOPADD Caterchipillar 30>> 0.394s
pakelika>> WEBSERVICE>> 0.028s
pakelika>> WEBSERVICE>> 0.029s
pakelika>> WEBSERVICE>> 0.028s
pakelika>> SHOPADD Caterchipillar 30>> 0.375s
pakelika>> WEBSERVICE>> 0.029s
pakelika>> WEBSERVICE>> 0.028s
pakelika>> WEBSERVICE>> 0.028s
pakelika>> SHOPADD Catoblepas 30>> 0.277s
pakelika>> WEBSERVICE>> 0.028s
pakelika>> WEBSERVICE>> 0.029s
pakelika>> WEBSERVICE>> 0.028s
pakelika>> SHOPADD Catoblepas 30>> 0.293s
pakelika>> WEBSERVICE>> 0.028s
pakelika>> WEBSERVICE>> 0.028s
pakelika>> WEBSERVICE>> 0.028s
pakelika>> SHOPADD Chicobo 30>> 0.312s
pakelika>> WEBSERVICE>> 0.028s
pakelika>> WEBSERVICE>> 0.028s
pakelika>> WEBSERVICE>> 0.028s
pakelika>> SHOPADD Chubby%20Chocobo 30>> 0.511s
pakelika>> WEBSERVICE>> 0.027s
pakelika>> WEBSERVICE>> 0.028s
pakelika>> WEBSERVICE>> 0.028s
pakelika>> SHOPADD Cockatrice 30>> 0.383s
pakelika>> WEBSERVICE>> 0.028s
pakelika>> WEBSERVICE>> 0.029s
pakelika>> WEBSERVICE>> 0.043s
KieranCarden>> CHAT what'd ya get>> 0.169s
pakelika>> SHOPADD Cockatrice 30>> 0.829s
pakelika>> WEBSERVICE>> 0.036s
pakelika>> WEBSERVICE>> 0.028s
pakelika>> WEBSERVICE>> 0.029s
darklumina>> PING>> 0.032s
pakelika>> PING>> 0.034s
KieranCarden>> PING>> 0.034s
pakelika>> SHOPADD Buel 30>> 0.36s
pakelika>> WEBSERVICE>> 0.028s
pakelika>> WEBSERVICE>> 0.028s
pakelika>> WEBSERVICE>> 0.028s
pakelika>> CHAT lol i am testing enhance merchant>> 0.174s
pakelika>> CHAT funny thing is, my shop was full, then i trained it one lvl>> 0.174s
pakelika>> CHAT and i've added about 30 cards since then lmfao>> 0.242s
pakelika>> SHOPADD Creeps 30>> 0.353s
pakelika>> WEBSERVICE>> 0.028s
pakelika>> WEBSERVICE>> 0.044s
pakelika>> WEBSERVICE>> 0.029s
pakelika>> SHOPADD Adamantoise 30>> 0.422s
pakelika>> CHAT oop shop is full O.o lmfao>> 0.183s
darklumina>> PING>> 0.036s
pakelika>> PING>> 0.03s
KieranCarden>> PING>> 0.029s
pakelika>> CHAT let me add 25 more cards with one lvl>> 0.18s
KieranCarden>> CHAT lol>> 0.151s
KieranCarden>> CHAT so it can hold more than 90 cards?>> 0.183s
KieranCarden>> WEBSERVICE>> 0.027s
KieranCarden>> WEBSERVICE>> 0.028s
darklumina>> PING>> 0.031s
pakelika>> PING>> 0.033s
KieranCarden>> PING>> 0.027s
pakelika>> CHAT i dunno im gonna train it another lvl and see what happens>> 0.156s
pakelika>> WEBSERVICE>> 0.029s
KieranCarden>> CHAT k>> 0.171s
pakelika>> VETERANALTERNATETRAIN enhance>> 0.294s
pakelika>> WEBSERVICE>> 0.029s
pakelika>> WEBSERVICE>> 0.029s
pakelika>> WEBSERVICE>> 0.034s
pakelika>> WEBSERVICE>> 0.033s
pakelika>> WEBSERVICE>> 0.029s
pakelika>> WEBSERVICE>> 0.028s
pakelika>> WEBSERVICE>> 0.028s
pakelika>> WEBSERVICE>> 0.03s
darklumina>> PING>> 0.034s
pakelika>> PING>> 0.029s
KieranCarden>> PING>> 0.029s
pakelika>> SHOPADD Blood%20Soul 30>> 0.391s
pakelika>> WEBSERVICE>> 0.029s
pakelika>> WEBSERVICE>> 0.028s
pakelika>> WEBSERVICE>> 0.027s
pakelika>> CHAT lettin me add more>> 0.183s
pakelika>> SHOPADD Death%20Claw 30>> 0.421s
pakelika>> WEBSERVICE>> 0.029s
pakelika>> WEBSERVICE>> 0.028s
darklumina>> PING>> 0.034s
pakelika>> WEBSERVICE>> 0.029s
KieranCarden>> PING>> 0.027s
pakelika>> PING>> 0.05s
pakelika>> SHOPADD Abyss%20Worm 30>> 0.321s
pakelika>> WEBSERVICE>> 0.028s
pakelika>> WEBSERVICE>> 0.029s
pakelika>> WEBSERVICE>> 0.029s
pakelika>> SHOPADD Doom%20Train 30>> 0.33s
pakelika>> WEBSERVICE>> 0.028s
pakelika>> WEBSERVICE>> 0.028s
pakelika>> WEBSERVICE>> 0.027s
pakelika>> SHOPADD Elvoret 30>> 0.333s
KieranCarden>> WEBSERVICE>> 0.032s
KieranCarden>> WEBSERVICE>> 0.028s
pakelika>> WEBSERVICE>> 0.044s
pakelika>> WEBSERVICE>> 0.031s
pakelika>> WEBSERVICE>> 0.031s
pakelika>> SHOPADD Forbidden 30>> 0.491s
pakelika>> WEBSERVICE>> 0.033s
pakelika>> WEBSERVICE>> 0.027s
pakelika>> WEBSERVICE>> 0.028s
pakelika>> SHOPADD Forbidden 30>> 0.33s
KieranCarden>> CHAT drakza is gonna flip>> 0.16s
pakelika>> WEBSERVICE>> 0.027s
pakelika>> WEBSERVICE>> 0.027s
pakelika>> WEBSERVICE>> 0.037s
pakelika>> CHAT more then 5 again>> 0.41s
pakelika>> CHAT its suppose to let me add 5 cards per lvl trained>> 0.263s
pakelika>> CHAT its letting me add 25 per lvl it seems>> 0.171s
pakelika>> SHOPADD Fujin,%20Raijin 30>> 0.483s
pakelika>> WEBSERVICE>> 0.043s
pakelika>> WEBSERVICE>> 0.028s
pakelika>> WEBSERVICE>> 0.027s
pakelika>> SHOPADD Funguar 30>> 0.474s
pakelika>> WEBSERVICE>> 0.029s
pakelika>> WEBSERVICE>> 0.029s
pakelika>> WEBSERVICE>> 0.028s
darklumina>> PING>> 0.029s
pakelika>> PING>> 0.027s
KieranCarden>> PING>> 0.032s
pakelika>> SHOPADD Funguar 30>> 0.328s
pakelika>> WEBSERVICE>> 0.036s
pakelika>> WEBSERVICE>> 0.031s
KieranCarden>> CHAT that could be a problem>> 0.153s
pakelika>> WEBSERVICE>> 0.028s
pakelika>> SHOPADD Funguar 30>> 0.512s
pakelika>> WEBSERVICE>> 0.028s
pakelika>> WEBSERVICE>> 0.028s
pakelika>> WEBSERVICE>> 0.029s
pakelika>> CHAT ya lol>> 0.183s
pakelika>> SHOPADD Gargantua 30>> 0.318s
pakelika>> WEBSERVICE>> 0.027s
pakelika>> WEBSERVICE>> 0.03s
pakelika>> WEBSERVICE>> 0.029s
pakelika>> SHOPADD Gargantua 30>> 0.3s
pakelika>> WEBSERVICE>> 0.027s
pakelika>> WEBSERVICE>> 0.029s
pakelika>> WEBSERVICE>> 0.028s
pakelika>> SHOPADD Gayla 30>> 0.37s
pakelika>> WEBSERVICE>> 0.122s
pakelika>> WEBSERVICE>> 0.03s
pakelika>> WEBSERVICE>> 0.031s
pakelika>> SHOPADD Geezard 30>> 0.473s
pakelika>> WEBSERVICE>> 0.033s
pakelika>> WEBSERVICE>> 0.032s
pakelika>> WEBSERVICE>> 0.029s
pakelika>> SHOPADD Geezard 30>> 0.421s
pakelika>> WEBSERVICE>> 0.028s
pakelika>> WEBSERVICE>> 0.034s
pakelika>> WEBSERVICE>> 0.043s
pakelika>> SHOPADD Geezard 30>> 0.432s
pakelika>> WEBSERVICE>> 0.029s
pakelika>> WEBSERVICE>> 0.027s
pakelika>> WEBSERVICE>> 0.029s
pakelika>> SHOPADD Gesper 30>> 0.429s
pakelika>> WEBSERVICE>> 0.03s
pakelika>> WEBSERVICE>> 0.028s
pakelika>> WEBSERVICE>> 0.027s
darklumina>> PING>> 0.031s
pakelika>> PING>> 0.028s
KieranCarden>> PING>> 0.031s
pakelika>> SHOPADD Gesper 30>> 0.29s
pakelika>> WEBSERVICE>> 0.029s
pakelika>> WEBSERVICE>> 0.027s
pakelika>> WEBSERVICE>> 0.034s
pakelika>> SHOPADD Gilgamesh 30>> 0.351s
pakelika>> WEBSERVICE>> 0.031s
pakelika>> WEBSERVICE>> 0.027s
pakelika>> WEBSERVICE>> 0.029s
pakelika>> SHOPADD Glacial%20Eye 30>> 0.52s
pakelika>> WEBSERVICE>> 0.028s
pakelika>> WEBSERVICE>> 0.029s
pakelika>> WEBSERVICE>> 0.043s
pakelika>> SHOPADD Glacial%20Eye 30>> 0.363s
pakelika>> WEBSERVICE>> 0.028s
pakelika>> WEBSERVICE>> 0.05s
pakelika>> WEBSERVICE>> 0.028s
pakelika>> SHOPADD Granaldo 30>> 0.397s
pakelika>> WEBSERVICE>> 0.029s
pakelika>> WEBSERVICE>> 0.028s
pakelika>> WEBSERVICE>> 0.029s
pakelika>> SHOPADD Grand%20Mantis 30>> 0.357s
pakelika>> WEBSERVICE>> 0.028s
pakelika>> WEBSERVICE>> 0.029s
pakelika>> WEBSERVICE>> 0.031s
pakelika>> SHOPADD Grat 30>> 0.344s
pakelika>> WEBSERVICE>> 0.029s
pakelika>> WEBSERVICE>> 0.028s
pakelika>> WEBSERVICE>> 0.028s
pakelika>> CHAT ok well lets test out exp enhance>> 0.189s
pakelika>> CHAT first a game without any lvls trained>> 0.163s
darklumina>> PING>> 0.04s
KieranCarden>> PING>> 0.028s
pakelika>> PING>> 0.04s
pakelika>> TABLECREATE>> 0.213s
pakelika>> WEBSERVICE>> 0.028s
pakelika>> CHANGERULE 0 1 0 1 0 0 0 0 0 0 0 0 0 0 0 0 0 0 0 0 0 0 0 0 0 0 0 1 0 0 0 0 0 0 0 0 0 0 0 0@@Triple%20Triad@@ Anime Anime2 CC Crusade FF6 FF7 FF9 FFAC FFT FFX KingdomHearts Nintendo Sega Standard Suikoden2 XenoTrigger>> 0.194s
KieranCarden>> TABLEJOIN 1>> 1.019s
pakelika>> GAMEREADY>> 0.052s
KieranCarden>> GAMEREADY>> 0.553s
pakelika>> TT_PLACEAT 0 0>> 0.16s
KieranCarden>> TT_PLACEAT 1 0>> 0.171s
pakelika>> TT_PLACEAT 2 1>> 0.16s
KieranCarden>> GAMECHAT ~@*~*uhh>> 0.044s
pakelika>> GAMECHAT ~@*~*lol>> 0.055s
KieranCarden>> TT_PLACEAT 8 3>> 0.147s
pakelika>> GAMECHAT ~@*~*wanna tie everytime so i can get an accurate idea of exp>> 0.039s
pakelika>> TT_PLACEAT 5 4>> 0.146s
darklumina>> PING>> 0.028s
pakelika>> PING>> 0.028s
KieranCarden>> PING>> 0.035s
KieranCarden>> TT_PLACEAT 4 2>> 0.207s
pakelika>> TT_PLACEAT 7 2>> 0.325s
KieranCarden>> GAMECHAT ~@*~*oh>> 0.04s
KieranCarden>> TT_PLACEAT 3 4>> 0.14s