
>> VERSION 2.10.1>> 0.041s
darklumina>> LOADGAME darklumina pantyraid13>> 1.908s
darklumina>> TABLEQUERY 1>> 0.031s
darklumina>> EXTRACHECK>> 0.03s
darklumina>> WEBSERVICE>> 0.027s
darklumina>> WEBSERVICE>> 0.028s
darklumina>> PING>> 0.026s
darklumina>> PING>> 0.026s
darklumina>> PING>> 0.033s
darklumina>> PING>> 0.027s
darklumina>> PING>> 0.027s
darklumina>> PING>> 0.027s
darklumina>> PING>> 0.027s
darklumina>> PING>> 0.026s
darklumina>> PING>> 0.027s
darklumina>> PING>> 0.026s
darklumina>> PING>> 0.029s
darklumina>> PING>> 0.027s
darklumina>> PING>> 0.026s
darklumina>> PING>> 0.026s
darklumina>> PING>> 0.026s
darklumina>> PING>> 0.026s
darklumina>> PING>> 0.026s
darklumina>> PING>> 0.026s
darklumina>> PING>> 0.026s
darklumina>> PING>> 0.026s
darklumina>> PING>> 0.03s
darklumina>> PING>> 0.026s
darklumina>> PING>> 0.026s
darklumina>> PING>> 0.026s
darklumina>> PING>> 0.026s
darklumina>> PING>> 0.026s
darklumina>> PING>> 0.027s
darklumina>> PING>> 0.026s
darklumina>> PING>> 0.026s
darklumina>> PING>> 0.026s
darklumina>> PING>> 0.026s
darklumina>> PING>> 0.026s
darklumina>> PING>> 0.026s
darklumina>> PING>> 0.026s
darklumina>> PING>> 0.027s
darklumina>> PING>> 0.026s
darklumina>> PING>> 0.026s
darklumina>> PING>> 0.027s
darklumina>> PING>> 0.026s
darklumina>> PING>> 0.026s
darklumina>> PING>> 0.029s
darklumina>> PING>> 0.026s
darklumina>> PING>> 0.026s
darklumina>> PING>> 0.029s
darklumina>> PING>> 0.026s
darklumina>> PING>> 0.026s
darklumina>> PING>> 0.027s
darklumina>> PING>> 0.029s
darklumina>> PING>> 0.026s
darklumina>> PING>> 0.027s
darklumina>> PING>> 0.026s
darklumina>> PING>> 0.027s
darklumina>> PING>> 0.027s
darklumina>> PING>> 0.026s
darklumina>> PING>> 0.026s
darklumina>> PING>> 0.027s
darklumina>> PING>> 0.026s
darklumina>> PING>> 0.026s
darklumina>> PING>> 0.028s
darklumina>> PING>> 0.026s
darklumina>> PING>> 0.026s
darklumina>> PING>> 0.026s
darklumina>> PING>> 0.026s
darklumina>> PING>> 0.026s
darklumina>> PING>> 0.027s
darklumina>> PING>> 0.026s
darklumina>> PING>> 0.026s
darklumina>> PING>> 0.026s
darklumina>> PING>> 0.026s
darklumina>> PING>> 0.026s
darklumina>> PING>> 0.026s
darklumina>> PING>> 0.03s
darklumina>> PING>> 0.026s
darklumina>> PING>> 0.026s
darklumina>> PING>> 0.026s
darklumina>> PING>> 0.026s
darklumina>> PING>> 0.026s
darklumina>> PING>> 0.027s
darklumina>> PING>> 0.026s
darklumina>> PING>> 0.026s
darklumina>> PING>> 0.026s
darklumina>> PING>> 0.026s
darklumina>> PING>> 0.026s
darklumina>> PING>> 0.029s
darklumina>> PING>> 0.026s
darklumina>> PING>> 0.026s
darklumina>> PING>> 0.028s
darklumina>> PING>> 0.026s
darklumina>> PING>> 0.026s
darklumina>> PING>> 0.029s
darklumina>> PING>> 0.026s
darklumina>> PING>> 0.026s
darklumina>> PING>> 0.026s
darklumina>> WEBSERVICE>> 0.027s
darklumina>> WEBSERVICE>> 0.027s
darklumina>> PING>> 0.026s
darklumina>> PING>> 0.026s
darklumina>> PING>> 0.028s
darklumina>> PING>> 0.026s
darklumina>> PING>> 0.026s
darklumina>> PING>> 0.028s
darklumina>> PING>> 0.026s
darklumina>> PING>> 0.026s
darklumina>> PING>> 0.026s
darklumina>> PING>> 0.026s
darklumina>> PING>> 0.026s
darklumina>> PING>> 0.026s
darklumina>> PING>> 0.026s
darklumina>> PING>> 0.026s
darklumina>> PING>> 0.027s
darklumina>> PING>> 0.029s
darklumina>> PING>> 0.027s
darklumina>> PING>> 0.026s
darklumina>> PING>> 0.026s
darklumina>> WEBSERVICE>> 0.027s
darklumina>> WEBSERVICE>> 0.028s
darklumina>> WEBSERVICE>> 0.032s
darklumina>> WEBSERVICE>> 0.035s
darklumina>> WEBSERVICE>> 0.027s
darklumina>> PING>> 0.026s
darklumina>> PING>> 0.026s
darklumina>> PING>> 0.026s
darklumina>> PING>> 0.03s
darklumina>> PING>> 0.026s
darklumina>> PING>> 0.026s
darklumina>> PING>> 0.027s
darklumina>> PING>> 0.026s
darklumina>> PING>> 0.026s
darklumina>> PING>> 0.026s
darklumina>> PING>> 0.026s
darklumina>> PING>> 0.026s
darklumina>> PING>> 0.026s
darklumina>> PING>> 0.026s
darklumina>> PING>> 0.026s
darklumina>> PING>> 0.026s
darklumina>> PING>> 0.026s
darklumina>> PING>> 0.027s
darklumina>> PING>> 0.026s
darklumina>> PING>> 0.026s
darklumina>> PING>> 0.027s
darklumina>> PING>> 0.026s
darklumina>> PING>> 0.026s
darklumina>> PING>> 0.027s
darklumina>> PING>> 0.026s
darklumina>> PING>> 0.026s
darklumina>> PING>> 0.028s
darklumina>> PING>> 0.026s
darklumina>> WEBSERVICE>> 0.027s
darklumina>> WEBSERVICE>> 0.031s
>> QUIT 0 1>> 0.478s
>> VERSION 2.10.1>> 0.028s
darklumina>> LOADGAME darklumina pantyraid13>> 0.483s
darklumina>> TABLEQUERY 1>> 0.03s
darklumina>> EXTRACHECK>> 0.027s
darklumina>> PING>> 0.026s
darklumina>> PING>> 0.027s
darklumina>> PING>> 0.026s
darklumina>> WEBSERVICE>> 0.028s
darklumina>> WEBSERVICE>> 0.027s
darklumina>> PING>> 0.026s
darklumina>> TOKENREDEEM Atomsplitter>> 0.398s
darklumina>> PING>> 0.028s
darklumina>> PING>> 0.026s
darklumina>> PING>> 0.026s
darklumina>> PING>> 0.028s
>> >> 0s
darklumina>> LOADGAME darklumina pantyraid13>> 0.602s
darklumina>> TABLEQUERY 1>> 0.037s
darklumina>> EXTRACHECK>> 0.026s
darklumina>> WEBSERVICE>> 0.026s
darklumina>> WEBSERVICE>> 0.026s
darklumina>> TOKENREDEEM Atomsplitter>> 0.413s
darklumina>> WEBSERVICE>> 0.028s
darklumina>> WEBSERVICE>> 0.033s
darklumina>> >> 0s
darklumina>> PING>> 0.59s
>> QUIT 0 1>> 0.453s
>> VERSION 2.10.1>> 0.042s
darklumina>> LOADGAME darklumina pantyraid13>> 0.551s
darklumina>> TABLEQUERY 1>> 0.029s
darklumina>> EXTRACHECK>> 0.027s
darklumina>> WEBSERVICE>> 0.034s
darklumina>> WEBSERVICE>> 0.026s
darklumina>> PING>> 0.026s
darklumina>> CARDPACK Shadow's%20Mystery>> 0.939s
darklumina>> PING>> 0.026s
darklumina>> CARDPACK Empires%20Pack>> 0.961s
darklumina>> PING>> 0.026s
darklumina>> PING>> 0.026s
darklumina>> CARDPACK Gau's%20Treasure>> 0.789s
darklumina>> PING>> 0.026s
darklumina>> CARDPACK Gau's%20Treasure>> 0.877s
darklumina>> PING>> 0.026s
darklumina>> PING>> 0.026s
darklumina>> CARDPACK Gau's%20Treasure>> 0.896s
darklumina>> PING>> 0.026s
darklumina>> WEBSERVICE>> 0.035s
darklumina>> CARDPACK Gau's%20Treasure>> 0.68s
darklumina>> PING>> 0.026s
darklumina>> CARDPACK Gau's%20Treasure>> 0.85s
>> QUIT 0 1>> 0.375s