
>> VERSION 2.10.1>> 0.068s
darklumina>> LOADGAME darklumina pantyraid13>> 1.137s
darklumina>> TABLEQUERY 1>> 0.078s
darklumina>> EXTRACHECK>> 0.0468s
darklumina>> PING>> 0.0312s
darklumina>> PING>> 0.0312s
darklumina>> PING>> 0.0312s
darklumina>> PING>> 0.0468s
darklumina>> PING>> 0.0312s
darklumina>> PING>> 0.0312s
darklumina>> PING>> 0.0312s
darklumina>> PING>> 0.0312s
darklumina>> PING>> 0.0312s
darklumina>> PING>> 0.0468s
darklumina>> PING>> 0.0312s
darklumina>> PING>> 0.0468s
darklumina>> PING>> 0.0312s
darklumina>> PING>> 0.0312s
darklumina>> PING>> 0.0312s
darklumina>> PING>> 0.0312s
darklumina>> PING>> 0.0312s
darklumina>> PING>> 0.0312s
darklumina>> PING>> 0.0468s
darklumina>> PING>> 0.0312s
darklumina>> PING>> 0.0312s
darklumina>> PING>> 0.0312s
darklumina>> PING>> 0.0312s
darklumina>> PING>> 0.0312s
darklumina>> PING>> 0.0312s
darklumina>> PING>> 0.0312s
darklumina>> PING>> 0.0312s
darklumina>> PING>> 0.0312s
darklumina>> PING>> 0.0312s
darklumina>> PING>> 0.0312s
darklumina>> PING>> 0.0312s
darklumina>> PING>> 0.0312s
darklumina>> PING>> 0.0312s
darklumina>> PING>> 0.0312s
darklumina>> PING>> 0.0312s
darklumina>> PING>> 0.0312s
darklumina>> PING>> 0.0312s
darklumina>> PING>> 0.0312s
darklumina>> PING>> 0.0312s
darklumina>> PING>> 0.0468s
darklumina>> PING>> 0.0312s
darklumina>> PING>> 0.0312s
darklumina>> PING>> 0.0312s
darklumina>> PING>> 0.0312s
darklumina>> PING>> 0.0312s
darklumina>> PING>> 0.0312s
darklumina>> PING>> 0.0312s
darklumina>> PING>> 0.0468s
darklumina>> PING>> 0.0468s
darklumina>> PING>> 0.0312s
darklumina>> PING>> 0.0312s
darklumina>> PING>> 0.0312s
darklumina>> PING>> 0.0468s
darklumina>> PING>> 0.0624s
darklumina>> PING>> 0.0312s
>> VERSION 2.10.1>> 0.0312s
pakelika>> LOADGAME pakelika tifa17>> 0.6864s
pakelika>> TABLEQUERY 1>> 0.0312s
pakelika>> EXTRACHECK>> 0.0468s
darklumina>> PING>> 0.0312s
pakelika>> PING>> 0.0312s
darklumina>> PING>> 0.0312s
pakelika>> PING>> 0.0312s
darklumina>> PING>> 0.0312s
pakelika>> PING>> 0.0312s
darklumina>> PING>> 0.0624s
pakelika>> PING>> 0.0312s
pakelika>> WEBSERVICE>> 0.0468s
pakelika>> WEBSERVICE>> 0.0312s
darklumina>> PING>> 0.0312s
pakelika>> PING>> 0.0468s
darklumina>> PING>> 0.0312s
pakelika>> PING>> 0.0312s
darklumina>> PING>> 0.0312s
pakelika>> PING>> 0.0468s
darklumina>> PING>> 0.0312s
pakelika>> PING>> 0.0312s
darklumina>> PING>> 0.0468s
pakelika>> PING>> 0.0312s
darklumina>> PING>> 0.0312s
pakelika>> PING>> 0.0312s
darklumina>> PING>> 0.0312s
pakelika>> PING>> 0.0312s
darklumina>> PING>> 0.0312s
pakelika>> PING>> 0.0312s
darklumina>> PING>> 0.0312s
pakelika>> PING>> 0.0312s
pakelika>> CHAT /me is away.  Reason: Idle>> 0.2028s
pakelika>> AWAY 1>> 0.0312s
darklumina>> PING>> 0.0312s
pakelika>> PING>> 0.0312s
darklumina>> PING>> 0.0312s
pakelika>> PING>> 0.0312s
darklumina>> PING>> 0.0312s
pakelika>> PING>> 0.0312s
darklumina>> PING>> 0.0312s
pakelika>> PING>> 0.0312s
darklumina>> PING>> 0.0312s
pakelika>> PING>> 0.0312s
darklumina>> PING>> 0.0312s
pakelika>> PING>> 0.0312s
darklumina>> PING>> 0.0312s
pakelika>> PING>> 0.0468s
darklumina>> PING>> 0.0312s
pakelika>> PING>> 0.0468s
darklumina>> PING>> 0.0468s
pakelika>> PING>> 0.0312s
darklumina>> PING>> 0.0312s
pakelika>> PING>> 0.0312s
darklumina>> PING>> 0.0312s
pakelika>> PING>> 0.0312s
darklumina>> PING>> 0.0312s
pakelika>> PING>> 0.0312s
darklumina>> PING>> 0.0312s
pakelika>> PING>> 0.0312s
darklumina>> PING>> 0.0312s
pakelika>> PING>> 0.0468s
darklumina>> PING>> 0.0312s
pakelika>> PING>> 0.0468s
darklumina>> PING>> 0.0312s
pakelika>> PING>> 0.0468s
darklumina>> PING>> 0.0312s
pakelika>> PING>> 0.0312s
darklumina>> PING>> 0.0312s
pakelika>> PING>> 0.0312s
darklumina>> PING>> 0.0312s
pakelika>> PING>> 0.0312s
darklumina>> PING>> 0.0312s
pakelika>> PING>> 0.0312s
darklumina>> PING>> 0.0312s
pakelika>> PING>> 0.0468s
darklumina>> PING>> 0.0468s
pakelika>> PING>> 0.0312s
darklumina>> PING>> 0.0312s
pakelika>> PING>> 0.0468s
darklumina>> PING>> 0.0312s
pakelika>> PING>> 0.0312s
darklumina>> PING>> 0.0312s
pakelika>> PING>> 0.0312s
darklumina>> PING>> 0.0468s
pakelika>> PING>> 0.0312s
darklumina>> PING>> 0.0312s
pakelika>> PING>> 0.0312s
darklumina>> PING>> 0.0468s
pakelika>> PING>> 0.0468s
darklumina>> PING>> 0.0468s
pakelika>> PING>> 0.0624s
darklumina>> PING>> 0.0312s
pakelika>> PING>> 0.0312s
darklumina>> PING>> 0.0312s
pakelika>> PING>> 0.0468s
darklumina>> PING>> 0.0312s
pakelika>> PING>> 0.0312s
darklumina>> PING>> 0.0312s
pakelika>> PING>> 0.0312s
darklumina>> PING>> 0.0468s
pakelika>> PING>> 0.0312s
darklumina>> PING>> 0.0468s
pakelika>> PING>> 0.0312s
darklumina>> PING>> 0.0468s
pakelika>> PING>> 0.0312s
darklumina>> PING>> 0.078s
pakelika>> PING>> 0.0312s
darklumina>> PING>> 0.0312s
pakelika>> PING>> 0.0312s
darklumina>> PING>> 0.0624s
pakelika>> PING>> 0.0936s
darklumina>> PING>> 0.0312s
pakelika>> PING>> 0.0312s
darklumina>> PING>> 0.0624s
pakelika>> PING>> 0.0312s
darklumina>> PING>> 0.0312s
pakelika>> PING>> 0.0468s
darklumina>> PING>> 0.0312s
pakelika>> PING>> 0.0312s
darklumina>> PING>> 0.0468s
pakelika>> PING>> 0.0468s
darklumina>> PING>> 0.0624s
pakelika>> PING>> 0.0312s
darklumina>> PING>> 0.0312s
pakelika>> PING>> 0.0312s
darklumina>> PING>> 0.0468s
pakelika>> PING>> 0.0468s
darklumina>> PING>> 0.0312s
pakelika>> PING>> 0.0468s
darklumina>> PING>> 0.0312s
pakelika>> PING>> 0.0312s
darklumina>> PING>> 0.0312s
pakelika>> PING>> 0.0312s
darklumina>> PING>> 0.0312s
pakelika>> PING>> 0.0312s
darklumina>> PING>> 0.0312s
pakelika>> PING>> 0.0312s
darklumina>> PING>> 0.0312s
pakelika>> PING>> 0.0312s
darklumina>> PING>> 0.0468s
pakelika>> PING>> 0.0468s
darklumina>> PING>> 0.0312s
pakelika>> PING>> 0.0312s
darklumina>> PING>> 0.0312s
pakelika>> PING>> 0.0312s
darklumina>> PING>> 0.0312s
pakelika>> PING>> 0.0468s
darklumina>> PING>> 0.0312s
pakelika>> PING>> 0.0468s
darklumina>> PING>> 0.0312s
pakelika>> PING>> 0.0468s
darklumina>> PING>> 0.0312s
pakelika>> PING>> 0.0468s
darklumina>> PING>> 0.0468s
pakelika>> PING>> 0.0312s
darklumina>> PING>> 0.0312s
pakelika>> PING>> 0.0468s
darklumina>> PING>> 0.0312s
pakelika>> PING>> 0.0468s
darklumina>> PING>> 0.0312s
pakelika>> PING>> 0.0312s
darklumina>> PING>> 0.0312s
pakelika>> PING>> 0.0312s
darklumina>> PING>> 0.0312s
pakelika>> PING>> 0.0312s
darklumina>> PING>> 0.0312s
pakelika>> PING>> 0.0312s
darklumina>> PING>> 0.0468s
pakelika>> PING>> 0.0312s
darklumina>> PING>> 0.0312s
pakelika>> PING>> 0.0312s
darklumina>> PING>> 0.0312s
pakelika>> PING>> 0.0312s
darklumina>> PING>> 0.0312s
pakelika>> PING>> 0.0312s
darklumina>> PING>> 0.0468s
pakelika>> PING>> 0.0312s
darklumina>> PING>> 0.0312s
pakelika>> PING>> 0.0312s
darklumina>> PING>> 0.0312s
pakelika>> PING>> 0.0312s
darklumina>> PING>> 0.0312s
pakelika>> PING>> 0.0312s
darklumina>> PING>> 0.0312s
pakelika>> PING>> 0.0312s
darklumina>> PING>> 0.0312s
pakelika>> PING>> 0.0312s
darklumina>> PING>> 0.0468s
pakelika>> PING>> 0.0468s
darklumina>> PING>> 0.0468s
pakelika>> PING>> 0.0468s
darklumina>> PING>> 0.0468s
pakelika>> PING>> 0.0312s
darklumina>> PING>> 0.0312s
pakelika>> PING>> 0.0312s
darklumina>> PING>> 0.0312s
pakelika>> PING>> 0.0312s
darklumina>> PING>> 0.0312s
pakelika>> PING>> 0.0312s
darklumina>> PING>> 0.0312s
pakelika>> PING>> 0.0312s
darklumina>> PING>> 0.0312s
pakelika>> PING>> 0.0312s
darklumina>> PING>> 0.0312s
pakelika>> PING>> 0.0312s
darklumina>> PING>> 0.0312s
pakelika>> PING>> 0.0312s
darklumina>> PING>> 0.0312s
pakelika>> PING>> 0.0312s
darklumina>> PING>> 0.0312s
pakelika>> PING>> 0.0312s
darklumina>> PING>> 0.0312s
pakelika>> PING>> 0.0312s
darklumina>> PING>> 0.0312s
pakelika>> PING>> 0.0312s
darklumina>> PING>> 0.0312s
pakelika>> PING>> 0.0312s
darklumina>> PING>> 0.0312s
pakelika>> PING>> 0.0312s
darklumina>> PING>> 0.0312s
pakelika>> PING>> 0.0468s
darklumina>> PING>> 0.0312s
pakelika>> PING>> 0.0312s
darklumina>> PING>> 0.0312s
pakelika>> PING>> 0.0312s
darklumina>> PING>> 0.0312s
pakelika>> PING>> 0.0468s
darklumina>> PING>> 0.0312s
pakelika>> PING>> 0.0312s
darklumina>> PING>> 0.0312s
pakelika>> PING>> 0.0312s
darklumina>> PING>> 0.0312s
pakelika>> PING>> 0.0468s
darklumina>> PING>> 0.0468s
pakelika>> PING>> 0.0312s
darklumina>> PING>> 0.0312s
pakelika>> PING>> 0.0312s
darklumina>> PING>> 0.0312s
pakelika>> PING>> 0.0312s
darklumina>> PING>> 0.0312s
pakelika>> PING>> 0.0312s
darklumina>> PING>> 0.0312s
pakelika>> PING>> 0.0312s
darklumina>> PING>> 0.0312s
pakelika>> PING>> 0.0468s
darklumina>> PING>> 0.0468s
pakelika>> PING>> 0.028s
darklumina>> PING>> 0.0468s
pakelika>> PING>> 0.0312s
darklumina>> PING>> 0.0312s
pakelika>> PING>> 0.0312s
darklumina>> PING>> 0.0312s
pakelika>> PING>> 0.0468s
darklumina>> PING>> 0.0312s
pakelika>> PING>> 0.0312s
darklumina>> PING>> 0.0312s
pakelika>> PING>> 0.0312s
darklumina>> PING>> 0.0312s
pakelika>> PING>> 0.0468s
darklumina>> PING>> 0.0312s
pakelika>> PING>> 0.0468s
darklumina>> PING>> 0.0312s
pakelika>> PING>> 0.0468s
darklumina>> PING>> 0.0312s
pakelika>> PING>> 0.0312s
darklumina>> PING>> 0.0312s
pakelika>> PING>> 0.0468s
darklumina>> PING>> 0.0468s
pakelika>> PING>> 0.0312s
darklumina>> PING>> 0.0312s
pakelika>> PING>> 0.0312s
darklumina>> PING>> 0.0312s
pakelika>> PING>> 0.0312s
darklumina>> PING>> 0.0312s
pakelika>> PING>> 0.0312s
darklumina>> PING>> 0.0312s
pakelika>> PING>> 0.0312s
darklumina>> PING>> 0.0312s
pakelika>> PING>> 0.0312s
darklumina>> PING>> 0.0312s
pakelika>> PING>> 0.0312s
darklumina>> PING>> 0.0312s
pakelika>> PING>> 0.0312s
darklumina>> PING>> 0.0312s
pakelika>> PING>> 0.0312s
darklumina>> PING>> 0.0312s
pakelika>> PING>> 0.0312s
darklumina>> PING>> 0.0312s
pakelika>> PING>> 0.0312s
darklumina>> PING>> 0.0312s
pakelika>> PING>> 0.0312s
darklumina>> PING>> 0.0312s
pakelika>> PING>> 0.0312s
darklumina>> PING>> 0.0312s
pakelika>> PING>> 0.0312s
darklumina>> PING>> 0.0312s
pakelika>> PING>> 0.0312s
darklumina>> PING>> 0.0312s
pakelika>> PING>> 0.0312s
darklumina>> PING>> 0.078s
pakelika>> PING>> 0.0468s
darklumina>> PING>> 0.0312s
pakelika>> PING>> 0.0312s
darklumina>> PING>> 0.0312s
pakelika>> PING>> 0.0312s
darklumina>> PING>> 0.0468s
pakelika>> PING>> 0.0312s
darklumina>> PING>> 0.0312s
pakelika>> PING>> 0.0312s
darklumina>> PING>> 0.0312s
pakelika>> PING>> 0.0312s
darklumina>> PING>> 0.0312s
pakelika>> PING>> 0.0468s
darklumina>> PING>> 0.0312s
pakelika>> PING>> 0.0468s
darklumina>> PING>> 0.0624s
pakelika>> PING>> 0.0312s
darklumina>> PING>> 0.0312s
pakelika>> PING>> 0.0312s
darklumina>> PING>> 0.0312s
pakelika>> PING>> 0.0312s
darklumina>> PING>> 0.0312s
pakelika>> PING>> 0.0312s
darklumina>> PING>> 0.0312s
pakelika>> PING>> 0.0312s
darklumina>> PING>> 0.0312s
pakelika>> PING>> 0.0312s
darklumina>> PING>> 0.0312s
pakelika>> PING>> 0.0312s
darklumina>> PING>> 0.0312s
pakelika>> PING>> 0.0312s
darklumina>> PING>> 0.0312s
pakelika>> PING>> 0.0312s
darklumina>> PING>> 0.0312s
pakelika>> PING>> 0.0468s
darklumina>> PING>> 0.0312s
pakelika>> PING>> 0.0312s
darklumina>> PING>> 0.0312s
pakelika>> PING>> 0.0312s
darklumina>> PING>> 0.0312s
pakelika>> PING>> 0.0312s
darklumina>> PING>> 0.0312s
pakelika>> PING>> 0.0312s
darklumina>> PING>> 0.0312s
pakelika>> PING>> 0.0312s
darklumina>> PING>> 0.0312s
pakelika>> PING>> 0.0312s
darklumina>> PING>> 0.0312s
pakelika>> PING>> 0.0312s
darklumina>> PING>> 0.0312s
pakelika>> PING>> 0.0468s
darklumina>> PING>> 0.0312s
pakelika>> PING>> 0.0312s
darklumina>> PING>> 0.0312s
pakelika>> PING>> 0.0312s
darklumina>> PING>> 0.0312s
pakelika>> PING>> 0.0312s
darklumina>> PING>> 0.0312s
pakelika>> PING>> 0.0312s
darklumina>> PING>> 0.0312s
pakelika>> PING>> 0.0468s
darklumina>> PING>> 0.0312s
pakelika>> PING>> 0.0312s
darklumina>> PING>> 0.0312s
pakelika>> PING>> 0.0312s
darklumina>> PING>> 0.0312s
pakelika>> PING>> 0.0468s
darklumina>> PING>> 0.0312s
pakelika>> PING>> 0.0312s
darklumina>> PING>> 0.0312s
pakelika>> PING>> 0.0312s
darklumina>> PING>> 0.0312s
pakelika>> PING>> 0.0468s
darklumina>> PING>> 0.0312s
pakelika>> PING>> 0.0312s
darklumina>> PING>> 0.0312s
pakelika>> PING>> 0.0312s
darklumina>> PING>> 0.0312s
pakelika>> PING>> 0.0312s
darklumina>> PING>> 0.0312s
pakelika>> PING>> 0.0312s
darklumina>> PING>> 0.0312s
pakelika>> PING>> 0.0312s
darklumina>> PING>> 0.0312s
pakelika>> PING>> 0.0312s
darklumina>> PING>> 0.0312s
pakelika>> PING>> 0.0312s
darklumina>> PING>> 0.0312s
pakelika>> PING>> 0.0312s
darklumina>> PING>> 0.0312s
pakelika>> PING>> 0.0468s
darklumina>> PING>> 0.0312s
pakelika>> PING>> 0.0468s
darklumina>> PING>> 0.0312s
pakelika>> PING>> 0.0312s
darklumina>> PING>> 0.0468s
pakelika>> PING>> 0.0312s
darklumina>> PING>> 0.0312s
pakelika>> PING>> 0.0312s
darklumina>> PING>> 0.0312s
pakelika>> PING>> 0.0312s
darklumina>> PING>> 0.0312s
pakelika>> PING>> 0.0312s
darklumina>> PING>> 0.0312s
pakelika>> PING>> 0.0312s
darklumina>> PING>> 0.0312s
pakelika>> PING>> 0.0468s
darklumina>> PING>> 0.0312s
pakelika>> PING>> 0.0312s
darklumina>> PING>> 0.0312s
pakelika>> PING>> 0.0312s
darklumina>> PING>> 0.0312s
pakelika>> PING>> 0.0312s
darklumina>> PING>> 0.0312s
pakelika>> PING>> 0.0468s
darklumina>> PING>> 0.0312s
pakelika>> PING>> 0.0312s
darklumina>> PING>> 0.0312s
pakelika>> PING>> 0.0312s
darklumina>> PING>> 0.0312s
pakelika>> PING>> 0.0468s
darklumina>> PING>> 0.0312s
pakelika>> PING>> 0.0312s
darklumina>> PING>> 0.0312s
pakelika>> PING>> 0.0312s
darklumina>> PING>> 0.0312s
pakelika>> PING>> 0.0312s
darklumina>> PING>> 0.0312s
pakelika>> PING>> 0.0312s
darklumina>> PING>> 0.0468s
pakelika>> PING>> 0.0468s
darklumina>> PING>> 0.0312s
pakelika>> PING>> 0.0468s
darklumina>> PING>> 0.0312s
pakelika>> PING>> 0.0468s
darklumina>> PING>> 0.0312s
pakelika>> PING>> 0.0312s
darklumina>> PING>> 0.0312s
pakelika>> PING>> 0.0468s
darklumina>> PING>> 0.0312s
pakelika>> PING>> 0.0312s
darklumina>> PING>> 0.0312s
pakelika>> PING>> 0.0468s
darklumina>> PING>> 0.0312s
pakelika>> PING>> 0.0312s
darklumina>> PING>> 0.0312s
pakelika>> PING>> 0.0312s
darklumina>> PING>> 0.0312s
pakelika>> PING>> 0.0312s
darklumina>> PING>> 0.0312s
pakelika>> PING>> 0.0312s
darklumina>> PING>> 0.0312s
pakelika>> PING>> 0.0312s
darklumina>> PING>> 0.0312s
pakelika>> PING>> 0.0312s
darklumina>> PING>> 0.0312s
pakelika>> PING>> 0.0312s
darklumina>> PING>> 0.0312s
pakelika>> PING>> 0.0468s
darklumina>> PING>> 0.0312s
pakelika>> PING>> 0.0312s
darklumina>> PING>> 0.0312s
pakelika>> PING>> 0.0312s
darklumina>> PING>> 0.0312s
pakelika>> PING>> 0.0312s
darklumina>> PING>> 0.0312s
pakelika>> PING>> 0.0468s
darklumina>> PING>> 0.0312s
pakelika>> PING>> 0.0312s
darklumina>> PING>> 0.0312s
pakelika>> PING>> 0.0312s
darklumina>> PING>> 0.0312s
pakelika>> PING>> 0.0312s
darklumina>> PING>> 0.0312s
pakelika>> PING>> 0.0312s
darklumina>> PING>> 0.0312s
pakelika>> PING>> 0.0468s
darklumina>> PING>> 0.0312s
pakelika>> PING>> 0.0312s
darklumina>> PING>> 0.0312s
pakelika>> PING>> 0.0312s
pakelika>> PING>> 0.0468s
darklumina>> PING>> 0.0312s
darklumina>> PING>> 0.0312s
pakelika>> PING>> 0.0468s
darklumina>> PING>> 0.0312s
pakelika>> PING>> 0.0312s
darklumina>> PING>> 0.0312s
pakelika>> PING>> 0.0312s
darklumina>> PING>> 0.0312s
pakelika>> PING>> 0.0312s
darklumina>> PING>> 0.0312s
pakelika>> PING>> 0.0312s
darklumina>> PING>> 0.0312s
pakelika>> PING>> 0.0312s
darklumina>> PING>> 0.0312s
pakelika>> PING>> 0.0312s
pakelika>> PING>> 0.0312s
darklumina>> PING>> 0.0312s
darklumina>> PING>> 0.0312s
pakelika>> PING>> 0.0312s
darklumina>> PING>> 0.0312s
pakelika>> PING>> 0.0468s
darklumina>> PING>> 0.0312s
pakelika>> PING>> 0.0312s
darklumina>> PING>> 0.0312s
pakelika>> PING>> 0.0468s
darklumina>> PING>> 0.0312s
pakelika>> PING>> 0.0312s
darklumina>> PING>> 0.0312s
pakelika>> PING>> 0.0312s
darklumina>> PING>> 0.0312s
pakelika>> PING>> 0.0312s
darklumina>> PING>> 0.0312s
pakelika>> PING>> 0.0312s
darklumina>> PING>> 0.0312s
pakelika>> PING>> 0.0468s
>> VERSION 2.10.1>> 0.0312s
>> LOADGAME pakelika tifa71>> 0.4524s
>> VERSION 2.10.1>> 0.0312s
pakelika>> LOADGAME pakelika tifa17>> 0.4368s
pakelika>> TABLEQUERY 1>> 0.0312s
pakelika>> EXTRACHECK>> 0.0312s
pakelika>> CHAT *whistles*>> 0.1716s
pakelika>> AWAY 0>> 0.1872s
pakelika>> WEBSERVICE>> 0.0312s
pakelika>> WEBSERVICE>> 0.0312s
pakelika>> WEBSERVICE>> 0.0312s
pakelika>> WEBSERVICE>> 0.0312s
pakelika>> WEBSERVICE>> 0.0312s
pakelika>> WEBSERVICE>> 0.0312s
pakelika>> WEBSERVICE>> 0.0312s
pakelika>> WEBSERVICE>> 0.0312s
pakelika>> WEBSERVICE>> 0.0312s
pakelika>> WEBSERVICE>> 0.0312s
pakelika>> WEBSERVICE>> 0.0312s
pakelika>> PING>> 0.0312s
pakelika>> WEBSERVICE>> 0.0312s
pakelika>> WEBSERVICE>> 0.0312s
pakelika>> VETERANALTERNATETRAIN token>> 0.3432s
pakelika>> WEBSERVICE>> 0.0312s
pakelika>> WEBSERVICE>> 0.0312s
pakelika>> WEBSERVICE>> 0.0312s
pakelika>> WEBSERVICE>> 0.0312s
pakelika>> WEBSERVICE>> 0.0312s
pakelika>> WEBSERVICE>> 0.0312s
pakelika>> WEBSERVICE>> 0.0312s
pakelika>> WEBSERVICE>> 0.0312s
pakelika>> PING>> 0.0312s
pakelika>> WEBSERVICE>> 0.0312s
pakelika>> WEBSERVICE>> 0.0312s
pakelika>> WEBSERVICE>> 0.0312s
pakelika>> WEBSERVICE>> 0.0312s
pakelika>> WEBSERVICE>> 0.0312s
pakelika>> WEBSERVICE>> 0.0468s
pakelika>> WEBSERVICE>> 0.0312s
pakelika>> PING>> 0.0312s
pakelika>> WEBSERVICE>> 0.0312s
pakelika>> WEBSERVICE>> 0.0312s
pakelika>> PING>> 0.0312s
>> VERSION 2.10.1>> 0.0312s
hitman>> LOADGAME hitman 123>> 0.8736s
hitman>> TABLEQUERY 1>> 0.0312s
hitman>> EXTRACHECK>> 0.0312s
pakelika>> WEBSERVICE>> 0.0312s
pakelika>> WEBSERVICE>> 0.0312s
pakelika>> WEBSERVICE>> 0.0312s
pakelika>> WEBSERVICE>> 0.0312s
pakelika>> VETERANALTERNATETRAIN extended>> 0.3276s
pakelika>> WEBSERVICE>> 0.0312s
pakelika>> WEBSERVICE>> 0.0312s
pakelika>> TABLECREATE>> 0.156s
hitman>> TABLEJOIN 1>> 0.6084s
pakelika>> WEBSERVICE>> 0.0312s
pakelika>> PING>> 0.0312s
hitman>> PING>> 0.0312s
pakelika>> CHANGERULE 0 1 1 0 0 0 0 0 0 0 0 0 0 0 0 0 0 0 0 0 0 0 0 0 0 0 0 1 0 0 0 0 0 0 0 0 0 0 0 0@@Triple%20Triad@@ Anime Anime2 CC Crusade FF6 FF7 FF9 FFAC FFT FFX KingdomHearts Nintendo Sega Standard Suikoden2 XenoTrigger>> 0.078s
pakelika>> GAMEREADY>> 0.0468s
hitman>> GAMEREADY>> 0.6396s
hitman>> TT_PLACEAT 0 0>> 0.4368s
pakelika>> TT_PLACEAT 1 0>> 0.156s
hitman>> TT_PLACEAT 2 1>> 0.1404s
pakelika>> TT_PLACEAT 3 2>> 0.1404s
hitman>> TT_PLACEAT 4 2>> 0.1404s
pakelika>> TT_PLACEAT 5 3>> 0.156s
hitman>> TT_PLACEAT 6 4>> 0.156s
pakelika>> TT_PLACEAT 7 4>> 0.156s
hitman>> TT_PLACEAT 8 3>> 1.872s
pakelika>> PING>> 0.0312s
hitman>> PING>> 0.0312s
pakelika>> WEBSERVICE>> 0.0312s
pakelika>> VETERANALTERNATETRAIN gold>> 0.2652s
pakelika>> WEBSERVICE>> 0.0312s
pakelika>> WEBSERVICE>> 0.0312s
pakelika>> TABLECREATE>> 0.1404s
pakelika>> WEBSERVICE>> 0.0312s
pakelika>> CHANGERULE 0 1 1 0 0 0 0 0 0 0 0 0 0 0 0 0 0 0 0 0 0 0 0 0 0 0 0 1 0 0 0 0 0 0 0 0 0 0 0 0@@Triple%20Triad@@ Anime Anime2 CC Crusade FF6 FF7 FF9 FFAC FFT FFX KingdomHearts Nintendo Sega Standard Suikoden2 XenoTrigger>> 0.0624s
hitman>> TABLEJOIN 1>> 0.8268s
hitman>> GAMEREADY>> 0.0312s
pakelika>> GAMEREADY>> 0.3744s
hitman>> TT_PLACEAT 0 0>> 0.1404s
pakelika>> TT_PLACEAT 1 0>> 0.2808s
hitman>> TT_PLACEAT 2 1>> 0.1404s
pakelika>> PING>> 0.0312s
hitman>> PING>> 0.0312s
pakelika>> TT_PLACEAT 3 1>> 0.1404s
hitman>> TT_PLACEAT 4 2>> 0.1404s
pakelika>> TT_PLACEAT 5 3>> 0.1404s
hitman>> TT_PLACEAT 6 3>> 0.1404s
pakelika>> TT_PLACEAT 7 4>> 0.1404s
hitman>> PING>> 0.0312s
pakelika>> PING>> 0.0312s
hitman>> TT_PLACEAT 8 4>> 1.7784s
pakelika>> WEBSERVICE>> 0.0312s
pakelika>> VETERANALTERNATETRAIN gold>> 0.234s
pakelika>> WEBSERVICE>> 0.0312s
pakelika>> WEBSERVICE>> 0.0312s
pakelika>> WEBSERVICE>> 0.0312s
pakelika>> VETERANALTERNATETRAIN gold>> 0.234s
pakelika>> WEBSERVICE>> 0.0312s
pakelika>> WEBSERVICE>> 0.0312s
pakelika>> WEBSERVICE>> 0.0312s
pakelika>> VETERANALTERNATETRAIN gold>> 0.2496s
pakelika>> WEBSERVICE>> 0.0312s
pakelika>> WEBSERVICE>> 0.0468s
pakelika>> WEBSERVICE>> 0.0468s
pakelika>> WEBSERVICE>> 0.0312s
pakelika>> WEBSERVICE>> 0.0312s
pakelika>> WEBSERVICE>> 0.0312s
pakelika>> VETERANALTERNATETRAIN gold>> 0.2496s
pakelika>> WEBSERVICE>> 0.0312s
pakelika>> WEBSERVICE>> 0.0312s
pakelika>> TABLECREATE>> 0.1404s
hitman>> TABLEJOIN 1>> 0.5616s
pakelika>> WEBSERVICE>> 0.0312s
pakelika>> PING>> 0.0312s
hitman>> PING>> 0.0312s
pakelika>> CHANGERULE 0 1 1 0 0 0 0 0 0 0 0 0 0 0 0 0 0 0 0 0 0 0 0 0 0 0 0 1 0 0 0 0 0 0 0 0 0 0 0 0@@Triple%20Triad@@ Anime Anime2 CC Crusade FF6 FF7 FF9 FFAC FFT FFX KingdomHearts Nintendo Sega Standard Suikoden2 XenoTrigger>> 0.078s
pakelika>> GAMEREADY>> 0.0312s
hitman>> GAMEREADY>> 0.3588s
pakelika>> TT_PLACEAT 0 0>> 0.156s
hitman>> TT_PLACEAT 1 0>> 0.1404s
pakelika>> TT_PLACEAT 2 3>> 0.1248s
hitman>> TT_PLACEAT 8 4>> 0.1716s
pakelika>> TT_PLACEAT 6 4>> 0.1248s
hitman>> TT_PLACEAT 5 1>> 0.156s
pakelika>> TT_PLACEAT 4 2>> 0.1716s
hitman>> TT_PLACEAT 7 2>> 0.1716s
pakelika>> TT_PLACEAT 3 1>> 1.6224s
pakelika>> WEBSERVICE>> 0.0312s
pakelika>> WEBSERVICE>> 0.0312s
pakelika>> WEBSERVICE>> 0.0312s
pakelika>> PING>> 0.0312s
hitman>> PING>> 0.0312s
pakelika>> WEBSERVICE>> 0.0312s
pakelika>> WEBSERVICE>> 0.0312s
pakelika>> WEBSERVICE>> 0.0312s
pakelika>> WEBSERVICE>> 0.0312s
pakelika>> VETERANALTERNATETRAIN experience>> 0.2652s
pakelika>> WEBSERVICE>> 0.0312s
pakelika>> WEBSERVICE>> 0.0312s
pakelika>> VETERANALTERNATETRAIN experience>> 0.2496s
pakelika>> WEBSERVICE>> 0.0312s
pakelika>> WEBSERVICE>> 0.0312s
pakelika>> VETERANALTERNATETRAIN experience>> 0.2652s
pakelika>> WEBSERVICE>> 0.0468s
pakelika>> WEBSERVICE>> 0.0312s
pakelika>> WEBSERVICE>> 0.0312s
pakelika>> PING>> 0.0312s
hitman>> PING>> 0.0312s
pakelika>> TABLECREATE>> 0.1716s
pakelika>> WEBSERVICE>> 0.0312s
pakelika>> CHANGERULE 0 1 1 0 0 0 0 0 0 0 0 0 0 0 0 0 0 0 0 0 0 0 0 0 0 0 0 1 0 0 0 0 0 0 0 0 0 0 0 0@@Triple%20Triad@@ Anime Anime2 CC Crusade FF6 FF7 FF9 FFAC FFT FFX KingdomHearts Nintendo Sega Standard Suikoden2 XenoTrigger>> 0.0468s
pakelika>> GAMEREADY>> 0.0312s
hitman>> TABLEJOIN 1>> 0.6084s
hitman>> GAMEREADY>> 0.4212s
hitman>> TT_PLACEAT 0 0>> 0.1716s
pakelika>> TT_PLACEAT 1 1>> 0.1872s
hitman>> TT_PLACEAT 2 1>> 0.1716s
pakelika>> TT_PLACEAT 3 2>> 0.1872s
pakelika>> PING>> 0.0312s
hitman>> PING>> 0.0312s
pakelika>> PING>> 0.0312s
hitman>> PING>> 0.0312s
hitman>> TT_PLACEAT 4 2>> 0.1872s
pakelika>> TT_PLACEAT 5 3>> 0.156s
hitman>> TT_PLACEAT 6 4>> 0.156s
pakelika>> TT_PLACEAT 7 4>> 0.1716s
hitman>> TT_PLACEAT 8 3>> 1.56s
pakelika>> PING>> 0.0312s
hitman>> PING>> 0.0312s
pakelika>> WEBSERVICE>> 0.0312s
pakelika>> WEBSERVICE>> 0.0312s
pakelika>> WEBSERVICE>> 0.0312s
pakelika>> WEBSERVICE>> 0.0312s
hitman>> TABLECREATE3>> 0.156s
hitman>> TABLECLOSE>> 0.0624s
pakelika>> TABLECREATE3>> 0.1248s
hitman>> TABLEJOIN 1>> 0.546s
pakelika>> PING>> 0.0312s
hitman>> PING>> 0.0312s
hitman>> GAMEREADY>> 0.0312s
pakelika>> GAMEREADY>> 0.1716s
pakelika>> SBREADY>> 0.0312s
hitman>> SBREADY>> 0.1872s
pakelika>> SBCOMPLETE 1 99 99 99 7>> 0.1716s
pakelika>> PING>> 0.0312s
hitman>> PING>> 0.0312s
hitman>> SBFROZEN>> 0.0312s
pakelika>> SBFROZEN>> 1.7464s
pakelika>> TABLECREATE2 OMNITT_RANDOM 5>> 0.1404s
pakelika>> GAMEREADY>> 0.0312s
hitman>> TABLEJOIN 1>> 0.546s
pakelika>> PING>> 0.0312s
hitman>> PING>> 0.0312s
hitman>> GAMEREADY>> 0.4524s
pakelika>> OTTPLACEAT 0>> 0.4056s
hitman>> OTTPLACEAT 20>> 0.1716s
pakelika>> OTTPLACEAT 24>> 0.1716s
hitman>> OTTPLACEAT 21>> 0.1716s
pakelika>> OTTPLACEAT 1>> 0.1716s
hitman>> OTTPLACEAT 22>> 0.1716s
pakelika>> OTTPLACEAT 15>> 0.1716s
hitman>> OTTPLACEAT 10>> 0.1716s
pakelika>> OTTPLACEAT 5>> 0.1872s
hitman>> OTTPLACEAT 16>> 0.2028s
pakelika>> OTTPLACEAT 17>> 0.39s
hitman>> OTTPLACEAT 12>> 0.2184s
pakelika>> OTTPLACEAT 18>> 0.1872s
pakelika>> PING>> 0.0312s
hitman>> PING>> 0.0312s
hitman>> OTTPLACEAT 14>> 0.1716s
pakelika>> OTTPLACEAT 13>> 0.234s
hitman>> OTTPLACEAT 4>> 0.1872s
pakelika>> OTTPLACEAT 8>> 0.1716s
hitman>> OTTPLACEAT 7>> 0.1872s
pakelika>> OTTPLACEAT 3>> 0.1716s
hitman>> OTTPLACEAT 2>> 1.872s
pakelika>> PING>> 0.0312s
hitman>> PING>> 0.0312s
pakelika>> PING>> 0.0312s
hitman>> PING>> 0.0312s
pakelika>> TABLECREATE2 OMNITT_RANDOM 5>> 0.1248s
pakelika>> CHANGERULE OTT OMNITT_RANDOM 7>> 0.0468s
pakelika>> GAMEREADY>> 0.0312s
hitman>> TABLEJOIN 1>> 0.5304s
hitman>> GAMEREADY>> 0.2496s
pakelika>> OTTPLACEAT 0>> 0.1404s
hitman>> OTTPLACEAT 3>> 0.156s
pakelika>> OTTPLACEAT 1>> 0.156s
hitman>> OTTPLACEAT 24>> 0.1404s
pakelika>> OTTPLACEAT 23>> 0.1716s
hitman>> OTTPLACEAT 8>> 0.1872s
pakelika>> OTTPLACEAT 7>> 0.1872s
hitman>> OTTPLACEAT 20>> 0.156s
pakelika>> OTTPLACEAT 21>> 0.156s
hitman>> OTTPLACEAT 10>> 0.156s
pakelika>> PING>> 0.0312s
hitman>> PING>> 0.0312s
pakelika>> OTTPLACEAT 22>> 0.1716s
hitman>> OTTPLACEAT 17>> 0.2652s
pakelika>> OTTPLACEAT 5>> 0.234s
hitman>> OTTPLACEAT 13>> 0.2028s
pakelika>> OTTPLACEAT 18>> 1.2168s
hitman>> OTTPLACEAT 12>> 1.3728s
pakelika>> OTTPLACEAT 6>> 1.1544s
hitman>> OTTPLACEAT 11>> 1.6536s
pakelika>> PING>> 0.0312s
hitman>> PING>> 0.0312s
pakelika>> PING>> 0.0312s
hitman>> PING>> 0.0312s
pakelika>> TABLECREATE2 OMNITT_RANDOM 5>> 0.1248s
pakelika>> CHANGERULE OTT OMNITT_RANDOM 7>> 0.0468s
pakelika>> GAMEREADY>> 0.0312s
hitman>> TABLEJOIN 1>> 0.5304s
hitman>> GAMEREADY>> 0.2496s
hitman>> OTTPLACEAT 3>> 0.156s
pakelika>> OTTPLACEAT 8>> 0.2028s
hitman>> OTTPLACEAT 20>> 0.3276s
pakelika>> OTTPLACEAT 21>> 0.1716s
hitman>> OTTPLACEAT 9>> 0.156s
pakelika>> OTTPLACEAT 14>> 0.1716s
hitman>> OTTPLACEAT 24>> 0.1404s
pakelika>> OTTPLACEAT 13>> 0.1716s
hitman>> OTTPLACEAT 0>> 0.1872s
pakelika>> OTTPLACEAT 1>> 0.1872s
hitman>> OTTPLACEAT 23>> 0.1872s
pakelika>> PING>> 0.0312s
hitman>> PING>> 0.0312s
pakelika>> OTTPLACEAT 7>> 0.2496s
hitman>> OTTPLACEAT 6>> 0.2028s
pakelika>> OTTPLACEAT 5>> 0.1872s
hitman>> OTTPLACEAT 15>> 0.1872s
pakelika>> OTTPLACEAT 16>> 0.234s
hitman>> OTTPLACEAT 17>> 0.1872s
pakelika>> OTTPLACEAT 18>> 0.7956s
hitman>> PING>> 0.0312s
pakelika>> PING>> 0.0312s
pakelika>> TABLECREATE2 OMNITT_RANDOM 5>> 0.1248s
pakelika>> CHANGERULE OTT OMNITT_RANDOM 7>> 0.0468s
pakelika>> GAMEREADY>> 0.0468s
hitman>> TABLEJOIN 1>> 0.5616s
hitman>> GAMEREADY>> 0.2652s
hitman>> OTTPLACEAT 4>> 0.1872s
pakelika>> OTTPLACEAT 20>> 0.1872s
hitman>> OTTPLACEAT 3>> 0.1872s
pakelika>> OTTPLACEAT 10>> 0.1872s
hitman>> OTTPLACEAT 22>> 0.1872s
pakelika>> OTTPLACEAT 24>> 0.1716s
hitman>> OTTPLACEAT 5>> 0.234s
pakelika>> PING>> 0.0312s
hitman>> PING>> 0.0312s
pakelika>> OTTPLACEAT 17>> 0.39s
hitman>> OTTPLACEAT 8>> 0.1872s
pakelika>> OTTPLACEAT 14>> 0.1716s
hitman>> OTTPLACEAT 0>> 0.1716s
pakelika>> OTTPLACEAT 1>> 0.1872s
hitman>> OTTPLACEAT 7>> 0.1872s
pakelika>> OTTPLACEAT 19>> 0.1716s
hitman>> OTTPLACEAT 13>> 0.2028s
pakelika>> OTTPLACEAT 12>> 0.2184s
pakelika>> PING>> 0.0312s
hitman>> PING>> 0.0312s
hitman>> OTTPLACEAT 11>> 0.2028s
pakelika>> OTTPLACEAT 6>> 2.1528s
pakelika>> TABLECREATE2 OMNITT_RANDOM 5>> 0.1404s
pakelika>> CHANGERULE OTT OMNITT_PLAYER 7>> 0.0468s
pakelika>> GAMEREADY>> 0.0312s
hitman>> TABLEJOIN 1>> 0.702s
hitman>> GAMEREADY>> 0.312s
pakelika>> PING>> 0.0312s
hitman>> PING>> 0.0468s
pakelika>> OTTPLACEAT 0>> 0.1872s
hitman>> OTTPLACEAT 14>> 0.2184s
pakelika>> OTTPLACEAT 1>> 0.1872s
hitman>> OTTPLACEAT 9>> 0.1716s
pakelika>> OTTPLACEAT 4>> 0.1716s
hitman>> OTTPLACEAT 15>> 0.1716s
pakelika>> OTTPLACEAT 2>> 0.1716s
hitman>> OTTPLACEAT 18>> 0.1872s
pakelika>> OTTPLACEAT 13>> 0.2184s
hitman>> OTTPLACEAT 8>> 0.2028s
pakelika>> OTTPLACEAT 20>> 0.1872s
hitman>> OTTPLACEAT 7>> 0.1872s
pakelika>> OTTPLACEAT 21>> 0.1872s
pakelika>> PING>> 0.0468s
hitman>> PING>> 0.0312s
hitman>> OTTPLACEAT 22>> 0.546s
pakelika>> OTTPLACEAT 6>> 0.2028s
hitman>> OTTPLACEAT 11>> 0.2028s
pakelika>> OTTPLACEAT 12>> 0.2028s
hitman>> OTTPLACEAT 17>> 1.6068s
pakelika>> TABLECREATE2 OMNITT_RANDOM 5>> 0.1248s
pakelika>> PING>> 0.0312s
hitman>> PING>> 0.0312s
pakelika>> CHANGERULE OTT OMNITT_PLAYER 7>> 0.0624s
hitman>> TABLEJOIN 1>> 0.858s
hitman>> GAMEREADY>> 0.0312s
pakelika>> GAMEREADY>> 0.2652s
hitman>> OTTPLACEAT 0>> 0.1716s
pakelika>> OTTPLACEAT 5>> 0.2028s
hitman>> OTTPLACEAT 10>> 0.1716s
pakelika>> OTTPLACEAT 1>> 0.1872s
hitman>> OTTPLACEAT 15>> 0.2028s
pakelika>> OTTPLACEAT 21>> 0.2028s
hitman>> OTTPLACEAT 11>> 0.1872s
pakelika>> OTTPLACEAT 16>> 0.234s
hitman>> OTTPLACEAT 22>> 0.1716s
pakelika>> OTTPLACEAT 23>> 0.156s
hitman>> OTTPLACEAT 18>> 0.1872s
pakelika>> PING>> 0.0312s
hitman>> PING>> 0.0312s
pakelika>> OTTPLACEAT 13>> 0.1872s
hitman>> OTTPLACEAT 14>> 0.234s
pakelika>> OTTPLACEAT 4>> 0.156s
hitman>> OTTPLACEAT 7>> 0.1716s
pakelika>> OTTPLACEAT 2>> 0.1872s
hitman>> OTTPLACEAT 9>> 0.1716s
pakelika>> OTTPLACEAT 8>> 2.0124s
pakelika>> PING>> 0.0312s
hitman>> PING>> 0.0312s
pakelika>> TABLECREATE>> 0.156s
pakelika>> WEBSERVICE>> 0.0312s
pakelika>> PING>> 0.0312s
hitman>> PING>> 0.0312s
pakelika>> CHANGERULE 0 1 1 0 0 0 0 0 0 0 0 0 0 0 0 0 0 0 0 0 0 0 0 0 0 0 0 1 0 0 0 0 0 0 0 0 0 0 0 0@@Triple%20Triad@@ Anime Anime2 CC Crusade FF6 FF7 FF9 FFAC FFT FFX KingdomHearts Nintendo Sega Standard Suikoden2 XenoTrigger>> 0.0468s
pakelika>> GAMEREADY>> 0.0468s
hitman>> TABLEJOIN 1>> 0.546s
hitman>> GAMEREADY>> 0.4212s
hitman>> TT_PLACEAT 0 0>> 0.4056s
hitman>> PING>> 0.0312s
pakelika>> PING>> 0.0312s
pakelika>> TT_PLACEAT 1 0>> 0.156s
hitman>> TT_PLACEAT 2 1>> 0.1404s
pakelika>> TT_PLACEAT 4 3>> 0.1404s
hitman>> TT_PLACEAT 5 4>> 0.156s
pakelika>> TT_PLACEAT 3 2>> 0.1404s
hitman>> TT_PLACEAT 8 2>> 0.1404s
pakelika>> TT_PLACEAT 7 4>> 0.1404s
hitman>> TT_PLACEAT 6 3>> 1.4352s
pakelika>> PING>> 0.0312s
hitman>> PING>> 0.0312s
pakelika>> WEBSERVICE>> 0.0312s
pakelika>> WEBSERVICE>> 0.0312s
pakelika>> ALTERNATESET 70>> 0.1092s
pakelika>> WEBSERVICE>> 0.0312s
pakelika>> WEBSERVICE>> 0.0312s
pakelika>> ALTERNATESET 70>> 0.1248s
pakelika>> WEBSERVICE>> 0.0312s
pakelika>> PING>> 0.0312s
hitman>> PING>> 0.0312s
pakelika>> ALTERNATESET 0>> 0.156s
pakelika>> WEBSERVICE>> 0.0468s
pakelika>> WEBSERVICE>> 0.0312s
pakelika>> ALTERNATESET 0>> 0.1248s
pakelika>> WEBSERVICE>> 0.0312s
pakelika>> WEBSERVICE>> 0.0312s
pakelika>> ALTERNATESET 0>> 0.1248s
pakelika>> TABLECREATE2 OMNITT_RANDOM 5>> 0.1404s
pakelika>> CHANGERULE OTT OMNITT_PLAYER 7>> 0.0468s
pakelika>> GAMEREADY>> 0.0312s
hitman>> TABLEJOIN 1>> 0.5304s
hitman>> GAMEREADY>> 0.3588s
pakelika>> OTTPLACEAT 0>> 0.156s
hitman>> OTTPLACEAT 15>> 0.156s
pakelika>> OTTPLACEAT 10>> 0.1716s
pakelika>> PING>> 0.0312s
hitman>> PING>> 0.0312s
hitman>> OTTPLACEAT 5>> 0.2964s
pakelika>> OTTPLACEAT 16>> 0.2028s
hitman>> OTTPLACEAT 11>> 0.2028s
pakelika>> OTTCARDDISCARD>> 0.156s
pakelika>> OTTPLACEAT 6>> 0.234s
hitman>> OTTPLACEAT 22>> 0.1716s
pakelika>> OTTPLACEAT 17>> 0.234s
hitman>> OTTPLACEAT 23>> 0.1716s
pakelika>> OTTPLACEAT 7>> 0.3588s
hitman>> OTTPLACEAT 3>> 0.2028s
pakelika>> OTTPLACEAT 18>> 0.2028s
hitman>> OTTPLACEAT 13>> 0.1872s
pakelika>> OTTPLACEAT 4>> 0.1872s
hitman>> OTTPLACEAT 14>> 0.1872s
pakelika>> OTTPLACEAT 19>> 0.2028s
pakelika>> PING>> 0.0312s
hitman>> PING>> 0.0312s
hitman>> OTTCARDDISCARD>> 0.1716s
hitman>> OTTPLACEAT 9>> 1.8408s
pakelika>> TABLECREATE2 OMNITT_RANDOM 5>> 0.1248s
pakelika>> CHANGERULE OTT OMNITT_RANDOM 7>> 0.0468s
pakelika>> GAMEREADY>> 0.0312s
hitman>> TABLEJOIN 1>> 0.5304s
hitman>> GAMEREADY>> 0.2964s
hitman>> OTTPLACEAT 0>> 0.1872s
pakelika>> OTTPLACEAT 5>> 0.1872s
hitman>> OTTPLACEAT 16>> 0.2028s
pakelika>> OTTPLACEAT 10>> 0.1716s
pakelika>> PING>> 0.0312s
hitman>> PING>> 0.0312s
hitman>> OTTPLACEAT 20>> 0.1716s
pakelika>> OTTPLACEAT 21>> 0.4524s
hitman>> OTTPLACEAT 22>> 0.1872s
pakelika>> OTTPLACEAT 17>> 0.2184s
hitman>> OTTPLACEAT 19>> 0.1872s
pakelika>> OTTPLACEAT 23>> 0.1872s
hitman>> OTTPLACEAT 13>> 0.1872s
pakelika>> OTTPLACEAT 8>> 0.2184s
hitman>> OTTPLACEAT 2>> 0.2028s
pakelika>> OTTPLACEAT 3>> 0.1872s
hitman>> OTTPLACEAT 14>> 0.1872s
pakelika>> OTTPLACEAT 7>> 0.1872s
hitman>> OTTPLACEAT 4>> 0.1716s
pakelika>> OTTPLACEAT 9>> 1.638s
pakelika>> TABLECREATE2 OMNITT_RANDOM 5>> 0.1248s
pakelika>> PING>> 0.0312s
hitman>> PING>> 0.0468s
pakelika>> CHANGERULE OTT OMNITT_RANDOM 7>> 0.0468s
pakelika>> GAMEREADY>> 0.0312s
hitman>> TABLEJOIN 1>> 0.624s
hitman>> GAMEREADY>> 0.2496s
pakelika>> OTTPLACEAT 14>> 0.1716s
hitman>> OTTPLACEAT 4>> 0.1872s
pakelika>> OTTPLACEAT 9>> 0.2184s
hitman>> OTTPLACEAT 6>> 0.2028s
pakelika>> OTTPLACEAT 8>> 0.1872s
hitman>> OTTPLACEAT 0>> 0.1716s
pakelika>> OTTPLACEAT 11>> 0.2028s
hitman>> OTTPLACEAT 18>> 0.1872s
pakelika>> OTTPLACEAT 2>> 0.1872s
hitman>> OTTPLACEAT 12>> 0.2028s
pakelika>> OTTPLACEAT 5>> 0.1872s
hitman>> OTTPLACEAT 15>> 0.1716s
pakelika>> PING>> 0.0312s
hitman>> PING>> 0.0312s
pakelika>> OTTPLACEAT 17>> 0.2808s
hitman>> OTTPLACEAT 20>> 0.1716s
pakelika>> OTTPLACEAT 10>> 0.234s
hitman>> OTTPLACEAT 21>> 0.156s
pakelika>> OTTPLACEAT 16>> 0.2184s
hitman>> OTTPLACEAT 22>> 1.5912s
pakelika>> PING>> 0.0312s
hitman>> PING>> 0.0312s
pakelika>> TABLECREATE2 OMNITT_RANDOM 5>> 0.1404s
pakelika>> PING>> 0.0312s
hitman>> PING>> 0.0312s
pakelika>> CHANGERULE OTT OMNITT_PLAYER 7>> 0.0468s
pakelika>> GAMEREADY>> 0.0312s
hitman>> TABLEJOIN 1>> 0.8424s
hitman>> GAMEREADY>> 0.3276s
hitman>> OTTPLACEAT 4>> 0.156s
pakelika>> OTTPLACEAT 3>> 0.2184s
hitman>> OTTPLACEAT 9>> 0.1872s
pakelika>> PING>> 0.0468s
hitman>> PING>> 0.0312s
pakelika>> OTTPLACEAT 0>> 0.2496s
pakelika>> WEBSERVICE>> 0.0312s
pakelika>> WEBSERVICE>> 0.0312s
pakelika>> WEBSERVICE>> 0.0312s
pakelika>> WEBSERVICE>> 0.0312s
pakelika>> WEBSERVICE>> 0.0312s
hitman>> OTTPLACEAT 1>> 0.156s
pakelika>> PING>> 0.0312s
hitman>> PING>> 0.0312s
pakelika>> OTTPLACEAT 5>> 0.156s
hitman>> OTTPLACEAT 14>> 0.156s
pakelika>> OTTPLACEAT 6>> 0.1872s
hitman>> OTTPLACEAT 7>> 0.1716s
pakelika>> OTTPLACEAT 8>> 0.2028s
hitman>> OTTPLACEAT 20>> 0.1404s
pakelika>> OTTPLACEAT 13>> 0.1716s
hitman>> OTTPLACEAT 19>> 0.1716s
pakelika>> OTTPLACEAT 24>> 0.1716s
hitman>> OTTPLACEAT 17>> 0.1716s
pakelika>> OTTPLACEAT 23>> 0.1716s
hitman>> OTTPLACEAT 16>> 0.156s
pakelika>> OTTPLACEAT 21>> 1.5288s
pakelika>> PING>> 0.0312s
hitman>> PING>> 0.0312s
pakelika>> TABLECREATE2 OMNITT_RANDOM 5>> 0.1404s
pakelika>> GAMEREADY>> 0.0312s
hitman>> TABLEJOIN 1>> 0.546s
hitman>> GAMEREADY>> 0.2028s
pakelika>> OTTPLACEAT 0>> 0.1404s
hitman>> OTTPLACEAT 5>> 0.156s
pakelika>> OTTPLACEAT 6>> 0.156s
hitman>> OTTPLACEAT 14>> 0.156s
pakelika>> OTTPLACEAT 10>> 0.156s
pakelika>> PING>> 0.0312s
hitman>> PING>> 0.0312s
hitman>> OTTPLACEAT 13>> 0.2028s
pakelika>> OTTPLACEAT 11>> 0.1872s
hitman>> OTTPLACEAT 17>> 0.1716s
pakelika>> OTTPLACEAT 12>> 0.2496s
hitman>> OTTPLACEAT 3>> 0.156s
pakelika>> OTTPLACEAT 9>> 0.2184s
hitman>> OTTPLACEAT 20>> 0.156s
pakelika>> OTTPLACEAT 8>> 0.2496s
hitman>> OTTPLACEAT 21>> 0.156s
pakelika>> OTTPLACEAT 4>> 0.156s
hitman>> OTTPLACEAT 15>> 0.468s
pakelika>> OTTPLACEAT 7>> 0.2496s
hitman>> OTTPLACEAT 22>> 0.1716s
pakelika>> OTTCARDDISCARD>> 0.1404s
pakelika>> PING>> 0.0468s
hitman>> PING>> 0.0312s
pakelika>> OTTPLACEAT 16>> 0.546s
hitman>> OTTPLACEAT 24>> 1.6068s
pakelika>> TABLECREATE2 OMNITT_RANDOM 5>> 0.1404s
pakelika>> GAMEREADY>> 0.0312s
hitman>> TABLEJOIN 1>> 0.624s
hitman>> GAMEREADY>> 0.234s
pakelika>> OTTPLACEAT 4>> 0.1872s
hitman>> OTTPLACEAT 9>> 0.1872s
pakelika>> PING>> 0.0312s
hitman>> PING>> 0.0312s
pakelika>> OTTPLACEAT 2>> 0.2028s
hitman>> OTTPLACEAT 3>> 0.2028s
pakelika>> OTTPLACEAT 13>> 0.2184s
hitman>> OTTPLACEAT 12>> 0.1872s
pakelika>> OTTPLACEAT 8>> 0.4212s
hitman>> OTTPLACEAT 19>> 0.1716s
pakelika>> OTTPLACEAT 24>> 0.1716s
hitman>> OTTPLACEAT 17>> 0.2028s
pakelika>> OTTPLACEAT 22>> 0.1872s
hitman>> OTTPLACEAT 0>> 0.1716s
pakelika>> OTTPLACEAT 23>> 0.1716s
hitman>> OTTPLACEAT 6>> 0.2028s
pakelika>> OTTPLACEAT 5>> 0.2184s
pakelika>> PING>> 0.0312s
hitman>> PING>> 0.0312s
hitman>> OTTPLACEAT 10>> 0.2184s
pakelika>> OTTPLACEAT 11>> 0.3432s
hitman>> OTTPLACEAT 20>> 0.1716s
pakelika>> OTTPLACEAT 15>> 0.2028s
hitman>> OTTPLACEAT 16>> 2.0436s
pakelika>> WEBSERVICE>> 0.0312s
pakelika>> WEBSERVICE>> 0.0312s
pakelika>> WEBSERVICE>> 0.0312s
pakelika>> WEBSERVICE>> 0.0312s
pakelika>> WEBSERVICE>> 0.0312s
pakelika>> WEBSERVICE>> 0.0312s
pakelika>> WEBSERVICE>> 0.0468s
pakelika>> PING>> 0.0312s
hitman>> PING>> 0.0312s
pakelika>> WEBSERVICE>> 0.0312s
pakelika>> WEBSERVICE>> 0.0312s
pakelika>> WEBSERVICE>> 0.0312s
pakelika>> WEBSERVICE>> 0.0312s
pakelika>> WEBSERVICE>> 0.0312s
pakelika>> WEBSERVICE>> 0.0312s
pakelika>> WEBSERVICE>> 0.0468s
pakelika>> WEBSERVICE>> 0.0312s
pakelika>> CARDPACK Returners%20Pack>> 0.8424s
pakelika>> PING>> 0.0312s
hitman>> PING>> 0.0468s
hitman>> PING>> 0.0312s
pakelika>> PING>> 0.0312s
pakelika>> PING>> 0.0468s
hitman>> PING>> 0.0312s
>> QUIT 0 1>> 0.312s
pakelika>> PING>> 0.0312s
pakelika>> PING>> 0.0312s
pakelika>> PING>> 0.0312s
pakelika>> PING>> 0.0312s
pakelika>> PING>> 0.0312s
pakelika>> PING>> 0.0312s
pakelika>> PING>> 0.0312s
pakelika>> CHAT /me is away.  Reason: Idle>> 0.1872s
pakelika>> AWAY 1>> 0.0312s
pakelika>> PING>> 0.0312s
pakelika>> PING>> 0.0312s
pakelika>> PING>> 0.0312s
pakelika>> PING>> 0.0312s
pakelika>> PING>> 0.0312s
pakelika>> PING>> 0.0312s
pakelika>> PING>> 0.0312s
pakelika>> PING>> 0.0312s
pakelika>> PING>> 0.0312s
pakelika>> PING>> 0.0312s
pakelika>> PING>> 0.0312s
pakelika>> PING>> 0.0312s
pakelika>> PING>> 0.0312s
pakelika>> PING>> 0.0312s
pakelika>> PING>> 0.0312s
pakelika>> PING>> 0.0312s
pakelika>> PING>> 0.0312s
pakelika>> PING>> 0.0312s
pakelika>> PING>> 0.0312s
pakelika>> PING>> 0.0468s
pakelika>> PING>> 0.0312s
pakelika>> PING>> 0.0312s
pakelika>> PING>> 0.0312s
pakelika>> PING>> 0.0312s
pakelika>> PING>> 0.0312s
pakelika>> PING>> 0.0312s
pakelika>> PING>> 0.0312s
pakelika>> PING>> 0.0312s
pakelika>> PING>> 0.0312s
pakelika>> PING>> 0.0312s
pakelika>> PING>> 0.0312s
pakelika>> PING>> 0.0312s
pakelika>> PING>> 0.0312s
pakelika>> PING>> 0.0312s
pakelika>> PING>> 0.0312s
pakelika>> PING>> 0.0312s
pakelika>> PING>> 0.0312s
pakelika>> PING>> 0.0312s
pakelika>> PING>> 0.0312s
pakelika>> PING>> 0.0312s
pakelika>> PING>> 0.0312s
pakelika>> PING>> 0.0312s
pakelika>> CHAT /me is back.>> 0.1248s
pakelika>> AWAY 0>> 0.0312s
pakelika>> PING>> 0.0312s
pakelika>> PING>> 0.0312s
pakelika>> PING>> 0.0312s
pakelika>> PING>> 0.0312s
pakelika>> PING>> 0.0468s
pakelika>> PING>> 0.0312s
pakelika>> PING>> 0.0312s
pakelika>> PING>> 0.0468s
pakelika>> PING>> 0.0312s
pakelika>> PING>> 0.0312s
pakelika>> PING>> 0.0312s
pakelika>> PING>> 0.0312s
pakelika>> PING>> 0.0312s
pakelika>> PING>> 0.0312s
pakelika>> PING>> 0.0312s
pakelika>> PING>> 0.0312s
pakelika>> PING>> 0.0312s
pakelika>> PING>> 0.0312s
pakelika>> PING>> 0.0312s
pakelika>> PING>> 0.0312s
pakelika>> PING>> 0.0312s
pakelika>> PING>> 0.0312s
pakelika>> PING>> 0.0312s
pakelika>> PING>> 0.0312s
pakelika>> PING>> 0.0312s
pakelika>> PING>> 0.0312s
pakelika>> PING>> 0.0312s
pakelika>> PING>> 0.0312s
pakelika>> PING>> 0.0312s
pakelika>> PING>> 0.0468s
pakelika>> PING>> 0.0312s
pakelika>> PING>> 0.0312s
pakelika>> PING>> 0.0312s
pakelika>> PING>> 0.0312s
pakelika>> PING>> 0.0312s
pakelika>> PING>> 0.0312s
pakelika>> PING>> 0.0312s
pakelika>> PING>> 0.0312s
pakelika>> PING>> 0.0312s
pakelika>> PING>> 0.0312s
pakelika>> PING>> 0.0312s
pakelika>> PING>> 0.0312s
pakelika>> PING>> 0.0468s
pakelika>> PING>> 0.0312s
pakelika>> PING>> 0.0312s
pakelika>> PING>> 0.0312s
pakelika>> PING>> 0.0312s
pakelika>> PING>> 0.0312s
pakelika>> PING>> 0.0468s
pakelika>> PING>> 0.0312s
pakelika>> PING>> 0.0312s
pakelika>> PING>> 0.0312s
pakelika>> PING>> 0.0312s
pakelika>> PING>> 0.0312s
pakelika>> PING>> 0.0312s
pakelika>> PING>> 0.0312s
pakelika>> PING>> 0.0312s
pakelika>> PING>> 0.0312s
pakelika>> PING>> 0.0312s
pakelika>> PING>> 0.0312s
pakelika>> PING>> 0.0312s
pakelika>> PING>> 0.0312s
pakelika>> PING>> 0.0312s
pakelika>> PING>> 0.0312s
pakelika>> PING>> 0.0312s
pakelika>> PING>> 0.0312s
pakelika>> PING>> 0.0312s
pakelika>> PING>> 0.0312s
pakelika>> PING>> 0.0312s
pakelika>> PING>> 0.0312s
pakelika>> PING>> 0.0312s
pakelika>> PING>> 0.0312s
pakelika>> PING>> 0.0312s
pakelika>> PING>> 0.0312s
pakelika>> PING>> 0.0312s
pakelika>> PING>> 0.0312s
pakelika>> PING>> 0.0312s
pakelika>> PING>> 0.0312s
pakelika>> PING>> 0.0312s
pakelika>> PING>> 0.0312s
pakelika>> PING>> 0.0312s
pakelika>> PING>> 0.0312s
pakelika>> PING>> 0.0312s
pakelika>> PING>> 0.0312s
pakelika>> PING>> 0.0312s
pakelika>> PING>> 0.0312s
pakelika>> PING>> 0.0468s
pakelika>> PING>> 0.0312s
pakelika>> PING>> 0.0312s
pakelika>> PING>> 0.0312s
pakelika>> PING>> 0.0312s
pakelika>> PING>> 0.0312s
pakelika>> PING>> 0.0468s
pakelika>> PING>> 0.0312s
pakelika>> PING>> 0.0312s
pakelika>> PING>> 0.0312s
pakelika>> PING>> 0.0312s
pakelika>> PING>> 0.0312s
pakelika>> PING>> 0.0312s
pakelika>> PING>> 0.0312s
pakelika>> PING>> 0.0312s
pakelika>> PING>> 0.0312s
pakelika>> PING>> 0.0312s
pakelika>> PING>> 0.0312s
pakelika>> PING>> 0.0312s
pakelika>> PING>> 0.0312s
pakelika>> PING>> 0.0312s
pakelika>> PING>> 0.0312s
pakelika>> PING>> 0.0312s
pakelika>> PING>> 0.0312s
pakelika>> PING>> 0.0312s
pakelika>> PING>> 0.0312s
pakelika>> PING>> 0.0312s
pakelika>> PING>> 0.0312s
pakelika>> PING>> 0.0312s
pakelika>> PING>> 0.026s
pakelika>> PING>> 0.0312s
>> VERSION 2.10.1>> 0.0312s
hitman>> LOADGAME hitman 123>> 0.4524s
hitman>> TABLEQUERY 1>> 0.0312s
hitman>> EXTRACHECK>> 0.0312s
hitman>> TABLECREATE>> 0.1248s
hitman>> WEBSERVICE>> 0.0312s
pakelika>> PING>> 0.0312s
hitman>> PING>> 0.0312s
hitman>> CHANGERULE 0 1 1 0 0 0 0 0 1 1 0 0 0 0 0 1 0 1 1 0 1 0 0 0 1 0 0 0 0 0 0 0 0 0 0 0 0 0 0 1@@Triple%20Triad@@ Anime Anime2 CC Crusade FF6 FF7 FF9 FFAC FFT FFX KingdomHearts Nintendo Sega Standard Suikoden2 XenoTrigger>> 0.0468s
pakelika>> TABLEJOIN 1>> 0.7488s
pakelika>> GAMEREADY>> 0.0312s
hitman>> GAMEREADY>> 0.4212s
hitman>> TT_PLACEAT 0 0>> 0.3432s
pakelika>> TT_PLACEAT 1 0>> 0.234s
pakelika>> PING>> 0.0468s
hitman>> PING>> 0.0312s
hitman>> TT_PLACEAT 2 1>> 0.7s
pakelika>> TT_PLACEAT 5 1>> 0.4524s
hitman>> TT_PLACEAT 4 2>> 0.2964s
pakelika>> TT_PLACEAT 3 2>> 0.3432s
hitman>> TT_PLACEAT 8 3>> 0.1872s
>> VERSION 2.10.1>> 0.028s
darklumina>> LOADGAME darklumina pantyraid13>> 0.3926s
darklumina>> >> 0s
darklumina>> EXTRACHECK>> 0.1248s
pakelika>> TT_PLACEAT 6 4>> 0.624s
>> VERSION 2.10.1>> 0.064s
pakelika>> LOADGAME pakelika tifa17>> 0.57s
pakelika>> PING>> 0.028s
pakelika>> TABLEQUERY 1>> 0.029s
pakelika>> EXTRACHECK>> 0.026s
>> VERSION 2.10.1>> 0.029s
hitman>> LOADGAME hitman 123>> 0.293s
hitman>> TABLEQUERY 1>> 0.026s
hitman>> EXTRACHECK>> 0.026s
pakelika>> CHAT h4x>> 0.136s
pakelika>> TABLECREATE>> 0.143s
pakelika>> WEBSERVICE>> 0.026s
pakelika>> PING>> 0.028s
hitman>> PING>> 0.026s
pakelika>> CHANGERULE 0 1 1 0 0 0 0 0 0 0 0 0 0 0 0 0 0 0 0 0 0 0 0 0 0 0 0 1 0 0 0 0 0 0 0 0 0 0 0 0@@Triple%20Triad@@ Anime Anime2 CC Crusade FF6 FF7 FF9 FFAC FFT FFX KingdomHearts Nintendo Sega Standard Suikoden2 XenoTrigger>> 0.088s
pakelika>> GAMEREADY>> 0.041s
hitman>> TABLEJOIN 1>> 0.57s
hitman>> GAMEREADY>> 0.527s
pakelika>> TT_PLACEAT 0 0>> 0.315s
hitman>> TT_PLACEAT 1 0>> 0.157s
pakelika>> TT_PLACEAT 2 1>> 0.208s
hitman>> TT_PLACEAT 5 1>> 0.249s
pakelika>> TT_PLACEAT 4 3>> 0.192s
hitman>> TT_PLACEAT 3 2>> 0.142s
pakelika>> TT_PLACEAT 6 4>> 0.135s
hitman>> TT_PLACEAT 7 4>> 0.159s
pakelika>> TT_PLACEAT 8 2>> 1.772s
pakelika>> PING>> 0.026s
hitman>> PING>> 0.026s
pakelika>> PING>> 0.026s
hitman>> PING>> 0.026s
pakelika>> WEBSERVICE>> 0.026s
pakelika>> WEBSERVICE>> 0.026s
pakelika>> WEBSERVICE>> 0.026s
pakelika>> WEBSERVICE>> 0.026s
pakelika>> WEBSERVICE>> 0.026s
pakelika>> WEBSERVICE>> 0.026s
pakelika>> WEBSERVICE>> 0.026s
pakelika>> WEBSERVICE>> 0.026s
pakelika>> WEBSERVICE>> 0.026s
pakelika>> PING>> 0.029s
hitman>> PING>> 0.026s
pakelika>> WEBSERVICE>> 0.026s
pakelika>> WEBSERVICE>> 0.026s
pakelika>> WEBSERVICE>> 0.026s
pakelika>> WEBSERVICE>> 0.026s
pakelika>> WEBSERVICE>> 0.026s
pakelika>> WEBSERVICE>> 0.026s
hitman>> WEBSERVICE>> 0.026s
hitman>> WEBSERVICE>> 0.026s
hitman>> WEBSERVICE>> 0.026s
hitman>> WEBSERVICE>> 0.026s
pakelika>> WEBSERVICE>> 0.026s
pakelika>> WEBSERVICE>> 0.026s
pakelika>> WEBSERVICE>> 0.026s
pakelika>> WEBSERVICE>> 0.026s
hitman>> WEBSERVICE>> 0.026s
pakelika>> PING>> 0.026s
hitman>> WEBSERVICE>> 0.026s
hitman>> ALTERNATESET 0>> 0.192s
hitman>> WEBSERVICE>> 0.026s
hitman>> WEBSERVICE>> 0.03s
hitman>> ALTERNATESET 0>> 0.115s
pakelika>> WEBSERVICE>> 0.026s
pakelika>> WEBSERVICE>> 0.026s
pakelika>> ALTERNATESET 0>> 0.129s
pakelika>> WEBSERVICE>> 0.026s
pakelika>> WEBSERVICE>> 0.026s
pakelika>> ALTERNATESET 0>> 0.145s
pakelika>> TABLECREATE2 OMNITT_RANDOM 5>> 0.133s
hitman>> TABLEJOIN 1>> 0.574s
hitman>> GAMEREADY>> 0.035s
pakelika>> PING>> 0.026s
hitman>> PING>> 0.032s
hitman>> GAMEREADY>> 0.035s
hitman>> GAMEREADY>> 0.034s
pakelika>> GAMEREADY>> 0.389s
hitman>> OTTPLACEAT 9>> 0.273s
pakelika>> OTTPLACEAT 20>> 0.151s
hitman>> OTTPLACEAT 21>> 0.152s
pakelika>> OTTPLACEAT 22>> 0.202s
pakelika>> PING>> 0.026s
hitman>> PING>> 0.026s
hitman>> OTTPLACEAT 3>> 0.167s
pakelika>> OTTPLACEAT 2>> 0.167s
hitman>> OTTPLACEAT 19>> 0.166s
pakelika>> OTTPLACEAT 24>> 0.159s
hitman>> OTTPLACEAT 23>> 0.169s
pakelika>> OTTPLACEAT 18>> 0.257s
hitman>> OTTPLACEAT 0>> 0.155s
pakelika>> OTTPLACEAT 14>> 0.178s
hitman>> OTTPLACEAT 10>> 0.158s
pakelika>> OTTPLACEAT 5>> 0.172s
hitman>> OTTPLACEAT 12>> 0.167s
pakelika>> OTTPLACEAT 7>> 0.182s
hitman>> PING>> 0.026s
pakelika>> PING>> 0.03s
hitman>> OTTPLACEAT 8>> 0.242s
pakelika>> OTTPLACEAT 13>> 0.402s
hitman>> OTTPLACEAT 6>> 0.597s
pakelika>> OTTPLACEAT 11>> 1.938s
pakelika>> PING>> 0.027s
hitman>> PING>> 0.027s
pakelika>> PING>> 0.026s
hitman>> PING>> 0.026s
pakelika>> PING>> 0.026s
hitman>> PING>> 0.027s
pakelika>> PING>> 0.026s
hitman>> PING>> 0.027s
pakelika>> PING>> 0.026s
hitman>> PING>> 0.026s
pakelika>> PING>> 0.026s
hitman>> PING>> 0.029s
pakelika>> PING>> 0.026s
hitman>> PING>> 0.026s
>> VERSION 2.10.1>> 0.031s
darklumina>> LOADGAME darklumina pantyraid13>> 0.545s
darklumina>> TABLEQUERY 1>> 0.033s
darklumina>> EXTRACHECK>> 0.027s
darklumina>> PING>> 0.026s
pakelika>> PING>> 0.026s
hitman>> PING>> 0.026s
pakelika>> CHAT woot>> 0.133s
pakelika>> WEBSERVICE>> 0.026s
pakelika>> WEBSERVICE>> 0.026s
pakelika>> WEBSERVICE>> 0.026s
pakelika>> WEBSERVICE>> 0.027s
pakelika>> WEBSERVICE>> 0.026s
pakelika>> WEBSERVICE>> 0.026s
pakelika>> WEBSERVICE>> 0.026s
pakelika>> WEBSERVICE>> 0.026s
pakelika>> WEBSERVICE>> 0.026s
pakelika>> VETERANALTERNATETRAIN gold>> 0.4292s
pakelika>> WEBSERVICE>> 0.0312s
pakelika>> WEBSERVICE>> 0.0312s
pakelika>> VETERANALTERNATETRAIN gold>> 0.3276s
pakelika>> WEBSERVICE>> 0.0312s
pakelika>> WEBSERVICE>> 0.0312s
pakelika>> TABLECREATE>> 0.3276s
darklumina>> PING>> 0.0312s
pakelika>> PING>> 0.0312s
hitman>> PING>> 0.0312s
pakelika>> WEBSERVICE>> 0.0312s
pakelika>> CHANGERULE 0 1 1 0 0 0 0 0 0 0 0 0 0 0 0 0 0 0 0 0 0 0 0 0 0 0 0 1 0 0 0 0 0 0 0 0 0 0 0 0@@Triple%20Triad@@ Anime2 CC Crusade FF6 FF7 FF9 FFAC FFT FFX KingdomHearts Nintendo Sega Standard Suikoden2 XenoTrigger>> 0.078s
hitman>> TABLEJOIN 1>> 0.9828s
hitman>> GAMEREADY>> 0.0312s
pakelika>> GAMEREADY>> 0.4992s
hitman>> TT_PLACEAT 0 0>> 0.312s
pakelika>> TT_PLACEAT 1 0>> 0.1872s
hitman>> TT_PLACEAT 5 2>> 0.156s
pakelika>> TT_PLACEAT 3 2>> 0.156s
hitman>> TT_PLACEAT 2 4>> 0.1716s
pakelika>> TT_PLACEAT 4 3>> 0.1716s
hitman>> TT_PLACEAT 8 3>> 0.2652s
pakelika>> TT_PLACEAT 7 1>> 0.156s
hitman>> TT_PLACEAT 6 1>> 1.7004s
darklumina>> PING>> 0.0312s
pakelika>> PING>> 0.0312s
hitman>> PING>> 0.0312s
pakelika>> CHAT i still dont think the gp works>> 0.1248s
pakelika>> CHAT got 25 last time i tried, then trained gold enhance twice, stil got 25>> 0.1404s
pakelika>> CHAT if my math is right i should get 2-3 more gold per game>> 0.1872s
darklumina>> PING>> 0.0468s
pakelika>> PING>> 0.0312s
hitman>> PING>> 0.0312s
pakelika>> WEBSERVICE>> 0.0468s
pakelika>> WEBSERVICE>> 0.0312s
pakelika>> WEBSERVICE>> 0.0312s
pakelika>> WEBSERVICE>> 0.0312s
pakelika>> WEBSERVICE>> 0.0312s
darklumina>> PING>> 0.026s
pakelika>> PING>> 0.027s
hitman>> PING>> 0.027s
darklumina>> PING>> 0.029s
pakelika>> PING>> 0.026s
hitman>> PING>> 0.027s
pakelika>> WEBSERVICE>> 0.026s
pakelika>> WEBSERVICE>> 0.026s
pakelika>> VETERANALTERNATETRAIN experience>> 0.27s
pakelika>> WEBSERVICE>> 0.026s
pakelika>> WEBSERVICE>> 0.026s
pakelika>> WEBSERVICE>> 0.026s
pakelika>> WEBSERVICE>> 0.026s
pakelika>> VETERANALTERNATETRAIN experience>> 0.467s
pakelika>> WEBSERVICE>> 0.026s
pakelika>> WEBSERVICE>> 0.026s
pakelika>> WEBSERVICE>> 0.026s
pakelika>> VETERANALTERNATETRAIN experience>> 0.258s
pakelika>> WEBSERVICE>> 0.026s
pakelika>> WEBSERVICE>> 0.026s
pakelika>> WEBSERVICE>> 0.026s
pakelika>> WEBSERVICE>> 0.027s
pakelika>> WEBSERVICE>> 0.026s
pakelika>> VETERANALTERNATETRAIN experience>> 0.284s
pakelika>> WEBSERVICE>> 0.028s
pakelika>> WEBSERVICE>> 0.026s
pakelika>> TABLECREATE>> 0.141s
pakelika>> WEBSERVICE>> 0.026s
pakelika>> CHANGERULE 0 1 1 0 0 0 0 0 0 0 0 0 0 0 0 0 0 0 0 0 0 0 0 0 0 0 0 1 0 0 0 0 0 0 0 0 0 0 0 0@@Triple%20Triad@@ Anime Anime2 CC Crusade FF6 FF7 FF9 FFAC FFT FFX KingdomHearts Nintendo Sega Standard Suikoden2 XenoTrigger>> 0.066s
pakelika>> GAMEREADY>> 0.031s
hitman>> TABLEJOIN 1>> 0.621s
hitman>> GAMEREADY>> 0.632s
pakelika>> TT_PLACEAT 0 0>> 0.208s
hitman>> TT_PLACEAT 1 0>> 0.167s
darklumina>> PING>> 0.026s
pakelika>> PING>> 0.026s
hitman>> PING>> 0.027s
pakelika>> TT_PLACEAT 2 1>> 0.246s
hitman>> TT_PLACEAT 5 1>> 0.154s
pakelika>> TT_PLACEAT 4 2>> 0.169s
hitman>> TT_PLACEAT 3 2>> 0.173s
pakelika>> TT_PLACEAT 6 4>> 0.148s
hitman>> TT_PLACEAT 7 4>> 0.159s
pakelika>> TT_PLACEAT 8 3>> 1.491s
darklumina>> PING>> 0.026s
pakelika>> PING>> 0.026s
hitman>> PING>> 0.027s
pakelika>> WEBSERVICE>> 0.026s
pakelika>> WEBSERVICE>> 0.027s
pakelika>> WEBSERVICE>> 0.026s
pakelika>> WEBSERVICE>> 0.026s
pakelika>> WEBSERVICE>> 0.026s
pakelika>> WEBSERVICE>> 0.026s
pakelika>> WEBSERVICE>> 0.026s
pakelika>> VETERANALTERNATETRAIN gold>> 0.276s
pakelika>> WEBSERVICE>> 0.027s
pakelika>> WEBSERVICE>> 0.026s
pakelika>> VETERANALTERNATETRAIN gold>> 0.302s
pakelika>> WEBSERVICE>> 0.026s
pakelika>> WEBSERVICE>> 0.026s
darklumina>> PING>> 0.028s
hitman>> PING>> 0.027s
pakelika>> TABLECREATE>> 0.38s
pakelika>> PING>> 0.026s
pakelika>> WEBSERVICE>> 0.026s
pakelika>> CHANGERULE 0 1 1 0 0 0 0 0 0 0 0 0 0 0 0 0 0 0 0 0 0 0 0 0 0 0 0 1 0 0 0 0 0 0 0 0 0 0 0 0@@Triple%20Triad@@ Anime Anime2 CC Crusade FF6 FF7 FF9 FFAC FFT FFX KingdomHearts Nintendo Sega Standard Suikoden2 XenoTrigger>> 0.063s
pakelika>> GAMEREADY>> 0.03s
hitman>> TABLEJOIN 1>> 0.618s
hitman>> GAMEREADY>> 0.428s
hitman>> TT_PLACEAT 4 1>> 0.157s
pakelika>> TT_PLACEAT 6 2>> 0.204s
hitman>> TT_PLACEAT 8 4>> 0.359s
pakelika>> TT_PLACEAT 0 1>> 0.161s
hitman>> TT_PLACEAT 2 0>> 0.163s
pakelika>> TT_PLACEAT 5 4>> 0.146s
hitman>> TT_PLACEAT 7 2>> 0.238s
pakelika>> TT_PLACEAT 3 3>> 0.148s
hitman>> TT_PLACEAT 1 3>> 1.721s
darklumina>> PING>> 0.026s
pakelika>> PING>> 0.026s
hitman>> PING>> 0.03s
darklumina>> PING>> 0.026s
pakelika>> PING>> 0.028s
hitman>> PING>> 0.027s
darklumina>> PING>> 0.026s
pakelika>> PING>> 0.026s
hitman>> PING>> 0.03s
darklumina>> PING>> 0.026s
pakelika>> PING>> 0.026s
hitman>> PING>> 0.028s
hitman>> TABLECREATE>> 0.143s
hitman>> WEBSERVICE>> 0.026s
hitman>> CHANGERULE 0 1 1 0 0 0 0 0 0 0 0 0 0 0 0 0 0 0 0 0 0 0 0 0 0 0 0 1 0 0 0 0 0 0 0 0 0 0 0 0@@Triple%20Triad@@ Anime2 CC Crusade FF6 FF7 FF9 FFAC FFT FFX KingdomHearts Nintendo Sega Standard Suikoden2 XenoTrigger>> 0.067s
hitman>> GAMEREADY>> 0.034s
pakelika>> TABLEJOIN 1>> 0.604s
pakelika>> GAMEREADY>> 0.402s
hitman>> TT_PLACEAT 0 0>> 0.145s
pakelika>> TT_PLACEAT 1 0>> 0.149s
hitman>> TT_PLACEAT 2 1>> 0.142s
pakelika>> TT_PLACEAT 5 1>> 0.139s
hitman>> TT_PLACEAT 4 2>> 0.173s
pakelika>> TT_PLACEAT 3 2>> 0.142s
hitman>> TT_PLACEAT 6 3>> 0.143s
pakelika>> TT_PLACEAT 7 4>> 0.148s
darklumina>> PING>> 0.027s
pakelika>> PING>> 0.026s
hitman>> PING>> 0.028s
pakelika>> PING>> 0.026s
darklumina>> PING>> 0.026s
hitman>> >> 0s
hitman>> PING>> 138.21s
darklumina>> PING>> 0.026s
pakelika>> PING>> 0.026s
hitman>> PING>> 0.027s
darklumina>> PING>> 0.03s
pakelika>> PING>> 0.027s
hitman>> PING>> 0.027s
pakelika>> TABLECREATE>> 0.144s
pakelika>> WEBSERVICE>> 0.026s
pakelika>> CHANGERULE 0 1 1 0 0 0 0 0 0 0 0 0 0 0 0 0 0 0 0 0 0 0 0 0 0 0 0 1 0 0 0 0 0 0 0 0 0 0 0 0@@Triple%20Triad@@ CC Crusade FF6 FF7 FF9 FFAC FFT FFX KingdomHearts Nintendo Sega Standard Suikoden2 XenoTrigger>> 0.065s
pakelika>> GAMEREADY>> 0.031s
darklumina>> PING>> 0.026s
pakelika>> PING>> 0.026s
hitman>> PING>> 0.026s
darklumina>> PING>> 0.026s
pakelika>> PING>> 0.027s
hitman>> PING>> 0.026s
hitman>> TABLEJOIN 1>> 0.623s
hitman>> GAMEREADY>> 0.39s
pakelika>> TT_PLACEAT 0 0>> 0.162s
hitman>> TT_PLACEAT 1 0>> 0.166s
pakelika>> TT_PLACEAT 3 2>> 0.151s
hitman>> TT_PLACEAT 2 3>> 0.175s
pakelika>> TT_PLACEAT 4 1>> 0.232s
hitman>> TT_PLACEAT 5 1>> 0.172s
darklumina>> PING>> 0.026s
pakelika>> TT_PLACEAT 6 4>> 0.263s
pakelika>> PING>> 0.026s
hitman>> PING>> 0.026s
hitman>> TT_PLACEAT 7 2>> 0.176s
darklumina>> PING>> 0.026s
pakelika>> >> 0s
hitman>> PING>> 0.026s
pakelika>> PING>> 106.446s
darklumina>> PING>> 0.026s
pakelika>> PING>> 0.026s
hitman>> PING>> 0.027s
darklumina>> PING>> 0.026s
pakelika>> PING>> 0.026s
hitman>> PING>> 0.026s
darklumina>> PING>> 0.026s
pakelika>> PING>> 0.028s
hitman>> PING>> 0.03s
darklumina>> PING>> 0.026s
pakelika>> PING>> 0.026s
hitman>> PING>> 0.032s
>> VERSION 2.10.1>> 0.041s
pakelika>> LOADGAME pakelika tifa17>> 0.471s
pakelika>> TABLEQUERY 1>> 0.031s
pakelika>> EXTRACHECK>> 0.026s
>> VERSION 2.10.1>> 0.028s
hitman>> LOADGAME hitman 123>> 0.312s
hitman>> TABLEQUERY 1>> 0.027s
hitman>> EXTRACHECK>> 0.026s
hitman>> WEBSERVICE>> 0.027s
pakelika>> PING>> 0.026s
hitman>> PING>> 0.026s
pakelika>> PING>> 0.026s
hitman>> PING>> 0.026s
pakelika>> PING>> 0.027s
hitman>> PING>> 0.027s
pakelika>> PING>> 0.026s
hitman>> PING>> 0.026s
pakelika>> WEBSERVICE>> 0.026s
pakelika>> CARDPACK Mystic%20Esper%20Pack>> 0.903s
pakelika>> CARDPACK Shadow's%20Mystery>> 1.212s
pakelika>> CARDPACK Empires%20Pack>> 0.788s
pakelika>> PING>> 0.027s
hitman>> PING>> 0.026s
pakelika>> CARDPACK Gau's%20Treasure>> 0.979s
pakelika>> CARDPACK Returners%20Pack>> 0.748s
pakelika>> CARDPACK Returners%20Pack>> 0.729s
pakelika>> CARDPACK Returners%20Pack>> 0.619s
pakelika>> CARDPACK Returners%20Pack>> 0.664s
pakelika>> CARDPACK Returners%20Pack>> 0.671s
pakelika>> CARDPACK Returners%20Pack>> 1.196s
pakelika>> CARDPACK Returners%20Pack>> 0.633s
pakelika>> CARDPACK Returners%20Pack>> 0.636s
pakelika>> CARDPACK Returners%20Pack>> 0.784s
pakelika>> CARDPACK Returners%20Pack>> 0.702s
pakelika>> CARDPACK Returners%20Pack>> 0.788s
pakelika>> CARDPACK Returners%20Pack>> 0.643s
pakelika>> CARDPACK Returners%20Pack>> 0.632s
pakelika>> CARDPACK Returners%20Pack>> 0.593s
hitman>> PING>> 0.026s
pakelika>> PING>> 0.027s
pakelika>> CARDPACK Returners%20Pack>> 0.55s
pakelika>> CARDPACK Returners%20Pack>> 0.656s
pakelika>> CARDPACK Returners%20Pack>> 0.542s
pakelika>> CARDPACK Returners%20Pack>> 0.602s
pakelika>> CARDPACK Returners%20Pack>> 0.641s
pakelika>> CARDPACK Returners%20Pack>> 0.631s
pakelika>> CARDPACK Returners%20Pack>> 0.677s
pakelika>> CARDPACK Returners%20Pack>> 0.608s
pakelika>> CARDPACK Returners%20Pack>> 0.577s
pakelika>> CARDPACK Returners%20Pack>> 0.659s
pakelika>> CARDPACK Returners%20Pack>> 0.621s
pakelika>> CARDPACK Returners%20Pack>> 0.591s
pakelika>> CARDPACK Returners%20Pack>> 0.55s
pakelika>> CARDPACK Returners%20Pack>> 0.578s
hitman>> PING>> 0.026s
pakelika>> PING>> 0.027s
pakelika>> CARDPACK Returners%20Pack>> 0.612s
pakelika>> CARDPACK Returners%20Pack>> 0.61s
pakelika>> CARDPACK Returners%20Pack>> 0.658s
pakelika>> CARDPACK Returners%20Pack>> 0.185s
pakelika>> WEBSERVICE>> 0.026s
pakelika>> PING>> 0.026s
hitman>> PING>> 0.027s
pakelika>> PING>> 0.026s
hitman>> PING>> 0.032s
pakelika>> PING>> 0.026s
hitman>> PING>> 0.032s
pakelika>> PING>> 0.026s
hitman>> PING>> 0.027s
pakelika>> PING>> 0.026s
hitman>> PING>> 0.027s
pakelika>> PING>> 0.026s
hitman>> PING>> 0.028s
pakelika>> CHAT /me is away.  Reason: Idle>> 0.136s
pakelika>> AWAY 1>> 0.027s
pakelika>> PING>> 0.026s
hitman>> PING>> 0.032s
pakelika>> PING>> 0.026s
hitman>> PING>> 0.03s
>> QUIT 0 1>> 0.259s
>> QUIT 0 1>> 0.211s