
>> VERSION 2.0.9>> 0.066s
darklumina>> LOADGAME darklumina pantyraid13>> 2.6302s
darklumina>> TABLEQUERY 1>> 0.078s
darklumina>> EXTRACHECK>> 0.0468s
darklumina>> >> 0s
darklumina>> CHAT /me is back.>> 0.5304s
darklumina>> ADMINLOGIN 41257448>> 0.3432s
darklumina>> WEBSERVICE>> 0.0468s
darklumina>> CHAT  hh>> 0.2184s
darklumina>> PING>> 0.0312s
darklumina>> CHAT  f>> 0.2028s
darklumina>> CHAT 1>> 0.1872s
darklumina>> CHAT 2>> 0.2028s
darklumina>> CHAT 3>> 0.1872s
darklumina>> CHAT 4>> 0.234s
darklumina>> CHAT 56>> 0.2372s
darklumina>> CHAT 7>> 0.1872s
darklumina>> CHAT 8>> 0.2028s
darklumina>> CHAT 9>> 0.2028s
darklumina>> CHAT 0>> 0.2184s
darklumina>> CHAT .>> 0.2494s
darklumina>> >> 0s
>> CHAT /me has been kicked for flooding.>> 0.936s
>> VERSION 2.0.9>> 0.034s
darklumina>> LOADGAME darklumina pantyraid13>> 0.433s
darklumina>> TABLEQUERY 1>> 0.031s
darklumina>> EXTRACHECK>> 0.032s
darklumina>> CHAT .>> 0.1872s
darklumina>> CHAT />> 0.2028s
darklumina>> CHAT ,>> 0.1872s
darklumina>> CHAT ><*-`~>> 0.0312s
darklumina>> PING>> 0.0312s
darklumina>> CHAT f -*/~`?><:"{}[]\|>> 0.2028s
darklumina>> CHAT  fgh  >> 0.2028s
darklumina>> PING>> 0.2652s
darklumina>> PING>> 0.0468s
darklumina>> PING>> 0.0312s
darklumina>> CHAT />> 0.1872s
darklumina>> CHAT .>> 0.312s
darklumina>> CHAT //;':"[]{}/*-+~`f>> 0.3588s
darklumina>> CHAT  fff>> 0.2184s
darklumina>> CHAT  >> 0.2028s
darklumina>> >> 0s
darklumina>> PING>> 0.39s
darklumina>> CHAT  fff>> 0.2184s
darklumina>> CHAT fjghg>> 0.2028s
darklumina>> PING>> 0.0312s
darklumina>> CHAT +f>> 0.2184s
darklumina>> CHAT ff >> 0.1872s
darklumina>> PING>> 0.0624s
darklumina>> CHAT dsfadsf fff>> 0.1872s
>> QUIT 0 1>> 0.4368s