
>> >> 0s
>> VERSION 2.11.4>> 0.5319468s
>> VERSION 2.11.4>> 0.039996s
darklumina>> LOADGAME darklumina pantyraid13>> 1.4428557s
darklumina>> TABLEQUERY 1>> 0.0439956s
darklumina>> EXTRACHECK>> 0.0339966s
darklumina>> PING>> 0.0259974s
darklumina>> PING>> 0.0259974s
darklumina>> PING>> 0.029997s
darklumina>> PING>> 0.029997s
darklumina>> PING>> 0.0289971s
darklumina>> PING>> 0.0289971s
darklumina>> PING>> 0.0289971s
darklumina>> PING>> 0.0279972s
darklumina>> PING>> 0.0289971s
darklumina>> PING>> 0.0269973s
darklumina>> PING>> 0.0309969s
darklumina>> PING>> 0.0319968s
darklumina>> PING>> 0.0309969s
darklumina>> PING>> 0.0289971s
darklumina>> PING>> 0.0369963s
darklumina>> WEBSERVICE>> 0.0309969s
darklumina>> PING>> 0.0289971s
darklumina>> PING>> 0.0289971s
darklumina>> PING>> 0.0279972s
darklumina>> PING>> 0.0289971s
darklumina>> PING>> 0.0289971s
darklumina>> CARDPACK Job%20Pack>> 1.3858614s
darklumina>> PING>> 0.0259974s
darklumina>> PING>> 0.028s
darklumina>> PING>> 0.027s
darklumina>> PING>> 0.028s
darklumina>> PING>> 0.026s
darklumina>> PING>> 0.034s
darklumina>> PING>> 0.03s
darklumina>> PING>> 0.027s
darklumina>> PING>> 0.028s
darklumina>> PING>> 0.029s
darklumina>> PING>> 0.028s
darklumina>> PING>> 0.027s
darklumina>> PING>> 0.026s
darklumina>> PING>> 0.051s
darklumina>> PING>> 0.038s
darklumina>> PING>> 0.028s
darklumina>> PING>> 0.028s
darklumina>> PING>> 0.028s
darklumina>> PING>> 0.026s
darklumina>> PING>> 0.028s
darklumina>> PING>> 0.026s
darklumina>> PING>> 0.029s
darklumina>> PING>> 0.028s
darklumina>> PING>> 0.031s
darklumina>> PING>> 0.03s
darklumina>> PING>> 0.028s
darklumina>> PING>> 0.034s
darklumina>> CARDPACK Moogle%20Pack>> 1.477s
darklumina>> WEBSERVICE>> 0.028s
darklumina>> PING>> 0.051s
darklumina>> WEBSERVICE>> 0.028s
darklumina>> WEBSERVICE>> 0.026s
>> QUIT 0 1>> 0.532s