>> VERSION 1.5.8
>> LOADGAME darklumina pantyraid13
darklumina>> QUERYTABLES 1
darklumina>> EXTRACHECK
darklumina>> PING
darklumina>> QUIT 0 1
>> VERSION 1.5.8
>> LOADGAME darklumina pantyraid13
darklumina>> QUERYTABLES 1
darklumina>> EXTRACHECK
darklumina>> PING
darklumina>> PING
darklumina>> QUIT 0 1
>> VERSION 1.5.8
>> LOADGAME darklumina pantyraid13
darklumina>> QUERYTABLES 1
darklumina>> EXTRACHECK
darklumina>> PING
darklumina>> CARDPACK 1 FFAC
darklumina>> PING
darklumina>> PING
darklumina>> CARDPACK 1 Nintendo
darklumina>> CARDPACK 1 Nintendo
darklumina>> CARDPACK 2 Nintendo
darklumina>> CARDPACK 3 Nintendo
darklumina>> CARDPACK 3 Nintendo
darklumina>> CARDPACK 3 Nintendo
darklumina>> CARDPACK 3 Nintendo
darklumina>> CARDPACK 3 Nintendo
darklumina>> CARDPACK 2 Nintendo
darklumina>> CARDPACK 3 Nintendo
darklumina>> QUIT 0 1
>> VERSION 1.5.8
>> LOADGAME darklumina pantyraid13
darklumina>> QUERYTABLES 1
darklumina>> EXTRACHECK
darklumina>> ABNEWDECK FFAC
darklumina>> PING
darklumina>> CARDPACK 1 FFAC
darklumina>> QUIT 0 1
>> VERSION 1.5.8
>> LOADGAME darklumina pantyraid13
darklumina>> QUERYTABLES 1
darklumina>> EXTRACHECK
darklumina>> PING
darklumina>> CARDPACK 1 FFAC
darklumina>> ABNEWDECK FFAC
darklumina>> QUIT 0 1
>> VERSION 1.5.8
>> LOADGAME darklumina pantyraid13
darklumina>> QUERYTABLES 1
darklumina>> EXTRACHECK
darklumina>> CARDPACK 1 FFAC
>> VERSION 1.5.8
>> LOADGAME darklumina pantyraid13
darklumina>> QUERYTABLES 1
darklumina>> EXTRACHECK
darklumina>> CHAT /me is back.
darklumina>> AWAY 0
darklumina>> CARDPACK 1 FFAC
>> VERSION 1.5.8
>> LOADGAME darklumina pantyraid13
darklumina>> QUERYTABLES 1
darklumina>> EXTRACHECK
darklumina>> CARDPACK 1 FFAC
>> VERSION 1.5.8
>> LOADGAME darklumina pantyraid13
darklumina>> QUERYTABLES 1
darklumina>> EXTRACHECK
darklumina>> CARDPACK 1 FFAC
