
>> >> 0s
darklumina>> LOADGAME darklumina pantyraid13>> 5.46s
darklumina>> TABLEQUERY 1>> 0.078s
darklumina>> EXTRACHECK>> 0.0624s
darklumina>> PING>> 0.0624s
>> VERSION 2.10.1>> 0.0468s
KieranCarden>> LOADGAME KieranCarden letmein>> 0.4992s
KieranCarden>> TABLEQUERY 1>> 0.0468s
KieranCarden>> EXTRACHECK>> 0.0468s
darklumina>> PING>> 0.0624s
KieranCarden>> PING>> 0.0468s
KieranCarden>> WEBSERVICE>> 0.0468s
KieranCarden>> WEBSERVICE>> 0.0312s
KieranCarden>> WEBSERVICE>> 0.0312s
KieranCarden>> WEBSERVICE>> 0.0312s
KieranCarden>> WEBSERVICE>> 0.0312s
KieranCarden>> VETERANALTERNATETRAIN vip>> 0.7488s
KieranCarden>> WEBSERVICE>> 0.0312s
KieranCarden>> WEBSERVICE>> 0.0312s
KieranCarden>> CHAT nice>> 0.1404s
KieranCarden>> WEBSERVICE>> 0.0312s
KieranCarden>> WEBSERVICE>> 0.0312s
KieranCarden>> WEBSERVICE>> 0.0312s
KieranCarden>> WEBSERVICE>> 0.0312s
KieranCarden>> WEBSERVICE>> 0.0312s
KieranCarden>> WEBSERVICE>> 0.0312s
darklumina>> PING>> 0.0312s
KieranCarden>> PING>> 0.0312s
KieranCarden>> WEBSERVICE>> 0.0312s
KieranCarden>> WEBSERVICE>> 0.0312s
KieranCarden>> SHOPCREATE KC's%20shop%20of%20horrors yeah,%20sure>> 0.0624s
darklumina>> PING>> 0.0312s
KieranCarden>> PING>> 0.0312s
KieranCarden>> WEBSERVICE>> 0.0468s
KieranCarden>> WEBSERVICE>> 0.1716s
KieranCarden>> WEBSERVICE>> 0.0468s
darklumina>> PING>> 0.0468s
KieranCarden>> PING>> 0.0468s
KieranCarden>> SHOPADD Chichi 9999>> 0.3276s
KieranCarden>> WEBSERVICE>> 0.0312s
KieranCarden>> WEBSERVICE>> 0.0468s
KieranCarden>> WEBSERVICE>> 0.0312s
KieranCarden>> SHOPADD Evangelion%20Unit-02 9999>> 0.3744s
KieranCarden>> WEBSERVICE>> 0.0312s
KieranCarden>> WEBSERVICE>> 0.0312s
KieranCarden>> WEBSERVICE>> 0.0312s
KieranCarden>> SHOPADD Hammerhead 9999>> 0.2808s
KieranCarden>> WEBSERVICE>> 0.0468s
KieranCarden>> WEBSERVICE>> 0.0312s
KieranCarden>> WEBSERVICE>> 0.0312s
KieranCarden>> SHOPADD Hammerhead 9999>> 0.234s
KieranCarden>> WEBSERVICE>> 0.0312s
KieranCarden>> WEBSERVICE>> 0.0312s
KieranCarden>> WEBSERVICE>> 0.0468s
KieranCarden>> SHOPADD Kaworu%20Nagisa 9999>> 0.312s
KieranCarden>> WEBSERVICE>> 0.0468s
KieranCarden>> WEBSERVICE>> 0.0312s
KieranCarden>> WEBSERVICE>> 0.0312s
KieranCarden>> SHOPADD Leliel 9999>> 0.2964s
KieranCarden>> WEBSERVICE>> 0.0312s
KieranCarden>> WEBSERVICE>> 0.0312s
KieranCarden>> WEBSERVICE>> 0.0312s
KieranCarden>> SHOPADD Leo 9999>> 0.2808s
KieranCarden>> WEBSERVICE>> 0.0312s
KieranCarden>> WEBSERVICE>> 0.0312s
KieranCarden>> WEBSERVICE>> 0.0312s
KieranCarden>> WEBSERVICE>> 0.0312s
KieranCarden>> WEBSERVICE>> 0.0312s
KieranCarden>> SHOPADD Little%20Bulma 9999>> 0.234s
darklumina>> PING>> 0.0312s
KieranCarden>> WEBSERVICE>> 0.0312s
KieranCarden>> PING>> 0.0468s
KieranCarden>> WEBSERVICE>> 0.0312s
KieranCarden>> WEBSERVICE>> 0.0312s
KieranCarden>> SHOPADD Master%20Roshi 9999>> 0.2964s
KieranCarden>> WEBSERVICE>> 0.0312s
KieranCarden>> WEBSERVICE>> 0.0312s
KieranCarden>> WEBSERVICE>> 0.0312s
KieranCarden>> SHOPADD Mr.%20Satan 9999>> 0.2652s
KieranCarden>> WEBSERVICE>> 0.0312s
KieranCarden>> WEBSERVICE>> 0.0312s
KieranCarden>> WEBSERVICE>> 0.0312s
KieranCarden>> SHOPADD Nevado 9999>> 0.3276s
KieranCarden>> WEBSERVICE>> 0.0312s
KieranCarden>> WEBSERVICE>> 0.0468s
KieranCarden>> WEBSERVICE>> 0.0468s
KieranCarden>> SHOPADD Popo 9999>> 0.2964s
KieranCarden>> WEBSERVICE>> 0.0312s
KieranCarden>> WEBSERVICE>> 0.0312s
KieranCarden>> WEBSERVICE>> 0.0468s
KieranCarden>> SHOPADD Puar 9999>> 0.2496s
KieranCarden>> WEBSERVICE>> 0.0312s
KieranCarden>> WEBSERVICE>> 0.0312s
KieranCarden>> WEBSERVICE>> 0.0312s
KieranCarden>> SHOPADD Rem%20Saverem 9999>> 0.312s
KieranCarden>> WEBSERVICE>> 0.0312s
KieranCarden>> WEBSERVICE>> 0.0312s
KieranCarden>> WEBSERVICE>> 0.0312s
KieranCarden>> SHOPADD Shippo 9999>> 0.2652s
KieranCarden>> WEBSERVICE>> 0.0312s
KieranCarden>> WEBSERVICE>> 0.0468s
KieranCarden>> WEBSERVICE>> 0.0312s
KieranCarden>> SHOPADD Takeshi%20Kago 9999>> 0.2652s
KieranCarden>> WEBSERVICE>> 0.0312s
KieranCarden>> WEBSERVICE>> 0.0312s
KieranCarden>> WEBSERVICE>> 0.0312s
KieranCarden>> SHOPADD Takeshi%20Kago 9999>> 0.234s
KieranCarden>> WEBSERVICE>> 0.0312s
KieranCarden>> WEBSERVICE>> 0.0312s
KieranCarden>> WEBSERVICE>> 0.0312s
KieranCarden>> SHOPADD Tien 9999>> 0.2652s
KieranCarden>> WEBSERVICE>> 0.0312s
KieranCarden>> WEBSERVICE>> 0.0312s
KieranCarden>> WEBSERVICE>> 0.0312s
KieranCarden>> WEBSERVICE>> 0.0312s
KieranCarden>> WEBSERVICE>> 0.0312s
KieranCarden>> WEBSERVICE>> 0.0312s
KieranCarden>> WEBSERVICE>> 0.0468s
KieranCarden>> WEBSERVICE>> 0.0312s
darklumina>> PING>> 0.0312s
KieranCarden>> PING>> 0.0312s
KieranCarden>> WEBSERVICE>> 0.0312s
KieranCarden>> WEBSERVICE>> 0.0312s
KieranCarden>> WEBSERVICE>> 0.0312s
KieranCarden>> SHOPADD Beeba%20Flute 100>> 0.3588s
KieranCarden>> WEBSERVICE>> 0.0312s
KieranCarden>> WEBSERVICE>> 0.0312s
KieranCarden>> WEBSERVICE>> 0.0312s
KieranCarden>> SHOPADD Card%20Key 100>> 0.3744s
KieranCarden>> WEBSERVICE>> 0.0312s
KieranCarden>> WEBSERVICE>> 0.0312s
KieranCarden>> WEBSERVICE>> 0.0312s
KieranCarden>> SHOPADD Gogh 100>> 0.234s
darklumina>> PING>> 0.0312s
KieranCarden>> PING>> 0.0312s
KieranCarden>> WEBSERVICE>> 0.0468s
KieranCarden>> WEBSERVICE>> 0.0312s
KieranCarden>> WEBSERVICE>> 0.0312s
KieranCarden>> WEBSERVICE>> 0.0312s
KieranCarden>> WEBSERVICE>> 0.0312s
KieranCarden>> VETERANALTERNATETRAIN enhance>> 0.3432s
KieranCarden>> WEBSERVICE>> 0.0312s
KieranCarden>> WEBSERVICE>> 0.0312s
KieranCarden>> WEBSERVICE>> 0.0312s
KieranCarden>> WEBSERVICE>> 0.0312s
KieranCarden>> WEBSERVICE>> 0.0312s
KieranCarden>> WEBSERVICE>> 0.0468s
KieranCarden>> SHOPADD Abadon 100>> 0.312s
KieranCarden>> WEBSERVICE>> 0.0624s
KieranCarden>> WEBSERVICE>> 0.0312s
KieranCarden>> WEBSERVICE>> 0.0312s
KieranCarden>> SHOPADD Armadodo 100>> 0.312s
KieranCarden>> WEBSERVICE>> 0.0312s
KieranCarden>> WEBSERVICE>> 0.0312s
KieranCarden>> WEBSERVICE>> 0.0312s
KieranCarden>> SHOPADD Buel 100>> 0.3588s
KieranCarden>> WEBSERVICE>> 0.0312s
KieranCarden>> WEBSERVICE>> 0.0468s
KieranCarden>> WEBSERVICE>> 0.0312s
KieranCarden>> SHOPADD Catoblepas 100>> 0.312s
KieranCarden>> WEBSERVICE>> 0.0312s
KieranCarden>> WEBSERVICE>> 0.0312s
KieranCarden>> WEBSERVICE>> 0.0312s
KieranCarden>> SHOPADD Elastoid 100>> 0.39s
KieranCarden>> WEBSERVICE>> 0.0312s
KieranCarden>> WEBSERVICE>> 0.0312s
darklumina>> PING>> 0.0312s
KieranCarden>> WEBSERVICE>> 0.0312s
KieranCarden>> PING>> 0.0312s
KieranCarden>> SHOPADD Elvoret 100>> 0.1872s
>> VERSION 2.10.1>> 0.0156s
pakelika>> LOADGAME pakelika tifa17>> 0.624s
pakelika>> TABLEQUERY 1>> 0.0312s
pakelika>> EXTRACHECK>> 0.0312s
KieranCarden>> CHAT my shop is expensive>> 0.156s
darklumina>> PING>> 0.0312s
pakelika>> PING>> 0.0312s
KieranCarden>> WEBSERVICE>> 0.0312s
KieranCarden>> PING>> 0.0312s
KieranCarden>> WEBSERVICE>> 0.0312s
pakelika>> CHAT lol>> 0.1716s
pakelika>> WEBSERVICE>> 0.0312s
pakelika>> WEBSERVICE>> 0.0312s
pakelika>> WEBSERVICE>> 0.0468s
pakelika>> WEBSERVICE>> 0.0312s
pakelika>> WEBSERVICE>> 0.0312s
pakelika>> CHAT ok lets see if gold enhance works now xD>> 0.1716s
pakelika>> TABLECREATE>> 0.234s
pakelika>> CHAT when yer done>> 0.1872s
darklumina>> >> 0s
darklumina>> AWAY 1>> 0.3276s
KieranCarden>> TABLEJOIN 1>> 0.7488s
pakelika>> WEBSERVICE>> 0.0312s
pakelika>> CHANGERULE 0 1 1 0 0 0 0 0 0 0 0 0 0 0 0 0 0 0 0 0 0 0 0 0 0 0 0 1 0 0 0 0 0 0 0 0 0 0 0 0@@Triple%20Triad@@ Anime Anime2 CC Crusade FF6 FF7 FF9 FFAC FFT FFX KingdomHearts Nintendo Sega Standard Suikoden2 XenoTrigger>> 0.1872s
KieranCarden>> CHAT I'm done with the shop>> 0.156s
pakelika>> GAMEREADY>> 0.078s
KieranCarden>> GAMEREADY>> 0.9516s
darklumina>> PING>> 0.0312s
KieranCarden>> PING>> 0.0312s
KieranCarden>> TT_PLACEAT 0 4>> 0.702s
pakelika>> PING>> 0.0312s
pakelika>> TT_PLACEAT 1 0>> 0.1404s
KieranCarden>> TT_PLACEAT 2 1>> 0.1716s
pakelika>> TT_PLACEAT 5 1>> 0.312s
KieranCarden>> TT_PLACEAT 8 0>> 0.156s
pakelika>> TT_PLACEAT 4 2>> 0.2184s
KieranCarden>> TT_PLACEAT 7 3>> 0.156s
pakelika>> TT_PLACEAT 3 3>> 0.1716s