
>> VERSION 2.10.1>> 0.043s
darklumina>> LOADGAME darklumina pantyraid13>> 2.33s
darklumina>> TABLEQUERY 1>> 0.06s
darklumina>> EXTRACHECK>> 0.032s
darklumina>> WEBSERVICE>> 0.031s
darklumina>> PING>> 0.032s
darklumina>> PING>> 0.033s
darklumina>> PING>> 0.032s
darklumina>> PING>> 0.029s
darklumina>> PING>> 0.026s
darklumina>> PING>> 0.028s
darklumina>> PING>> 0.033s
darklumina>> PING>> 0.041s
darklumina>> PING>> 0.035s
darklumina>> PING>> 0.044s
darklumina>> PING>> 0.035s
darklumina>> PING>> 0.029s
darklumina>> PING>> 0.03s
>> VERSION 2.10.1>> 0.047s
darklumina>> LOADGAME darklumina pantyraid13>> 0.681s
darklumina>> TABLEQUERY 1>> 0.051s
darklumina>> EXTRACHECK>> 0.032s
darklumina>> WEBSERVICE>> 0.047s
darklumina>> TOURNAMENTJOIN 1>> 0.969s
darklumina>> WEBSERVICE>> 0.036s
darklumina>> TOURNAMENTJOIN 1>> 0.184s
darklumina>> PING>> 0.03s
darklumina>> PING>> 0.031s
darklumina>> PING>> 0.027s
darklumina>> PING>> 0.027s
darklumina>> PING>> 0.029s
darklumina>> PING>> 0.027s
darklumina>> PING>> 0.03s
darklumina>> PING>> 0.026s
darklumina>> PING>> 0.029s
darklumina>> PING>> 0.029s
darklumina>> PING>> 0.032s
darklumina>> PING>> 0.053s
darklumina>> PING>> 0.031s
darklumina>> PING>> 0.026s
darklumina>> PING>> 0.041s
darklumina>> PING>> 0.026s
darklumina>> PING>> 0.05s