>> VERSION 1.5.9
>> LOADGAME darklumina pantyraid13
darklumina>> QUERYTABLES 1
darklumina>> EXTRACHECK
darklumina>> ADMINLOGIN 41257448
darklumina>> CHAT :O
darklumina>> ADMINSILENCEPLAYER darklumina Pika_Lover <Servants of Darkness>
darklumina>> CHAT :(
>> VERSION 1.5.9
>> LOADGAME darklumina pantyraid13
darklumina>> QUERYTABLES 1
darklumina>> EXTRACHECK
darklumina>> ADMINLOGIN 41257448
darklumina>> ADMINSILENCEPLAYER darklumina Pika_Lover <Servants of Darkness>
darklumina>> CHAT :(
darklumina>> CHAT :(
darklumina>> CHAT :(
darklumina>> ADMINSILENCEPLAYER darklumina Pika_Lover <Servants of Darkness>
darklumina>> CHAT .>.
darklumina>> PING
darklumina>> CHAT ;
>> VERSION 1.5.9
>> LOADGAME darklumina pantyraid13
darklumina>> QUERYTABLES 1
darklumina>> EXTRACHECK
darklumina>> CHAT ;o
darklumina>> CHAT ;o
darklumina>> QUIT 0 1
