>> VERSION 1.5.9
>> LOADGAME darklumina pantyraid13
darklumina>> QUERYTABLES 1
darklumina>> EXTRACHECK
>> VERSION 1.5.9
>> LOADGAME darklumina pantyraid13
darklumina>> QUERYTABLES 1
darklumina>> EXTRACHECK
darklumina>> PING
darklumina>> BUYAVATARS shade
darklumina>> EQUIPAVATARS shade
darklumina>> PING
darklumina>> EQUIPAVATARS beach_bg
darklumina>> BUYAVATARS schoolgirl
darklumina>> BUYAVATARS apron
darklumina>> EQUIPAVATARS schoolgirl
darklumina>> EQUIPAVATARS apron
darklumina>> SELLAVATARS schoolgirl
darklumina>> QUIT 0 1
>> VERSION 1.5.9
>> LOADGAME darklumina pantyraid13
darklumina>> QUERYTABLES 1
darklumina>> EXTRACHECK
darklumina>> QUIT 0 1
>> VERSION 1.5.9
>> LOADGAME darklumina pantyraid13
darklumina>> QUERYTABLES 1
darklumina>> EXTRACHECK
darklumina>> CARDPACK Darkys%20Grab%20Bag
darklumina>> CARDPACK Carbuncles%20Mystery%20Pack
darklumina>> QUIT 0 1
>> VERSION 1.5.9
>> LOADGAME darklumina pantyraid13
darklumina>> QUERYTABLES 1
darklumina>> EXTRACHECK
darklumina>> PING
>> VERSION 1.5.9
>> LOADGAME darklumina pantyraid13
darklumina>> QUERYTABLES 1
darklumina>> EXTRACHECK
darklumina>> PING
darklumina>> PING
darklumina>> CHAT /me is away.  Reason: Idle
darklumina>> AWAY 1
darklumina>> PING
darklumina>> PING
darklumina>> PING
darklumina>> PING
darklumina>> SHOPCARDBUY Avelia Rinoa 4000
darklumina>> SHOPCARDBUY Avelia Rinoa 4000
darklumina>> PING
darklumina>> SHOPCARDBUY Avelia Doom%20Train 2000
darklumina>> SHOPCARDBUY Avelia Doom%20Train 2000
darklumina>> SHOPCARDBUY Avelia Rinoa 4000
darklumina>> SHOPCARDBUY Avelia Angelo 900
>> VERSION 1.5.9
>> LOADGAME darklumina pantyraid13
darklumina>> QUERYTABLES 1
darklumina>> EXTRACHECK
darklumina>> PING
darklumina>> PING
darklumina>> PING
darklumina>> UNLOCKSHOP
>> VERSION 1.5.9
>> LOADGAME darklumina pantyraid13
darklumina>> QUERYTABLES 1
darklumina>> EXTRACHECK
darklumina>> SHOPCARDBUY TheSpiral Rufus 5000
darklumina>> SHOPCARDBUY TheSpiral Rufus 5000
darklumina>> SHOPCARDBUY TheSpiral Rufus 5000
darklumina>> PING
>> VERSION 1.5.9
>> LOADGAME darklumina pantyraid13
darklumina>> QUERYTABLES 1
darklumina>> EXTRACHECK
darklumina>> PING
darklumina>> SHOPCARDBUY greeenml Yuffie 2000
darklumina>> PING
>> VERSION 1.5.9
>> LOADGAME darklumina pantyraid13
darklumina>> QUERYTABLES 1
darklumina>> EXTRACHECK
darklumina>> PING
darklumina>> SHOPCARDBUY marauder Bottom%20Swell 750
darklumina>> SHOPCARDBUY marauder Bottom%20Swell 750
darklumina>> SHOPCARDBUY marauder Bottom%20Swell 750
darklumina>> PING
darklumina>> PING
darklumina>> PING
darklumina>> PING
>> VERSION 1.5.9
>> LOADGAME darklumina pantyraid13
darklumina>> QUERYTABLES 1
darklumina>> EXTRACHECK
darklumina>> SHOPCARDBUY greeenml Carbuncle 2000
darklumina>> SHOPCARDBUY greeenml Yuffie 2000
>> VERSION 1.5.9
>> LOADGAME darklumina pantyraid13
darklumina>> QUERYTABLES 1
darklumina>> EXTRACHECK
darklumina>> SHOPCARDBUY chocobo Tantarian 200
darklumina>> SHOPCARDBUY chocobo Tantarian 200
darklumina>> SHOPCARDBUY chocobo Tantarian 200
>> VERSION 1.5.9
>> LOADGAME darklumina pantyraid13
darklumina>> QUERYTABLES 1
darklumina>> EXTRACHECK
darklumina>> SHOPCARDBUY chocobo Tantarian 200
darklumina>> SHOPCARDBUY RedXIII Benero 150
darklumina>> PING
darklumina>> PING
darklumina>> PING
darklumina>> SHOPCARDBUY RedXIII Prison%20Cage 200
>> VERSION 1.5.9
>> LOADGAME darklumina pantyraid13
darklumina>> QUERYTABLES 1
darklumina>> EXTRACHECK
darklumina>> UNLOCKSHOP
darklumina>> PING
>> VERSION 1.5.9
>> LOADGAME darklumina pantyraid13
darklumina>> QUERYTABLES 1
darklumina>> EXTRACHECK
darklumina>> PING
darklumina>> SHOPCREATE Darkluminas%20H0T%20Shop! Come%20get%20your%20best%20of%20the%20best%20cards%20here!
darklumina>> PING
darklumina>> SHOPADD Rinoa 12000
darklumina>> SHOPADD Snow%20Lion 12000
darklumina>> SHOPADD Snow%20Lion 12000
darklumina>> SHOPADD Rinoa 12000
darklumina>> SHOPADD Rinoa 12000
darklumina>> SHOPADD Rinoa 12000
darklumina>> SHOPADD Ruby%20Dragon 12000
darklumina>> SHOPADD Ruby%20Dragon 12000
darklumina>> QUIT 0 1
>> VERSION 1.5.9
>> LOADGAME darklumina pantyraid13
darklumina>> QUERYTABLES 1
darklumina>> EXTRACHECK
darklumina>> PING
darklumina>> SHOPADD Wario 300
darklumina>> SHOPADD Wario 300
darklumina>> SHOPADD Wario 300
darklumina>> SHOPADD Wario 300
darklumina>> SHOPADD Wario 300
darklumina>> SHOPADD Wario 300
darklumina>> SHOPADD Wario 300
darklumina>> SHOPADD Wario 300
darklumina>> SHOPADD Wario 300
darklumina>> SHOPADD AC%20Zack 300
darklumina>> PING
darklumina>> SHOPMINUS Wario
darklumina>> SHOPMINUS Wario
darklumina>> SHOPMINUS Wario
darklumina>> SHOPMINUS Wario
darklumina>> PING
darklumina>> PING
darklumina>> SHOPMINUS Rinoa
>> VERSION 1.5.9
>> LOADGAME darklumina pantyraid13
darklumina>> PING
darklumina>> QUERYTABLES 1
darklumina>> EXTRACHECK
darklumina>> QUIT 0 1
>> VERSION 1.5.9
>> LOADGAME darklumina pantyraid13
darklumina>> QUERYTABLES 1
darklumina>> EXTRACHECK
>> VERSION 1.5.9
>> LOADGAME darklumina pantyraid13
darklumina>> QUERYTABLES 1
darklumina>> EXTRACHECK
darklumina>> PING
