>> VERSION 1.5.9
>> LOADGAME darklumina pantyraid13
darklumina>> QUERYTABLES 1
darklumina>> EXTRACHECK
darklumina>> PING
darklumina>> QUIT 0 1
>> VERSION 1.5.9
>> LOADGAME darklumina pantyraid13
darklumina>> QUERYTABLES 1
darklumina>> EXTRACHECK
>> VERSION 1.5.9
>> LOADGAME darklumina pantyraid13
darklumina>> QUERYTABLES 1
darklumina>> EXTRACHECK
darklumina>> PING
>> VERSION 1.5.9
>> LOADGAME darklumina pantyraid13
darklumina>> QUERYTABLES 1
darklumina>> EXTRACHECK
darklumina>> PING
darklumina>> PING
darklumina>> CHAT /me is away.  Reason: Idle
darklumina>> AWAY 1
darklumina>> PING
darklumina>> PING
darklumina>> PING
darklumina>> PING
darklumina>> QUIT 0 1
>> VERSION 1.5.9
>> LOADGAME darklumina pantyraid13
darklumina>> QUERYTABLES 1
darklumina>> EXTRACHECK
darklumina>> PING
darklumina>> QUIT 0 1
>> VERSION 1.5.9
>> LOADGAME darklumina pantyraid13
darklumina>> QUERYTABLES 1
darklumina>> EXTRACHECK
darklumina>> QUIT 0 1
>> VERSION 1.5.9
>> LOADGAME darklumina pantyraid13
darklumina>> QUERYTABLES 1
darklumina>> EXTRACHECK
darklumina>> GUILDCREATE Poopy%20Guild We%20are%20the%20big%20poopers!
darklumina>> GUILDCREATE Poopy%20guild lalalala
>> VERSION 1.5.9
>> LOADGAME darklumina pantyraid13
darklumina>> QUERYTABLES 1
darklumina>> EXTRACHECK
darklumina>> GUILDCREATE Poopy%20Guild lalalalalala
>> VERSION 1.5.9
>> LOADGAME darklumina pantyraid13
darklumina>> QUERYTABLES 1
darklumina>> EXTRACHECK
darklumina>> GUILDCREATE Poopyness fasdf
darklumina>> QUIT 0 1
>> VERSION 1.5.9
>> LOADGAME darklumina pantyraid13
darklumina>> QUERYTABLES 1
darklumina>> EXTRACHECK
darklumina>> GUILDCREATE fasdfasdf asdfasdfasdf
darklumina>> GUILDDISBAND
darklumina>> GUILDCREATE fasdfasdf asdfasdfasdf
darklumina>> PING
darklumina>> PING
darklumina>> PING
darklumina>> GUILDCREATE fasdfasdf asdfasdfasdf
darklumina>> GUILDCREATE dfgdsfgdsfg fgdsfgdsfgdsfg
darklumina>> GUILDCREATE dfgdsfgdsfg fgdsfgdsfgdsfg
darklumina>> GUILDCREATE asdfasdf sdafasd
darklumina>> PING
>> VERSION 1.5.9
>> LOADGAME darklumina pantyraid13
darklumina>> QUERYTABLES 1
darklumina>> EXTRACHECK
darklumina>> GUILDDISBAND
darklumina>> GUILDCREATE dfasdfwregwrg gasgasdgf
darklumina>> GUILDDISBAND
darklumina>> QUIT 0 1
