>> VERSION 1.5.9
>> LOADGAME darklumina pantyraid13
darklumina>> QUERYTABLES 1
darklumina>> EXTRACHECK
darklumina>> REMOVESURNAME
darklumina>> SURNAME pikachu
darklumina>> QUIT 0 1
>> VERSION 1.5.9
>> LOADGAME darklumina pantyraid13
darklumina>> QUERYTABLES 1
darklumina>> EXTRACHECK
darklumina>> REMOVESURNAME
darklumina>> SURNAME pikachu
darklumina>> SURNAME poopyface
darklumina>> QUIT 0 1
>> VERSION 1.5.9
>> LOADGAME darklumina pantyraid13
darklumina>> QUERYTABLES 1
darklumina>> EXTRACHECK
>> VERSION 1.5.9
>> LOADGAME darklumina pantyraid13
darklumina>> QUERYTABLES 1
darklumina>> EXTRACHECK
darklumina>> ABNEWDECK Anime
>> VERSION 1.5.9
>> LOADGAME darklumina pantyraid13
darklumina>> QUERYTABLES 1
darklumina>> EXTRACHECK
darklumina>> ABNEWDECK Anime
darklumina>> ABNEWDECK Anime
