>> VERSION 1.5.9
>> NEWUSER darklumina4 Aaron.Freeman@state.tn.us darklumina 1 0 1
>> VERSION 1.5.9
>> NEWUSER darklumina4 Aaron.Freeman@state.tn.us darklumina 1 0 1
>> VERSION 1.5.9
>> NEWUSER darklumina4 Aaron.Freeman@state.tn.us darklumina 1 0 1
>> VERSION 1.5.9
>> NEWUSER darklumina4 Aaron.Freeman@state.tn.us darklumina United%20States%20of%20America 1 0 1
>> VERSION 1.5.9
>> NEWUSER darklumina4 fsfgdas@aol.com darklumina Falkland%20Islands 1 1 1
>> VERSION 1.5.9
>> NEWUSER darklumina4 dasfjhd@aol.com darklumina Haiti 1 1 1
>> VERSION 1.5.9
>> NEWUSER darklumina4 Aaron.Freeman@state.tn.us darklumina Cambodia 1 1 1
>> VERSION 1.5.9
>> NEWUSER darklumina4 dfjhdashfs@aol.com darklumina Falkland%20Islands 1 1 1
>> VERSION 1.5.9
>> NEWUSER darklumina5 Aaron.Freeman@state.tn.us darklumina Falkland%20Islands 1 1 1
>> VERSION 1.5.9
>> NEWUSER AtomicNews Aaron.Freeman@state.tn.us darklumina Falkland%20Islands 1 1 1
>> VERSION 1.5.9
>> LOADGAME darklumina pantyraid13
darklumina>> QUERYTABLES 1
darklumina>> EXTRACHECK
>> VERSION 1.5.9
>> VERSION 1.5.9
>> LOADGAME darklumina pantyraid13
darklumina>> QUERYTABLES 1
darklumina>> EXTRACHECK
>> VERSION 1.5.9
>> LOADGAME darklumina pantyraid13
darklumina>> QUERYTABLES 1
darklumina>> EXTRACHECK
darklumina>> CHPASS  1 1
>> VERSION 1.5.9
>> LOADGAME darklumina pantyraid13
darklumina>> QUERYTABLES 1
darklumina>> EXTRACHECK
darklumina>> CHPASS  1 1
>> VERSION 1.5.9
>> LOADGAME darklumina pantyraid13
darklumina>> QUERYTABLES 1
darklumina>> EXTRACHECK
darklumina>> CHPASS  1 1
>> VERSION 1.5.9
>> LOADGAME darklumina pantyraid13
darklumina>> QUERYTABLES 1
darklumina>> EXTRACHECK
darklumina>> CHPASS  1 1
darklumina>> CHPASS  1 1
darklumina>> CHPASS  1 1
darklumina>> CHPASS  0 0
darklumina>> QUIT 0 1
>> VERSION 1.5.9
>> LOADGAME darklumina pantyraid13
darklumina>> QUERYTABLES 1
darklumina>> EXTRACHECK
darklumina>> CREATETABLE CHINCHIN
darklumina>> CHANGERULE CHINCHIN 5
darklumina>> GAMEREADY
darklumina>> GAMEREADY
darklumina>> GAMEREADY
darklumina>> GAMEREADY
darklumina>> GAMEREADY
darklumina>> TABLECLOSE
darklumina>> PING
darklumina>> CREATETABLE CHINCHIN
darklumina>> TABLECLOSE
darklumina>> QUIT 0 1
>> VERSION 1.5.9
>> LOADGAME darklumina pantyraid13
darklumina>> QUERYTABLES 1
darklumina>> EXTRACHECK
darklumina>> CREATETABLE CHINCHIN
darklumina>> GAMEREADY
>> VERSION 1.5.9
>> LOADGAME darklumina2 pantyraid13
darklumina2>> QUERYTABLES 1
darklumina2>> EXTRACHECK
darklumina2>> JOINTABLE 1
darklumina2>> CHANGERULE CHINCHIN 1
darklumina2>> CHALLENGECHATS toot
darklumina2>> PING
darklumina>> PING
darklumina>> GAMEREADY
darklumina2>> GAMEREADY
darklumina>> CHINCHINROLL
darklumina>> CHINCHINROLL
darklumina>> CHINCHINROLL
darklumina2>> CHINCHINROLL
darklumina2>> CHINCHINROLL
darklumina2>> CHAT toot toot!!!!
darklumina2>> CHAT weeeeeeeeeeeeeeeeeeeeee
darklumina2>> CHAT XD pika
darklumina2>> CHAT dances
>> VERSION 1.5.9
>> LOADGAME darklumina pantyraid13
darklumina>> QUERYTABLES 1
darklumina>> EXTRACHECK
darklumina>> CREATETABLE CHINCHIN
darklumina>> TABLECLOSE
darklumina>> CREATETABLE4
>> VERSION 1.5.9
>> LOADGAME darklumina pantyraid13
darklumina>> QUERYTABLES 1
darklumina>> EXTRACHECK
darklumina>> CHAT /me is back.
darklumina>> AWAY 0
darklumina>> PING
darklumina>> CREATETABLE4
darklumina>> TEAMCLOSE
darklumina>> CREATETABLE4
darklumina>> TEAM_CHANGERULE 2
darklumina>> TEAM_CHANGERULE 2
darklumina>> TEAM_CHANGERULE 1
darklumina>> TEAM_CHANGERULE 1
darklumina>> TEAM_CHANGERULE 1
darklumina>> TEAM_CHANGERULE 1
darklumina>> TEAMREADY
darklumina>> TEAMREADY
>> VERSION 1.5.9
>> LOADGAME darklumina2 pantyraid13
darklumina2>> QUERYTABLES 1
darklumina2>> EXTRACHECK
darklumina2>> JOINTABLE 1
darklumina2>> TEAM_CHANGE
>> VERSION 1.5.9
>> LOADGAME darklumina pantyraid13
darklumina>> QUERYTABLES 1
darklumina>> EXTRACHECK
>> VERSION 1.5.9
>> LOADGAME darklumina2 pantyraid13
darklumina2>> QUERYTABLES 1
darklumina2>> EXTRACHECK
darklumina>> CREATETABLE4
darklumina2>> JOINTABLE 1
darklumina2>> TEAM_CHANGE
darklumina>> CHALLENGECHAT toot
darklumina2>> CHALLENGECHAT wee
darklumina>> TEAMREADY
darklumina>> TEAM_CHANGE
darklumina>> TEAMREADY
darklumina>> TEAMCLOSE
darklumina>> QUIT 0 1
darklumina2>> QUIT 0 1
>> VERSION 1.5.9
>> LOADGAME darklumina pantyraid13
darklumina>> QUERYTABLES 1
darklumina>> EXTRACHECK
darklumina>> QUIT 0 1
>> VERSION 1.5.9
>> LOADGAME darklumina pantyraid13
darklumina>> QUERYTABLES 1
darklumina>> EXTRACHECK
>> VERSION 1.5.9
>> LOADGAME darklumina pantyraid13
darklumina>> QUERYTABLES 1
darklumina>> EXTRACHECK
darklumina>> TOKENREDEEM Aeris The Flowergirl
darklumina>> TOKENREDEEM Aeris The Flowergirl
darklumina>> TOKENREDEEM Balamb Garden
>> VERSION 1.5.9
>> LOADGAME darklumina pantyraid13
darklumina>> QUERYTABLES 1
darklumina>> EXTRACHECK
darklumina>> TOKENREDEEM Friends%20United
>> VERSION 1.5.9
>> LOADGAME darklumina pantyraid13
darklumina>> QUERYTABLES 1
darklumina>> EXTRACHECK
darklumina>> TOKENREDEEM Friends%20United
darklumina>> TOKENREDEEM Mystical%20Angel
darklumina>> TOKENREDEEM Holy%20Embrace
darklumina>> TOKENREDEEM The%207%20Mighty%20Dragonballs
darklumina>> TOKENREDEEM Chocobo%20Farm
darklumina>> TOKENREDEEM Shu
darklumina>> TOKENREDEEM Chocobo%20Farm
darklumina>> TOKENREDEEM Eternal%20Kiss
darklumina>> TOKENREDEEM Feis%20Childhood%20Memories
darklumina>> TOKENREDEEM Eternal%20Reunion
darklumina>> TOKENREDEEM AC%20Yazoo
darklumina>> TOKENREDEEM Chocobo%20Farm
darklumina>> TOKENREDEEM Dragoon%20Place
darklumina>> TOKENREDEEM Blood%20Of%20The%20Innocent
darklumina>> TOKENREDEEM bgspace
darklumina>> TOKENREDEEM Eternal%20Promise
darklumina>> TOKENREDEEM Balamb%20Garden
darklumina>> TOKENREDEEM mibh
darklumina>> TOKENREDEEM AC%20Tifa
darklumina>> TOKENREDEEM Starman
darklumina>> TOKENREDEEM Aeris
darklumina>> TOKENREDEEM Aeris%20The%20Flowergirl
darklumina>> TOKENREDEEM Agrias%20Oaks
darklumina>> TOKENREDEEM Alexander
darklumina>> TOKENREDEEM Alexandra%20Roivas
darklumina>> TOKENREDEEM Alexandria
darklumina>> TOKENREDEEM Alma%20Beoulve
darklumina>> TOKENREDEEM Altima%20Arch%20Angel
darklumina>> TOKENREDEEM Altima%20Holy%20Angel
darklumina>> QUIT 0 1
