
>> >> 0s
>> LOADGAME atomicstorm pantyraid13>> 2.529s
>> VERSION 2.11.4>> 0.034s
darklumina>> LOADGAME darklumina pantyraid13>> 1.215s
darklumina>> TABLEQUERY 1>> 0.03s
darklumina>> EXTRACHECK>> 0.027s
darklumina>> PING>> 0.027s
darklumina>> PING>> 0.027s
darklumina>> WEBSERVICE>> 0.028s
darklumina>> PING>> 0.027s
darklumina>> PING>> 0.027s
darklumina>> PING>> 0.027s
darklumina>> WEBSERVICE>> 0.027s
darklumina>> WEBSERVICE>> 0.036s
darklumina>> WEBSERVICE>> 0.031s
darklumina>> WEBSERVICE>> 0.027s
darklumina>> PING>> 0.027s
darklumina>> PING>> 0.026s
darklumina>> WEBSERVICE>> 0.027s
darklumina>> WEBSERVICE>> 0.028s
darklumina>> PING>> 0.027s
darklumina>> PING>> 0.026s
darklumina>> PING>> 0.028s
darklumina>> WEBSERVICE>> 0.027s
darklumina>> WEBSERVICE>> 0.027s
darklumina>> PING>> 0.032s
darklumina>> WEBSERVICE>> 0.029s
darklumina>> WEBSERVICE>> 0.027s
darklumina>> PING>> 0.027s
darklumina>> PING>> 0.028s
darklumina>> PING>> 0.031s
darklumina>> PING>> 0.032s
darklumina>> PING>> 0.03s
darklumina>> PING>> 0.028s
darklumina>> WEBSERVICE>> 0.027s
darklumina>> PING>> 0.027s
darklumina>> WEBSERVICE>> 0.029s
darklumina>> WEBSERVICE>> 0.026s
>> QUIT 0 1>> 0.494s