darklumina>> CHANGERULE 0 1 1 0 0 0 0 1 1 1 0 0 0 0 0 1 0 1 1 0 1 0 1 0 1 0 0 0 0 0 0 1 0 0 0 0@@Triple%20Triad@@ XenoTrigger Suikoden2 Standard Nintendo FFT FFAC FF9 FF7 CC Anime
darklumina>> GAMEREADY
darklumina2>> GAMEREADY
>> VERSION 1.5.9
>> LOADGAME darklumina pantyraid13
darklumina>> QUERYTABLES 1
darklumina>> EXTRACHECK
>> VERSION 1.5.9
>> LOADGAME darklumina2 pantyraid13
darklumina2>> QUERYTABLES 1
darklumina2>> EXTRACHECK
darklumina2>> CREATETABLE
darklumina2>> TABLECLOSE
darklumina>> CREATETABLE
darklumina>> CHANGERULE 0 1 1 0 0 0 0 1 1 1 0 0 0 0 0 1 0 1 1 0 1 0 1 0 1 0 0 0 0 0 0 1 0 0 0 0@@Triple%20Triad@@ XenoTrigger Suikoden2 Standard Nintendo FFT FFAC FF9 FF7 CC Anime
darklumina2>> JOINTABLE 1
darklumina2>> GAMEREADY
darklumina>> GAMEREADY
>> VERSION 1.5.9
>> LOADGAME darklumina pantyraid13
darklumina>> QUERYTABLES 1
darklumina>> EXTRACHECK
darklumina>> CHAT /me is back.
darklumina>> AWAY 0
darklumina>> CREATETABLE
darklumina>> CHANGERULE 0 1 1 0 0 0 0 1 1 1 0 0 0 0 0 1 0 1 1 0 1 0 1 0 1 0 0 0 0 0 0 1 0 0 0 0@@Triple%20Triad@@ XenoTrigger Suikoden2 Standard Nintendo FFT FFAC FF9 FF7 CC Anime
>> VERSION 1.5.9
>> LOADGAME darklumina2 pantyraid13
darklumina2>> QUERYTABLES 1
darklumina2>> EXTRACHECK
darklumina2>> JOINTABLE 1
darklumina2>> GAMEREADY
darklumina>> GAMEREADY
>> VERSION 1.5.9
>> LOADGAME darklumina pantyraid13
darklumina>> QUERYTABLES 1
darklumina>> EXTRACHECK
darklumina>> PING
>> VERSION 1.5.9
>> LOADGAME darklumina2 pantyraid13
darklumina2>> QUERYTABLES 1
darklumina2>> EXTRACHECK
darklumina>> CREATETABLE
darklumina>> CHANGERULE 0 1 1 0 0 0 0 1 1 1 0 0 0 0 0 1 0 1 1 0 1 0 1 0 1 0 0 0 0 0 0 1 0 0 0 0@@Triple%20Triad@@ XenoTrigger Suikoden2 Standard Nintendo FFT FFAC FF9 FF7 CC Anime
darklumina2>> JOINTABLE 1
darklumina2>> GAMEREADY
darklumina>> GAMEREADY
>> VERSION 1.5.9
>> LOADGAME darklumina pantyraid13
darklumina>> QUERYTABLES 1
darklumina>> EXTRACHECK
darklumina>> CREATETABLE
darklumina>> CHANGERULE 0 1 1 0 0 0 0 1 1 1 0 0 0 0 0 1 0 1 1 0 1 0 1 0 1 0 0 0 0 0 0 1 0 0 0 0@@Triple%20Triad@@ XenoTrigger Suikoden2 Standard Nintendo FFT FFAC FF9 FF7 CC Anime
>> VERSION 1.5.9
>> LOADGAME darklumina2 pantyraid13
darklumina2>> QUERYTABLES 1
darklumina2>> EXTRACHECK
darklumina2>> JOINTABLE 1
darklumina2>> GAMEREADY
darklumina>> GAMEREADY
>> VERSION 1.5.9
>> LOADGAME darklumina pantyraid13
darklumina>> QUERYTABLES 1
darklumina>> EXTRACHECK
>> VERSION 1.5.9
>> LOADGAME darklumina2 pantyraid13
darklumina2>> QUERYTABLES 1
darklumina2>> EXTRACHECK
darklumina>> CREATETABLE
darklumina>> CHANGERULE 0 1 1 0 0 0 0 1 1 1 0 0 0 0 0 1 0 1 1 0 1 0 1 0 1 0 0 0 0 0 0 1 0 0 0 0@@Triple%20Triad@@ XenoTrigger Suikoden2 Standard Nintendo FFT FFAC FF9 FF7 CC Anime
darklumina2>> JOINTABLE 1
darklumina2>> GAMEREADY
darklumina>> GAMEREADY
darklumina>> TT_MYCARD King%20Dedede.jpg King%20Dedede.jpg King%20Dedede.jpg King%20Dedede.jpg King%20Dedede.jpg
darklumina2>> PING
>> VERSION 1.5.9
>> LOADGAME darklumina pantyraid13
darklumina>> QUERYTABLES 1
darklumina>> EXTRACHECK
>> VERSION 1.5.9
>> LOADGAME darklumina2 pantyraid13
darklumina2>> QUERYTABLES 1
darklumina2>> EXTRACHECK
darklumina>> CREATETABLE
darklumina>> CHANGERULE 0 1 1 0 0 0 0 1 1 1 0 0 0 0 0 1 0 1 1 0 1 0 1 0 1 0 0 0 0 0 0 1 0 0 0 0@@Triple%20Triad@@ XenoTrigger Suikoden2 Standard Nintendo FFT FFAC FF9 FF7 CC Anime
darklumina2>> JOINTABLE 1
darklumina2>> GAMEREADY
darklumina>> GAMEREADY
darklumina>> TT_MYCARD General%20Scales.jpg Gohma.jpg Gohma.jpg Gohma.jpg Gohma.jpg
>> VERSION 1.5.9
>> LOADGAME darklumina pantyraid13
darklumina>> QUERYTABLES 1
darklumina>> EXTRACHECK
>> VERSION 1.5.9
>> LOADGAME darklumina2 pantyraid13
darklumina2>> QUERYTABLES 1
darklumina2>> EXTRACHECK
darklumina>> CREATETABLE
darklumina>> CHANGERULE 0 1 1 0 0 0 0 1 1 1 0 0 0 0 0 1 0 1 1 0 1 0 1 0 1 0 0 0 0 0 0 1 0 0 0 0@@Triple%20Triad@@ XenoTrigger Suikoden2 Standard Nintendo FFT FFAC FF9 FF7 CC Anime
darklumina2>> JOINTABLE 1
darklumina2>> GAMEREADY
darklumina>> GAMEREADY
>> VERSION 1.5.9
>> LOADGAME darklumina pantyraid13
darklumina>> QUERYTABLES 1
darklumina>> EXTRACHECK
>> VERSION 1.5.9
>> LOADGAME darklumina2 pantyraid13
darklumina2>> QUERYTABLES 1
darklumina2>> EXTRACHECK
darklumina>> CREATETABLE
darklumina>> CHANGERULE 0 1 1 0 0 0 0 1 1 1 0 0 0 0 0 1 0 1 1 0 1 0 1 0 1 0 0 0 0 0 0 1 0 0 0 0@@Triple%20Triad@@ XenoTrigger Suikoden2 Standard Nintendo FFT FFAC FF9 FF7 CC Anime
darklumina2>> JOINTABLE 1
darklumina2>> GAMEREADY
darklumina>> GAMEREADY
darklumina>> TT_MYCARD Blitz Bite%20Bug Buel Kiros Angelo
darklumina2>> TT_TIMEOUT
darklumina2>> PING
darklumina>> PING
>> VERSION 1.5.9
>> LOADGAME darklumina pantyraid13
darklumina>> QUERYTABLES 1
darklumina>> EXTRACHECK
darklumina>> QUIT 0 1
>> VERSION 1.5.9
>> LOADGAME darklumina pantyraid13
darklumina>> QUERYTABLES 1
darklumina>> EXTRACHECK
darklumina>> CREATETABLE
darklumina>> CHANGERULE 0 1 1 0 0 0 0 1 1 1 0 0 0 0 0 1 0 1 1 0 1 0 1 0 1 0 0 0 0 0 0 1 0 0 0 0@@Triple%20Triad@@ XenoTrigger Suikoden2 Standard Nintendo FFT FFAC FF9 FF7 CC Anime
>> VERSION 1.5.9
>> LOADGAME darklumina2 pantyraid13
darklumina2>> QUERYTABLES 1
darklumina2>> EXTRACHECK
darklumina2>> JOINTABLE 1
darklumina2>> GAMEREADY
darklumina>> GAMEREADY
darklumina>> TT_MYCARD Bite%20Bug Carbuncle Catoblepas Chicobo Chimera
>> VERSION 1.5.9
>> LOADGAME darklumina pantyraid13
darklumina>> QUERYTABLES 1
darklumina>> EXTRACHECK
>> VERSION 1.5.9
>> LOADGAME darklumina2 pantyraid13
darklumina2>> QUERYTABLES 1
darklumina2>> EXTRACHECK
darklumina>> CREATETABLE
darklumina>> CHANGERULE 0 1 1 0 0 0 0 1 1 1 0 0 0 0 0 1 0 1 1 0 1 0 1 0 1 0 0 0 0 0 0 1 0 0 0 0@@Triple%20Triad@@ XenoTrigger Suikoden2 Standard Nintendo FFT FFAC FF9 FF7 CC Anime
darklumina2>> JOINTABLE 1
darklumina2>> GAMEREADY
darklumina>> GAMEREADY
darklumina2>> TT_TIMEOUT
darklumina>> PING
darklumina2>> PING
darklumina>> TT_MYCARD Game%20And%20Watch General%20Scales Gohma Goomba Ice%20Climbers
>> VERSION 1.5.9
>> LOADGAME darklumina pantyraid13
darklumina>> QUERYTABLES 1
darklumina>> EXTRACHECK
>> VERSION 1.5.9
>> LOADGAME darklumina2 pantyraid13
darklumina2>> QUERYTABLES 1
darklumina2>> EXTRACHECK
darklumina>> CREATETABLE
darklumina>> CHANGERULE 0 1 1 0 0 0 0 1 1 1 0 0 0 0 0 1 0 1 1 0 1 0 1 0 1 0 0 0 0 0 0 1 0 0 0 0@@Triple%20Triad@@ XenoTrigger Suikoden2 Standard Nintendo FFT FFAC FF9 FF7 CC Anime
darklumina>> GAMEREADY
darklumina2>> JOINTABLE 1
darklumina2>> GAMEREADY
darklumina>> TT_MYCARD Bomb Carbuncle Caterchipillar Chicobo Chimera
>> VERSION 1.5.9
>> LOADGAME darklumina pantyraid13
darklumina>> QUERYTABLES 1
darklumina>> EXTRACHECK
>> VERSION 1.5.9
>> LOADGAME darklumina pantyraid13
>> VERSION 1.5.9
>> LOADGAME darklumina2 pantyraid13
darklumina2>> QUERYTABLES 1
darklumina2>> EXTRACHECK
darklumina>> CREATETABLE
darklumina>> CHANGERULE 0 1 1 0 0 0 0 1 1 1 0 0 0 0 0 1 0 1 1 0 1 0 0 0 1 0 0 0 0 0 0 1 0 0 0 0@@Triple%20Triad@@ XenoTrigger Suikoden2 Standard Nintendo FFT FFAC FF9 FF7 CC Anime
darklumina>> GAMEREADY
darklumina2>> JOINTABLE 1
darklumina2>> GAMEREADY
darklumina2>> PING
darklumina>> PING
darklumina>> TT_MYCARD Goomba Game%20And%20Watch General%20Scales Ice%20Climbers Gohma
darklumina>> GAMECHAT ~@*~*l
