
animefaerie2>> PING>> 0.03125s
Chase>> PING>> 0.03125s
Chase>> CHAT its just a potty word>> 0.25s
Chase>> CHAT for potty mouths>> 0.1875s
animefaerie2>> PING>> 0.03125s
Chase>> PING>> 0.03125s
animefaerie2>> PING>> 0.03125s
Chase>> PING>> 0.03125s
>> QUIT 0 1>> 0.28125s
Chase>> PING>> 0.03125s
>> VERSION 2.0.1>> 0.03125s
PhatRabbit>> LOADGAME PhatRabbit treece>> 0.375s
PhatRabbit>> TABLEQUERY 1>> 0.015625s
PhatRabbit>> EXTRACHECK>> 0.03125s
PhatRabbit>> CHAT ()()>> 0.1875s
PhatRabbit>> CHAT (*.*)>> 0.265625s
PhatRabbit>> PING>> 0.03125s
Chase>> PING>> 0.03125s
PhatRabbit>> CHAT (")(")>> 14.921875s
Chase>> CHAT -__->> 0.5625s
>> VERSION 2.0.1>> 0.03125s
TheOneGod13>> LOADGAME TheOneGod13 888637005>> 0.53125s
TheOneGod13>> TABLEQUERY 1>> 0.03125s
TheOneGod13>> EXTRACHECK>> 0.03125s
PhatRabbit>> CHAT :P>> 0.421875s
TheOneGod13>> PING>> 0.03125s
PhatRabbit>> PING>> 0.03125s
TheOneGod13>> CHAT logging on here usally kicks me off V1>> 0.234375s
Chase>> PING>> 0.03125s
PhatRabbit>> CHAT same here>> 0.21875s
PhatRabbit>> CHAT i get ghosty>> 0.203125s
TheOneGod13>> CHAT mission accomplished>> 0.1875s
TheOneGod13>> PING>> 0.03125s
PhatRabbit>> PING>> 0.015625s
Chase>> PING>> 0.03125s
PhatRabbit>> CHAT man you guys are kicking my ass in the guild points/exp>> 0.1875s
TheOneGod13>> CHAT the sever should automactically kick him>> 0.203125s
TheOneGod13>> CHAT Alliance got up there today majorly>> 0.21875s
PhatRabbit>> CHAT i had a stedy go in the begging but now its a slump>> 0.546875s
TheOneGod13>> CHAT found like 5 or 6 cards in 20mins>> 0.171875s
TheOneGod13>> CHAT avarax is just annoying to be honset>> 0.203125s
PhatRabbit>> CHAT lol>> 0.171875s
PhatRabbit>> CHAT i'm having lots of fun with it tho>> 0.203125s
TheOneGod13>> CHAT ill find someone that has a card im hunting and he just comes out of no where and offers the guy a higher offer than i can go>> 0.203125s
TheOneGod13>> CHAT and gets a card for his own collection>> 0.203125s
TheOneGod13>> PING>> 0.03125s
Chase>> PING>> 0.03125s
PhatRabbit>> PING>> 0.03125s
Chase>> CHAT lol>> 0.21875s
Chase>> CHAT thats awesome ^^ >> 0.203125s
TheOneGod13>> CHAT should of noticed the non-guild member in here>> 0.4375s
PhatRabbit>> CHAT lol>> 0.265625s
TheOneGod13>> PING>> 0.03125s
PhatRabbit>> PING>> 0.03125s
Chase>> PING>> 0.03125s
Chase>> CHAT lol>> 0.1875s
TheOneGod13>> CHAT but chase is cool so i don't care>> 0.1875s
Chase>> CHAT i feal slight hostility -_->> 0.203125s
PhatRabbit>> CHAT *** Chase is away.Reason: Idle>> 0.1875s
Chase>> CHAT feel with another e i mean>> 0.203125s
TheOneGod13>> CHAT so its feeal>> 0.1875s
TheOneGod13>> PING>> 0.03125s
PhatRabbit>> PING>> 0.03125s
Chase>> PING>> 0.03125s
Chase>> CHAT hmmm...>> 0.1875s
Chase>> CHAT feal - A + E = feel>> 0.203125s
Chase>> CHAT worthy of einstien =P>> 0.203125s
TheOneGod13>> CHAT equations>> 0.1875s
TheOneGod13>> CHAT awesome>> 0.1875s
TheOneGod13>> PING>> 0.03125s
PhatRabbit>> PING>> 0.015625s
Chase>> PING>> 0.015625s
TheOneGod13>> PING>> 0.03125s
PhatRabbit>> PING>> 0.015625s
Chase>> PING>> 0.03125s
PhatRabbit>> CHAT /me is hunting for: Frog, Princess Peach, Ayla, and Magus! Pm me!!!>> 0.21875s
PhatRabbit>> CHAT chase get that card yet?>> 0.1875s
TheOneGod13>> PING>> 0.03125s
PhatRabbit>> PING>> 0.03125s
Chase>> PING>> 0.03125s
TheOneGod13>> PING>> 0.03125s
Chase>> PING>> 0.03125s
PhatRabbit>> PING>> 0.015625s
PhatRabbit>> CHAT so yeah chase....stay away from TOTT!!!!!>> 0.21875s
TheOneGod13>> PING>> 0.015625s
PhatRabbit>> PING>> 0.03125s
Chase>> PING>> 0.03125s
TheOneGod13>> PING>> 0.03125s
PhatRabbit>> PING>> 0.03125s
Chase>> PING>> 0.015625s
TheOneGod13>> PING>> 0.03125s
PhatRabbit>> PING>> 0.03125s
Chase>> PING>> 0.015625s
TheOneGod13>> >> 0s
TheOneGod13>> AWAY 1>> 0.28125s
PhatRabbit>> WEBSERVICE>> 0.03125s
TheOneGod13>> PING>> 0.03125s
PhatRabbit>> PING>> 0.03125s
Chase>> PING>> 0.015625s
PhatRabbit>> CARDPACK Sega%20Mania>> 1.28125s
PhatRabbit>> CARDPACK Sega%20Mania>> 1.1875s
PhatRabbit>> CARDPACK Sega%20Mania>> 1.296875s
PhatRabbit>> CARDPACK Sega%20Mania>> 1.171875s
PhatRabbit>> CARDPACK Sega%20Mania>> 1.109375s
PhatRabbit>> CARDPACK Sega%20Mania>> 1.703125s
PhatRabbit>> CARDPACK Sega%20Mania>> 1.203125s
PhatRabbit>> CARDPACK Sega%20Mania>> 1.0625s
PhatRabbit>> CARDPACK Sega%20Mania>> 1.078125s
PhatRabbit>> CARDPACK Sega%20Mania>> 1.125s
PhatRabbit>> CARDPACK Sega%20Mania>> 1.234375s
Chase>> CHAT /me is away.  Reason: Idle>> 0.203125s
Chase>> AWAY 1>> 0.03125s
PhatRabbit>> CARDPACK Sega%20Mania>> 1.21875s
PhatRabbit>> CARDPACK Sega%20Mania>> 1.140625s
PhatRabbit>> CARDPACK Sega%20Mania>> 1.140625s
PhatRabbit>> CARDPACK Sega%20Mania>> 1.125s
PhatRabbit>> CARDPACK Sega%20Mania>> 1.125s
PhatRabbit>> CARDPACK Sega%20Mania>> 1.09375s
PhatRabbit>> CARDPACK Sega%20Mania>> 1.109375s
PhatRabbit>> CARDPACK Sega%20Mania>> 1.125s
PhatRabbit>> CARDPACK Sega%20Mania>> 1.09375s
PhatRabbit>> CARDPACK Sega%20Mania>> 1.40625s
PhatRabbit>> CARDPACK Sega%20Mania>> 1.15625s
TheOneGod13>> PING>> 0.03125s
PhatRabbit>> PING>> 0.03125s
Chase>> PING>> 0.03125s
PhatRabbit>> CARDPACK Sega%20Mania>> 1.109375s
PhatRabbit>> CARDPACK Sega%20Mania>> 1.09375s
PhatRabbit>> CARDPACK Sega%20Mania>> 1.484375s
PhatRabbit>> CARDPACK Sega%20Mania>> 1.0625s
PhatRabbit>> CARDPACK Sega%20Mania>> 1.078125s
PhatRabbit>> CARDPACK Sega%20Mania>> 1.140625s
PhatRabbit>> CARDPACK Sega%20Mania>> 1.046875s
PhatRabbit>> CARDPACK Sega%20Mania>> 1.125s
PhatRabbit>> CARDPACK Sega%20Mania>> 1.125s
PhatRabbit>> CARDPACK Sega%20Mania>> 1.0625s
PhatRabbit>> CARDPACK Sega%20Mania>> 1.078125s
PhatRabbit>> CARDPACK Sega%20Mania>> 1.046875s
PhatRabbit>> CARDPACK Sega%20Mania>> 1.109375s
PhatRabbit>> CARDPACK Sega%20Mania>> 1.53125s
PhatRabbit>> CARDPACK Sega%20Mania>> 1.171875s
PhatRabbit>> CARDPACK Sega%20Mania>> 1.0625s
PhatRabbit>> CARDPACK Sega%20Mania>> 1.078125s
PhatRabbit>> CARDPACK Green%20Hill%20Zone>> 1.09375s
PhatRabbit>> CARDPACK Sega%20Mania>> 1.109375s
PhatRabbit>> CARDPACK Sega%20Mania>> 1.046875s
PhatRabbit>> CARDPACK Sega%20Mania>> 1.0625s
PhatRabbit>> CARDPACK Sega%20Mania>> 1.078125s
PhatRabbit>> CARDPACK Sega%20Mania>> 1.09375s
PhatRabbit>> CARDPACK Sega%20Mania>> 1.046875s
PhatRabbit>> CARDPACK Sega%20Mania>> 1.078125s
PhatRabbit>> CARDPACK Sega%20Mania>> 1.0625s
PhatRabbit>> CARDPACK Sega%20Mania>> 1.09375s
PhatRabbit>> CARDPACK Sega%20Mania>> 1.09375s
PhatRabbit>> CARDPACK Sega%20Mania>> 1.09375s
PhatRabbit>> CARDPACK Sega%20Mania>> 1.0625s
PhatRabbit>> CARDPACK Sega%20Mania>> 1.15625s
PhatRabbit>> CARDPACK Sega%20Mania>> 1.109375s
PhatRabbit>> CARDPACK Sega%20Mania>> 1.0625s
PhatRabbit>> CARDPACK Sega%20Mania>> 1.34375s
PhatRabbit>> CARDPACK Sega%20Mania>> 1.25s
PhatRabbit>> CARDPACK Sega%20Mania>> 1.09375s
PhatRabbit>> CARDPACK Sega%20Mania>> 1.140625s
PhatRabbit>> CARDPACK Sega%20Mania>> 1.078125s
PhatRabbit>> CARDPACK Sega%20Mania>> 1.078125s
PhatRabbit>> CARDPACK Sega%20Mania>> 1.0625s
PhatRabbit>> CARDPACK Sega%20Mania>> 1.203125s
PhatRabbit>> CARDPACK Sega%20Mania>> 1.078125s
PhatRabbit>> WEBSERVICE>> 0.03125s
TheOneGod13>> PING>> 0.03125s
Chase>> PING>> 0.03125s
PhatRabbit>> PING>> 0.015625s
PhatRabbit>> GUILDBANKCARDADD Zero>> 0.65625s
PhatRabbit>> WEBSERVICE>> 0.03125s
PhatRabbit>> GUILDBANKCARDADD Zero>> 0.5s
PhatRabbit>> WEBSERVICE>> 0.03125s
TheOneGod13>> PING>> 0.03125s
PhatRabbit>> PING>> 0.03125s
Chase>> PING>> 0.03125s
PhatRabbit>> CHAT /me is away.  Reason: Idle>> 0.203125s
PhatRabbit>> AWAY 1>> 0.03125s
TheOneGod13>> PING>> 0.03125s
PhatRabbit>> PING>> 0.03125s
Chase>> PING>> 0.03125s
TheOneGod13>> PING>> 0.03125s
PhatRabbit>> PING>> 0.03125s
Chase>> PING>> 0.03125s
TheOneGod13>> PING>> 0.03125s
PhatRabbit>> PING>> 0.03125s
Chase>> PING>> 0.015625s
PhatRabbit>> WEBSERVICE>> 0.03125s
PhatRabbit>> WEBSERVICE>> 0.015625s
PhatRabbit>> WEBSERVICE>> 0.03125s
PhatRabbit>> WEBSERVICE>> 0.03125s
PhatRabbit>> SHOPMINUS The%20Hyenas>> 0.5625s
PhatRabbit>> WEBSERVICE>> 0.015625s
PhatRabbit>> WEBSERVICE>> 0.015625s
PhatRabbit>> WEBSERVICE>> 0.03125s
PhatRabbit>> SHOPMINUS Air%20Soldier>> 0.40625s
PhatRabbit>> WEBSERVICE>> 0.015625s
PhatRabbit>> WEBSERVICE>> 0.03125s
PhatRabbit>> WEBSERVICE>> 0.03125s
PhatRabbit>> SHOPMINUS Angel%20Star>> 0.40625s
PhatRabbit>> WEBSERVICE>> 0.03125s
PhatRabbit>> WEBSERVICE>> 0.03125s
PhatRabbit>> WEBSERVICE>> 0.046875s
PhatRabbit>> SHOPMINUS Behamoth>> 0.40625s
PhatRabbit>> WEBSERVICE>> 0.015625s
PhatRabbit>> WEBSERVICE>> 0.03125s
PhatRabbit>> WEBSERVICE>> 0.03125s
PhatRabbit>> SHOPMINUS Cheshire%20Cat>> 0.4375s
PhatRabbit>> WEBSERVICE>> 0.03125s
PhatRabbit>> WEBSERVICE>> 0.03125s
PhatRabbit>> WEBSERVICE>> 0.03125s
PhatRabbit>> SHOPMINUS Hades>> 0.390625s
PhatRabbit>> WEBSERVICE>> 0.03125s
PhatRabbit>> WEBSERVICE>> 0.03125s
PhatRabbit>> WEBSERVICE>> 0.015625s
PhatRabbit>> SHOPMINUS Jafar>> 0.4375s
PhatRabbit>> WEBSERVICE>> 0.03125s
PhatRabbit>> WEBSERVICE>> 0.03125s
PhatRabbit>> WEBSERVICE>> 0.03125s
PhatRabbit>> SHOPMINUS Fang>> 0.453125s
PhatRabbit>> WEBSERVICE>> 0.03125s
PhatRabbit>> WEBSERVICE>> 0.03125s
PhatRabbit>> WEBSERVICE>> 0.03125s
PhatRabbit>> SHOPMINUS Carpet>> 0.484375s
PhatRabbit>> WEBSERVICE>> 0.03125s
PhatRabbit>> WEBSERVICE>> 0.03125s
PhatRabbit>> WEBSERVICE>> 0.03125s
PhatRabbit>> SHOPMINUS Angel%20Star>> 0.484375s
PhatRabbit>> WEBSERVICE>> 0.03125s
PhatRabbit>> WEBSERVICE>> 0.03125s
TheOneGod13>> PING>> 0.0625s
Chase>> PING>> 0.0625s
PhatRabbit>> PING>> 0.0625s
PhatRabbit>> SHOPMINUS Angel%20Star>> 0.5s
PhatRabbit>> WEBSERVICE>> 0.03125s
PhatRabbit>> WEBSERVICE>> 0.03125s
PhatRabbit>> WEBSERVICE>> 0.03125s
PhatRabbit>> WEBSERVICE>> 0.03125s
PhatRabbit>> WEBSERVICE>> 0.046875s
PhatRabbit>> WEBSERVICE>> 0.03125s
PhatRabbit>> SHOPADD Aika 20000>> 0.546875s
PhatRabbit>> WEBSERVICE>> 0.03125s
PhatRabbit>> WEBSERVICE>> 0.03125s
PhatRabbit>> WEBSERVICE>> 0.03125s
PhatRabbit>> SHOPADD Amy%20Rose 20000>> 0.453125s
PhatRabbit>> WEBSERVICE>> 0.03125s
PhatRabbit>> WEBSERVICE>> 0.03125s
PhatRabbit>> WEBSERVICE>> 0.03125s
TheOneGod13>> PING>> 0.03125s
Chase>> PING>> 0.015625s
TheOneGod13>> PING>> 0.03125s
Chase>> PING>> 0.03125s
>> VERSION 2.0.1>> 0.03125s
PhatRabbit>> LOADGAME PhatRabbit treece>> 0.3125s
PhatRabbit>> TABLEQUERY 1>> 0.03125s
PhatRabbit>> EXTRACHECK>> 0.03125s
PhatRabbit>> CHAT ()()>> 0.203125s
PhatRabbit>> AWAY 0>> 0.234375s
PhatRabbit>> CHAT (*.*)>> 0.203125s
PhatRabbit>> CHAT (")(")>> 0.171875s
PhatRabbit>> WEBSERVICE>> 0.03125s
PhatRabbit>> WEBSERVICE>> 0.03125s
PhatRabbit>> WEBSERVICE>> 0.03125s
PhatRabbit>> WEBSERVICE>> 0.03125s
PhatRabbit>> WEBSERVICE>> 0.03125s
TheOneGod13>> PING>> 0.03125s
PhatRabbit>> PING>> 0.03125s
Chase>> PING>> 0.03125s
TheOneGod13>> PING>> 0.03125s
PhatRabbit>> PING>> 0.015625s
Chase>> PING>> 0.015625s
TheOneGod13>> PING>> 0.03125s
PhatRabbit>> PING>> 0.03125s
Chase>> PING>> 0.03125s
PhatRabbit>> CHAT ()()>> 0.203125s
PhatRabbit>> CHAT (-.-)>> 0.203125s
PhatRabbit>> CHAT (")(")>> 0.203125s
TheOneGod13>> PING>> 0.03125s
PhatRabbit>> PING>> 0.03125s
Chase>> PING>> 0.03125s
TheOneGod13>> PING>> 0.015625s
PhatRabbit>> PING>> 0.03125s
Chase>> PING>> 0.015625s
TheOneGod13>> PING>> 0.03125s
PhatRabbit>> PING>> 0.03125s
Chase>> PING>> 0.03125s
TheOneGod13>> PING>> 0.03125s
PhatRabbit>> PING>> 0.03125s
Chase>> PING>> 0.03125s
TheOneGod13>> PING>> 0.03125s
PhatRabbit>> PING>> 0.015625s
Chase>> PING>> 0.03125s
TheOneGod13>> PING>> 0.03125s
PhatRabbit>> PING>> 0.015625s
Chase>> PING>> 0.03125s
TheOneGod13>> PING>> 0.03125s
PhatRabbit>> PING>> 0.03125s
Chase>> PING>> 0.015625s
TheOneGod13>> PING>> 0.03125s
PhatRabbit>> PING>> 0.03125s
Chase>> PING>> 0.03125s
PhatRabbit>> >> 0s
PhatRabbit>> AWAY 1>> 0.328125s
PhatRabbit>> PING>> 0.03125s
TheOneGod13>> PING>> 0.015625s
Chase>> PING>> 0.03125s
PhatRabbit>> >> 0s
PhatRabbit>> AWAY 0>> 3.6875s
TheOneGod13>> PING>> 0.046875s
PhatRabbit>> PING>> 0.03125s
Chase>> PING>> 0.03125s
PhatRabbit>> PING>> 0.09375s
TheOneGod13>> PING>> 0.046875s
Chase>> PING>> 0.109375s
TheOneGod13>> >> 0s
TheOneGod13>> AWAY 0>> 1.359375s
>> QUIT 0 1>> 0.703125s
PhatRabbit>> PING>> 0.015625s
Chase>> PING>> 0.03125s
>> QUIT 0 1>> 0.28125s
PhatRabbit>> PING>> 0.03125s
PhatRabbit>> CHAT /me is away.  Reason: night night>> 0.1875s
PhatRabbit>> AWAY 1>> 0.03125s
>> VERSION 2.0.1>> 0.03125s
Chase>> LOADGAME Chase Inferno>> 0.515625s
Chase>> TABLEQUERY 1>> 0.03125s
Chase>> EXTRACHECK>> 0.03125s
Chase>> PING>> 0.03125s
PhatRabbit>> PING>> 0.03125s
>> VERSION 2.0.1>> 0.03125s
TheOneGod13>> LOADGAME TheOneGod13 888637005>> 0.34375s
TheOneGod13>> TABLEQUERY 1>> 0.03125s
TheOneGod13>> EXTRACHECK>> 0.03125s
TheOneGod13>> CHAT >.>>> 0.1875s
TheOneGod13>> PING>> 0.03125s
PhatRabbit>> PING>> 0.03125s
Chase>> PING>> 0.015625s
Chase>> CHAT 0_o>> 0.203125s
Chase>> AWAY 0>> 0.25s
TheOneGod13>> PING>> 0.015625s
PhatRabbit>> PING>> 0.03125s
Chase>> PING>> 0.03125s
TheOneGod13>> PING>> 0.03125s
PhatRabbit>> PING>> 0.015625s
Chase>> PING>> 0.03125s
TheOneGod13>> CHAT been some fixes may want to relog>> 0.203125s
Chase>> CHAT fixes? new exe?>> 0.609375s
TheOneGod13>> CHAT yeah>> 0.203125s
TheOneGod13>> CHAT i think he fixed the bug me and phat ran into earlier>> 0.203125s
Chase>> CHAT i just reloged 5 minutes ago -_->> 0.1875s
Chase>> CHAT and no updaterz>> 0.171875s
TheOneGod13>> PING>> 0.03125s
PhatRabbit>> PING>> 0.03125s
Chase>> PING>> 0.03125s
Chase>> CHAT one more time, for the kids pete. do it for the children>> 0.1875s
>> QUIT 0 1>> 0.28125s
>> VERSION 2.0.1>> 0.03125s
Chase>> LOADGAME Chase Inferno>> 0.359375s
Chase>> TABLEQUERY 1>> 0.015625s
Chase>> EXTRACHECK>> 0.015625s
TheOneGod13>> PING>> 0.03125s
PhatRabbit>> PING>> 0.03125s
Chase>> PING>> 0.03125s
Chase>> CHAT well, cover me in expensive lubricants and spank me.>> 0.1875s
Chase>> CHAT that certainly wasn't there 5 minutes ago>> 0.203125s
Chase>> CHAT thankies>> 0.21875s
Chase>> CHAT /me is away.  Reason: oh how the titans have fallen.>> 0.203125s
Chase>> AWAY 1>> 0.03125s
TheOneGod13>> PING>> 0.03125s
PhatRabbit>> PING>> 0.03125s
Chase>> PING>> 0.015625s
TheOneGod13>> PING>> 0.015625s
PhatRabbit>> PING>> 0.03125s
Chase>> PING>> 0.03125s
TheOneGod13>> PING>> 0.03125s
Chase>> PING>> 0.03125s
PhatRabbit>> PING>> 0.03125s
PhatRabbit>> CHAT ok>> 0.203125s
PhatRabbit>> AWAY 0>> 0.234375s
>> QUIT 0 1>> 0.28125s
TheOneGod13>> PING>> 0.03125s
Chase>> PING>> 0.03125s
TheOneGod13>> PING>> 0.03125s
Chase>> PING>> 0.03125s
TheOneGod13>> CHAT eh?>> 0.1875s
>> VERSION 2.0.1>> 0.03125s
PhatRabbit>> LOADGAME PhatRabbit treece>> 0.34375s
PhatRabbit>> TABLEQUERY 1>> 0.03125s
PhatRabbit>> EXTRACHECK>> 0.03125s
PhatRabbit>> CHAT someone kick me on the other server....damnit i went ghosty>> 0.1875s
TheOneGod13>> PING>> 0.03125s
Chase>> PING>> 0.03125s
PhatRabbit>> PING>> 0.03125s
PhatRabbit>> TREASUREHUNTER>> 0.4375s
TheOneGod13>> CHAT no admins here phat>> 0.703125s
PhatRabbit>> CHAT even on the other server>> 0.1875s
PhatRabbit>> CHAT XD>> 0.203125s
TheOneGod13>> PING>> 0.03125s
Chase>> PING>> 0.03125s
PhatRabbit>> WEBSERVICE>> 0.046875s
PhatRabbit>> PING>> 0.0625s
PhatRabbit>> WEBSERVICE>> 0.015625s
TheOneGod13>> PING>> 0.03125s
Chase>> PING>> 0.03125s
PhatRabbit>> PING>> 0.03125s
TheOneGod13>> PING>> 0.015625s
Chase>> PING>> 0.03125s
PhatRabbit>> PING>> 0.03125s
TheOneGod13>> PING>> 0.015625s
Chase>> PING>> 0.03125s
PhatRabbit>> PING>> 0.015625s
PhatRabbit>> CHAT the se's and ec's for te new decks rock!>> 0.203125s
TheOneGod13>> PING>> 0.03125s
Chase>> PING>> 0.03125s
PhatRabbit>> PING>> 0.015625s
PhatRabbit>> CHAT wtf where are the admins!>> 0.1875s
TheOneGod13>> PING>> 0.03125s
Chase>> PING>> 0.03125s
PhatRabbit>> PING>> 0.03125s
TheOneGod13>> WEBSERVICE>> 0.03125s
TheOneGod13>> PING>> 0.03125s
Chase>> PING>> 0.015625s
PhatRabbit>> PING>> 0.03125s
TheOneGod13>> >> 0s
TheOneGod13>> AWAY 1>> 0.28125s
TheOneGod13>> PING>> 0.03125s
Chase>> PING>> 0.015625s
PhatRabbit>> PING>> 0.03125s
TheOneGod13>> PING>> 0.015625s
Chase>> PING>> 0.03125s
PhatRabbit>> PING>> 0.015625s
TheOneGod13>> PING>> 0.015625s
Chase>> PING>> 0.03125s
PhatRabbit>> PING>> 0.03125s
Chase>> TREASUREHUNTER>> 0.328125s
Chase>> >> 0s
Chase>> AWAY 0>> 0.265625s
Chase>> WEBSERVICE>> 0.03125s
Chase>> PANDORAGUESS 7 9 9 7>> 0.5s
Chase>> WEBSERVICE>> 0.03125s
TheOneGod13>> PING>> 0.03125s
Chase>> PING>> 0.03125s
PhatRabbit>> PING>> 0.03125s
Chase>> PANDORAGUESS 2 2 2 2>> 0.578125s
Chase>> WEBSERVICE>> 0.03125s
Chase>> PANDORAGUESS 1 1 1 1>> 0.4375s
Chase>> WEBSERVICE>> 0.03125s
Chase>> PANDORAGUESS 1 1 1 1>> 0.453125s
Chase>> WEBSERVICE>> 0.03125s
Chase>> PANDORAGUESS 2 1 1 1>> 0.421875s
Chase>> WEBSERVICE>> 0.03125s
Chase>> PANDORAGUESS 3 1 3 1>> 0.421875s
Chase>> WEBSERVICE>> 0.03125s
Chase>> PANDORAGUESS 3 3 3 1>> 0.421875s
Chase>> WEBSERVICE>> 0.03125s
Chase>> PANDORAGUESS 4 4 4 1>> 0.453125s
Chase>> WEBSERVICE>> 0.03125s
TheOneGod13>> PING>> 0.015625s
Chase>> PING>> 0.03125s
PhatRabbit>> PING>> 0.03125s
Chase>> PANDORAGUESS 5 5 5 1>> 0.4375s
Chase>> WEBSERVICE>> 0.03125s
Chase>> PANDORAGUESS 6 6 5 1>> 0.4375s
Chase>> WEBSERVICE>> 0.03125s
Chase>> PANDORAGUESS 5 6 5 1>> 0.4375s
Chase>> WEBSERVICE>> 0.015625s
Chase>> PANDORAGUESS 7 5 5 1>> 0.421875s
Chase>> WEBSERVICE>> 0.03125s
Chase>> PANDORAGUESS 7 5 7 1>> 0.453125s
Chase>> WEBSERVICE>> 0.03125s
Chase>> PANDORAGUESS 7 5 8 1>> 0.421875s
Chase>> WEBSERVICE>> 0.03125s
TheOneGod13>> >> 0s
TheOneGod13>> AWAY 0>> 0.515625s
Chase>> PANDORAGUESS 7 5 9 1>> 0.578125s
Chase>> WEBSERVICE>> 0.03125s
Chase>> PANDORAGUESS 10 5 9 1>> 0.4375s
Chase>> WEBSERVICE>> 0.03125s
Chase>> PANDORAGUESS 9 5 9 1>> 0.921875s
Chase>> WEBSERVICE>> 0.03125s
Chase>> PANDORAGUESS 9 5 9 1>> 0.46875s
Chase>> WEBSERVICE>> 0.03125s
PhatRabbit>> CHAT /me is away.  Reason: Idle>> 0.1875s
PhatRabbit>> AWAY 1>> 0.03125s
TheOneGod13>> PING>> 0.015625s
Chase>> PING>> 0.03125s
PhatRabbit>> PING>> 0.03125s
TheOneGod13>> PING>> 0.03125s
Chase>> PING>> 0.03125s
PhatRabbit>> PING>> 0.03125s
TheOneGod13>> CHAT optional esper here i come>> 0.1875s
TheOneGod13>> CHAT this is going to be rough>> 0.28125s
TheOneGod13>> PING>> 0.03125s
Chase>> PING>> 0.03125s
PhatRabbit>> PING>> 0.03125s
TheOneGod13>> PING>> 0.03125s
Chase>> PING>> 0.03125s
PhatRabbit>> PING>> 0.015625s
PhatRabbit>> CHAT XD>> 0.203125s
PhatRabbit>> AWAY 0>> 0.21875s
PhatRabbit>> CHAT damn runtime>> 0.1875s
TheOneGod13>> PING>> 0.03125s
Chase>> PING>> 0.03125s
PhatRabbit>> PING>> 0.03125s
PhatRabbit>> CHAT tell sunstar that i errored out>> 0.1875s
TheOneGod13>> PING>> 0.015625s
Chase>> PING>> 0.03125s
PhatRabbit>> PING>> 0.03125s
TheOneGod13>> PING>> 0.015625s
Chase>> PING>> 0.03125s
PhatRabbit>> PING>> 0.03125s
PhatRabbit>> CHAT night all>> 0.1875s
PhatRabbit>> CHAT /me is away.  Reason: sleep>> 0.1875s
PhatRabbit>> AWAY 1>> 0.03125s
TheOneGod13>> PING>> 0.03125s
Chase>> PING>> 0.015625s
PhatRabbit>> PING>> 0.03125s
TheOneGod13>> PING>> 0.03125s
Chase>> PING>> 0.03125s
PhatRabbit>> PING>> 0.015625s
TheOneGod13>> PING>> 0.03125s
Chase>> PING>> 0.015625s
PhatRabbit>> PING>> 0.03125s
TheOneGod13>> PING>> 0.03125s
Chase>> PING>> 0.03125s
PhatRabbit>> PING>> 0.03125s
TheOneGod13>> PING>> 0.03125s
Chase>> PING>> 0.015625s
PhatRabbit>> PING>> 0.03125s
TheOneGod13>> PING>> 0.03125s
Chase>> PING>> 0.03125s
PhatRabbit>> PING>> 0.03125s
TheOneGod13>> PING>> 0.03125s
Chase>> PING>> 0.015625s
PhatRabbit>> PING>> 0.03125s
TheOneGod13>> PING>> 0.03125s
Chase>> PING>> 0.015625s
PhatRabbit>> PING>> 0.03125s
TheOneGod13>> PING>> 0.015625s
Chase>> PING>> 0.03125s
PhatRabbit>> PING>> 0.03125s
TheOneGod13>> PING>> 0.03125s
Chase>> PING>> 0.03125s
PhatRabbit>> PING>> 0.03125s
TheOneGod13>> PING>> 0.03125s
Chase>> PING>> 0.03125s
PhatRabbit>> PING>> 0.03125s
TheOneGod13>> PING>> 0.03125s
Chase>> PING>> 0.03125s
PhatRabbit>> PING>> 0.015625s
TheOneGod13>> PING>> 0.03125s
Chase>> PING>> 0.03125s
PhatRabbit>> PING>> 0.03125s
TheOneGod13>> PING>> 0.03125s
Chase>> PING>> 0.03125s
PhatRabbit>> PING>> 0.03125s
PhatRabbit>> PING>> 0.03125s
TheOneGod13>> PING>> 0.03125s
Chase>> PING>> 0.03125s
TheOneGod13>> PING>> 0.046875s
Chase>> PING>> 0.046875s
PhatRabbit>> PING>> 0.03125s
Chase>> PING>> 0.03125s
TheOneGod13>> PING>> 0.03125s
PhatRabbit>> PING>> 0.03125s
TheOneGod13>> PING>> 0.046875s
Chase>> PING>> 0.03125s
PhatRabbit>> PING>> 0.03125s
TheOneGod13>> PING>> 0.03125s
Chase>> PING>> 0.03125s
PhatRabbit>> PING>> 0.03125s
TheOneGod13>> PING>> 0.046875s
Chase>> PING>> 0.03125s
PhatRabbit>> PING>> 0.03125s
>> QUIT 0 1>> 0.65625s
Chase>> PING>> 0.03125s
PhatRabbit>> PING>> 0.046875s
Chase>> PING>> 0.03125s
PhatRabbit>> PING>> 0.046875s
Chase>> PING>> 0.03125s
PhatRabbit>> PING>> 0.03125s
Chase>> PING>> 0.25s
PhatRabbit>> PING>> 0.03125s
Chase>> PING>> 0.03125s
PhatRabbit>> PING>> 0.03125s
Chase>> PING>> 0.03125s
PhatRabbit>> PING>> 0.046875s
>> VERSION 2.0.1>> 0.03125s
Kadajiroth>> LOADGAME Kadajiroth d4qfkxva9>> 0.75s
Kadajiroth>> TABLEQUERY 1>> 0.046875s
Kadajiroth>> EXTRACHECK>> 0.03125s
Chase>> PING>> 0.03125s
PhatRabbit>> PING>> 0.046875s
Kadajiroth>> PING>> 0.03125s
Chase>> PING>> 0.046875s
PhatRabbit>> PING>> 0.03125s
Kadajiroth>> PING>> 0.03125s
Chase>> PING>> 0.03125s
PhatRabbit>> PING>> 0.046875s
Kadajiroth>> PING>> 0.03125s
Chase>> PING>> 0.03125s
PhatRabbit>> PING>> 0.046875s
Kadajiroth>> PING>> 0.046875s
Chase>> PING>> 0.03125s
PhatRabbit>> PING>> 0.03125s
Kadajiroth>> PING>> 0.03125s
Chase>> PING>> 0.03125s
PhatRabbit>> PING>> 0.046875s
Kadajiroth>> PING>> 0.03125s
Chase>> PING>> 0.03125s
PhatRabbit>> PING>> 0.046875s
Kadajiroth>> PING>> 0.046875s
Chase>> PING>> 0.046875s
PhatRabbit>> PING>> 0.03125s
Kadajiroth>> PING>> 0.03125s
Kadajiroth>> CHAT /me is away.  Reason: Idle>> 0.25s
Kadajiroth>> AWAY 1>> 0.03125s
Chase>> PING>> 0.03125s
PhatRabbit>> PING>> 0.03125s
Kadajiroth>> PING>> 0.03125s
Chase>> PING>> 0.03125s
PhatRabbit>> PING>> 0.03125s
Kadajiroth>> PING>> 0.03125s
Chase>> PING>> 0.03125s
PhatRabbit>> PING>> 0.046875s
Kadajiroth>> PING>> 0.03125s
Kadajiroth>> CHAT /me is back.>> 0.203125s
Kadajiroth>> AWAY 0>> 0.03125s
Chase>> PING>> 0.03125s
PhatRabbit>> PING>> 0.046875s
Kadajiroth>> PING>> 0.03125s
Chase>> PING>> 0.03125s
PhatRabbit>> PING>> 0.046875s
Kadajiroth>> PING>> 0.046875s
Chase>> PING>> 0.03125s
PhatRabbit>> PING>> 0.03125s
Kadajiroth>> PING>> 0.03125s
Chase>> PING>> 0.03125s
PhatRabbit>> PING>> 0.046875s
Kadajiroth>> PING>> 0.046875s
Chase>> PING>> 0.03125s
PhatRabbit>> PING>> 0.03125s
Kadajiroth>> PING>> 0.03125s
Chase>> PING>> 0.03125s
PhatRabbit>> PING>> 0.03125s
Kadajiroth>> PING>> 0.03125s
Chase>> PING>> 0.03125s
PhatRabbit>> PING>> 0.046875s
Kadajiroth>> PING>> 0.046875s
Chase>> PING>> 0.03125s
PhatRabbit>> PING>> 0.03125s
Kadajiroth>> PING>> 0.046875s
Chase>> PING>> 0.03125s
PhatRabbit>> PING>> 0.03125s
Kadajiroth>> PING>> 0.03125s
Chase>> PING>> 0.03125s
PhatRabbit>> PING>> 0.046875s
Kadajiroth>> PING>> 0.03125s
Chase>> PING>> 0.03125s
PhatRabbit>> PING>> 0.046875s
Kadajiroth>> PING>> 0.03125s
PhatRabbit>> PING>> 0.03125s
Kadajiroth>> PING>> 0.03125s
Chase>> PING>> 0.03125s
Chase>> PING>> 0.046875s
PhatRabbit>> PING>> 0.046875s
Kadajiroth>> PING>> 0.046875s
Chase>> PING>> 0.03125s
PhatRabbit>> PING>> 0.046875s
Kadajiroth>> PING>> 0.03125s
Chase>> PING>> 0.046875s
PhatRabbit>> PING>> 0.03125s
Kadajiroth>> PING>> 0.03125s
PhatRabbit>> PING>> 0.046875s
Chase>> PING>> 0.03125s
Kadajiroth>> PING>> 0.046875s
Chase>> PING>> 0.03125s
PhatRabbit>> PING>> 0.03125s
Kadajiroth>> PING>> 0.03125s
Chase>> PING>> 0.03125s
PhatRabbit>> PING>> 0.046875s
Kadajiroth>> PING>> 0.03125s
Chase>> PING>> 0.03125s
PhatRabbit>> PING>> 0.03125s
Kadajiroth>> PING>> 0.03125s
Chase>> PING>> 0.03125s
PhatRabbit>> PING>> 0.03125s
Kadajiroth>> PING>> 0.046875s
Chase>> PING>> 0.03125s
PhatRabbit>> PING>> 0.046875s
Kadajiroth>> PING>> 0.03125s
Chase>> PING>> 0.03125s
PhatRabbit>> PING>> 0.046875s
Kadajiroth>> PING>> 0.03125s
Chase>> PING>> 0.03125s
PhatRabbit>> PING>> 0.03125s
Kadajiroth>> PING>> 0.03125s
Chase>> PING>> 0.03125s
PhatRabbit>> PING>> 0.03125s
Kadajiroth>> PING>> 0.03125s
Chase>> PING>> 0.03125s
PhatRabbit>> PING>> 0.046875s
Kadajiroth>> PING>> 0.03125s
Chase>> PING>> 0.03125s
PhatRabbit>> PING>> 0.03125s
Kadajiroth>> PING>> 0.03125s
Chase>> PING>> 0.046875s
PhatRabbit>> PING>> 0.03125s
Kadajiroth>> PING>> 0.03125s
Chase>> PING>> 0.03125s
PhatRabbit>> PING>> 0.046875s
Kadajiroth>> PING>> 0.03125s
Chase>> PING>> 0.03125s
PhatRabbit>> PING>> 0.03125s
Kadajiroth>> PING>> 0.046875s
Chase>> PING>> 0.03125s
PhatRabbit>> PING>> 0.046875s
Kadajiroth>> PING>> 0.03125s
Chase>> PING>> 0.03125s
PhatRabbit>> PING>> 0.046875s
Kadajiroth>> PING>> 0.046875s
Chase>> PING>> 0.03125s
PhatRabbit>> PING>> 0.03125s
Kadajiroth>> PING>> 0.03125s
Chase>> PING>> 0.046875s
PhatRabbit>> PING>> 0.03125s
Kadajiroth>> PING>> 0.03125s
Chase>> PING>> 0.046875s
PhatRabbit>> PING>> 0.046875s
Kadajiroth>> PING>> 0.03125s
Chase>> PING>> 0.03125s
PhatRabbit>> PING>> 0.03125s
Kadajiroth>> PING>> 0.03125s
Chase>> PING>> 0.03125s
PhatRabbit>> PING>> 0.03125s
Kadajiroth>> PING>> 0.046875s
Chase>> PING>> 0.03125s
PhatRabbit>> PING>> 0.03125s
Kadajiroth>> PING>> 0.03125s
Chase>> PING>> 0.03125s
PhatRabbit>> PING>> 0.03125s
Kadajiroth>> PING>> 0.03125s
Chase>> PING>> 0.03125s
PhatRabbit>> PING>> 0.03125s
Kadajiroth>> PING>> 0.03125s
Chase>> PING>> 0.28125s
PhatRabbit>> PING>> 0.046875s
Kadajiroth>> PING>> 0.03125s
Chase>> PING>> 0.03125s
PhatRabbit>> PING>> 0.03125s
Kadajiroth>> PING>> 0.03125s
Chase>> PING>> 0.03125s
PhatRabbit>> PING>> 0.046875s
Kadajiroth>> PING>> 0.03125s
Kadajiroth>> PING>> 0.03125s
PhatRabbit>> PING>> 0.03125s
Chase>> PING>> 0.03125s
Chase>> PING>> 0.046875s
PhatRabbit>> PING>> 0.03125s
Kadajiroth>> PING>> 0.03125s
Chase>> PING>> 0.03125s
PhatRabbit>> PING>> 0.046875s
Kadajiroth>> PING>> 0.03125s
Chase>> PING>> 0.03125s
PhatRabbit>> PING>> 0.046875s
Kadajiroth>> PING>> 0.046875s
Chase>> PING>> 0.046875s
PhatRabbit>> PING>> 0.03125s
Kadajiroth>> PING>> 0.03125s
Chase>> PING>> 0.03125s
PhatRabbit>> PING>> 0.046875s
Kadajiroth>> PING>> 0.046875s
Chase>> PING>> 0.03125s
PhatRabbit>> PING>> 0.03125s
Kadajiroth>> PING>> 0.03125s
Chase>> PING>> 0.03125s
PhatRabbit>> PING>> 0.046875s
Kadajiroth>> PING>> 0.046875s
Chase>> PING>> 0.03125s
PhatRabbit>> PING>> 0.046875s
Kadajiroth>> PING>> 0.03125s
Chase>> PING>> 0.03125s
PhatRabbit>> PING>> 0.046875s
Kadajiroth>> PING>> 0.03125s
Chase>> PING>> 0.03125s
PhatRabbit>> PING>> 0.03125s
Kadajiroth>> PING>> 0.03125s
Chase>> PING>> 0.03125s
Kadajiroth>> PING>> 0.03125s
PhatRabbit>> PING>> 0.03125s
Chase>> PING>> 0.046875s
PhatRabbit>> PING>> 0.046875s
Kadajiroth>> PING>> 0.046875s
Chase>> PING>> 0.03125s
PhatRabbit>> PING>> 0.046875s
Kadajiroth>> PING>> 0.046875s
Chase>> PING>> 0.03125s
PhatRabbit>> PING>> 0.03125s
Kadajiroth>> PING>> 0.03125s
Chase>> PING>> 0.03125s
PhatRabbit>> PING>> 0.03125s
Kadajiroth>> PING>> 0.03125s
Chase>> PING>> 0.03125s
PhatRabbit>> PING>> 0.046875s
Kadajiroth>> PING>> 0.03125s
Chase>> PING>> 0.03125s
PhatRabbit>> PING>> 0.046875s
Kadajiroth>> PING>> 0.03125s
Chase>> PING>> 0.03125s
PhatRabbit>> PING>> 0.046875s
Kadajiroth>> PING>> 0.0625s
Chase>> PING>> 0.03125s
PhatRabbit>> PING>> 0.046875s
Kadajiroth>> PING>> 0.03125s
Chase>> PING>> 0.03125s
PhatRabbit>> PING>> 0.046875s
Kadajiroth>> PING>> 0.046875s
Chase>> PING>> 0.03125s
PhatRabbit>> PING>> 0.03125s
Kadajiroth>> PING>> 0.03125s
Chase>> PING>> 0.03125s
PhatRabbit>> PING>> 0.03125s
Kadajiroth>> PING>> 0.03125s
Chase>> PING>> 0.03125s
PhatRabbit>> PING>> 0.03125s
Kadajiroth>> PING>> 0.03125s
Chase>> PING>> 0.03125s
PhatRabbit>> PING>> 0.03125s
Kadajiroth>> PING>> 0.03125s
Chase>> PING>> 0.03125s
PhatRabbit>> PING>> 0.03125s
Kadajiroth>> PING>> 0.03125s
PhatRabbit>> PING>> 0.03125s
Chase>> PING>> 0.03125s
Kadajiroth>> PING>> 0.03125s
Chase>> PING>> 0.046875s
PhatRabbit>> PING>> 0.046875s
Kadajiroth>> PING>> 0.03125s
PhatRabbit>> PING>> 0.03125s
Chase>> PING>> 0.03125s
Kadajiroth>> PING>> 0.03125s
Chase>> PING>> 0.03125s
PhatRabbit>> PING>> 0.03125s
Kadajiroth>> PING>> 0.046875s
Kadajiroth>> PING>> 0.03125s
PhatRabbit>> PING>> 0.03125s
Chase>> PING>> 0.03125s
Chase>> PING>> 0.03125s
PhatRabbit>> PING>> 0.046875s
Kadajiroth>> PING>> 0.03125s
Chase>> PING>> 0.03125s
PhatRabbit>> PING>> 0.03125s
Kadajiroth>> PING>> 0.046875s
Chase>> PING>> 0.03125s
PhatRabbit>> PING>> 0.03125s
Kadajiroth>> PING>> 0.03125s
Chase>> PING>> 0.046875s
PhatRabbit>> PING>> 0.046875s
Kadajiroth>> PING>> 0.046875s
Chase>> PING>> 0.03125s
PhatRabbit>> PING>> 0.03125s
Kadajiroth>> PING>> 0.0625s
Chase>> PING>> 0.03125s
PhatRabbit>> PING>> 0.03125s
Kadajiroth>> PING>> 0.03125s
Chase>> PING>> 0.03125s
PhatRabbit>> PING>> 0.03125s
Kadajiroth>> PING>> 0.03125s
Chase>> PING>> 0.03125s
PhatRabbit>> PING>> 0.03125s
Kadajiroth>> PING>> 0.046875s
Chase>> PING>> 0.046875s
PhatRabbit>> PING>> 0.03125s
Kadajiroth>> PING>> 0.03125s
Chase>> PING>> 0.046875s
PhatRabbit>> PING>> 0.03125s
Kadajiroth>> PING>> 0.03125s
Chase>> PING>> 0.03125s
PhatRabbit>> PING>> 0.03125s
Kadajiroth>> PING>> 0.046875s
Chase>> PING>> 0.03125s
PhatRabbit>> PING>> 0.03125s
Kadajiroth>> PING>> 0.03125s
Chase>> PING>> 0.03125s
PhatRabbit>> PING>> 0.046875s
Kadajiroth>> PING>> 0.03125s
Chase>> PING>> 0.03125s
PhatRabbit>> PING>> 0.03125s
Kadajiroth>> PING>> 0.046875s
Chase>> PING>> 0.046875s
PhatRabbit>> PING>> 0.03125s
Kadajiroth>> PING>> 0.03125s
Chase>> PING>> 0.03125s
PhatRabbit>> PING>> 0.046875s
Kadajiroth>> PING>> 0.046875s
Chase>> PING>> 0.03125s
PhatRabbit>> PING>> 0.03125s
Kadajiroth>> PING>> 0.03125s
Chase>> PING>> 0.03125s
PhatRabbit>> PING>> 0.03125s
Kadajiroth>> PING>> 0.03125s
Chase>> PING>> 0.03125s
PhatRabbit>> PING>> 0.03125s
Kadajiroth>> PING>> 0.03125s
Chase>> PING>> 0.03125s
PhatRabbit>> PING>> 0.046875s
Kadajiroth>> PING>> 0.046875s
Chase>> PING>> 0.046875s
PhatRabbit>> PING>> 0.046875s
Kadajiroth>> PING>> 0.03125s
PhatRabbit>> PING>> 0.046875s
Chase>> PING>> 0.03125s
Kadajiroth>> PING>> 0.03125s
Chase>> PING>> 0.03125s
PhatRabbit>> PING>> 0.046875s
Kadajiroth>> PING>> 0.03125s
Chase>> PING>> 0.03125s
PhatRabbit>> PING>> 0.046875s
Kadajiroth>> PING>> 0.046875s
Chase>> PING>> 0.046875s
PhatRabbit>> PING>> 0.03125s
Kadajiroth>> PING>> 0.03125s
Chase>> PING>> 0.03125s
PhatRabbit>> PING>> 0.03125s
Kadajiroth>> PING>> 0.03125s
Chase>> PING>> 0.03125s
PhatRabbit>> PING>> 0.03125s
Kadajiroth>> PING>> 0.03125s
Chase>> PING>> 0.03125s
PhatRabbit>> PING>> 0.03125s
Kadajiroth>> PING>> 0.046875s
Chase>> PING>> 0.046875s
PhatRabbit>> PING>> 0.03125s
Kadajiroth>> PING>> 0.03125s
Chase>> PING>> 0.03125s
PhatRabbit>> PING>> 0.03125s
Kadajiroth>> PING>> 0.046875s
Chase>> PING>> 0.03125s
PhatRabbit>> PING>> 0.03125s
Kadajiroth>> PING>> 0.03125s
Chase>> PING>> 0.046875s
PhatRabbit>> PING>> 0.03125s
Kadajiroth>> PING>> 0.046875s
Chase>> PING>> 0.046875s
PhatRabbit>> PING>> 0.03125s
Kadajiroth>> PING>> 0.03125s
Chase>> PING>> 0.03125s
PhatRabbit>> PING>> 0.03125s
Kadajiroth>> PING>> 0.03125s
Chase>> PING>> 0.03125s
PhatRabbit>> PING>> 0.03125s
Kadajiroth>> PING>> 0.03125s
Chase>> PING>> 0.03125s
PhatRabbit>> PING>> 0.03125s
Kadajiroth>> PING>> 0.03125s
Chase>> PING>> 0.03125s
PhatRabbit>> PING>> 0.03125s
Kadajiroth>> PING>> 0.03125s
Chase>> PING>> 0.03125s
PhatRabbit>> PING>> 0.03125s
Kadajiroth>> PING>> 0.046875s
Chase>> PING>> 0.03125s
PhatRabbit>> PING>> 0.046875s
Kadajiroth>> PING>> 0.03125s
Chase>> PING>> 0.03125s
PhatRabbit>> PING>> 0.046875s
Kadajiroth>> PING>> 0.03125s
Chase>> PING>> 0.046875s
PhatRabbit>> PING>> 0.046875s
Kadajiroth>> PING>> 0.03125s
Chase>> PING>> 0.03125s
PhatRabbit>> PING>> 0.03125s
Kadajiroth>> PING>> 0.046875s
Chase>> PING>> 0.03125s
PhatRabbit>> PING>> 0.046875s
Kadajiroth>> PING>> 0.03125s
Chase>> PING>> 0.03125s
PhatRabbit>> PING>> 0.03125s
Kadajiroth>> PING>> 0.03125s
Chase>> PING>> 0.03125s
PhatRabbit>> PING>> 0.03125s
Kadajiroth>> PING>> 0.03125s
Chase>> PING>> 0.03125s
PhatRabbit>> PING>> 0.046875s
Kadajiroth>> PING>> 0.03125s
Chase>> PING>> 0.03125s
PhatRabbit>> PING>> 0.03125s
Kadajiroth>> PING>> 0.046875s
Chase>> PING>> 0.03125s
PhatRabbit>> PING>> 0.046875s
Kadajiroth>> PING>> 0.0625s
Chase>> PING>> 0.03125s
PhatRabbit>> PING>> 0.046875s
Kadajiroth>> PING>> 0.03125s
Chase>> PING>> 0.03125s
PhatRabbit>> PING>> 0.046875s
Kadajiroth>> PING>> 0.03125s
Chase>> PING>> 0.03125s
PhatRabbit>> PING>> 0.03125s
Kadajiroth>> PING>> 0.046875s
Chase>> PING>> 0.03125s
PhatRabbit>> PING>> 0.03125s
Kadajiroth>> PING>> 0.046875s
Chase>> PING>> 0.03125s
PhatRabbit>> PING>> 0.046875s
Kadajiroth>> PING>> 0.03125s
PhatRabbit>> PING>> 0.03125s
Chase>> PING>> 0.03125s
Kadajiroth>> PING>> 0.03125s
Chase>> PING>> 0.03125s
PhatRabbit>> PING>> 0.046875s
Kadajiroth>> PING>> 0.03125s
Chase>> PING>> 0.03125s
PhatRabbit>> PING>> 0.046875s
Kadajiroth>> PING>> 0.046875s
Chase>> PING>> 0.03125s
PhatRabbit>> PING>> 0.046875s
Kadajiroth>> PING>> 0.03125s
PhatRabbit>> PING>> 0.03125s
Chase>> PING>> 0.03125s
Kadajiroth>> PING>> 0.046875s
Chase>> PING>> 0.03125s
PhatRabbit>> PING>> 0.046875s
Kadajiroth>> PING>> 0.03125s
Chase>> PING>> 0.03125s
PhatRabbit>> PING>> 0.03125s
Kadajiroth>> PING>> 0.03125s
Chase>> PING>> 0.046875s
PhatRabbit>> PING>> 0.046875s
Kadajiroth>> PING>> 0.03125s
Chase>> PING>> 0.03125s
PhatRabbit>> PING>> 0.03125s
Kadajiroth>> PING>> 0.03125s
Chase>> PING>> 0.03125s
PhatRabbit>> PING>> 0.03125s
Kadajiroth>> PING>> 0.03125s
Chase>> PING>> 0.03125s
PhatRabbit>> PING>> 0.03125s
Kadajiroth>> PING>> 0.03125s
PhatRabbit>> PING>> 0.03125s
Kadajiroth>> PING>> 0.03125s
Chase>> PING>> 0.03125s
PhatRabbit>> PING>> 0.03125s
Chase>> PING>> 0.03125s
Kadajiroth>> PING>> 0.03125s
PhatRabbit>> PING>> 0.03125s
Chase>> PING>> 0.03125s
Kadajiroth>> PING>> 0.03125s
Chase>> PING>> 0.03125s
PhatRabbit>> PING>> 0.03125s
Kadajiroth>> PING>> 0.03125s
PhatRabbit>> PING>> 0.03125s
Chase>> PING>> 0.03125s
Kadajiroth>> PING>> 0.03125s
Chase>> PING>> 0.03125s
PhatRabbit>> PING>> 0.03125s
Kadajiroth>> PING>> 0.03125s
Chase>> PING>> 0.03125s
PhatRabbit>> PING>> 0.03125s
Kadajiroth>> PING>> 0.03125s
Chase>> PING>> 0.03125s
PhatRabbit>> PING>> 0.046875s
Kadajiroth>> PING>> 0.03125s
PhatRabbit>> PING>> 0.046875s
Chase>> PING>> 0.03125s
Kadajiroth>> PING>> 0.03125s
Chase>> PING>> 0.03125s
PhatRabbit>> PING>> 0.03125s
Kadajiroth>> PING>> 0.03125s
Chase>> PING>> 0.03125s
PhatRabbit>> PING>> 0.03125s
Kadajiroth>> PING>> 0.03125s
Chase>> PING>> 0.03125s
PhatRabbit>> PING>> 0.03125s
Kadajiroth>> PING>> 0.03125s
Chase>> PING>> 0.03125s
PhatRabbit>> PING>> 0.03125s
Kadajiroth>> PING>> 0.03125s
Chase>> PING>> 0.03125s
PhatRabbit>> PING>> 0.03125s
Kadajiroth>> PING>> 0.03125s
PhatRabbit>> PING>> 0.046875s
Chase>> PING>> 0.03125s
Kadajiroth>> PING>> 0.03125s
PhatRabbit>> PING>> 0.03125s
Chase>> PING>> 0.046875s
Kadajiroth>> PING>> 0.03125s
Chase>> PING>> 0.046875s
PhatRabbit>> PING>> 0.03125s
Kadajiroth>> PING>> 0.03125s
Chase>> PING>> 0.03125s
PhatRabbit>> PING>> 0.03125s
Kadajiroth>> PING>> 0.046875s
Chase>> PING>> 0.03125s
PhatRabbit>> PING>> 0.03125s
Kadajiroth>> PING>> 0.03125s
PhatRabbit>> PING>> 0.03125s
Chase>> PING>> 0.046875s
Kadajiroth>> PING>> 0.03125s
Chase>> PING>> 0.03125s
PhatRabbit>> PING>> 0.03125s
Kadajiroth>> PING>> 0.046875s
Chase>> PING>> 0.03125s
PhatRabbit>> PING>> 0.046875s
Kadajiroth>> PING>> 0.046875s
Chase>> PING>> 0.03125s
PhatRabbit>> PING>> 0.03125s
Kadajiroth>> PING>> 0.03125s
Chase>> PING>> 0.03125s
PhatRabbit>> PING>> 0.03125s
Kadajiroth>> PING>> 0.046875s
Chase>> PING>> 0.03125s
PhatRabbit>> PING>> 0.03125s
Kadajiroth>> PING>> 0.03125s
Chase>> PING>> 0.03125s
PhatRabbit>> PING>> 0.03125s
Kadajiroth>> PING>> 0.03125s
PhatRabbit>> PING>> 0.046875s
Chase>> PING>> 0.03125s
Kadajiroth>> PING>> 0.046875s
PhatRabbit>> PING>> 0.03125s
Chase>> PING>> 0.03125s
Kadajiroth>> PING>> 0.046875s
PhatRabbit>> PING>> 0.046875s
Chase>> PING>> 0.03125s
Kadajiroth>> PING>> 0.046875s
Chase>> PING>> 0.03125s
PhatRabbit>> PING>> 0.046875s
Kadajiroth>> PING>> 0.03125s
Chase>> PING>> 0.03125s
PhatRabbit>> PING>> 0.03125s
Kadajiroth>> PING>> 0.03125s
Chase>> PING>> 0.03125s
PhatRabbit>> PING>> 0.046875s
Kadajiroth>> PING>> 0.046875s
Chase>> PING>> 0.046875s
PhatRabbit>> PING>> 0.03125s
Kadajiroth>> PING>> 0.046875s
Chase>> PING>> 0.03125s
PhatRabbit>> PING>> 0.03125s
Kadajiroth>> PING>> 0.03125s
PhatRabbit>> PING>> 0.03125s
Chase>> PING>> 0.03125s
Kadajiroth>> PING>> 0.03125s
Chase>> PING>> 0.03125s
PhatRabbit>> PING>> 0.03125s
Kadajiroth>> PING>> 0.046875s
PhatRabbit>> PING>> 0.03125s
Chase>> PING>> 0.03125s
Kadajiroth>> PING>> 0.03125s
Chase>> PING>> 0.03125s
PhatRabbit>> PING>> 0.03125s
Kadajiroth>> PING>> 0.046875s
Chase>> PING>> 0.03125s
PhatRabbit>> PING>> 0.03125s
Kadajiroth>> PING>> 0.03125s
Chase>> PING>> 0.03125s
PhatRabbit>> PING>> 0.03125s
Kadajiroth>> PING>> 0.03125s
Chase>> PING>> 0.046875s
PhatRabbit>> PING>> 0.03125s
Kadajiroth>> PING>> 0.03125s
Chase>> PING>> 0.03125s
PhatRabbit>> PING>> 0.046875s
Kadajiroth>> PING>> 0.046875s
Chase>> PING>> 0.03125s
PhatRabbit>> PING>> 0.046875s
Kadajiroth>> PING>> 0.03125s
Chase>> PING>> 0.03125s
PhatRabbit>> PING>> 0.03125s
Kadajiroth>> PING>> 0.03125s
Chase>> PING>> 0.03125s
PhatRabbit>> PING>> 0.03125s
Kadajiroth>> PING>> 0.03125s
Chase>> PING>> 0.03125s
PhatRabbit>> PING>> 0.03125s
Kadajiroth>> PING>> 0.03125s
Chase>> PING>> 0.03125s
PhatRabbit>> PING>> 0.046875s
Kadajiroth>> PING>> 0.046875s
Chase>> PING>> 0.03125s
PhatRabbit>> PING>> 0.03125s
Kadajiroth>> PING>> 0.03125s
Chase>> PING>> 0.03125s
PhatRabbit>> PING>> 0.03125s
Kadajiroth>> PING>> 0.03125s
Chase>> PING>> 0.03125s
PhatRabbit>> PING>> 0.03125s
Kadajiroth>> PING>> 0.03125s
Chase>> PING>> 0.03125s
PhatRabbit>> PING>> 0.03125s
Kadajiroth>> PING>> 0.03125s
Chase>> PING>> 0.03125s
PhatRabbit>> PING>> 0.03125s
Kadajiroth>> PING>> 0.03125s
Chase>> PING>> 0.046875s
PhatRabbit>> PING>> 0.03125s
Kadajiroth>> PING>> 0.03125s
Chase>> PING>> 0.03125s
PhatRabbit>> PING>> 0.03125s
Kadajiroth>> PING>> 0.03125s
Chase>> PING>> 0.03125s
PhatRabbit>> PING>> 0.03125s
Kadajiroth>> PING>> 0.03125s
PhatRabbit>> PING>> 0.046875s
Chase>> PING>> 0.03125s
Kadajiroth>> PING>> 0.03125s
Chase>> PING>> 0.046875s
PhatRabbit>> PING>> 0.03125s
Kadajiroth>> PING>> 0.046875s
Chase>> PING>> 0.03125s
PhatRabbit>> PING>> 0.046875s
Kadajiroth>> PING>> 0.03125s
PhatRabbit>> PING>> 0.03125s
Chase>> PING>> 0.03125s
Kadajiroth>> PING>> 0.03125s
Chase>> PING>> 0.03125s
PhatRabbit>> PING>> 0.046875s
Kadajiroth>> PING>> 0.03125s
PhatRabbit>> PING>> 0.03125s
Chase>> PING>> 0.03125s
Kadajiroth>> PING>> 0.03125s
Chase>> PING>> 0.046875s
PhatRabbit>> PING>> 0.03125s
Kadajiroth>> PING>> 0.046875s
Chase>> PING>> 0.03125s
PhatRabbit>> PING>> 0.03125s
Kadajiroth>> PING>> 0.03125s
Chase>> PING>> 0.03125s
PhatRabbit>> PING>> 0.03125s
Kadajiroth>> PING>> 0.046875s
Chase>> PING>> 0.03125s
PhatRabbit>> PING>> 0.03125s
Kadajiroth>> PING>> 0.03125s
Chase>> PING>> 0.03125s
PhatRabbit>> PING>> 0.03125s
Kadajiroth>> PING>> 0.03125s
Chase>> PING>> 0.03125s
PhatRabbit>> PING>> 0.03125s
Kadajiroth>> PING>> 0.03125s
Chase>> PING>> 0.03125s
PhatRabbit>> PING>> 0.03125s
Kadajiroth>> PING>> 0.03125s
Chase>> PING>> 0.046875s
PhatRabbit>> PING>> 0.03125s
Kadajiroth>> PING>> 0.03125s
Chase>> PING>> 0.03125s
PhatRabbit>> PING>> 0.03125s
Kadajiroth>> PING>> 0.03125s
Chase>> PING>> 0.03125s
PhatRabbit>> PING>> 0.03125s
Kadajiroth>> PING>> 0.03125s
Chase>> PING>> 0.03125s
PhatRabbit>> PING>> 0.03125s
Kadajiroth>> PING>> 0.046875s
Chase>> PING>> 0.046875s
PhatRabbit>> PING>> 0.03125s
Kadajiroth>> PING>> 0.03125s
Chase>> PING>> 0.03125s
PhatRabbit>> PING>> 0.03125s
Kadajiroth>> PING>> 0.03125s
Chase>> PING>> 0.03125s
PhatRabbit>> PING>> 0.03125s
Kadajiroth>> PING>> 0.03125s
Chase>> PING>> 0.03125s
PhatRabbit>> PING>> 0.046875s
Kadajiroth>> PING>> 0.03125s
Chase>> PING>> 0.03125s
PhatRabbit>> PING>> 0.03125s
Kadajiroth>> PING>> 0.03125s
Chase>> PING>> 0.03125s
PhatRabbit>> PING>> 0.046875s
Kadajiroth>> PING>> 0.03125s
Chase>> PING>> 0.03125s
PhatRabbit>> PING>> 0.03125s
Kadajiroth>> PING>> 0.03125s
Kadajiroth>> PING>> 0.046875s
PhatRabbit>> PING>> 0.03125s
Chase>> PING>> 0.03125s
Chase>> PING>> 0.03125s
PhatRabbit>> PING>> 0.046875s
Kadajiroth>> PING>> 0.03125s
Chase>> PING>> 0.03125s
PhatRabbit>> PING>> 0.03125s
Kadajiroth>> PING>> 0.03125s
Chase>> PING>> 0.03125s
PhatRabbit>> PING>> 0.03125s
Kadajiroth>> PING>> 0.046875s
Chase>> PING>> 0.03125s
PhatRabbit>> PING>> 0.046875s
Kadajiroth>> PING>> 0.03125s
Chase>> PING>> 0.03125s
PhatRabbit>> PING>> 0.03125s
Kadajiroth>> PING>> 0.03125s
Chase>> PING>> 0.03125s
PhatRabbit>> PING>> 0.03125s
Kadajiroth>> PING>> 0.03125s
Chase>> PING>> 0.03125s
PhatRabbit>> PING>> 0.046875s
Kadajiroth>> PING>> 0.03125s
Chase>> PING>> 0.03125s
PhatRabbit>> PING>> 0.046875s
Kadajiroth>> PING>> 0.03125s
Chase>> PING>> 0.03125s
PhatRabbit>> PING>> 0.046875s
Kadajiroth>> PING>> 0.03125s
Chase>> PING>> 0.03125s
PhatRabbit>> PING>> 0.046875s
Kadajiroth>> PING>> 0.046875s
Chase>> PING>> 0.046875s
PhatRabbit>> PING>> 0.03125s
Kadajiroth>> PING>> 0.03125s
Chase>> PING>> 0.03125s
Kadajiroth>> PING>> 0.03125s
PhatRabbit>> PING>> 0.03125s
Chase>> PING>> 0.03125s
PhatRabbit>> PING>> 0.046875s
Kadajiroth>> PING>> 0.03125s
Chase>> PING>> 0.03125s
PhatRabbit>> PING>> 0.046875s
Kadajiroth>> PING>> 0.046875s
Chase>> PING>> 0.03125s
PhatRabbit>> PING>> 0.046875s
Kadajiroth>> PING>> 0.03125s
Chase>> PING>> 0.03125s
PhatRabbit>> PING>> 0.03125s
Kadajiroth>> PING>> 0.03125s
Chase>> PING>> 0.03125s
PhatRabbit>> PING>> 0.03125s
Kadajiroth>> PING>> 0.046875s
Chase>> PING>> 0.03125s
PhatRabbit>> PING>> 0.03125s
Kadajiroth>> PING>> 0.046875s
Chase>> PING>> 0.03125s
PhatRabbit>> PING>> 0.046875s
Kadajiroth>> PING>> 0.03125s
Chase>> PING>> 0.03125s
PhatRabbit>> PING>> 0.03125s
Kadajiroth>> PING>> 0.03125s
Chase>> PING>> 0.03125s
PhatRabbit>> PING>> 0.046875s
Kadajiroth>> PING>> 0.046875s
Chase>> PING>> 0.03125s
PhatRabbit>> PING>> 0.046875s
Kadajiroth>> PING>> 0.03125s
Chase>> PING>> 0.03125s
PhatRabbit>> PING>> 0.046875s
Kadajiroth>> PING>> 0.03125s
Chase>> PING>> 0.03125s
PhatRabbit>> PING>> 0.03125s
Kadajiroth>> PING>> 0.03125s
PhatRabbit>> PING>> 0.03125s
Chase>> PING>> 0.03125s
Kadajiroth>> PING>> 0.03125s
Chase>> PING>> 0.03125s
PhatRabbit>> PING>> 0.03125s
Kadajiroth>> PING>> 0.03125s
Chase>> PING>> 0.03125s
PhatRabbit>> PING>> 0.046875s
Kadajiroth>> PING>> 0.03125s
Chase>> PING>> 0.03125s
PhatRabbit>> PING>> 0.046875s
Kadajiroth>> PING>> 0.03125s
Chase>> PING>> 0.03125s
PhatRabbit>> PING>> 0.03125s
Kadajiroth>> PING>> 0.03125s
Chase>> PING>> 0.03125s
PhatRabbit>> PING>> 0.03125s
Kadajiroth>> PING>> 0.046875s
Chase>> PING>> 0.046875s
PhatRabbit>> PING>> 0.03125s
Kadajiroth>> PING>> 0.03125s
Chase>> PING>> 0.03125s
PhatRabbit>> PING>> 0.03125s
Kadajiroth>> PING>> 0.03125s
Chase>> PING>> 0.03125s
PhatRabbit>> PING>> 0.03125s
Kadajiroth>> PING>> 0.046875s
Chase>> PING>> 0.03125s
PhatRabbit>> PING>> 0.046875s
Kadajiroth>> PING>> 0.03125s
Chase>> PING>> 0.03125s
PhatRabbit>> PING>> 0.046875s
Kadajiroth>> PING>> 0.03125s
Chase>> PING>> 0.03125s
PhatRabbit>> PING>> 0.03125s
Kadajiroth>> PING>> 0.046875s
Chase>> PING>> 0.03125s
PhatRabbit>> PING>> 0.046875s
Kadajiroth>> PING>> 0.03125s
Chase>> PING>> 0.03125s
PhatRabbit>> PING>> 0.046875s
Kadajiroth>> PING>> 0.03125s
Chase>> PING>> 0.03125s
PhatRabbit>> PING>> 0.03125s
Kadajiroth>> PING>> 0.046875s
Chase>> PING>> 0.03125s
PhatRabbit>> PING>> 0.046875s
Kadajiroth>> PING>> 0.03125s
Chase>> PING>> 0.046875s
PhatRabbit>> PING>> 0.03125s
Kadajiroth>> PING>> 0.03125s
PhatRabbit>> PING>> 0.046875s
Chase>> PING>> 0.03125s
Kadajiroth>> PING>> 0.046875s
Chase>> PING>> 0.03125s
PhatRabbit>> PING>> 0.046875s
Kadajiroth>> PING>> 0.03125s
Chase>> PING>> 0.03125s
PhatRabbit>> PING>> 0.046875s
Kadajiroth>> PING>> 0.03125s
Chase>> PING>> 0.03125s
PhatRabbit>> PING>> 0.03125s
Kadajiroth>> PING>> 0.046875s
Chase>> PING>> 0.03125s
PhatRabbit>> PING>> 0.03125s
Kadajiroth>> PING>> 0.03125s
Chase>> PING>> 0.03125s
PhatRabbit>> PING>> 0.0625s
Kadajiroth>> PING>> 0.046875s
Chase>> PING>> 0.03125s
PhatRabbit>> PING>> 0.03125s
Kadajiroth>> PING>> 0.03125s
Chase>> PING>> 0.046875s
PhatRabbit>> PING>> 0.046875s
Kadajiroth>> PING>> 0.03125s
Chase>> PING>> 0.03125s
PhatRabbit>> PING>> 0.046875s
Kadajiroth>> PING>> 0.03125s
Chase>> PING>> 0.046875s
PhatRabbit>> PING>> 0.03125s
Kadajiroth>> PING>> 0.03125s
Chase>> PING>> 0.03125s
PhatRabbit>> PING>> 0.046875s
Kadajiroth>> PING>> 0.03125s
Chase>> PING>> 0.03125s
PhatRabbit>> PING>> 0.03125s
Kadajiroth>> PING>> 0.03125s
Chase>> PING>> 0.03125s
PhatRabbit>> PING>> 0.03125s
Kadajiroth>> PING>> 0.046875s
PhatRabbit>> PING>> 0.03125s
Chase>> PING>> 0.03125s
Kadajiroth>> PING>> 0.03125s
Chase>> PING>> 0.03125s
PhatRabbit>> PING>> 0.03125s
Kadajiroth>> PING>> 0.046875s
Chase>> PING>> 0.03125s
PhatRabbit>> PING>> 0.03125s
Kadajiroth>> PING>> 0.03125s
Chase>> PING>> 0.03125s
PhatRabbit>> PING>> 0.046875s
Kadajiroth>> PING>> 0.046875s
Chase>> PING>> 0.03125s
PhatRabbit>> PING>> 0.03125s
Kadajiroth>> PING>> 0.046875s
PhatRabbit>> PING>> 0.03125s
Chase>> PING>> 0.03125s
Kadajiroth>> PING>> 0.03125s
Chase>> PING>> 0.03125s
PhatRabbit>> PING>> 0.03125s
Kadajiroth>> PING>> 0.03125s
Chase>> PING>> 0.03125s
PhatRabbit>> PING>> 0.03125s
Kadajiroth>> PING>> 0.03125s
Chase>> PING>> 0.03125s
PhatRabbit>> PING>> 0.03125s
Kadajiroth>> PING>> 0.03125s
>> QUIT 0 1>> 0.296875s
Chase>> PING>> 0.03125s
PhatRabbit>> PING>> 0.03125s
Chase>> PING>> 0.03125s
PhatRabbit>> PING>> 0.046875s
Chase>> PING>> 0.03125s
PhatRabbit>> PING>> 0.03125s
Chase>> PING>> 0.03125s
PhatRabbit>> PING>> 0.03125s
Chase>> PING>> 0.046875s
PhatRabbit>> PING>> 0.03125s
Chase>> PING>> 0.046875s
PhatRabbit>> PING>> 0.03125s
Chase>> PING>> 0.03125s
PhatRabbit>> PING>> 0.03125s
Chase>> PING>> 0.046875s
PhatRabbit>> PING>> 0.03125s
PhatRabbit>> PING>> 0.03125s
Chase>> PING>> 0.03125s
Chase>> PING>> 0.03125s
PhatRabbit>> PING>> 0.046875s
Chase>> PING>> 0.046875s
PhatRabbit>> PING>> 0.046875s
Chase>> PING>> 0.03125s
PhatRabbit>> PING>> 0.046875s
Chase>> PING>> 0.03125s
PhatRabbit>> PING>> 0.03125s
Chase>> PING>> 0.03125s
PhatRabbit>> PING>> 0.046875s
PhatRabbit>> PING>> 0.046875s
Chase>> PING>> 0.03125s
Chase>> PING>> 0.03125s
PhatRabbit>> PING>> 0.03125s
Chase>> PING>> 0.03125s
PhatRabbit>> PING>> 0.046875s
PhatRabbit>> PING>> 0.03125s
Chase>> PING>> 0.03125s
Chase>> PING>> 0.03125s
PhatRabbit>> PING>> 0.03125s
Chase>> PING>> 0.03125s
PhatRabbit>> PING>> 0.03125s
Chase>> PING>> 0.03125s
PhatRabbit>> PING>> 0.03125s
Chase>> PING>> 0.03125s
PhatRabbit>> PING>> 0.03125s
Chase>> PING>> 0.03125s
PhatRabbit>> PING>> 0.03125s
PhatRabbit>> PING>> 0.046875s
Chase>> PING>> 0.03125s
Chase>> PING>> 0.03125s
PhatRabbit>> PING>> 0.03125s
PhatRabbit>> PING>> 0.03125s
Chase>> PING>> 0.03125s
Chase>> PING>> 0.03125s
PhatRabbit>> PING>> 0.03125s
Chase>> PING>> 0.03125s
PhatRabbit>> PING>> 0.03125s
Chase>> PING>> 0.03125s
PhatRabbit>> PING>> 0.046875s
Chase>> PING>> 0.046875s
PhatRabbit>> PING>> 0.03125s
Chase>> PING>> 0.03125s
PhatRabbit>> PING>> 0.03125s
PhatRabbit>> PING>> 0.046875s
Chase>> PING>> 0.046875s
Chase>> PING>> 0.03125s
PhatRabbit>> PING>> 0.03125s
Chase>> PING>> 0.03125s
PhatRabbit>> PING>> 0.03125s
Chase>> PING>> 0.046875s
PhatRabbit>> PING>> 0.03125s
Chase>> PING>> 0.03125s
PhatRabbit>> PING>> 0.03125s
Chase>> PING>> 0.03125s
PhatRabbit>> PING>> 0.03125s
Chase>> PING>> 0.03125s
PhatRabbit>> PING>> 0.03125s
Chase>> PING>> 0.046875s
PhatRabbit>> PING>> 0.03125s
PhatRabbit>> PING>> 0.03125s
Chase>> PING>> 0.046875s
Chase>> PING>> 0.03125s
PhatRabbit>> PING>> 0.03125s
Chase>> PING>> 0.03125s
PhatRabbit>> PING>> 0.046875s
Chase>> PING>> 0.03125s
PhatRabbit>> PING>> 0.03125s
Chase>> PING>> 0.03125s
PhatRabbit>> PING>> 0.03125s
Chase>> PING>> 0.03125s
PhatRabbit>> PING>> 0.03125s
Chase>> PING>> 0.03125s
PhatRabbit>> PING>> 0.03125s
Chase>> PING>> 0.03125s
PhatRabbit>> PING>> 0.03125s
Chase>> PING>> 0.03125s
PhatRabbit>> PING>> 0.03125s
Chase>> PING>> 0.03125s
PhatRabbit>> PING>> 0.03125s
Chase>> PING>> 0.03125s
PhatRabbit>> PING>> 0.0625s
Chase>> PING>> 0.03125s
PhatRabbit>> PING>> 0.03125s
Chase>> PING>> 0.03125s
PhatRabbit>> PING>> 0.03125s
Chase>> PING>> 0.03125s
PhatRabbit>> PING>> 0.046875s
Chase>> PING>> 0.03125s
PhatRabbit>> PING>> 0.03125s
Chase>> PING>> 0.03125s
PhatRabbit>> PING>> 0.046875s
Chase>> PING>> 0.03125s
PhatRabbit>> PING>> 0.03125s
Chase>> PING>> 0.03125s
PhatRabbit>> PING>> 0.03125s
Chase>> PING>> 0.03125s
PhatRabbit>> PING>> 0.03125s
Chase>> PING>> 0.03125s
PhatRabbit>> PING>> 0.03125s
Chase>> PING>> 0.03125s
PhatRabbit>> PING>> 0.03125s
Chase>> PING>> 0.03125s
PhatRabbit>> PING>> 0.03125s
Chase>> PING>> 0.03125s
PhatRabbit>> PING>> 0.03125s
Chase>> PING>> 0.046875s
PhatRabbit>> PING>> 0.03125s
Chase>> PING>> 0.046875s
PhatRabbit>> PING>> 0.03125s
Chase>> PING>> 0.03125s
PhatRabbit>> PING>> 0.03125s
Chase>> PING>> 0.03125s
PhatRabbit>> PING>> 0.03125s
Chase>> PING>> 0.046875s
PhatRabbit>> PING>> 0.03125s
Chase>> PING>> 0.03125s
PhatRabbit>> PING>> 0.03125s
Chase>> PING>> 0.03125s
PhatRabbit>> PING>> 0.03125s
Chase>> PING>> 0.03125s
PhatRabbit>> PING>> 0.03125s
Chase>> PING>> 0.03125s
PhatRabbit>> PING>> 0.046875s
Chase>> PING>> 0.03125s
PhatRabbit>> PING>> 0.03125s
PhatRabbit>> >> 0s
PhatRabbit>> AWAY 0>> 0.375s
PhatRabbit>> WEBSERVICE>> 0.03125s
PhatRabbit>> WEBSERVICE>> 0.046875s
PhatRabbit>> WEBSERVICE>> 0.03125s
PhatRabbit>> WEBSERVICE>> 0.03125s
PhatRabbit>> WEBSERVICE>> 0.046875s
PhatRabbit>> WEBSERVICE>> 0.03125s
Chase>> PING>> 0.03125s
PhatRabbit>> PING>> 0.046875s
PhatRabbit>> WEBSERVICE>> 0.046875s
PhatRabbit>> WEBSERVICE>> 0.03125s
PhatRabbit>> WEBSERVICE>> 0.03125s
PhatRabbit>> SHOPADD Billy%20Hatcher 20000>> 0.5s
PhatRabbit>> WEBSERVICE>> 0.03125s
PhatRabbit>> WEBSERVICE>> 0.046875s
PhatRabbit>> WEBSERVICE>> 0.03125s
PhatRabbit>> PING>> 0.046875s
Chase>> PING>> 0.03125s
PhatRabbit>> SHOPADD NIGHTS 20000>> 0.59375s
PhatRabbit>> WEBSERVICE>> 0.03125s
PhatRabbit>> WEBSERVICE>> 0.03125s
PhatRabbit>> WEBSERVICE>> 0.03125s
PhatRabbit>> SHOPADD Ryo%20Hazuki 20000>> 0.46875s
PhatRabbit>> WEBSERVICE>> 0.03125s
PhatRabbit>> WEBSERVICE>> 0.03125s
PhatRabbit>> WEBSERVICE>> 0.03125s
PhatRabbit>> SHOPADD Tails 20000>> 0.453125s
PhatRabbit>> WEBSERVICE>> 0.03125s
PhatRabbit>> WEBSERVICE>> 0.03125s
PhatRabbit>> WEBSERVICE>> 0.03125s
Chase>> PING>> 0.03125s
PhatRabbit>> PING>> 0.046875s
PhatRabbit>> SHOPADD Shinobi 20000>> 0.453125s
PhatRabbit>> WEBSERVICE>> 0.03125s
PhatRabbit>> WEBSERVICE>> 0.03125s
PhatRabbit>> WEBSERVICE>> 0.03125s
PhatRabbit>> SHOPADD Billy%20Hatcher 20000>> 0.421875s
PhatRabbit>> WEBSERVICE>> 0.03125s
PhatRabbit>> WEBSERVICE>> 0.03125s
PhatRabbit>> WEBSERVICE>> 0.03125s
PhatRabbit>> SHOPADD Shinobi 20000>> 0.40625s
PhatRabbit>> WEBSERVICE>> 0.03125s
PhatRabbit>> WEBSERVICE>> 0.046875s
PhatRabbit>> WEBSERVICE>> 0.03125s
PhatRabbit>> SHOPADD Vyse 20000>> 0.484375s
PhatRabbit>> WEBSERVICE>> 0.03125s
PhatRabbit>> WEBSERVICE>> 0.046875s
PhatRabbit>> WEBSERVICE>> 0.03125s
Chase>> PING>> 0.03125s
PhatRabbit>> PING>> 0.046875s
PhatRabbit>> SHOPADD Rez 20000>> 0.453125s
PhatRabbit>> WEBSERVICE>> 0.046875s
PhatRabbit>> WEBSERVICE>> 0.03125s
PhatRabbit>> WEBSERVICE>> 0.03125s
PhatRabbit>> SHOPADD Fina 20000>> 0.4375s
PhatRabbit>> WEBSERVICE>> 0.03125s
PhatRabbit>> WEBSERVICE>> 0.03125s
PhatRabbit>> WEBSERVICE>> 0.03125s
PhatRabbit>> SHOPADD Gum 20000>> 0.453125s
PhatRabbit>> WEBSERVICE>> 0.03125s
PhatRabbit>> WEBSERVICE>> 0.03125s
PhatRabbit>> WEBSERVICE>> 0.046875s
PhatRabbit>> PING>> 0.03125s
Chase>> PING>> 0.03125s
PhatRabbit>> SHOPADD Ren 20000>> 0.421875s
PhatRabbit>> WEBSERVICE>> 0.03125s
PhatRabbit>> WEBSERVICE>> 0.03125s
PhatRabbit>> WEBSERVICE>> 0.03125s
PhatRabbit>> SHOPADD Shenhua 20000>> 0.421875s
PhatRabbit>> WEBSERVICE>> 0.03125s
PhatRabbit>> WEBSERVICE>> 0.03125s
PhatRabbit>> WEBSERVICE>> 0.03125s
PhatRabbit>> SHOPADD Tab 20000>> 0.1875s
PhatRabbit>> SHOPCREATE %20Welcome%20To%20Rabbits%20Shop.%20 P.M.%20Me%20For%20Any%20Questions!>> 0.125s
Chase>> PING>> 0.046875s
PhatRabbit>> PING>> 0.03125s
Chase>> PING>> 0.03125s
PhatRabbit>> PING>> 0.03125s
Chase>> PING>> 0.03125s
PhatRabbit>> PING>> 0.03125s
PhatRabbit>> WEBSERVICE>> 0.03125s
PhatRabbit>> WEBSERVICE>> 0.03125s
PhatRabbit>> WEBSERVICE>> 0.03125s
PhatRabbit>> WEBSERVICE>> 0.03125s
PhatRabbit>> WEBSERVICE>> 0.03125s
PhatRabbit>> WEBSERVICE>> 0.03125s
Chase>> PING>> 0.03125s
PhatRabbit>> PING>> 0.046875s
Chase>> PING>> 0.03125s
PhatRabbit>> PING>> 0.046875s
Chase>> PING>> 0.03125s
PhatRabbit>> PING>> 0.03125s
Chase>> PING>> 0.03125s
PhatRabbit>> PING>> 0.03125s
Chase>> PING>> 0.046875s
PhatRabbit>> PING>> 0.03125s
Chase>> PING>> 0.03125s
PhatRabbit>> PING>> 0.03125s
PhatRabbit>> WEBSERVICE>> 0.046875s
PhatRabbit>> WEBSERVICE>> 0.03125s
PhatRabbit>> WEBSERVICE>> 0.03125s
Chase>> PING>> 0.03125s
PhatRabbit>> PING>> 0.046875s
PhatRabbit>> SELLAVATARS greenspike_male>> 0.171875s
Chase>> PING>> 0.03125s
Chase>> PING>> 0.03125s
Chase>> PING>> 0.03125s
Chase>> PING>> 0.03125s
Chase>> PING>> 0.03125s
Chase>> PING>> 0.046875s
Chase>> PING>> 0.046875s
Chase>> PING>> 0.03125s
Chase>> PING>> 0.03125s
Chase>> PING>> 0.03125s
Chase>> PING>> 0.046875s
Chase>> PING>> 0.03125s
Chase>> PING>> 0.03125s
Chase>> PING>> 0.046875s
Chase>> PING>> 0.046875s
Chase>> PING>> 0.03125s
Chase>> PING>> 0.03125s
Chase>> PING>> 0.03125s
Chase>> PING>> 0.046875s
Chase>> PING>> 0.046875s
Chase>> PING>> 0.03125s
Chase>> PING>> 0.03125s
Chase>> PING>> 0.03125s
Chase>> PING>> 0.03125s
Chase>> PING>> 0.03125s
Chase>> PING>> 0.03125s
Chase>> PING>> 0.03125s
Chase>> PING>> 0.03125s
Chase>> PING>> 0.03125s
Chase>> PING>> 0.03125s
Chase>> PING>> 0.03125s
Chase>> PING>> 0.046875s
Chase>> PING>> 0.046875s
Chase>> PING>> 0.03125s
Chase>> PING>> 0.03125s
Chase>> PING>> 0.046875s
Chase>> PING>> 0.03125s
Chase>> PING>> 0.03125s
Chase>> PING>> 0.03125s
Chase>> PING>> 0.03125s
Chase>> PING>> 0.03125s
Chase>> PING>> 0.03125s
Chase>> PING>> 0.046875s
Chase>> PING>> 0.03125s
Chase>> PING>> 0.03125s
Chase>> PING>> 0.03125s
Chase>> PING>> 0.046875s
Chase>> PING>> 0.03125s
Chase>> PING>> 0.03125s
>> VERSION 2.0.1>> 0.03125s
>> LOADGAME  >> 0.03125s
>> VERSION 2.0.1>> 0.03125s
animefaerie2>> LOADGAME animefaerie2 130347>> 0.875s
animefaerie2>> TABLEQUERY 1>> 0.015625s
animefaerie2>> EXTRACHECK>> 0.03125s
animefaerie2>> PING>> 0.03125s
animefaerie2>> PING>> 0.015625s
animefaerie2>> PING>> 0.03125s
animefaerie2>> PING>> 0.03125s
animefaerie2>> PING>> 0.015625s
animefaerie2>> PING>> 0.03125s
animefaerie2>> PING>> 0.03125s
animefaerie2>> PING>> 0.03125s
animefaerie2>> >> 0s
animefaerie2>> AWAY 1>> 1.203125s
animefaerie2>> PING>> 0.09375s
animefaerie2>> PING>> 0.03125s
animefaerie2>> PING>> 0.03125s
animefaerie2>> PING>> 0.03125s
animefaerie2>> PING>> 0.03125s
animefaerie2>> PING>> 0.03125s
animefaerie2>> PING>> 0.03125s
animefaerie2>> PING>> 0.03125s
animefaerie2>> PING>> 0.109375s
animefaerie2>> PING>> 0.015625s
animefaerie2>> PING>> 0.03125s
animefaerie2>> PING>> 0.03125s
animefaerie2>> PING>> 0.03125s
animefaerie2>> PING>> 0.03125s
animefaerie2>> PING>> 0.03125s
animefaerie2>> PING>> 0.03125s
animefaerie2>> PING>> 0.03125s
animefaerie2>> PING>> 0.03125s
animefaerie2>> PING>> 0.03125s
animefaerie2>> PING>> 0.03125s
animefaerie2>> PING>> 0.03125s
animefaerie2>> PING>> 0.03125s
animefaerie2>> PING>> 0.015625s
animefaerie2>> PING>> 0.03125s
animefaerie2>> PING>> 0.03125s
animefaerie2>> PING>> 0.015625s
animefaerie2>> PING>> 0.015625s
animefaerie2>> PING>> 0.03125s
animefaerie2>> PING>> 0.015625s
animefaerie2>> PING>> 0.03125s
animefaerie2>> PING>> 0.03125s
animefaerie2>> PING>> 0.03125s
animefaerie2>> PING>> 0.015625s
animefaerie2>> PING>> 0.046875s
animefaerie2>> PING>> 0.0625s
animefaerie2>> PING>> 0.03125s
animefaerie2>> PING>> 0.03125s
animefaerie2>> PING>> 0.0625s
animefaerie2>> PING>> 0.03125s
animefaerie2>> PING>> 0.03125s
animefaerie2>> PING>> 0.03125s
animefaerie2>> PING>> 0.0625s
animefaerie2>> PING>> 0.03125s
animefaerie2>> PING>> 0.03125s
>> QUIT 0 1>> 0.328125s
>> VERSION 2.0.1>> 0.1875s
darklumina>> LOADGAME darklumina pantyraid13>> 1.484375s
darklumina>> TABLEQUERY 1>> 0.0625s
darklumina>> EXTRACHECK>> 0.03125s
darklumina>> PING>> 0.03125s
darklumina>> WEBSERVICE>> 0.0625s
darklumina>> WEBSERVICE>> 0.03125s
darklumina>> PING>> 0.046875s
darklumina>> PING>> 0.03125s
darklumina>> WEBSERVICE>> 0.03125s
darklumina>> WEBSERVICE>> 0.03125s
darklumina>> PING>> 0.03125s
darklumina>> WEBSERVICE>> 0.046875s
darklumina>> WEBSERVICE>> 0.03125s
darklumina>> PING>> 0.125s
darklumina>> PING>> 0.0625s
darklumina>> WEBSERVICE>> 0.046875s
darklumina>> WEBSERVICE>> 0.03125s
darklumina>> PING>> 0.03125s
darklumina>> PING>> 0.046875s
darklumina>> WEBSERVICE>> 0.03125s
darklumina>> WEBSERVICE>> 0.0625s
darklumina>> PING>> 0.03125s
darklumina>> WEBSERVICE>> 0.03125s
darklumina>> WEBSERVICE>> 0.046875s
darklumina>> WEBSERVICE>> 0.03125s
darklumina>> WEBSERVICE>> 0.046875s
darklumina>> PING>> 0.140625s
darklumina>> PING>> 0.046875s
darklumina>> WEBSERVICE>> 0.03125s
darklumina>> WEBSERVICE>> 0.046875s
darklumina>> PING>> 0.015625s
>> VERSION 2.0.1>> 0.03125s
PhatRabbit>> LOADGAME PhatRabbit treece>> 0.625s
PhatRabbit>> TABLEQUERY 1>> 0.03125s
PhatRabbit>> EXTRACHECK>> 0.015625s
PhatRabbit>> PING>> 0.046875s
>> VERSION 2.0.1>> 0.046875s
darklumina>> LOADGAME darklumina pantyraid13>> 0.640625s
darklumina>> TABLEQUERY 1>> 0.125s
darklumina>> EXTRACHECK>> 0.03125s
darklumina>> WEBSERVICE>> 0.03125s
darklumina>> WEBSERVICE>> 0.046875s
darklumina>> WEBSERVICE>> 0.03125s
darklumina>> WEBSERVICE>> 0.046875s
PhatRabbit>> PING>> 0.03125s
PhatRabbit>> CHAT hiya lumi>> 0.265625s
PhatRabbit>> PING>> 0.03125s
PhatRabbit>> PING>> 0.03125s
darklumina>> PING>> 0.109375s
darklumina>> PING>> 0.03125s
darklumina>> PING>> 0.03125s
darklumina>> WEBSERVICE>> 0.03125s
darklumina>> WEBSERVICE>> 0.046875s
PhatRabbit>> PING>> 0.03125s
darklumina>> PING>> 0.125s
darklumina>> CHAT hi sweetums>> 0.21875s
PhatRabbit>> CHAT i'll be back>> 0.203125s
darklumina>> WEBSERVICE>> 0.015625s
darklumina>> WEBSERVICE>> 0.046875s
PhatRabbit>> PING>> 0.03125s
darklumina>> PING>> 0.109375s
darklumina>> WEBSERVICE>> 0.046875s
darklumina>> WEBSERVICE>> 0.046875s
>> QUIT 0 1>> 1.46875s
PhatRabbit>> PING>> 0.03125s
PhatRabbit>> PING>> 0.015625s
PhatRabbit>> PING>> 0.0625s
PhatRabbit>> PING>> 0.03125s
PhatRabbit>> PING>> 0.03125s
PhatRabbit>> PING>> 0.03125s
PhatRabbit>> PING>> 0.015625s
PhatRabbit>> CHAT /me is away.  Reason: Idle>> 0.1875s
PhatRabbit>> AWAY 1>> 0.03125s
>> VERSION 2.0.1>> 0.15625s
darklumina>> LOADGAME darklumina pantyraid13>> 0.734375s
darklumina>> TABLEQUERY 1>> 0.03125s
darklumina>> EXTRACHECK>> 0.03125s
darklumina>> WEBSERVICE>> 0.046875s
darklumina>> WEBSERVICE>> 0.03125s
PhatRabbit>> PING>> 0.03125s
darklumina>> PING>> 0.03125s
>> QUIT 0 1>> 0.390625s
PhatRabbit>> PING>> 0.03125s
PhatRabbit>> PING>> 0.03125s
PhatRabbit>> PING>> 0.03125s
PhatRabbit>> PING>> 0.03125s
PhatRabbit>> PING>> 0.03125s
PhatRabbit>> PING>> 0.03125s
PhatRabbit>> PING>> 0.03125s
PhatRabbit>> PING>> 0.03125s
PhatRabbit>> PING>> 0.03125s
PhatRabbit>> PING>> 0.015625s
>> VERSION 2.0.1>> 0.15625s
darklumina>> LOADGAME darklumina pantyraid13>> 0.96875s
darklumina>> TABLEQUERY 1>> 0.0625s
darklumina>> EXTRACHECK>> 0.046875s
darklumina>> WEBSERVICE>> 0.03125s
darklumina>> WEBSERVICE>> 0.03125s
darklumina>> PING>> 0.015625s
PhatRabbit>> PING>> 0.03125s
PhatRabbit>> PING>> 0.0625s
>> VERSION 2.0.1>> 0.140625s
darklumina>> LOADGAME darklumina pantyraid13>> 0.6875s
darklumina>> TABLEQUERY 1>> 0.109375s
darklumina>> EXTRACHECK>> 0.03125s
darklumina>> WEBSERVICE>> 0.03125s
darklumina>> WEBSERVICE>> 0.03125s
PhatRabbit>> PING>> 0.03125s
darklumina>> PING>> 0.03125s
darklumina>> WEBSERVICE>> 0.046875s
darklumina>> WEBSERVICE>> 0.046875s
PhatRabbit>> PING>> 0.015625s
darklumina>> WEBSERVICE>> 0.03125s
darklumina>> PING>> 0.0625s
darklumina>> WEBSERVICE>> 0.046875s
darklumina>> WEBSERVICE>> 0.03125s
darklumina>> WEBSERVICE>> 0.03125s
PhatRabbit>> PING>> 0.03125s
darklumina>> PING>> 0.03125s
darklumina>> WEBSERVICE>> 0.03125s
darklumina>> WEBSERVICE>> 0.03125s
PhatRabbit>> PING>> 0.03125s
darklumina>> PING>> 0.03125s
PhatRabbit>> PING>> 0.03125s
darklumina>> PING>> 0.015625s
PhatRabbit>> PING>> 0.03125s
darklumina>> PING>> 0.03125s
PhatRabbit>> PING>> 0.03125s
darklumina>> PING>> 0.03125s
PhatRabbit>> PING>> 0.03125s
darklumina>> PING>> 0.03125s
PhatRabbit>> PING>> 0.03125s
darklumina>> PING>> 0.03125s
darklumina>> PING>> 0.03125s
PhatRabbit>> PING>> 0.0625s
PhatRabbit>> PING>> 0.03125s
darklumina>> PING>> 0.03125s
PhatRabbit>> PING>> 0.046875s
darklumina>> PING>> 0.03125s
PhatRabbit>> PING>> 0.015625s
darklumina>> PING>> 0.03125s
darklumina>> >> 0s
darklumina>> AWAY 1>> 0.421875s
darklumina>> PING>> 0.03125s
PhatRabbit>> PING>> 0.03125s
PhatRabbit>> PING>> 0.03125s
darklumina>> PING>> 0.03125s
PhatRabbit>> PING>> 0.03125s
darklumina>> PING>> 0.03125s
PhatRabbit>> PING>> 0.015625s
darklumina>> PING>> 0.03125s
PhatRabbit>> PING>> 0.03125s
darklumina>> PING>> 0.03125s
PhatRabbit>> PING>> 0.046875s
darklumina>> PING>> 0.03125s
darklumina>> PING>> 0.046875s
PhatRabbit>> PING>> 0.03125s
PhatRabbit>> PING>> 0.03125s
PhatRabbit>> PING>> 0.0625s
>> VERSION 2.0.1>> 0.03125s
darklumina>> LOADGAME darklumina pantyraid13>> 0.96875s
darklumina>> TABLEQUERY 1>> 0.03125s
darklumina>> EXTRACHECK>> 0.046875s
darklumina>> >> 0s
darklumina>> AWAY 0>> 0.625s
darklumina>> WEBSERVICE>> 0.03125s
darklumina>> WEBSERVICE>> 0.03125s
PhatRabbit>> PING>> 0.03125s
darklumina>> PING>> 0.03125s
PhatRabbit>> PING>> 0.0625s
darklumina>> PING>> 0.03125s
darklumina>> WEBSERVICE>> 0.03125s
darklumina>> WEBSERVICE>> 0.03125s
PhatRabbit>> PING>> 0.03125s
darklumina>> PING>> 0.125s
darklumina>> WEBSERVICE>> 0.03125s
darklumina>> WEBSERVICE>> 0.046875s
PhatRabbit>> PING>> 0.0625s
darklumina>> PING>> 0.03125s
PhatRabbit>> PING>> 0.03125s
darklumina>> PING>> 0.03125s
darklumina>> WEBSERVICE>> 0.015625s
darklumina>> WEBSERVICE>> 0.046875s
>> QUIT 0 1>> 0.546875s
PhatRabbit>> PING>> 0.03125s
PhatRabbit>> PING>> 0.03125s
PhatRabbit>> PING>> 0.046875s
PhatRabbit>> PING>> 0.03125s
PhatRabbit>> PING>> 0.015625s
PhatRabbit>> PING>> 0.03125s
PhatRabbit>> PING>> 0.03125s
PhatRabbit>> PING>> 0.03125s
PhatRabbit>> PING>> 0.0625s
PhatRabbit>> PING>> 0.03125s
PhatRabbit>> PING>> 0.03125s
PhatRabbit>> PING>> 0.03125s
PhatRabbit>> PING>> 0.03125s
>> VERSION 2.0.1>> 0.15625s
darklumina>> LOADGAME darklumina pantyraid13>> 0.765625s
darklumina>> TABLEQUERY 1>> 0.03125s
darklumina>> EXTRACHECK>> 0.046875s
darklumina>> WEBSERVICE>> 0.03125s
PhatRabbit>> PING>> 0.03125s
PhatRabbit>> PING>> 0.03125s
PhatRabbit>> PING>> 0.046875s
PhatRabbit>> PING>> 0.015625s
>> VERSION 2.0.1>> 0.15625s
darklumina>> LOADGAME darklumina pantyraid13>> 0.71875s
darklumina>> TABLEQUERY 1>> 0.15625s
darklumina>> EXTRACHECK>> 0.03125s
darklumina>> WEBSERVICE>> 0.0625s
darklumina>> WEBSERVICE>> 0.078125s
darklumina>> WEBSERVICE>> 0.03125s
darklumina>> WEBSERVICE>> 0.046875s
darklumina>> WEBSERVICE>> 0.046875s
darklumina>> WEBSERVICE>> 0.03125s
darklumina>> WEBSERVICE>> 0.03125s
darklumina>> WEBSERVICE>> 0.109375s
darklumina>> WEBSERVICE>> 0.109375s
PhatRabbit>> PING>> 0.03125s
darklumina>> PING>> 0.03125s
darklumina>> WEBSERVICE>> 0.015625s
darklumina>> CARDPACK Cait%20Siths%20Fortune%20Pack>> 2.015625s
darklumina>> WEBSERVICE>> 0.046875s
darklumina>> WEBSERVICE>> 0.21875s
PhatRabbit>> PING>> 0.03125s
darklumina>> PING>> 0.03125s
PhatRabbit>> PING>> 0.03125s
PhatRabbit>> PING>> 0.03125s
PhatRabbit>> PING>> 0.03125s
PhatRabbit>> PING>> 0.03125s
>> VERSION 2.0.1>> 0.15625s
darklumina>> LOADGAME darklumina pantyraid13>> 1.421875s
darklumina>> TABLEQUERY 1>> 0.03125s
darklumina>> EXTRACHECK>> 0.03125s
darklumina>> WEBSERVICE>> 0.09375s
darklumina>> WEBSERVICE>> 0.234375s
darklumina>> WEBSERVICE>> 0.0625s
darklumina>> WEBSERVICE>> 0.125s
PhatRabbit>> PING>> 0.03125s
darklumina>> PING>> 0.03125s
darklumina>> WEBSERVICE>> 0.046875s
darklumina>> WEBSERVICE>> 0.03125s
darklumina>> WEBSERVICE>> 0.171875s
>> VERSION 2.0.1>> 0.03125s
sundragon>> LOADGAME sundragon qwerty>> 1.296875s
sundragon>> TABLEQUERY 1>> 0.03125s
sundragon>> EXTRACHECK>> 0.046875s
sundragon>> CHAT heya @ all XD>> 0.265625s
PhatRabbit>> PING>> 0.03125s
sundragon>> PING>> 0.03125s
PhatRabbit>> PING>> 0.03125s
sundragon>> PING>> 0.03125s
sundragon>> TABLECREATE2 OMNITT_RANDOM 5>> 0.171875s
sundragon>> CHANGERULE OTT OMNITT_PLAYER 7>> 0.203125s
PhatRabbit>> PING>> 0.03125s
sundragon>> PING>> 0.03125s
PhatRabbit>> PING>> 0.171875s
sundragon>> PING>> 0.03125s
>> VERSION 2.0.1>> 0.171875s
darklumina>> LOADGAME darklumina pantyraid13>> 0.875s
darklumina>> TABLEQUERY 1>> 0.03125s
darklumina>> EXTRACHECK>> 0.046875s
sundragon>> PM PhatRabbit playyyyyyyyyy>> 0.109375s
PhatRabbit>> PM sundragon Idle>> 0.09375s
darklumina>> CHAT /me hugs sunnyd>> 0.25s
sundragon>> CHAT heya XD>> 0.21875s
sundragon>> CHAT /me hugs da boss>> 0.6875s
darklumina>> WEBSERVICE>> 0.03125s
sundragon>> GAMEREADY>> 0.125s
PhatRabbit>> PING>> 0.171875s
darklumina>> PING>> 0.03125s
sundragon>> PING>> 0.046875s
darklumina>> WEBSERVICE>> 0.0625s
darklumina>> WEBSERVICE>> 0.140625s
PhatRabbit>> PING>> 0.109375s
darklumina>> PING>> 0.03125s
sundragon>> PING>> 0.03125s
PhatRabbit>> PING>> 0.046875s
darklumina>> PING>> 0.03125s
sundragon>> PING>> 0.03125s
sundragon>> CHAT /shout SPAM>> 0.21875s
PhatRabbit>> PING>> 0.0625s
darklumina>> PING>> 0.015625s
sundragon>> PING>> 0.03125s
sundragon>> CHAT XD>> 0.234375s
PhatRabbit>> PING>> 0.0625s
darklumina>> PING>> 0.03125s
sundragon>> PING>> 0.03125s
PhatRabbit>> PING>> 0.03125s
darklumina>> PING>> 0.03125s
sundragon>> PING>> 0.03125s
sundragon>> CHAT ZZZZZZZZZZzzzzzzzzzzzzzzzzzzZZZZZZZZZZZZZZZZZZZzzzzzzzzzzzzzzzzz>> 0.21875s
PhatRabbit>> PING>> 0.03125s
darklumina>> PING>> 0.03125s
sundragon>> PING>> 0.03125s
PhatRabbit>> PING>> 0.03125s
darklumina>> PING>> 0.015625s
sundragon>> PING>> 0.03125s
darklumina>> TABLEJOIN 1>> 1.625s
darklumina>> GAMEREADY>> 2.625s
sundragon>> OTTPLACEAT 24>> 0.8125s
darklumina>> OTTPLACEAT 0>> 0.65625s
PhatRabbit>> PING>> 0.03125s
darklumina>> PING>> 0.03125s
sundragon>> PING>> 0.03125s
sundragon>> OTTPLACEAT 18>> 0.859375s
darklumina>> OTTPLACEAT 22>> 0.6875s
sundragon>> OTTPLACEAT 21>> 0.703125s
darklumina>> OTTPLACEAT 20>> 0.625s
sundragon>> OTTPLACEAT 15>> 0.6875s
darklumina>> OTTPLACEAT 10>> 0.640625s
sundragon>> OTTPLACEAT 5>> 0.90625s
darklumina>> WEBSERVICE>> 0.078125s
darklumina>> WEBSERVICE>> 0.046875s
darklumina>> OTTPLACEAT 3>> 0.6875s
PhatRabbit>> PING>> 0.03125s
darklumina>> PING>> 0.03125s
sundragon>> PING>> 0.03125s
sundragon>> OTTPLACEAT 2>> 0.703125s
PhatRabbit>> PING>> 0.03125s
darklumina>> PING>> 0.03125s
sundragon>> PING>> 0.03125s
darklumina>> OTTPLACEAT 13>> 0.90625s
sundragon>> OTTPLACEAT 1>> 0.875s
darklumina>> OTTPLACEAT 6>> 1.109375s
PhatRabbit>> PING>> 0.03125s
darklumina>> PING>> 0.03125s
sundragon>> PING>> 0.03125s
sundragon>> OTTPLACEAT 7>> 1.015625s
darklumina>> OTTCARDDISCARD>> 0.28125s
darklumina>> OTTPLACEAT 8>> 1.34375s
sundragon>> OTTPLACEAT 9>> 0.65625s
darklumina>> OTTPLACEAT 14>> 3.249375s
sundragon>> CHAT gg>> 2.015625s
darklumina>> WEBSERVICE>> 0.03125s
darklumina>> WEBSERVICE>> 0.125s
darklumina>> CHAT :p>> 0.265625s
darklumina>> PING>> 0.03125s
PhatRabbit>> PING>> 0.03125s
sundragon>> PING>> 0.03125s
PhatRabbit>> PING>> 0.046875s
darklumina>> PING>> 0.03125s
sundragon>> PING>> 0.03125s
PhatRabbit>> PING>> 0.03125s
darklumina>> PING>> 0.03125s
sundragon>> PING>> 0.03125s
PhatRabbit>> PING>> 0.03125s
darklumina>> PING>> 0.046875s
sundragon>> PING>> 0.03125s
darklumina>> WEBSERVICE>> 0.046875s
darklumina>> WEBSERVICE>> 0.046875s
PhatRabbit>> PING>> 0.03125s
darklumina>> PING>> 0.03125s
sundragon>> PING>> 0.03125s
darklumina>> WEBSERVICE>> 0.046875s
darklumina>> WEBSERVICE>> 0.03125s
darklumina>> CARDPACK Cait%20Siths%20Fortune%20Pack>> 1.90625s
darklumina>> WEBSERVICE>> 0.046875s
darklumina>> WEBSERVICE>> 0.03125s
PhatRabbit>> PING>> 0.03125s
darklumina>> PING>> 0.03125s
sundragon>> PING>> 0.015625s
darklumina>> WEBSERVICE>> 0.234375s
darklumina>> CARDPACK SeeD%20student%20pack>> 1.546875s
darklumina>> WEBSERVICE>> 0.046875s
darklumina>> WEBSERVICE>> 0.0625s
darklumina>> WEBSERVICE>> 0.03125s
darklumina>> WEBSERVICE>> 0.046875s
darklumina>> WEBSERVICE>> 0.125s
darklumina>> ALTERNATESET 60>> 0.875s
darklumina>> WEBSERVICE>> 0.03125s
darklumina>> WEBSERVICE>> 0.109375s
darklumina>> ALTERNATESET 60>> 0.203125s
darklumina>> WEBSERVICE>> 0.125s
PhatRabbit>> PING>> 0.03125s
darklumina>> PING>> 0.03125s
sundragon>> PING>> 0.015625s
darklumina>> SLOTSANIME>> 0.90625s
darklumina>> SLOTSFF7>> 0.984375s
darklumina>> WEBSERVICE>> 0.03125s
darklumina>> WEBSERVICE>> 0.046875s
darklumina>> WEBSERVICE>> 0.015625s
darklumina>> WEBSERVICE>> 0.046875s
darklumina>> WEBSERVICE>> 0.03125s
darklumina>> WEBSERVICE>> 0.0625s
PhatRabbit>> PING>> 0.03125s
darklumina>> PING>> 0.015625s
sundragon>> PING>> 0.09375s
darklumina>> WEBSERVICE>> 0.03125s
darklumina>> WEBSERVICE>> 0.234375s
darklumina>> WEBSERVICE>> 0.078125s
darklumina>> WEBSERVICE>> 0.046875s
PhatRabbit>> PING>> 0.03125s
darklumina>> PING>> 0.03125s
sundragon>> PING>> 0.03125s
darklumina>> WEBSERVICE>> 0.046875s
darklumina>> WEBSERVICE>> 0.046875s
PhatRabbit>> PING>> 0.03125s
darklumina>> PING>> 0.03125s
sundragon>> PING>> 0.015625s
>> QUIT 0 1>> 0.375s
>> QUIT 0 1>> 0.375s
PhatRabbit>> PING>> 0.03125s
PhatRabbit>> PING>> 0.03125s
PhatRabbit>> PING>> 0.03125s
PhatRabbit>> PING>> 0.125s
PhatRabbit>> PING>> 0.171875s
PhatRabbit>> PING>> 0.15625s
PhatRabbit>> PING>> 0.03125s
>> VERSION 2.0.1>> 1.9375s
pinkspider>> LOADGAME pinkspider yamihope>> 1.875s
pinkspider>> TABLEQUERY 1>> 0.03125s
pinkspider>> EXTRACHECK>> 0.03125s
PhatRabbit>> PING>> 0.046875s
pinkspider>> PING>> 0.078125s
PhatRabbit>> PING>> 0.1875s
pinkspider>> PING>> 0.171875s
>> VERSION 2.0.1>> 0.25s
sundragon>> LOADGAME sundragon qwerty>> 1.625s
sundragon>> TABLEQUERY 1>> 0.03125s
sundragon>> EXTRACHECK>> 0.03125s
sundragon>> CHAT back>> 0.515625s
PhatRabbit>> PING>> 0.03125s
pinkspider>> PING>> 0.03125s
sundragon>> PING>> 0.03125s
pinkspider>> CHAT draggy!>> 0.515625s
sundragon>> CHAT pinkyyyyy>> 0.375s
sundragon>> CHAT brb>> 0.484375s
>> QUIT 0 1>> 9.421875s
PhatRabbit>> PING>> 0.03125s
pinkspider>> PING>> 0.03125s
PhatRabbit>> PING>> 0.03125s
pinkspider>> PING>> 0.03125s
PhatRabbit>> PING>> 0.078125s
pinkspider>> PING>> 0.0625s
PhatRabbit>> PING>> 0.03125s
pinkspider>> PING>> 0.078125s
PhatRabbit>> PING>> 0.046875s
pinkspider>> PING>> 0.03125s
PhatRabbit>> PING>> 0.015625s
pinkspider>> PING>> 0.03125s
PhatRabbit>> PING>> 0.03125s
pinkspider>> PING>> 0.03125s
PhatRabbit>> PING>> 0.09375s
pinkspider>> PING>> 0.03125s
pinkspider>> >> 0s
pinkspider>> AWAY 1>> 0.4375s
PhatRabbit>> PING>> 0.03125s
pinkspider>> PING>> 0.015625s
PhatRabbit>> PING>> 0.03125s
pinkspider>> PING>> 0.03125s
PhatRabbit>> PING>> 0.015625s
pinkspider>> PING>> 0.03125s
PhatRabbit>> PING>> 0.03125s
pinkspider>> PING>> 0.03125s
>> VERSION 2.0.1>> 0.03125s
sundragon>> LOADGAME sundragon qwerty>> 0.625s
sundragon>> TABLEQUERY 1>> 0.03125s
sundragon>> EXTRACHECK>> 0.03125s
sundragon>> CHAT back. with new beta>> 0.34375s
sundragon>> CHAT brb>> 0.21875s
PhatRabbit>> PING>> 0.03125s
pinkspider>> PING>> 0.03125s
sundragon>> PING>> 0.015625s
PhatRabbit>> PING>> 0.03125s
pinkspider>> PING>> 0.03125s
sundragon>> PING>> 0.03125s
PhatRabbit>> PING>> 0.046875s
pinkspider>> PING>> 0.015625s
sundragon>> PING>> 0.03125s
PhatRabbit>> PING>> 0.03125s
pinkspider>> PING>> 0.03125s
sundragon>> PING>> 0.03125s
PhatRabbit>> PING>> 0.03125s
pinkspider>> PING>> 0.03125s
sundragon>> PING>> 0.03125s
PhatRabbit>> PING>> 0.046875s
sundragon>> TABLECREATE2 OMNITT_RANDOM 5>> 1.296875s
pinkspider>> PING>> 0.03125s
sundragon>> PING>> 0.03125s
sundragon>> CHANGERULE OTT OMNITT_PLAYER 7>> 0.296875s
sundragon>> GAMEREADY>> 0.125s
sundragon>> CHAT playyyy meeeeeeeee>> 0.328125s
PhatRabbit>> PING>> 0.171875s
pinkspider>> PING>> 0.03125s
sundragon>> PING>> 0.046875s
PhatRabbit>> PING>> 0.03125s
pinkspider>> PING>> 0.015625s
sundragon>> PING>> 0.03125s
PhatRabbit>> PING>> 0.03125s
pinkspider>> PING>> 0.03125s
sundragon>> PING>> 0.03125s
PhatRabbit>> PING>> 0.046875s
pinkspider>> PING>> 0.03125s
sundragon>> PING>> 0.03125s
PhatRabbit>> PING>> 0.03125s
pinkspider>> PING>> 0.03125s
sundragon>> PING>> 0.03125s
sundragon>> WEBSERVICE>> 0.03125s
PhatRabbit>> >> 0s
PhatRabbit>> AWAY 0>> 0.75s
PhatRabbit>> TABLEJOIN 1>> 0.84375s
PhatRabbit>> GAMEREADY>> 1.59375s
PhatRabbit>> PING>> 0.046875s
pinkspider>> PING>> 0.03125s
sundragon>> PING>> 0.03125s
sundragon>> OTTPLACEAT 0>> 0.546875s
PhatRabbit>> OTTPLACEAT 9>> 0.703125s
sundragon>> OTTPLACEAT 20>> 0.515625s
PhatRabbit>> OTTPLACEAT 21>> 1.15625s
sundragon>> OTTPLACEAT 19>> 0.765625s
PhatRabbit>> OTTPLACEAT 7>> 1.578125s
PhatRabbit>> PING>> 0.140625s
sundragon>> OTTPLACEAT 4>> 3.03125s
pinkspider>> PING>> 0.03125s
sundragon>> PING>> 0.03125s
PhatRabbit>> OTTPLACEAT 3>> 0.84375s
sundragon>> OTTPLACEAT 2>> 0.734375s
PhatRabbit>> OTTPLACEAT 13>> 0.84375s
PhatRabbit>> PING>> 0.03125s
sundragon>> OTTPLACEAT 12>> 2.234375s
pinkspider>> PING>> 0.03125s
sundragon>> PING>> 0.03125s
PhatRabbit>> OTTPLACEAT 18>> 0.9375s
sundragon>> OTTPLACEAT 11>> 0.765625s
PhatRabbit>> OTTPLACEAT 17>> 0.96875s
sundragon>> OTTPLACEAT 10>> 0.59375s
PhatRabbit>> OTTPLACEAT 5>> 0.765625s
sundragon>> OTTCARDDISCARD>> 0.234375s
sundragon>> OTTPLACEAT 22>> 0.765625s
PhatRabbit>> OTTPLACEAT 23>> 2.9205s
sundragon>> CHAT gg>> 0.1875s
PhatRabbit>> PING>> 0.03125s
pinkspider>> PING>> 0.03125s
sundragon>> PING>> 0.03125s
PhatRabbit>> CHAT gg>> 1.390625s
PhatRabbit>> CHAT bbl>> 0.1875s
sundragon>> CHAT didn't play with my cards XD>> 0.234375s
sundragon>> CHAT bye>> 0.21875s
sundragon>> CONVGPAP 1>> 0.546875s
sundragon>> CONVGPAP 20>> 0.53125s
PhatRabbit>> PING>> 0.03125s
pinkspider>> PING>> 0.03125s
sundragon>> PING>> 0.125s
sundragon>> CONVAPGP 250>> 0.5625s
PhatRabbit>> PING>> 0.015625s
pinkspider>> PING>> 0.03125s
sundragon>> PING>> 0.03125s
PhatRabbit>> PING>> 0.03125s
pinkspider>> PING>> 0.015625s
sundragon>> PING>> 0.03125s
sundragon>> WEBSERVICE>> 0.03125s
sundragon>> WEBSERVICE>> 0.03125s
sundragon>> WEBSERVICE>> 0.03125s
sundragon>> WEBSERVICE>> 0.03125s
sundragon>> WEBSERVICE>> 0.03125s
PhatRabbit>> PING>> 0.03125s
pinkspider>> PING>> 0.015625s
sundragon>> PING>> 0.03125s
sundragon>> WEBSERVICE>> 0.03125s
sundragon>> WEBSERVICE>> 0.03125s
sundragon>> WEBSERVICE>> 0.03125s
PhatRabbit>> PING>> 0.03125s
pinkspider>> PING>> 0.03125s
sundragon>> PING>> 0.03125s
sundragon>> WEBSERVICE>> 0.03125s
sundragon>> WEBSERVICE>> 0.03125s
sundragon>> WEBSERVICE>> 0.03125s
sundragon>> WEBSERVICE>> 0.03125s
sundragon>> WEBSERVICE>> 0.03125s
sundragon>> WEBSERVICE>> 0.03125s
sundragon>> WEBSERVICE>> 0.03125s
PhatRabbit>> PING>> 0.078125s
sundragon>> WEBSERVICE>> 0.046875s
sundragon>> WEBSERVICE>> 0.03125s
pinkspider>> PING>> 0.03125s
sundragon>> PING>> 0.03125s
sundragon>> WEBSERVICE>> 0.03125s
sundragon>> WEBSERVICE>> 0.03125s
sundragon>> AUCTIONBID 16 11>> 0.484375s
PhatRabbit>> PING>> 0.03125s
pinkspider>> PING>> 0.03125s
sundragon>> PING>> 0.03125s
PhatRabbit>> PING>> 0.03125s
pinkspider>> PING>> 0.03125s
sundragon>> PING>> 0.03125s
PhatRabbit>> PING>> 0.03125s
pinkspider>> PING>> 0.03125s
sundragon>> PING>> 0.03125s
PhatRabbit>> PING>> 0.015625s
pinkspider>> PING>> 0.03125s
sundragon>> PING>> 0.03125s
PhatRabbit>> PING>> 0.03125s
pinkspider>> PING>> 0.03125s
sundragon>> PING>> 0.03125s
PhatRabbit>> PING>> 0.015625s
pinkspider>> PING>> 0.03125s
sundragon>> PING>> 0.03125s
PhatRabbit>> PING>> 0.03125s
pinkspider>> PING>> 0.03125s
sundragon>> PING>> 0.03125s
PhatRabbit>> PING>> 0.03125s
pinkspider>> PING>> 0.03125s
sundragon>> PING>> 0.03125s
sundragon>> >> 0s
sundragon>> AWAY 1>> 0.625s
sundragon>> CHAT ildeee>> 0.234375s
sundragon>> AWAY 0>> 0.234375s
sundragon>> CHAT idle>> 0.203125s
PhatRabbit>> PING>> 0.03125s
sundragon>> PING>> 0.03125s
pinkspider>> PING>> 0.03125s
PhatRabbit>> PING>> 0.03125s
pinkspider>> PING>> 0.03125s
sundragon>> PING>> 0.015625s
PhatRabbit>> PING>> 0.03125s
pinkspider>> PING>> 0.03125s
sundragon>> PING>> 0.03125s
sundragon>> CHAT have to go to bed. bai bai ^^>> 0.203125s
>> QUIT 0 1>> 0.3125s
PhatRabbit>> PING>> 0.03125s
pinkspider>> PING>> 0.03125s
PhatRabbit>> PING>> 0.015625s
pinkspider>> PING>> 0.03125s
PhatRabbit>> PING>> 0.03125s
pinkspider>> PING>> 0.03125s
PhatRabbit>> PING>> 0.03125s
pinkspider>> PING>> 0.03125s
PhatRabbit>> PING>> 0.015625s
pinkspider>> PING>> 0.03125s
PhatRabbit>> PING>> 0.03125s
pinkspider>> PING>> 0.03125s
PhatRabbit>> PING>> 0.03125s
pinkspider>> PING>> 0.046875s
PhatRabbit>> PING>> 0.03125s
pinkspider>> PING>> 0.015625s
PhatRabbit>> PING>> 0.015625s
pinkspider>> PING>> 0.03125s
PhatRabbit>> PING>> 0.046875s
pinkspider>> PING>> 0.03125s
PhatRabbit>> PING>> 0.03125s
pinkspider>> PING>> 0.03125s
PhatRabbit>> PING>> 0.03125s
pinkspider>> PING>> 0.03125s
PhatRabbit>> PING>> 0.03125s
pinkspider>> PING>> 0.03125s
PhatRabbit>> PING>> 0.03125s
pinkspider>> PING>> 0.03125s
PhatRabbit>> PING>> 0.046875s
pinkspider>> PING>> 0.03125s
PhatRabbit>> PING>> 0.046875s
pinkspider>> PING>> 0.015625s
pinkspider>> PING>> 0.03125s
PhatRabbit>> PING>> 0.03125s
PhatRabbit>> PING>> 0.03125s
pinkspider>> PING>> 0.015625s
PhatRabbit>> PING>> 0.046875s
pinkspider>> PING>> 0.8125s
PhatRabbit>> PING>> 0.03125s
pinkspider>> PING>> 0.03125s
PhatRabbit>> PING>> 0.03125s
pinkspider>> PING>> 0.03125s
PhatRabbit>> PING>> 0.03125s
pinkspider>> PING>> 0.03125s
PhatRabbit>> PING>> 0.03125s
pinkspider>> PING>> 0.03125s
PhatRabbit>> PING>> 0.03125s
pinkspider>> PING>> 0.03125s
pinkspider>> PING>> 0.03125s
PhatRabbit>> PING>> 0.03125s
PhatRabbit>> PING>> 0.03125s
pinkspider>> PING>> 0.03125s
PhatRabbit>> PING>> 0.03125s
pinkspider>> PING>> 0.03125s
PhatRabbit>> PING>> 0.03125s
pinkspider>> PING>> 0.03125s
PhatRabbit>> PING>> 0.03125s
pinkspider>> PING>> 0.03125s
PhatRabbit>> PING>> 0.03125s
pinkspider>> PING>> 0.015625s
PhatRabbit>> PING>> 0.03125s
pinkspider>> PING>> 0.015625s
PhatRabbit>> PING>> 0.03125s
pinkspider>> PING>> 0.046875s
pinkspider>> PING>> 0.03125s
PhatRabbit>> PING>> 0.03125s
PhatRabbit>> PING>> 0.03125s
pinkspider>> PING>> 0.015625s
PhatRabbit>> PING>> 0.03125s
pinkspider>> PING>> 0.015625s
PhatRabbit>> PING>> 0.03125s
pinkspider>> PING>> 0.015625s
PhatRabbit>> PING>> 0.046875s
pinkspider>> PING>> 0.03125s
PhatRabbit>> PING>> 0.03125s
pinkspider>> PING>> 0.03125s
PhatRabbit>> PING>> 0.03125s
pinkspider>> PING>> 0.03125s
PhatRabbit>> PING>> 0.015625s
pinkspider>> PING>> 0.03125s
PhatRabbit>> PING>> 0.03125s
pinkspider>> PING>> 0.03125s
PhatRabbit>> PING>> 0.03125s
pinkspider>> PING>> 0.03125s
PhatRabbit>> PING>> 0.015625s
pinkspider>> PING>> 0.015625s
PhatRabbit>> PING>> 0.015625s
pinkspider>> PING>> 0.03125s
PhatRabbit>> CHAT .>> 0.484375s
PhatRabbit>> PING>> 0.03125s
pinkspider>> PING>> 0.03125s
PhatRabbit>> PING>> 0.03125s
pinkspider>> PING>> 0.03125s
PhatRabbit>> PING>> 0.03125s
pinkspider>> PING>> 0.03125s
PhatRabbit>> PING>> 0.03125s
pinkspider>> PING>> 0.015625s
PhatRabbit>> CHAT ()()>> 0.390625s
PhatRabbit>> CHAT (*.*)>> 0.234375s
PhatRabbit>> CHAT (")(")>> 0.359375s
pinkspider>> PING>> 0.03125s
PhatRabbit>> PING>> 0.03125s
PhatRabbit>> PING>> 0.03125s
pinkspider>> PING>> 0.03125s
pinkspider>> PING>> 0.03125s
PhatRabbit>> PING>> 0.015625s
PhatRabbit>> PING>> 0.03125s
pinkspider>> PING>> 0.015625s
PhatRabbit>> PING>> 0.03125s
pinkspider>> PING>> 0.03125s
PhatRabbit>> PING>> 0.0625s
pinkspider>> PING>> 0.03125s
PhatRabbit>> PING>> 0.03125s
pinkspider>> PING>> 0.03125s
PhatRabbit>> PING>> 0.03125s
pinkspider>> PING>> 0.03125s
PhatRabbit>> TREASUREHUNTER>> 0.65625s
PhatRabbit>> TREASUREHUNTER>> 0.59375s
>> QUIT 0 1>> 0.3125s
pinkspider>> PING>> 0.03125s
pinkspider>> PING>> 0.046875s
pinkspider>> PING>> 0.046875s
pinkspider>> PING>> 0.03125s
pinkspider>> PING>> 0.03125s
pinkspider>> PING>> 0.03125s
pinkspider>> PING>> 0.03125s
pinkspider>> PING>> 0.03125s
pinkspider>> PING>> 0.015625s
pinkspider>> PING>> 0.03125s
pinkspider>> PING>> 0.03125s
pinkspider>> PING>> 0.015625s
pinkspider>> PING>> 0.03125s
pinkspider>> PING>> 0.03125s
pinkspider>> PING>> 0.046875s
pinkspider>> PING>> 0.03125s
pinkspider>> PING>> 0.03125s
pinkspider>> PING>> 0.015625s
pinkspider>> PING>> 0.03125s
pinkspider>> PING>> 0.03125s
pinkspider>> PING>> 0.03125s
>> >> 0s
darklumina>> LOADGAME darklumina pantyraid13>> 2.15625s
darklumina>> TABLEQUERY 1>> 0.234375s
darklumina>> EXTRACHECK>> 0.03125s
darklumina>> PING>> 0.03125s
darklumina>> PING>> 0.03125s
darklumina>> WEBSERVICE>> 0.03125s
darklumina>> WEBSERVICE>> 0.03125s
darklumina>> WEBSERVICE>> 0.140625s
darklumina>> WEBSERVICE>> 0.03125s
darklumina>> WEBSERVICE>> 0.03125s
darklumina>> WEBSERVICE>> 0.125s
darklumina>> WEBSERVICE>> 0.03125s
darklumina>> WEBSERVICE>> 0.125s
darklumina>> WEBSERVICE>> 0.03125s
darklumina>> WEBSERVICE>> 0.046875s
darklumina>> PING>> 0.046875s
darklumina>> WEBSERVICE>> 0.0625s
darklumina>> WEBSERVICE>> 0.03125s
>> QUIT 0 1>> 0.6875s
>> VERSION 2.0.1>> 0.15625s
darklumina>> LOADGAME darklumina pantyraid13>> 0.875s
darklumina>> TABLEQUERY 1>> 0.140625s
darklumina>> EXTRACHECK>> 0.03125s
darklumina>> PING>> 0.015625s
darklumina>> PING>> 0.015625s
darklumina>> PING>> 0.03125s
darklumina>> PING>> 0.03125s
darklumina>> PING>> 0.03125s
darklumina>> PING>> 0.03125s
darklumina>> WEBSERVICE>> 0.03125s
darklumina>> WEBSERVICE>> 0.046875s
darklumina>> WEBSERVICE>> 0.140625s
darklumina>> WEBSERVICE>> 0.03125s
darklumina>> WEBSERVICE>> 0.03125s
darklumina>> WEBSERVICE>> 0.03125s
darklumina>> WEBSERVICE>> 0.125s
darklumina>> WEBSERVICE>> 0.03125s
darklumina>> WEBSERVICE>> 0.125s
darklumina>> WEBSERVICE>> 0.03125s
darklumina>> WEBSERVICE>> 0.046875s
darklumina>> PING>> 0.046875s
darklumina>> WEBSERVICE>> 0.03125s
darklumina>> WEBSERVICE>> 0.046875s
darklumina>> WEBSERVICE>> 0.03125s
darklumina>> WEBSERVICE>> 0.03125s
darklumina>> GUILDDISBANDPLAYER admin-bot>> 0.765625s
darklumina>> WEBSERVICE>> 0.03125s
darklumina>> WEBSERVICE>> 0.03125s
darklumina>> WEBSERVICE>> 0.046875s
darklumina>> WEBSERVICE>> 0.046875s
darklumina>> WEBSERVICE>> 0.046875s
darklumina>> WEBSERVICE>> 0.140625s
darklumina>> PING>> 0.015625s
darklumina>> WEBSERVICE>> 0.03125s
darklumina>> WEBSERVICE>> 0.109375s
>> QUIT 0 1>> 0.546875s
>> VERSION 2.0.1>> 0.15625s
darklumina>> LOADGAME darklumina pantyraid13>> 0.75s
darklumina>> TABLEQUERY 1>> 0.046875s
darklumina>> EXTRACHECK>> 0.03125s
darklumina>> WEBSERVICE>> 0.03125s
darklumina>> WEBSERVICE>> 0.046875s
darklumina>> WEBSERVICE>> 0.15625s
darklumina>> PING>> 0.03125s
>> QUIT 0 1>> 0.484375s
>> VERSION 2.0.1>> 0.15625s
darklumina>> LOADGAME darklumina pantyraid13>> 0.703125s
darklumina>> TABLEQUERY 1>> 0.140625s
darklumina>> EXTRACHECK>> 0.03125s
darklumina>> PING>> 0.03125s
darklumina>> WEBSERVICE>> 0.03125s
darklumina>> WEBSERVICE>> 0.03125s
darklumina>> WEBSERVICE>> 0.125s
darklumina>> WEBSERVICE>> 0.03125s
darklumina>> WEBSERVICE>> 0.140625s
darklumina>> WEBSERVICE>> 0.046875s
darklumina>> WEBSERVICE>> 0.03125s
darklumina>> WEBSERVICE>> 0.125s
darklumina>> WEBSERVICE>> 0.03125s
darklumina>> WEBSERVICE>> 0.03125s
darklumina>> WEBSERVICE>> 0.046875s
darklumina>> WEBSERVICE>> 0.046875s
darklumina>> WEBSERVICE>> 0.078125s
darklumina>> PING>> 0.03125s
darklumina>> WEBSERVICE>> 0.046875s
darklumina>> WEBSERVICE>> 0.171875s
>> QUIT 0 1>> 1.03125s
>> VERSION 2.0.1>> 0.15625s
darklumina>> LOADGAME darklumina pantyraid13>> 1.984375s
>> VERSION 2.0.1>> 0.15625s
darklumina>> LOADGAME darklumina pantyraid13>> 1.046875s
darklumina>> TABLEQUERY 1>> 0.109375s
darklumina>> EXTRACHECK>> 0.015625s
darklumina>> WEBSERVICE>> 0.078125s
darklumina>> WEBSERVICE>> 0.03125s
darklumina>> WEBSERVICE>> 0.21875s
darklumina>> PING>> 0.03125s
>> QUIT 0 1>> 1.25s
>> VERSION 2.0.1>> 0.046875s
>> VERSION 2.0.1>> 0.03125s
>> VERSION 2.0.1>> 0.03125s
>> VERSION 2.0.2>> 0.171875s
darklumina>> LOADGAME darklumina pantyraid13>> 1.375s
darklumina>> TABLEQUERY 1>> 0.0625s
darklumina>> EXTRACHECK>> 0.03125s
darklumina>> WEBSERVICE>> 0.140625s
darklumina>> PING>> 0.03125s
darklumina>> WEBSERVICE>> 0.03125s
>> QUIT 0 1>> 0.546875s
>> VERSION 2.0.2>> 0.03125s
Phoenix243>> LOADGAME Phoenix243 castlerock>> 1.015625s
Phoenix243>> TABLEQUERY 1>> 0.03125s
Phoenix243>> EXTRACHECK>> 0.03125s
Phoenix243>> WEBSERVICE>> 0.03125s
Phoenix243>> WEBSERVICE>> 0.03125s
Phoenix243>> PING>> 0.03125s
Phoenix243>> ADMINLOGIN 48931943>> 0.203125s
Phoenix243>> WEBSERVICE>> 0.03125s
Phoenix243>> PING>> 0.03125s
>> VERSION 2.0.2>> 0.03125s
Phoenix243>> LOADGAME Phoenix243 castlerock>> 0.359375s
Phoenix243>> EXTRACHECK>> 0.0625s
Phoenix243>> ADMINLOGIN 48931943>> 0.1875s
Phoenix243>> WEBSERVICE>> 0.03125s
Phoenix243>> WEBSERVICE>> 0.078125s
Phoenix243>> PING>> 0.03125s
Phoenix243>> GUILDBANKCARDADD Angry%20Scapula>> 1s
Phoenix243>> WEBSERVICE>> 0.03125s
Phoenix243>> WEBSERVICE>> 0.03125s
Phoenix243>> WEBSERVICE>> 0.03125s
Phoenix243>> PING>> 0.03125s
Phoenix243>> WEBSERVICE>> 0.03125s
Phoenix243>> WEBSERVICE>> 0.03125s
Phoenix243>> WEBSERVICE>> 0.03125s
Phoenix243>> WEBSERVICE>> 0.03125s
Phoenix243>> WEBSERVICE>> 0.03125s
Phoenix243>> WEBSERVICE>> 0.03125s
Phoenix243>> WEBSERVICE>> 0.03125s
Phoenix243>> IPCHECK Phoenix243>> 0.03125s
Phoenix243>> PING>> 0.03125s
Phoenix243>> WEBSERVICE>> 0.03125s
Phoenix243>> PING>> 0.03125s
Phoenix243>> PING>> 0.03125s
Phoenix243>> PING>> 0.03125s
Phoenix243>> PING>> 0.03125s
Phoenix243>> PING>> 0.03125s
Phoenix243>> PING>> 0.03125s
Phoenix243>> PING>> 0.03125s
Phoenix243>> PING>> 0.03125s
Phoenix243>> PING>> 0.03125s
Phoenix243>> CHAT /me is away.  Reason: Idle>> 0.375s
Phoenix243>> AWAY 1>> 0.03125s
Phoenix243>> PING>> 0.03125s
Phoenix243>> PING>> 0.03125s
Phoenix243>> PING>> 0.03125s
Phoenix243>> PING>> 0.03125s
Phoenix243>> PING>> 0.03125s
Phoenix243>> PING>> 0.03125s
Phoenix243>> PING>> 0.03125s
Phoenix243>> PING>> 0.015625s
Phoenix243>> PING>> 0.03125s
Phoenix243>> PING>> 0.03125s
Phoenix243>> PING>> 0.03125s
Phoenix243>> PING>> 0.03125s
Phoenix243>> PING>> 0.03125s
>> VERSION 2.0.1>> 0.03125s
Phoenix243>> PING>> 0.015625s
>> VERSION 2.0.1>> 0.03125s
Phoenix243>> PING>> 0.03125s
Phoenix243>> PING>> 0.03125s
Phoenix243>> PING>> 0.046875s
Phoenix243>> PING>> 0.046875s
Phoenix243>> PING>> 0.03125s
Phoenix243>> PING>> 0.046875s
Phoenix243>> PING>> 0.03125s
Phoenix243>> PING>> 0.03125s
Phoenix243>> PING>> 0.03125s
Phoenix243>> PING>> 0.046875s
Phoenix243>> PING>> 0.03125s
Phoenix243>> PING>> 0.046875s
Phoenix243>> PING>> 0.03125s
>> VERSION 2.0.2>> 0.03125s
animefaerie2>> LOADGAME animefaerie2 130347>> 0.828125s
animefaerie2>> TABLEQUERY 1>> 0.046875s
animefaerie2>> EXTRACHECK>> 0.03125s
animefaerie2>> WEBSERVICE>> 0.03125s
animefaerie2>> WEBSERVICE>> 0.046875s
>> VERSION 2.0.1>> 0.046875s
animefaerie2>> PING>> 0.03125s
Phoenix243>> PING>> 0.03125s
animefaerie2>> WEBSERVICE>> 0.03125s
animefaerie2>> WEBSERVICE>> 0.03125s
animefaerie2>> CHAT yay! a minimizer and player stats^^>> 0.265625s
animefaerie2>> PING>> 0.03125s
Phoenix243>> PING>> 0.03125s
Phoenix243>> PING>> 0.046875s
Phoenix243>> PING>> 0.03125s
>> VERSION 2.0.1>> 0.046875s
>> VERSION 2.0.2>> 0.03125s
animefaerie2>> LOADGAME animefaerie2 130347>> 0.375s
animefaerie2>> EXTRACHECK>> 0.0625s
animefaerie2>> PING>> 0.03125s
Phoenix243>> PING>> 0.03125s
animefaerie2>> PING>> 0.03125s
Phoenix243>> PING>> 0.03125s
animefaerie2>> PING>> 0.03125s
Phoenix243>> PING>> 0.03125s
animefaerie2>> PING>> 0.03125s
Phoenix243>> PING>> 0.03125s
animefaerie2>> PING>> 0.046875s
Phoenix243>> PING>> 0.046875s
animefaerie2>> PING>> 0.03125s
Phoenix243>> PING>> 0.03125s
>> VERSION 2.0.1>> 0.0625s
animefaerie2>> PING>> 0.03125s
Phoenix243>> PING>> 0.046875s
animefaerie2>> PING>> 0.03125s
Phoenix243>> PING>> 0.03125s
animefaerie2>> PING>> 0.03125s
Phoenix243>> PING>> 0.03125s
animefaerie2>> PING>> 0.03125s
Phoenix243>> PING>> 0.046875s
animefaerie2>> >> 0s
animefaerie2>> AWAY 1>> 0.828125s
animefaerie2>> PING>> 0.03125s
Phoenix243>> PING>> 0.03125s
animefaerie2>> PING>> 0.03125s
Phoenix243>> PING>> 0.03125s
animefaerie2>> PING>> 0.03125s
Phoenix243>> PING>> 0.03125s
animefaerie2>> PING>> 0.046875s
Phoenix243>> PING>> 0.03125s
Phoenix243>> CHAT /me is back.>> 0.1875s
Phoenix243>> AWAY 0>> 0.03125s
Phoenix243>> ADMINSILENCEPLAYER animefaerie2 elda <Pika Girls>>> 0.359375s
>> QUIT 0 1>> 0.296875s
Phoenix243>> PING>> 0.03125s
Phoenix243>> PING>> 0.03125s
Phoenix243>> PING>> 0.03125s
Phoenix243>> PING>> 0.03125s
Phoenix243>> PING>> 0.03125s
Phoenix243>> PING>> 0.03125s
Phoenix243>> PING>> 0.046875s
Phoenix243>> PING>> 0.03125s
>> VERSION 2.0.2>> 0.03125s
pinkspider>> LOADGAME pinkspider yamihope>> 0.53125s
pinkspider>> TABLEQUERY 1>> 0.03125s
pinkspider>> EXTRACHECK>> 0.03125s
Phoenix243>> WEBSERVICE>> 0.046875s
Phoenix243>> WEBSERVICE>> 0.03125s
pinkspider>> PING>> 0.03125s
Phoenix243>> PING>> 0.03125s
pinkspider>> PING>> 0.03125s
Phoenix243>> PING>> 0.03125s
pinkspider>> PING>> 0.03125s
Phoenix243>> PING>> 0.046875s
pinkspider>> PING>> 0.03125s
Phoenix243>> PING>> 0.03125s
pinkspider>> PING>> 0.03125s
Phoenix243>> PING>> 0.03125s
pinkspider>> PING>> 0.046875s
Phoenix243>> PING>> 0.03125s
pinkspider>> PING>> 0.046875s
Phoenix243>> PING>> 0.03125s
pinkspider>> PING>> 0.03125s
Phoenix243>> PING>> 0.03125s
pinkspider>> PING>> 0.03125s
Phoenix243>> PING>> 0.046875s
pinkspider>> PING>> 0.03125s
Phoenix243>> PING>> 0.03125s
pinkspider>> CHAT /me is away.  Reason: Idle>> 0.203125s
pinkspider>> AWAY 1>> 0.03125s
pinkspider>> PING>> 0.03125s
Phoenix243>> PING>> 0.03125s
pinkspider>> PING>> 0.03125s
Phoenix243>> PING>> 0.03125s
pinkspider>> PING>> 0.03125s
Phoenix243>> PING>> 0.046875s
pinkspider>> PING>> 0.03125s
Phoenix243>> PING>> 0.03125s
pinkspider>> PING>> 0.03125s
Phoenix243>> PING>> 0.046875s
pinkspider>> PING>> 0.03125s
Phoenix243>> PING>> 0.03125s
pinkspider>> PING>> 0.03125s
Phoenix243>> PING>> 0.046875s
pinkspider>> PING>> 0.03125s
Phoenix243>> PING>> 0.03125s
>> VERSION 2.0.1>> 0.03125s
pinkspider>> PING>> 0.03125s
Phoenix243>> PING>> 0.03125s
pinkspider>> PING>> 0.046875s
Phoenix243>> PING>> 0.03125s
pinkspider>> PING>> 0.046875s
Phoenix243>> PING>> 0.046875s
pinkspider>> PING>> 0.03125s
Phoenix243>> PING>> 0.03125s
pinkspider>> PING>> 0.03125s
Phoenix243>> PING>> 0.046875s
pinkspider>> PING>> 0.03125s
Phoenix243>> PING>> 0.03125s
pinkspider>> PING>> 0.03125s
Phoenix243>> PING>> 0.046875s
pinkspider>> PING>> 0.03125s
Phoenix243>> PING>> 0.046875s
pinkspider>> PING>> 0.03125s
Phoenix243>> PING>> 0.03125s
pinkspider>> PING>> 0.046875s
Phoenix243>> PING>> 0.03125s
pinkspider>> PING>> 0.046875s
Phoenix243>> PING>> 0.03125s
pinkspider>> PING>> 0.03125s
Phoenix243>> PING>> 0.03125s
pinkspider>> PING>> 0.03125s
Phoenix243>> PING>> 0.03125s
pinkspider>> PING>> 0.03125s
Phoenix243>> PING>> 0.046875s
pinkspider>> PING>> 0.03125s
Phoenix243>> PING>> 0.046875s
pinkspider>> PING>> 0.03125s
Phoenix243>> PING>> 0.03125s
pinkspider>> PING>> 0.03125s
Phoenix243>> PING>> 0.03125s
pinkspider>> PING>> 0.046875s
Phoenix243>> PING>> 0.03125s
pinkspider>> PING>> 0.046875s
Phoenix243>> PING>> 0.046875s
pinkspider>> PING>> 0.03125s
Phoenix243>> PING>> 0.03125s
pinkspider>> PING>> 0.03125s
Phoenix243>> PING>> 0.046875s
pinkspider>> PING>> 0.03125s
Phoenix243>> PING>> 0.03125s
pinkspider>> PING>> 0.03125s
Phoenix243>> PING>> 0.046875s
pinkspider>> PING>> 0.046875s
Phoenix243>> PING>> 0.03125s
pinkspider>> PING>> 0.03125s
Phoenix243>> PING>> 0.03125s
pinkspider>> PING>> 0.03125s
Phoenix243>> PING>> 0.03125s
pinkspider>> PING>> 0.03125s
Phoenix243>> PING>> 0.03125s
pinkspider>> PING>> 0.03125s
Phoenix243>> PING>> 0.03125s
pinkspider>> PING>> 0.046875s
Phoenix243>> PING>> 0.03125s
pinkspider>> PING>> 0.03125s
Phoenix243>> PING>> 0.03125s
pinkspider>> PING>> 0.03125s
Phoenix243>> PING>> 0.03125s
pinkspider>> PING>> 0.03125s
Phoenix243>> PING>> 0.03125s
pinkspider>> PING>> 0.03125s
Phoenix243>> PING>> 0.03125s
>> ADMINKICK Phoenix243 boo>> 0.953125s
pinkspider>> PING>> 0.046875s
pinkspider>> PING>> 0.03125s
pinkspider>> PING>> 0.03125s
pinkspider>> PING>> 0.03125s
pinkspider>> PING>> 0.046875s
pinkspider>> PING>> 0.03125s
pinkspider>> PING>> 0.03125s
pinkspider>> PING>> 0.03125s
pinkspider>> PING>> 0.03125s
pinkspider>> PING>> 0.03125s
pinkspider>> PING>> 0.03125s
pinkspider>> PING>> 0.046875s
pinkspider>> PING>> 0.046875s
pinkspider>> PING>> 0.03125s
pinkspider>> PING>> 0.03125s
pinkspider>> PING>> 0.03125s
pinkspider>> PING>> 0.03125s
pinkspider>> PING>> 0.03125s
pinkspider>> PING>> 0.03125s
>> VERSION 2.0.2>> 0.046875s
Phoenix243>> LOADGAME Phoenix243 castlerock>> 0.640625s
Phoenix243>> TABLEQUERY 1>> 0.046875s
Phoenix243>> EXTRACHECK>> 0.046875s
pinkspider>> PING>> 0.03125s
Phoenix243>> PING>> 0.03125s
Phoenix243>> ADMINLOGIN 48931943>> 0.1875s
Phoenix243>> WEBSERVICE>> 0.03125s
pinkspider>> PING>> 0.03125s
Phoenix243>> PING>> 0.03125s
pinkspider>> PING>> 0.03125s
Phoenix243>> PING>> 0.03125s
Phoenix243>> ADMINWARN pinkspider booooored>> 0.40625s
pinkspider>> CHAT T_T>> 0.234375s
pinkspider>> AWAY 0>> 0.265625s
pinkspider>> CHAT it is quite boring.>> 0.203125s
pinkspider>> PING>> 0.046875s
Phoenix243>> PING>> 0.03125s
Phoenix243>> CHAT needa test something>> 0.203125s
Phoenix243>> CHAT in>> 0.203125s
Phoenix243>> TABLECREATE>> 0.203125s
Phoenix243>> PING>> 0.03125s
pinkspider>> PING>> 0.03125s
Phoenix243>> ADMINWARN pinkspider in%20i%20say>> 0.3125s
pinkspider>> TABLEJOIN 1>> 0.8125s
Phoenix243>> GAMEREADY>> 0.09375s
pinkspider>> CHALLENGECHATS geeze, im gonna be doing 2 games now XD>> 0.09375s
pinkspider>> GAMEREADY>> 0.75s
Phoenix243>> CHALLENGECHATS lol>> 0.078125s
Phoenix243>> WEBSERVICE>> 0.03125s
pinkspider>> WEBSERVICE>> 0.046875s
Phoenix243>> TT_MYCARD Anacondaur Belhelmel Blood%20Soul Cockatrice Creeps>> 0.359375s
Phoenix243>> GAMECHAT ~@*~*you dont have to do anything>> 0.0625s
Phoenix243>> GAMECHAT ~@*~*just sit here>> 0.0625s
Phoenix243>> PING>> 0.03125s
pinkspider>> PING>> 0.03125s
pinkspider>> TT_MYCARD Zell Seifer Quistis Edea Laguna>> 0.640625s
Phoenix243>> QUIT 5 1>> 0.03125s
Phoenix243>> TABLEENDMATCH pinkspider>> 0.09375s
pinkspider>> CHAT aww>> 0.1875s
pinkspider>> PING>> 0.03125s
Phoenix243>> PING>> 0.03125s
pinkspider>> PING>> 0.046875s
Phoenix243>> PING>> 0.03125s
pinkspider>> CHAT i dropped coffee on my keyboard>> 0.203125s
pinkspider>> PING>> 0.03125s
Phoenix243>> PING>> 0.046875s
pinkspider>> PING>> 0.03125s
Phoenix243>> PING>> 0.03125s
pinkspider>> PING>> 0.03125s
Phoenix243>> PING>> 0.03125s
pinkspider>> PING>> 0.046875s
Phoenix243>> PING>> 0.046875s
pinkspider>> PING>> 0.03125s
Phoenix243>> PING>> 0.03125s
pinkspider>> PING>> 0.03125s
Phoenix243>> PING>> 0.03125s
pinkspider>> PING>> 0.03125s
Phoenix243>> PING>> 0.03125s
Phoenix243>> CHAT /me is away.  Reason: Idle>> 0.171875s
Phoenix243>> AWAY 1>> 0.03125s
pinkspider>> PING>> 0.03125s
Phoenix243>> PING>> 0.03125s