
J102Y>> WEBSERVICE>> 0.078125s
J102Y>> WEBSERVICE>> 0.0625s
Gilgamesh>> CHAT Not my fault>> 0.546875s
mysticnickel>> CHAT and then 300000 the next>> 1.515625s
J102Y>> WEBSERVICE>> 0.046875s
J102Y>> WEBSERVICE>> 0.078125s
mysticnickel>> CHAT lol>> 0.65625s
J102Y>> WEBSERVICE>> 0.03125s
J102Y>> WEBSERVICE>> 0.0625s
mysticnickel>> CHAT XD>> 0.5625s
PaKeLiKa>> WEBSERVICE>> 0.03125s
Kadajiroth>> WEBSERVICE>> 0.03125s
PaKeLiKa>> WEBSERVICE>> 0.03125s
PaKeLiKa>> WEBSERVICE>> 0.03125s
mysticnickel>> CHAT pinky is big spender>> 0.25s
pinkspider>> CHAT oh yes i am. >> 0.234375s
PaKeLiKa>> CHAT AA points are off for anyone?>> 0.21875s
J102Y>> WEBSERVICE>> 0.03125s
J102Y>> WEBSERVICE>> 0.015625s
J102Y>> WEBSERVICE>> 0.03125s
pinkspider>> CHAT compulsive shopper>> 0.234375s
J102Y>> WEBSERVICE>> 0.03125s
Gilgamesh>> WEBSERVICE>> 0.015625s
Gilgamesh>> WEBSERVICE>> 0.03125s
Gilgamesh>> ALTERNATESET 80>> 0.171875s
J102Y>> WEBSERVICE>> 0.125s
PaKeLiKa>> WEBSERVICE>> 0.09375s
mysticnickel>> WEBSERVICE>> 0.03125s
J102Y>> WEBSERVICE>> 0.03125s
PaKeLiKa>> WEBSERVICE>> 0.03125s
J102Y>> WEBSERVICE>> 0.03125s
PaKeLiKa>> WEBSERVICE>> 0.03125s
J102Y>> WEBSERVICE>> 0.046875s
J102Y>> WEBSERVICE>> 0.046875s
Kadajiroth>> CARDPACK KH%20Trial%20Deck>> 1.375s
Gilgamesh>> CHAT Not sure here Pake>> 0.234375s
J102Y>> GUILDBANKDEPOSITGOLD 100000>> 3.828125s
J102Y>> WEBSERVICE>> 0.046875s
J102Y>> WEBSERVICE>> 0.046875s
J102Y>> WEBSERVICE>> 0.03125s
Kadajiroth>> CARDPACK Scouser%20Deluxe>> 1.0625s
Phoenix243>> CHAT .>> 0.328125s
Kadajiroth>> CARDPACK Scouser%20Deluxe>> 1.046875s
Phoenix243>> CHAT there we are>> 0.25s
Kadajiroth>> ADMINSILENCEPLAYER Phoenix243 touchmeplz <Servants of Darkness>>> 0.234375s
Phoenix243>> ADMINCHAT >.>>> 0.5s
Kadajiroth>> CARDPACK Scouser%20Deluxe>> 1.0625s
Phoenix243>> ADMINCHAT i have to go to work now >.>>> 0.46875s
PaKeLiKa>> ADMINCHAT where do i got for new decks the segacard auctions wont show up for me>> 0.546875s
Phoenix243>> ADMINCHAT seeya later>> 0.5s
pinkspider>> WEBSERVICE>> 0.015625s
>> QUIT 8 1>> 0.625s
PaKeLiKa>> WEBSERVICE>> 0.03125s
Kadajiroth>> CARDPACK Scouser%20Deluxe>> 1.046875s
Kadajiroth>> CARDPACK Scouser%20Deluxe>> 1.078125s
PaKeLiKa>> WEBSERVICE>> 0.03125s
Gilgamesh>> WEBSERVICE>> 0.03125s
PaKeLiKa>> WEBSERVICE>> 0.03125s
PaKeLiKa>> WEBSERVICE>> 0.03125s
PaKeLiKa>> WEBSERVICE>> 0.03125s
PaKeLiKa>> WEBSERVICE>> 0.03125s
PaKeLiKa>> WEBSERVICE>> 0.03125s
PaKeLiKa>> WEBSERVICE>> 0.03125s
PaKeLiKa>> WEBSERVICE>> 0.03125s
Gilgamesh>> WEBSERVICE>> 0.03125s
Gilgamesh>> WEBSERVICE>> 0.03125s
Kadajiroth>> ADMINCHAT Mako General Store.>> 1.0625s
Gilgamesh>> AUCTIONBID 1 2>> 0.3125s
PaKeLiKa>> WEBSERVICE>> 0.03125s
darklumina>> PING>> 0.03125s
mysticnickel>> PING>> 0.0625s
Gilgamesh>> PING>> 0.078125s
PaKeLiKa>> WEBSERVICE>> 0.03125s
PaKeLiKa>> PING>> 0.0625s
PaKeLiKa>> WEBSERVICE>> 0.03125s
Kadajiroth>> PING>> 0.015625s
PaKeLiKa>> WEBSERVICE>> 0.015625s
Gilgamesh>> WEBSERVICE>> 0.03125s
Gilgamesh>> WEBSERVICE>> 0.03125s
PaKeLiKa>> CARDPACK KH%20Trial%20Deck>> 1.390625s
Gilgamesh>> WEBSERVICE>> 0.03125s
Kadajiroth>> REMOVESURNAME>> 0.703125s
mysticnickel>> WEBSERVICE>> 0.03125s
Kadajiroth>> SURNAME browncoat>> 0.40625s
Gilgamesh>> WEBSERVICE>> 0.03125s
PaKeLiKa>> CARDPACK KH%20Trial%20Deck>> 1.078125s
PaKeLiKa>> ADMINCHAT getting a crapload of missing file messages>> 0.609375s
Gilgamesh>> WEBSERVICE>> 0.046875s
Gilgamesh>> WEBSERVICE>> 0.03125s
PaKeLiKa>> ADMINCHAT 4 out of 10 cards>> 1.1875s
PaKeLiKa>> WEBSERVICE>> 0.015625s
PaKeLiKa>> WEBSERVICE>> 0.03125s
Gilgamesh>> WEBSERVICE>> 0.03125s
PaKeLiKa>> WEBSERVICE>> 0.03125s
PaKeLiKa>> WEBSERVICE>> 0.03125s
Gilgamesh>> WEBSERVICE>> 0.015625s
PaKeLiKa>> WEBSERVICE>> 0.03125s
Gilgamesh>> CARDPACK KH%20Trial%20Deck>> 1.375s
Gilgamesh>> WEBSERVICE>> 0.03125s
PaKeLiKa>> WEBSERVICE>> 0.03125s
Gilgamesh>> WEBSERVICE>> 0.03125s
Kadajiroth>> SLOTSANIME>> 0.390625s
Kadajiroth>> SLOTSANIME>> 0.734375s
Kadajiroth>> SLOTSANIME>> 0.328125s
PaKeLiKa>> WEBSERVICE>> 0.03125s
PaKeLiKa>> WEBSERVICE>> 0.015625s
PaKeLiKa>> WEBSERVICE>> 0.03125s
PaKeLiKa>> WEBSERVICE>> 0.03125s
PaKeLiKa>> WEBSERVICE>> 0.03125s
PaKeLiKa>> WEBSERVICE>> 0.203125s
PaKeLiKa>> WEBSERVICE>> 0.03125s
PaKeLiKa>> WEBSERVICE>> 0.015625s
PaKeLiKa>> WEBSERVICE>> 0.03125s
>> VERSION 2.0.0>> 0.03125s
Gilgamesh>> LOADGAME Gilgamesh 741147>> 0.609375s
Gilgamesh>> TABLEQUERY 1>> 0.03125s
Gilgamesh>> EXTRACHECK>> 0.03125s
Gilgamesh>> CHAT wahey, I made myself go kaboom>> 0.234375s
darklumina>> PING>> 0.03125s
mysticnickel>> PING>> 0.03125s
Kadajiroth>> PING>> 0.015625s
Gilgamesh>> PING>> 0.03125s
PaKeLiKa>> PING>> 0.03125s
PaKeLiKa>> CHAT anyone wanna buy namine>> 0.34375s
Gilgamesh>> WEBSERVICE>> 0.03125s
Gilgamesh>> WEBSERVICE>> 0.03125s
PaKeLiKa>> CHAT mystic nickel wanna buy namine or minnie for 10000>> 0.203125s
Gilgamesh>> WEBSERVICE>> 0.015625s
Gilgamesh>> WEBSERVICE>> 0.03125s
Gilgamesh>> WEBSERVICE>> 0.03125s
mysticnickel>> SHOPGET PaKeLiKa>> 0.03125s
mysticnickel>> CHAT lol sure>> 0.421875s
mysticnickel>> WEBSERVICE>> 0.03125s
PaKeLiKa>> WEBSERVICE>> 0.234375s
mysticnickel>> SHOPGET PaKeLiKa>> 0.03125s
mysticnickel>> TABLECREATE  TRADE@@Trade>> 0.15625s
Gilgamesh>> WEBSERVICE>> 0.03125s
mysticnickel>> TABLECLOSE>> 0.109375s
>> VERSION 2.0.0>> 0.03125s
PaKeLiKa>> LOADGAME PaKeLiKa tifa17>> 0.359375s
PaKeLiKa>> TABLEQUERY 1>> 0.03125s
PaKeLiKa>> EXTRACHECK>> 0.03125s
Gilgamesh>> CONVAPGP 250>> 0.546875s
PaKeLiKa>> CHAT got a subscribt out of range error>> 0.203125s
PaKeLiKa>> TABLECREATE  TRADE@@Trade>> 0.140625s
mysticnickel>> CHAT yeah forgot trade doesn't work>> 0.234375s
PaKeLiKa>> CHAT oh lol>> 0.203125s
mysticnickel>> CHAT will boot you everytime you try to join>> 0.265625s
PaKeLiKa>> CHAT how bout player shops?>> 0.203125s
mysticnickel>> CHAT nope not activated>> 0.234375s
>> VERSION 2.0.0>> 0.03125s
PaKeLiKa>> LOADGAME PaKeLiKa tifa17>> 0.625s
PaKeLiKa>> TABLEQUERY 1>> 0.03125s
PaKeLiKa>> EXTRACHECK>> 0.03125s
mysticnickel>> CHAT what did you do then>> 0.25s
Gilgamesh>> CONVAPGP 250>> 0.8125s
PaKeLiKa>> ADMINLOGIN 34158108>> 0.1875s
PaKeLiKa>> TABLEENDMATCH PaKeLiKa>> 0.078125s
darklumina>> PING>> 0.03125s
PaKeLiKa>> WEBSERVICE>> 0.03125s
Gilgamesh>> PING>> 0.0625s
mysticnickel>> PING>> 0.03125s
PaKeLiKa>> WEBSERVICE>> 0.03125s
Kadajiroth>> PING>> 0.03125s
PaKeLiKa>> PING>> 0.046875s
PaKeLiKa>> WEBSERVICE>> 0.03125s
PaKeLiKa>> WEBSERVICE>> 0.03125s
PaKeLiKa>> WEBSERVICE>> 0.03125s
PaKeLiKa>> WEBSERVICE>> 0.03125s
PaKeLiKa>> WEBSERVICE>> 0.03125s
mysticnickel>> CHAT ?>> 0.625s
PaKeLiKa>> WEBSERVICE>> 0.03125s
PaKeLiKa>> WEBSERVICE>> 0.03125s
PaKeLiKa>> WEBSERVICE>> 0.015625s
PaKeLiKa>> WEBSERVICE>> 0.03125s
PaKeLiKa>> WEBSERVICE>> 0.03125s
PaKeLiKa>> WEBSERVICE>> 0.03125s
PaKeLiKa>> SHOPADD Naminé 10000>> 0.203125s
Gilgamesh>> CHAT Auction much?>> 0.203125s
Kadajiroth>> CHAT Doesn't work.>> 0.390625s
Gilgamesh>> WEBSERVICE>> 0.03125s
mysticnickel>> CHAT pake?>> 0.234375s
PaKeLiKa>> PM mysticnickel feel%20like%20buying%20an%20angelo%20from%20my%20shop%20:\%20>> 0.09375s
mysticnickel>> CHAT did someone silence pake?>> 0.375s
PaKeLiKa>> PM mysticnickel its%20being%20goofy>> 0.09375s
PaKeLiKa>> CHAT nah>> 0.203125s
mysticnickel>> SHOPGET PaKeLiKa>> 0.015625s
Gilgamesh>> CHAT Wonder...>> 0.21875s
PaKeLiKa>> CHAT i kept getting kicked>> 0.203125s
Gilgamesh>> CHAT ooh I can ignore myself xD>> 0.21875s
PaKeLiKa>> CHAT i am getting alot fo missing file errors for new decs>> 0.21875s
PaKeLiKa>> CHAT decks*>> 0.203125s
mysticnickel>> PM PaKeLiKa can't%20open%20other%20peoples%20shops>> 0.09375s
Gilgamesh>> CHAT Same>> 0.359375s
PaKeLiKa>> CHAT any suggestions? i ran the updater>> 0.234375s
PaKeLiKa>> PM mysticnickel lol>> 0.09375s
mysticnickel>> CHAT they are having to be fixed>> 0.21875s
mysticnickel>> CHAT file names are messed up>> 0.25s
mysticnickel>> PM PaKeLiKa are%20you%20broke?>> 0.078125s
Gilgamesh>> WEBSERVICE>> 0.015625s
PaKeLiKa>> CHAT this was my shop like 4 months ago XD>> 0.234375s
PaKeLiKa>> PM mysticnickel ya%20lol>> 0.09375s
PaKeLiKa>> PM mysticnickel only%20had%20700%20when%20i%20logged%20in>> 0.078125s
mysticnickel>> PM PaKeLiKa lumi%20is%20coming%20to%20your%20resque>> 0.078125s
Gilgamesh>> WEBSERVICE>> 0.03125s
Gilgamesh>> WEBSERVICE>> 0.015625s
Gilgamesh>> WEBSERVICE>> 0.03125s
PaKeLiKa>> PM mysticnickel XD%20awesome>> 0.078125s
darklumina>> CHAT KH and sega cards are a bit shafted.. dont worry about it>> 0.390625s
Gilgamesh>> WEBSERVICE>> 0.046875s
Gilgamesh>> WEBSERVICE>> 0.03125s
Gilgamesh>> WEBSERVICE>> 0.03125s
Gilgamesh>> WEBSERVICE>> 0.015625s
Gilgamesh>> WEBSERVICE>> 0.03125s
mysticnickel>> WEBSERVICE>> 0.015625s
Gilgamesh>> WEBSERVICE>> 0.03125s
mysticnickel>> CARDPACK Avalanche%20Warriors%20Pack>> 1.484375s
mysticnickel>> CARDPACK Avalanche%20Warriors%20Pack>> 1.15625s
mysticnickel>> >> 0s
darklumina>> PING>> 0.03125s
mysticnickel>> >> 0s
mysticnickel>> >> 0s
PaKeLiKa>> PING>> 0.03125s
Kadajiroth>> PING>> 0.03125sDECRYPTION ERROR: mysticnickel>> 83376395343399379-53-49-24-4-23-1-234-23-3

mysticnickel>> Error decrypting string>> 3.15625s
Gilgamesh>> PING>> 0.03125s
Gilgamesh>> WEBSERVICE>> 0.0625s
Gilgamesh>> WEBSERVICE>> 0.03125s
darklumina>> ADMINSILENCEPLAYER mysticnickel Peacekeeper <Pika Girls>>> 0.265625s
PaKeLiKa>> CHAT XD XD>> 0.21875s
mysticnickel>> REMOVESURNAME>> 0.453125s
Kadajiroth>> WEBSERVICE>> 0.03125s
Kadajiroth>> CARDPACK Cait%20Siths%20Fortune%20Pack>> 1.015625s
Kadajiroth>> CARDPACK Cait%20Siths%20Fortune%20Pack>> 1.0625s
Kadajiroth>> CARDPACK Cait%20Siths%20Fortune%20Pack>> 1.140625s
Kadajiroth>> CARDPACK Cait%20Siths%20Fortune%20Pack>> 1.140625s
Kadajiroth>> CARDPACK Cait%20Siths%20Fortune%20Pack>> 1.046875s
Kadajiroth>> CARDPACK Cait%20Siths%20Fortune%20Pack>> 1.203125s
mysticnickel>> SURNAME r silenced>> 0.359375s
Kadajiroth>> CARDPACK Cait%20Siths%20Fortune%20Pack>> 1.484375s
Kadajiroth>> CARDPACK Cait%20Siths%20Fortune%20Pack>> 1.03125s
Kadajiroth>> CARDPACK Avalanche%20Warriors%20Pack>> 1.03125s
Kadajiroth>> CARDPACK Avalanche%20Warriors%20Pack>> 1.078125s
Kadajiroth>> CARDPACK Avalanche%20Warriors%20Pack>> 1.171875s
Kadajiroth>> CARDPACK Avalanche%20Warriors%20Pack>> 1s
mysticnickel>> REMOVESURNAME>> 0.4375s
>> VERSION 2.0.0>> 0.03125s
Kadajiroth>> CARDPACK KH%20Trial%20Deck>> 1.203125s
Gilgamesh>> LOADGAME Gilgamesh 741147>> 2.25s
Gilgamesh>> TABLEQUERY 1>> 0.03125s
Gilgamesh>> EXTRACHECK>> 0.03125s
Kadajiroth>> CARDPACK Carbuncles%20Mystery%20Pack>> 1.15625s
PaKeLiKa>> WEBSERVICE>> 0.03125s
Kadajiroth>> CARDPACK Carbuncles%20Mystery%20Pack>> 1.421875s
Kadajiroth>> CARDPACK Carbuncles%20Mystery%20Pack>> 1.046875s
PaKeLiKa>> WEBSERVICE>> 0.03125s
Gilgamesh>> CHAT I esploded again>> 0.25s
mysticnickel>> SURNAME peacekeeper>> 0.359375s
Gilgamesh>> WEBSERVICE>> 0.03125s
Gilgamesh>> WEBSERVICE>> 0.03125s
Gilgamesh>> WEBSERVICE>> 0.03125s
Kadajiroth>> CARDPACK Carbuncles%20Mystery%20Pack>> 1.1875s
Kadajiroth>> CARDPACK Carbuncles%20Mystery%20Pack>> 1.03125s
mysticnickel>> PM PaKeLiKa i%20am%20silenced>> 0.09375s
mysticnickel>> PM PaKeLiKa again>> 0.078125s
Kadajiroth>> CARDPACK Carbuncles%20Mystery%20Pack>> 1.09375s
Kadajiroth>> CARDPACK Carbuncles%20Mystery%20Pack>> 1.03125s
Kadajiroth>> CARDPACK Carbuncles%20Mystery%20Pack>> 1.171875s
Kadajiroth>> CARDPACK Carbuncles%20Mystery%20Pack>> 1.109375s
Kadajiroth>> CARDPACK Carbuncles%20Mystery%20Pack>> 0.953125s
Kadajiroth>> CARDPACK Carbuncles%20Mystery%20Pack>> 1.015625s
Kadajiroth>> CARDPACK Carbuncles%20Mystery%20Pack>> 1.09375s
Kadajiroth>> CARDPACK Carbuncles%20Mystery%20Pack>> 0.984375s
Kadajiroth>> CARDPACK Carbuncles%20Mystery%20Pack>> 1.15625s
Gilgamesh>> WEBSERVICE>> 0.03125s
Kadajiroth>> CARDPACK Carbuncles%20Mystery%20Pack>> 1.34375s
Kadajiroth>> CARDPACK Carbuncles%20Mystery%20Pack>> 1.078125s
Kadajiroth>> CARDPACK Carbuncles%20Mystery%20Pack>> 1.109375s
Kadajiroth>> CARDPACK Carbuncles%20Mystery%20Pack>> 1.03125s
Kadajiroth>> CARDPACK Carbuncles%20Mystery%20Pack>> 1.15625s
Kadajiroth>> CARDPACK Tantalus%20Bounty%20Pack>> 1.0625s
PaKeLiKa>> CHAT who is tab was that jet grind radio??>> 0.328125s
Kadajiroth>> CARDPACK Tantalus%20Bounty%20Pack>> 1.5s
Kadajiroth>> CARDPACK Scouser%20Deluxe>> 0.984375s
Gilgamesh>> GUILDBANKDEPOSITGOLD 1000>> 0.609375s
Gilgamesh>> WEBSERVICE>> 0.09375s
Gilgamesh>> WEBSERVICE>> 0.03125s
Kadajiroth>> CARDPACK Scouser%20Deluxe>> 1.90625s
Kadajiroth>> CARDPACK Scouser%20Deluxe>> 1.078125s
Kadajiroth>> CARDPACK Scouser%20Deluxe>> 1.078125s
Kadajiroth>> CARDPACK Scouser%20Deluxe>> 1.078125s
Kadajiroth>> CARDPACK Scouser%20Deluxe>> 2.921875s
Kadajiroth>> CARDPACK Scouser%20Deluxe>> 0.984375s
>> VERSION 2.0.0>> 0.03125s
Gilgamesh>> LOADGAME Gilgamesh 741147>> 0.375s
Gilgamesh>> TABLEQUERY 1>> 0.03125s
Gilgamesh>> EXTRACHECK>> 0.03125s
Kadajiroth>> CARDPACK Scouser%20Deluxe>> 1.015625s
Kadajiroth>> CARDPACK Scouser%20Deluxe>> 1.015625s
Gilgamesh>> CONVGPAP 10000>> 0.53125s
Kadajiroth>> CARDPACK Cait%20Siths%20Fortune%20Pack>> 1.140625s
Kadajiroth>> CARDPACK Cait%20Siths%20Fortune%20Pack>> 1.125s
Kadajiroth>> CARDPACK Cait%20Siths%20Fortune%20Pack>> 1.0625s
Kadajiroth>> CARDPACK Cait%20Siths%20Fortune%20Pack>> 1.046875s
Kadajiroth>> CARDPACK Cait%20Siths%20Fortune%20Pack>> 1.28125s
Kadajiroth>> CARDPACK Cait%20Siths%20Fortune%20Pack>> 1.0625s
Kadajiroth>> CARDPACK Cait%20Siths%20Fortune%20Pack>> 1.03125s
Kadajiroth>> CARDPACK Cait%20Siths%20Fortune%20Pack>> 1.046875s
Kadajiroth>> CARDPACK Cait%20Siths%20Fortune%20Pack>> 1.078125s
Kadajiroth>> CARDPACK Cait%20Siths%20Fortune%20Pack>> 1.375s
Kadajiroth>> CARDPACK Cait%20Siths%20Fortune%20Pack>> 1.03125s
Kadajiroth>> CARDPACK Cait%20Siths%20Fortune%20Pack>> 1.0625s
Kadajiroth>> CARDPACK Cait%20Siths%20Fortune%20Pack>> 1.09375s
darklumina>> PING>> 0.03125s
mysticnickel>> PING>> 0.03125s
Gilgamesh>> PING>> 0.03125s
PaKeLiKa>> PING>> 0.015625s
Kadajiroth>> >> 0s
Kadajiroth>> PING>> 3.703125s
Kadajiroth>> CHAT /me is away.  Reason: Idle>> 0.21875s
Kadajiroth>> AWAY 1>> 0.03125s
Kadajiroth>> CARDPACK Cait%20Siths%20Fortune%20Pack>> 0.953125s
Kadajiroth>> CARDPACK Cait%20Siths%20Fortune%20Pack>> 1s
Kadajiroth>> CARDPACK Cait%20Siths%20Fortune%20Pack>> 1.234375s
Gilgamesh>> TABLECREATE CHINCHIN>> 0.1875s
Kadajiroth>> CARDPACK Cait%20Siths%20Fortune%20Pack>> 1.640625s
Kadajiroth>> CARDPACK Cait%20Siths%20Fortune%20Pack>> 1.015625s
Kadajiroth>> CHAT /me is back.>> 0.203125s
Kadajiroth>> >> 0s
Kadajiroth>> AWAY 0>> 1.0625s
PaKeLiKa>> WEBSERVICE>> 0.046875s
Gilgamesh>> CHALLENGECHATS If I can figure out how to change this >_>>> 0.109375s
>> VERSION 2.0.0>> 0.03125s
mysticnickel>> LOADGAME mysticnickel 619452237>> 3.6875s
Kadajiroth>> CHALLENGECHATS Hmm.>> 0.09375s
PaKeLiKa>> WEBSERVICE>> 0.03125s
mysticnickel>> TABLEQUERY 1>> 0.03125s
mysticnickel>> EXTRACHECK>> 0.03125s
Gilgamesh>> CHALLENGECHATS Change rules button no work then eh?>> 0.09375s
Kadajiroth>> CHALLENGECHATS Guess not.>> 0.09375s
PaKeLiKa>> CARDPACK Darkys%20Grab%20Bag>> 1.625s
Gilgamesh>> CHALLENGECHATS Bug!>> 0.09375s
Gilgamesh>> CHALLENGECHATS Yay>> 0.078125s
Gilgamesh>> CHALLENGECHATS xD>> 0.078125s
mysticnickel>> CHAT lumi said like 25 more min before it comes down to be worked on... >> 0.234375s
PaKeLiKa>> CARDPACK Scouser%20Deluxe>> 1.15625s
Kadajiroth>> CHALLENGECHATS :P>> 0.09375s
PaKeLiKa>> CARDPACK KH%20Trial%20Deck>> 1.265625s
mysticnickel>> CHAT and when it comes down to uninstall everything b/c you will have to re dl the new build tomorrow>> 0.234375s
Kadajiroth>> TABLECLOSE>> 0.078125s
PaKeLiKa>> CARDPACK KH%20Trial%20Deck>> 1.125s
PaKeLiKa>> CARDPACK KH%20Trial%20Deck>> 1.109375s
mysticnickel>> TABLEJOIN 1>> 0.734375s
PaKeLiKa>> CARDPACK KH%20Trial%20Deck>> 1.375s
Gilgamesh>> CHALLENGECHATS button no work>> 0.078125s
PaKeLiKa>> CARDPACK KH%20Trial%20Deck>> 1.03125s
Gilgamesh>> CHALLENGECHATS ;_;>> 0.09375s
mysticnickel>> TABLECLOSE>> 0.09375s
Kadajiroth>> CHAT Ok.>> 0.359375s
Gilgamesh>> TABLECLOSE>> 0.09375s
Gilgamesh>> CHAT Smelly Change Rules button >_<>> 0.234375s
PaKeLiKa>> CARDPACK KH%20Trial%20Deck>> 1.140625s
PaKeLiKa>> CARDPACK KH%20Trial%20Deck>> 1.203125s
Gilgamesh>> WEBSERVICE>> 0.03125s
Gilgamesh>> PANDORAGUESS 8 5 2 6>> 0.453125s
PaKeLiKa>> CARDPACK KH%20Trial%20Deck>> 1.875s
Gilgamesh>> WEBSERVICE>> 0.03125s
PaKeLiKa>> CARDPACK KH%20Trial%20Deck>> 1.09375s
Gilgamesh>> PANDORAGUESS 2 7 3 9>> 0.484375s
Gilgamesh>> WEBSERVICE>> 0.03125s
PaKeLiKa>> CARDPACK KH%20Trial%20Deck>> 1.109375s
Gilgamesh>> PANDORAGUESS 2 8 3 9>> 0.484375s
Gilgamesh>> WEBSERVICE>> 0.03125s
PaKeLiKa>> CARDPACK Tantalus%20Bounty%20Pack>> 1.15625s
PaKeLiKa>> CARDPACK Heroes%20of%20Gaia%20Pack>> 1.09375s
Gilgamesh>> PANDORAGUESS 2 8 3 10>> 0.40625s
Gilgamesh>> WEBSERVICE>> 0.03125s
PaKeLiKa>> CARDPACK Heroes%20of%20Gaia%20Pack>> 1.5625s
PaKeLiKa>> CARDPACK Heroes%20of%20Gaia%20Pack>> 1.140625s
Gilgamesh>> PANDORAGUESS 3 8 3 10>> 0.421875s
Gilgamesh>> WEBSERVICE>> 0.03125s
PaKeLiKa>> CARDPACK Scouser%20Deluxe>> 1.09375s
PaKeLiKa>> CARDPACK Scouser%20Deluxe>> 1.078125s
Gilgamesh>> PANDORAGUESS 2 9 1 7>> 0.421875s
Gilgamesh>> WEBSERVICE>> 0.03125s
PaKeLiKa>> CARDPACK Scouser%20Deluxe>> 1.078125s
PaKeLiKa>> CARDPACK Scouser%20Deluxe>> 1.046875s
Gilgamesh>> PANDORAGUESS 2 3 8 5>> 0.390625s
Gilgamesh>> WEBSERVICE>> 0.03125s
PaKeLiKa>> CARDPACK Scouser%20Deluxe>> 1.28125s
PaKeLiKa>> CARDPACK Scouser%20Deluxe>> 1.078125s
PaKeLiKa>> CARDPACK Scouser%20Deluxe>> 1.328125s
PaKeLiKa>> CARDPACK Scouser%20Deluxe>> 1.046875s
PaKeLiKa>> CARDPACK Scouser%20Deluxe>> 1.140625s
PaKeLiKa>> CARDPACK Scouser%20Deluxe>> 1.46875s
Gilgamesh>> ADMINLOGIN 53715389>> 0.140625s
PaKeLiKa>> CARDPACK Scouser%20Deluxe>> 1.078125s
PaKeLiKa>> CARDPACK Scouser%20Deluxe>> 1.375s
PaKeLiKa>> CARDPACK Scouser%20Deluxe>> 1.09375s
PaKeLiKa>> CARDPACK Scouser%20Deluxe>> 1.015625s
Gilgamesh>> PANDORAGUESS 2 3 7 5>> 0.421875s
darklumina>> PING>> 0.03125s
Gilgamesh>> WEBSERVICE>> 0.015625s
mysticnickel>> PING>> 0.03125s
Gilgamesh>> PING>> 0.03125s
PaKeLiKa>> PING>> 0.046875s
Kadajiroth>> PING>> 0.03125s
Gilgamesh>> PANDORAGUESS 2 5 8 2>> 0.453125s
Gilgamesh>> WEBSERVICE>> 0.03125s
Gilgamesh>> PANDORAGUESS 2 4 8 5>> 0.40625s
Gilgamesh>> WEBSERVICE>> 0.03125s
Gilgamesh>> PANDORAGUESS 2 4 8 6>> 1.09375s
Gilgamesh>> WEBSERVICE>> 0.03125s
Gilgamesh>> CHAT >_>>> 0.203125s
Gilgamesh>> CHAT <_<>> 0.21875s
PaKeLiKa>> CARDPACK Scouser%20Deluxe>> 1.078125s
PaKeLiKa>> CARDPACK Scouser%20Deluxe>> 1.046875s
PaKeLiKa>> CARDPACK Scouser%20Deluxe>> 1.046875s
PaKeLiKa>> CARDPACK Scouser%20Deluxe>> 1.03125s
PaKeLiKa>> CARDPACK Scouser%20Deluxe>> 0.984375s
PaKeLiKa>> CARDPACK Scouser%20Deluxe>> 1.0625s
Gilgamesh>> CHAT I <3 Numbers>> 0.21875s
Gilgamesh>> SLOTSANIME>> 0.359375s
Gilgamesh>> SLOTSANIME>> 0.40625s
Gilgamesh>> SLOTSANIME>> 0.40625s
Gilgamesh>> TABLECREATE3>> 0.15625s
Gilgamesh>> TABLECLOSE>> 0.109375s
PaKeLiKa>> CARDPACK Scouser%20Deluxe>> 1.015625s
Gilgamesh>> CHAT Wahey, gotta go do work...>> 0.203125s
PaKeLiKa>> CARDPACK Scouser%20Deluxe>> 1.390625s
PaKeLiKa>> CARDPACK Scouser%20Deluxe>> 1.078125s
PaKeLiKa>> CARDPACK Scouser%20Deluxe>> 1.046875s
PaKeLiKa>> CARDPACK Scouser%20Deluxe>> 1.015625s
Gilgamesh>> CHAT ;_;>> 0.203125s
Gilgamesh>> WEBSERVICE>> 0.03125s
PaKeLiKa>> CARDPACK Scouser%20Deluxe>> 1.46875s
PaKeLiKa>> CARDPACK Scouser%20Deluxe>> 1.078125s
Gilgamesh>> CARDPACK Darkys%20Grab%20Bag>> 1.484375s
PaKeLiKa>> CARDPACK Scouser%20Deluxe>> 2.640625s
PaKeLiKa>> CARDPACK Scouser%20Deluxe>> 1.09375s
Gilgamesh>> CARDPACK Scouser%20Deluxe>> 3s
PaKeLiKa>> >> 0s
PaKeLiKa>> CARDPACK Cait%20Siths%20Fortune%20Pack>> 5.875s
PaKeLiKa>> CARDPACK Cait%20Siths%20Fortune%20Pack>> 1.125s
Gilgamesh>> CARDPACK Cait%20Siths%20Fortune%20Pack>> 1.0625s
PaKeLiKa>> CARDPACK Cait%20Siths%20Fortune%20Pack>> 1.078125s
Gilgamesh>> CARDPACK Turk%20Surprise%20Pack>> 2.234375s
PaKeLiKa>> CARDPACK Turk%20Surprise%20Pack>> 1.15625s
Gilgamesh>> CARDPACK Avalanche%20Warriors%20Pack>> 1.109375s
PaKeLiKa>> CHAT /me is away.  Reason: Idle>> 0.203125s
PaKeLiKa>> AWAY 1>> 0.03125s
Gilgamesh>> CARDPACK Materia%20Madness%20Pack>> 1.140625s
PaKeLiKa>> CARDPACK Turk%20Surprise%20Pack>> 1.09375s
Gilgamesh>> CARDPACK Heroes%20of%20Gaia%20Pack>> 1.0625s
PaKeLiKa>> CARDPACK Turk%20Surprise%20Pack>> 1.0625s
Gilgamesh>> CARDPACK Tantalus%20Bounty%20Pack>> 1.125s
PaKeLiKa>> CARDPACK Avalanche%20Warriors%20Pack>> 2.421875s
Gilgamesh>> CARDPACK KH%20Trial%20Deck>> 1.046875s
PaKeLiKa>> CARDPACK Heroes%20of%20Gaia%20Pack>> 1.125s
Gilgamesh>> CARDPACK Carbuncles%20Mystery%20Pack>> 1.46875s
Gilgamesh>> CARDPACK Carbuncles%20Mystery%20Pack>> 1.21875s
PaKeLiKa>> CARDPACK Heroes%20of%20Gaia%20Pack>> 2.40625s
PaKeLiKa>> CARDPACK Darkys%20Grab%20Bag>> 1.234375s
Gilgamesh>> CARDPACK Carbuncles%20Mystery%20Pack>> 1.25s
Gilgamesh>> CARDPACK Carbuncles%20Mystery%20Pack>> 1.109375s
Gilgamesh>> CARDPACK Carbuncles%20Mystery%20Pack>> 1.09375s
PaKeLiKa>> CHAT wow edea and rinoa in one pack with 2 standard cards>> 0.21875s
PaKeLiKa>> AWAY 0>> 0.234375s
PaKeLiKa>> CHAT nice one lol>> 0.203125s
Gilgamesh>> CARDPACK Darkys%20Grab%20Bag>> 1.53125s
Gilgamesh>> CHAT Nice>> 0.21875s
Gilgamesh>> CARDPACK Darkys%20Grab%20Bag>> 1.25s
PaKeLiKa>> CARDPACK Darkys%20Grab%20Bag>> 2.625s
Gilgamesh>> CARDPACK Darkys%20Grab%20Bag>> 1.234375s
Gilgamesh>> CARDPACK Darkys%20Grab%20Bag>> 1.21875s
PaKeLiKa>> CHAT oh and rinoa and angelo in the next XD>> 0.234375s
PaKeLiKa>> CARDPACK Darkys%20Grab%20Bag>> 1.203125s
Gilgamesh>> CHAT XD>> 0.21875s
Gilgamesh>> CARDPACK KH%20Trial%20Deck>> 1.0625s
PaKeLiKa>> CHAT woot to darkys grabbag>> 1.375s
Gilgamesh>> CARDPACK KH%20Trial%20Deck>> 1.078125s
PaKeLiKa>> CARDPACK Tantalus%20Bounty%20Pack>> 2.203125s
Gilgamesh>> CARDPACK KH%20Trial%20Deck>> 1.046875s
Gilgamesh>> CARDPACK KH%20Trial%20Deck>> 1.03125s
darklumina>> PING>> 0.03125s
mysticnickel>> PING>> 0.03125s
Kadajiroth>> PING>> 0.03125s
PaKeLiKa>> PING>> 0.015625s
Gilgamesh>> PING>> 0.03125s
Gilgamesh>> CARDPACK KH%20Trial%20Deck>> 1.0625s
Gilgamesh>> CARDPACK KH%20Trial%20Deck>> 1.03125s
Gilgamesh>> CARDPACK KH%20Trial%20Deck>> 1.0625s
PaKeLiKa>> SURNAME shmakalika>> 0.15625s
Gilgamesh>> CARDPACK KH%20Trial%20Deck>> 1.03125s
PaKeLiKa>> REMOVESURNAME>> 0.421875s
Gilgamesh>> CARDPACK Scouser%20Deluxe>> 1.0625s
Gilgamesh>> CARDPACK Scouser%20Deluxe>> 1.0625s
Gilgamesh>> CARDPACK Scouser%20Deluxe>> 1.046875s
PaKeLiKa>> SURNAME shmakalika>> 0.375s
Gilgamesh>> WEBSERVICE>> 0.03125s
mysticnickel>> WEBSERVICE>> 0.03125s
mysticnickel>> CARDPACK KH%20Trial%20Deck>> 1.34375s
Gilgamesh>> CHAT Question :|>> 0.203125s
mysticnickel>> CARDPACK Tantalus%20Bounty%20Pack>> 1.046875s
mysticnickel>> CARDPACK Heroes%20of%20Gaia%20Pack>> 1.09375s
mysticnickel>> CARDPACK Avalanche%20Warriors%20Pack>> 1.125s
mysticnickel>> CARDPACK Avalanche%20Warriors%20Pack>> 1.234375s
mysticnickel>> CARDPACK Avalanche%20Warriors%20Pack>> 1.140625s
mysticnickel>> CARDPACK Darkys%20Grab%20Bag>> 1.3125s
mysticnickel>> CARDPACK Darkys%20Grab%20Bag>> 1.25s
Gilgamesh>> CHAT Scouser Deluxe is 5 Sega Cards right?>> 0.203125s
mysticnickel>> CARDPACK Darkys%20Grab%20Bag>> 1.296875s
PaKeLiKa>> REMOVESURNAME>> 0.40625s
mysticnickel>> CARDPACK Darkys%20Grab%20Bag>> 1.328125s
mysticnickel>> CARDPACK Darkys%20Grab%20Bag>> 1.65625s
PaKeLiKa>> CHAT yea>> 0.234375s
mysticnickel>> CARDPACK Darkys%20Grab%20Bag>> 1.65625s
mysticnickel>> CARDPACK Darkys%20Grab%20Bag>> 1.328125s
mysticnickel>> CARDPACK Darkys%20Grab%20Bag>> 1.25s
mysticnickel>> CARDPACK Darkys%20Grab%20Bag>> 3.328125s
Gilgamesh>> CHAT Axel from KH = Sega?>> 0.21875s
mysticnickel>> CARDPACK Darkys%20Grab%20Bag>> 1.8125s
mysticnickel>> CARDPACK Darkys%20Grab%20Bag>> 1.21875s
mysticnickel>> CARDPACK Darkys%20Grab%20Bag>> 1.21875s
mysticnickel>> CARDPACK Darkys%20Grab%20Bag>> 1.203125s
mysticnickel>> CARDPACK Darkys%20Grab%20Bag>> 1.375s
mysticnickel>> CARDPACK Darkys%20Grab%20Bag>> 1.25s
mysticnickel>> CARDPACK Avalanche%20Warriors%20Pack>> 1.0625s
mysticnickel>> CARDPACK Avalanche%20Warriors%20Pack>> 1.125s
PaKeLiKa>> CHAT i am submitting that already lol>> 1.390625s
mysticnickel>> CARDPACK Avalanche%20Warriors%20Pack>> 1.140625s
Gilgamesh>> CHAT xD>> 0.21875s
mysticnickel>> CARDPACK Avalanche%20Warriors%20Pack>> 1.75s
PaKeLiKa>> CHAT its the same card>> 0.21875s
mysticnickel>> CARDPACK Avalanche%20Warriors%20Pack>> 1.421875s
mysticnickel>> CARDPACK Avalanche%20Warriors%20Pack>> 1.203125s
PaKeLiKa>> CHAT i dont know if its a mistake or not>> 0.21875s
mysticnickel>> CARDPACK Avalanche%20Warriors%20Pack>> 1.40625s
mysticnickel>> CARDPACK Avalanche%20Warriors%20Pack>> 1.078125s
mysticnickel>> CARDPACK Avalanche%20Warriors%20Pack>> 1.484375s
Gilgamesh>> CHAT I dun get that honestly :|>> 0.203125s
mysticnickel>> CARDPACK Avalanche%20Warriors%20Pack>> 1.34375s
PaKeLiKa>> SURNAME rinoahoarder>> 0.359375s
Gilgamesh>> CHAT First card I got in Scouser Deluxe was Axel>> 0.21875s
Gilgamesh>> CARDPACK Scouser%20Deluxe>> 1.078125s
Gilgamesh>> CARDPACK Scouser%20Deluxe>> 1.09375s
Gilgamesh>> CARDPACK Scouser%20Deluxe>> 1.03125s
Gilgamesh>> CARDPACK Scouser%20Deluxe>> 1.078125s
Gilgamesh>> CARDPACK Scouser%20Deluxe>> 1.296875s
Gilgamesh>> CARDPACK Scouser%20Deluxe>> 1.1875s
Gilgamesh>> CARDPACK Scouser%20Deluxe>> 1.03125s
PaKeLiKa>> WEBSERVICE>> 0.015625s
Gilgamesh>> CARDPACK Scouser%20Deluxe>> 1.078125s
Gilgamesh>> CARDPACK Scouser%20Deluxe>> 1.25s
Gilgamesh>> CARDPACK Carbuncles%20Mystery%20Pack>> 1.078125s
PaKeLiKa>> WEBSERVICE>> 0.03125s
darklumina>> PING>> 0.03125s
PaKeLiKa>> WEBSERVICE>> 0.03125s
Gilgamesh>> CARDPACK Carbuncles%20Mystery%20Pack>> 1.421875s
mysticnickel>> PING>> 0.03125s
Kadajiroth>> PING>> 0.03125s
Gilgamesh>> PING>> 0.03125s
PaKeLiKa>> PING>> 0.03125s
Gilgamesh>> CARDPACK Carbuncles%20Mystery%20Pack>> 1.234375s
Gilgamesh>> CARDPACK Carbuncles%20Mystery%20Pack>> 1.15625s
PaKeLiKa>> WEBSERVICE>> 0.03125s
Gilgamesh>> CARDPACK Carbuncles%20Mystery%20Pack>> 1.09375s
Gilgamesh>> CARDPACK Carbuncles%20Mystery%20Pack>> 1.140625s
Gilgamesh>> CARDPACK Carbuncles%20Mystery%20Pack>> 1.46875s
Gilgamesh>> CARDPACK Carbuncles%20Mystery%20Pack>> 1.109375s
Gilgamesh>> CARDPACK Carbuncles%20Mystery%20Pack>> 1.265625s
Gilgamesh>> CARDPACK Carbuncles%20Mystery%20Pack>> 1.40625s
PaKeLiKa>> WEBSERVICE>> 0.03125s
Gilgamesh>> CARDPACK Carbuncles%20Mystery%20Pack>> 1.1875s
Gilgamesh>> CARDPACK Carbuncles%20Mystery%20Pack>> 1.546875s
Gilgamesh>> CARDPACK Pandoras%20Mystery%20Pack>> 1.15625s
PaKeLiKa>> TABLECREATE2 OMNITT_RANDOM 5>> 0.15625s
Gilgamesh>> CARDPACK Pandoras%20Mystery%20Pack>> 1.109375s
PaKeLiKa>> GAMEREADY>> 0.0625s
Gilgamesh>> CARDPACK Pandoras%20Mystery%20Pack>> 3.625s
Gilgamesh>> CARDPACK Pandoras%20Mystery%20Pack>> 1.109375s
PaKeLiKa>> CHAT omni anyone?>> 0.21875s
Gilgamesh>> CARDPACK Pandoras%20Mystery%20Pack>> 1.359375s
Gilgamesh>> TABLEJOIN 1>> 0.796875s
Gilgamesh>> GAMEREADY>> 1.203125s
Gilgamesh>> OTTPLACEAT 15>> 0.53125s
Gilgamesh>> CHAT Weird :|>> 0.203125s
Gilgamesh>> CHAT Did you play Pake?>> 0.1875s
PaKeLiKa>> CHAT did i move?>> 0.21875s
PaKeLiKa>> CHAT no>> 0.234375s
Gilgamesh>> CHAT Straight back to me >_>>> 0.234375s
PaKeLiKa>> CHAT says your turn>> 0.21875s
Gilgamesh>> CHAT xD>> 0.21875s
Gilgamesh>> OTTPLACEAT 2>> 0.46875s
Kadajiroth>> CHAT OTT doesn't work for the moment, I think.>> 0.5s
PaKeLiKa>> TABLEENDMATCH Gilgamesh>> 0.109375s
PaKeLiKa>> CHAT lets try again lol>> 0.21875s
PaKeLiKa>> TABLECREATE2 OMNITT_RANDOM 5>> 0.171875s
PaKeLiKa>> GAMEREADY>> 0.0625s
Gilgamesh>> TABLEJOIN 1>> 0.78125s
Gilgamesh>> GAMEREADY>> 1.015625s
PaKeLiKa>> ERRORHANDLER Can't%20show%20non-modal%20form%20when%20modal%20form%20is%20displayed 400>> 0.609375s
Gilgamesh>> OTTPLACEAT 0>> 0.484375s
>> QUITERROR>> 1.78125s
Gilgamesh>> CHAT Yep>> 0.21875s
Gilgamesh>> CHAT Doesn't work>> 0.3125s
>> VERSION 2.0.0>> 0.03125s
PaKeLiKa>> LOADGAME PaKeLiKa tifa17>> 0.40625s
PaKeLiKa>> TABLEQUERY 1>> 0.03125s
PaKeLiKa>> EXTRACHECK>> 0.03125s
PaKeLiKa>> CHAT lol>> 0.203125s
Gilgamesh>> CHAT Arrow is broken :|>> 0.21875s
PaKeLiKa>> TABLECREATE2 OMNITT_RANDOM 5>> 0.15625s
Gilgamesh>> TABLEJOIN 1>> 0.796875s
PaKeLiKa>> GAMEREADY>> 0.09375s
Gilgamesh>> GAMEREADY>> 1s
Gilgamesh>> OTTPLACEAT 0>> 0.390625s
PaKeLiKa>> CHAT says yer turn>> 0.1875s
Gilgamesh>> OTTPLACEAT 5>> 0.515625s
Gilgamesh>> CHAT Arrow ish broken>> 0.25s
PaKeLiKa>> CHAT lame lol>> 0.234375s
Kadajiroth>> CHAT Heh. Guessing you need an endgame?>> 0.234375s
Gilgamesh>> OTTPLACEAT 6>> 0.984375s
Gilgamesh>> OTTPLACEAT 21>> 0.515625s
Gilgamesh>> OTTPLACEAT 3>> 0.515625s
Gilgamesh>> OTTPLACEAT 7>> 0.671875s
PaKeLiKa>> ADMINLOGIN 34158108>> 0.1875s
Gilgamesh>> OTTPLACEAT 8>> 1.03125s
Gilgamesh>> OTTPLACEAT 9>> 0.515625s
PaKeLiKa>> CHAT mhm>> 0.203125s
Gilgamesh>> OTTPLACEAT 10>> 0.515625s
Gilgamesh>> OTTPLACEAT 12>> 0.671875s
Gilgamesh>> OTTPLACEAT 13>> 0.796875s
Gilgamesh>> OTTPLACEAT 14>> 0.640625s
Gilgamesh>> OTTPLACEAT 15>> 0.5s
Gilgamesh>> OTTPLACEAT 16>> 0.8125s
Gilgamesh>> OTTPLACEAT 17>> 0.890625s
PaKeLiKa>> TABLEENDMATCH PaKeLiKa>> 0.109375s
Gilgamesh>> CHAT aw>> 0.265625s
PaKeLiKa>> TABLECREATE>> 0.1875s
Gilgamesh>> CHAT I was playing myself =((((>> 0.4375s
PaKeLiKa>> WEBSERVICE>> 0.03125s
Kadajiroth>> CHAT Send one then. :P>> 0.21875s
Gilgamesh>> TABLEJOIN 1>> 1.125s
Gilgamesh>> CHALLENGECHATS I think the Change Rules button is broken too =(>> 0.09375s
PaKeLiKa>> CHANGERULE 0 1 0 1 0 0 0 1 1 1 0 0 0 0 0 1 0 1 1 0 1 0 1 0 1 0 0 0 0 0 0 0 0 0 0 0 0 0 0@@Triple%20Triad@@ Anime CC FF7 FF9 FFAC FFT FFX KingdomHearts Nintendo Sega Standard Suikoden2 XenoTrigger>> 0.3125s
PaKeLiKa>> CHALLENGECHATS i made table lol>> 0.09375s
Gilgamesh>> CHALLENGECHATS only for Chinchi apparently>> 0.09375s
Kadajiroth>> TABLEENDMATCH Gilgamesh>> 0.109375s
Gilgamesh>> TABLECLOSE>> 0.03125s
PaKeLiKa>> GAMEREADY>> 0.03125s
PaKeLiKa>> CHAT wrong one>> 0.234375s
PaKeLiKa>> CHAT lol>> 0.1875s
Gilgamesh>> CHAT Lol>> 0.203125s
PaKeLiKa>> TABLECLOSE>> 0.03125s
PaKeLiKa>> TABLECREATE>> 0.203125s
PaKeLiKa>> WEBSERVICE>> 0.03125s
Gilgamesh>> CHAT I gotta go anyways... Mom wants me to do... Work ;_;>> 0.21875s
PaKeLiKa>> CHANGERULE 0 1 0 1 0 0 0 1 1 1 0 0 0 0 0 1 0 1 1 0 1 0 1 0 1 0 0 0 0 0 0 0 0 0 0 0 0 0 0@@Triple%20Triad@@ Anime CC FF7 FF9 FFAC FFT FFX KingdomHearts Nintendo Sega Standard Suikoden2 XenoTrigger>> 0.1875s
Gilgamesh>> CHAT Someone save me ;_;>> 0.21875s
PaKeLiKa>> GAMEREADY>> 0.0625s
darklumina>> PING>> 0.03125s
PaKeLiKa>> CHAT play me kada XD>> 0.75s
mysticnickel>> PING>> 0.03125s
Gilgamesh>> PING>> 0.03125s
Kadajiroth>> PING>> 0.03125s
PaKeLiKa>> PING>> 0.03125s
>> QUIT 0 1>> 0.3125s
Kadajiroth>> TABLEJOIN 1>> 0.859375s
Kadajiroth>> GAMEREADY>> 0.75s
Kadajiroth>> TT_PLACEAT 5 4>> 0.25s
PaKeLiKa>> TT_PLACEAT 8 4>> 0.6875s
Kadajiroth>> TT_PLACEAT 7 0>> 0.5s
PaKeLiKa>> TT_PLACEAT 6 0>> 0.6875s
PaKeLiKa>> GAMECHAT Gilgamesh~@*~*tt seems to work fine :)>> 0.0625s
Kadajiroth>> TT_PLACEAT 2 1>> 0.625s
>> QUIT 0 1>> 0.28125s
PaKeLiKa>> TT_PLACEAT 1 1>> 0.609375s
Kadajiroth>> TT_PLACEAT 4 2>> 0.828125s
PaKeLiKa>> TT_PLACEAT 3 3>> 1.0625s
Kadajiroth>> TT_PLACEAT 0 3>> 3.8886413s
PaKeLiKa>> CHAT gg>> 0.203125s
Kadajiroth>> TT_TAKECARD 796368 Edea Panic Summon%20Hades Cidolfas%20Orlandu Metal%20Sonic>> 1.40625s
Kadajiroth>> CHAT Woo.>> 0.21875s
PaKeLiKa>> CHAT ouch lost edea>> 0.21875s
Kadajiroth>> CHAT Good game.>> 0.21875s
PaKeLiKa>> TABLECREATE CHINCHIN>> 0.21875s
PaKeLiKa>> CHANGERULE CHINCHIN 50>> 0.171875s
PaKeLiKa>> TABLECLOSE>> 0.078125s
PaKeLiKa>> TABLECREATE MEMORY>> 0.171875s
PaKeLiKa>> GAMEREADY>> 0.0625s
darklumina>> PING>> 0.03125s
PaKeLiKa>> PING>> 0.015625s
Kadajiroth>> PING>> 0.03125s
PaKeLiKa>> TABLECLOSE>> 0.09375s
PaKeLiKa>> WEBSERVICE>> 0.03125s
PaKeLiKa>> CARDPACK Materia%20Madness%20Pack>> 1.09375s
PaKeLiKa>> CARDPACK Materia%20Madness%20Pack>> 1.078125s
PaKeLiKa>> CARDPACK Carbuncles%20Mystery%20Pack>> 1.15625s
PaKeLiKa>> CARDPACK Carbuncles%20Mystery%20Pack>> 1.15625s
PaKeLiKa>> CARDPACK Carbuncles%20Mystery%20Pack>> 1.078125s
PaKeLiKa>> CARDPACK Carbuncles%20Mystery%20Pack>> 2.3125s
PaKeLiKa>> CARDPACK Carbuncles%20Mystery%20Pack>> 2.046875s
PaKeLiKa>> CARDPACK Carbuncles%20Mystery%20Pack>> 3.4375s
PaKeLiKa>> CARDPACK Pandoras%20Mystery%20Pack>> 1.359375s
PaKeLiKa>> CARDPACK Darkys%20Grab%20Bag>> 2.15625s
PaKeLiKa>> CARDPACK Darkys%20Grab%20Bag>> 1.390625s
PaKeLiKa>> CARDPACK Darkys%20Grab%20Bag>> 1.25s
PaKeLiKa>> CARDPACK Darkys%20Grab%20Bag>> 1.28125s
PaKeLiKa>> CARDPACK Darkys%20Grab%20Bag>> 1.296875s
PaKeLiKa>> CARDPACK Darkys%20Grab%20Bag>> 1.5s
PaKeLiKa>> CARDPACK Darkys%20Grab%20Bag>> 1.21875s
PaKeLiKa>> CARDPACK Darkys%20Grab%20Bag>> 1.25s
PaKeLiKa>> CARDPACK Darkys%20Grab%20Bag>> 1.234375s
PaKeLiKa>> CARDPACK Darkys%20Grab%20Bag>> 1.625s
PaKeLiKa>> CARDPACK Darkys%20Grab%20Bag>> 1.234375s
PaKeLiKa>> CARDPACK Darkys%20Grab%20Bag>> 1.328125s
PaKeLiKa>> CARDPACK Darkys%20Grab%20Bag>> 1.34375s
PaKeLiKa>> CARDPACK Darkys%20Grab%20Bag>> 1.328125s
PaKeLiKa>> CARDPACK Scouser%20Deluxe>> 1.125s
PaKeLiKa>> CARDPACK Scouser%20Deluxe>> 1.109375s
PaKeLiKa>> CARDPACK Cait%20Siths%20Fortune%20Pack>> 1.03125s
PaKeLiKa>> CARDPACK Cait%20Siths%20Fortune%20Pack>> 1.078125s
PaKeLiKa>> CARDPACK Cait%20Siths%20Fortune%20Pack>> 1.0625s
PaKeLiKa>> CARDPACK Cait%20Siths%20Fortune%20Pack>> 1.09375s
PaKeLiKa>> CARDPACK Avalanche%20Warriors%20Pack>> 1.0625s
PaKeLiKa>> CARDPACK Avalanche%20Warriors%20Pack>> 1.203125s
PaKeLiKa>> CARDPACK KH%20Trial%20Deck>> 1.046875s
PaKeLiKa>> CARDPACK KH%20Trial%20Deck>> 1.125s
PaKeLiKa>> CARDPACK KH%20Trial%20Deck>> 1.046875s
PaKeLiKa>> CARDPACK KH%20Trial%20Deck>> 1.3125s
PaKeLiKa>> CARDPACK KH%20Trial%20Deck>> 1.015625s
PaKeLiKa>> CARDPACK KH%20Trial%20Deck>> 1.078125s
PaKeLiKa>> CARDPACK KH%20Trial%20Deck>> 1.0625s
PaKeLiKa>> CARDPACK KH%20Trial%20Deck>> 1.4375s
PaKeLiKa>> CARDPACK KH%20Trial%20Deck>> 1.15625s
PaKeLiKa>> CARDPACK KH%20Trial%20Deck>> 1.140625s
PaKeLiKa>> CARDPACK KH%20Trial%20Deck>> 1.015625s
PaKeLiKa>> CARDPACK Scouser%20Deluxe>> 1.09375s
PaKeLiKa>> CARDPACK Scouser%20Deluxe>> 1.328125s
PaKeLiKa>> CARDPACK Scouser%20Deluxe>> 1.296875s
PaKeLiKa>> CARDPACK Scouser%20Deluxe>> 1.25s
PaKeLiKa>> CARDPACK Scouser%20Deluxe>> 1.140625s
>> QUIT 95 1>> 0.34375s
PaKeLiKa>> CARDPACK Scouser%20Deluxe>> 1.609375s
PaKeLiKa>> CARDPACK Scouser%20Deluxe>> 1.078125s
darklumina>> CHAT alright, thats all for today>> 0.40625s
PaKeLiKa>> CARDPACK Scouser%20Deluxe>> 1.0625s
PaKeLiKa>> CARDPACK Scouser%20Deluxe>> 1.15625s
PaKeLiKa>> CARDPACK Scouser%20Deluxe>> 1.125s
PaKeLiKa>> CARDPACK Scouser%20Deluxe>> 1.171875s
PaKeLiKa>> CARDPACK Scouser%20Deluxe>> 1.0625s
PaKeLiKa>> CARDPACK Scouser%20Deluxe>> 1.265625s
PaKeLiKa>> CARDPACK Scouser%20Deluxe>> 1.09375s
PaKeLiKa>> CARDPACK Scouser%20Deluxe>> 1.0625s
PaKeLiKa>> CARDPACK Scouser%20Deluxe>> 1.109375s
darklumina>> PING>> 0.03125s
PaKeLiKa>> PING>> 0.03125s
PaKeLiKa>> CARDPACK Scouser%20Deluxe>> 1.125s
PaKeLiKa>> CARDPACK Scouser%20Deluxe>> 1.09375s
PaKeLiKa>> CARDPACK Scouser%20Deluxe>> 1.125s
PaKeLiKa>> CARDPACK Scouser%20Deluxe>> 1.234375s
>> QUIT 97 1>> 0.453125s
PaKeLiKa>> CARDPACK Tantalus%20Bounty%20Pack>> 1.609375s
PaKeLiKa>> CARDPACK Tantalus%20Bounty%20Pack>> 1.140625s
>> VERSION 2.0.0>> 0.0625s
sundragon>> LOADGAME sundragon qwerty>> 0.890625s
sundragon>> TABLEQUERY 1>> 0.046875s
sundragon>> EXTRACHECK>> 0.015625s
>> VERSION 2.0.0>> 0.03125s
PaKeLiKa>> LOADGAME PaKeLiKa tifa17>> 0.484375s
PaKeLiKa>> TABLEQUERY 1>> 0.03125s
PaKeLiKa>> EXTRACHECK>> 0.03125s
PaKeLiKa>> WEBSERVICE>> 0.03125s
sundragon>> CHAT hi>> 1.515625s
sundragon>> WEBSERVICE>> 0.03125s
sundragon>> WEBSERVICE>> 0.03125s
>> VERSION 2.0.0>> 0.0625s
Gilgamesh>> LOADGAME Gilgamesh 741147>> 0.65625s
Gilgamesh>> TABLEQUERY 1>> 0.21875s
Gilgamesh>> EXTRACHECK>> 0.078125s
Gilgamesh>> WEBSERVICE>> 0.046875s
sundragon>> WEBSERVICE>> 0.03125s
sundragon>> WEBSERVICE>> 0.03125s
Gilgamesh>> WEBSERVICE>> 0.015625s
sundragon>> WEBSERVICE>> 0.03125s
Gilgamesh>> WEBSERVICE>> 0.140625s
sundragon>> WEBSERVICE>> 0.046875s
PaKeLiKa>> WEBSERVICE>> 0.046875s
sundragon>> WEBSERVICE>> 0.03125s
PaKeLiKa>> WEBSERVICE>> 0.046875s
sundragon>> WEBSERVICE>> 0.03125s
sundragon>> WEBSERVICE>> 0.015625s
sundragon>> WEBSERVICE>> 0.03125s
sundragon>> WEBSERVICE>> 0.03125s
sundragon>> WEBSERVICE>> 0.03125s
sundragon>> WEBSERVICE>> 0.09375s
sundragon>> WEBSERVICE>> 0.03125s
sundragon>> WEBSERVICE>> 0.03125s
sundragon>> WEBSERVICE>> 0.03125s
sundragon>> WEBSERVICE>> 0.03125s
sundragon>> WEBSERVICE>> 0.03125s
sundragon>> WEBSERVICE>> 0.015625s
Gilgamesh>> CARDPACK Miyamoto%20Pack>> 3.5s
Gilgamesh>> CARDPACK Miyamoto%20Pack>> 2.328125s
sundragon>> CHAT where can I buy the packs?>> 0.40625s
sundragon>> WEBSERVICE>> 0.03125s
PaKeLiKa>> WEBSERVICE>> 0.015625s
PaKeLiKa>> SHOPGET PaKeLiKa>> 0.03125s
sundragon>> WEBSERVICE>> 0.03125s
sundragon>> WEBSERVICE>> 0.03125s
Gilgamesh>> CARDPACK FF%20Forever>> 1.3125s
sundragon>> WEBSERVICE>> 0.03125s
PaKeLiKa>> WEBSERVICE>> 0.015625s
PaKeLiKa>> WEBSERVICE>> 0.03125s
PaKeLiKa>> WEBSERVICE>> 0.078125s
sundragon>> WEBSERVICE>> 0.03125s
Gilgamesh>> CARDPACK FF%20Forever>> 1.34375s
Gilgamesh>> CARDPACK Pilgrimage%20Pack>> 1.234375s
Gilgamesh>> CARDPACK Pilgrimage%20Pack>> 1.703125s
Gilgamesh>> CARDPACK Avalanche%20Warriors%20Pack>> 1.21875s
Gilgamesh>> CARDPACK Cait%20Siths%20Fortune%20Pack>> 1.28125s
Gilgamesh>> CARDPACK Cait%20Siths%20Fortune%20Pack>> 1.59375s
Gilgamesh>> CARDPACK Cait%20Siths%20Fortune%20Pack>> 1.265625s
Gilgamesh>> CARDPACK Cait%20Siths%20Fortune%20Pack>> 1.25s
Gilgamesh>> CARDPACK Cait%20Siths%20Fortune%20Pack>> 5.015625s
Gilgamesh>> CARDPACK Darkys%20Grab%20Bag>> 1.625s
sundragon>> CARDPACK Heartless%20Pack>> 1.25s
sundragon>> PING>> 0.03125s
PaKeLiKa>> PING>> 0.03125s
Gilgamesh>> PING>> 0.03125s
Gilgamesh>> CARDPACK Pilgrimage%20Pack>> 1.21875s
sundragon>> CHAT yay>> 0.21875s
PaKeLiKa>> WEBSERVICE>> 0.03125s
PaKeLiKa>> WEBSERVICE>> 0.03125s
PaKeLiKa>> ALTERNATESET 70>> 0.296875s
PaKeLiKa>> WEBSERVICE>> 0.03125s
PaKeLiKa>> WEBSERVICE>> 0.03125s
PaKeLiKa>> ALTERNATESET 70>> 0.171875s
Gilgamesh>> CARDPACK Luccas%20Time%20Traveller%20Pack>> 1.21875s
sundragon>> CHAT sweet cards XD>> 0.203125s
Gilgamesh>> CARDPACK Luccas%20Time%20Traveller%20Pack>> 1.28125s
PaKeLiKa>> WEBSERVICE>> 0.03125s
Gilgamesh>> CARDPACK Luccas%20Time%20Traveller%20Pack>> 1.28125s
Gilgamesh>> CARDPACK Luccas%20Time%20Traveller%20Pack>> 1.3125s
PaKeLiKa>> WEBSERVICE>> 0.03125s
Gilgamesh>> CARDPACK Luccas%20Time%20Traveller%20Pack>> 1.375s
Gilgamesh>> CARDPACK Luccas%20Time%20Traveller%20Pack>> 1.25s
Gilgamesh>> CARDPACK Luccas%20Time%20Traveller%20Pack>> 1.671875s
PaKeLiKa>> WEBSERVICE>> 0.03125s
sundragon>> WEBSERVICE>> 0.015625s
Gilgamesh>> CARDPACK Luccas%20Time%20Traveller%20Pack>> 1.40625s
PaKeLiKa>> WEBSERVICE>> 0.03125s
PaKeLiKa>> WEBSERVICE>> 0.03125s
PaKeLiKa>> WEBSERVICE>> 0.03125s
PaKeLiKa>> WEBSERVICE>> 0.03125s
sundragon>> WEBSERVICE>> 0.046875s
sundragon>> WEBSERVICE>> 0.046875s
sundragon>> WEBSERVICE>> 0.046875s
sundragon>> WEBSERVICE>> 0.046875s
sundragon>> WEBSERVICE>> 0.03125s
sundragon>> WEBSERVICE>> 0.046875s
sundragon>> WEBSERVICE>> 0.046875s
sundragon>> WEBSERVICE>> 0.03125s
sundragon>> WEBSERVICE>> 0.015625s
sundragon>> WEBSERVICE>> 0.03125s
sundragon>> WEBSERVICE>> 0.03125s
PaKeLiKa>> WEBSERVICE>> 0.03125s
sundragon>> WEBSERVICE>> 0.015625s
PaKeLiKa>> WEBSERVICE>> 0.03125s
sundragon>> WEBSERVICE>> 0.046875s
PaKeLiKa>> WEBSERVICE>> 0.03125s
PaKeLiKa>> WEBSERVICE>> 0.046875s
Gilgamesh>> CARDPACK Luccas%20Time%20Traveller%20Pack>> 1.21875s
Gilgamesh>> CARDPACK Luccas%20Time%20Traveller%20Pack>> 1.234375s
Gilgamesh>> CARDPACK Luccas%20Time%20Traveller%20Pack>> 1.515625s
Gilgamesh>> CARDPACK Luccas%20Time%20Traveller%20Pack>> 1.234375s
Gilgamesh>> CARDPACK Luccas%20Time%20Traveller%20Pack>> 1.203125s
Gilgamesh>> CARDPACK Luccas%20Time%20Traveller%20Pack>> 1.203125s
Gilgamesh>> CARDPACK Kid%20and%20Serge%20Pack>> 1.828125s
Gilgamesh>> CARDPACK Kid%20and%20Serge%20Pack>> 1.359375s
Gilgamesh>> CARDPACK Kid%20and%20Serge%20Pack>> 1.28125s
Gilgamesh>> CARDPACK Kid%20and%20Serge%20Pack>> 1.328125s
Gilgamesh>> CARDPACK Kid%20and%20Serge%20Pack>> 1.625s
Gilgamesh>> CARDPACK Kid%20and%20Serge%20Pack>> 1.203125s
>> VERSION 2.0.0>> 0.046875s
Kadajiroth>> LOADGAME Kadajiroth d4qfkxva9>> 1.1875s
Kadajiroth>> TABLEQUERY 1>> 0.046875s
Gilgamesh>> CARDPACK Kid%20and%20Serge%20Pack>> 5.484375s
Kadajiroth>> EXTRACHECK>> 0.046875s
Kadajiroth>> CHAT Pwn't.>> 0.46875s
Kadajiroth>> WEBSERVICE>> 0.015625s
Gilgamesh>> CHAT I broke mah wallet>> 0.3125s
Gilgamesh>> CHAT =D>> 0.28125s
Kadajiroth>> CHAT Holy freakin' moly.>> 0.25s
Kadajiroth>> CHAT That's a lot of card packs.>> 0.25s
PaKeLiKa>> WEBSERVICE>> 0.03125s
Gilgamesh>> CHAT =X>> 0.296875s
sundragon>> CHAT can't see my stats>> 0.296875s
PaKeLiKa>> WEBSERVICE>> 0.03125s
Gilgamesh>> CHAT Only got 36k left >_>>> 0.515625s
PaKeLiKa>> WEBSERVICE>> 0.03125s
PaKeLiKa>> WEBSERVICE>> 0.03125s
Kadajiroth>> ADMINLOGIN 74837826>> 0.265625s
PaKeLiKa>> CHAT lol i spent 250k : \>> 0.484375s
sundragon>> WEBSERVICE>> 0.03125s
Gilgamesh>> CHAT about what I spent>> 0.203125s
Gilgamesh>> CHAT all I had>> 0.21875s
Gilgamesh>> CHAT xP>> 0.390625s
sundragon>> CARDPACK KH%20Trial%20Deck>> 2.296875s
PaKeLiKa>> WEBSERVICE>> 0.03125s
Gilgamesh>> PSTATS Gilgamesh>> 0.015625s
PaKeLiKa>> WEBSERVICE>> 0.03125s
PaKeLiKa>> WEBSERVICE>> 0.046875s
Kadajiroth>> WEBSERVICE>> 0.03125s
sundragon>> PING>> 0.015625s
PaKeLiKa>> PING>> 0.03125s
Gilgamesh>> PING>> 0.03125s
Kadajiroth>> PING>> 0.03125s
sundragon>> WEBSERVICE>> 0.015625s
Gilgamesh>> WEBSERVICE>> 0.03125s
sundragon>> CHAT now I see my stats..I'm so dumb>> 0.21875s
PaKeLiKa>> WEBSERVICE>> 0.03125s
sundragon>> WEBSERVICE>> 0.03125s
sundragon>> WEBSERVICE>> 0.03125s
sundragon>> WEBSERVICE>> 0.03125s
PaKeLiKa>> WEBSERVICE>> 0.015625s
sundragon>> WEBSERVICE>> 0.03125s
Gilgamesh>> WEBSERVICE>> 0.015625s
Gilgamesh>> WEBSERVICE>> 0.09375s
sundragon>> WEBSERVICE>> 0.03125s
Gilgamesh>> WEBSERVICE>> 0.046875s
Gilgamesh>> WEBSERVICE>> 0.03125s
Gilgamesh>> WEBSERVICE>> 0.03125s
sundragon>> WEBSERVICE>> 0.140625s
Gilgamesh>> WEBSERVICE>> 0.015625s
sundragon>> WEBSERVICE>> 0.03125s
sundragon>> WEBSERVICE>> 0.046875s
sundragon>> WEBSERVICE>> 0.09375s
PaKeLiKa>> WEBSERVICE>> 0.046875s
sundragon>> WEBSERVICE>> 0.046875s
Gilgamesh>> WEBSERVICE>> 0.03125s
Gilgamesh>> WEBSERVICE>> 0.03125s
Gilgamesh>> WEBSERVICE>> 0.03125s
sundragon>> WEBSERVICE>> 0.03125s
PaKeLiKa>> WEBSERVICE>> 0.046875s
sundragon>> WEBSERVICE>> 0.03125s
sundragon>> WEBSERVICE>> 0.03125s
PaKeLiKa>> WEBSERVICE>> 0.03125s
PaKeLiKa>> WEBSERVICE>> 0.046875s
sundragon>> WEBSERVICE>> 0.046875s
sundragon>> WEBSERVICE>> 0.03125s
sundragon>> WEBSERVICE>> 0.03125s
PaKeLiKa>> AUCTIONBID 1 74>> 0.5625s
sundragon>> WEBSERVICE>> 0.046875s
Gilgamesh>> WEBSERVICE>> 0.046875s
sundragon>> WEBSERVICE>> 0.03125s
Gilgamesh>> WEBSERVICE>> 0.03125s
Gilgamesh>> WEBSERVICE>> 0.03125s
sundragon>> WEBSERVICE>> 0.046875s
PaKeLiKa>> WEBSERVICE>> 0.03125s
PaKeLiKa>> WEBSERVICE>> 0.03125s
PaKeLiKa>> AUCTIONBID 2 74>> 0.25s
sundragon>> WEBSERVICE>> 0.03125s
sundragon>> WEBSERVICE>> 0.03125s
sundragon>> WEBSERVICE>> 0.03125s
PaKeLiKa>> WEBSERVICE>> 0.015625s
PaKeLiKa>> WEBSERVICE>> 0.046875s
sundragon>> WEBSERVICE>> 0.03125s
sundragon>> WEBSERVICE>> 0.03125s
sundragon>> WEBSERVICE>> 0.03125s
sundragon>> WEBSERVICE>> 0.03125s
PaKeLiKa>> AUCTIONBID 4 555>> 0.484375s
sundragon>> WEBSERVICE>> 0.03125s
sundragon>> WEBSERVICE>> 0.03125s
sundragon>> WEBSERVICE>> 0.03125s
sundragon>> WEBSERVICE>> 0.03125s
PaKeLiKa>> WEBSERVICE>> 0.015625s
PaKeLiKa>> WEBSERVICE>> 0.03125s
Gilgamesh>> PSTATS Gilgamesh>> 0.03125s
sundragon>> WEBSERVICE>> 0.03125s
sundragon>> WEBSERVICE>> 0.09375s
Gilgamesh>> CHAT Can't be as dumb as me tho>> 1.109375s
PaKeLiKa>> WEBSERVICE>> 0.0625s
PaKeLiKa>> WEBSERVICE>> 0.03125s
Gilgamesh>> WEBSERVICE>> 0.03125s
PaKeLiKa>> WEBSERVICE>> 0.03125s
sundragon>> CHAT want moooore>> 0.359375s
PaKeLiKa>> AUCTIONADD Sonic 1 1>> 0.84375s
sundragon>> WEBSERVICE>> 0.03125s
PaKeLiKa>> WEBSERVICE>> 0.03125s
Gilgamesh>> WEBSERVICE>> 0.03125s
Gilgamesh>> WEBSERVICE>> 0.03125s
Gilgamesh>> WEBSERVICE>> 0.03125s
sundragon>> WEBSERVICE>> 0.03125s
sundragon>> WEBSERVICE>> 0.03125s
sundragon>> WEBSERVICE>> 0.03125s
Kadajiroth>> WEBSERVICE>> 0.03125s
Gilgamesh>> AUCTIONBID 6 5>> 0.34375s
sundragon>> AUCTIONBID 6 2>> 0.40625s
Kadajiroth>> WEBSERVICE>> 0.03125s
Gilgamesh>> CHAT Aw>> 0.21875s
Gilgamesh>> WEBSERVICE>> 0.0625s
Kadajiroth>> WEBSERVICE>> 0.03125s
PaKeLiKa>> WEBSERVICE>> 0.046875s
Gilgamesh>> WEBSERVICE>> 0.03125s
PaKeLiKa>> WEBSERVICE>> 0.03125s
Kadajiroth>> AUCTIONBID 6 3000>> 0.46875s
sundragon>> CHAT did you see the problem?>> 0.234375s
sundragon>> CHAT <Problem> This auction has expired 09:00:20>> 0.203125s
sundragon>> WEBSERVICE>> 0.03125s
sundragon>> WEBSERVICE>> 0.03125s
sundragon>> WEBSERVICE>> 0.03125s
Gilgamesh>> CHAT Auctions don't work if I remember...>> 0.21875s
PaKeLiKa>> CHAT lol>> 0.21875s
sundragon>> CHAT oh oki>> 0.234375s
PaKeLiKa>> CHAT cant bid on mine?>> 0.796875s
Gilgamesh>> CHAT Nope>> 0.421875s
sundragon>> CHAT cant>> 0.453125s
Gilgamesh>> CHAT says it's expired>> 0.453125s
sundragon>> CHAT yepp>> 0.5625s
sundragon>> WEBSERVICE>> 0.03125s
Gilgamesh>> WEBSERVICE>> 0.03125s
Gilgamesh>> WEBSERVICE>> 0.03125s
Kadajiroth>> WEBSERVICE>> 0.03125s
Kadajiroth>> WEBSERVICE>> 0.03125s
Kadajiroth>> WEBSERVICE>> 0.03125s
sundragon>> CARDPACK Machina%20Pack>> 1.390625s
sundragon>> CHAT noooo. not a bahamut yet >>>> 0.203125s
Gilgamesh>> CHAT /auction Barret>> 0.21875s
Gilgamesh>> CHAT =o>> 0.203125s
Gilgamesh>> CHAT That still works tho ;)>> 0.203125s
Gilgamesh>> WEBSERVICE>> 0.03125s
sundragon>> CHAT XD>> 0.234375s
Gilgamesh>> CHAT Of course I think Trades are also fubared atm xD>> 0.21875s
PaKeLiKa>> CHAT trades dont work>> 0.5625s
sundragon>> PING>> 0.03125s
PaKeLiKa>> PING>> 0.03125s
Gilgamesh>> PING>> 0.03125s
Kadajiroth>> PING>> 0.03125s
sundragon>> CARDPACK KH%20Trial%20Deck>> 1.296875s
Gilgamesh>> CHAT Neither does Chinchi ;_;>> 0.234375s
sundragon>> CARDPACK KH%20Trial%20Deck>> 1.484375s
sundragon>> TABLECREATE MEMORY>> 0.21875s
sundragon>> CHAT but memory works>> 0.203125s
Gilgamesh>> TABLEJOIN 1>> 0.90625s
sundragon>> GAMEREADY>> 0.109375s
Gilgamesh>> CHALLENGECHATS I r lose>> 0.109375s
Gilgamesh>> GAMEREADY>> 0.609375s
sundragon>> MEMORYSLOT 0 1>> 0.234375s
sundragon>> MEMORYSLOT 12 2>> 0.40625s
Gilgamesh>> MEMORYSLOT 2 1>> 0.21875s
Gilgamesh>> MEMORYSLOT 9 2>> 0.296875s
sundragon>> MEMORYSLOT 6 1>> 0.15625s
sundragon>> MEMORYSLOT 18 2>> 0.34375s
Gilgamesh>> MEMORYSLOT 20 1>> 0.171875s
Gilgamesh>> MEMORYSLOT 21 2>> 0.328125s
sundragon>> MEMORYSLOT 21 1>> 0.1875s
sundragon>> MEMORYSLOT 9 2>> 0.5625s
sundragon>> MEMORYSLOT 1 1>> 0.171875s
sundragon>> MEMORYSLOT 7 2>> 0.328125s
Gilgamesh>> MEMORYSLOT 0 1>> 0.1875s
Gilgamesh>> MEMORYSLOT 7 2>> 0.546875s
Gilgamesh>> MEMORYSLOT 16 1>> 0.171875s
Gilgamesh>> MEMORYSLOT 11 2>> 0.359375s
sundragon>> MEMORYSLOT 20 1>> 0.171875s
sundragon>> MEMORYSLOT 11 2>> 0.546875s
sundragon>> MEMORYSLOT 13 1>> 0.15625s
sundragon>> MEMORYSLOT 22 2>> 0.3125s
Gilgamesh>> MEMORYSLOT 13 1>> 0.171875s
Gilgamesh>> MEMORYSLOT 3 2>> 0.34375s
sundragon>> MEMORYSLOT 2 1>> 0.1875s
sundragon>> MEMORYSLOT 13 2>> 0.578125s
sundragon>> MEMORYSLOT 5 1>> 0.15625s
sundragon>> MEMORYSLOT 3 2>> 0.5625s
sundragon>> MEMORYSLOT 4 1>> 0.171875s
sundragon>> MEMORYSLOT 18 2>> 0.5625s
sundragon>> MEMORYSLOT 16 1>> 0.15625s
sundragon>> MEMORYSLOT 17 2>> 0.546875s
sundragon>> MEMORYSLOT 23 1>> 0.140625s
sundragon>> MEMORYSLOT 22 2>> 0.53125s
sundragon>> MEMORYSLOT 10 1>> 0.15625s
Kadajiroth>> CHAT /me is away.  Reason: Idle>> 0.453125s
Kadajiroth>> AWAY 1>> 0.03125s
sundragon>> MEMORYSLOT 6 2>> 0.546875s
sundragon>> MEMORYSLOT 15 1>> 0.1875s
sundragon>> MEMORYSLOT 8 2>> 0.3125s
Gilgamesh>> MEMORYSLOT 14 1>> 0.171875s
Gilgamesh>> MEMORYSLOT 15 2>> 0.578125s
Gilgamesh>> MEMORYSLOT 19 1>> 0.15625s
Gilgamesh>> MEMORYSLOT 1 2>> 0.546875s
Gilgamesh>> MEMORYSLOT 8 1>> 0.1875s
Gilgamesh>> MEMORYSLOT 12 2>> 2.03125s
sundragon>> CHAT gg>> 0.3125s
Gilgamesh>> TABLECREATE CHINCHIN>> 0.203125s
Kadajiroth>> CHAT /me is back.>> 0.21875s
Kadajiroth>> AWAY 0>> 0.03125s
>> QUIT 0 1>> 0.3125s
Gilgamesh>> TABLECLOSE>> 0.09375s
>> QUIT 0 1>> 0.296875s
>> VERSION 2.0.0>> 0.03125s
Gilgamesh>> LOADGAME Gilgamesh 741147>> 0.375s
Gilgamesh>> TABLEQUERY 1>> 0.015625s
Gilgamesh>> EXTRACHECK>> 0.09375s
Gilgamesh>> TABLECREATE CHINCHIN>> 0.21875s
>> VERSION 2.0.0>> 0.046875s
SunDragon>> LOADGAME SunDragon qwerty>> 0.390625s
SunDragon>> TABLEQUERY 1>> 0.03125s
SunDragon>> EXTRACHECK>> 0.03125s
SunDragon>> CHAT back>> 0.1875s
Gilgamesh>> GAMEREADY>> 0.171875s
SunDragon>> TABLEJOIN 1>> 0.890625s
Gilgamesh>> CHALLENGECHATS Button not working still >_<>> 0.09375s
Gilgamesh>> CHALLENGECHATS and no update>> 0.125s
SunDragon>> CHALLENGECHATS I see>> 0.09375s
Gilgamesh>> PING>> 0.03125s
SunDragon>> PING>> 0.03125s
Kadajiroth>> PING>> 0.03125s
PaKeLiKa>> PING>> 0.03125s
SunDragon>> CHALLENGECHATS I had an update>> 0.09375s
SunDragon>> CHALLENGECHATS and clicked on change rules but doesn't work>> 0.125s
Gilgamesh>> CHALLENGECHATS I did first time I ran it and updated it>> 0.09375s
Gilgamesh>> CHALLENGECHATS same>> 0.09375s
Kadajiroth>> WEBSERVICE>> 0.03125s
Kadajiroth>> CARDPACK KH%20Trial%20Deck>> 1.421875s
SunDragon>> CHALLENGECHATS is this a bug report then?>> 0.203125s
Kadajiroth>> CARDPACK KH%20Trial%20Deck>> 1.140625s
Kadajiroth>> CARDPACK KH%20Trial%20Deck>> 1.3125s
SunDragon>> TABLECLOSE>> 0.078125s
SunDragon>> CHAT re-open the table, gilga>> 0.203125s
Gilgamesh>> TABLECLOSE>> 0.109375s
Gilgamesh>> CHAT kk>> 0.25s
Gilgamesh>> TABLECREATE CHINCHIN>> 0.234375s
SunDragon>> TABLEJOIN 1>> 0.84375s
PaKeLiKa>> TABLEJOIN 1>> 0.265625s
PaKeLiKa>> TABLECREATE>> 0.234375s
PaKeLiKa>> WEBSERVICE>> 0.03125s
Gilgamesh>> CHALLENGECHATS Evil Button!!!!>> 0.125s
Gilgamesh>> CHALLENGECHATS ;_;>> 0.09375s
SunDragon>> CHALLENGECHATS XD>> 0.09375s
Gilgamesh>> CHALLENGECHATS I wanna play Chinchi ;_;>> 0.09375s
PaKeLiKa>> CHANGERULE 0 0 0 1 0 0 0 0 0 0 0 0 0 0 0 0 0 0 0 0 0 0 0 0 0 0 0 0 0 0 0 0 0 0 0 0 1 0 0@@Triple%20Triad@@ Anime CC FF7 FF9 FFAC FFT FFX KingdomHearts Nintendo Sega Standard Suikoden2 XenoTrigger>> 0.21875s
SunDragon>> CHALLENGECHATS let's end this. doesn't mke sense>> 0.140625s
Gilgamesh>> CHALLENGECHATS Yea>> 0.09375s
SunDragon>> TABLECLOSE>> 0.09375s
Gilgamesh>> TABLECLOSE>> 0.09375s
SunDragon>> TABLEJOIN 2>> 0.9375s
SunDragon>> CHALLENGECHATS trade all?>> 0.09375s
SunDragon>> TABLECLOSE>> 0.09375s
SunDragon>> TABLECREATE2 OMNITT_RANDOM 5>> 0.15625s
PaKeLiKa>> CHALLENGECHATS why not lol>> 0.0625s
SunDragon>> CHANGERULE OTT OMNITT_PLAYER 7>> 0.203125s
SunDragon>> GAMEREADY>> 0.09375s
PaKeLiKa>> CHAT lol sundragon afraid of all?>> 0.21875s
SunDragon>> CHAT yes>> 0.21875s
PaKeLiKa>> CHAT dont worry you wont actually lose anything really>> 0.203125s
Gilgamesh>> CHAT OTT Is broken Sunny XD>> 0.21875s
SunDragon>> TABLECLOSE>> 1.828125s
PaKeLiKa>> CHAT ya ott is broken>> 0.203125s
SunDragon>> CHAT T _ T>> 0.265625s
Gilgamesh>> CHAT Arrow goes straight back to person who played>> 0.203125s
SunDragon>> TABLEJOIN 2>> 0.921875s
Gilgamesh>> CHAT =(>> 0.28125s
SunDragon>> GAMEREADY>> 0.109375s
PaKeLiKa>> CHALLENGECHATS cuz it'll reset>> 0.171875s
SunDragon>> CHAT so I play you pake>> 0.25s
PaKeLiKa>> CHALLENGECHATS this is just beta>> 0.109375s
PaKeLiKa>> CHALLENGECHATS i have my cards from like 5 months ago lol>> 0.109375s
Gilgamesh>> CHAT In which case I declare hacks on myself for those 2 games with Pake>> 0.234375s
PaKeLiKa>> GAMEREADY>> 1.109375s
SunDragon>> WEBSERVICE>> 0.03125s
PaKeLiKa>> WEBSERVICE>> 0.03125s
PaKeLiKa>> WEBSERVICE>> 0.0625s
Gilgamesh>> PING>> 0.03125s
SunDragon>> TT_MYCARD Dancer Guardian Marluxia Pence Pumbaa>> 0.328125s
SunDragon>> PING>> 0.03125s
PaKeLiKa>> PING>> 0.03125s
Kadajiroth>> PING>> 0.03125s
SunDragon>> CHAT o,O>> 0.234375s
PaKeLiKa>> TT_MYCARD Shadow NIGHTS Knuckles Ryo%20Hazuki Shinobi>> 0.34375s
PaKeLiKa>> TT_PLACEAT 0 0>> 0.4375s
PaKeLiKa>> GAMECHAT ~@*~*multiply XD>> 0.0625s
SunDragon>> TT_PLACEAT 3 1>> 0.34375s
PaKeLiKa>> TT_PLACEAT 7 1>> 0.28125s
PaKeLiKa>> CHAT lol>> 0.578125s
Gilgamesh>> CHAT Did you break TT?!>> 0.34375s
SunDragon>> TT_PLACEAT 6 0>> 1.25s
PaKeLiKa>> TT_PLACEAT 4 2>> 0.578125s
SunDragon>> GAMECHAT ~@*~*lol>> 0.078125s
PaKeLiKa>> GAMECHAT ~@*~*you>> 0.0625s
SunDragon>> GAMECHAT ~@*~*now it#s missing>> 0.0625s
PaKeLiKa>> GAMECHAT ~@*~*you get a missing file?>> 0.0625s
SunDragon>> TT_PLACEAT 8 3>> 0.328125s
PaKeLiKa>> TT_PLACEAT 5 4>> 0.3125s
SunDragon>> TT_PLACEAT 1 2>> 0.40625s
PaKeLiKa>> TT_PLACEAT 2 3>> 2.811s
SunDragon>> TT_TAKECARD 796370 Shadow NIGHTS Knuckles Ryo%20Hazuki Shinobi>> 1.75s
SunDragon>> CHAT hehehe>> 0.609375s
PaKeLiKa>> CHAT gg>> 0.21875s
SunDragon>> CHAT gg>> 0.28125s
Gilgamesh>> CHAT Sunny beat Pake :o>> 0.21875s
SunDragon>> CHAT I still wonder how XD>> 0.296875s
PaKeLiKa>> PSTATS Kadajiroth>> 0.046875s
Kadajiroth>> WEBSERVICE>> 0.03125s
Kadajiroth>> CARDPACK Carbuncles%20Mystery%20Pack>> 1.140625s
Kadajiroth>> CARDPACK Carbuncles%20Mystery%20Pack>> 1.28125s
Kadajiroth>> CARDPACK Carbuncles%20Mystery%20Pack>> 1.3125s
Kadajiroth>> CARDPACK Carbuncles%20Mystery%20Pack>> 1.234375s
Kadajiroth>> CARDPACK Carbuncles%20Mystery%20Pack>> 1.21875s
Kadajiroth>> CARDPACK Carbuncles%20Mystery%20Pack>> 1.234375s
Kadajiroth>> CARDPACK Carbuncles%20Mystery%20Pack>> 1.4375s
Kadajiroth>> CARDPACK Carbuncles%20Mystery%20Pack>> 1.1875s
PaKeLiKa>> PING>> 0.015625s
SunDragon>> PING>> 0.015625s
Gilgamesh>> PING>> 0.03125s
Kadajiroth>> >> 0s
Kadajiroth>> PING>> 3.109375s
Kadajiroth>> CARDPACK Carbuncles%20Mystery%20Pack>> 1.1875s
Kadajiroth>> CARDPACK Carbuncles%20Mystery%20Pack>> 1.40625s
Kadajiroth>> CARDPACK Carbuncles%20Mystery%20Pack>> 1.203125s
PaKeLiKa>> TABLECREATE3>> 0.3125s
Kadajiroth>> CARDPACK Carbuncles%20Mystery%20Pack>> 2.234375s
PaKeLiKa>> GAMEREADY>> 0.0625s
Kadajiroth>> CARDPACK Carbuncles%20Mystery%20Pack>> 1.265625s
Kadajiroth>> CARDPACK Carbuncles%20Mystery%20Pack>> 1.453125s
Kadajiroth>> CARDPACK Carbuncles%20Mystery%20Pack>> 1.21875s
Kadajiroth>> CARDPACK Carbuncles%20Mystery%20Pack>> 1.34375s
Kadajiroth>> CARDPACK Carbuncles%20Mystery%20Pack>> 1.21875s
PaKeLiKa>> CHAT anyone wanna wh>> 0.34375s
Kadajiroth>> CARDPACK Carbuncles%20Mystery%20Pack>> 1.25s
Kadajiroth>> CARDPACK Carbuncles%20Mystery%20Pack>> 1.46875s
Kadajiroth>> CARDPACK Carbuncles%20Mystery%20Pack>> 1.84375s
PaKeLiKa>> CHAT anyone wanna whoop me at chin>> 0.265625s
Kadajiroth>> CARDPACK Carbuncles%20Mystery%20Pack>> 1.453125s
Kadajiroth>> CARDPACK Carbuncles%20Mystery%20Pack>> 1.140625s
Kadajiroth>> CARDPACK Carbuncles%20Mystery%20Pack>> 1.171875s
PaKeLiKa>> CHAT i didn't push enter there i didnt' think :P>> 0.25s
Kadajiroth>> CARDPACK Carbuncles%20Mystery%20Pack>> 1.203125s
Kadajiroth>> CARDPACK Carbuncles%20Mystery%20Pack>> 1.484375s
Kadajiroth>> CARDPACK Carbuncles%20Mystery%20Pack>> 1.25s
Kadajiroth>> CARDPACK Carbuncles%20Mystery%20Pack>> 1.15625s
Kadajiroth>> CARDPACK Carbuncles%20Mystery%20Pack>> 1.15625s
SunDragon>> TABLEJOIN 1>> 1.75s
SunDragon>> GAMEREADY>> 0.703125s
Kadajiroth>> CARDPACK Carbuncles%20Mystery%20Pack>> 6.234375s
Kadajiroth>> CARDPACK Besaid%20Aurochs%20Pack>> 1.25s
SunDragon>> SBREADY>> 0.046875s
Kadajiroth>> CARDPACK Besaid%20Aurochs%20Pack>> 1.328125s
Kadajiroth>> CARDPACK Besaid%20Aurochs%20Pack>> 1.453125s
Kadajiroth>> CARDPACK Besaid%20Aurochs%20Pack>> 1.234375s
Kadajiroth>> CARDPACK Besaid%20Aurochs%20Pack>> 1.078125s
Kadajiroth>> CARDPACK Besaid%20Aurochs%20Pack>> 1.53125s
Kadajiroth>> CARDPACK Besaid%20Aurochs%20Pack>> 1.5625s
Kadajiroth>> CARDPACK Besaid%20Aurochs%20Pack>> 1.09375s
Kadajiroth>> CARDPACK Besaid%20Aurochs%20Pack>> 1.171875s
PaKeLiKa>> SBREADY>> 2.875s
Kadajiroth>> CARDPACK Besaid%20Aurochs%20Pack>> 1.125s
PaKeLiKa>> SBCOMPLETE 1 99 99 99 7 8 12>> 2.03125s
SunDragon>> SBCOMPLETE 99 2 99 99 5 8 10>> 0.71875s
Kadajiroth>> CARDPACK Besaid%20Aurochs%20Pack>> 1.1875s
Kadajiroth>> CARDPACK Besaid%20Aurochs%20Pack>> 1.125s
PaKeLiKa>> SBCOMPLETE 99 2 99 4 11>> 1s
Kadajiroth>> CARDPACK Besaid%20Aurochs%20Pack>> 2.453125s
Kadajiroth>> CARDPACK Besaid%20Aurochs%20Pack>> 1.09375s
Kadajiroth>> CARDPACK Besaid%20Aurochs%20Pack>> 1.15625s
Kadajiroth>> CARDPACK Besaid%20Aurochs%20Pack>> 1.109375s
SunDragon>> SBCOMPLETE 99 2 3 99 1 7 11>> 1.9375s
SunDragon>> SBCOMPLETE 99 2 99 99>> 0.703125s
PaKeLiKa>> SBCOMPLETE 1 99 3 99 9>> 1.5s
Kadajiroth>> CARDPACK Besaid%20Aurochs%20Pack>> 1.09375s
SunDragon>> SBCOMPLETE 99 2 99 99>> 1.84375s
Kadajiroth>> CARDPACK Besaid%20Aurochs%20Pack>> 1.15625s
SunDragon>> SBCOMPLETE 99 2 99 99>> 0.625s
Kadajiroth>> CARDPACK Besaid%20Aurochs%20Pack>> 1.1875s
PaKeLiKa>> SBCOMPLETE 99 2 99 99>> 1.859375s
Kadajiroth>> CARDPACK Besaid%20Aurochs%20Pack>> 1.171875s
Kadajiroth>> CARDPACK Besaid%20Aurochs%20Pack>> 1.15625s
Kadajiroth>> CARDPACK Besaid%20Aurochs%20Pack>> 1.171875s
Kadajiroth>> CARDPACK Besaid%20Aurochs%20Pack>> 1.109375s
SunDragon>> SBCOMPLETE 1 99 99 99 1 2 6 12>> 0.71875s
Kadajiroth>> CARDPACK Besaid%20Aurochs%20Pack>> 1.734375s
Kadajiroth>> CARDPACK Besaid%20Aurochs%20Pack>> 1.203125s
Kadajiroth>> CARDPACK Besaid%20Aurochs%20Pack>> 1.25s
SunDragon>> SBCOMPLETE 99 2 99 99 3 7 9>> 0.734375s
Kadajiroth>> CARDPACK Besaid%20Aurochs%20Pack>> 1.90625s
Kadajiroth>> CARDPACK Besaid%20Aurochs%20Pack>> 1.15625s
Kadajiroth>> CARDPACK Besaid%20Aurochs%20Pack>> 1.125s
Kadajiroth>> CARDPACK Besaid%20Aurochs%20Pack>> 1.203125s
Kadajiroth>> CARDPACK Besaid%20Aurochs%20Pack>> 1.1875s
Kadajiroth>> CARDPACK Besaid%20Aurochs%20Pack>> 1.140625s
Kadajiroth>> CARDPACK Besaid%20Aurochs%20Pack>> 1.109375s
SunDragon>> SBCOMPLETE 1 2 3 99 5 10>> 0.671875s
Kadajiroth>> CARDPACK Besaid%20Aurochs%20Pack>> 2s
PaKeLiKa>> SBCOMPLETE 99 2 99 99 1 2 3 4 7 8>> 0.6875s
Kadajiroth>> CARDPACK Besaid%20Aurochs%20Pack>> 1.859375s
Kadajiroth>> CARDPACK Besaid%20Aurochs%20Pack>> 1.328125s
Kadajiroth>> CARDPACK Besaid%20Aurochs%20Pack>> 3.6875s
Kadajiroth>> CARDPACK Besaid%20Aurochs%20Pack>> 1.140625s
PaKeLiKa>> SBCOMPLETE 99 99 3 4>> 1.984375s
Kadajiroth>> CARDPACK Besaid%20Aurochs%20Pack>> 1.34375s
SunDragon>> SBCOMPLETE 1 2 3 4 8 11>> 2.484375s
Kadajiroth>> CARDPACK Besaid%20Aurochs%20Pack>> 1.21875s
Kadajiroth>> CARDPACK Besaid%20Aurochs%20Pack>> 1.515625s
SunDragon>> SBCOMPLETE 99 2 99 99 3>> 0.65625s
Kadajiroth>> CARDPACK Besaid%20Aurochs%20Pack>> 1.15625s
Kadajiroth>> CARDPACK Besaid%20Aurochs%20Pack>> 1.359375s
PaKeLiKa>> SBCOMPLETE 99 2 99 4 6 9 11 12>> 0.703125s
Kadajiroth>> CARDPACK Besaid%20Aurochs%20Pack>> 1.984375s
Kadajiroth>> CARDPACK Besaid%20Aurochs%20Pack>> 1.390625s
Kadajiroth>> CARDPACK Besaid%20Aurochs%20Pack>> 1.25s
SunDragon>> SBCOMPLETE 1 99 99 4 2 6>> 0.828125s
Kadajiroth>> CARDPACK Besaid%20Aurochs%20Pack>> 2.28125s
Kadajiroth>> CARDPACK Besaid%20Aurochs%20Pack>> 1.28125s
Kadajiroth>> CARDPACK Besaid%20Aurochs%20Pack>> 1.484375s
SunDragon>> SBCOMPLETE 99 2 99 99 8 10>> 0.703125s
Kadajiroth>> CARDPACK Besaid%20Aurochs%20Pack>> 1.9375s
Kadajiroth>> CARDPACK Besaid%20Aurochs%20Pack>> 1.171875s
Kadajiroth>> CARDPACK Besaid%20Aurochs%20Pack>> 1.125s
PaKeLiKa>> SBCOMPLETE 1 99 99 99 2 10>> 0.703125s
SunDragon>> SBCOMPLETE 1 99 99 99>> 0.8125s
Kadajiroth>> CARDPACK Besaid%20Aurochs%20Pack>> 2.265625s
Kadajiroth>> CARDPACK Besaid%20Aurochs%20Pack>> 1.21875s
Kadajiroth>> CARDPACK Besaid%20Aurochs%20Pack>> 1.171875s
Kadajiroth>> >> 0s
SunDragon>> SBCOMPLETE 99 2 99 99 2 3 5 12>> 2.59375s
Kadajiroth>> CARDPACK Besaid%20Aurochs%20Pack>> 5.640625s
PaKeLiKa>> SBCOMPLETE 99 2 3 4 1 4>> 0.765625s
Kadajiroth>> CARDPACK Besaid%20Aurochs%20Pack>> 1.03125s
Kadajiroth>> CARDPACK Besaid%20Aurochs%20Pack>> 1.203125s
SunDragon>> SBCOMPLETE 99 2 99 99 1 4 7>> 2.015625s
Kadajiroth>> CARDPACK Besaid%20Aurochs%20Pack>> 1.140625s
Kadajiroth>> CARDPACK Besaid%20Aurochs%20Pack>> 1.34375s
Kadajiroth>> CARDPACK Besaid%20Aurochs%20Pack>> 1.125s
SunDragon>> SBCOMPLETE 1 99 3 99>> 0.75s
PaKeLiKa>> SBCOMPLETE 99 99 3 4>> 0.734375s
Kadajiroth>> CARDPACK Besaid%20Aurochs%20Pack>> 1.046875s
Kadajiroth>> CARDPACK Besaid%20Aurochs%20Pack>> 1.265625s
SunDragon>> SBCOMPLETE 1 99 3 4 2 6 12>> 0.703125s
Kadajiroth>> CARDPACK Besaid%20Aurochs%20Pack>> 1.203125s
PaKeLiKa>> SBCOMPLETE 99 99 3 99 9>> 1.984375s
SunDragon>> SBCOMPLETE 99 2 99 99>> 0.6875s
Kadajiroth>> CARDPACK Besaid%20Aurochs%20Pack>> 1.125s
Kadajiroth>> CARDPACK Besaid%20Aurochs%20Pack>> 1.140625s
PaKeLiKa>> SBCOMPLETE 99 99 3 4 4>> 0.765625s
SunDragon>> SBCOMPLETE 99 2 99 99 3 7 9>> 0.265625s
Kadajiroth>> CARDPACK Besaid%20Aurochs%20Pack>> 1.4375s
Kadajiroth>> CARDPACK Besaid%20Aurochs%20Pack>> 1.40625s
Gilgamesh>> PING>> 0.03125s
PaKeLiKa>> PING>> 0.03125s
SunDragon>> PING>> 0.015625s
Kadajiroth>> PING>> 0.03125s
PaKeLiKa>> SBCOMPLETE 99 99 3 99>> 2.578125s
Kadajiroth>> CARDPACK Besaid%20Aurochs%20Pack>> 1.125s
Kadajiroth>> CARDPACK Besaid%20Aurochs%20Pack>> 1.125s
Kadajiroth>> CARDPACK Besaid%20Aurochs%20Pack>> 1.15625s
Kadajiroth>> CARDPACK Besaid%20Aurochs%20Pack>> 1.109375s
PaKeLiKa>> SBCOMPLETE 99 99 3 99 3 5 7>> 0.984375s
Kadajiroth>> CARDPACK Besaid%20Aurochs%20Pack>> 1.078125s
PaKeLiKa>> SBCOMPLETE 1 99 3 99 2 8>> 0.71875s
Kadajiroth>> CARDPACK Besaid%20Aurochs%20Pack>> 1.21875s
Kadajiroth>> CARDPACK Besaid%20Aurochs%20Pack>> 1.953125s
Kadajiroth>> CARDPACK Besaid%20Aurochs%20Pack>> 1.703125s
Kadajiroth>> CARDPACK Besaid%20Aurochs%20Pack>> 1.484375s
Kadajiroth>> CARDPACK Besaid%20Aurochs%20Pack>> 1.125s
PaKeLiKa>> SBFROZEN>> 5.32575s
Kadajiroth>> WEBSERVICE>> 0.03125s
SunDragon>> CHAT gg ^^>> 0.234375s
Kadajiroth>> WEBSERVICE>> 0.03125s
Kadajiroth>> WEBSERVICE>> 0.03125s
PaKeLiKa>> WEBSERVICE>> 0.140625s
Kadajiroth>> WEBSERVICE>> 0.03125s
PaKeLiKa>> WEBSERVICE>> 0.015625s
Kadajiroth>> WEBSERVICE>> 0.03125s
Kadajiroth>> WEBSERVICE>> 0.03125s
Kadajiroth>> WEBSERVICE>> 0.03125s
Kadajiroth>> WEBSERVICE>> 0.03125s
SunDragon>> WEBSERVICE>> 0.03125s
Gilgamesh>> TABLECREATE CHINCHIN>> 0.453125s
Gilgamesh>> TABLECLOSE>> 0.09375s
SunDragon>> PANDORAGUESS 5 4 6 2>> 0.6875s
SunDragon>> WEBSERVICE>> 0.03125s
Kadajiroth>> CARDPACK Zodiac%20Pack>> 1.53125s
Kadajiroth>> CARDPACK Zodiac%20Pack>> 1.265625s
Kadajiroth>> CARDPACK Zodiac%20Pack>> 1.25s
Kadajiroth>> CARDPACK Zodiac%20Pack>> 1.15625s
Kadajiroth>> CARDPACK Besaid%20Aurochs%20Pack>> 1.390625s
Kadajiroth>> CARDPACK Besaid%20Aurochs%20Pack>> 1.140625s
>> QUIT 0 1>> 0.3125s
SunDragon>> WEBSERVICE>> 0.03125s
SunDragon>> WEBSERVICE>> 0.03125s
SunDragon>> WEBSERVICE>> 0.046875s
Kadajiroth>> CARDPACK Besaid%20Aurochs%20Pack>> 1.703125s
Kadajiroth>> CARDPACK Besaid%20Aurochs%20Pack>> 1.15625s
Kadajiroth>> CARDPACK Besaid%20Aurochs%20Pack>> 1.5625s
SunDragon>> WEBSERVICE>> 0.03125s
Kadajiroth>> CARDPACK Besaid%20Aurochs%20Pack>> 2.65625s
SunDragon>> WEBSERVICE>> 0.03125s
>> VERSION 2.0.0>> 0.03125s
SunDragon>> WEBSERVICE>> 0.078125s
SunDragon>> WEBSERVICE>> 0.03125s
Gilgamesh>> LOADGAME Gilgamesh 741147>> 4.34375s
Gilgamesh>> TABLEQUERY 1>> 0.296875s
Gilgamesh>> EXTRACHECK>> 0.03125s
Kadajiroth>> CARDPACK Besaid%20Aurochs%20Pack>> 9.03125s
SunDragon>> WEBSERVICE>> 0.046875s
Kadajiroth>> CARDPACK Besaid%20Aurochs%20Pack>> 5.296875s
SunDragon>> WEBSERVICE>> 0.046875s
Kadajiroth>> CARDPACK Besaid%20Aurochs%20Pack>> 2.953125s
SunDragon>> WEBSERVICE>> 0.03125s
Gilgamesh>> WEBSERVICE>> 0.0625s
PaKeLiKa>> WEBSERVICE>> 0.0625s
SunDragon>> WEBSERVICE>> 0.0625s
SunDragon>> WEBSERVICE>> 0.03125s
Kadajiroth>> CARDPACK Besaid%20Aurochs%20Pack>> 1.734375s
Kadajiroth>> CARDPACK Besaid%20Aurochs%20Pack>> 1.609375s
PaKeLiKa>> WEBSERVICE>> 0.03125s
Kadajiroth>> CARDPACK Besaid%20Aurochs%20Pack>> 1.171875s
Kadajiroth>> CARDPACK Besaid%20Aurochs%20Pack>> 1.296875s
Kadajiroth>> CARDPACK Besaid%20Aurochs%20Pack>> 1.625s
Kadajiroth>> CARDPACK Besaid%20Aurochs%20Pack>> 1.3125s
Gilgamesh>> CONVAPGP 250>> 2.015625s
Kadajiroth>> CARDPACK Besaid%20Aurochs%20Pack>> 1.234375s
Kadajiroth>> CARDPACK Besaid%20Aurochs%20Pack>> 1.40625s
Kadajiroth>> CARDPACK Besaid%20Aurochs%20Pack>> 1.109375s
Kadajiroth>> CARDPACK Besaid%20Aurochs%20Pack>> 2.109375s
Kadajiroth>> CARDPACK Besaid%20Aurochs%20Pack>> 1.3125s
PaKeLiKa>> CARDPACK Pilgrimage%20Pack>> 2.796875s
Kadajiroth>> CARDPACK Besaid%20Aurochs%20Pack>> 1.0625s
Kadajiroth>> CARDPACK Besaid%20Aurochs%20Pack>> 1.125s
PaKeLiKa>> CARDPACK Pilgrimage%20Pack>> 2.28125s
Kadajiroth>> CARDPACK Besaid%20Aurochs%20Pack>> 3.8125s
Kadajiroth>> CARDPACK Besaid%20Aurochs%20Pack>> 1.875s
Kadajiroth>> >> 0s
PaKeLiKa>> CARDPACK Pilgrimage%20Pack>> 1.984375s
Kadajiroth>> >> 0s
PaKeLiKa>> CARDPACK Pilgrimage%20Pack>> 4.671875s
Kadajiroth>> CARDPACK Besaid%20Aurochs%20Pack>> 11.4375s
PaKeLiKa>> CARDPACK Pilgrimage%20Pack>> 1.875s
Kadajiroth>> CARDPACK Besaid%20Aurochs%20Pack>> 1.109375s
PaKeLiKa>> CARDPACK Pilgrimage%20Pack>> 2.4375s
Kadajiroth>> CARDPACK Besaid%20Aurochs%20Pack>> 1.203125s
PaKeLiKa>> CARDPACK Pilgrimage%20Pack>> 1.796875s
Kadajiroth>> CARDPACK Besaid%20Aurochs%20Pack>> 3.546875s
Kadajiroth>> CARDPACK Besaid%20Aurochs%20Pack>> 1.21875s
PaKeLiKa>> CARDPACK Pilgrimage%20Pack>> 2.640625s
Kadajiroth>> CARDPACK Besaid%20Aurochs%20Pack>> 1.625s
Kadajiroth>> CARDPACK Besaid%20Aurochs%20Pack>> 1.140625s
PaKeLiKa>> CARDPACK Pilgrimage%20Pack>> 2.4375s
Kadajiroth>> CARDPACK Besaid%20Aurochs%20Pack>> 1.328125s
PaKeLiKa>> CARDPACK Pilgrimage%20Pack>> 2.765625s
Kadajiroth>> CARDPACK Besaid%20Aurochs%20Pack>> 1.15625s
PaKeLiKa>> CARDPACK Pilgrimage%20Pack>> 2.5625s
Kadajiroth>> CARDPACK Besaid%20Aurochs%20Pack>> 1.515625s
Kadajiroth>> CARDPACK Besaid%20Aurochs%20Pack>> 1.5s
PaKeLiKa>> CARDPACK Pilgrimage%20Pack>> 1.28125s
PaKeLiKa>> CARDPACK Pilgrimage%20Pack>> 1.546875s
Kadajiroth>> CARDPACK Besaid%20Aurochs%20Pack>> 2.828125s
Kadajiroth>> CARDPACK Besaid%20Aurochs%20Pack>> 1.640625s
Kadajiroth>> CARDPACK Besaid%20Aurochs%20Pack>> 1.1875s
Kadajiroth>> CARDPACK Besaid%20Aurochs%20Pack>> 1.125s
Kadajiroth>> CARDPACK Besaid%20Aurochs%20Pack>> 1.359375s
Kadajiroth>> >> 0s
PaKeLiKa>> CARDPACK Pilgrimage%20Pack>> 2.03125s
Kadajiroth>> >> 0s
Gilgamesh>> PING>> 0.03125s
Kadajiroth>> >> 0s
PaKeLiKa>> >> 0s
SunDragon>> PING>> 0.03125s
PaKeLiKa>> PING>> 5.265625s
PaKeLiKa>> CARDPACK Pilgrimage%20Pack>> 1.578125s
Kadajiroth>> >> 0sDECRYPTION ERROR: Kadajiroth>> -14-8-16-14-9-13-14-9-8-14-9-15-52-54-312-310-33-3-313-33-5-310-312-320-3-2-3-311-2-4-5-4-2-4-40-342-2-4-50-2-4-5-5-3-22-30-5-3-13-310-2-4-42-2-4-4-1-2-4-4-4-344-2-4-5-1-2-4-40-3-22-30-5-3-13-33-5-342-344-2-4-52

Kadajiroth>> Error decrypting string>> 15.4375s
PaKeLiKa>> CARDPACK Pilgrimage%20Pack>> 1.21875s
Gilgamesh>> TABLECREATE CHINCHIN>> 1.53125s
Kadajiroth>> CARDPACK Besaid%20Aurochs%20Pack>> 1.09375s
Kadajiroth>> CARDPACK Besaid%20Aurochs%20Pack>> 1.03125s
Gilgamesh>> TABLECLOSE>> 0.078125s
PaKeLiKa>> CARDPACK Pilgrimage%20Pack>> 2.578125s
Kadajiroth>> CARDPACK Besaid%20Aurochs%20Pack>> 1.171875s
Kadajiroth>> CARDPACK Besaid%20Aurochs%20Pack>> 1.109375s
PaKeLiKa>> CARDPACK Pilgrimage%20Pack>> 1.234375s
Kadajiroth>> CARDPACK Besaid%20Aurochs%20Pack>> 1.078125s
PaKeLiKa>> CARDPACK Pilgrimage%20Pack>> 1.28125s
Kadajiroth>> CARDPACK Besaid%20Aurochs%20Pack>> 2.59375s
PaKeLiKa>> CARDPACK Pilgrimage%20Pack>> 1.46875s
PaKeLiKa>> CARDPACK Pilgrimage%20Pack>> 1.21875s
PaKeLiKa>> CARDPACK Pilgrimage%20Pack>> 1.171875s
PaKeLiKa>> CARDPACK Pilgrimage%20Pack>> 1.203125s
Kadajiroth>> WEBSERVICE>> 0.03125s
Kadajiroth>> WEBSERVICE>> 0.015625s
PaKeLiKa>> CARDPACK Pilgrimage%20Pack>> 1.234375s
PaKeLiKa>> CARDPACK Besaid%20Aurochs%20Pack>> 1.15625s
Kadajiroth>> WEBSERVICE>> 0.015625s
PaKeLiKa>> CARDPACK Besaid%20Aurochs%20Pack>> 1.265625s
PaKeLiKa>> CARDPACK Besaid%20Aurochs%20Pack>> 1.203125s
Kadajiroth>> WEBSERVICE>> 0.046875s
PaKeLiKa>> CARDPACK Besaid%20Aurochs%20Pack>> 1.90625s
Kadajiroth>> WEBSERVICE>> 0.078125s
Kadajiroth>> WEBSERVICE>> 0.046875s
PaKeLiKa>> CARDPACK Besaid%20Aurochs%20Pack>> 2.890625s
PaKeLiKa>> CARDPACK Besaid%20Aurochs%20Pack>> 1.3125s
Kadajiroth>> WEBSERVICE>> 0.015625s
PaKeLiKa>> CARDPACK Besaid%20Aurochs%20Pack>> 1.203125s
PaKeLiKa>> CARDPACK Besaid%20Aurochs%20Pack>> 1.59375s
Kadajiroth>> WEBSERVICE>> 0.03125s
Kadajiroth>> WEBSERVICE>> 0.03125s
PaKeLiKa>> CARDPACK Besaid%20Aurochs%20Pack>> 1.265625s
PaKeLiKa>> CARDPACK Besaid%20Aurochs%20Pack>> 1.46875s
PaKeLiKa>> CARDPACK Besaid%20Aurochs%20Pack>> 1.671875s
Kadajiroth>> WEBSERVICE>> 0.03125s
Kadajiroth>> WEBSERVICE>> 0.03125s
Kadajiroth>> WEBSERVICE>> 0.015625s
Kadajiroth>> WEBSERVICE>> 0.03125s
Kadajiroth>> WEBSERVICE>> 0.03125s
Kadajiroth>> WEBSERVICE>> 0.03125s
PaKeLiKa>> WEBSERVICE>> 0.03125s
Kadajiroth>> CARDPACK Besaid%20Aurochs%20Pack>> 2.09375s
PaKeLiKa>> WEBSERVICE>> 0.03125s
Kadajiroth>> CARDPACK Besaid%20Aurochs%20Pack>> 1.34375s
Kadajiroth>> CARDPACK Besaid%20Aurochs%20Pack>> 1.203125s
Kadajiroth>> CARDPACK Besaid%20Aurochs%20Pack>> 1.59375s
PaKeLiKa>> WEBSERVICE>> 0.015625s
Kadajiroth>> CARDPACK Besaid%20Aurochs%20Pack>> 1.671875s
PaKeLiKa>> WEBSERVICE>> 0.09375s
PaKeLiKa>> WEBSERVICE>> 0.03125s
Kadajiroth>> CARDPACK Besaid%20Aurochs%20Pack>> 2.3125s
PaKeLiKa>> WEBSERVICE>> 0.03125s
PaKeLiKa>> WEBSERVICE>> 0.046875s
Kadajiroth>> CARDPACK Besaid%20Aurochs%20Pack>> 2.390625s
PaKeLiKa>> WEBSERVICE>> 0.03125s
Kadajiroth>> CARDPACK Besaid%20Aurochs%20Pack>> 2.46875s
Kadajiroth>> CARDPACK Besaid%20Aurochs%20Pack>> 1.21875s
Kadajiroth>> CARDPACK Besaid%20Aurochs%20Pack>> 1.171875s
Kadajiroth>> CARDPACK Besaid%20Aurochs%20Pack>> 1.15625s
Kadajiroth>> CARDPACK Besaid%20Aurochs%20Pack>> 1.078125s
Kadajiroth>> CARDPACK Besaid%20Aurochs%20Pack>> 1.125s
Kadajiroth>> CARDPACK Besaid%20Aurochs%20Pack>> 1.078125s
SunDragon>> WEBSERVICE>> 0.03125s
SunDragon>> WEBSERVICE>> 0.03125s
SunDragon>> WEBSERVICE>> 0.03125s
Kadajiroth>> CARDPACK Jet%20Set%20Pack>> 1.21875s
Kadajiroth>> CARDPACK Besaid%20Aurochs%20Pack>> 1.21875s
Kadajiroth>> CARDPACK Besaid%20Aurochs%20Pack>> 1.1875s
Kadajiroth>> CARDPACK Besaid%20Aurochs%20Pack>> 1.125s
Kadajiroth>> CARDPACK Besaid%20Aurochs%20Pack>> 1.171875s
PaKeLiKa>> BUYAVATARS pastapp_male>> 0.46875s
PaKeLiKa>> WEBSERVICE>> 0.03125s
PaKeLiKa>> EQUIPAVATARS pastapp_male>> 0.15625s
>> QUIT 0 1>> 0.28125s
PaKeLiKa>> WEBSERVICE>> 0.03125s
PaKeLiKa>> WEBSERVICE>> 0.03125s
>> QUIT 35 1>> 0.921875s
PaKeLiKa>> WEBSERVICE>> 0.03125s
>> VERSION 2.0.0>> 0.03125s
Gilgamesh>> LOADGAME Gilgamesh 741147>> 0.53125s
Gilgamesh>> TABLEQUERY 1>> 0.03125s
Gilgamesh>> EXTRACHECK>> 0.03125s
>> QUIT 0 1>> 0.328125s
Gilgamesh>> CHAT oooh a Token>> 0.765625s
>> VERSION 2.0.0>> 0.03125s
Kadajiroth>> LOADGAME Kadajiroth d4qfkxva9>> 0.5625s
Kadajiroth>> TABLEQUERY 1>> 0.125s
Kadajiroth>> EXTRACHECK>> 0.046875s
PaKeLiKa>> BUYAVATARS kungfu_male>> 0.375s
PaKeLiKa>> WEBSERVICE>> 0.03125s
>> VERSION 2.0.0>> 0.03125s
PaKeLiKa>> EQUIPAVATARS kungfu_male>> 0.15625s
sundragon>> LOADGAME sundragon qwerty>> 0.46875s
sundragon>> TABLEQUERY 1>> 0.03125s
sundragon>> EXTRACHECK>> 0.046875s
sundragon>> CHAT have 5 takens>> 0.296875s
Gilgamesh>> WEBSERVICE>> 0.140625s
PaKeLiKa>> PING>> 0.03125s
sundragon>> PING>> 0.046875s
Kadajiroth>> PING>> 0.046875s
Gilgamesh>> PING>> 0.09375s
sundragon>> CHAT tokens>> 3.125s
Gilgamesh>> CHAT liek me 2>> 0.53125s
PaKeLiKa>> CHAT XD do they work?>> 0.234375s
sundragon>> WEBSERVICE>> 0.109375s
Kadajiroth>> WEBSERVICE>> 0.0625s
sundragon>> WEBSERVICE>> 0.03125s
Kadajiroth>> WEBSERVICE>> 0.03125s
PaKeLiKa>> WEBSERVICE>> 0.03125s
PaKeLiKa>> WEBSERVICE>> 0.015625s
>> VERSION 2.0.0>> 0.03125s
darklumina>> LOADGAME darklumina pantyraid13>> 1.125s
darklumina>> TABLEQUERY 1>> 0.03125s
darklumina>> EXTRACHECK>> 0.046875s
PaKeLiKa>> CHAT <Shop> You purchased a Kung Fu 03:29:20>> 0.265625s
darklumina>> WEBSERVICE>> 0.03125s
darklumina>> WEBSERVICE>> 0.03125s
darklumina>> WEBSERVICE>> 0.15625s
darklumina>> WEBSERVICE>> 0.140625s
darklumina>> WEBSERVICE>> 0.046875s
darklumina>> WEBSERVICE>> 0.03125s
sundragon>> TOKENREDEEM Eternal%20Memory>> 0.46875s
darklumina>> WEBSERVICE>> 0.03125s
darklumina>> WEBSERVICE>> 0.0625s
darklumina>> WEBSERVICE>> 0.03125s
darklumina>> WEBSERVICE>> 0.03125s
darklumina>> WEBSERVICE>> 0.03125s
sundragon>> CHAT <Success> You received 1 Eternal Memory 09:33:38>> 0.25s
sundragon>> CHAT juhuuuuu>> 0.234375s
sundragon>> CHAT /me jumps around>> 0.265625s
>> QUIT 0 1>> 0.390625s
sundragon>> CHAT they work ^^>> 0.21875s
sundragon>> WEBSERVICE>> 0.015625s
sundragon>> WEBSERVICE>> 0.03125s
sundragon>> WEBSERVICE>> 0.03125s
sundragon>> WEBSERVICE>> 0.03125s
sundragon>> WEBSERVICE>> 0.015625s
Kadajiroth>> TOKENREDEEM Triforce>> 0.484375s
Kadajiroth>> CHAT <Success> You received 1 Triforce 16:34:42>> 0.234375s
Kadajiroth>> CHAT :D>> 0.234375s
Gilgamesh>> TOKENREDEEM Final%20Form>> 0.421875s
sundragon>> CHAT XD>> 0.265625s
Gilgamesh>> CHAT xD>> 0.203125s
sundragon>> WEBSERVICE>> 0.03125s
Gilgamesh>> CHAT Final Form plz>> 0.234375s
sundragon>> WEBSERVICE>> 0.03125s
PaKeLiKa>> WEBSERVICE>> 0.03125s
Kadajiroth>> WEBSERVICE>> 0.03125s
PaKeLiKa>> WEBSERVICE>> 0.03125s
Kadajiroth>> WEBSERVICE>> 0.03125s
PaKeLiKa>> PING>> 0.03125s
sundragon>> PING>> 0.03125s
Gilgamesh>> PING>> 0.03125s
Kadajiroth>> PING>> 0.03125s
PaKeLiKa>> WEBSERVICE>> 0.03125s
PaKeLiKa>> WEBSERVICE>> 0.03125s
Kadajiroth>> WEBSERVICE>> 0.03125s
Kadajiroth>> WEBSERVICE>> 0.0625s
Kadajiroth>> WEBSERVICE>> 0.015625s
Kadajiroth>> CARDPACK Besaid%20Aurochs%20Pack>> 1.875s
PaKeLiKa>> WEBSERVICE>> 0.03125s
PaKeLiKa>> GUILDBANKCARDADD 2%20Faced>> 0.71875s
Kadajiroth>> CARDPACK Besaid%20Aurochs%20Pack>> 1.984375s
Kadajiroth>> CARDPACK Besaid%20Aurochs%20Pack>> 1.234375s
Kadajiroth>> CARDPACK Besaid%20Aurochs%20Pack>> 1.15625s
PaKeLiKa>> WEBSERVICE>> 0.03125s
Kadajiroth>> CARDPACK Besaid%20Aurochs%20Pack>> 1.21875s
Kadajiroth>> CARDPACK Besaid%20Aurochs%20Pack>> 1.15625s
Kadajiroth>> CARDPACK Besaid%20Aurochs%20Pack>> 1.1875s
Kadajiroth>> CARDPACK Besaid%20Aurochs%20Pack>> 1.15625s
Kadajiroth>> CARDPACK Besaid%20Aurochs%20Pack>> 1.328125s
Kadajiroth>> CARDPACK Besaid%20Aurochs%20Pack>> 1.234375s
Kadajiroth>> CARDPACK Besaid%20Aurochs%20Pack>> 1.15625s
Kadajiroth>> CARDPACK Besaid%20Aurochs%20Pack>> 1.25s
PaKeLiKa>> WEBSERVICE>> 0.015625s
PaKeLiKa>> WEBSERVICE>> 0.046875s
PaKeLiKa>> WEBSERVICE>> 0.03125s
PaKeLiKa>> WEBSERVICE>> 0.03125s
PaKeLiKa>> WEBSERVICE>> 0.03125s
PaKeLiKa>> WEBSERVICE>> 0.03125s
Kadajiroth>> WEBSERVICE>> 0.03125s
PaKeLiKa>> WEBSERVICE>> 0.03125s
Kadajiroth>> WEBSERVICE>> 0.03125s
Kadajiroth>> WEBSERVICE>> 0.015625s
Kadajiroth>> WEBSERVICE>> 0.0625s
Kadajiroth>> WEBSERVICE>> 0.03125s
PaKeLiKa>> WEBSERVICE>> 0.03125s
PaKeLiKa>> WEBSERVICE>> 0.046875s
PaKeLiKa>> WEBSERVICE>> 0.03125s
PaKeLiKa>> WEBSERVICE>> 0.03125s
Kadajiroth>> CARDPACK Besaid%20Aurochs%20Pack>> 1.65625s
Kadajiroth>> CARDPACK Besaid%20Aurochs%20Pack>> 1.203125s
Kadajiroth>> CARDPACK Besaid%20Aurochs%20Pack>> 1.140625s
Kadajiroth>> CARDPACK Besaid%20Aurochs%20Pack>> 1.109375s
Kadajiroth>> CARDPACK Besaid%20Aurochs%20Pack>> 1.1875s
Kadajiroth>> CARDPACK Besaid%20Aurochs%20Pack>> 1.171875s
Kadajiroth>> CARDPACK Besaid%20Aurochs%20Pack>> 1.171875s
Kadajiroth>> CARDPACK Besaid%20Aurochs%20Pack>> 1.09375s
Kadajiroth>> CARDPACK Besaid%20Aurochs%20Pack>> 1.234375s
sundragon>> WEBSERVICE>> 0.03125s
sundragon>> WEBSERVICE>> 0.03125s
sundragon>> WEBSERVICE>> 0.0625s
sundragon>> WEBSERVICE>> 0.03125s
Kadajiroth>> CARDPACK Besaid%20Aurochs%20Pack>> 2.765625s
Kadajiroth>> CARDPACK Besaid%20Aurochs%20Pack>> 1.15625s
Kadajiroth>> CARDPACK Besaid%20Aurochs%20Pack>> 1.84375s
Kadajiroth>> CARDPACK Besaid%20Aurochs%20Pack>> 2.234375s
PaKeLiKa>> WEBSERVICE>> 0.03125s
Kadajiroth>> CARDPACK Besaid%20Aurochs%20Pack>> 1.265625s
sundragon>> WEBSERVICE>> 0.046875s
Kadajiroth>> CARDPACK Besaid%20Aurochs%20Pack>> 1.953125s
sundragon>> WEBSERVICE>> 0.046875s
sundragon>> WEBSERVICE>> 0.03125s
Kadajiroth>> CARDPACK Besaid%20Aurochs%20Pack>> 1.734375s
PaKeLiKa>> CARDPACK 102%20Special>> 1.703125s
Kadajiroth>> CARDPACK Besaid%20Aurochs%20Pack>> 3.921875s
sundragon>> SHOPADD Dancer 35>> 1.0625s
Kadajiroth>> >> 0s
sundragon>> WEBSERVICE>> 0.078125s
sundragon>> WEBSERVICE>> 0.03125s
sundragon>> WEBSERVICE>> 0.015625s
PaKeLiKa>> CARDPACK FF%20Forever>> 2.015625s
Kadajiroth>> CARDPACK Besaid%20Aurochs%20Pack>> 6.21875s
Kadajiroth>> CARDPACK Besaid%20Aurochs%20Pack>> 1.171875s
sundragon>> CHAT <Successful> Dancer was added to your shop for 35GP 09:40:05>> 0.265625s
Kadajiroth>> CARDPACK Besaid%20Aurochs%20Pack>> 1.359375s
PaKeLiKa>> CARDPACK Old%20Rivalries>> 3.03125s
Kadajiroth>> CARDPACK Besaid%20Aurochs%20Pack>> 3.546875s
Kadajiroth>> CARDPACK Besaid%20Aurochs%20Pack>> 1.125s
Kadajiroth>> CARDPACK Besaid%20Aurochs%20Pack>> 1.203125s
Gilgamesh>> WEBSERVICE>> 0.03125s
Kadajiroth>> CARDPACK Besaid%20Aurochs%20Pack>> 1.203125s
PaKeLiKa>> CARDPACK Miyamoto%20Pack>> 2.59375s
Gilgamesh>> WEBSERVICE>> 0.046875s
Kadajiroth>> CARDPACK Besaid%20Aurochs%20Pack>> 1.796875s
PaKeLiKa>> CARDPACK Links%20Rewards>> 1.46875s
Gilgamesh>> WEBSERVICE>> 0.109375s
sundragon>> WEBSERVICE>> 0.046875s
PaKeLiKa>> CARDPACK Goomba%20Goodies>> 3.140625s
Kadajiroth>> WEBSERVICE>> 0.03125s
Kadajiroth>> WEBSERVICE>> 0.03125s
Kadajiroth>> WEBSERVICE>> 0.046875s
Kadajiroth>> WEBSERVICE>> 0.03125s
Gilgamesh>> CHAT Back to work for me>> 0.390625s
PaKeLiKa>> CARDPACK Green%20Hill%20Zone>> 2.625s
>> QUIT 0 1>> 0.3125s
PaKeLiKa>> CARDPACK Besaid%20Aurochs%20Pack>> 1.140625s
PaKeLiKa>> CARDPACK Besaid%20Aurochs%20Pack>> 1.296875s
sundragon>> ADMINLOGIN 78547841>> 0.296875s
PaKeLiKa>> CARDPACK Besaid%20Aurochs%20Pack>> 1.734375s
PaKeLiKa>> CARDPACK Besaid%20Aurochs%20Pack>> 1.34375s
PaKeLiKa>> CARDPACK Besaid%20Aurochs%20Pack>> 1.421875s
PaKeLiKa>> CARDPACK Besaid%20Aurochs%20Pack>> 1.421875s
PaKeLiKa>> >> 0s
PaKeLiKa>> CARDPACK Besaid%20Aurochs%20Pack>> 5.390625s
Kadajiroth>> CARDPACK Besaid%20Aurochs%20Pack>> 6.890625s
PaKeLiKa>> CARDPACK Besaid%20Aurochs%20Pack>> 1.3125s
Kadajiroth>> CARDPACK Besaid%20Aurochs%20Pack>> 2.578125s
PaKeLiKa>> CARDPACK Besaid%20Aurochs%20Pack>> 1.375s
PaKeLiKa>> CARDPACK Besaid%20Aurochs%20Pack>> 1.21875s
Kadajiroth>> CARDPACK Besaid%20Aurochs%20Pack>> 2.46875s
PaKeLiKa>> CARDPACK Besaid%20Aurochs%20Pack>> 1.171875s
PaKeLiKa>> CARDPACK Suiko%20Surprise>> 1.5625s
sundragon>> WEBSERVICE>> 0.03125s
PaKeLiKa>> CARDPACK Suiko%20Surprise>> 1.890625s
sundragon>> WEBSERVICE>> 0.03125s
sundragon>> WEBSERVICE>> 0.03125s
sundragon>> WEBSERVICE>> 0.03125s
PaKeLiKa>> CARDPACK Suiko%20Surprise>> 1.8125s
PaKeLiKa>> CARDPACK Suiko%20Surprise>> 2.171875s
PaKeLiKa>> CARDPACK Carbuncles%20Mystery%20Pack>> 1.328125s
Kadajiroth>> WEBSERVICE>> 0.03125s
PaKeLiKa>> CARDPACK Pandoras%20Mystery%20Pack>> 1.546875s
Kadajiroth>> WEBSERVICE>> 0.03125s
PaKeLiKa>> CARDPACK Pandoras%20Mystery%20Pack>> 2.96875s
Kadajiroth>> WEBSERVICE>> 0.03125s
PaKeLiKa>> CARDPACK Pandoras%20Mystery%20Pack>> 1.6875s
Kadajiroth>> WEBSERVICE>> 0.03125s
Kadajiroth>> WEBSERVICE>> 0.03125s
PaKeLiKa>> CARDPACK Pandoras%20Mystery%20Pack>> 1.453125s
Kadajiroth>> WEBSERVICE>> 0.03125s
PaKeLiKa>> CARDPACK Pandoras%20Mystery%20Pack>> 1.765625s
Kadajiroth>> WEBSERVICE>> 0.046875s
Kadajiroth>> WEBSERVICE>> 0.046875s
PaKeLiKa>> CARDPACK Pandoras%20Mystery%20Pack>> 2.21875s
PaKeLiKa>> CARDPACK Pandoras%20Mystery%20Pack>> 1.359375s
PaKeLiKa>> CARDPACK Pandoras%20Mystery%20Pack>> 1.734375s
sundragon>> WEBSERVICE>> 0.03125s
sundragon>> WEBSERVICE>> 0.03125s
PaKeLiKa>> CARDPACK Pandoras%20Mystery%20Pack>> 1.953125s
sundragon>> PING>> 0.03125s
PaKeLiKa>> PING>> 0.03125s
Kadajiroth>> PING>> 0.03125s
PaKeLiKa>> CARDPACK Pandoras%20Mystery%20Pack>> 1.28125s
PaKeLiKa>> CARDPACK Pandoras%20Mystery%20Pack>> 1.296875s
Kadajiroth>> CARDPACK Besaid%20Aurochs%20Pack>> 1.234375s
PaKeLiKa>> CARDPACK Pandoras%20Mystery%20Pack>> 2.59375s
PaKeLiKa>> CARDPACK Pandoras%20Mystery%20Pack>> 1.75s
Kadajiroth>> CARDPACK Besaid%20Aurochs%20Pack>> 3.09375s
PaKeLiKa>> CARDPACK Pandoras%20Mystery%20Pack>> 1.375s
Kadajiroth>> CARDPACK Besaid%20Aurochs%20Pack>> 1.3125s
PaKeLiKa>> CARDPACK Pandoras%20Mystery%20Pack>> 1.21875s
Kadajiroth>> CARDPACK Besaid%20Aurochs%20Pack>> 2.8125s
sundragon>> WEBSERVICE>> 0.0625s
PaKeLiKa>> CARDPACK Pandoras%20Mystery%20Pack>> 1.21875s
sundragon>> WEBSERVICE>> 0.03125s
Kadajiroth>> >> 0s
PaKeLiKa>> CARDPACK Pandoras%20Mystery%20Pack>> 1.625s
PaKeLiKa>> CARDPACK Pandoras%20Mystery%20Pack>> 1.53125s
PaKeLiKa>> CARDPACK Pandoras%20Mystery%20Pack>> 1.296875s
Kadajiroth>> CARDPACK Besaid%20Aurochs%20Pack>> 8.59375s
PaKeLiKa>> CARDPACK Pandoras%20Mystery%20Pack>> 1.203125s
PaKeLiKa>> CARDPACK Pandoras%20Mystery%20Pack>> 1.953125s
PaKeLiKa>> CARDPACK Pandoras%20Mystery%20Pack>> 1.40625s
PaKeLiKa>> CARDPACK Pandoras%20Mystery%20Pack>> 1.28125s
PaKeLiKa>> CARDPACK Pandoras%20Mystery%20Pack>> 1.75s
Kadajiroth>> WEBSERVICE>> 0.03125s
PaKeLiKa>> CARDPACK Pandoras%20Mystery%20Pack>> 1.484375s
Kadajiroth>> WEBSERVICE>> 0.03125s
PaKeLiKa>> CARDPACK Pandoras%20Mystery%20Pack>> 1.921875s
Kadajiroth>> WEBSERVICE>> 0.03125s
Kadajiroth>> WEBSERVICE>> 0.015625s
PaKeLiKa>> CARDPACK Pandoras%20Mystery%20Pack>> 1.65625s
PaKeLiKa>> CARDPACK Pandoras%20Mystery%20Pack>> 1.390625s
PaKeLiKa>> CARDPACK Pandoras%20Mystery%20Pack>> 1.203125s
PaKeLiKa>> TREASUREHUNTER>> 0.53125s
PaKeLiKa>> TREASUREHUNTER>> 0.375s
PaKeLiKa>> TREASUREHUNTER>> 0.484375s
PaKeLiKa>> TREASUREHUNTER>> 0.328125s
PaKeLiKa>> TREASUREHUNTER>> 0.328125s
PaKeLiKa>> TREASUREHUNTER>> 0.328125s
PaKeLiKa>> TREASUREHUNTER>> 0.953125s
PaKeLiKa>> TREASUREHUNTER>> 0.34375s
PaKeLiKa>> TREASUREHUNTER>> 0.453125s
PaKeLiKa>> SLOTSANIME>> 0.5625s
PaKeLiKa>> SLOTSANIME>> 0.453125s
PaKeLiKa>> SLOTSANIME>> 0.671875s
Kadajiroth>> WEBSERVICE>> 0.03125s
Kadajiroth>> CARDPACK Carbuncles%20Mystery%20Pack>> 1.609375s
Kadajiroth>> CARDPACK Besaid%20Aurochs%20Pack>> 1.3125s
Kadajiroth>> CARDPACK Besaid%20Aurochs%20Pack>> 1.84375s
Kadajiroth>> CARDPACK Besaid%20Aurochs%20Pack>> 1.234375s
Kadajiroth>> CARDPACK Besaid%20Aurochs%20Pack>> 2.609375s
PaKeLiKa>> TABLECREATE>> 0.265625s
Kadajiroth>> CARDPACK Besaid%20Aurochs%20Pack>> 2.046875s
PaKeLiKa>> WEBSERVICE>> 0.015625s
Kadajiroth>> >> 0s
Kadajiroth>> AWAY 1>> 2.65625s
Kadajiroth>> CHAT /me is back.>> 0.34375s
Kadajiroth>> AWAY 0>> 0.03125s
Kadajiroth>> CARDPACK Besaid%20Aurochs%20Pack>> 1.109375s
Kadajiroth>> CARDPACK Besaid%20Aurochs%20Pack>> 1.140625s
PaKeLiKa>> CHANGERULE 0 1 0 0 0 0 0 1 1 1 0 0 0 0 0 1 0 1 1 0 1 0 1 0 1 0 0 0 0 0 0 0 0 0 0 0 0 0 1@@Triple%20Triad@@ Anime CC FF7 FF9 FFAC FFT FFX KingdomHearts Nintendo Sega Standard Suikoden2 XenoTrigger>> 0.1875s
Kadajiroth>> CARDPACK Besaid%20Aurochs%20Pack>> 1.09375s
Kadajiroth>> CARDPACK Besaid%20Aurochs%20Pack>> 1.09375s
Kadajiroth>> CARDPACK Besaid%20Aurochs%20Pack>> 1.078125s
PaKeLiKa>> CHAT someone play fulldeck with me>> 0.203125s
Kadajiroth>> CARDPACK Besaid%20Aurochs%20Pack>> 1.40625s
Kadajiroth>> CARDPACK Besaid%20Aurochs%20Pack>> 1.125s
Kadajiroth>> CARDPACK Besaid%20Aurochs%20Pack>> 3.0625s
Kadajiroth>> CARDPACK Besaid%20Aurochs%20Pack>> 1.0625s
Kadajiroth>> CARDPACK Besaid%20Aurochs%20Pack>> 1.296875s
Kadajiroth>> CARDPACK Besaid%20Aurochs%20Pack>> 1.171875s
Kadajiroth>> CARDPACK Besaid%20Aurochs%20Pack>> 1.109375s
Kadajiroth>> CARDPACK Besaid%20Aurochs%20Pack>> 1.0625s
Kadajiroth>> CARDPACK Besaid%20Aurochs%20Pack>> 1.25s
Kadajiroth>> CARDPACK Besaid%20Aurochs%20Pack>> 1.078125s
Kadajiroth>> CARDPACK Besaid%20Aurochs%20Pack>> 1.078125s
PaKeLiKa>> GAMEREADY>> 0.09375s
Kadajiroth>> CARDPACK Besaid%20Aurochs%20Pack>> 1.25s
Kadajiroth>> CARDPACK Besaid%20Aurochs%20Pack>> 1.15625s
Kadajiroth>> CARDPACK Besaid%20Aurochs%20Pack>> 1.359375s
Kadajiroth>> CARDPACK Besaid%20Aurochs%20Pack>> 3.234375s
Kadajiroth>> CARDPACK Besaid%20Aurochs%20Pack>> 1.484375s
Kadajiroth>> CARDPACK Besaid%20Aurochs%20Pack>> 1.140625s
Kadajiroth>> CARDPACK Besaid%20Aurochs%20Pack>> 1.234375s
Kadajiroth>> CARDPACK Besaid%20Aurochs%20Pack>> 1.75s
Kadajiroth>> CARDPACK Besaid%20Aurochs%20Pack>> 1.21875s
Kadajiroth>> CARDPACK Besaid%20Aurochs%20Pack>> 1.5s
Kadajiroth>> CARDPACK Besaid%20Aurochs%20Pack>> 1.234375s
Kadajiroth>> CARDPACK Besaid%20Aurochs%20Pack>> 1.3125s
Kadajiroth>> CARDPACK Besaid%20Aurochs%20Pack>> 1.0625s
Kadajiroth>> CARDPACK Besaid%20Aurochs%20Pack>> 1.25s
Kadajiroth>> CARDPACK Besaid%20Aurochs%20Pack>> 1.34375s
sundragon>> TABLEJOIN 1>> 1.1875s
sundragon>> GAMEREADY>> 0.96875s
Kadajiroth>> WEBSERVICE>> 0.03125s
Kadajiroth>> WEBSERVICE>> 0.078125s
Kadajiroth>> WEBSERVICE>> 0.03125s
Kadajiroth>> WEBSERVICE>> 0.046875s
PaKeLiKa>> TT_PLACEAT 0 0>> 0.28125s
PaKeLiKa>> GAMECHAT SunDragon~@*~*so what is full deck exactly lol i dont get it>> 0.0625s
sundragon>> GAMECHAT ~@*~*yes?>> 0.0625s
sundragon>> TT_PLACEAT 1 4>> 0.5625s
PaKeLiKa>> GAMECHAT SunDragon~@*~*?>> 0.0625s
sundragon>> GAMECHAT ~@*~*?>> 0.0625s
PaKeLiKa>> GAMECHAT SunDragon~@*~*sundragon says, " " >> 0.0625s
sundragon>> GAMECHAT ~@*~*lol>> 0.0625s
PaKeLiKa>> PING>> 0.03125s
sundragon>> PING>> 0.03125s
Kadajiroth>> PING>> 0.03125s
Kadajiroth>> WEBSERVICE>> 0.03125s
Kadajiroth>> WEBSERVICE>> 0.03125s
Kadajiroth>> WEBSERVICE>> 0.03125s
Kadajiroth>> WEBSERVICE>> 0.03125s
PaKeLiKa>> WEBSERVICE>> 0.03125s
PaKeLiKa>> WEBSERVICE>> 0.015625s
sundragon>> GAMECHAT ~@*~*will we keep the cards we buy with the tokens?>> 0.0625s
PaKeLiKa>> TT_PLACEAT 3 4>> 0.546875s
sundragon>> TT_PLACEAT 6 1>> 0.75s
Kadajiroth>> WEBSERVICE>> 0.015625s
Kadajiroth>> CARDPACK Carbuncles%20Mystery%20Pack>> 1.28125s
Kadajiroth>> CARDPACK Carbuncles%20Mystery%20Pack>> 1.71875s
PaKeLiKa>> WEBSERVICE>> 0.03125s
PaKeLiKa>> WEBSERVICE>> 0.0625s
PaKeLiKa>> WEBSERVICE>> 0.03125s
Kadajiroth>> CARDPACK Carbuncles%20Mystery%20Pack>> 2.234375s
Kadajiroth>> CARDPACK Carbuncles%20Mystery%20Pack>> 1.546875s
Kadajiroth>> CARDPACK Carbuncles%20Mystery%20Pack>> 1.25s
Kadajiroth>> CARDPACK Carbuncles%20Mystery%20Pack>> 1.515625s
PaKeLiKa>> WEBSERVICE>> 0.046875s
PaKeLiKa>> WEBSERVICE>> 0.03125s
Kadajiroth>> CARDPACK Carbuncles%20Mystery%20Pack>> 1.921875s
PaKeLiKa>> WEBSERVICE>> 0.03125s
PaKeLiKa>> WEBSERVICE>> 0.03125s
PaKeLiKa>> WEBSERVICE>> 0.03125s
Kadajiroth>> CARDPACK Carbuncles%20Mystery%20Pack>> 1.78125s
PaKeLiKa>> WEBSERVICE>> 0.015625s
PaKeLiKa>> WEBSERVICE>> 0.03125s
PaKeLiKa>> WEBSERVICE>> 0.03125s
Kadajiroth>> CARDPACK Carbuncles%20Mystery%20Pack>> 1.3125s
sundragon>> ADMINCHAT hello?>> 0.203125s
sundragon>> CHAT /shout test>> 0.234375s
PaKeLiKa>> TT_PLACEAT 2 1>> 0.765625s
Kadajiroth>> CARDPACK Sega%20Mania>> 1.15625s
sundragon>> TT_PLACEAT 4 2>> 0.546875s
PaKeLiKa>> WEBSERVICE>> 0.03125s
Kadajiroth>> CARDPACK Sega%20Mania>> 4.359375s
PaKeLiKa>> WEBSERVICE>> 0.03125s
Kadajiroth>> CARDPACK Sega%20Mania>> 1.3125s
Kadajiroth>> CARDPACK Sega%20Mania>> 1.234375s
Kadajiroth>> CARDPACK Sega%20Mania>> 1.359375s
PaKeLiKa>> WEBSERVICE>> 0.03125s
Kadajiroth>> CARDPACK Sega%20Mania>> 1.671875s
Kadajiroth>> CARDPACK Sega%20Mania>> 1.15625s
PaKeLiKa>> WEBSERVICE>> 0.015625s
Kadajiroth>> CARDPACK Sega%20Mania>> 1.140625s
Kadajiroth>> CARDPACK Sega%20Mania>> 1.140625s
Kadajiroth>> CARDPACK Sega%20Mania>> 1.140625s
Kadajiroth>> CARDPACK Sega%20Mania>> 1.078125s
Kadajiroth>> CARDPACK Sega%20Mania>> 1.09375s
Kadajiroth>> CARDPACK Sega%20Mania>> 1.140625s
Kadajiroth>> CARDPACK Sega%20Mania>> 2.25s
Kadajiroth>> CARDPACK Sega%20Mania>> 1.171875s
Kadajiroth>> CARDPACK Sega%20Mania>> 1.046875s
Kadajiroth>> CARDPACK Sega%20Mania>> 1.109375s
Kadajiroth>> CARDPACK Sega%20Mania>> 1.140625s
Kadajiroth>> CARDPACK Sega%20Mania>> 1.109375s
sundragon>> CHAT shouting works>> 0.21875s
Kadajiroth>> CARDPACK Sega%20Mania>> 1.453125s
Kadajiroth>> CARDPACK Sega%20Mania>> 1.109375s
Kadajiroth>> CARDPACK Sega%20Mania>> 1.09375s
Kadajiroth>> CARDPACK Sega%20Mania>> 1.109375s
Kadajiroth>> CARDPACK Sega%20Mania>> 1.1875s
Kadajiroth>> CARDPACK Sega%20Mania>> 1.140625s
Kadajiroth>> CARDPACK Sega%20Mania>> 1.109375s
Kadajiroth>> CARDPACK Sega%20Mania>> 1.234375s
Kadajiroth>> CARDPACK Sega%20Mania>> 2.703125s
Kadajiroth>> CARDPACK Sega%20Mania>> 1.109375s
Kadajiroth>> CARDPACK Sega%20Mania>> 1.140625s
Kadajiroth>> CARDPACK Sega%20Mania>> 1.046875s
Kadajiroth>> CARDPACK Sega%20Mania>> 1.140625s
Kadajiroth>> CARDPACK Sega%20Mania>> 1.375s
Kadajiroth>> CARDPACK Sega%20Mania>> 1.09375s
Kadajiroth>> CARDPACK Sega%20Mania>> 1.078125s
Kadajiroth>> CARDPACK Sega%20Mania>> 1.09375s
Kadajiroth>> CARDPACK Sega%20Mania>> 1.0625s
Kadajiroth>> CARDPACK Sega%20Mania>> 1.34375s
PaKeLiKa>> TT_PLACEAT 5 3>> 2.796875s
Kadajiroth>> CARDPACK Sega%20Mania>> 1.125s
Kadajiroth>> CARDPACK Sega%20Mania>> 1.09375s
Kadajiroth>> CARDPACK Sega%20Mania>> 1.90625s
Kadajiroth>> CARDPACK Sega%20Mania>> 1.15625s
Kadajiroth>> CARDPACK Sega%20Mania>> 1.28125s
Kadajiroth>> CARDPACK Sega%20Mania>> 1.0625s
sundragon>> TT_PLACEAT 7 3>> 2.140625s
Kadajiroth>> CARDPACK Sega%20Mania>> 1.0625s
Kadajiroth>> CARDPACK Sega%20Mania>> 1.140625s
Kadajiroth>> CARDPACK Sega%20Mania>> 1.375s
Kadajiroth>> CARDPACK Sega%20Mania>> 1.09375s
Kadajiroth>> CARDPACK Sega%20Mania>> 1.140625s
Kadajiroth>> CARDPACK Sega%20Mania>> 1.078125s
Kadajiroth>> CARDPACK Sega%20Mania>> 1.09375s
Kadajiroth>> CARDPACK Sega%20Mania>> 1.125s
Kadajiroth>> CARDPACK Sega%20Mania>> 1.21875s
Kadajiroth>> CARDPACK Sega%20Mania>> 1.109375s
PaKeLiKa>> PING>> 0.03125s
sundragon>> PING>> 0.03125s
Kadajiroth>> >> 0s
Kadajiroth>> PING>> 3.5s
Kadajiroth>> CARDPACK Sega%20Mania>> 1.109375s
PaKeLiKa>> TT_PLACEAT 8 2>> 4.374375s
Kadajiroth>> CARDPACK Sega%20Mania>> 5.811875s
Kadajiroth>> CARDPACK Sega%20Mania>> 1.078125s
Kadajiroth>> CARDPACK Sega%20Mania>> 1.109375s
sundragon>> CHAT ouch gg>> 0.203125s
Kadajiroth>> CARDPACK Sega%20Mania>> 1.40625s
Kadajiroth>> CARDPACK Sega%20Mania>> 1.046875s
PaKeLiKa>> CHAT gg>> 0.21875s
Kadajiroth>> CARDPACK Sega%20Mania>> 1.1875s
Kadajiroth>> CARDPACK Sega%20Mania>> 1.09375s
sundragon>> WEBSERVICE>> 0.03125s
sundragon>> WEBSERVICE>> 0.046875s
sundragon>> ALTERNATESET 50>> 0.171875s
sundragon>> WEBSERVICE>> 0.0625s
sundragon>> WEBSERVICE>> 0.046875s
Kadajiroth>> CARDPACK Sega%20Mania>> 2.671875s
sundragon>> ALTERNATESET 50>> 0.15625s
Kadajiroth>> CARDPACK Sega%20Mania>> 1.15625s
Kadajiroth>> CARDPACK Sega%20Mania>> 1.125s
sundragon>> WEBSERVICE>> 0.0625s
sundragon>> WEBSERVICE>> 0.046875s
sundragon>> WEBSERVICE>> 0.03125s
Kadajiroth>> CARDPACK Sega%20Mania>> 2.4375s
sundragon>> WEBSERVICE>> 0.03125s
PaKeLiKa>> SHOPGET sundragon>> 0.03125s
sundragon>> WEBSERVICE>> 0.0625s
sundragon>> WEBSERVICE>> 0.078125s
sundragon>> WEBSERVICE>> 0.03125s
Kadajiroth>> CARDPACK Sega%20Mania>> 2.5625s
sundragon>> WEBSERVICE>> 0.03125s
Kadajiroth>> CARDPACK Sega%20Mania>> 1.0625s
PaKeLiKa>> WEBSERVICE>> 0.015625s
Kadajiroth>> CARDPACK Sega%20Mania>> 1.21875s
PaKeLiKa>> WEBSERVICE>> 0.03125s
PaKeLiKa>> WEBSERVICE>> 0.03125s
Kadajiroth>> CARDPACK Sega%20Mania>> 2.078125s
Kadajiroth>> CARDPACK Sega%20Mania>> 1.078125s
Kadajiroth>> WEBSERVICE>> 0.03125s
Kadajiroth>> WEBSERVICE>> 0.03125s
Kadajiroth>> WEBSERVICE>> 0.03125s
Kadajiroth>> WEBSERVICE>> 0.03125s
Kadajiroth>> WEBSERVICE>> 0.046875s
Kadajiroth>> WEBSERVICE>> 0.03125s
Kadajiroth>> WEBSERVICE>> 0.03125s
Kadajiroth>> WEBSERVICE>> 0.015625s
Kadajiroth>> CARDPACK Capsule%20Corp%20Pack>> 1.75s
Kadajiroth>> CARDPACK Capsule%20Corp%20Pack>> 1.21875s
Kadajiroth>> CARDPACK Capsule%20Corp%20Pack>> 2.546875s
Kadajiroth>> CARDPACK Capsule%20Corp%20Pack>> 1.390625s
Kadajiroth>> CARDPACK Capsule%20Corp%20Pack>> 1.1875s
Kadajiroth>> >> 0s
Kadajiroth>> CARDPACK Capsule%20Corp%20Pack>> 4.734375s
Kadajiroth>> >> 0s
Kadajiroth>> CARDPACK Capsule%20Corp%20Pack>> 2.6875s
Kadajiroth>> >> 0s
Kadajiroth>> CARDPACK Capsule%20Corp%20Pack>> 2.84375s
Kadajiroth>> >> 0s
Kadajiroth>> CARDPACK Capsule%20Corp%20Pack>> 2.8125s
Kadajiroth>> >> 0s
Kadajiroth>> CARDPACK Capsule%20Corp%20Pack>> 3.1875s
Kadajiroth>> CARDPACK Capsule%20Corp%20Pack>> 1.21875s
Kadajiroth>> CARDPACK Capsule%20Corp%20Pack>> 1.1875s
Kadajiroth>> CARDPACK Capsule%20Corp%20Pack>> 1.265625s
Kadajiroth>> CARDPACK Capsule%20Corp%20Pack>> 1.3125s
Kadajiroth>> CARDPACK Capsule%20Corp%20Pack>> 1.484375s
Kadajiroth>> CARDPACK Capsule%20Corp%20Pack>> 1.578125s
Kadajiroth>> CARDPACK Capsule%20Corp%20Pack>> 1.25s
Kadajiroth>> CARDPACK Capsule%20Corp%20Pack>> 1.1875s
Kadajiroth>> CARDPACK Capsule%20Corp%20Pack>> 1.390625s
sundragon>> TREASUREHUNTER>> 0.421875s
Kadajiroth>> CARDPACK Capsule%20Corp%20Pack>> 2.0625s
PaKeLiKa>> >> 0s
Kadajiroth>> CARDPACK Capsule%20Corp%20Pack>> 1.28125s
PaKeLiKa>> GAMEREADY>> 2.6875s
Kadajiroth>> >> 0s
sundragon>> TABLEJOIN 1>> 0.953125s
Kadajiroth>> CARDPACK Capsule%20Corp%20Pack>> 5.9375s
Kadajiroth>> CARDPACK Capsule%20Corp%20Pack>> 1.578125s
sundragon>> GAMEREADY>> 2.171875s
Kadajiroth>> CARDPACK Capsule%20Corp%20Pack>> 1.171875s
PaKeLiKa>> MEMORYSLOT 0 1>> 0.15625s
Kadajiroth>> CARDPACK Capsule%20Corp%20Pack>> 1.390625s
PaKeLiKa>> MEMORYSLOT 1 2>> 0.390625s
sundragon>> MEMORYSLOT 12 1>> 0.15625s
sundragon>> MEMORYSLOT 6 2>> 0.296875s
PaKeLiKa>> MEMORYSLOT 2 1>> 0.171875s
PaKeLiKa>> MEMORYSLOT 3 2>> 0.453125s
sundragon>> MEMORYSLOT 6 1>> 0.15625s
sundragon>> MEMORYSLOT 3 2>> 0.59375s
sundragon>> MEMORYSLOT 18 1>> 0.1875s
Kadajiroth>> WEBSERVICE>> 0.03125s
sundragon>> MEMORYSLOT 19 2>> 0.328125s
PaKeLiKa>> MEMORYSLOT 4 1>> 0.15625s
PaKeLiKa>> MEMORYSLOT 5 2>> 0.40625s
Kadajiroth>> WEBSERVICE>> 0.03125s
Kadajiroth>> WEBSERVICE>> 0.03125s
sundragon>> MEMORYSLOT 13 1>> 0.234375s
sundragon>> MEMORYSLOT 7 2>> 0.328125s
PaKeLiKa>> MEMORYSLOT 18 1>> 0.171875s
PaKeLiKa>> MEMORYSLOT 7 2>> 1.09375s
Kadajiroth>> WEBSERVICE>> 0.03125s
PaKeLiKa>> MEMORYSLOT 8 1>> 0.171875s
PaKeLiKa>> MEMORYSLOT 9 2>> 0.34375s
sundragon>> MEMORYSLOT 14 1>> 0.15625s
sundragon>> MEMORYSLOT 2 2>> 0.546875s
sundragon>> MEMORYSLOT 20 1>> 0.1875s
sundragon>> MEMORYSLOT 1 2>> 0.578125s
sundragon>> MEMORYSLOT 21 1>> 0.203125s
sundragon>> MEMORYSLOT 19 2>> 0.5625s
sundragon>> MEMORYSLOT 22 1>> 0.171875s
sundragon>> MEMORYSLOT 5 2>> 0.53125s
sundragon>> MEMORYSLOT 23 1>> 0.171875s
PaKeLiKa>> PING>> 0.078125s
Kadajiroth>> WEBSERVICE>> 0.046875s
Kadajiroth>> WEBSERVICE>> 0.03125s
>> MEMORYSLOT 8 2>> 4.28125s
Kadajiroth>> PING>> 0.03125s
PaKeLiKa>> ADMINLOGIN 34158108>> 0.234375s
PaKeLiKa>> CHAT !endgame>> 0.25s
Kadajiroth>> CARDPACK SeeD%20student%20pack>> 1.4375s
PaKeLiKa>> TRIGGERREMOVE ENDGAME PaKeLiKa>> 0.03125s
PaKeLiKa>> TABLEENDMATCH PaKeLiKa>> 0.25s
Kadajiroth>> CARDPACK SeeD%20student%20pack>> 1.640625s
Kadajiroth>> CARDPACK SeeD%20student%20pack>> 1.203125s
Kadajiroth>> CARDPACK SeeD%20student%20pack>> 1.296875s
Kadajiroth>> CARDPACK SeeD%20student%20pack>> 1.484375s
Kadajiroth>> CARDPACK SeeD%20student%20pack>> 1.296875s
PaKeLiKa>> WEBSERVICE>> 0.015625s
Kadajiroth>> CARDPACK SeeD%20student%20pack>> 1.328125s
Kadajiroth>> CARDPACK SeeD%20student%20pack>> 1.25s
Kadajiroth>> CARDPACK SeeD%20student%20pack>> 1.515625s
>> VERSION 2.0.0>> 0.03125s
Kadajiroth>> CARDPACK SeeD%20student%20pack>> 1.28125s
sundragon>> LOADGAME sundragon qwerty>> 1.8125s
sundragon>> TABLEQUERY 1>> 0.015625s
sundragon>> EXTRACHECK>> 0.03125s
Kadajiroth>> CARDPACK SeeD%20student%20pack>> 2.515625s
PaKeLiKa>> TRIGGERREMOVE ENDGAME PaKeLiKa>> 0.03125s
PaKeLiKa>> TABLEENDMATCH PaKeLiKa>> 0.078125s
sundragon>> CHAT >>>> 0.46875s
Kadajiroth>> CARDPACK SeeD%20student%20pack>> 1.53125s
sundragon>> TABLECREATE MEMORY>> 0.21875s
Kadajiroth>> CARDPACK SeeD%20student%20pack>> 1.21875s
Kadajiroth>> CARDPACK SeeD%20student%20pack>> 1.078125s
sundragon>> GAMEREADY>> 0.0625s
Kadajiroth>> WEBSERVICE>> 0.03125s
Kadajiroth>> WEBSERVICE>> 0.03125s
Kadajiroth>> WEBSERVICE>> 0.046875s
Kadajiroth>> WEBSERVICE>> 0.03125s
Kadajiroth>> WEBSERVICE>> 0.015625s
Kadajiroth>> WEBSERVICE>> 0.03125s
Kadajiroth>> WEBSERVICE>> 0.03125s
sundragon>> TABLECLOSE>> 0.09375s
sundragon>> WEBSERVICE>> 0.015625s
PaKeLiKa>> ADMINMOD 1>> 0.3125s
PaKeLiKa>> ADMINMOD 0>> 0.171875s
PaKeLiKa>> WHOIS sundragon>> 0.03125s
sundragon>> WEBSERVICE>> 0.03125s
Kadajiroth>> CHAT Oi.>> 0.359375s
PaKeLiKa>> WHOIS PaKeLiKa>> 0.03125s
sundragon>> CHAT what?>> 0.203125s
Kadajiroth>> CHAT Nothin'.>> 0.21875s
sundragon>> WHOIS >> 0.03125s
sundragon>> CHAT no, I meant pake>> 0.203125s
sundragon>> CHAT what does that mode eman?>> 0.21875s
PaKeLiKa>> PING>> 0.03125s
sundragon>> PING>> 0.03125s
Kadajiroth>> PING>> 0.03125s
sundragon>> ADMINLOGIN 78547841>> 0.21875s
PaKeLiKa>> PM sundragon woo!>> 0.09375s
PaKeLiKa>> PM sundragon woo>> 0.078125s
sundragon>> PM PaKeLiKa ?>> 0.09375s
sundragon>> PM PaKeLiKa scared>> 0.09375s
sundragon>> CHAT *mean>> 0.21875s
sundragon>> WEBSERVICE>> 0.015625s
sundragon>> WEBSERVICE>> 0.03125s
sundragon>> TOKENREDEEM AC%20Red%20XII
>> VERSION 2.0.1>> 0.046875s
pinkspider>> LOADGAME pinkspider yamihope>> 0.453125s
pinkspider>> TABLEQUERY 1>> 0.03125s
pinkspider>> EXTRACHECK>> 0.03125s
pinkspider>> PING>> 0.03125s
>> VERSION 2.0.1>> 0.03125s
animefaerie2>> LOADGAME animefaerie2 130347>> 0.390625s
animefaerie2>> TABLEQUERY 1>> 0.03125s
animefaerie2>> EXTRACHECK>> 0.03125s
animefaerie2>> TABLECREATE>> 0.1875s
animefaerie2>> WEBSERVICE>> 0.03125s
pinkspider>> TABLEJOIN 1>> 0.953125s
animefaerie2>> CHANGERULE 0 1 0 0 0 0 0 0 1 1 0 0 0 0 0 0 0 1 0 1 0 0 0 0 0 0 0 0 0 0 0 0 0 0 1 0 0 0 0@@Triple%20Triad@@ KingdomHearts>> 0.34375s
pinkspider>> GAMEREADY>> 0.109375s
animefaerie2>> GAMEREADY>> 0.859375s
animefaerie2>> ERRORHANDLER Can't%20show%20non-modal%20form%20when%20modal%20form%20is%20displayed 127>> 0.0625s
>> QUITERROR>> 0.421875s
pinkspider>> >> 0s
pinkspider>> PING>> 50.609375s
>> VERSION 2.0.1>> 0.03125s
animefaerie2>> LOADGAME animefaerie2 130347>> 0.53125s
animefaerie2>> TABLEQUERY 1>> 0.03125s
animefaerie2>> EXTRACHECK>> 0.03125s
animefaerie2>> CHAT lala>> 0.21875s
pinkspider>> PING>> 0.015625s
animefaerie2>> PING>> 0.03125s
pinkspider>> CHAT !endgame end plz>> 0.21875s
pinkspider>> PING>> 0.03125s
animefaerie2>> PING>> 0.03125s
pinkspider>> PING>> 0.03125s
animefaerie2>> PING>> 0.03125s
animefaerie2>> CHAT ...>> 0.21875s