
>> >> 0s
darklumina>> LOADGAME darklumina pantyraid13>> 2.504s
darklumina>> EXTRACHECK>> 0.067s
darklumina>> WEBSERVICE>> 0.028s
darklumina>> PING>> 0.028s
darklumina>> PING>> 0.035s
darklumina>> WEBSERVICE>> 0.033s
darklumina>> PING>> 0.026s
darklumina>> PING>> 0.03s
darklumina>> PING>> 0.031s
darklumina>> PING>> 0.027s
darklumina>> PING>> 0.043s
darklumina>> PING>> 0.063s
darklumina>> PING>> 0.029s
darklumina>> PING>> 0.029s
darklumina>> >> 0s
darklumina>> AWAY 1>> 0.348s
darklumina>> >> 0s
darklumina>> AWAY 0>> 0.49s
>> QUIT 0 1>> 0.309s
>> >> 0s
darklumina>> LOADGAME darklumina pantyraid13>> 0.828s
darklumina>> TABLEQUERY 1>> 0.037s
darklumina>> EXTRACHECK>> 0.026s
darklumina>> WEBSERVICE>> 0.034s
darklumina>> WEBSERVICE>> 0.028s
darklumina>> WEBSERVICE>> 0.028s
darklumina>> AUCTIONBID 2340 100>> 0.835s
darklumina>> WEBSERVICE>> 0.028s
darklumina>> PING>> 0.031s
darklumina>> WEBSERVICE>> 0.028s
>> VERSION 2.10.1>> 0.039s
darklumina>> LOADGAME darklumina pantyraid13>> 0.575s
darklumina>> EXTRACHECK>> 0.079s
darklumina>> WEBSERVICE>> 0.044s
darklumina>> PING>> 0.034s
darklumina>> PING>> 0.046s
darklumina>> WEBSERVICE>> 0.029s
darklumina>> WEBSERVICE>> 0.038s
darklumina>> WEBSERVICE>> 0.029s
>> >> 0s
darklumina>> LOADGAME darklumina pantyraid13>> 1.135s
darklumina>> TABLEQUERY 1>> 0.04s
darklumina>> EXTRACHECK>> 0.03s
darklumina>> WEBSERVICE>> 0.037s
darklumina>> WEBSERVICE>> 0.036s
darklumina>> WEBSERVICE>> 0.028s
darklumina>> AUCTIONBID 49 200>> 13.245s
darklumina>> PING>> 0.03s