
>> VERSION 2.0.4>> 0.078125s
animefaerie2>> LOADGAME animefaerie2 130347>> 0.875s
animefaerie2>> TABLEQUERY 1>> 0.046875s
animefaerie2>> EXTRACHECK>> 0.046875s
animefaerie2>> PING>> 0.03125s
>> VERSION 2.0.4>> 0.03125s
Chase>> LOADGAME Chase Inferno>> 0.515625s
Chase>> TABLEQUERY 1>> 0.03125s
Chase>> EXTRACHECK>> 0.03125s
Chase>> PING>> 0.03125s
Chase>> PING>> 0.03125s
Chase>> PING>> 0.03125s
Chase>> PING>> 0.046875s
Chase>> PING>> 0.03125s
>> VERSION 2.0.4>> 0.03125s
sexyshinobu>> LOADGAME sexyshinobu sasami>> 1.84375s
sexyshinobu>> TABLEQUERY 1>> 0.03125s
sexyshinobu>> EXTRACHECK>> 0.046875s
sexyshinobu>> PING>> 0.03125s
sexyshinobu>> WEBSERVICE>> 0.03125s
sexyshinobu>> PING>> 0.046875s
sexyshinobu>> WEBSERVICE>> 0.046875s
sexyshinobu>> WEBSERVICE>> 0.03125s
sexyshinobu>> WEBSERVICE>> 0.03125s
sexyshinobu>> CHAT /me is away.  Reason: I am away from my computer, please try to reach me later or leave a message>> 0.296875s
sexyshinobu>> AWAY 1>> 0.046875s
sexyshinobu>> CHAT hmm>> 0.1875s
sexyshinobu>> AWAY 0>> 0.25s
sexyshinobu>> PING>> 0.03125s
sexyshinobu>> WEBSERVICE>> 0.03125s
sexyshinobu>> PING>> 0.03125s
sexyshinobu>> PING>> 0.046875s
sexyshinobu>> PING>> 0.046875s
sexyshinobu>> PING>> 0.03125s
sexyshinobu>> PING>> 0.03125s
sexyshinobu>> PING>> 0.046875s
sexyshinobu>> PING>> 0.03125s
sexyshinobu>> PING>> 0.046875s
sexyshinobu>> CHAT /me is away.  Reason: Idle>> 0.1875s
sexyshinobu>> AWAY 1>> 0.03125s
sexyshinobu>> PING>> 0.046875s
sexyshinobu>> PING>> 0.046875s
sexyshinobu>> PING>> 0.03125s
sexyshinobu>> WEBSERVICE>> 0.03125s
sexyshinobu>> WEBSERVICE>> 0.03125s
sexyshinobu>> ALTERNATESET 0>> 0.28125s
sexyshinobu>> WEBSERVICE>> 0.03125s
sexyshinobu>> ALTERNATESET 0>> 0.34375s
sexyshinobu>> WEBSERVICE>> 0.03125s
sexyshinobu>> WEBSERVICE>> 0.03125s
sexyshinobu>> WEBSERVICE>> 0.03125s
sexyshinobu>> WEBSERVICE>> 0.03125s
sexyshinobu>> WEBSERVICE>> 0.03125s
sexyshinobu>> WEBSERVICE>> 0.03125s
sexyshinobu>> WEBSERVICE>> 0.03125s
sexyshinobu>> WEBSERVICE>> 0.046875s
sexyshinobu>> WEBSERVICE>> 0.03125s
sexyshinobu>> PING>> 0.03125s
sexyshinobu>> WEBSERVICE>> 0.03125s
sexyshinobu>> WEBSERVICE>> 0.046875s
sexyshinobu>> WEBSERVICE>> 0.03125s
sexyshinobu>> WEBSERVICE>> 0.03125s
sexyshinobu>> WEBSERVICE>> 0.03125s
sexyshinobu>> ALTERNATESET 100>> 0.171875s
sexyshinobu>> PING>> 0.03125s
sexyshinobu>> WEBSERVICE>> 0.03125s
sexyshinobu>> PING>> 0.03125s
sexyshinobu>> WEBSERVICE>> 0.03125s
sexyshinobu>> WEBSERVICE>> 0.046875s
sexyshinobu>> WEBSERVICE>> 0.03125s
sexyshinobu>> WEBSERVICE>> 0.03125s
sexyshinobu>> WEBSERVICE>> 0.03125s
sexyshinobu>> WEBSERVICE>> 0.03125s
sexyshinobu>> WEBSERVICE>> 0.03125s
sexyshinobu>> WEBSERVICE>> 0.03125s
sexyshinobu>> WEBSERVICE>> 0.03125s
sexyshinobu>> WEBSERVICE>> 0.046875s
sexyshinobu>> PING>> 0.046875s
sexyshinobu>> PING>> 0.03125s
sexyshinobu>> PING>> 0.03125s
sexyshinobu>> PING>> 0.03125s
sexyshinobu>> PING>> 0.03125s
>> VERSION 2.0.4>> 0.03125s
DarkJaxyChan>> LOADGAME DarkJaxyChan ilikemilk>> 0.484375s
DarkJaxyChan>> TABLEQUERY 1>> 0.03125s
DarkJaxyChan>> EXTRACHECK>> 0.046875s
sexyshinobu>> TABLECREATE>> 0.203125s
sexyshinobu>> WEBSERVICE>> 0.03125s
DarkJaxyChan>> PING>> 0.046875s
sexyshinobu>> PING>> 0.046875s
sexyshinobu>> CHANGERULE 1 1 1 0 0 1 9 1 1 1 0 1 1 1 1 1 0 1 1 1 1 1 1 1 1 1 1 1 0 0 0 1 1 1 1 0 0 0 0@@Triple%20Triad@@ Anime CC FF7 FF9 FFAC FFT FFX KingdomHearts Nintendo Sega Standard Suikoden2 XenoTrigger>> 0.203125s
DarkJaxyChan>> PING>> 0.046875s
sexyshinobu>> PING>> 0.03125s
>> VERSION 2.0.4>> 0.03125s
darklumina>> LOADGAME darklumina pantyraid13>> 0.640625s
darklumina>> TABLEQUERY 1>> 0.046875s
darklumina>> EXTRACHECK>> 0.03125s
darklumina>> ADMINLOGIN 41257448>> 0.21875s
darklumina>> WEBSERVICE>> 0.03125s
darklumina>> ADMINBAN sexyshinobu Not%20permitted>> 1.40625s
darklumina>> CHAT cant think of anyone that would do that>> 0.21875s
DarkJaxyChan>> CHAT who is allowed to play it?>> 0.1875s
darklumina>> CHAT admins and membership holders>> 0.21875s
darklumina>> PING>> 0.03125s
DarkJaxyChan>> PING>> 0.046875s
darklumina>> CHAT its not to be shared with anyone>> 0.203125s
darklumina>> PING>> 0.046875s
DarkJaxyChan>> PING>> 0.03125s
DarkJaxyChan>> CHAT =/ no clue who it is either>> 0.1875s
darklumina>> CHAT UC maybe gave it to him>> 0.21875s
darklumina>> CHAT but who gave it to UC>> 0.203125s
darklumina>> PING>> 0.03125s
DarkJaxyChan>> PING>> 0.03125s
DarkJaxyChan>> CHAT i will ask ulti when hes on>> 0.1875s
darklumina>> CHAT UC is banned from test>> 0.1875s
DarkJaxyChan>> CHAT sexyshinobu says, " stupid v2.. " >> 0.265625s
DarkJaxyChan>> CHAT xD>> 0.171875s
darklumina>> PING>> 0.03125s
DarkJaxyChan>> PING>> 0.03125s
darklumina>> CHAT he can suck on that>> 0.21875s
darklumina>> CHAT he was not permitted to be on test.. its not stupid>> 0.21875s
darklumina>> PING>> 0.03125s
DarkJaxyChan>> PING>> 0.046875s
darklumina>> CHAT back to work>> 0.234375s
DarkJaxyChan>> CHAT i will find the mole and spank him>> 0.1875s
>> QUIT 7 1>> 0.328125s
DarkJaxyChan>> PING>> 0.03125s
DarkJaxyChan>> PING>> 0.046875s
DarkJaxyChan>> PING>> 0.046875s
DarkJaxyChan>> PING>> 0.03125s
DarkJaxyChan>> PING>> 0.03125s
DarkJaxyChan>> PING>> 0.03125s
DarkJaxyChan>> PING>> 0.03125s
DarkJaxyChan>> PING>> 0.03125s
DarkJaxyChan>> CHAT /me is away.  Reason: Idle>> 0.171875s
DarkJaxyChan>> AWAY 1>> 0.046875s
DarkJaxyChan>> PING>> 0.046875s
DarkJaxyChan>> PING>> 0.03125s
DarkJaxyChan>> PING>> 0.03125s
DarkJaxyChan>> WEBSERVICE>> 0.046875s
DarkJaxyChan>> WEBSERVICE>> 0.03125s
DarkJaxyChan>> PING>> 0.046875s
DarkJaxyChan>> PING>> 0.03125s
DarkJaxyChan>> PING>> 0.03125s
DarkJaxyChan>> PING>> 0.046875s
DarkJaxyChan>> PING>> 0.03125s
DarkJaxyChan>> PING>> 0.03125s
DarkJaxyChan>> PING>> 0.046875s
DarkJaxyChan>> PING>> 0.03125s
DarkJaxyChan>> PING>> 0.03125s
DarkJaxyChan>> PING>> 0.03125s
DarkJaxyChan>> PING>> 0.03125s
DarkJaxyChan>> PING>> 0.046875s
DarkJaxyChan>> PING>> 0.03125s
DarkJaxyChan>> PING>> 0.03125s
DarkJaxyChan>> PING>> 0.03125s
DarkJaxyChan>> PING>> 0.03125s
DarkJaxyChan>> PING>> 0.046875s
DarkJaxyChan>> PING>> 0.03125s
DarkJaxyChan>> PING>> 0.03125s
DarkJaxyChan>> PING>> 0.03125s
DarkJaxyChan>> PING>> 0.03125s
DarkJaxyChan>> PING>> 0.046875s
DarkJaxyChan>> PING>> 0.03125s
DarkJaxyChan>> PING>> 0.03125s
DarkJaxyChan>> PING>> 0.03125s
DarkJaxyChan>> PING>> 0.046875s
DarkJaxyChan>> PING>> 0.03125s
DarkJaxyChan>> PING>> 0.046875s
DarkJaxyChan>> PING>> 0.03125s
DarkJaxyChan>> PING>> 0.03125s
DarkJaxyChan>> PING>> 0.046875s
DarkJaxyChan>> PING>> 0.046875s
DarkJaxyChan>> PING>> 0.03125s
DarkJaxyChan>> PING>> 0.03125s
DarkJaxyChan>> PING>> 0.03125s
DarkJaxyChan>> PING>> 0.03125s
DarkJaxyChan>> PING>> 0.046875s
DarkJaxyChan>> PING>> 0.046875s
DarkJaxyChan>> PING>> 0.03125s
DarkJaxyChan>> PING>> 0.03125s
DarkJaxyChan>> PING>> 0.03125s
DarkJaxyChan>> PING>> 0.03125s
DarkJaxyChan>> PING>> 0.046875s
DarkJaxyChan>> PING>> 0.046875s
DarkJaxyChan>> PING>> 0.03125s
DarkJaxyChan>> PING>> 0.03125s
DarkJaxyChan>> PING>> 0.03125s
DarkJaxyChan>> PING>> 0.03125s
DarkJaxyChan>> PING>> 0.03125s
DarkJaxyChan>> PING>> 0.03125s
DarkJaxyChan>> PING>> 0.03125s
DarkJaxyChan>> PING>> 0.03125s
DarkJaxyChan>> PING>> 0.03125s
DarkJaxyChan>> PING>> 0.03125s
DarkJaxyChan>> PING>> 0.03125s
DarkJaxyChan>> PING>> 0.046875s
>> VERSION 2.0.4>> 0.046875s
fluffykitty>> LOADGAME fluffykitty chocobo>> 0.5s
fluffykitty>> TABLEQUERY 1>> 0.03125s
fluffykitty>> EXTRACHECK>> 0.046875s
fluffykitty>> TABLECREATE CHINCHIN>> 0.1875s
DarkJaxyChan>> CHAT /me is back.>> 0.21875s
fluffykitty>> PING>> 0.03125s
DarkJaxyChan>> >> 0s
DarkJaxyChan>> >> 0s
DarkJaxyChan>> AWAY 0>> 1.21875s
DarkJaxyChan>> CHANGERULE CHINCHIN 1>> 0.296875s
DarkJaxyChan>> GAMEREADY>> 0.09375s
fluffykitty>> GAMEREADY>> 0.359375s
DarkJaxyChan>> CHINCHINROLL>> 1.578125s
fluffykitty>> PING>> 0.046875s
DarkJaxyChan>> PING>> 0.046875s
DarkJaxyChan>> TABLECREATE CHINCHIN>> 0.171875s
DarkJaxyChan>> CHANGERULE CHINCHIN 1>> 0.1875s
fluffykitty>> CHAT /me is back.>> 0.359375s
fluffykitty>> >> 0s
fluffykitty>> >> 0s
fluffykitty>> AWAY 0>> 1.09375s
fluffykitty>> CHANGERULE CHINCHIN 1>> 0.28125s
fluffykitty>> GAMEREADY>> 0.078125s
DarkJaxyChan>> GAMEREADY>> 0.296875s
DarkJaxyChan>> CHINCHINROLL>> 0.65625s
fluffykitty>> CHINCHINROLL>> 1.484375s
fluffykitty>> TABLECREATE CHINCHIN>> 0.171875s
fluffykitty>> PING>> 0.03125s
DarkJaxyChan>> TABLEJOIN 1>> 1.75s
DarkJaxyChan>> PING>> 0.03125s
DarkJaxyChan>> CHANGERULE CHINCHIN 1>> 0.265625s
DarkJaxyChan>> GAMEREADY>> 0.078125s
DarkJaxyChan>> GAMEREADY>> 0.078125s
fluffykitty>> GAMEREADY>> 0.078125s
DarkJaxyChan>> GAMEREADY>> 0.359375s
fluffykitty>> CHINCHINROLL>> 0.609375s
DarkJaxyChan>> CHINCHINROLL>> 0.5s
DarkJaxyChan>> CHINCHINROLL>> 1.34375s
DarkJaxyChan>> TABLECREATE CHINCHIN>> 0.21875s
DarkJaxyChan>> CHANGERULE CHINCHIN 1>> 0.15625s
fluffykitty>> TABLEJOIN 1>> 0.78125s
fluffykitty>> CHANGERULE CHINCHIN 1>> 0.328125s
fluffykitty>> GAMEREADY>> 0.109375s
DarkJaxyChan>> GAMEREADY>> 0.3125s
fluffykitty>> PING>> 0.046875s
DarkJaxyChan>> PING>> 0.046875s
fluffykitty>> CHINCHINROLL>> 0.5s
fluffykitty>> CHINCHINROLL>> 0.5s
fluffykitty>> CHINCHINROLL>> 0.625s
DarkJaxyChan>> CHINCHINROLL>> 0.46875s
DarkJaxyChan>> CHINCHINROLL>> 0.5s
DarkJaxyChan>> CHINCHINROLL>> 1.625s
DarkJaxyChan>> TABLECREATE CHINCHIN>> 0.203125s
fluffykitty>> TABLEJOIN 1>> 0.765625s
fluffykitty>> CHANGERULE CHINCHIN 1>> 0.265625s
DarkJaxyChan>> GAMEREADY>> 0.078125s
fluffykitty>> GAMEREADY>> 0.28125s
DarkJaxyChan>> CHINCHINROLL>> 0.5s
DarkJaxyChan>> CHINCHINROLL>> 0.5625s
DarkJaxyChan>> CHINCHINROLL>> 0.46875s
fluffykitty>> CHINCHINROLL>> 0.4375s
fluffykitty>> CHINCHINROLL>> 0.453125s
fluffykitty>> CHINCHINROLL>> 0.578125s
fluffykitty>> PING>> 0.03125s
DarkJaxyChan>> PING>> 0.03125s
DarkJaxyChan>> CHINCHINROLL>> 0.453125s
fluffykitty>> CHINCHINROLL>> 0.40625s
DarkJaxyChan>> CHINCHINROLL>> 0.390625s
fluffykitty>> CHINCHINROLL>> 0.421875s
DarkJaxyChan>> CHINCHINROLL>> 0.390625s
fluffykitty>> CHINCHINROLL>> 0.4375s
DarkJaxyChan>> CHAT !endgame [Game Request]>> 0.1875s
fluffykitty>> PING>> 0.03125s
DarkJaxyChan>> PING>> 0.03125s
DarkJaxyChan>> CHINCHINROLL>> 0.390625s
fluffykitty>> CHINCHINROLL>> 0.421875s
DarkJaxyChan>> CHINCHINROLL>> 0.421875s
fluffykitty>> CHINCHINROLL>> 0.390625s
DarkJaxyChan>> CHINCHINROLL>> 0.546875s
fluffykitty>> CHINCHINROLL>> 0.40625s
DarkJaxyChan>> CHINCHINROLL>> 0.4375s
fluffykitty>> >> 0s
fluffykitty>> PING>> 1.125s
DarkJaxyChan>> PING>> 0.046875s
DarkJaxyChan>> CHINCHINROLL>> 0.390625s
fluffykitty>> CHINCHINROLL>> 0.375s
DarkJaxyChan>> CHINCHINROLL>> 0.390625s
fluffykitty>> QUIT 0 1>> 0.046875s
DarkJaxyChan>> PING>> 0.03125s
>> VERSION 2.0.4>> 0.03125s
DarkJaxyChan>> LOADGAME DarkJaxyChan ilikemilk>> 0.359375s
DarkJaxyChan>> TABLEQUERY 1>> 0.03125s
DarkJaxyChan>> EXTRACHECK>> 0.03125s
DarkJaxyChan>> PING>> 0.03125s
>> VERSION 2.0.4>> 0.03125s
fluffykitty>> LOADGAME fluffykitty chocobo>> 0.359375s
fluffykitty>> TABLEQUERY 1>> 0.03125s
fluffykitty>> EXTRACHECK>> 0.046875s
DarkJaxyChan>> PING>> 0.046875s
fluffykitty>> PING>> 0.03125s
DarkJaxyChan>> PING>> 0.046875s
fluffykitty>> PING>> 0.03125s
DarkJaxyChan>> PING>> 0.046875s
fluffykitty>> PING>> 0.03125s
DarkJaxyChan>> PING>> 0.03125s
fluffykitty>> PING>> 0.046875s
DarkJaxyChan>> PING>> 0.03125s
fluffykitty>> PING>> 0.03125s
DarkJaxyChan>> PING>> 0.03125s
fluffykitty>> PING>> 0.03125s
DarkJaxyChan>> PING>> 0.046875s
fluffykitty>> PING>> 0.03125s
DarkJaxyChan>> CHAT /me is away.  Reason: Idle>> 0.1875s
DarkJaxyChan>> AWAY 1>> 0.046875s
DarkJaxyChan>> PING>> 0.03125s
fluffykitty>> PING>> 0.046875s
fluffykitty>> CHAT /me is away.  Reason: Idle>> 0.1875s
fluffykitty>> AWAY 1>> 0.03125s
DarkJaxyChan>> PING>> 0.046875s
fluffykitty>> PING>> 0.03125s
DarkJaxyChan>> CHAT /me is back.>> 0.1875s
DarkJaxyChan>> AWAY 0>> 0.046875s
DarkJaxyChan>> TABLECREATE>> 0.171875s
fluffykitty>> CHAT /me is back.>> 0.171875s
fluffykitty>> AWAY 0>> 0.03125s
fluffykitty>> TABLEJOIN 1>> 0.71875s
DarkJaxyChan>> WEBSERVICE>> 0.03125s
DarkJaxyChan>> CHANGERULE 0 1 0 0 0 0 0 0 0 0 0 0 0 0 0 0 1 0 0 0 0 0 0 0 0 0 0 0 0 0 0 0 0 0 0 0 0 0 0@@Triple%20Triad@@ Anime CC FF7 FF9 FFAC FFT FFX KingdomHearts Nintendo Sega Standard Suikoden2 XenoTrigger>> 0.296875s
DarkJaxyChan>> GAMEREADY>> 0.09375s
fluffykitty>> GAMEREADY>> 0.734375s
fluffykitty>> TT_PLACEAT 6 0>> 0.421875s
DarkJaxyChan>> TT_PLACEAT 3 0>> 0.296875s
fluffykitty>> TT_PLACEAT 0 1>> 0.234375s
DarkJaxyChan>> TT_PLACEAT 1 1>> 0.3125s
DarkJaxyChan>> PING>> 0.03125s
fluffykitty>> TT_PLACEAT 4 2>> 0.296875s
DarkJaxyChan>> TT_PLACEAT 7 4>> 0.28125s
fluffykitty>> TT_PLACEAT 8 3>> 0.25s
DarkJaxyChan>> TT_PLACEAT 2 2>> 0.203125s
fluffykitty>> TT_PLACEAT 5 4>> 2.560875s
DarkJaxyChan>> PING>> 0.03125s
fluffykitty>> PING>> 0.03125s
DarkJaxyChan>> TABLECREATE>> 0.171875s
DarkJaxyChan>> WEBSERVICE>> 0.03125s
DarkJaxyChan>> CHANGERULE 0 1 0 0 0 0 0 0 0 0 0 0 0 0 0 0 0 0 0 0 0 0 0 0 0 0 0 0 0 0 0 0 0 0 0 0 0 1 0@@Triple%20Triad@@ Anime CC FF7 FF9 FFAC FFT FFX KingdomHearts Nintendo Sega Standard Suikoden2 XenoTrigger>> 0.15625s
fluffykitty>> TABLEJOIN 1>> 0.84375s
fluffykitty>> GAMEREADY>> 0.078125s
DarkJaxyChan>> GAMEREADY>> 0.609375s
fluffykitty>> TT_PLACEAT 6 0>> 0.21875s
DarkJaxyChan>> PING>> 0.03125s
fluffykitty>> PING>> 0.03125s
DarkJaxyChan>> TT_PLACEAT 3 0>> 0.296875s
fluffykitty>> TT_PLACEAT 0 1>> 0.25s
DarkJaxyChan>> TT_PLACEAT 1 1>> 0.296875s
fluffykitty>> TT_PLACEAT 4 2>> 0.34375s
DarkJaxyChan>> TT_PLACEAT 7 2>> 0.34375s
fluffykitty>> TT_PLACEAT 2 3>> 0.203125s
DarkJaxyChan>> TT_PLACEAT 5 3>> 0.3125s
fluffykitty>> TT_PLACEAT 8 4>> 2.779625s
DarkJaxyChan>> TABLECREATE>> 0.15625s
DarkJaxyChan>> WEBSERVICE>> 0.03125s
DarkJaxyChan>> CHANGERULE 0 1 0 0 0 0 0 0 0 0 0 0 0 0 0 0 0 0 0 0 0 0 0 0 0 0 0 0 0 0 0 0 0 0 0 0 0 0 1@@Triple%20Triad@@ Anime CC FF7 FF9 FFAC FFT FFX KingdomHearts Nintendo Sega Standard Suikoden2 XenoTrigger>> 0.15625s
fluffykitty>> TABLEJOIN 1>> 0.71875s
fluffykitty>> GAMEREADY>> 0.078125s
DarkJaxyChan>> GAMEREADY>> 0.625s
DarkJaxyChan>> PING>> 0.03125s
fluffykitty>> PING>> 0.03125s
DarkJaxyChan>> TT_PLACEAT 3 4>> 0.203125s
fluffykitty>> TT_PLACEAT 2 0>> 0.203125s
DarkJaxyChan>> TT_PLACEAT 0 0>> 0.203125s
fluffykitty>> TT_PLACEAT 5 1>> 0.203125s
DarkJaxyChan>> TT_PLACEAT 8 1>> 0.453125s
fluffykitty>> TT_PLACEAT 1 2>> 0.234375s
DarkJaxyChan>> TT_PLACEAT 4 2>> 0.21875s
fluffykitty>> TT_PLACEAT 7 3>> 0.25s
DarkJaxyChan>> TT_PLACEAT 6 3>> 2.093s
DarkJaxyChan>> TABLECREATE>> 0.1875s
DarkJaxyChan>> WEBSERVICE>> 0.03125s
DarkJaxyChan>> CHANGERULE 0 1 1 0 0 0 0 0 0 0 0 0 0 0 0 0 0 0 0 0 0 0 0 0 0 0 0 0 0 0 0 0 0 0 0 0 0 0 0@@Triple%20Triad@@ Anime CC FF7 FF9 FFAC FFT FFX KingdomHearts Nintendo Sega Standard Suikoden2 XenoTrigger>> 0.171875s
DarkJaxyChan>> GAMEREADY>> 0.0625s
fluffykitty>> TABLEJOIN 1>> 0.8125s
fluffykitty>> GAMEREADY>> 0.640625s
fluffykitty>> TT_STALEMATE>> 0.390625s
DarkJaxyChan>> TT_STALEMATE>> 1.1395s
DarkJaxyChan>> WEBSERVICE>> 0.03125s
DarkJaxyChan>> WEBSERVICE>> 0.03125s
DarkJaxyChan>> WEBSERVICE>> 0.03125s
DarkJaxyChan>> WEBSERVICE>> 0.0625s
fluffykitty>> PING>> 0.046875s
DarkJaxyChan>> WEBSERVICE>> 0.046875s
DarkJaxyChan>> WEBSERVICE>> 0.109375s
DarkJaxyChan>> WEBSERVICE>> 0.03125s
DarkJaxyChan>> GUILDAPPLY The Krusty Krab>> 0.375s
fluffykitty>> WEBSERVICE>> 0.03125s
fluffykitty>> WEBSERVICE>> 0.03125s
fluffykitty>> WEBSERVICE>> 0.03125s
fluffykitty>> WEBSERVICE>> 0.03125s
fluffykitty>> WEBSERVICE>> 0.03125s
fluffykitty>> WEBSERVICE>> 0.046875s
fluffykitty>> GUILDAPPROVEPLAYER DarkJaxyChan>> 0.375s
fluffykitty>> WEBSERVICE>> 0.03125s
fluffykitty>> WEBSERVICE>> 0.03125s
fluffykitty>> WEBSERVICE>> 0.03125s
fluffykitty>> WEBSERVICE>> 0.046875s
fluffykitty>> WEBSERVICE>> 0.03125s
fluffykitty>> WEBSERVICE>> 0.03125s
fluffykitty>> WEBSERVICE>> 0.03125s
fluffykitty>> GUILDAPPROVEPLAYER DarkJaxyChan>> 0.375s
fluffykitty>> WEBSERVICE>> 0.03125s
fluffykitty>> WEBSERVICE>> 0.046875s
DarkJaxyChan>> PING>> 0.03125s
fluffykitty>> PING>> 0.03125s
DarkJaxyChan>> WEBSERVICE>> 0.046875s
DarkJaxyChan>> PING>> 0.03125s
fluffykitty>> PING>> 0.03125s
DarkJaxyChan>> GUILDCREATE JohnnyDepp<3 i%20love%20him%20<3>> 0.453125s
DarkJaxyChan>> PING>> 0.03125s
fluffykitty>> PING>> 0.03125s
DarkJaxyChan>> REMOVESURNAME>> 0.421875s
DarkJaxyChan>> WEBSERVICE>> 0.03125s
DarkJaxyChan>> SURNAME no1>> 0.34375s
>> QUIT 0 1>> 0.28125s
>> VERSION 2.0.4>> 0.046875s
DarkJaxyChan>> LOADGAME DarkJaxyChan ilikemilk>> 0.34375s
DarkJaxyChan>> TABLEQUERY 1>> 0.03125s
DarkJaxyChan>> EXTRACHECK>> 0.046875s
DarkJaxyChan>> WEBSERVICE>> 0.046875s
DarkJaxyChan>> WEBSERVICE>> 0.078125s
DarkJaxyChan>> WEBSERVICE>> 0.046875s
DarkJaxyChan>> WEBSERVICE>> 0.046875s
DarkJaxyChan>> WEBSERVICE>> 0.03125s
DarkJaxyChan>> GUILDINFOUPDATE test%201234 >> 0.15625s
DarkJaxyChan>> CHAT nuu>> 0.171875s
DarkJaxyChan>> PING>> 0.03125s
fluffykitty>> PING>> 0.03125s
DarkJaxyChan>> WEBSERVICE>> 0.03125s
DarkJaxyChan>> WEBSERVICE>> 0.046875s
DarkJaxyChan>> WEBSERVICE>> 0.046875s
DarkJaxyChan>> WEBSERVICE>> 0.03125s
DarkJaxyChan>> WEBSERVICE>> 0.03125s
DarkJaxyChan>> GUILDINFOUPDATE rawr narf>> 0.234375s
DarkJaxyChan>> WEBSERVICE>> 0.03125s
DarkJaxyChan>> CHAT ?>> 0.171875s
DarkJaxyChan>> GUILDINFOUPDATE rawr >> 0.125s
DarkJaxyChan>> CHAT 123>> 0.171875s
DarkJaxyChan>> PING>> 0.03125s
fluffykitty>> PING>> 0.046875s
DarkJaxyChan>> PING>> 0.046875s
fluffykitty>> PING>> 0.03125s
DarkJaxyChan>> CHAT /g narf>> 0.1875s
DarkJaxyChan>> WEBSERVICE>> 0.03125s
DarkJaxyChan>> WEBSERVICE>> 0.03125s
DarkJaxyChan>> WEBSERVICE>> 0.03125s
fluffykitty>> WEBSERVICE>> 0.03125s
fluffykitty>> WEBSERVICE>> 0.046875s
fluffykitty>> WEBSERVICE>> 0.046875s
fluffykitty>> WEBSERVICE>> 0.03125s
fluffykitty>> WEBSERVICE>> 0.03125s
fluffykitty>> WEBSERVICE>> 0.03125s
DarkJaxyChan>> WEBSERVICE>> 0.046875s
fluffykitty>> PING>> 0.03125s
DarkJaxyChan>> PING>> 0.03125s
DarkJaxyChan>> WEBSERVICE>> 0.03125s
fluffykitty>> WEBSERVICE>> 0.03125s
fluffykitty>> WEBSERVICE>> 0.03125s
fluffykitty>> WEBSERVICE>> 0.03125s
DarkJaxyChan>> WEBSERVICE>> 0.03125s
DarkJaxyChan>> WEBSERVICE>> 0.046875s
DarkJaxyChan>> WEBSERVICE>> 0.03125s
DarkJaxyChan>> WEBSERVICE>> 0.046875s
DarkJaxyChan>> WEBSERVICE>> 0.03125s
fluffykitty>> WEBSERVICE>> 0.03125s
fluffykitty>> WEBSERVICE>> 0.046875s
fluffykitty>> WEBSERVICE>> 0.03125s
fluffykitty>> WEBSERVICE>> 0.03125s
fluffykitty>> >> 0s
DarkJaxyChan>> PING>> 0.03125s
fluffykitty>> >> 0s
fluffykitty>> >> 0s
fluffykitty>> >> 0s
fluffykitty>> >> 0s
DarkJaxyChan>> PING>> 0.046875s
>> VERSION 2.0.4>> 0.03125s
fluffykitty>> LOADGAME fluffykitty chocobo>> 0.390625s
fluffykitty>> TABLEQUERY 1>> 0.03125s
fluffykitty>> EXTRACHECK>> 0.03125s
fluffykitty>> WEBSERVICE>> 0.046875s
fluffykitty>> WEBSERVICE>> 0.03125s
fluffykitty>> WEBSERVICE>> 0.046875s
fluffykitty>> WEBSERVICE>> 0.03125s
fluffykitty>> >> 0s
fluffykitty>> >> 0s
fluffykitty>> >> 0s
fluffykitty>> >> 0s
DarkJaxyChan>> PING>> 0.03125s
fluffykitty>> >> 0s
fluffykitty>> >> 0s
fluffykitty>> >> 0s
>> VERSION 2.0.4>> 0.03125s
fluffykitty>> LOADGAME fluffykitty chocobo>> 0.375s
fluffykitty>> TABLEQUERY 1>> 0.03125s
fluffykitty>> EXTRACHECK>> 0.046875s
fluffykitty>> WEBSERVICE>> 0.03125s
fluffykitty>> WEBSERVICE>> 0.03125s
fluffykitty>> WEBSERVICE>> 0.03125s
fluffykitty>> WEBSERVICE>> 0.03125s
fluffykitty>> CHAT test>> 0.171875s
DarkJaxyChan>> PING>> 0.03125s
fluffykitty>> PING>> 0.375s
fluffykitty>> WEBSERVICE>> 0.03125s
fluffykitty>> CHAT ,,>> 0.1875s
fluffykitty>> >> 0s
fluffykitty>> >> 0s
>> VERSION 2.0.4>> 0.03125s
fluffykitty>> LOADGAME fluffykitty chocobo>> 0.375s
fluffykitty>> TABLEQUERY 1>> 0.046875s
fluffykitty>> EXTRACHECK>> 0.046875s
fluffykitty>> WEBSERVICE>> 0.03125s
fluffykitty>> WEBSERVICE>> 0.03125s
fluffykitty>> WEBSERVICE>> 0.03125s
fluffykitty>> WEBSERVICE>> 0.046875s
fluffykitty>> CHAT mm>> 0.171875s
DarkJaxyChan>> PING>> 0.046875s
fluffykitty>> PING>> 0.03125s
fluffykitty>> CHAT bb>> 0.1875s
fluffykitty>> CHAT o.O>> 0.1875s
fluffykitty>> CHAT moop>> 0.1875s
fluffykitty>> EQUIPAVATARS bluehair>> 0.125s
fluffykitty>> CHAT mm>> 0.203125s
fluffykitty>> CHAT o.O>> 0.1875s
fluffykitty>> AVATARCHANGE>> 0.09375s
fluffykitty>> WEBSERVICE>> 0.03125s
DarkJaxyChan>> PING>> 0.046875s
fluffykitty>> PING>> 0.03125s
fluffykitty>> CHAT vb>> 0.171875s
fluffykitty>> WEBSERVICE>> 0.03125s
fluffykitty>> WEBSERVICE>> 0.03125s
fluffykitty>> WEBSERVICE>> 0.03125s
fluffykitty>> WEBSERVICE>> 0.03125s
fluffykitty>> WEBSERVICE>> 0.046875s
fluffykitty>> WEBSERVICE>> 0.03125s
fluffykitty>> WEBSERVICE>> 0.03125s
fluffykitty>> WEBSERVICE>> 0.046875s
DarkJaxyChan>> CHAT /me is away.  Reason: Idle>> 0.171875s
DarkJaxyChan>> AWAY 1>> 0.03125s
DarkJaxyChan>> PING>> 0.046875s
fluffykitty>> PING>> 0.046875s
fluffykitty>> SHOPCREATE Hello%20Kitty%20Shop meow>> 0.15625s
DarkJaxyChan>> CHAT /me is back.>> 0.15625s
DarkJaxyChan>> AWAY 0>> 0.03125s
DarkJaxyChan>> WEBSERVICE>> 0.03125s
DarkJaxyChan>> WEBSERVICE>> 0.03125s
DarkJaxyChan>> WEBSERVICE>> 0.046875s
DarkJaxyChan>> WEBSERVICE>> 0.046875s
DarkJaxyChan>> PING>> 0.046875s
fluffykitty>> PING>> 0.046875s
fluffykitty>> WEBSERVICE>> 0.03125s
fluffykitty>> WEBSERVICE>> 0.03125s
DarkJaxyChan>> CHAT /roll 12 20>> 0.171875s
DarkJaxyChan>> RANDOM 1 10>> 0.046875s
DarkJaxyChan>> RANDOM 1 10>> 0.0625s
DarkJaxyChan>> CHAT /me is listening to *  Hermes House Band - Country Roads * >> 0.359375s
fluffykitty>> PING>> 0.03125s
DarkJaxyChan>> PING>> 0.03125s
DarkJaxyChan>> CHAT /me is listening to *  Hermes House Band - Country Roads * >> 0.171875s
DarkJaxyChan>> PM fluffykitty moop>> 0.203125s
DarkJaxyChan>> PM fluffykitty boom>> 0.21875s
DarkJaxyChan>> PING>> 0.03125s
fluffykitty>> PING>> 0.03125s
>> QUIT 0 1>> 0.296875s
>> QUIT 0 1>> 0.296875s
>> VERSION 2.0.4>> 0.046875s
kasumi>> LOADGAME kasumi mine123>> 0.515625s
kasumi>> TABLEQUERY 1>> 0.03125s
kasumi>> EXTRACHECK>> 0.03125s
kasumi>> CHAT this place's getting less and less populated o.O>> 0.171875s
kasumi>> PING>> 0.03125s
kasumi>> PING>> 0.03125s
kasumi>> PING>> 0.03125s
kasumi>> TABLECREATE CHINCHIN>> 0.203125s
kasumi>> TABLECLOSE>> 0.0625s
>> QUIT 0 1>> 0.265625s
>> VERSION 2.0.4>> 0.03125s
>> LOADGAME PhatRabbit treece>> 0.375s
>> VERSION 2.0.4>> 0.03125s
kasumi>> LOADGAME kasumi mine123>> 0.3125s
kasumi>> TABLEQUERY 1>> 0.046875s
kasumi>> EXTRACHECK>> 0.03125s
kasumi>> PING>> 0.03125s
kasumi>> WEBSERVICE>> 0.03125s
kasumi>> PANDORAGUESS 4 4 4 4>> 0.5s
kasumi>> WEBSERVICE>> 0.046875s
kasumi>> PANDORAGUESS 3 3 3 3>> 0.5625s
kasumi>> WEBSERVICE>> 0.03125s
kasumi>> PANDORAGUESS 4 3 4 3>> 0.546875s
kasumi>> WEBSERVICE>> 0.03125s
kasumi>> PANDORAGUESS 4 4 4 3>> 0.71875s
kasumi>> WEBSERVICE>> 0.03125s
kasumi>> PANDORAGUESS 5 3 5 5>> 0.390625s
kasumi>> WEBSERVICE>> 0.03125s
kasumi>> PING>> 0.046875s
kasumi>> PANDORAGUESS 6 3 5 6>> 0.46875s
kasumi>> WEBSERVICE>> 0.03125s
kasumi>> PANDORAGUESS 7 3 5 7>> 0.421875s
kasumi>> WEBSERVICE>> 0.03125s
kasumi>> PANDORAGUESS 7 3 5 8>> 0.453125s
kasumi>> WEBSERVICE>> 0.03125s
kasumi>> PANDORAGUESS 8 3 5 7>> 0.421875s
kasumi>> WEBSERVICE>> 0.03125s
kasumi>> PANDORAGUESS 9 3 5 7>> 0.640625s
kasumi>> WEBSERVICE>> 0.046875s
kasumi>> PING>> 0.03125s
>> VERSION 2.0.4>> 0.046875s
>> LOADGAME PhatRabbit treece>> 0.140625s
>> VERSION 2.0.4>> 0.046875s
DarkJaxyChan>> LOADGAME DarkJaxyChan ilikemilk>> 0.34375s
DarkJaxyChan>> TABLEQUERY 1>> 0.046875s
DarkJaxyChan>> EXTRACHECK>> 0.03125s
kasumi>> CHAT lol @ johnny depp>> 0.1875s
DarkJaxyChan>> CHAT ignore /music>> 0.21875s
DarkJaxyChan>> CHAT do it>> 0.1875s
kasumi>> PING>> 0.03125s
DarkJaxyChan>> PING>> 0.03125s
DarkJaxyChan>> CHAT say when done>> 0.15625s
kasumi>> CHAT done>> 0.1875s
DarkJaxyChan>> CHAT /me is listening to *  LL Cool J - Headsprung * >> 0.21875s
DarkJaxyChan>> CHAT reported it already>> 0.25s
DarkJaxyChan>> CHAT xD>> 0.1875s
kasumi>> CHAT XD>> 0.1875s
kasumi>> PING>> 0.03125s
DarkJaxyChan>> PING>> 0.03125s
DarkJaxyChan>> PING>> 0.046875s
kasumi>> PING>> 0.046875s
>> VERSION 2.0.4>> 0.03125s
Tim1>> LOADGAME Tim1 rushhour>> 0.71875s
Tim1>> TABLEQUERY 1>> 0.03125s
Tim1>> EXTRACHECK>> 0.046875s
kasumi>> CHAT heye timmy>> 0.296875s
Tim1>> CHAT elloo>> 0.1875s
DarkJaxyChan>> CHAT you smell>> 0.1875s
kasumi>> PING>> 0.03125s
DarkJaxyChan>> PING>> 0.03125s
Tim1>> PING>> 0.03125s
Tim1>> CHAT lies!>> 0.21875s
DarkJaxyChan>> CHAT nope>> 0.203125s
DarkJaxyChan>> CHAT /whois Tim1>> 0.1875s
DarkJaxyChan>> CHAT xD>> 0.21875s
Tim1>> CHAT hehe>> 0.203125s
DarkJaxyChan>> CHAT /motd>> 0.1875s
Tim1>> CHAT kas can u get someone to kick me off the norma DW, i got an ero=ror>> 0.1875s
DarkJaxyChan>> CHAT /guildmotd>> 0.1875s
Tim1>> CHAT ooo johnydepp guild>> 0.21875s
Tim1>> CHAT hehe>> 0.1875s
kasumi>> PING>> 0.03125s
DarkJaxyChan>> PING>> 0.03125s
Tim1>> PING>> 0.03125s
DarkJaxyChan>> CHAT so?>> 0.171875s
Tim1>> CHAT i wanted to make a kiera knightley one but i got no money>> 0.171875s
Tim1>> WEBSERVICE>> 0.03125s
Tim1>> WEBSERVICE>> 0.03125s
Tim1>> WEBSERVICE>> 0.03125s
Tim1>> WEBSERVICE>> 0.046875s
Tim1>> WEBSERVICE>> 0.046875s
Tim1>> WEBSERVICE>> 0.0625s
Tim1>> WEBSERVICE>> 0.03125s
Tim1>> WEBSERVICE>> 0.046875s
Tim1>> WEBSERVICE>> 0.03125s
DarkJaxyChan>> CHAT do it now >> 0.4375s
Tim1>> WEBSERVICE>> 0.046875s
Tim1>> WEBSERVICE>> 0.046875s
kasumi>> CHAT u're off tim>> 0.234375s
DarkJaxyChan>> CHAT or add a card for 5k in your player shop>> 0.203125s
kasumi>> PING>> 0.03125s
DarkJaxyChan>> PING>> 0.046875s
Tim1>> PING>> 0.03125s
DarkJaxyChan>> CHAT i have some gp to spare>> 0.203125s
Tim1>> WEBSERVICE>> 0.03125s
Tim1>> WEBSERVICE>> 0.046875s
DarkJaxyChan>> WEBSERVICE>> 0.03125s
DarkJaxyChan>> WEBSERVICE>> 0.046875s
Tim1>> WEBSERVICE>> 0.03125s
DarkJaxyChan>> SHOPCARDBUY Tim1 Aeris 5500>> 1.125s
DarkJaxyChan>> WEBSERVICE>> 0.046875s
DarkJaxyChan>> WEBSERVICE>> 0.046875s
>> VERSION 2.0.4>> 0.046875s
Tim1>> LOADGAME Tim1 rushhour>> 0.328125s
Tim1>> TABLEQUERY 1>> 0.03125s
Tim1>> EXTRACHECK>> 0.046875s
DarkJaxyChan>> CHAT better?>> 0.1875s
DarkJaxyChan>> WEBSERVICE>> 0.03125s
DarkJaxyChan>> WEBSERVICE>> 0.03125s
kasumi>> CHAT wb :P>> 0.203125s
Tim1>> CHAT oo yeah>> 0.203125s
kasumi>> PING>> 0.03125s
DarkJaxyChan>> PING>> 0.03125s
Tim1>> PING>> 0.03125s
Tim1>> CHAT ty v much>> 0.171875s
DarkJaxyChan>> SHOPCARDBUY Tim1 Cid 3400>> 1.21875s
DarkJaxyChan>> WEBSERVICE>> 0.03125s
DarkJaxyChan>> WEBSERVICE>> 0.03125s
Tim1>> CHAT thanx>> 0.265625s
DarkJaxyChan>> SHOPCARDBUY Tim1 Cait%20Sith 3300>> 0.96875s
DarkJaxyChan>> WEBSERVICE>> 0.03125s
DarkJaxyChan>> WEBSERVICE>> 0.046875s
Tim1>> CHAT hehe>> 0.203125s
DarkJaxyChan>> SHOPCARDBUY Tim1 Eden 1000>> 1.25s
DarkJaxyChan>> WEBSERVICE>> 0.046875s
DarkJaxyChan>> WEBSERVICE>> 0.046875s
DarkJaxyChan>> SHOPCARDBUY Tim1 Angelo 600>> 1.03125s
DarkJaxyChan>> WEBSERVICE>> 0.046875s
DarkJaxyChan>> WEBSERVICE>> 0.03125s
DarkJaxyChan>> SHOPCARDBUY Tim1 Chicobo 600>> 0.96875s
DarkJaxyChan>> WEBSERVICE>> 0.03125s
DarkJaxyChan>> WEBSERVICE>> 0.03125s
Tim1>> WEBSERVICE>> 0.03125s
DarkJaxyChan>> SHOPCARDBUY Tim1 Bahamut 1000>> 0.953125s
DarkJaxyChan>> WEBSERVICE>> 0.046875s
DarkJaxyChan>> WEBSERVICE>> 0.03125s
DarkJaxyChan>> SHOPCARDBUY Tim1 Eiko 2800>> 1.078125s
DarkJaxyChan>> WEBSERVICE>> 0.046875s
DarkJaxyChan>> WEBSERVICE>> 0.046875s
DarkJaxyChan>> SHOPCARDBUY Tim1 Choco%20Mog 600>> 1.125s
DarkJaxyChan>> WEBSERVICE>> 0.0625s
DarkJaxyChan>> WEBSERVICE>> 0.03125s
DarkJaxyChan>> SHOPCARDBUY Tim1 Laguna 2300>> 1s
DarkJaxyChan>> WEBSERVICE>> 0.046875s
DarkJaxyChan>> WEBSERVICE>> 0.03125s
DarkJaxyChan>> SHOPCARDBUY Tim1 Eidelon%20Ifrit 733>> 0.984375s
DarkJaxyChan>> WEBSERVICE>> 0.046875s
DarkJaxyChan>> >> 0s
DarkJaxyChan>> WEBSERVICE>> 1.125s
DarkJaxyChan>> WEBSERVICE>> 0.046875s
DarkJaxyChan>> >> 0s
DarkJaxyChan>> WEBSERVICE>> 1.328125s
DarkJaxyChan>> WEBSERVICE>> 0.03125s
DarkJaxyChan>> >> 0s
DarkJaxyChan>> >> 0s
DarkJaxyChan>> WEBSERVICE>> 2.390625s
DarkJaxyChan>> WEBSERVICE>> 0.03125s
DarkJaxyChan>> SHOPCARDBUY Tim1 Quistis 2400>> 1.140625s
DarkJaxyChan>> WEBSERVICE>> 0.03125s
DarkJaxyChan>> >> 0s
DarkJaxyChan>> >> 0s
DarkJaxyChan>> >> 0sDECRYPTION ERROR: DarkJaxyChan>> -19-13-14-19-15-12-19-15-15-19-13-18-19-15-12-19-13-19-19-13-15-19-14-18-19-15-14-19-15-12-55-44111716111518111515111712111518111711111715111612111516111518

DarkJaxyChan>> Error decrypting string>> 2.984375s
DarkJaxyChan>> >> 0sDECRYPTION ERROR: DarkJaxyChan>> -60-1-6-21-6-2-2-60-5-6-21-60-6-60-2-6-1-5-6-2-1-6-21-61-67-16-10-15-16-11-16-16-11-9-16-10-18-16-12-11-16-12-13-16-10-16-16-12-10-16-12-12-16-10-13-16-10-9-16-15-16-16-10-14-15-17-18-13-15-17-18-9-16-14-9-16-15-16-16-10-12-15-17-18-13-15-17-17-18-16-9-9-15-17-18-17-15-17-17-18-15-17-17-12-16-15-16-16-13-16-16-14-10-16-14-10-16-14-10

DarkJaxyChan>> Error decrypting string>> 1.96875s
DarkJaxyChan>> WEBSERVICE>> 0.03125s
Tim1>> CHAT lol ty jaxy>> 0.4375s
DarkJaxyChan>> WEBSERVICE>> 0.03125s
DarkJaxyChan>> SHOPCARDBUY Tim1 Vincent 4000>> 0.953125s
DarkJaxyChan>> WEBSERVICE>> 0.03125s
DarkJaxyChan>> WEBSERVICE>> 0.03125s
DarkJaxyChan>> CHAT rofl>> 0.1875s
DarkJaxyChan>> CHAT still have 3mil>> 0.265625s
DarkJaxyChan>> PING>> 0.03125s
Tim1>> PING>> 0.046875s
kasumi>> PING>> 0.03125s
DarkJaxyChan>> SHOPCARDBUY Tim1 Summon%20Phoenix 1400>> 0.96875s
DarkJaxyChan>> WEBSERVICE>> 0.046875s
DarkJaxyChan>> WEBSERVICE>> 0.03125s
DarkJaxyChan>> SHOPCARDBUY Tim1 Wedge 550>> 1.03125s
DarkJaxyChan>> WEBSERVICE>> 0.046875s
DarkJaxyChan>> WEBSERVICE>> 0.03125s
DarkJaxyChan>> SHOPCARDBUY Tim1 Zell 2300>> 1.078125s
DarkJaxyChan>> WEBSERVICE>> 0.046875s
Tim1>> CHAT lol>> 0.578125s
DarkJaxyChan>> WEBSERVICE>> 0.03125s
DarkJaxyChan>> SHOPCARDBUY Tim1 Summon%20Kjata 850>> 0.953125s
DarkJaxyChan>> WEBSERVICE>> 0.046875s
DarkJaxyChan>> WEBSERVICE>> 0.03125s
DarkJaxyChan>> SHOPCARDBUY Tim1 Blank 444>> 1.0625s
DarkJaxyChan>> >> 0s
DarkJaxyChan>> >> 0s
DarkJaxyChan>> WEBSERVICE>> 1.671875s
DarkJaxyChan>> WEBSERVICE>> 0.046875s
DarkJaxyChan>> WEBSERVICE>> 0.046875s
DarkJaxyChan>> SHOPCARDBUY Tim1 Shiva 488>> 1.078125s
DarkJaxyChan>> WEBSERVICE>> 0.046875s
DarkJaxyChan>> >> 0s
DarkJaxyChan>> >> 0s
kasumi>> CHAT lol>> 0.5625s
DarkJaxyChan>> >> 0s
DarkJaxyChan>> >> 0s
DarkJaxyChan>> WEBSERVICE>> 3.640625s
DarkJaxyChan>> >> 0s
DarkJaxyChan>> WEBSERVICE>> 1.546875s
DarkJaxyChan>> WEBSERVICE>> 0.03125s
DarkJaxyChan>> WEBSERVICE>> 0.03125s
Tim1>> CHAT omg>> 0.21875s
DarkJaxyChan>> SHOPCARDBUY Tim1 Diablos 1000>> 0.9375s
DarkJaxyChan>> WEBSERVICE>> 0.046875s
DarkJaxyChan>> WEBSERVICE>> 0.03125s
DarkJaxyChan>> SHOPCARDBUY Tim1 Summon%20Shiva 500>> 0.9375s
DarkJaxyChan>> WEBSERVICE>> 0.03125s
DarkJaxyChan>> WEBSERVICE>> 0.03125s
DarkJaxyChan>> SHOPCARDBUY Tim1 Rei%20Ayanami 5000>> 0.953125s
DarkJaxyChan>> WEBSERVICE>> 0.03125s
DarkJaxyChan>> >> 0s
DarkJaxyChan>> >> 0s
DarkJaxyChan>> >> 0s
DarkJaxyChan>> >> 0s
DarkJaxyChan>> >> 0s
DarkJaxyChan>> >> 0s
DarkJaxyChan>> >> 0s
DarkJaxyChan>> >> 0s
DarkJaxyChan>> >> 0s
DarkJaxyChan>> >> 0s
DarkJaxyChan>> >> 0s
Tim1>> CHAT lol>> 0.1875s
DarkJaxyChan>> >> 0s
DarkJaxyChan>> >> 0s
DarkJaxyChan>> >> 0s
DarkJaxyChan>> >> 0s
DarkJaxyChan>> WEBSERVICE>> 10.515625s
DarkJaxyChan>> WEBSERVICE>> 0.046875s
DarkJaxyChan>> >> 0s
DarkJaxyChan>> >> 0s
DarkJaxyChan>> >> 0s
DarkJaxyChan>> WEBSERVICE>> 2.390625s
DarkJaxyChan>> WEBSERVICE>> 0.03125s
DarkJaxyChan>> PING>> 0.03125s
kasumi>> PING>> 0.046875s
Tim1>> PING>> 0.03125s
DarkJaxyChan>> WEBSERVICE>> 0.046875s
DarkJaxyChan>> WEBSERVICE>> 0.03125s
DarkJaxyChan>> SHOPCARDBUY Tim1 Tifa 6000>> 1s
DarkJaxyChan>> WEBSERVICE>> 0.046875s
DarkJaxyChan>> WEBSERVICE>> 0.03125s
kasumi>> CHAT he h4x>> 0.34375s
kasumi>> CHAT legally ;_;>> 0.203125s
DarkJaxyChan>> CHAT im done>> 0.203125s
Tim1>> CHAT indeed!>> 0.28125s
Tim1>> CHAT hehe ty>> 0.1875s
DarkJaxyChan>> WEBSERVICE>> 0.03125s
DarkJaxyChan>> WEBSERVICE>> 0.03125s
Tim1>> CHAT /surname >> 0.1875s
Tim1>> CHAT oo>> 0.203125s
Tim1>> CHAT /surname 1>> 0.21875s
DarkJaxyChan>> CHAT do it over game>> 0.359375s
Tim1>> CHAT arghh>> 0.21875s
DarkJaxyChan>> CHAT player maintence>> 0.21875s
DarkJaxyChan>> CHAT etc>> 0.203125s
kasumi>> CHAT yeap>> 0.171875s
Tim1>> SURNAME ilove>> 0.21875s
DarkJaxyChan>> CHAT remove ur surname first>> 0.171875s
kasumi>> PING>> 0.03125s
DarkJaxyChan>> PING>> 0.03125s
Tim1>> PING>> 0.03125s
Tim1>> REMOVESURNAME>> 0.4375s
DarkJaxyChan>> WEBSERVICE>> 0.03125s
DarkJaxyChan>> WEBSERVICE>> 0.03125s
Tim1>> SURNAME ilove>> 0.40625s
Tim1>> WEBSERVICE>> 0.03125s
Tim1>> GUILDCREATE Kiera%20knightley kiera%20knightley%20appreciation%20society!>> 0.1875s
DarkJaxyChan>> CHAT /me is away.  Reason: csi miami>> 0.171875s
DarkJaxyChan>> AWAY 1>> 0.03125s
kasumi>> PING>> 0.03125s
DarkJaxyChan>> PING>> 0.03125s
Tim1>> PING>> 0.03125s
Tim1>> CHAT oo got a bisband>> 0.203125s
Tim1>> GUILDDISBAND>> 0.25s
kasumi>> CHAT XD>> 0.203125s
Tim1>> WEBSERVICE>> 0.03125s
Tim1>> GUILDCREATE Kiera%20Knightley Kiera%20Knightley%20appreciation%20society>> 0.5s
Tim1>> CHAT woohoo>> 0.203125s
kasumi>> PING>> 0.046875s
DarkJaxyChan>> PING>> 0.03125s
Tim1>> PING>> 0.046875s
Tim1>> WEBSERVICE>> 0.03125s
Tim1>> WEBSERVICE>> 0.03125s
Tim1>> WEBSERVICE>> 0.046875s
Tim1>> WEBSERVICE>> 0.03125s
Tim1>> WEBSERVICE>> 0.03125s
kasumi>> CHAT /me thinks about applying to timmy's guild to kick him out >:)>> 0.171875s
Tim1>> CARDPACK Black%20Mages%20Pack>> 1.484375s
Tim1>> CARDPACK Tantalus%20Bounty%20Pack>> 1.546875s
Tim1>> CHAT hehe>> 0.1875s
Tim1>> CHAT do it!>> 0.203125s
DarkJaxyChan>> PING>> 0.03125s
kasumi>> PING>> 0.046875s
Tim1>> PING>> 0.03125s
kasumi>> CHAT yeah, i tried that yesterday on jaxcy's guild>> 0.1875s
kasumi>> WEBSERVICE>> 0.03125s
Tim1>> CARDPACK Avalanche%20Warriors%20Pack>> 1.21875s
kasumi>> WEBSERVICE>> 0.03125s
kasumi>> WEBSERVICE>> 0.03125s
kasumi>> WEBSERVICE>> 0.03125s
Tim1>> WEBSERVICE>> 0.0625s
Tim1>> WEBSERVICE>> 0.0625s
kasumi>> GUILDAPPLY Kiera Knightley>> 0.625s
Tim1>> WEBSERVICE>> 0.046875s
kasumi>> CHAT <Guild Application> Your application to Kiera Knightley was successful 21:19:27>> 0.453125s
Tim1>> WEBSERVICE>> 0.03125s
Tim1>> WEBSERVICE>> 0.03125s
Tim1>> WEBSERVICE>> 0.03125s
Tim1>> WEBSERVICE>> 0.03125s
Tim1>> CHAT woohoo>> 0.1875s
DarkJaxyChan>> PING>> 0.03125s
kasumi>> PING>> 0.046875s
Tim1>> PING>> 0.03125s
kasumi>> WEBSERVICE>> 0.046875s
kasumi>> WEBSERVICE>> 0.03125s
kasumi>> WEBSERVICE>> 0.0625s
kasumi>> WEBSERVICE>> 0.046875s
Tim1>> WEBSERVICE>> 0.03125s
Tim1>> WEBSERVICE>> 0.046875s
Tim1>> WEBSERVICE>> 0.03125s
Tim1>> WEBSERVICE>> 0.03125s
Tim1>> WEBSERVICE>> 0.03125s
Tim1>> WEBSERVICE>> 0.03125s
Tim1>> WEBSERVICE>> 0.03125s
Tim1>> WEBSERVICE>> 0.03125s
Tim1>> WEBSERVICE>> 0.03125s
Tim1>> WEBSERVICE>> 0.03125s
Tim1>> WEBSERVICE>> 0.03125s
kasumi>> CHAT u gotta go to your guild's window and manage it to alow me to join now>> 0.1875s
kasumi>> PING>> 0.03125s
DarkJaxyChan>> PING>> 0.046875s
Tim1>> PING>> 0.046875s
Tim1>> CHAT oo ok>> 0.171875s
Tim1>> WEBSERVICE>> 0.03125s
Tim1>> WEBSERVICE>> 0.03125s
Tim1>> WEBSERVICE>> 0.03125s
Tim1>> WEBSERVICE>> 0.03125s
Tim1>> WEBSERVICE>> 0.03125s
Tim1>> WEBSERVICE>> 0.03125s
Tim1>> WEBSERVICE>> 0.03125s
Tim1>> WEBSERVICE>> 0.046875s
Tim1>> WEBSERVICE>> 0.03125s
Tim1>> WEBSERVICE>> 0.03125s
Tim1>> WEBSERVICE>> 0.046875s
Tim1>> WEBSERVICE>> 0.03125s
kasumi>> PING>> 0.03125s
DarkJaxyChan>> PING>> 0.03125s
Tim1>> PING>> 0.03125s
Tim1>> WEBSERVICE>> 0.03125s
Tim1>> WEBSERVICE>> 0.03125s
Tim1>> WEBSERVICE>> 0.03125s
Tim1>> WEBSERVICE>> 0.0625s
Tim1>> WEBSERVICE>> 0.046875s
Tim1>> >> 0s
Tim1>> WEBSERVICE>> 1.140625s
Tim1>> WEBSERVICE>> 0.046875s
Tim1>> WEBSERVICE>> 0.046875s
Tim1>> WEBSERVICE>> 0.03125s
Tim1>> CHAT <Guild Approval> kasumi has been approved. 19:22:14>> 0.203125s
kasumi>> CHAT yay>> 0.1875s
kasumi>> WEBSERVICE>> 0.03125s
kasumi>> WEBSERVICE>> 0.03125s
kasumi>> WEBSERVICE>> 0.03125s
kasumi>> WEBSERVICE>> 0.046875s
kasumi>> PING>> 0.046875s
DarkJaxyChan>> PING>> 0.03125s
Tim1>> PING>> 0.03125s
Tim1>> CARDPACK Darkys%20Grab%20Bag>> 1.53125s
kasumi>> WEBSERVICE>> 0.03125s
kasumi>> WEBSERVICE>> 0.03125s
kasumi>> WEBSERVICE>> 0.03125s
kasumi>> WEBSERVICE>> 0.046875s
kasumi>> WEBSERVICE>> 0.03125s
kasumi>> WEBSERVICE>> 0.046875s
Tim1>> CARDPACK Green%20Hill%20Zone>> 1.140625s
Tim1>> CARDPACK Pilgrimage%20Pack>> 1.25s
kasumi>> CHAT i gotta relog though to see my guild name on :(>> 0.234375s
Tim1>> CARDPACK Pilgrimage%20Pack>> 1.140625s
Tim1>> CHAT oo>> 0.203125s
kasumi>> PING>> 0.03125s
DarkJaxyChan>> PING>> 0.046875s
Tim1>> PING>> 0.03125s
Tim1>> CARDPACK Pilgrimage%20Pack>> 1.109375s
Tim1>> CARDPACK Machina%20Pack>> 1.46875s
Tim1>> CARDPACK Gatos%20Fun%20pack>> 1.171875s
kasumi>> CHAT  ican get into the guild management window but notice that i don't have a guild name tag :(>> 0.203125s
Tim1>> CHAT oo>> 0.1875s
kasumi>> CHAT and 'view your guild' button's still disabled>> 0.171875s
Tim1>> CHAT thats a bugger>> 0.203125s
kasumi>> CHAT brb>> 0.421875s
>> QUIT 0 1>> 0.3125s
DarkJaxyChan>> PING>> 0.03125s
Tim1>> >> 0s
Tim1>> PING>> 2.25s
>> VERSION 2.0.4>> 0.046875s
kasumi>> LOADGAME kasumi mine123>> 0.328125s
kasumi>> TABLEQUERY 1>> 0.046875s
kasumi>> EXTRACHECK>> 0.03125s
Tim1>> CARDPACK Machina%20Pack>> 1.15625s
kasumi>> CHAT there we go :)>> 0.171875s
Tim1>> CARDPACK Pilgrimage%20Pack>> 1.140625s
Tim1>> CHAT woohoo>> 0.21875s
Tim1>> WEBSERVICE>> 0.03125s
Tim1>> WEBSERVICE>> 0.046875s
Tim1>> ALTERNATESET 20>> 0.234375s
Tim1>> WEBSERVICE>> 0.0625s
Tim1>> WEBSERVICE>> 0.03125s
Tim1>> ALTERNATESET 20>> 0.265625s
kasumi>> WEBSERVICE>> 0.03125s
kasumi>> WEBSERVICE>> 0.046875s
kasumi>> WEBSERVICE>> 0.03125s
kasumi>> WEBSERVICE>> 0.03125s
kasumi>> CHAT /motd>> 0.1875s
Tim1>> ADMINLOGIN 35345781>> 0.1875s
kasumi>> CHAT hrm..>> 0.203125s
Tim1>> WEBSERVICE>> 0.03125s
kasumi>> PING>> 0.03125s
DarkJaxyChan>> PING>> 0.03125s
Tim1>> PING>> 0.03125s
kasumi>> CHAT guess there's no need 4 that now that it shows up in the guild>> 0.1875s
Tim1>> CHAT /motd i love pirates of the carribean and the hole!>> 0.21875s
Tim1>> CHAT boo>> 0.21875s
kasumi>> WEBSERVICE>> 0.03125s
kasumi>> WEBSERVICE>> 0.046875s
kasumi>> WEBSERVICE>> 0.046875s
kasumi>> WEBSERVICE>> 0.03125s
Tim1>> CHAT ooo i liked it...>> 0.234375s
kasumi>> WEBSERVICE>> 0.03125s
Tim1>> WEBSERVICE>> 0.046875s
Tim1>> WEBSERVICE>> 0.03125s
Tim1>> WEBSERVICE>> 0.03125s
kasumi>> CHAT me too, was a quick way of getting it done>> 0.21875s
kasumi>> CHAT /help>> 0.203125s
kasumi>> CHAT b000 :(>> 0.1875s
kasumi>> PING>> 0.03125s
DarkJaxyChan>> PING>> 0.03125s
Tim1>> PING>> 0.046875s
Tim1>> WEBSERVICE>> 0.046875s
kasumi>> WEBSERVICE>> 0.03125s
kasumi>> WEBSERVICE>> 0.046875s
Tim1>> WEBSERVICE>> 0.03125s
Tim1>> WEBSERVICE>> 0.03125s
Tim1>> WEBSERVICE>> 0.03125s
Tim1>> WEBSERVICE>> 0.03125s
Tim1>> WEBSERVICE>> 0.046875s
Tim1>> WEBSERVICE>> 0.046875s
Tim1>> WEBSERVICE>> 0.03125s
Tim1>> WEBSERVICE>> 0.03125s
Tim1>> CHAT im off!>> 0.1875s
Tim1>> CHAT cya kas!>> 0.1875s
kasumi>> CHAT baibai dude>> 0.1875s
Tim1>> CHAT u look after keira why im gone!>> 0.203125s
kasumi>> PING>> 0.03125s
DarkJaxyChan>> PING>> 0.03125s
Tim1>> PING>> 0.03125s
Tim1>> CHAT :-)>> 0.1875s
kasumi>> CHAT ahve fun :)>> 0.1875s
kasumi>> CHAT kk>> 0.1875s
kasumi>> CHAT *have>> 0.171875s
>> QUIT 2 1>> 0.328125s
kasumi>> PING>> 0.03125s
DarkJaxyChan>> PING>> 0.046875s
kasumi>> PING>> 0.03125s
DarkJaxyChan>> PING>> 0.03125s
DarkJaxyChan>> PING>> 0.046875s
kasumi>> PING>> 0.046875s
DarkJaxyChan>> PING>> 0.046875s
kasumi>> PING>> 0.03125s
kasumi>> CHAT well, i be out for now; any1 in need for test dummies, i'll be online for the time being>> 0.1875s
>> QUIT 0 1>> 0.265625s
DarkJaxyChan>> PING>> 0.03125s
DarkJaxyChan>> PING>> 0.03125s
DarkJaxyChan>> PING>> 0.046875s
DarkJaxyChan>> PING>> 0.046875s
DarkJaxyChan>> PING>> 0.03125s
DarkJaxyChan>> PING>> 0.03125s
DarkJaxyChan>> PING>> 0.046875s
DarkJaxyChan>> PING>> 0.046875s
DarkJaxyChan>> PING>> 0.046875s
DarkJaxyChan>> PING>> 0.046875s
DarkJaxyChan>> PING>> 0.03125s
DarkJaxyChan>> PING>> 0.046875s
>> VERSION 2.0.4>> 0.03125s
>> LOADGAME dgold06 701600>> 0.265625s
DarkJaxyChan>> PING>> 0.03125s
>> VERSION 2.0.4>> 0.046875s
>> LOADGAME dgold06 701600>> 0.21875s
DarkJaxyChan>> PING>> 0.03125s
DarkJaxyChan>> PING>> 0.046875s
DarkJaxyChan>> PING>> 0.03125s
DarkJaxyChan>> PING>> 0.03125s
DarkJaxyChan>> PING>> 0.03125s
DarkJaxyChan>> PING>> 0.046875s
DarkJaxyChan>> PING>> 0.03125s
DarkJaxyChan>> PING>> 0.046875s
DarkJaxyChan>> PING>> 0.03125s
DarkJaxyChan>> PING>> 0.046875s
DarkJaxyChan>> PING>> 0.03125s
DarkJaxyChan>> PING>> 0.03125s
DarkJaxyChan>> PING>> 0.03125s
DarkJaxyChan>> PING>> 0.03125s
DarkJaxyChan>> PING>> 0.046875s
>> VERSION 2.0.4>> 0.03125s
Chase>> LOADGAME Chase Inferno>> 0.453125s
Chase>> TABLEQUERY 1>> 0.03125s
Chase>> EXTRACHECK>> 0.046875s
Chase>> CHAT ...>> 0.1875s
DarkJaxyChan>> PING>> 0.046875s
Chase>> PING>> 0.03125s
Chase>> CHAT there we gooo.>> 0.1875s
DarkJaxyChan>> PING>> 0.046875s
Chase>> PING>> 0.046875s
DarkJaxyChan>> PING>> 0.046875s
Chase>> PING>> 0.03125s
DarkJaxyChan>> PING>> 0.046875s
Chase>> PING>> 0.046875s
DarkJaxyChan>> PING>> 0.046875s
Chase>> PING>> 0.03125s
DarkJaxyChan>> PING>> 0.046875s
Chase>> PING>> 0.03125s
DarkJaxyChan>> PING>> 0.03125s
Chase>> PING>> 0.03125s
DarkJaxyChan>> PING>> 0.03125s
Chase>> PING>> 0.046875s
Chase>> CHAT /me is away.  Reason: Idle>> 0.1875s
Chase>> AWAY 1>> 0.046875s
DarkJaxyChan>> PING>> 0.03125s
Chase>> PING>> 0.03125s
DarkJaxyChan>> PING>> 0.046875s
Chase>> PING>> 0.046875s
DarkJaxyChan>> PING>> 0.03125s
Chase>> PING>> 0.046875s
Chase>> PING>> 0.03125s
DarkJaxyChan>> PING>> 0.046875s
DarkJaxyChan>> PING>> 0.046875s
Chase>> PING>> 0.03125s
Chase>> PING>> 0.03125s
DarkJaxyChan>> PING>> 0.03125s
Chase>> PING>> 0.03125s
DarkJaxyChan>> PING>> 0.046875s
Chase>> PING>> 0.03125s
DarkJaxyChan>> PING>> 0.046875s
DarkJaxyChan>> PING>> 0.046875s
Chase>> PING>> 0.03125s
Chase>> PING>> 0.03125s
DarkJaxyChan>> PING>> 0.046875s
DarkJaxyChan>> PING>> 0.046875s
Chase>> PING>> 0.03125s
DarkJaxyChan>> PING>> 0.03125s
Chase>> PING>> 0.03125s
DarkJaxyChan>> PING>> 0.046875s
Chase>> PING>> 0.0625s
Chase>> PING>> 0.046875s
DarkJaxyChan>> PING>> 0.046875s
Chase>> PING>> 0.03125s
DarkJaxyChan>> PING>> 0.03125s
Chase>> PING>> 0.03125s
DarkJaxyChan>> PING>> 0.03125s
DarkJaxyChan>> PING>> 0.046875s
Chase>> PING>> 0.03125s
DarkJaxyChan>> PING>> 0.046875s
Chase>> PING>> 0.046875s
DarkJaxyChan>> PING>> 0.046875s
Chase>> PING>> 0.046875s
>> VERSION 2.0.4>> 0.03125s
>> LOADGAME kasumi mien123>> 0.1875s
>> VERSION 2.0.4>> 0.0625s
kasumi>> LOADGAME kasumi mine123>> 0.375s
kasumi>> TABLEQUERY 1>> 0.046875s
kasumi>> EXTRACHECK>> 0.03125s
DarkJaxyChan>> PING>> 0.03125s
Chase>> PING>> 0.03125s
kasumi>> PING>> 0.03125s
Chase>> PING>> 0.03125s
DarkJaxyChan>> PING>> 0.046875s
kasumi>> PING>> 0.046875s
DarkJaxyChan>> PING>> 0.03125s
kasumi>> PING>> 0.03125s
Chase>> PING>> 0.046875s
DarkJaxyChan>> PING>> 0.03125s
Chase>> PING>> 0.03125s
kasumi>> PING>> 0.03125s
DarkJaxyChan>> PING>> 0.03125s
kasumi>> PING>> 0.03125s
Chase>> PING>> 0.046875s
DarkJaxyChan>> PING>> 0.03125s
kasumi>> PING>> 0.03125s
Chase>> PING>> 0.03125s
DarkJaxyChan>> PING>> 0.03125s
kasumi>> PING>> 0.046875s
Chase>> PING>> 0.03125s
Chase>> PING>> 0.03125s
DarkJaxyChan>> PING>> 0.046875s
kasumi>> PING>> 0.0625s
DarkJaxyChan>> PING>> 0.03125s
kasumi>> PING>> 0.03125s
Chase>> PING>> 0.046875s
>> VERSION 2.0.4>> 0.03125s
SunDragon>> LOADGAME SunDragon qwerty>> 0.59375s
SunDragon>> TABLEQUERY 1>> 0.03125s
SunDragon>> EXTRACHECK>> 0.046875s
Chase>> PING>> 0.03125s
SunDragon>> CHAT I'm in ^^>> 1.4375s
kasumi>> PING>> 0.03125s
DarkJaxyChan>> PING>> 0.046875s
SunDragon>> PING>> 0.046875s
kasumi>> CHAT /me is away.  Reason: Idle>> 0.21875s
kasumi>> AWAY 1>> 0.03125s
Chase>> PING>> 0.03125s
DarkJaxyChan>> PING>> 0.03125s
kasumi>> PING>> 0.03125s
SunDragon>> PING>> 0.03125s
DarkJaxyChan>> PING>> 0.03125s
Chase>> PING>> 0.03125s
kasumi>> PING>> 0.03125s
DarkJaxyChan>> PING>> 0.03125s
kasumi>> PING>> 0.03125s
Chase>> PING>> 0.03125s
>> QUIT 0 1>> 0.296875s
DarkJaxyChan>> PING>> 0.046875s
Chase>> PING>> 0.046875s
>> VERSION 2.0.4>> 0.03125s
kasumi>> LOADGAME kasumi mine123>> 0.390625s
kasumi>> TABLEQUERY 1>> 0.03125s
kasumi>> EXTRACHECK>> 0.03125s
DarkJaxyChan>> PING>> 0.03125s
kasumi>> PING>> 0.03125s
Chase>> PING>> 0.03125s
>> VERSION 2.0.4>> 0.03125s
>> LOADGAME PhatRabbit treece>> 0.296875s
DarkJaxyChan>> PING>> 0.03125s
kasumi>> PING>> 0.03125s
Chase>> PING>> 0.03125s
DarkJaxyChan>> PING>> 0.03125s
kasumi>> PING>> 0.03125s
Chase>> PING>> 0.046875s
DarkJaxyChan>> PING>> 0.03125s
kasumi>> PING>> 0.046875s
Chase>> PING>> 0.03125s
DarkJaxyChan>> PING>> 0.03125s
kasumi>> PING>> 0.03125s
Chase>> PING>> 0.046875s
>> VERSION 2.0.4>> 0.03125s
SunDragon>> LOADGAME SunDragon qwerty>> 0.34375s
SunDragon>> TABLEQUERY 1>> 0.03125s
SunDragon>> EXTRACHECK>> 0.046875s
SunDragon>> CHAT I'm back>> 0.1875s
kasumi>> CHAT wb :P>> 0.203125s
kasumi>> AWAY 0>> 0.234375s
DarkJaxyChan>> PING>> 0.03125s
kasumi>> PING>> 0.046875s
SunDragon>> PING>> 0.03125s
Chase>> PING>> 0.03125s
kasumi>> CHAT o.O same for me, i suppose lol>> 0.203125s
kasumi>> CHAT /me runs around aimlessly>> 0.203125s
Chase>> PING>> 0.03125s
DarkJaxyChan>> PING>> 0.046875s
kasumi>> PING>> 0.046875s
SunDragon>> PING>> 0.03125s
>> VERSION 2.0.4>> 0.03125s
>> LOADGAME PhatRabbit treece>> 0.15625s
DarkJaxyChan>> PING>> 0.03125s
kasumi>> PING>> 0.03125s
Chase>> PING>> 0.03125s
SunDragon>> PING>> 0.0625s
SunDragon>> CHAT XD>> 0.1875s
SunDragon>> CHAT thx you too>> 0.1875s
SunDragon>> CHAT and: is the language thingy supposed to work?>> 0.1875s
kasumi>> CHAT i think so>> 0.234375s
kasumi>> CHAT if it doesn't get u disconnected, it does :P>> 0.1875s
DarkJaxyChan>> PING>> 0.03125s
Chase>> PING>> 0.03125s
kasumi>> PING>> 0.046875s
SunDragon>> PING>> 0.03125s
DarkJaxyChan>> PING>> 0.03125s
kasumi>> PING>> 0.03125s
Chase>> PING>> 0.03125s
SunDragon>> PING>> 0.03125s
SunDragon>> CHAT it doesn't work: i get a run-time error>> 0.1875s
kasumi>> CHAT :(>> 0.21875s
DarkJaxyChan>> PING>> 0.03125s
kasumi>> PING>> 0.03125s
Chase>> PING>> 0.03125s
SunDragon>> PING>> 0.03125s
SunDragon>> CHAT brb>> 0.203125s
DarkJaxyChan>> PING>> 0.03125s
Chase>> PING>> 0.046875s
SunDragon>> PING>> 0.046875s
kasumi>> PING>> 0.046875s
SunDragon>> CHAT then I can test for a last time>> 0.25s
kasumi>> CHAT server's yours :P>> 0.1875s
DarkJaxyChan>> PING>> 0.03125s
kasumi>> PING>> 0.046875s
SunDragon>> PING>> 0.03125s
Chase>> PING>> 0.03125s
DarkJaxyChan>> PING>> 0.03125s
kasumi>> PING>> 0.03125s
Chase>> PING>> 0.03125s
SunDragon>> PING>> 0.03125s
SunDragon>> CHAT XD>> 0.1875s
SunDragon>> WEBSERVICE>> 0.03125s
SunDragon>> WEBSERVICE>> 0.03125s
SunDragon>> WEBSERVICE>> 0.046875s
SunDragon>> WEBSERVICE>> 0.03125s
DarkJaxyChan>> PING>> 0.03125s
kasumi>> PING>> 0.03125s
Chase>> PING>> 0.03125s
SunDragon>> PING>> 0.03125s
SunDragon>> EQUIPAVATARS blondgirl_female>> 0.125s
SunDragon>> EQUIPAVATARS ladyinred>> 0.125s
SunDragon>> EQUIPAVATARS blondestudent_female>> 0.140625s
SunDragon>> EQUIPAVATARS acrobat_female>> 0.140625s
SunDragon>> EQUIPAVATARS beach_bg>> 0.140625s
kasumi>> WEBSERVICE>> 0.03125s
Chase>> PING>> 0.03125s
DarkJaxyChan>> PING>> 0.03125s
kasumi>> PING>> 0.03125s
SunDragon>> PING>> 0.03125s
kasumi>> PANDORAGUESS 4 4 4 4>> 0.421875s
kasumi>> WEBSERVICE>> 0.03125s
kasumi>> PANDORAGUESS 5 5 5 5>> 0.390625s
kasumi>> WEBSERVICE>> 0.03125s
kasumi>> PANDORAGUESS 5 6 6 5>> 0.453125s
kasumi>> WEBSERVICE>> 0.03125s
kasumi>> PANDORAGUESS 5 6 6 6>> 0.390625s
kasumi>> WEBSERVICE>> 0.03125s
kasumi>> PANDORAGUESS 5 7 7 7>> 0.40625s
kasumi>> WEBSERVICE>> 0.046875s
kasumi>> PANDORAGUESS 5 8 8 8>> 0.375s
kasumi>> WEBSERVICE>> 0.046875s
Chase>> PING>> 0.03125s
kasumi>> PANDORAGUESS 5 9 9 9>> 1.984375s
kasumi>> WEBSERVICE>> 0.03125s
kasumi>> PING>> 0.03125s
DarkJaxyChan>> PING>> 0.03125s
SunDragon>> PING>> 0.03125s
kasumi>> PANDORAGUESS 5 3 3 3>> 0.40625s
kasumi>> WEBSERVICE>> 0.03125s
SunDragon>> EQUIPAVATARS beach_bg>> 0.140625s
kasumi>> PANDORAGUESS 5 3 2 2>> 0.6875s
kasumi>> WEBSERVICE>> 0.03125s
kasumi>> CHAT <Mystery> kasumi opened Pandora's Box and won the pot of 236 AP! 23:14:33 yay>> 0.1875s
DarkJaxyChan>> PING>> 0.03125s
Chase>> PING>> 0.046875s
kasumi>> PING>> 0.03125s
SunDragon>> PING>> 0.046875s
SunDragon>> BUYAVATARS blondefeathers>> 0.359375s
SunDragon>> WEBSERVICE>> 0.03125s
SunDragon>> CHAT o,O>> 0.203125s
Chase>> PING>> 0.03125s
DarkJaxyChan>> PING>> 0.046875s
kasumi>> PING>> 0.03125s
SunDragon>> PING>> 0.03125s
kasumi>> CHAT keeping guessing sure works>> 0.203125s
DarkJaxyChan>> PING>> 0.03125s
Chase>> PING>> 0.046875s
kasumi>> PING>> 0.03125s
SunDragon>> PING>> 0.03125s
SunDragon>> CHAT I just had 1 number correc>> 0.171875s
SunDragon>> CHAT t>> 0.1875s
DarkJaxyChan>> PING>> 0.03125s
kasumi>> PING>> 0.03125s
Chase>> PING>> 0.03125s
SunDragon>> PING>> 0.03125s
kasumi>> CHAT well, the numbers don't change till some1 opens the box, so if u keep tryign numbers and figure out which number goes where, it's all yours :P>> 0.21875s
Chase>> PING>> 0.03125s
DarkJaxyChan>> PING>> 0.046875s
kasumi>> PING>> 0.03125s
SunDragon>> PING>> 0.03125s
SunDragon>> WEBSERVICE>> 0.03125s
DarkJaxyChan>> PING>> 0.03125s
kasumi>> PING>> 0.046875s
SunDragon>> PING>> 0.046875s
Chase>> PING>> 0.03125s
DarkJaxyChan>> PING>> 0.03125s
Chase>> PING>> 0.046875s
kasumi>> PING>> 0.03125s
SunDragon>> PING>> 0.03125s
kasumi>> CHAT hmm. .what else to play.. >> 0.203125s
kasumi>> SLOTSFF7>> 0.453125s
kasumi>> SLOTSFF7>> 0.34375s
kasumi>> SLOTSFF7>> 0.328125s
DarkJaxyChan>> PING>> 0.03125s
kasumi>> PING>> 0.03125s
SunDragon>> PING>> 0.03125s
Chase>> PING>> 0.03125s
kasumi>> SLOTSFF7>> 0.390625s
SunDragon>> CHAT u play?>> 0.1875s
SunDragon>> CHAT I'm looking at all avatars to see if they work>> 0.1875s
SunDragon>> CHAT we can play something when I'm done>> 0.21875s
DarkJaxyChan>> PING>> 0.03125s
kasumi>> PING>> 0.03125s
SunDragon>> PING>> 0.03125s
Chase>> PING>> 0.03125s
kasumi>> CHAT take your time, i can't join nor create tables; getting runtime errors :(>> 0.21875s
DarkJaxyChan>> PING>> 0.03125s
SunDragon>> PING>> 0.03125s
kasumi>> PING>> 0.03125s
Chase>> PING>> 0.03125s
SunDragon>> WEBSERVICE>> 0.03125s
kasumi>> CHAT side-games for me XD>> 0.1875s
DarkJaxyChan>> PING>> 0.03125s
kasumi>> PING>> 0.0625s
Chase>> PING>> 0.046875s
SunDragon>> PING>> 0.046875s
SunDragon>> EQUIPAVATARS acrobat_female>> 0.109375s
SunDragon>> EQUIPAVATARS beach_bg>> 0.109375s
SunDragon>> EQUIPAVATARS blondefeathers>> 0.1875s
DarkJaxyChan>> PING>> 0.03125s
kasumi>> PING>> 0.03125s
SunDragon>> PING>> 0.03125s
Chase>> PING>> 0.03125s
kasumi>> TREASUREHUNTER>> 0.4375s
kasumi>> TREASUREHUNTER>> 0.421875s
DarkJaxyChan>> PING>> 0.03125s
kasumi>> PING>> 0.03125s
SunDragon>> PING>> 0.03125s
Chase>> PING>> 0.03125s
SunDragon>> WEBSERVICE>> 0.046875s
SunDragon>> CHAT u can't play memory, too?>> 0.203125s
kasumi>> CHAT i can't even see the name of the game when the table forms :(>> 0.203125s
SunDragon>> TABLECREATE MEMORY>> 0.171875s
SunDragon>> TABLECLOSE>> 0.078125s
Chase>> PING>> 0.03125s
DarkJaxyChan>> PING>> 0.03125s
kasumi>> PING>> 0.046875s
SunDragon>> PING>> 0.03125s
kasumi>> CHAT i can try but no promises :P>> 0.171875s
SunDragon>> TABLECREATE MEMORY>> 0.171875s
SunDragon>> GAMEREADY>> 0.046875s
kasumi>> TABLEJOIN 1>> 0.78125s
SunDragon>> CHAT so let's give it a try>> 0.21875s
Chase>> PING>> 0.046875s
DarkJaxyChan>> PING>> 0.03125s
SunDragon>> PING>> 0.046875s
SunDragon>> CHALLENGECHATS hello?>> 0.09375s
SunDragon>> CHAT kas?>> 0.1875s
Chase>> PING>> 0.03125s
DarkJaxyChan>> PING>> 0.046875s
SunDragon>> PING>> 0.03125s
DarkJaxyChan>> >> 0s
DarkJaxyChan>> AWAY 0>> 0.609375s
SunDragon>> CHAT looooooooooool>> 0.203125s
SunDragon>> TABLECLOSE>> 0.125s
SunDragon>> CHAT jaxy play meh>> 0.1875s
SunDragon>> TABLECREATE2 OMNITT_RANDOM 5>> 0.171875s
SunDragon>> CHANGERULE OTT OMNITT_PLAYER 7>> 0.15625s
SunDragon>> GAMEREADY>> 0.078125s
Chase>> PING>> 0.046875s
DarkJaxyChan>> PING>> 0.046875s
SunDragon>> PING>> 0.046875s
Chase>> PING>> 0.03125s
DarkJaxyChan>> PING>> 0.046875s
SunDragon>> PING>> 0.03125s
Chase>> PING>> 0.03125s
DarkJaxyChan>> PING>> 0.03125s
SunDragon>> PING>> 0.046875s
SunDragon>> WEBSERVICE>> 0.046875s
DarkJaxyChan>> CHAT jetzt net schau grad monk>> 0.203125s
Chase>> PING>> 0.03125s
DarkJaxyChan>> PING>> 0.03125s
SunDragon>> PING>> 0.03125s
Chase>> PING>> 0.03125s
DarkJaxyChan>> PING>> 0.046875s
SunDragon>> PING>> 0.046875s
SunDragon>> TABLECLOSE>> 0.09375s
DarkJaxyChan>> PING>> 0.046875s
Chase>> PING>> 0.03125s
SunDragon>> PING>> 0.03125s
DarkJaxyChan>> PING>> 0.046875s
Chase>> PING>> 0.03125s
SunDragon>> PING>> 0.046875s
Chase>> PING>> 0.046875s
DarkJaxyChan>> PING>> 0.046875s
SunDragon>> PING>> 0.03125s
SunDragon>> WEBSERVICE>> 0.046875s
>> VERSION 2.0.4>> 0.03125s
>> LOADGAME kasumi mien123>> 0.203125s
>> VERSION 2.0.4>> 0.046875s
kasumi>> LOADGAME kasumi mine123>> 0.390625s
kasumi>> TABLEQUERY 1>> 0.03125s
kasumi>> EXTRACHECK>> 0.03125s
SunDragon>> CARDPACK Disney%20Pack>> 1.25s
DarkJaxyChan>> PING>> 0.03125s
kasumi>> PING>> 0.046875s
Chase>> PING>> 0.03125s
SunDragon>> PING>> 0.046875s
SunDragon>> CHAT wb ^^>> 0.1875s
kasumi>> CHAT man, this jackpot makes u drool compared to the one on the 1.5.9dw>> 0.234375s
kasumi>> CHAT ty :)>> 0.1875s
SunDragon>> CARDPACK Pilgrimage%20Pack>> 1.125s
DarkJaxyChan>> PING>> 0.03125s
Chase>> PING>> 0.03125s
kasumi>> PING>> 0.03125s
SunDragon>> PING>> 0.03125s
SunDragon>> WEBSERVICE>> 0.03125s
SunDragon>> PANDORAGUESS 8 4 9 1>> 0.421875s
SunDragon>> WEBSERVICE>> 0.03125s
Chase>> PING>> 0.03125s
DarkJaxyChan>> PING>> 0.046875s
kasumi>> PING>> 0.03125s
SunDragon>> PING>> 0.03125s
SunDragon>> CHAT where is this?>> 0.1875s
SunDragon>> CHAT do u mean the normal pandora's mystery?>> 0.1875s
Chase>> PING>> 0.03125s
DarkJaxyChan>> PING>> 0.03125s
kasumi>> PING>> 0.046875s
SunDragon>> PING>> 0.03125s
kasumi>> CHAT not really; the jackpot mentioned in the motd at login>> 0.203125s
kasumi>> CHAT says 5k gp here>> 0.1875s
kasumi>> CHAT 38 on the other dw XD>> 0.25s
DarkJaxyChan>> PING>> 0.03125s
kasumi>> PING>> 0.046875s
Chase>> PING>> 0.03125s
SunDragon>> PING>> 0.03125s
DarkJaxyChan>> CHAT /me is away.  Reason: Idle>> 0.1875s
DarkJaxyChan>> AWAY 1>> 0.03125s
kasumi>> CHAT jax was here? o.O>> 0.171875s
kasumi>> CHAT (as in back from away - kind of here)>> 0.171875s
Chase>> PING>> 0.03125s
DarkJaxyChan>> PING>> 0.046875s
kasumi>> PING>> 0.03125s
SunDragon>> PING>> 0.03125s
DarkJaxyChan>> PING>> 0.03125s
Chase>> PING>> 0.046875s
kasumi>> PING>> 0.046875s
SunDragon>> PING>> 0.03125s
Chase>> PING>> 0.03125s
DarkJaxyChan>> PING>> 0.046875s
kasumi>> PING>> 0.046875s
SunDragon>> PING>> 0.03125s
DarkJaxyChan>> PING>> 0.03125s
kasumi>> PING>> 0.03125s
Chase>> PING>> 0.03125s
SunDragon>> PING>> 0.03125s
SunDragon>> CHAT I see the jackpot ^^>> 0.234375s
Chase>> PING>> 0.03125s
DarkJaxyChan>> PING>> 0.03125s
kasumi>> PING>> 0.046875s
SunDragon>> PING>> 0.03125s
DarkJaxyChan>> PING>> 0.03125s
SunDragon>> PING>> 0.046875s
kasumi>> PING>> 0.03125s
Chase>> PING>> 0.03125s
kasumi>> CHAT think i'll be off in about 15 mins top x_X>> 0.1875s
Chase>> PING>> 0.046875s
DarkJaxyChan>> PING>> 0.03125s
SunDragon>> PING>> 0.046875s
kasumi>> PING>> 0.03125s
SunDragon>> CHAT ohhhh>> 0.203125s
DarkJaxyChan>> PING>> 0.03125s
kasumi>> PING>> 0.03125s
Chase>> PING>> 0.03125s
SunDragon>> PING>> 0.03125s
kasumi>> CHAT yeah, i don't have post-midnight schedule as i had last year :(>> 0.203125s
SunDragon>> CHAT oh. >> 0.21875s
kasumi>> CHAT only on weekends now XD (wel, friday/saturday nights though)>> 0.1875s
SunDragon>> CHAT mhm>> 0.203125s
kasumi>> PING>> 0.046875s
SunDragon>> PING>> 0.03125s
DarkJaxyChan>> PING>> 0.03125s
Chase>> PING>> 0.03125s
kasumi>> CHAT good things for holidays in december XD>> 0.203125s
DarkJaxyChan>> PING>> 0.03125s
SunDragon>> PING>> 0.046875s
Chase>> PING>> 0.046875s
kasumi>> PING>> 0.03125s
kasumi>> CHAT can't wait till christmas lol>> 0.1875s
DarkJaxyChan>> PING>> 0.03125s
kasumi>> PING>> 0.046875s
SunDragon>> PING>> 0.046875s
Chase>> PING>> 0.03125s
DarkJaxyChan>> PING>> 0.03125s
Chase>> PING>> 0.046875s
kasumi>> PING>> 0.03125s
SunDragon>> PING>> 0.046875s
SunDragon>> CHAT XD>> 0.1875s
SunDragon>> CHAT it's a long time till then>> 0.203125s
DarkJaxyChan>> PING>> 0.03125s
SunDragon>> PING>> 0.046875s
Chase>> PING>> 0.03125s
kasumi>> PING>> 0.046875s
kasumi>> CHAT only about a month Xd>> 0.21875s
DarkJaxyChan>> PING>> 0.03125s
kasumi>> PING>> 0.046875s
SunDragon>> PING>> 0.03125s
Chase>> PING>> 0.03125s
kasumi>> CHAT i wish lumi stopped changing the graphics on v2 though; i wanna do an xmas theme if i get to>> 0.21875s
SunDragon>> CHAT wow. nice>> 0.171875s
SunDragon>> CHAT new clothes would be great..somehow>> 0.203125s
Chase>> PING>> 0.046875s
DarkJaxyChan>> PING>> 0.03125s
kasumi>> PING>> 0.03125s
SunDragon>> PING>> 0.03125s
kasumi>> CHAT i could try drawing, but it'd take a long time to get them all done, while also taking in consideration that i was never good at chibis XD>> 0.21875s
Chase>> PING>> 0.03125s
DarkJaxyChan>> PING>> 0.046875s
kasumi>> PING>> 0.046875s
SunDragon>> PING>> 0.03125s
Chase>> PING>> 0.03125s
DarkJaxyChan>> PING>> 0.046875s
kasumi>> PING>> 0.046875s
SunDragon>> PING>> 0.046875s
SunDragon>> CHAT why drawing? I thought there wa ssomethig like rpg-maker which clothes and stuff we could ue from>> 0.203125s
SunDragon>> CHAT +s>> 0.21875s
DarkJaxyChan>> PING>> 0.03125s
kasumi>> PING>> 0.03125s
SunDragon>> PING>> 0.046875s
Chase>> PING>> 0.03125s
kasumi>> CHAT yeah, but they're kind of limited, i think; seen a few rpgs made w/ it and most if not all of the chars in it have clothes/faces such as those in here>> 0.21875s
SunDragon>> CHAT oh, oki>> 0.1875s
DarkJaxyChan>> PING>> 0.03125s
Chase>> PING>> 0.046875s
kasumi>> PING>> 0.03125s
SunDragon>> PING>> 0.03125s
kasumi>> CHAT i can get bg's done though XD>> 0.1875s
SunDragon>> CHAT but: how to draw them and then put into dw? because they cannot be kept as drawings, right?>> 0.21875s
kasumi>> CHAT would be nice t osee new ones given on events every once in a while as they used to>> 0.296875s
DarkJaxyChan>> PING>> 0.03125s
kasumi>> PING>> 0.03125s
Chase>> PING>> 0.046875s
SunDragon>> PING>> 0.03125s
kasumi>> CHAT well, that's where a scanner and photoshop come in :)>> 0.1875s
kasumi>> CHAT and lumi, too, as he'll be the one getting the new stuff implemented XD>> 0.53125s
Chase>> PING>> 0.03125s
DarkJaxyChan>> PING>> 0.046875s
SunDragon>> PING>> 0.03125s
kasumi>> PING>> 0.046875s
SunDragon>> CHAT oki>> 0.546875s
SunDragon>> CHAT good to know>> 0.234375s
kasumi>> CHAT it's sad only girls geta winged avatar XD>> 0.203125s
DarkJaxyChan>> PING>> 0.03125s
kasumi>> PING>> 0.03125s
SunDragon>> PING>> 0.046875s
Chase>> PING>> 0.0625s
SunDragon>> CHAT hehehe>> 0.1875s
kasumi>> CHAT it's the main reason i changed mine's gender>> 0.21875s
SunDragon>> CHAT or bunny ears>> 0.234375s
kasumi>> CHAT yeah, lol>> 0.203125s
kasumi>> CHAT hmm..>> 0.203125s
SunDragon>> CHAT i guess they are new?>> 0.203125s
kasumi>> CHAT well, it'll be kind of.. weird.. to se bunny ears on guys lol>> 0.234375s
SunDragon>> CHAT mhm>> 0.21875s
kasumi>> CHAT i think so>> 0.25s
SunDragon>> CHAT I like mines>> 0.296875s
kasumi>> CHAT :P>> 0.4375s
kasumi>> WEBSERVICE>> 0.046875s
kasumi>> WEBSERVICE>> 0.03125s
DarkJaxyChan>> PING>> 0.03125s
Chase>> PING>> 0.03125s
kasumi>> PING>> 0.03125s
SunDragon>> PING>> 0.046875s
SunDragon>> TABLECREATE MEMORY>> 0.171875s
SunDragon>> TABLECLOSE>> 0.078125s
SunDragon>> TREASUREHUNTER>> 0.40625s
Chase>> PING>> 0.03125s
DarkJaxyChan>> PING>> 0.0625s
SunDragon>> PING>> 0.046875s
kasumi>> PING>> 0.03125s
SunDragon>> SLOTSANIME>> 0.4375s
SunDragon>> SLOTSANIME>> 0.4375s
SunDragon>> SLOTSANIME>> 0.375s
SunDragon>> SLOTSANIME>> 0.375s
SunDragon>> SLOTSANIME>> 0.5s
SunDragon>> SLOTSANIME>> 0.390625s
SunDragon>> SLOTSANIME>> 0.34375s
DarkJaxyChan>> PING>> 0.03125s
kasumi>> PING>> 0.03125s
Chase>> PING>> 0.03125s
SunDragon>> PING>> 0.03125s
SunDragon>> SLOTSFF7>> 0.359375s
SunDragon>> SLOTSFF7>> 0.421875s
SunDragon>> SLOTSFF7>> 0.46875s
SunDragon>> SLOTSFF7>> 0.375s
kasumi>> CHAT lumi knows what he wants to bid on..>> 0.25s
kasumi>> CHAT http://cgi.ebay.com/PS3-Sony-PlayStation-3-60GB-Premium-Console-Fast-Ship_W0QQitemZ120055617193QQihZ002QQcategoryZ62054QQrdZ1QQcmdZViewItem>> 0.234375s
SunDragon>> SLOTSFF7>> 0.65625s
DarkJaxyChan>> PING>> 0.046875s
kasumi>> PING>> 0.03125s
SunDragon>> PING>> 0.046875s
Chase>> PING>> 0.03125s
DarkJaxyChan>> PING>> 0.03125s
kasumi>> PING>> 0.046875s
Chase>> PING>> 0.03125s
SunDragon>> PING>> 0.03125s
SunDragon>> CHAT loooooooool>> 0.203125s
SunDragon>> CHAT this is coooool>> 0.203125s
kasumi>> CHAT yeah, rofl>> 0.1875s
SunDragon>> CHAT send this lumi XD>> 0.25s
SunDragon>> CHAT but not the thing you wrote>> 0.203125s
kasumi>> CHAT i suppose i'm lucky i don't hae a credit card yet, lol>> 0.203125s
Chase>> PING>> 0.03125s
DarkJaxyChan>> PING>> 0.046875s
kasumi>> PING>> 0.03125s
SunDragon>> PING>> 0.03125s
kasumi>> CHAT he sent it to me 1 min ago lol>> 0.1875s
SunDragon>> CHAT lmao>> 0.21875s
DarkJaxyChan>> PING>> 0.03125s
Chase>> PING>> 0.03125s
kasumi>> PING>> 0.03125s
SunDragon>> PING>> 0.015625s
DarkJaxyChan>> PING>> 0.03125s
kasumi>> PING>> 0.046875s
SunDragon>> PING>> 0.046875s
Chase>> PING>> 0.03125s
kasumi>> CHAT jaxy says he bought it rofl>> 0.21875s
DarkJaxyChan>> PING>> 0.046875s
kasumi>> PING>> 0.046875s
SunDragon>> PING>> 0.03125s
Chase>> PING>> 0.03125s
SunDragon>> CHAT XD>> 0.203125s
DarkJaxyChan>> PING>> 0.03125s
kasumi>> PING>> 0.046875s
Chase>> PING>> 0.03125s
SunDragon>> PING>> 0.03125s
DarkJaxyChan>> PING>> 0.03125s
kasumi>> PING>> 0.03125s
SunDragon>> PING>> 0.046875s
Chase>> PING>> 0.046875s
DarkJaxyChan>> PING>> 0.03125s
kasumi>> PING>> 0.03125s
SunDragon>> PING>> 0.03125s
Chase>> PING>> 0.046875s
kasumi>> CHAT gonna keep my beta in, i'm heading to sleep in a min :(>> 0.1875s
DarkJaxyChan>> PING>> 0.03125s
Chase>> PING>> 0.046875s
kasumi>> PING>> 0.03125s
SunDragon>> PING>> 0.046875s
DarkJaxyChan>> CHAT /me is back.>> 0.46875s
kasumi>> CHAT aww>> 0.1875s
DarkJaxyChan>> PING>> 0.03125s
kasumi>> PING>> 0.046875s
Chase>> PING>> 0.03125s
SunDragon>> PING>> 0.03125s
DarkJaxyChan>> CHAT atleast im not shino xD>> 0.203125s
kasumi>> CHAT lmao>> 0.203125s
Chase>> PING>> 0.03125s
DarkJaxyChan>> PING>> 0.03125s
SunDragon>> PING>> 0.03125s
kasumi>> PING>> 0.03125s
DarkJaxyChan>> PING>> 0.03125s
kasumi>> PING>> 0.03125s
Chase>> PING>> 0.03125s
SunDragon>> PING>> 0.03125s
kasumi>> CHAT well, i'm checking out for tonight, have fun beta-ing>> 0.25s
DarkJaxyChan>> CHAT sure>> 0.1875s
DarkJaxyChan>> CHAT always have fun to find bugs>> 0.421875s
DarkJaxyChan>> CHAT /me gets the bug spray 3000>> 0.28125s
DarkJaxyChan>> PING>> 0.03125s
kasumi>> PING>> 0.03125s
SunDragon>> PING>> 0.03125s
Chase>> PING>> 0.03125s
kasumi>> CHAT /me fears for bugzapper>> 0.21875s
DarkJaxyChan>> CHAT go sleep>> 0.21875s
DarkJaxyChan>> CHAT xD>> 0.1875s
kasumi>> CHAT k, lol, bb>> 0.5s
kasumi>> CHAT /me waves around >:P>> 0.21875s
Chase>> PING>> 0.03125s
DarkJaxyChan>> PING>> 0.03125s
kasumi>> PING>> 0.046875s
SunDragon>> PING>> 0.046875s
SunDragon>> WEBSERVICE>> 0.046875s
>> QUIT 0 1>> 0.359375s
SunDragon>> CHPASS  1 1 Germany>> 0.140625s
SunDragon>> CHAT bye kas>> 0.234375s
DarkJaxyChan>> CHAT he left already>> 0.28125s
SunDragon>> CHAT oh. k>> 0.25s
Chase>> PING>> 0.03125s
DarkJaxyChan>> PING>> 0.03125s
SunDragon>> PING>> 0.03125s
SunDragon>> TABLECREATE2 OMNITT_RANDOM 5>> 0.421875s
SunDragon>> CHANGERULE OTT OMNITT_PLAYER 7>> 1.140625s
Chase>> PING>> 0.03125s
DarkJaxyChan>> PING>> 0.03125s
SunDragon>> PING>> 0.046875s
DarkJaxyChan>> CHAT well im off, pm me if we can test again =P>> 0.21875s
>> QUIT 0 1>> 0.3125s
Chase>> PING>> 0.03125s
SunDragon>> PING>> 0.03125s
Chase>> PING>> 0.03125s
SunDragon>> PING>> 0.03125s
SunDragon>> CHAT all gone...>> 0.25s
SunDragon>> WEBSERVICE>> 0.03125s
SunDragon>> WEBSERVICE>> 0.03125s
Chase>> PING>> 0.046875s
SunDragon>> PING>> 0.03125s
SunDragon>> TABLECLOSE>> 0.078125s
SunDragon>> ADMINLOGIN 78547841>> 0.203125s
SunDragon>> WEBSERVICE>> 0.03125s
SunDragon>> ADMINKEYWORD bye>> 0.234375s
SunDragon>> ADMINKEYWORD v2>> 0.234375s
SunDragon>> PING>> 0.03125s
Chase>> PING>> 0.046875s
SunDragon>> WEBSERVICE>> 0.03125s
SunDragon>> PING>> 0.03125s
Chase>> PING>> 0.046875s
>> VERSION 2.0.4>> 0.046875s
PaKeLiKa>> LOADGAME PaKeLiKa tifa17>> 0.609375s
PaKeLiKa>> TABLEQUERY 1>> 0.03125s
PaKeLiKa>> EXTRACHECK>> 0.046875s
SunDragon>> ADMINCHAT lalala>> 0.203125s
SunDragon>> CHAT heya pake>> 0.375s
PaKeLiKa>> CHAT howdy sundragon>> 0.203125s
Chase>> PING>> 0.03125s
PaKeLiKa>> PING>> 0.03125s
SunDragon>> PING>> 0.03125s
PaKeLiKa>> CONVGPAP 36790>> 0.609375s
PaKeLiKa>> CHAT <Conversion> You converted 36790GP into 367900AP. 17:30:33>> 0.75s
SunDragon>> CONVGPAP 5000>> 0.703125s
SunDragon>> CHAT yay>> 0.40625s
SunDragon>> CHAT <Conversion> You converted 5000GP into 50000AP. 23:33:54>> 0.203125s
SunDragon>> CONVAPGP 500>> 0.515625s
Chase>> PING>> 0.046875s
SunDragon>> PING>> 0.03125s
PaKeLiKa>> PING>> 0.03125s
SunDragon>> TREASUREHUNTER>> 0.484375s
SunDragon>> TREASUREHUNTER>> 0.453125s
SunDragon>> TREASUREHUNTER>> 0.296875s
SunDragon>> TREASUREHUNTER>> 0.34375s
SunDragon>> TREASUREHUNTER>> 0.46875s
SunDragon>> TREASUREHUNTER>> 0.359375s
SunDragon>> TREASUREHUNTER>> 0.34375s
SunDragon>> TREASUREHUNTER>> 0.421875s
SunDragon>> TREASUREHUNTER>> 0.40625s
SunDragon>> TREASUREHUNTER>> 0.3125s
SunDragon>> TREASUREHUNTER>> 0.453125s
SunDragon>> TREASUREHUNTER>> 0.375s
SunDragon>> TREASUREHUNTER>> 0.3125s
SunDragon>> TREASUREHUNTER>> 0.328125s
SunDragon>> TREASUREHUNTER>> 0.3125s
SunDragon>> TREASUREHUNTER>> 0.40625s
SunDragon>> TREASUREHUNTER>> 0.46875s
SunDragon>> TREASUREHUNTER>> 0.34375s
SunDragon>> TREASUREHUNTER>> 0.328125s
Chase>> PING>> 0.03125s
SunDragon>> PING>> 0.03125s
PaKeLiKa>> PING>> 0.03125s
SunDragon>> TREASUREHUNTER>> 0.3125s
SunDragon>> TREASUREHUNTER>> 0.34375s
SunDragon>> TREASUREHUNTER>> 0.328125s
SunDragon>> TREASUREHUNTER>> 0.53125s
SunDragon>> TREASUREHUNTER>> 0.328125s
SunDragon>> TREASUREHUNTER>> 0.3125s
SunDragon>> TREASUREHUNTER>> 0.328125s
SunDragon>> TREASUREHUNTER>> 0.359375s
SunDragon>> TREASUREHUNTER>> 0.3125s
SunDragon>> TREASUREHUNTER>> 0.46875s
SunDragon>> TREASUREHUNTER>> 0.390625s
SunDragon>> PING>> 0.03125s
PaKeLiKa>> PING>> 0.046875s
Chase>> PING>> 0.03125s
SunDragon>> WEBSERVICE>> 0.046875s
PaKeLiKa>> PING>> 0.03125s
Chase>> PING>> 0.03125s
SunDragon>> PING>> 0.03125s
SunDragon>> WEBSERVICE>> 0.03125s
SunDragon>> WEBSERVICE>> 0.03125s
SunDragon>> WEBSERVICE>> 0.03125s
SunDragon>> WEBSERVICE>> 0.03125s
SunDragon>> WEBSERVICE>> 0.046875s
SunDragon>> WEBSERVICE>> 0.03125s
SunDragon>> WEBSERVICE>> 0.03125s
SunDragon>> WEBSERVICE>> 0.0625s
PaKeLiKa>> PING>> 0.03125s
SunDragon>> PING>> 0.03125s
Chase>> PING>> 0.03125s
SunDragon>> WEBSERVICE>> 0.03125s
SunDragon>> WEBSERVICE>> 0.03125s
SunDragon>> WEBSERVICE>> 0.046875s
SunDragon>> WEBSERVICE>> 0.046875s
SunDragon>> WEBSERVICE>> 0.046875s
SunDragon>> WEBSERVICE>> 0.03125s
SunDragon>> WEBSERVICE>> 0.03125s
SunDragon>> WEBSERVICE>> 0.03125s
Chase>> PING>> 0.03125s
PaKeLiKa>> PING>> 0.03125s
SunDragon>> PING>> 0.03125s
SunDragon>> WEBSERVICE>> 0.03125s
SunDragon>> WEBSERVICE>> 0.03125s
SunDragon>> ALTERNATESET 50>> 0.3125s
SunDragon>> WEBSERVICE>> 0.03125s
SunDragon>> WEBSERVICE>> 0.03125s
SunDragon>> ALTERNATESET 50>> 0.171875s
SunDragon>> WEBSERVICE>> 0.046875s
SunDragon>> WEBSERVICE>> 0.03125s
SunDragon>> WEBSERVICE>> 0.03125s
Chase>> PING>> 0.03125s
PaKeLiKa>> PING>> 0.03125s
SunDragon>> PING>> 0.03125s
SunDragon>> WEBSERVICE>> 0.03125s
SunDragon>> WEBSERVICE>> 0.03125s
PaKeLiKa>> >> 0s
PaKeLiKa>> AWAY 1>> 0.453125s
SunDragon>> WEBSERVICE>> 0.03125s
Chase>> PING>> 0.046875s
PaKeLiKa>> PING>> 0.03125s
SunDragon>> WEBSERVICE>> 0.03125s
SunDragon>> PING>> 0.03125s
SunDragon>> WEBSERVICE>> 0.03125s
SunDragon>> WEBSERVICE>> 0.03125s
SunDragon>> WEBSERVICE>> 0.03125s
>> VERSION 2.0.4>> 0.03125s
pinkspider>> LOADGAME pinkspider yamihope>> 0.640625s
pinkspider>> TABLEQUERY 1>> 0.03125s
pinkspider>> EXTRACHECK>> 0.03125s
PaKeLiKa>> PING>> 0.03125s
Chase>> PING>> 0.046875s
pinkspider>> PING>> 0.03125s
SunDragon>> >> 0s
SunDragon>> PING>> 1.703125s
pinkspider>> CHAT hi draggy>> 0.21875s
pinkspider>> TREASUREHUNTER>> 0.328125s
SunDragon>> WEBSERVICE>> 0.03125s
SunDragon>> WEBSERVICE>> 0.03125s
pinkspider>> PING>> 0.03125s
Chase>> PING>> 0.046875s
SunDragon>> PING>> 0.046875s
PaKeLiKa>> PING>> 0.046875s
SunDragon>> CHAT why can't I see my cards in setup player merchant?>> 0.234375s
pinkspider>> PING>> 0.046875s
SunDragon>> PING>> 0.03125s
Chase>> PING>> 0.046875s
PaKeLiKa>> PING>> 0.03125s
pinkspider>> PING>> 0.03125s
Chase>> PING>> 0.046875s
SunDragon>> PING>> 0.03125s
PaKeLiKa>> PING>> 0.03125s
SunDragon>> WEBSERVICE>> 0.03125s
SunDragon>> WEBSERVICE>> 0.03125s
SunDragon>> WEBSERVICE>> 0.03125s
pinkspider>> PING>> 0.03125s
PaKeLiKa>> PING>> 0.03125s
SunDragon>> PING>> 0.03125s
Chase>> PING>> 0.03125s
pinkspider>> PING>> 0.03125s
PaKeLiKa>> PING>> 0.046875s
SunDragon>> PING>> 0.03125s
Chase>> PING>> 0.03125s
SunDragon>> WEBSERVICE>> 0.03125s
SunDragon>> WEBSERVICE>> 0.046875s
pinkspider>> PING>> 0.03125s
Chase>> PING>> 0.046875s
PaKeLiKa>> PING>> 0.03125s
SunDragon>> PING>> 0.03125s
pinkspider>> PING>> 0.03125s
PaKeLiKa>> PING>> 0.03125s
SunDragon>> PING>> 0.03125s
Chase>> PING>> 0.03125s
SunDragon>> RANDOM 1 10>> 0.046875s
SunDragon>> CHAT XD>> 0.203125s
Chase>> PING>> 0.046875s
pinkspider>> PING>> 0.03125s
PaKeLiKa>> PING>> 0.046875s
SunDragon>> PING>> 0.03125s
pinkspider>> PING>> 0.03125s
PaKeLiKa>> PING>> 0.03125s
SunDragon>> PING>> 0.03125s
Chase>> PING>> 0.03125s
pinkspider>> >> 0s
pinkspider>> AWAY 1>> 0.59375s
pinkspider>> PING>> 0.046875s
Chase>> PING>> 0.046875s
PaKeLiKa>> PING>> 0.03125s
SunDragon>> PING>> 0.03125s
SunDragon>> CHAT /ooc raupi>> 0.234375s
SunDragon>> CHAT bai bai @ all ^,^>> 0.203125s
>> QUIT 23 1>> 0.5625s
pinkspider>> PING>> 0.046875s
Chase>> PING>> 0.046875s
PaKeLiKa>> PING>> 0.0625s
Chase>> PING>> 0.078125s
pinkspider>> PING>> 0.109375s
PaKeLiKa>> PING>> 0.171875s
Chase>> PING>> 0.03125s
pinkspider>> PING>> 0.03125s
PaKeLiKa>> PING>> 0.03125s
pinkspider>> PING>> 0.0625s
Chase>> PING>> 0.0625s
PaKeLiKa>> PING>> 0.046875s
pinkspider>> PING>> 0.03125s
Chase>> PING>> 0.03125s
PaKeLiKa>> PING>> 0.046875s
pinkspider>> PING>> 0.046875s
PaKeLiKa>> PING>> 0.03125s
Chase>> PING>> 0.046875s