
darklumina>> PING>> 0.03125s
darklumina>> PING>> 0.03125s
darklumina>> PING>> 0.03125s
>> VERSION 2.0.6>> 0.03125s
>> LOADGAME VinnieHuynh SxcMe>> 0.59375s
darklumina>> PING>> 0.03125s
darklumina>> PING>> 0.03125s
darklumina>> PING>> 0.03125s
darklumina>> PING>> 0.03125s
darklumina>> PING>> 0.03125s
>> VERSION 2.0.6>> 0.03125s
>> LOADGAME VinnieHuynh SxcMe>> 0.578125s
darklumina>> PING>> 0.03125s
darklumina>> PING>> 0.03125s
darklumina>> PING>> 0.046875s
darklumina>> PING>> 0.03125s
darklumina>> PING>> 0.03125s
>> VERSION 2.0.6>> 0.03125s
>> LOADGAME VinnieHuynh SxcMe>> 0.609375s
darklumina>> PING>> 0.03125s
darklumina>> PING>> 0.03125s
>> VERSION 2.0.6>> 0.03125s
>> LOADGAME azaske azaske>> 0.546875s
>> VERSION 2.0.6>> 0.046875s
>> LOADGAME azaske azaske>> 0.3125s
darklumina>> PING>> 0.03125s
darklumina>> PING>> 0.03125s
darklumina>> PING>> 0.03125s
darklumina>> PING>> 0.03125s
>> VERSION 2.0.6>> 0.03125s
>> LOADGAME azaske azaske>> 0.53125s
darklumina>> PING>> 0.03125s
darklumina>> PING>> 0.03125s
darklumina>> PING>> 0.03125s
darklumina>> PING>> 0.03125s
darklumina>> PING>> 0.03125s
>> VERSION 2.0.5>> 0.046875s
darklumina>> PING>> 0.03125s
darklumina>> PING>> 0.03125s
darklumina>> PING>> 0.03125s
darklumina>> PING>> 0.03125s
darklumina>> PING>> 0.03125s
darklumina>> PING>> 0.03125s
darklumina>> PING>> 0.03125s
darklumina>> PING>> 0.03125s
darklumina>> PING>> 0.03125s
darklumina>> PING>> 0.03125s
darklumina>> PING>> 0.03125s
darklumina>> PING>> 0.03125s
darklumina>> PING>> 0.03125s
darklumina>> PING>> 0.046875s
darklumina>> PING>> 0.03125s
darklumina>> PING>> 0.03125s
darklumina>> PING>> 0.03125s
darklumina>> PING>> 0.03125s
>> VERSION 2.0.6>> 0.03125s
>> LOADGAME Kadajiroth d4qfkxva9>> 0.765625s
darklumina>> PING>> 0.03125s
darklumina>> PING>> 0.03125s
>> VERSION 2.0.6>> 0.03125s
>> LOADGAME Chase Infenro>> 0.578125s
>> VERSION 2.0.6>> 0.046875s
Chase>> LOADGAME Chase Inferno>> 0.390625s
Chase>> TABLEQUERY 1>> 0.03125s
Chase>> EXTRACHECK>> 0.03125s
Chase>> TREASUREHUNTER>> 1.09375s
Chase>> TREASUREHUNTER>> 0.484375s
Chase>> TREASUREHUNTER>> 0.359375s
Chase>> TREASUREHUNTER>> 0.34375s
Chase>> TREASUREHUNTER>> 0.34375s
Chase>> TREASUREHUNTER>> 0.46875s
Chase>> TREASUREHUNTER>> 0.390625s
Chase>> TREASUREHUNTER>> 0.359375s
Chase>> TREASUREHUNTER>> 0.328125s
Chase>> WEBSERVICE>> 0.03125s
>> QUIT 0 1>> 0.328125s
>> VERSION 2.0.6>> 0.03125s
Chase>> LOADGAME Chase Inferno>> 0.84375s
Chase>> TABLEQUERY 1>> 0.03125s
Chase>> EXTRACHECK>> 0.03125s
Chase>> WEBSERVICE>> 0.03125s
>> QUIT 0 1>> 0.28125s
>> VERSION 2.0.6>> 0.03125s
Chase>> LOADGAME Chase Inferno>> 0.90625s
Chase>> TABLEQUERY 1>> 0.03125s
Chase>> EXTRACHECK>> 0.03125s
Chase>> CHAT o.0 >> 0.203125s
Chase>> PING>> 0.046875s
Chase>> CHAT /me waves to the people. they can't see him. you see children, chase is a ghost.>> 0.171875s
Chase>> PING>> 0.03125s
Chase>> PING>> 0.046875s
Chase>> PING>> 0.03125s
Chase>> PING>> 0.03125s
Chase>> PING>> 0.03125s
Chase>> PING>> 0.03125s
Chase>> >> 0s
Chase>> AWAY 1>> 0.78125s
Chase>> PING>> 0.03125s
Chase>> PING>> 0.03125s
Chase>> PING>> 0.03125s
Chase>> PING>> 0.03125s
Chase>> PING>> 0.03125s
Chase>> PING>> 0.03125s
Chase>> PING>> 0.03125s
Chase>> PING>> 0.03125s
Chase>> PING>> 0.03125s
Chase>> PING>> 0.03125s
Chase>> PING>> 0.046875s
Chase>> PING>> 0.046875s
Chase>> PING>> 0.03125s
>> QUIT 0 1>> 0.328125s
>> VERSION 2.0.6>> 0.046875s
squll-typo>> LOADGAME squll-typo cainryan>> 1.078125s
squll-typo>> EXTRACHECK>> 0.078125s
squll-typo>> CHAT nublets>> 0.28125s
squll-typo>> AWAY 0>> 0.21875s
squll-typo>> PING>> 0.03125s
squll-typo>> WEBSERVICE>> 0.03125s
squll-typo>> WEBSERVICE>> 0.0625s
squll-typo>> WEBSERVICE>> 0.03125s
squll-typo>> WEBSERVICE>> 0.03125s
squll-typo>> PING>> 0.03125s
squll-typo>> PING>> 0.03125s
squll-typo>> PING>> 0.03125s
squll-typo>> PING>> 0.03125s
squll-typo>> PING>> 0.03125s
squll-typo>> WEBSERVICE>> 0.03125s
squll-typo>> PANDORAGUESS 10 3 4 9>> 1s
squll-typo>> WEBSERVICE>> 0.03125s
squll-typo>> PING>> 0.03125s
squll-typo>> CHAT /me is away.  Reason: Idle>> 0.21875s
squll-typo>> AWAY 1>> 0.03125s
squll-typo>> PING>> 0.03125s
squll-typo>> PING>> 0.03125s
squll-typo>> WEBSERVICE>> 0.03125s
squll-typo>> ALTERNATESET 100>> 0.640625s
squll-typo>> WEBSERVICE>> 0.0625s
squll-typo>> WEBSERVICE>> 0.03125s
squll-typo>> WEBSERVICE>> 0.03125s
squll-typo>> WEBSERVICE>> 0.03125s
squll-typo>> WEBSERVICE>> 0.03125s
squll-typo>> PING>> 0.03125s
squll-typo>> PING>> 0.03125s
squll-typo>> PING>> 0.03125s
squll-typo>> PING>> 0.03125s
squll-typo>> PING>> 0.03125s
squll-typo>> PING>> 0.03125s
squll-typo>> PING>> 0.03125s
squll-typo>> PING>> 0.03125s
squll-typo>> PING>> 0.03125s
squll-typo>> PING>> 0.03125s
squll-typo>> PING>> 0.03125s
squll-typo>> PING>> 0.03125s
squll-typo>> PING>> 0.03125s
squll-typo>> PING>> 0.03125s
squll-typo>> PING>> 0.03125s
squll-typo>> PING>> 0.03125s
squll-typo>> PING>> 0.03125s
squll-typo>> PING>> 0.03125s
squll-typo>> PING>> 0.03125s
squll-typo>> PING>> 0.03125s
squll-typo>> PING>> 0.03125s
squll-typo>> PING>> 0.03125s
squll-typo>> PING>> 0.03125s
squll-typo>> PING>> 0.03125s
squll-typo>> PING>> 0.03125s
squll-typo>> PING>> 0.03125s
>> VERSION 2.0.6>> 0.03125s
Crono22002>> LOADGAME Crono22002 cross>> 0.875s
Crono22002>> TABLEQUERY 1>> 0.03125s
Crono22002>> EXTRACHECK>> 0.03125s
Crono22002>> WEBSERVICE>> 0.03125s
Crono22002>> PANDORAGUESS 4 9 7 1>> 0.5s
Crono22002>> WEBSERVICE>> 0.03125s
Crono22002>> WEBSERVICE>> 0.03125s
Crono22002>> TABLECREATE>> 0.625s
Crono22002>> WEBSERVICE>> 0.03125s
squll-typo>> PING>> 0.03125s
Crono22002>> PING>> 0.03125s
Crono22002>> CHANGERULE 0 0 1 0 0 0 0 0 1 1 0 0 0 0 0 0 0 1 1 0 0 0 0 0 1 0 0 0 0 0 0 0 0 1 0 0 0 0 0 1@@Triple%20Triad@@ Anime CC FF7 FF9 FFAC FFT FFX KingdomHearts Nintendo Sega Standard Suikoden2 XenoTrigger>> 0.171875s
Crono22002>> GAMEREADY>> 0.046875s
squll-typo>> PING>> 0.03125s
Crono22002>> PING>> 0.03125s
Crono22002>> WEBSERVICE>> 0.046875s
>> VERSION 2.0.6>> 0.03125s
>> LOADGAME darklumina pantyraid13>> 0.421875s
squll-typo>> PING>> 0.03125s
Crono22002>> PING>> 0.03125s
>> VERSION 2.0.6>> 0.03125s
darklumina>> LOADGAME darklumina pantyraid13>> 0.546875s
darklumina>> TABLEQUERY 1>> 0.0625s
darklumina>> EXTRACHECK>> 0.03125s
Crono22002>> WEBSERVICE>> 0.03125s
Crono22002>> WEBSERVICE>> 0.046875s
Crono22002>> ABNEWDECK KingdomHearts>> 0.625s
darklumina>> PING>> 0.046875s
squll-typo>> PING>> 0.03125s
Crono22002>> PING>> 0.03125s
darklumina>> >> 0s
darklumina>> AWAY 0>> 0.765625s
Crono22002>> WEBSERVICE>> 0.046875s
darklumina>> >> 0s
darklumina>> AWAY 1>> 0.390625s
Crono22002>> WEBSERVICE>> 0.0625s
Crono22002>> WEBSERVICE>> 0.03125s
Crono22002>> WEBSERVICE>> 0.03125s
Crono22002>> WEBSERVICE>> 0.03125s
darklumina>> PING>> 0.03125s
squll-typo>> PING>> 0.03125s
Crono22002>> PING>> 0.03125s
Crono22002>> TABLECLOSE>> 0.09375s
Crono22002>> WEBSERVICE>> 0.03125s
darklumina>> PING>> 0.03125s
squll-typo>> PING>> 0.03125s
Crono22002>> WEBSERVICE>> 0.03125s
Crono22002>> ABNEWDECK KingdomHearts>> 0.3125s
Crono22002>> WEBSERVICE>> 0.03125s
Crono22002>> WEBSERVICE>> 1.125s
Crono22002>> WEBSERVICE>> 0.03125s
Crono22002>> WEBSERVICE>> 0.03125s
Crono22002>> SHOPMINUS Calculator%20Male>> 0.484375s
Crono22002>> WEBSERVICE>> 0.03125s
Crono22002>> WEBSERVICE>> 0.046875s
Crono22002>> WEBSERVICE>> 0.03125s
Crono22002>> SHOPMINUS Gesper>> 0.421875s
Crono22002>> WEBSERVICE>> 0.03125s
Crono22002>> WEBSERVICE>> 0.03125s
Crono22002>> WEBSERVICE>> 0.03125s
Crono22002>> SHOPMINUS Edgehead>> 0.4375s
Crono22002>> WEBSERVICE>> 0.03125s
Crono22002>> WEBSERVICE>> 0.03125s
Crono22002>> WEBSERVICE>> 0.046875s
Crono22002>> SHOPMINUS Goblin%20Mage>> 0.453125s
Crono22002>> WEBSERVICE>> 0.03125s
Crono22002>> WEBSERVICE>> 0.03125s
Crono22002>> WEBSERVICE>> 0.046875s
Crono22002>> SHOPMINUS Goblin%20Mage>> 0.375s
Crono22002>> WEBSERVICE>> 0.03125s
Crono22002>> WEBSERVICE>> 0.03125s
Crono22002>> WEBSERVICE>> 0.03125s
Crono22002>> SHOPMINUS Golden%20Helmet>> 0.40625s
Crono22002>> WEBSERVICE>> 0.046875s
Crono22002>> WEBSERVICE>> 0.03125s
Crono22002>> WEBSERVICE>> 0.03125s
Crono22002>> SHOPMINUS Sahagin>> 0.4375s
Crono22002>> WEBSERVICE>> 0.03125s
Crono22002>> WEBSERVICE>> 0.03125s
Crono22002>> WEBSERVICE>> 0.03125s
Crono22002>> SHOPMINUS Summoner%20Female>> 0.4375s
Crono22002>> WEBSERVICE>> 0.046875s
Crono22002>> WEBSERVICE>> 0.03125s
Crono22002>> WEBSERVICE>> 0.03125s
Crono22002>> SHOPMINUS Torama>> 0.421875s
Crono22002>> WEBSERVICE>> 0.046875s
Crono22002>> WEBSERVICE>> 0.046875s
Crono22002>> WEBSERVICE>> 0.03125s
Crono22002>> WEBSERVICE>> 0.03125s
darklumina>> PING>> 0.03125s
squll-typo>> PING>> 0.03125s
Crono22002>> PING>> 0.0625s
Crono22002>> ABNEWDECK KingdomHearts>> 0.796875s
Crono22002>> WEBSERVICE>> 0.03125s
Crono22002>> WEBSERVICE>> 0.03125s
Crono22002>> WEBSERVICE>> 0.03125s
Crono22002>> WEBSERVICE>> 0.03125s
darklumina>> PING>> 0.03125s
squll-typo>> PING>> 0.046875s
Crono22002>> PING>> 0.03125s
Crono22002>> CHAT /me is away.  Reason: Idle>> 0.203125s
Crono22002>> AWAY 1>> 0.046875s
darklumina>> PING>> 0.03125s
Crono22002>> PING>> 0.046875s
squll-typo>> PING>> 0.03125s
darklumina>> PING>> 0.046875s
squll-typo>> PING>> 0.03125s
Crono22002>> PING>> 0.03125s
darklumina>> PING>> 0.03125s
squll-typo>> PING>> 0.046875s
Crono22002>> PING>> 0.03125s
>> QUIT 0 1>> 0.359375s
darklumina>> PING>> 0.03125s
squll-typo>> PING>> 0.03125s
>> VERSION 2.0.6>> 0.03125s
>> LOADGAME whitekimahri kagome>> 0.578125s
darklumina>> PING>> 0.03125s
squll-typo>> PING>> 0.046875s
>> VERSION 2.0.6>> 0.03125s
>> LOADGAME whitekimahri kagome>> 0.28125s
darklumina>> PING>> 0.03125s
squll-typo>> PING>> 0.03125s
darklumina>> PING>> 0.03125s
squll-typo>> PING>> 0.03125s
>> VERSION 2.0.5>> 0.046875s
darklumina>> PING>> 0.03125s
squll-typo>> PING>> 0.03125s
darklumina>> PING>> 0.03125s
squll-typo>> PING>> 0.03125s
darklumina>> PING>> 0.03125s
squll-typo>> PING>> 0.046875s
>> VERSION 2.0.6>> 0.046875s
>> LOADGAME whitekimahri kagome>> 0.515625s
darklumina>> PING>> 0.03125s
squll-typo>> PING>> 0.03125s
darklumina>> PING>> 0.03125s
squll-typo>> PING>> 0.03125s
darklumina>> PING>> 0.03125s
squll-typo>> PING>> 0.03125s
>> VERSION 2.0.6>> 0.03125s
PaKeLiKa>> LOADGAME PaKeLiKa tifa17>> 0.921875s
PaKeLiKa>> TABLEQUERY 1>> 0.03125s
PaKeLiKa>> EXTRACHECK>> 0.03125s
PaKeLiKa>> WEBSERVICE>> 0.03125s
PaKeLiKa>> WEBSERVICE>> 0.03125s
PaKeLiKa>> WEBSERVICE>> 0.03125s
PaKeLiKa>> WEBSERVICE>> 0.046875s
PaKeLiKa>> WEBSERVICE>> 0.03125s
PaKeLiKa>> WEBSERVICE>> 0.03125s
darklumina>> PING>> 0.03125s
PaKeLiKa>> PING>> 0.03125s
squll-typo>> PING>> 0.03125s
darklumina>> PING>> 0.03125s
squll-typo>> PING>> 0.03125s
PaKeLiKa>> PING>> 0.03125s
darklumina>> PING>> 0.03125s
PaKeLiKa>> PING>> 0.046875s
squll-typo>> PING>> 0.046875s
squll-typo>> >> 0s
squll-typo>> AWAY 0>> 1.015625s
PaKeLiKa>> CHAT WOO!>> 0.375s
darklumina>> PING>> 0.03125s
PaKeLiKa>> PING>> 0.03125s
squll-typo>> PING>> 0.03125s
PaKeLiKa>> CHAT i think its impossible to find diamonds in TH>> 0.28125s
PaKeLiKa>> CHAT i played for an hour nonstop the one night lol>> 0.21875s
squll-typo>> CHAT lol>> 0.234375s
squll-typo>> TREASUREHUNTER>> 0.5s
squll-typo>> CHAT lol i dont have enough ap>> 0.203125s
PaKeLiKa>> CHAT but alas...no diamonds>> 0.21875s
PaKeLiKa>> CHAT i'd give you some if we could transfer it lol>> 0.21875s
PaKeLiKa>> WEBSERVICE>> 0.03125s
PaKeLiKa>> WEBSERVICE>> 0.03125s
squll-typo>> CHAT XD>> 0.234375s
darklumina>> PING>> 0.03125s
PaKeLiKa>> PING>> 0.03125s
squll-typo>> PING>> 0.03125s
squll-typo>> TABLECREATE  TRADE@@Trade>> 0.140625s
squll-typo>> TABLECLOSE>> 0.078125s
squll-typo>> TABLECLOSE>> 0.046875s
squll-typo>> SLOTSFF7>> 0.65625s
squll-typo>> SLOTSFF7>> 0.453125s
squll-typo>> SLOTSFF7>> 0.40625s
squll-typo>> SLOTSFF7>> 0.515625s
squll-typo>> SLOTSFF7>> 0.40625s
squll-typo>> SLOTSFF7>> 0.5625s
squll-typo>> SLOTSFF7>> 0.421875s
squll-typo>> SLOTSFF7>> 0.40625s
squll-typo>> SLOTSFF7>> 0.421875s
darklumina>> PING>> 0.03125s
squll-typo>> PING>> 0.03125s
PaKeLiKa>> PING>> 0.03125s
squll-typo>> SLOTSFF7>> 0.515625s
squll-typo>> SLOTSFF7>> 0.5625s
darklumina>> PING>> 0.03125s
PaKeLiKa>> PING>> 0.03125s
squll-typo>> PING>> 0.03125s
darklumina>> PING>> 0.03125s
PaKeLiKa>> PING>> 0.03125s
squll-typo>> PING>> 0.03125s
darklumina>> PING>> 0.03125s
PaKeLiKa>> PING>> 0.03125s
squll-typo>> PING>> 0.046875s
darklumina>> PING>> 0.03125s
PaKeLiKa>> PING>> 0.046875s
squll-typo>> PING>> 0.03125s
PaKeLiKa>> >> 0s
PaKeLiKa>> AWAY 1>> 0.765625s
darklumina>> PING>> 0.03125s
PaKeLiKa>> PING>> 0.03125s
squll-typo>> PING>> 0.03125s
darklumina>> PING>> 0.03125s
squll-typo>> PING>> 0.03125s
PaKeLiKa>> PING>> 0.03125s
darklumina>> PING>> 0.03125s
PaKeLiKa>> PING>> 0.03125s
squll-typo>> PING>> 0.03125s
darklumina>> PING>> 0.03125s
squll-typo>> PING>> 0.046875s
PaKeLiKa>> PING>> 0.03125s
darklumina>> PING>> 0.03125s
PaKeLiKa>> PING>> 0.03125s
squll-typo>> PING>> 0.03125s
darklumina>> PING>> 0.03125s
PaKeLiKa>> PING>> 0.03125s
squll-typo>> PING>> 0.03125s
darklumina>> PING>> 0.03125s
PaKeLiKa>> PING>> 0.03125s
squll-typo>> PING>> 0.03125s
darklumina>> PING>> 0.03125s
PaKeLiKa>> PING>> 0.03125s
squll-typo>> PING>> 0.03125s
>> VERSION 2.0.6>> 0.03125s
darklumina2>> LOADGAME darklumina2 pantyraid13>> 0.796875s
darklumina2>> TABLEQUERY 1>> 0.03125s
darklumina2>> EXTRACHECK>> 0.03125s
darklumina2>> CHAT :o>> 0.203125s
darklumina2>> WEBSERVICE>> 0.03125s
PaKeLiKa>> >> 0s
PaKeLiKa>> AWAY 0>> 0.734375s
PaKeLiKa>> CHAT got a guestion for you>> 0.21875s
darklumina2>> CHAT meh>> 0.1875s
PaKeLiKa>> CHAT when you said about removing midnight from the bank did you mean prior to v2 because i didnt think i could disband members i thought they had to disband themselves>> 0.234375s
darklumina>> PING>> 0.03125s
squll-typo>> PING>> 0.03125s
PaKeLiKa>> PING>> 0.046875s
darklumina2>> PING>> 0.265625s
PaKeLiKa>> CHAT and i thought he did disband himself :P>> 0.28125s
darklumina2>> CHAT would not be wise to let him have access to the bank>> 0.203125s
PaKeLiKa>> CHAT oh np ty for the warning>> 0.21875s
darklumina2>> CHAT he tells me he has something super secret to tell me.. and of course his forum banter>> 0.546875s
PaKeLiKa>> CHAT if it's any consolation midnight is the first and only person i've barred from bank's services>> 0.421875s
darklumina2>> CHAT he is a very unstable child>> 0.234375s
PaKeLiKa>> CHAT i wil not even let him buy from the bank lol i dont awnt his tainted gp>> 0.21875s
darklumina2>> CHAT tainted GP?>> 0.21875s
darklumina>> PING>> 0.03125s
PaKeLiKa>> PING>> 0.03125s
darklumina2>> PING>> 0.046875s
squll-typo>> PING>> 0.03125s
PaKeLiKa>> CHAT lol not in any specific way just in general>> 0.1875s
PaKeLiKa>> CHAT because it was in his possession>> 0.21875s
PaKeLiKa>> CHAT im still pissed i was the nice guy and gave him a chance in the bank and the way he acted was unexcusable>> 0.09375s
PaKeLiKa>> CHAT i was the nice guy and let him be in the bank cuz he kept begging me>> 0.203125s
PaKeLiKa>> CHAT then he jus p'd me off way beyond in about 3 hours>> 0.203125s
darklumina2>> CHAT do you get the feeling that people are trying to sabotoge dw?>> 0.1875s
PaKeLiKa>> CHAT personally no>> 0.203125s
PaKeLiKa>> CHAT i cant see who would want to sabatoge dw>> 0.234375s
PaKeLiKa>> CHAT people want to sabatoge the bank tho XD>> 0.21875s
PaKeLiKa>> CHAT pretty much only midnight tho>> 0.234375s
PaKeLiKa>> CHAT and jaxy sometimes i think lol>> 0.21875s
darklumina>> PING>> 0.03125s
PaKeLiKa>> PING>> 0.03125s
darklumina2>> PING>> 0.03125s
squll-typo>> PING>> 0.03125s
darklumina>> PING>> 0.03125s
PaKeLiKa>> PING>> 0.03125s
darklumina2>> PING>> 0.046875s
squll-typo>> PING>> 0.03125s
PaKeLiKa>> CHAT as for midnight you won't here me complain when you fnially get the Sh#$s of him>> 0.234375s
PaKeLiKa>> CHAT i would ignore him entirely if i didn't have to watch what he was saying in mainchat>> 0.21875s
darklumina2>> CHAT shits?>> 0.046875s
darklumina2>> CHAT the what of him?>> 0.1875s
PaKeLiKa>> CHAT shites>> 0.046875s
PaKeLiKa>> CHAT the craps of him>> 0.21875s
PaKeLiKa>> CHAT the sh**ts of him>> 0.21875s
squll-typo>> SURNAME pikakiller>> 0.390625s
squll-typo>> CHAT boo>> 0.203125s
PaKeLiKa>> CHAT there should be a rule about flipping out about nothing ni particular lol>> 0.734375s
PaKeLiKa>> CHAT i can only imagine the tickets you get>> 0.21875s
squll-typo>> CHAT never fear the legend is back>> 0.46875s
darklumina>> PING>> 0.03125s
PaKeLiKa>> PING>> 0.046875s
darklumina2>> PING>> 0.03125s
squll-typo>> PING>> 0.03125s
squll-typo>> WEBSERVICE>> 0.03125s
darklumina>> PING>> 0.03125s
PaKeLiKa>> PING>> 0.03125s
darklumina2>> PING>> 0.046875s
squll-typo>> PING>> 0.046875s
squll-typo>> CHAT /me is away.  Reason: pumpkin polishing>> 0.234375s
squll-typo>> AWAY 1>> 0.03125s
PaKeLiKa>> CHAT thats creepy>> 0.203125s
darklumina2>> CHAT indeed>> 0.28125s
darklumina>> PING>> 0.03125s
PaKeLiKa>> PING>> 0.03125s
darklumina2>> PING>> 0.046875s
squll-typo>> PING>> 0.03125s
darklumina2>> CHAT nothing out of the ordinary>> 0.203125s
darklumina2>> CHAT im disturbed at how some people are acting.. i do believe there are people trying to sabotage>> 0.203125s
darklumina>> PING>> 0.03125s
PaKeLiKa>> PING>> 0.046875s
darklumina2>> PING>> 0.046875s
squll-typo>> PING>> 0.03125s
PaKeLiKa>> CHAT what actions in partiuclar are you talking about if you dont mind me asking>> 0.75s
darklumina2>> CHAT noticed that ive banned people like squall5, etc for trying to basically talk people into being rude to admins, etc.>> 0.28125s
darklumina2>> CHAT dw population is about 25% smaller during the week.. that may be just school though>> 0.203125s
darklumina2>> CHAT being under 30 used to be a rarity>> 0.1875s
darklumina>> PING>> 0.03125s
PaKeLiKa>> PING>> 0.03125s
darklumina2>> PING>> 0.03125s
squll-typo>> PING>> 0.046875s
PaKeLiKa>> CHAT yea i noticed numbers have been down too>> 0.203125s
PaKeLiKa>> CHAT i figured it had to do with v2 people just waiting til then or something>> 0.25s
PaKeLiKa>> CHAT didn't make sense to me either tho>> 0.21875s
darklumina>> PING>> 0.03125s
PaKeLiKa>> PING>> 0.03125s
darklumina2>> PING>> 0.03125s
squll-typo>> PING>> 0.03125s
PaKeLiKa>> CHAT i noticed alot of the regulars faded away >> 0.21875s
PaKeLiKa>> CHAT mostly new players these days >> 0.21875s
darklumina2>> CHAT yep>> 0.1875s
darklumina2>> CHAT which is expected.. hoping some will come back with v2.. but most oldbies have gone onto WoW, kal, etc.>> 0.203125s
darklumina>> PING>> 0.03125s
PaKeLiKa>> PING>> 0.03125s
darklumina2>> PING>> 0.046875s
squll-typo>> PING>> 0.03125s
darklumina2>> CHAT maybe dw is on its last leg and i might just end up need to be thinking about stopping new development>> 0.640625s
darklumina2>> CHAT we'll see how v2 goes and ill start thinking about subsequent versions>> 0.203125s
darklumina>> PING>> 0.03125s
PaKeLiKa>> PING>> 0.046875s
darklumina2>> PING>> 0.046875s
squll-typo>> PING>> 0.03125s
darklumina2>> CHAT need to get off this... ill cya later.>> 0.1875s
>> QUIT 0 1>> 0.328125s
darklumina>> PING>> 0.03125s
PaKeLiKa>> PING>> 0.03125s
squll-typo>> PING>> 0.046875s
darklumina>> PING>> 0.03125s
PaKeLiKa>> PING>> 0.03125s
squll-typo>> PING>> 0.046875s
darklumina>> PING>> 0.03125s
PaKeLiKa>> PING>> 0.03125s
squll-typo>> PING>> 0.03125s
darklumina>> PING>> 0.03125s
PaKeLiKa>> PING>> 0.046875s
squll-typo>> PING>> 0.03125s
darklumina>> PING>> 0.03125s
PaKeLiKa>> PING>> 0.03125s
squll-typo>> PING>> 0.046875s
darklumina>> PING>> 0.03125s
PaKeLiKa>> PING>> 0.03125s
squll-typo>> PING>> 0.03125s
darklumina>> PING>> 0.03125s
PaKeLiKa>> PING>> 0.03125s
squll-typo>> PING>> 0.03125s
darklumina>> PING>> 0.03125s
PaKeLiKa>> PING>> 0.03125s
squll-typo>> PING>> 0.03125s
darklumina>> PING>> 0.03125s
PaKeLiKa>> PING>> 0.03125s
squll-typo>> PING>> 0.03125s
darklumina>> PING>> 0.03125s
PaKeLiKa>> PING>> 0.03125s
squll-typo>> PING>> 0.03125s
darklumina>> PING>> 0.03125s
PaKeLiKa>> PING>> 0.03125s
squll-typo>> PING>> 0.03125s
darklumina>> PING>> 0.03125s
PaKeLiKa>> PING>> 0.03125s
squll-typo>> PING>> 0.03125s
darklumina>> PING>> 0.03125s
PaKeLiKa>> PING>> 0.03125s
squll-typo>> PING>> 0.03125s
darklumina>> PING>> 0.03125s
squll-typo>> PING>> 0.046875s
PaKeLiKa>> PING>> 0.046875s
darklumina>> PING>> 0.03125s
PaKeLiKa>> PING>> 0.03125s
squll-typo>> PING>> 0.03125s
darklumina>> PING>> 0.03125s
PaKeLiKa>> PING>> 0.03125s
squll-typo>> PING>> 0.03125s
darklumina>> PING>> 0.03125s
PaKeLiKa>> PING>> 0.03125s
squll-typo>> PING>> 0.046875s
darklumina>> PING>> 0.046875s
PaKeLiKa>> PING>> 0.03125s
squll-typo>> PING>> 0.03125s
darklumina>> PING>> 0.03125s
PaKeLiKa>> PING>> 0.03125s
squll-typo>> PING>> 0.046875s
darklumina>> PING>> 0.03125s
PaKeLiKa>> PING>> 0.046875s
squll-typo>> PING>> 0.046875s
darklumina>> PING>> 0.03125s
PaKeLiKa>> PING>> 0.03125s
squll-typo>> PING>> 0.03125s
darklumina>> PING>> 0.03125s
PaKeLiKa>> PING>> 0.03125s
squll-typo>> PING>> 0.046875s
darklumina>> PING>> 0.03125s
PaKeLiKa>> PING>> 0.03125s
squll-typo>> PING>> 0.03125s
darklumina>> PING>> 0.03125s
PaKeLiKa>> PING>> 0.03125s
squll-typo>> PING>> 0.03125s
darklumina>> PING>> 0.03125s
PaKeLiKa>> PING>> 0.03125s
squll-typo>> PING>> 0.03125s
darklumina>> PING>> 0.03125s
PaKeLiKa>> PING>> 0.03125s
squll-typo>> PING>> 0.046875s
darklumina>> PING>> 0.03125s
PaKeLiKa>> PING>> 0.03125s
squll-typo>> PING>> 0.046875s
darklumina>> PING>> 0.03125s
PaKeLiKa>> PING>> 0.03125s
squll-typo>> PING>> 0.046875s
darklumina>> PING>> 0.03125s
PaKeLiKa>> PING>> 0.03125s
squll-typo>> PING>> 0.046875s
darklumina>> PING>> 0.03125s
PaKeLiKa>> PING>> 0.046875s
squll-typo>> PING>> 0.03125s
darklumina>> PING>> 0.03125s
PaKeLiKa>> PING>> 0.03125s
squll-typo>> PING>> 0.046875s
darklumina>> PING>> 0.03125s
PaKeLiKa>> PING>> 0.03125s
squll-typo>> PING>> 0.046875s
darklumina>> PING>> 0.03125s
squll-typo>> PING>> 0.03125s
PaKeLiKa>> PING>> 0.03125s
darklumina>> PING>> 0.03125s
PaKeLiKa>> PING>> 0.046875s
squll-typo>> PING>> 0.046875s
darklumina>> PING>> 0.03125s
PaKeLiKa>> PING>> 0.03125s
squll-typo>> PING>> 0.03125s
darklumina>> PING>> 0.03125s
PaKeLiKa>> PING>> 0.03125s
squll-typo>> PING>> 0.03125s
darklumina>> PING>> 0.03125s
PaKeLiKa>> PING>> 0.03125s
squll-typo>> PING>> 0.046875s
darklumina>> PING>> 0.03125s
PaKeLiKa>> PING>> 0.03125s
squll-typo>> PING>> 0.046875s
darklumina>> PING>> 0.03125s
squll-typo>> PING>> 0.046875s
PaKeLiKa>> PING>> 0.03125s
darklumina>> PING>> 0.03125s
PaKeLiKa>> PING>> 0.03125s
squll-typo>> PING>> 0.03125s
darklumina>> PING>> 0.03125s
PaKeLiKa>> PING>> 0.03125s
squll-typo>> PING>> 0.046875s
darklumina>> PING>> 0.03125s
PaKeLiKa>> PING>> 0.03125s
squll-typo>> PING>> 0.046875s
darklumina>> PING>> 0.03125s
PaKeLiKa>> PING>> 0.03125s
squll-typo>> PING>> 0.03125s
darklumina>> PING>> 0.03125s
PaKeLiKa>> PING>> 0.03125s
squll-typo>> PING>> 0.03125s
darklumina>> PING>> 0.03125s
PaKeLiKa>> PING>> 0.03125s
squll-typo>> PING>> 0.046875s
darklumina>> PING>> 0.03125s
squll-typo>> PING>> 0.03125s
PaKeLiKa>> PING>> 0.03125s
darklumina>> PING>> 0.03125s
PaKeLiKa>> PING>> 0.03125s
squll-typo>> PING>> 0.03125s
darklumina>> PING>> 0.03125s
squll-typo>> PING>> 0.046875s
PaKeLiKa>> PING>> 0.03125s
darklumina>> PING>> 0.03125s
squll-typo>> PING>> 0.03125s
PaKeLiKa>> PING>> 0.046875s
darklumina>> PING>> 0.03125s
PaKeLiKa>> PING>> 0.046875s
squll-typo>> PING>> 0.046875s
darklumina>> PING>> 0.03125s
PaKeLiKa>> PING>> 0.03125s
squll-typo>> PING>> 0.03125s
darklumina>> PING>> 0.03125s
PaKeLiKa>> PING>> 0.03125s
squll-typo>> PING>> 0.03125s
darklumina>> PING>> 0.03125s
squll-typo>> PING>> 0.046875s
PaKeLiKa>> PING>> 0.03125s
darklumina>> PING>> 0.03125s
PaKeLiKa>> PING>> 0.03125s
squll-typo>> PING>> 0.046875s
darklumina>> PING>> 0.03125s
PaKeLiKa>> PING>> 0.03125s
squll-typo>> PING>> 0.03125s
darklumina>> PING>> 0.03125s
PaKeLiKa>> PING>> 0.03125s
squll-typo>> PING>> 0.046875s
darklumina>> PING>> 0.03125s
PaKeLiKa>> PING>> 0.03125s
squll-typo>> PING>> 0.046875s
darklumina>> PING>> 0.03125s
PaKeLiKa>> PING>> 0.03125s
squll-typo>> PING>> 0.046875s
darklumina>> PING>> 0.03125s
PaKeLiKa>> PING>> 0.03125s
squll-typo>> PING>> 0.03125s
darklumina>> PING>> 0.03125s
PaKeLiKa>> PING>> 0.03125s
squll-typo>> PING>> 0.03125s
darklumina>> PING>> 0.03125s
PaKeLiKa>> PING>> 0.03125s
squll-typo>> PING>> 0.03125s
darklumina>> PING>> 0.03125s
PaKeLiKa>> PING>> 0.03125s
squll-typo>> PING>> 0.0625s
darklumina>> PING>> 0.03125s
PaKeLiKa>> PING>> 0.03125s
squll-typo>> PING>> 0.03125s
darklumina>> PING>> 0.03125s
PaKeLiKa>> PING>> 0.03125s
squll-typo>> PING>> 0.03125s
darklumina>> PING>> 0.03125s
PaKeLiKa>> PING>> 0.03125s
squll-typo>> PING>> 0.03125s
darklumina>> PING>> 0.03125s
PaKeLiKa>> PING>> 0.03125s
squll-typo>> PING>> 0.03125s
darklumina>> PING>> 0.03125s
PaKeLiKa>> PING>> 0.03125s
squll-typo>> PING>> 0.03125s
darklumina>> PING>> 0.03125s
PaKeLiKa>> PING>> 0.03125s
squll-typo>> PING>> 0.046875s
darklumina>> PING>> 0.03125s
PaKeLiKa>> PING>> 0.03125s
squll-typo>> PING>> 0.03125s
darklumina>> PING>> 0.03125s
PaKeLiKa>> PING>> 0.03125s
squll-typo>> PING>> 0.046875s
darklumina>> PING>> 0.03125s
squll-typo>> PING>> 0.03125s
PaKeLiKa>> PING>> 0.03125s
darklumina>> PING>> 0.03125s
PaKeLiKa>> PING>> 0.03125s
squll-typo>> PING>> 0.03125s
darklumina>> PING>> 0.03125s
PaKeLiKa>> PING>> 0.03125s
squll-typo>> PING>> 0.03125s
darklumina>> PING>> 0.03125s
PaKeLiKa>> PING>> 0.03125s
squll-typo>> PING>> 0.03125s
darklumina>> PING>> 0.03125s
PaKeLiKa>> PING>> 0.03125s
squll-typo>> PING>> 0.03125s
darklumina>> PING>> 0.03125s
PaKeLiKa>> PING>> 0.03125s
squll-typo>> PING>> 0.03125s
PaKeLiKa>> ADMINLOGIN 34158108>> 0.59375s
PaKeLiKa>> WEBSERVICE>> 0.03125s
PaKeLiKa>> IPCHECK PaKeLiKa>> 0.03125s
darklumina>> PING>> 0.03125s
PaKeLiKa>> PING>> 0.03125s
squll-typo>> PING>> 0.046875s
PaKeLiKa>> IPCHECK PaKeLiKa>> 0.046875s
PaKeLiKa>> IPCHECK PaKeLiKa>> 0.03125s
PaKeLiKa>> WEBSERVICE>> 0.03125s
darklumina>> PING>> 0.046875s
PaKeLiKa>> PING>> 0.03125s
squll-typo>> PING>> 0.03125s
darklumina>> PING>> 0.03125s
squll-typo>> PING>> 0.046875s
PaKeLiKa>> PING>> 0.03125s
darklumina>> PING>> 0.03125s
squll-typo>> PING>> 0.046875s
PaKeLiKa>> PING>> 0.03125s
PaKeLiKa>> ADMINKEYWORD v2>> 0.703125s
darklumina>> PING>> 0.03125s
PaKeLiKa>> PING>> 0.03125s
squll-typo>> PING>> 0.03125s
PaKeLiKa>> ADMINKEYWORD toc>> 0.234375s
PaKeLiKa>> ADMINKEYWORD ticket>> 0.25s
PaKeLiKa>> ADMINKEYWORD suggestions>> 0.203125s
PaKeLiKa>> ADMINKEYWORD staffdemands>> 0.21875s
PaKeLiKa>> ADMINKEYWORD sponsors>> 0.25s
darklumina>> PING>> 0.03125s
PaKeLiKa>> PING>> 0.03125s
squll-typo>> PING>> 0.046875s
>> VERSION 2.0.6>> 0.03125s
darklumina2>> LOADGAME darklumina2 pantyraid13>> 0.4375s
darklumina2>> TABLEQUERY 1>> 0.03125s
darklumina2>> EXTRACHECK>> 0.03125s
darklumina2>> ADMINLOGIN 41257448>> 0.125s
PaKeLiKa>> CHAT hi tehre darklumina2>> 0.21875s
PaKeLiKa>> ADMINKEYWORD dwrewards>> 0.25s
darklumina2>> WEBSERVICE>> 0.03125s
darklumina2>> WEBSERVICE>> 0.03125s
PaKeLiKa>> ADMINKEYWORD manual>> 0.21875s
PaKeLiKa>> ADMINKEYWORD rules>> 0.234375s
darklumina2>> CHAT buttsex?>> 0.21875s
PaKeLiKa>> CHAT banplz>> 0.203125s
PaKeLiKa>> TABLECREATE CHINCHIN>> 0.6875s
PaKeLiKa>> PING>> 0.03125s
darklumina>> PING>> 0.03125s
darklumina2>> PING>> 0.03125s
squll-typo>> PING>> 0.03125s
PaKeLiKa>> CHANGERULE CHINCHIN 400000>> 0.578125s
PaKeLiKa>> CHAT 400k chin>> 0.28125s
darklumina2>> CHAT not for me, nope>> 0.265625s
PaKeLiKa>> PING>> 0.03125s
darklumina>> PING>> 0.03125s
darklumina2>> PING>> 0.046875s
squll-typo>> PING>> 0.046875s
PaKeLiKa>> CHAT :(>> 0.234375s
PaKeLiKa>> CHAT that frowny face reminds me the nes game "a boy and his blob">> 0.203125s
PaKeLiKa>> CHAT makes me kinda angry >> 0.25s
PaKeLiKa>> PING>> 0.03125s
darklumina>> PING>> 0.03125s
darklumina2>> PING>> 0.046875s
squll-typo>> PING>> 0.03125s
darklumina>> PING>> 0.03125s
darklumina2>> PING>> 0.03125s
squll-typo>> PING>> 0.03125s
PaKeLiKa>> PING>> 0.03125s
darklumina2>> CHAT right>> 0.609375s
darklumina2>> WEBSERVICE>> 0.046875s
darklumina2>> PANDORAGUESS 4 6 3 5>> 0.59375s
darklumina2>> WEBSERVICE>> 0.03125s
darklumina2>> PANDORAGUESS 3 8 8 7>> 0.671875s
darklumina2>> WEBSERVICE>> 0.03125s
darklumina2>> PANDORAGUESS 3 8 8 6>> 0.46875s
darklumina2>> WEBSERVICE>> 0.03125s
darklumina2>> PANDORAGUESS 3 8 6 6>> 0.453125s
darklumina2>> WEBSERVICE>> 0.03125s
darklumina2>> PANDORAGUESS 3 8 6 6>> 0.484375s
darklumina2>> WEBSERVICE>> 0.03125s
darklumina2>> PANDORAGUESS 3 8 8 6>> 0.453125s
darklumina2>> WEBSERVICE>> 0.046875s
darklumina2>> PANDORAGUESS 3 8 9 6>> 0.53125s
darklumina2>> WEBSERVICE>> 0.03125s
darklumina2>> PANDORAGUESS 3 8 10 6>> 0.515625s
darklumina2>> WEBSERVICE>> 0.03125s
darklumina2>> PANDORAGUESS 4 8 4 6>> 0.734375s
darklumina2>> WEBSERVICE>> 0.046875s
darklumina2>> PANDORAGUESS 4 8 3 6>> 0.484375s
darklumina2>> WEBSERVICE>> 0.03125s
darklumina2>> PANDORAGUESS 2 8 4 6>> 0.484375s
darklumina2>> WEBSERVICE>> 0.046875s
darklumina2>> PANDORAGUESS 1 8 4 6>> 0.8125s
darklumina2>> WEBSERVICE>> 0.046875s
PaKeLiKa>> CHAT bored >> 0.421875s
darklumina2>> CHAT yey>> 0.21875s
PaKeLiKa>> CHAT nice>> 0.21875s
PaKeLiKa>> PING>> 0.03125s
darklumina>> PING>> 0.03125s
darklumina2>> PING>> 0.03125s
squll-typo>> PING>> 0.03125s
darklumina2>> CHAT took me only like 10 tries>> 0.1875s
darklumina2>> CHAT +314AP woocha>> 0.1875s
darklumina2>> TREASUREHUNTER>> 0.53125s
darklumina2>> TREASUREHUNTER>> 0.4375s
darklumina2>> TREASUREHUNTER>> 0.328125s
darklumina2>> TREASUREHUNTER>> 0.546875s
darklumina2>> TREASUREHUNTER>> 0.515625s
darklumina2>> TREASUREHUNTER>> 0.46875s
darklumina2>> TREASUREHUNTER>> 0.453125s
darklumina2>> TREASUREHUNTER>> 0.359375s
darklumina2>> TREASUREHUNTER>> 0.3125s
darklumina2>> TREASUREHUNTER>> 0.3125s
darklumina2>> TREASUREHUNTER>> 0.34375s
darklumina2>> TREASUREHUNTER>> 0.3125s
darklumina2>> TREASUREHUNTER>> 0.640625s
darklumina2>> TREASUREHUNTER>> 0.359375s
darklumina2>> TREASUREHUNTER>> 0.328125s
darklumina2>> TREASUREHUNTER>> 0.328125s
darklumina2>> TREASUREHUNTER>> 0.484375s
darklumina2>> TREASUREHUNTER>> 0.359375s
darklumina2>> TREASUREHUNTER>> 0.359375s
darklumina2>> TREASUREHUNTER>> 0.34375s
darklumina2>> TREASUREHUNTER>> 0.375s
darklumina2>> TREASUREHUNTER>> 0.34375s
darklumina2>> TREASUREHUNTER>> 0.34375s
darklumina2>> TREASUREHUNTER>> 0.328125s
darklumina2>> TREASUREHUNTER>> 0.5s
darklumina2>> TREASUREHUNTER>> 0.390625s
darklumina2>> TREASUREHUNTER>> 0.3125s
darklumina2>> TREASUREHUNTER>> 0.328125s
darklumina2>> TREASUREHUNTER>> 0.34375s
PaKeLiKa>> PING>> 0.03125s
darklumina2>> >> 0s
darklumina>> PING>> 0.03125s
darklumina2>> >> 0s
squll-typo>> PING>> 0.03125s
darklumina2>> PING>> 1.578125s
darklumina2>> TREASUREHUNTER>> 0.328125s
darklumina2>> TREASUREHUNTER>> 0.515625s
darklumina2>> TREASUREHUNTER>> 0.328125s
darklumina2>> TREASUREHUNTER>> 0.671875s
darklumina2>> TREASUREHUNTER>> 0.390625s
darklumina2>> TREASUREHUNTER>> 0.359375s
darklumina2>> TREASUREHUNTER>> 0.328125s
darklumina2>> TREASUREHUNTER>> 0.53125s
darklumina2>> TREASUREHUNTER>> 0.484375s
darklumina2>> TREASUREHUNTER>> 0.328125s
darklumina2>> TREASUREHUNTER>> 0.484375s
darklumina2>> TREASUREHUNTER>> 0.5s
darklumina2>> TREASUREHUNTER>> 0.328125s
darklumina2>> TREASUREHUNTER>> 0.3125s
darklumina2>> TREASUREHUNTER>> 0.296875s
darklumina2>> TREASUREHUNTER>> 0.34375s
darklumina2>> TREASUREHUNTER>> 0.328125s
darklumina2>> TREASUREHUNTER>> 0.46875s
darklumina2>> TREASUREHUNTER>> 0.3125s
darklumina2>> TREASUREHUNTER>> 0.3125s
darklumina2>> >> 0s
darklumina2>> >> 0s
darklumina2>> TREASUREHUNTER>> 2.21875s
darklumina2>> TREASUREHUNTER>> 0.5s
darklumina2>> TREASUREHUNTER>> 0.328125s
darklumina2>> TREASUREHUNTER>> 0.375s
darklumina2>> TREASUREHUNTER>> 0.328125s
darklumina2>> TREASUREHUNTER>> 0.328125s
darklumina2>> TREASUREHUNTER>> 0.34375s
darklumina2>> >> 0s
darklumina2>> TREASUREHUNTER>> 0.9375s
darklumina2>> TREASUREHUNTER>> 0.3125s
darklumina2>> TREASUREHUNTER>> 0.5s
darklumina2>> TREASUREHUNTER>> 0.328125s
darklumina2>> TREASUREHUNTER>> 0.46875s
darklumina2>> TREASUREHUNTER>> 0.328125s
darklumina2>> TREASUREHUNTER>> 0.34375s
darklumina2>> TREASUREHUNTER>> 0.328125s
darklumina2>> TREASUREHUNTER>> 0.328125s
darklumina2>> TREASUREHUNTER>> 0.34375s
darklumina2>> >> 0s
darklumina2>> TREASUREHUNTER>> 1.046875s
darklumina2>> TREASUREHUNTER>> 0.375s
darklumina2>> TREASUREHUNTER>> 0.328125s
darklumina2>> TREASUREHUNTER>> 0.421875s
darklumina2>> TREASUREHUNTER>> 0.5s
darklumina2>> TREASUREHUNTER>> 0.390625s
darklumina2>> TREASUREHUNTER>> 0.328125s
darklumina2>> TREASUREHUNTER>> 0.328125s
darklumina2>> TREASUREHUNTER>> 0.328125s
darklumina2>> TREASUREHUNTER>> 0.3125s
darklumina2>> >> 0s
darklumina2>> >> 0s
darklumina2>> >> 0s
darklumina2>> >> 0s
darklumina2>> >> 0s
darklumina2>> >> 0s
darklumina2>> >> 0s
darklumina2>> >> 0s
darklumina2>> >> 0s
darklumina2>> >> 0s
darklumina2>> >> 0s
darklumina2>> >> 0s
darklumina2>> >> 0s
darklumina2>> TREASUREHUNTER>> 5.984375s
darklumina2>> TREASUREHUNTER>> 0.5s
darklumina2>> TREASUREHUNTER>> 0.390625s
darklumina2>> CHAT <Warning> You are becoming very close to the number of packets allowed from this connection per minute. Please be cautious as this may result in your connection being terminated. 10:23:54>> 0.203125s
darklumina2>> CHAT :O>> 0.1875s
PaKeLiKa>> PING>> 0.03125s
darklumina>> PING>> 0.03125s
darklumina2>> PING>> 0.03125s
squll-typo>> PING>> 0.03125s
>> QUIT 0 1>> 0.28125s
PaKeLiKa>> PING>> 0.03125s
darklumina>> PING>> 0.03125s
squll-typo>> PING>> 0.03125s
darklumina>> PING>> 0.03125s
squll-typo>> PING>> 0.03125s
PaKeLiKa>> PING>> 0.046875s
PaKeLiKa>> TABLECLOSE>> 0.078125s
darklumina>> PING>> 0.03125s
squll-typo>> PING>> 0.03125s
PaKeLiKa>> PING>> 0.046875s
darklumina>> PING>> 0.03125s
PaKeLiKa>> PING>> 0.03125s
squll-typo>> PING>> 0.03125s
darklumina>> PING>> 0.03125s
PaKeLiKa>> PING>> 0.046875s
squll-typo>> PING>> 0.03125s
darklumina>> PING>> 0.03125s
PaKeLiKa>> PING>> 0.03125s
squll-typo>> PING>> 0.03125s
darklumina>> PING>> 0.03125s
PaKeLiKa>> PING>> 0.046875s
squll-typo>> PING>> 0.03125s
darklumina>> PING>> 0.03125s
squll-typo>> PING>> 0.046875s
PaKeLiKa>> PING>> 0.03125s
darklumina>> PING>> 0.03125s
PaKeLiKa>> PING>> 0.03125s
squll-typo>> PING>> 0.03125s
darklumina>> PING>> 0.03125s
squll-typo>> PING>> 0.03125s
PaKeLiKa>> PING>> 0.03125s
darklumina>> PING>> 0.03125s
PaKeLiKa>> PING>> 0.03125s
squll-typo>> PING>> 0.046875s
darklumina>> PING>> 0.03125s
PaKeLiKa>> PING>> 0.046875s
squll-typo>> PING>> 0.046875s
darklumina>> PING>> 0.03125s
squll-typo>> PING>> 0.03125s
PaKeLiKa>> PING>> 0.046875s
darklumina>> PING>> 0.03125s
PaKeLiKa>> PING>> 0.03125s
squll-typo>> PING>> 0.03125s
darklumina>> PING>> 0.03125s
PaKeLiKa>> PING>> 0.046875s
squll-typo>> PING>> 0.03125s
darklumina>> PING>> 0.03125s
PaKeLiKa>> PING>> 0.03125s
squll-typo>> PING>> 0.03125s
darklumina>> PING>> 0.03125s
squll-typo>> PING>> 0.046875s
PaKeLiKa>> PING>> 0.03125s
darklumina>> PING>> 0.03125s
squll-typo>> PING>> 0.046875s
PaKeLiKa>> PING>> 0.03125s
darklumina>> PING>> 0.03125s
squll-typo>> PING>> 0.03125s
PaKeLiKa>> PING>> 0.03125s
darklumina>> PING>> 0.03125s
PaKeLiKa>> PING>> 0.03125s
squll-typo>> PING>> 0.0625s
darklumina>> PING>> 0.03125s
PaKeLiKa>> PING>> 0.03125s
squll-typo>> PING>> 0.03125s
darklumina>> PING>> 0.03125s
PaKeLiKa>> PING>> 0.03125s
squll-typo>> PING>> 0.046875s
darklumina>> PING>> 0.03125s
squll-typo>> PING>> 0.046875s
PaKeLiKa>> PING>> 0.03125s
darklumina>> PING>> 0.03125s
PaKeLiKa>> PING>> 0.03125s
squll-typo>> PING>> 0.03125s
darklumina>> PING>> 0.03125s
PaKeLiKa>> PING>> 0.046875s
squll-typo>> PING>> 0.03125s
darklumina>> PING>> 0.03125s
PaKeLiKa>> PING>> 0.03125s
squll-typo>> PING>> 0.046875s
darklumina>> PING>> 0.03125s
PaKeLiKa>> PING>> 0.03125s
squll-typo>> PING>> 0.03125s
darklumina>> PING>> 0.03125s
squll-typo>> PING>> 0.03125s
PaKeLiKa>> PING>> 0.046875s
darklumina>> PING>> 0.03125s
squll-typo>> PING>> 0.046875s
PaKeLiKa>> PING>> 0.03125s
darklumina>> PING>> 0.03125s
squll-typo>> PING>> 0.03125s
PaKeLiKa>> PING>> 0.046875s
darklumina>> PING>> 0.03125s
squll-typo>> PING>> 0.03125s
PaKeLiKa>> PING>> 0.046875s
darklumina>> PING>> 0.03125s
PaKeLiKa>> PING>> 0.03125s
squll-typo>> PING>> 0.046875s
darklumina>> PING>> 0.03125s
squll-typo>> PING>> 0.03125s
PaKeLiKa>> PING>> 0.046875s
darklumina>> PING>> 0.03125s
squll-typo>> PING>> 0.03125s
PaKeLiKa>> PING>> 0.03125s
darklumina>> PING>> 0.03125s
PaKeLiKa>> PING>> 0.03125s
squll-typo>> PING>> 0.03125s
darklumina>> PING>> 0.03125s
PaKeLiKa>> PING>> 0.046875s
squll-typo>> PING>> 0.03125s
darklumina>> PING>> 0.03125s
PaKeLiKa>> PING>> 0.03125s
squll-typo>> PING>> 0.03125s
>> VERSION 2.0.6>> 0.03125s
ifrit2k5>> LOADGAME ifrit2k5 scythe>> 0.90625s
ifrit2k5>> TABLEQUERY 1>> 0.046875s
ifrit2k5>> EXTRACHECK>> 0.03125s
darklumina>> PING>> 0.03125s
PaKeLiKa>> PING>> 0.03125s
ifrit2k5>> PING>> 0.03125s
squll-typo>> PING>> 0.03125s
>> QUIT 0 1>> 0.296875s
darklumina>> PING>> 0.03125s
PaKeLiKa>> PING>> 0.03125s
squll-typo>> PING>> 0.03125s
darklumina>> PING>> 0.03125s
squll-typo>> PING>> 0.03125s
PaKeLiKa>> PING>> 0.03125s
darklumina>> PING>> 0.03125s
PaKeLiKa>> PING>> 0.046875s
squll-typo>> PING>> 0.0625s
darklumina>> PING>> 0.03125s
PaKeLiKa>> PING>> 0.03125s
squll-typo>> PING>> 0.03125s
darklumina>> PING>> 0.03125s
PaKeLiKa>> PING>> 0.03125s
squll-typo>> PING>> 0.046875s
darklumina>> PING>> 0.03125s
PaKeLiKa>> PING>> 0.03125s
squll-typo>> PING>> 0.03125s
darklumina>> PING>> 0.03125s
PaKeLiKa>> PING>> 0.046875s
squll-typo>> PING>> 0.046875s
darklumina>> PING>> 0.03125s
PaKeLiKa>> PING>> 0.03125s
squll-typo>> PING>> 0.046875s
darklumina>> PING>> 0.03125s
PaKeLiKa>> PING>> 0.046875s
squll-typo>> PING>> 0.03125s
darklumina>> PING>> 0.03125s
PaKeLiKa>> PING>> 0.046875s
squll-typo>> PING>> 0.03125s
darklumina>> PING>> 0.03125s
PaKeLiKa>> PING>> 0.046875s
squll-typo>> PING>> 0.046875s
darklumina>> PING>> 0.03125s
PaKeLiKa>> PING>> 0.03125s
squll-typo>> PING>> 0.046875s
darklumina>> PING>> 0.03125s
PaKeLiKa>> PING>> 0.03125s
squll-typo>> PING>> 0.03125s
darklumina>> PING>> 0.03125s
squll-typo>> PING>> 0.03125s
PaKeLiKa>> PING>> 0.03125s
darklumina>> PING>> 0.03125s
PaKeLiKa>> PING>> 0.03125s
squll-typo>> PING>> 0.046875s
darklumina>> PING>> 0.03125s
PaKeLiKa>> PING>> 0.03125s
squll-typo>> PING>> 0.03125s
darklumina>> PING>> 0.03125s
PaKeLiKa>> PING>> 0.03125s
squll-typo>> PING>> 0.03125s
darklumina>> PING>> 0.03125s
PaKeLiKa>> PING>> 0.046875s
squll-typo>> PING>> 0.03125s
darklumina>> PING>> 0.046875s
PaKeLiKa>> PING>> 0.046875s
squll-typo>> PING>> 0.046875s
darklumina>> PING>> 0.03125s
squll-typo>> PING>> 0.03125s
PaKeLiKa>> PING>> 0.03125s
darklumina>> PING>> 0.03125s
PaKeLiKa>> PING>> 0.03125s
squll-typo>> PING>> 0.046875s
darklumina>> PING>> 0.03125s
PaKeLiKa>> PING>> 0.046875s
squll-typo>> PING>> 0.03125s
darklumina>> PING>> 0.03125s
PaKeLiKa>> PING>> 0.03125s
squll-typo>> PING>> 0.046875s
darklumina>> PING>> 0.03125s
squll-typo>> PING>> 0.03125s
PaKeLiKa>> PING>> 0.03125s
squll-typo>> >> 0s
squll-typo>> AWAY 0>> 0.890625s
squll-typo>> WEBSERVICE>> 0.03125s
squll-typo>> CARDPACK 102%20Special>> 1.578125s
darklumina>> PING>> 0.03125s
squll-typo>> PING>> 0.046875s
PaKeLiKa>> PING>> 0.046875s
squll-typo>> WEBSERVICE>> 0.03125s
squll-typo>> WEBSERVICE>> 0.046875s
squll-typo>> WEBSERVICE>> 0.03125s
squll-typo>> WEBSERVICE>> 0.03125s
squll-typo>> WEBSERVICE>> 0.03125s
squll-typo>> CARDPACK Carbuncles%20Mystery%20Pack>> 2.03125s
squll-typo>> CARDPACK Darkys%20Grab%20Bag>> 1.484375s
squll-typo>> WEBSERVICE>> 0.03125s
squll-typo>> WEBSERVICE>> 0.03125s
darklumina>> PING>> 0.03125s
PaKeLiKa>> PING>> 0.03125s
squll-typo>> PING>> 0.03125s
darklumina>> PING>> 0.03125s
PaKeLiKa>> PING>> 0.03125s
squll-typo>> PING>> 0.03125s
darklumina>> PING>> 0.03125s
PaKeLiKa>> PING>> 0.046875s
squll-typo>> PING>> 0.03125s
darklumina>> PING>> 0.03125s
PaKeLiKa>> PING>> 0.03125s
squll-typo>> PING>> 0.03125s
darklumina>> PING>> 0.03125s
squll-typo>> PING>> 0.046875s
PaKeLiKa>> PING>> 0.046875s
darklumina>> PING>> 0.03125s
squll-typo>> PING>> 0.03125s
PaKeLiKa>> PING>> 0.03125s
darklumina>> PING>> 0.03125s
PaKeLiKa>> PING>> 0.03125s
squll-typo>> PING>> 0.046875s
darklumina>> PING>> 0.03125s
squll-typo>> PING>> 0.03125s
PaKeLiKa>> PING>> 0.03125s
darklumina>> PING>> 0.03125s
squll-typo>> PING>> 0.03125s
PaKeLiKa>> PING>> 0.03125s
darklumina>> PING>> 0.03125s
squll-typo>> PING>> 0.03125s
PaKeLiKa>> PING>> 0.03125s
darklumina>> PING>> 0.03125s
PaKeLiKa>> PING>> 0.03125s
squll-typo>> PING>> 0.03125s
darklumina>> PING>> 0.03125s
PaKeLiKa>> PING>> 0.046875s
squll-typo>> PING>> 0.03125s
darklumina>> PING>> 0.03125s
PaKeLiKa>> PING>> 0.03125s
squll-typo>> PING>> 0.03125s
darklumina>> PING>> 0.03125s
PaKeLiKa>> PING>> 0.03125s
squll-typo>> PING>> 0.03125s
darklumina>> PING>> 0.03125s
PaKeLiKa>> PING>> 0.03125s
squll-typo>> PING>> 0.03125s
darklumina>> PING>> 0.03125s
PaKeLiKa>> PING>> 0.03125s
squll-typo>> PING>> 0.03125s
darklumina>> PING>> 0.03125s
PaKeLiKa>> PING>> 0.046875s
squll-typo>> PING>> 0.03125s
>> VERSION 2.0.6>> 0.03125s
darklumina2>> LOADGAME darklumina2 pantyraid13>> 0.71875s
darklumina2>> TABLEQUERY 1>> 0.03125s
darklumina2>> EXTRACHECK>> 0.046875s
darklumina>> PING>> 0.03125s
PaKeLiKa>> PING>> 0.03125s
darklumina2>> PING>> 0.046875s
squll-typo>> PING>> 0.03125s
darklumina2>> CHAT :O>> 0.5625s
>> QUIT 0 1>> 0.3125s
darklumina>> PING>> 0.03125s
PaKeLiKa>> PING>> 0.046875s
squll-typo>> PING>> 0.03125s
darklumina>> PING>> 0.03125s
PaKeLiKa>> PING>> 0.03125s
squll-typo>> PING>> 0.046875s
darklumina>> PING>> 0.03125s
PaKeLiKa>> PING>> 0.03125s
squll-typo>> PING>> 0.03125s
darklumina>> PING>> 0.03125s
PaKeLiKa>> PING>> 0.046875s
squll-typo>> PING>> 0.03125s
darklumina>> PING>> 0.03125s
PaKeLiKa>> PING>> 0.03125s
squll-typo>> PING>> 0.03125s
darklumina>> PING>> 0.03125s
PaKeLiKa>> PING>> 0.03125s
squll-typo>> PING>> 0.03125s
darklumina>> PING>> 0.03125s
PaKeLiKa>> PING>> 0.03125s
squll-typo>> PING>> 0.03125s
darklumina>> PING>> 0.03125s
PaKeLiKa>> PING>> 0.03125s
squll-typo>> PING>> 0.046875s
darklumina>> PING>> 0.03125s
PaKeLiKa>> PING>> 0.046875s
squll-typo>> PING>> 0.03125s
darklumina>> PING>> 0.03125s
PaKeLiKa>> PING>> 0.03125s
squll-typo>> PING>> 0.046875s
darklumina>> PING>> 0.03125s
PaKeLiKa>> PING>> 0.046875s
squll-typo>> PING>> 0.03125s
darklumina>> PING>> 0.03125s
squll-typo>> PING>> 0.046875s
PaKeLiKa>> PING>> 0.03125s
darklumina>> PING>> 0.03125s
PaKeLiKa>> PING>> 0.03125s
squll-typo>> PING>> 0.03125s
darklumina>> PING>> 0.03125s
PaKeLiKa>> PING>> 0.03125s
squll-typo>> PING>> 0.03125s
darklumina>> PING>> 0.03125s
PaKeLiKa>> PING>> 0.03125s
squll-typo>> PING>> 0.03125s
darklumina>> PING>> 0.03125s
squll-typo>> PING>> 0.03125s
PaKeLiKa>> PING>> 0.03125s
darklumina>> PING>> 0.03125s
squll-typo>> PING>> 0.03125s
PaKeLiKa>> PING>> 0.03125s
darklumina>> PING>> 0.03125s
squll-typo>> PING>> 0.03125s
PaKeLiKa>> PING>> 0.03125s
darklumina>> PING>> 0.03125s
squll-typo>> PING>> 0.046875s
PaKeLiKa>> PING>> 0.03125s
darklumina>> PING>> 0.03125s
squll-typo>> PING>> 0.03125s
PaKeLiKa>> PING>> 0.03125s
darklumina>> PING>> 0.03125s
PaKeLiKa>> PING>> 0.046875s
squll-typo>> PING>> 0.03125s
darklumina>> PING>> 0.03125s
squll-typo>> PING>> 0.03125s
PaKeLiKa>> PING>> 0.03125s
darklumina>> PING>> 0.03125s
PaKeLiKa>> PING>> 0.03125s
squll-typo>> PING>> 0.03125s
darklumina>> PING>> 0.03125s
squll-typo>> PING>> 0.03125s
PaKeLiKa>> PING>> 0.03125s
darklumina>> PING>> 0.03125s
PaKeLiKa>> PING>> 0.03125s
squll-typo>> PING>> 0.03125s
darklumina>> PING>> 0.03125s
PaKeLiKa>> PING>> 0.03125s
squll-typo>> PING>> 0.03125s
darklumina>> PING>> 0.03125s
PaKeLiKa>> PING>> 0.03125s
squll-typo>> PING>> 0.03125s
darklumina>> PING>> 0.03125s
PaKeLiKa>> PING>> 0.046875s
squll-typo>> PING>> 0.03125s
darklumina>> PING>> 0.03125s
PaKeLiKa>> PING>> 0.03125s
squll-typo>> PING>> 0.03125s
darklumina>> PING>> 0.046875s
PaKeLiKa>> PING>> 0.03125s
squll-typo>> PING>> 0.03125s
darklumina>> PING>> 0.03125s
PaKeLiKa>> PING>> 0.046875s
squll-typo>> PING>> 0.046875s
darklumina>> PING>> 0.03125s
PaKeLiKa>> PING>> 0.03125s
squll-typo>> PING>> 0.03125s
darklumina>> PING>> 0.03125s
PaKeLiKa>> PING>> 0.03125s
squll-typo>> PING>> 0.03125s
darklumina>> PING>> 0.03125s
PaKeLiKa>> PING>> 0.03125s
squll-typo>> PING>> 0.03125s
darklumina>> PING>> 0.03125s
PaKeLiKa>> PING>> 0.03125s
squll-typo>> PING>> 0.03125s
darklumina>> PING>> 0.03125s
PaKeLiKa>> PING>> 0.046875s
squll-typo>> PING>> 0.03125s
darklumina>> PING>> 0.03125s
PaKeLiKa>> PING>> 0.03125s
squll-typo>> PING>> 0.03125s
darklumina>> PING>> 0.03125s
PaKeLiKa>> PING>> 0.03125s
squll-typo>> PING>> 0.03125s
darklumina>> PING>> 0.03125s
PaKeLiKa>> PING>> 0.03125s
squll-typo>> PING>> 0.03125s
darklumina>> PING>> 0.03125s
PaKeLiKa>> PING>> 0.03125s
squll-typo>> PING>> 0.03125s
darklumina>> PING>> 0.03125s
squll-typo>> PING>> 0.03125s
PaKeLiKa>> PING>> 0.03125s
darklumina>> PING>> 0.03125s
PaKeLiKa>> PING>> 0.03125s
squll-typo>> PING>> 0.03125s
darklumina>> PING>> 0.03125s
PaKeLiKa>> PING>> 0.03125s
squll-typo>> PING>> 0.03125s
darklumina>> PING>> 0.03125s
PaKeLiKa>> PING>> 0.03125s
squll-typo>> PING>> 0.03125s
darklumina>> PING>> 0.03125s
PaKeLiKa>> PING>> 0.03125s
squll-typo>> PING>> 0.03125s
darklumina>> PING>> 0.03125s
squll-typo>> PING>> 0.046875s
PaKeLiKa>> PING>> 0.03125s
darklumina>> PING>> 0.03125s
PaKeLiKa>> PING>> 0.046875s
squll-typo>> PING>> 0.03125s
darklumina>> PING>> 0.03125s
squll-typo>> PING>> 0.046875s
PaKeLiKa>> PING>> 0.046875s
darklumina>> PING>> 0.03125s
PaKeLiKa>> PING>> 0.046875s
squll-typo>> PING>> 0.03125s
darklumina>> PING>> 0.03125s
PaKeLiKa>> PING>> 0.03125s
squll-typo>> PING>> 0.046875s
darklumina>> PING>> 0.03125s
PaKeLiKa>> PING>> 0.03125s
squll-typo>> PING>> 0.03125s
darklumina>> PING>> 0.03125s
PaKeLiKa>> PING>> 0.046875s
squll-typo>> PING>> 0.03125s
>> VERSION 2.0.6>> 0.03125s
PhatRabbit>> LOADGAME PhatRabbit treece>> 0.921875s
PhatRabbit>> TABLEQUERY 1>> 0.03125s
PhatRabbit>> EXTRACHECK>> 0.03125s
PhatRabbit>> CHAT its alive!>> 0.40625s
PhatRabbit>> TABLECREATE CHINCHIN>> 0.1875s
PhatRabbit>> CHANGERULE CHINCHIN 30000>> 0.25s
PhatRabbit>> PM PaKeLiKa so%20what%20do%20we%20have%20to%20transfer%20to?....dwbank%20yo%20you%20or%20another%20account?>> 0.34375s
PhatRabbit>> PM PaKeLiKa to*>> 0.1875s
darklumina>> PING>> 0.03125s
PhatRabbit>> PING>> 0.03125s
squll-typo>> PING>> 0.03125s
PaKeLiKa>> PING>> 0.03125s
PaKeLiKa>> PING>> 0.03125s
darklumina>> PING>> 0.03125s
squll-typo>> PING>> 0.03125s
PhatRabbit>> PING>> 0.03125s
PaKeLiKa>> PING>> 0.03125s
darklumina>> PING>> 0.03125s
PhatRabbit>> PING>> 0.03125s
squll-typo>> PING>> 0.03125s
darklumina>> PING>> 0.03125s
squll-typo>> PING>> 0.03125s
PhatRabbit>> PING>> 0.03125s
PaKeLiKa>> PING>> 0.03125s
PaKeLiKa>> PING>> 0.03125s
darklumina>> PING>> 0.03125s
PhatRabbit>> PING>> 0.03125s
squll-typo>> PING>> 0.046875s
PaKeLiKa>> PING>> 0.03125s
darklumina>> PING>> 0.0625s
PhatRabbit>> PING>> 0.046875s
squll-typo>> PING>> 0.03125s
PhatRabbit>> GAMEREADY>> 0.15625s
PhatRabbit>> TABLECLOSE>> 0.078125s
darklumina>> PING>> 0.03125s
PaKeLiKa>> PING>> 0.046875s
PhatRabbit>> PING>> 0.03125s
squll-typo>> PING>> 0.03125s
PhatRabbit>> >> 0s
PhatRabbit>> AWAY 1>> 0.921875s
PhatRabbit>> CHAT lies>> 0.203125s
PhatRabbit>> AWAY 0>> 0.234375s
darklumina>> PING>> 0.03125s
PhatRabbit>> PING>> 0.046875s
squll-typo>> PING>> 0.03125s
PaKeLiKa>> PING>> 0.03125s
PaKeLiKa>> CHAT /me pats v2 >> 0.40625s
PaKeLiKa>> CHAT good v2>> 0.21875s
PaKeLiKa>> PM PhatRabbit no%20heres%20whats%20up%20lol>> 0.171875s
darklumina>> PING>> 0.03125s
PaKeLiKa>> PING>> 0.046875s
PhatRabbit>> PING>> 0.03125s
squll-typo>> PING>> 0.046875s
PaKeLiKa>> PM PhatRabbit when%20v2%20comes%20out%20on%20the%201st%20i%20have%20to%20start%20transfering%20all%20the%20cards%20from%20DWBank%20over%20to%20the%20KT%20guild%20bank>> 0.1875s
>> VERSION 2.0.6>> 0.046875s
darklumina2>> LOADGAME darklumina2 pantyraid13>> 0.46875s
darklumina2>> TABLEQUERY 1>> 0.046875s
darklumina2>> EXTRACHECK>> 0.046875s
PaKeLiKa>> PM PhatRabbit its%20literally%20going%20to%20take%20hour%20and%20hours%20probably%20a%20couple%20days>> 1.1875s
PaKeLiKa>> PM PhatRabbit lol%20bank%20has%20like%203500%20cards%20or%20something%20im%20not%20sure>> 0.171875s
PaKeLiKa>> PM PhatRabbit its%20about%2020-30%20seconds%20a%20card%20for%20me>> 0.1875s
PaKeLiKa>> PM PhatRabbit your%20seemed%20to%20be%20about%205-7%20seconds%20looking%20at%20the%20timestamps>> 0.1875s
darklumina>> PING>> 0.03125s
PaKeLiKa>> PING>> 0.046875s
PhatRabbit>> PING>> 0.046875s
darklumina2>> PING>> 0.03125s
squll-typo>> PING>> 0.03125s
PaKeLiKa>> CHAT cock smack>> 0.265625s
PaKeLiKa>> CHAT that should be filtered>> 0.21875s
PaKeLiKa>> CHAT  :P>> 0.21875s
darklumina2>> CHAT cockatrice would be too>> 0.1875s
darklumina2>> CHAT so no>> 0.1875s
PaKeLiKa>> CHAT meh lol>> 0.21875s
PaKeLiKa>> CHAT rhow much cash did i add up ?>> 0.765625s
PaKeLiKa>> CHAT i want to get 15 or 20 $ >> 0.21875s
darklumina>> PING>> 0.03125s
PaKeLiKa>> PING>> 0.03125s
PhatRabbit>> PING>> 0.03125s
darklumina2>> PING>> 0.03125s
squll-typo>> PING>> 0.046875s
PaKeLiKa>> CHAT must have PU back>> 0.234375s
PhatRabbit>> PM PaKeLiKa sorry>> 0.21875s
darklumina>> PING>> 0.03125s
PaKeLiKa>> PING>> 0.03125s
PhatRabbit>> PING>> 0.03125s
darklumina2>> PING>> 0.03125s
squll-typo>> PING>> 0.046875s
PaKeLiKa>> TREASUREHUNTER>> 0.65625s
PhatRabbit>> PM PaKeLiKa i%20was%20on%20the%20other%20server>> 0.171875s
PaKeLiKa>> TREASUREHUNTER>> 0.8125s
PhatRabbit>> PM PaKeLiKa lol>> 0.171875s
PaKeLiKa>> TREASUREHUNTER>> 0.65625s
PaKeLiKa>> TREASUREHUNTER>> 0.34375s
PaKeLiKa>> TREASUREHUNTER>> 0.40625s
PaKeLiKa>> TREASUREHUNTER>> 0.375s
PaKeLiKa>> TREASUREHUNTER>> 0.5s
PhatRabbit>> PM PaKeLiKa but%20yeah...i%20think%20i%20gave%20the%20bank%20a%20couple%20hundred%20cards>> 0.171875s
PhatRabbit>> PM PaKeLiKa why%20cant%20lumi%20just%20transer%20them>> 0.1875s
darklumina2>> CHAT im at work, i have not looked>> 0.265625s
darklumina>> PING>> 0.03125s
PaKeLiKa>> PING>> 0.03125s
PhatRabbit>> PING>> 0.03125s
darklumina2>> PING>> 0.03125s
squll-typo>> PING>> 0.046875s
darklumina>> PING>> 0.03125s
PhatRabbit>> PING>> 0.03125s
PaKeLiKa>> PING>> 0.03125s
darklumina2>> PING>> 0.03125s
squll-typo>> PING>> 0.046875s
PaKeLiKa>> PM PhatRabbit no%20way%20i%20to%20i%20guess%20lol>> 0.734375s
PaKeLiKa>> PM PhatRabbit i%20offered%2010k>> 0.171875s
PaKeLiKa>> PM PhatRabbit i%20offered%205%20bucks%20money%20order%20lol>> 0.1875s
PhatRabbit>> PM PaKeLiKa lol>> 0.359375s
PaKeLiKa>> PM PhatRabbit he%20was%20like%20i%20can't>> 0.1875s
darklumina2>> WEBSERVICE>> 0.03125s
darklumina2>> WEBSERVICE>> 0.03125s
darklumina2>> GUILDBANKCARDADD Eidelon%20Madeen>> 0.625s
darklumina2>> WEBSERVICE>> 0.03125s
PaKeLiKa>> PM PhatRabbit so%20we%20gotta%20do%20it%20but%20he's%20giving%20us%20a%20week>> 0.171875s
PhatRabbit>> PM PaKeLiKa wth>> 0.203125s
darklumina2>> GUILDBANKCARDADD Edgehead>> 0.4375s
darklumina2>> WEBSERVICE>> 0.03125s
darklumina2>> CHAT its pretty fast from over here.. im pleased>> 0.203125s
PhatRabbit>> PM PaKeLiKa that%20sucks....like%20the%20cards%20that%20you%20have%20like%2030%20of>> 0.1875s
darklumina2>> CHAT anyway, bbl>> 0.5s
darklumina2>> WEBSERVICE>> 0.046875s
darklumina2>> WEBSERVICE>> 0.03125s
darklumina2>> WEBSERVICE>> 0.046875s
darklumina2>> WEBSERVICE>> 0.03125s
darklumina2>> WEBSERVICE>> 0.03125s
PaKeLiKa>> >> 0s
PaKeLiKa>> PING>> 0.484375s
darklumina>> PING>> 0.03125s
PhatRabbit>> PING>> 0.03125s
squll-typo>> PING>> 0.03125s
darklumina2>> PING>> 0.4375s
PaKeLiKa>> PM PhatRabbit lol>> 0.6875s
darklumina2>> WEBSERVICE>> 0.03125s
PhatRabbit>> PM PaKeLiKa all%20i%20have%20left%20are%20dupes%20and%20a%20couple%20high%20lvl%20that%20i%20like>> 0.21875s
darklumina2>> WEBSERVICE>> 0.03125s
darklumina2>> WEBSERVICE>> 0.046875s
PhatRabbit>> PM PaKeLiKa i%20know%20its%20a%20pain>> 0.1875s
PhatRabbit>> PM PaKeLiKa found%20that%20out%20last%20night>> 0.203125s
darklumina2>> WEBSERVICE>> 0.03125s
darklumina2>> WEBSERVICE>> 0.046875s
PhatRabbit>> PM PaKeLiKa lol>> 0.1875s
PaKeLiKa>> PM PhatRabbit lol>> 0.203125s
PaKeLiKa>> PM PhatRabbit yea%20and%20all%20that%20doesnt%20matter%20...>> 0.328125s
darklumina2>> GUILDBANKDEPOSITGOLD 418>> 0.4375s
darklumina2>> WEBSERVICE>> 0.03125s
darklumina2>> WEBSERVICE>> 0.046875s
PaKeLiKa>> PM PhatRabbit but%20it%20is%20awesome%20lol>> 0.171875s
PaKeLiKa>> PM PhatRabbit but%20it%20will%20all%20reset%20you%20know%20this%20right?>> 0.171875s
darklumina>> PING>> 0.03125s
PaKeLiKa>> PING>> 0.046875s
PhatRabbit>> PING>> 0.03125s
darklumina2>> PING>> 0.03125s
squll-typo>> PING>> 0.03125s
PhatRabbit>> PM PaKeLiKa for%20testing%20:D>> 0.203125s
PaKeLiKa>> PM PhatRabbit yea%20XD>> 0.171875s
PhatRabbit>> PM PaKeLiKa yeah>> 0.46875s
darklumina2>> WEBSERVICE>> 0.03125s
darklumina2>> CARDPACK KH%20Trial%20Deck>> 1.078125s
PaKeLiKa>> PM PhatRabbit im%20doing%20DW%20rewards%20stuff>> 0.1875s
darklumina2>> WEBSERVICE>> 0.03125s
PaKeLiKa>> PM PhatRabbit im%20gonna%20try%20to%20get%20an%20se%20or%20ec%20for%20the%20bnak>> 0.171875s
PhatRabbit>> PM PaKeLiKa how%20do%20we%20get%20tokens%20here?>> 0.203125s
PaKeLiKa>> PM PhatRabbit memberships%20give%20you%20tokens>> 0.171875s
>> QUIT 0 1>> 0.3125s
PhatRabbit>> PM PaKeLiKa only%20in%20v2%20or%20in%20v1?>> 0.203125s
darklumina>> PING>> 0.03125s
PhatRabbit>> PING>> 0.078125s
squll-typo>> PING>> 0.03125s
PaKeLiKa>> PING>> 0.03125s
darklumina>> PING>> 0.03125s
PaKeLiKa>> PING>> 0.03125s
PhatRabbit>> PING>> 0.03125s
squll-typo>> PING>> 0.03125s
PaKeLiKa>> PM PhatRabbit in%20v2%20memberships%20will%20give%20ya%20tokens>> 0.640625s
PaKeLiKa>> PM PhatRabbit its%20more%20efficient>> 0.1875s
darklumina>> PING>> 0.03125s
PaKeLiKa>> PING>> 0.046875s
PhatRabbit>> PING>> 0.03125s
squll-typo>> PING>> 0.03125s
PaKeLiKa>> PM PhatRabbit then%20darky%20personally%20putting%20the%20cards%20in%20your%20account>> 0.171875s
PhatRabbit>> PM PaKeLiKa kool>> 0.328125s
PaKeLiKa>> PM PhatRabbit you%20just%20redeem%20them%20whenever%20>> 0.171875s
PhatRabbit>> PM PaKeLiKa sweet!%20>> 0.1875s
darklumina>> PING>> 0.03125s
PaKeLiKa>> PING>> 0.03125s
PhatRabbit>> PING>> 0.03125s
squll-typo>> PING>> 0.046875s
darklumina>> PING>> 0.03125s
PaKeLiKa>> PING>> 0.03125s
PhatRabbit>> PING>> 0.03125s
squll-typo>> PING>> 0.03125s
darklumina>> PING>> 0.03125s
PaKeLiKa>> PING>> 0.03125s
PhatRabbit>> PING>> 0.03125s
squll-typo>> PING>> 0.03125s
PhatRabbit>> WEBSERVICE>> 0.046875s
PhatRabbit>> WEBSERVICE>> 0.03125s
PhatRabbit>> TABLECREATE CHINCHIN>> 0.59375s
PhatRabbit>> CHANGERULE CHINCHIN 30000>> 0.265625s
darklumina>> PING>> 0.03125s
PhatRabbit>> PING>> 0.03125s
squll-typo>> PING>> 0.03125s
PaKeLiKa>> PING>> 0.03125s
PaKeLiKa>> PING>> 0.03125s
darklumina>> PING>> 0.03125s
PhatRabbit>> PING>> 0.03125s
squll-typo>> PING>> 0.03125s
PhatRabbit>> TABLECLOSE>> 0.109375s
darklumina>> PING>> 0.03125s
PhatRabbit>> PING>> 0.046875s
squll-typo>> PING>> 0.03125s
PaKeLiKa>> PING>> 0.03125s
darklumina>> PING>> 0.03125s
PhatRabbit>> PING>> 0.03125s
PaKeLiKa>> PING>> 0.03125s
squll-typo>> PING>> 0.03125s
darklumina>> PING>> 0.03125s
PhatRabbit>> PING>> 0.03125s
squll-typo>> PING>> 0.03125s
PaKeLiKa>> PING>> 0.046875s
darklumina>> PING>> 0.03125s
PhatRabbit>> PING>> 0.03125s
squll-typo>> PING>> 0.03125s
PaKeLiKa>> PING>> 0.046875s
darklumina>> PING>> 0.03125s
PhatRabbit>> PING>> 0.046875s
squll-typo>> PING>> 0.03125s
PaKeLiKa>> PING>> 0.03125s
darklumina>> PING>> 0.03125s
PaKeLiKa>> PING>> 0.03125s
PhatRabbit>> PING>> 0.03125s
squll-typo>> PING>> 0.03125s
darklumina>> PING>> 0.03125s
PaKeLiKa>> PING>> 0.03125s
PhatRabbit>> PING>> 0.03125s
squll-typo>> PING>> 0.03125s
darklumina>> PING>> 0.03125s
PaKeLiKa>> PING>> 0.03125s
PhatRabbit>> PING>> 0.03125s
squll-typo>> PING>> 0.03125s
darklumina>> PING>> 0.03125s
PaKeLiKa>> PING>> 0.03125s
PhatRabbit>> PING>> 0.046875s
squll-typo>> PING>> 0.046875s
darklumina>> PING>> 0.03125s
PhatRabbit>> PING>> 0.03125s
squll-typo>> PING>> 0.03125s
PaKeLiKa>> PING>> 0.03125s
darklumina>> PING>> 0.03125s
PhatRabbit>> PING>> 0.03125s
squll-typo>> PING>> 0.046875s
PaKeLiKa>> PING>> 0.03125s
PaKeLiKa>> WEBSERVICE>> 0.03125s
darklumina>> PING>> 0.03125s
PaKeLiKa>> PING>> 0.046875s
PhatRabbit>> PING>> 0.046875s
squll-typo>> PING>> 0.046875s
darklumina>> PING>> 0.03125s
PaKeLiKa>> PING>> 0.03125s
PhatRabbit>> PING>> 0.03125s
squll-typo>> PING>> 0.03125s
darklumina>> PING>> 0.03125s
PaKeLiKa>> PING>> 0.046875s
PhatRabbit>> PING>> 0.03125s
squll-typo>> PING>> 0.03125s
darklumina>> PING>> 0.03125s
PhatRabbit>> PING>> 0.03125s
PaKeLiKa>> PING>> 0.03125s
squll-typo>> PING>> 0.03125s
darklumina>> PING>> 0.03125s
PaKeLiKa>> PING>> 0.03125s
PhatRabbit>> PING>> 0.03125s
squll-typo>> PING>> 0.03125s
darklumina>> PING>> 0.03125s
PaKeLiKa>> PING>> 0.03125s
PhatRabbit>> PING>> 0.03125s
squll-typo>> PING>> 0.03125s
darklumina>> PING>> 0.03125s
PaKeLiKa>> PING>> 0.03125s
PhatRabbit>> PING>> 0.03125s
squll-typo>> PING>> 0.03125s
darklumina>> PING>> 0.03125s
PaKeLiKa>> PING>> 0.03125s
PhatRabbit>> PING>> 0.03125s
squll-typo>> PING>> 0.03125s
darklumina>> PING>> 0.03125s
PaKeLiKa>> PING>> 0.046875s
PhatRabbit>> PING>> 0.03125s
squll-typo>> PING>> 0.046875s
darklumina>> PING>> 0.03125s
PaKeLiKa>> PING>> 0.03125s
PhatRabbit>> PING>> 0.03125s
squll-typo>> PING>> 0.03125s
darklumina>> PING>> 0.03125s
PaKeLiKa>> PING>> 0.03125s
PhatRabbit>> PING>> 0.03125s
squll-typo>> PING>> 0.03125s
darklumina>> PING>> 0.03125s
PaKeLiKa>> PING>> 0.03125s
PhatRabbit>> PING>> 0.03125s
squll-typo>> PING>> 0.03125s
darklumina>> PING>> 0.03125s
PaKeLiKa>> PING>> 0.03125s
PhatRabbit>> PING>> 0.03125s
squll-typo>> PING>> 0.03125s
>> VERSION 2.0.6>> 0.03125s
jinvicious>> LOADGAME jinvicious 782040>> 0.734375s
darklumina>> PING>> 0.046875s
PaKeLiKa>> PING>> 0.078125s
squll-typo>> PING>> 0.0625s
PhatRabbit>> PING>> 0.171875s
darklumina>> PING>> 0.03125s
PaKeLiKa>> PING>> 0.046875s
PhatRabbit>> PING>> 0.03125s
squll-typo>> PING>> 0.03125s
darklumina>> PING>> 0.03125s
PaKeLiKa>> PING>> 0.03125s
PhatRabbit>> PING>> 0.03125s
squll-typo>> PING>> 0.046875s
darklumina>> PING>> 0.03125s
PaKeLiKa>> PING>> 0.03125s
squll-typo>> PING>> 0.03125s
PhatRabbit>> PING>> 0.03125s
darklumina>> PING>> 0.03125s
PaKeLiKa>> PING>> 0.03125s
PhatRabbit>> PING>> 0.03125s
squll-typo>> PING>> 0.03125s
PhatRabbit>> PING>> 0.03125s
darklumina>> PING>> 0.046875s
squll-typo>> PING>> 0.03125s
PaKeLiKa>> PING>> 0.03125s
darklumina>> PING>> 0.03125s
PaKeLiKa>> PING>> 0.03125s
PhatRabbit>> PING>> 0.03125s
squll-typo>> PING>> 0.046875s
darklumina>> PING>> 0.03125s
PaKeLiKa>> PING>> 0.03125s
PhatRabbit>> PING>> 0.03125s
squll-typo>> PING>> 0.03125s
darklumina>> PING>> 0.03125s
PaKeLiKa>> PING>> 0.03125s
PhatRabbit>> PING>> 0.046875s
squll-typo>> PING>> 0.03125s
darklumina>> PING>> 0.03125s
PaKeLiKa>> PING>> 0.03125s
PhatRabbit>> PING>> 0.03125s
squll-typo>> PING>> 0.03125s
darklumina>> PING>> 0.03125s
PaKeLiKa>> PING>> 0.03125s
PhatRabbit>> PING>> 0.03125s
squll-typo>> PING>> 0.03125s
PhatRabbit>> PING>> 0.03125s
darklumina>> PING>> 0.046875s
PaKeLiKa>> PING>> 0.046875s
squll-typo>> PING>> 0.03125s
darklumina>> PING>> 0.03125s
PaKeLiKa>> PING>> 0.03125s
squll-typo>> PING>> 0.03125s
PhatRabbit>> PING>> 0.03125s
darklumina>> PING>> 0.046875s
PaKeLiKa>> PING>> 0.03125s
PhatRabbit>> PING>> 0.03125s
squll-typo>> PING>> 0.03125s
>> VERSION 2.0.6>> 0.03125s
Chronic>> LOADGAME Chronic sonic>> 0.9375s
Chronic>> TABLEQUERY 1>> 0.046875s
Chronic>> EXTRACHECK>> 0.03125s
Chronic>> CHAT wtf>> 0.25s
darklumina>> PING>> 0.03125s
PaKeLiKa>> PING>> 0.046875s
PhatRabbit>> PING>> 0.046875s
Chronic>> CHAT wheres all my gp>> 0.5625s
squll-typo>> PING>> 0.046875s
Chronic>> PING>> 0.03125s
Chronic>> WEBSERVICE>> 0.03125s
Chronic>> WEBSERVICE>> 0.03125s
Chronic>> WEBSERVICE>> 0.03125s
darklumina>> PING>> 0.03125s
PaKeLiKa>> PING>> 0.03125s
PhatRabbit>> PING>> 0.03125s
squll-typo>> PING>> 0.046875s
Chronic>> PING>> 0.03125s
>> QUIT 0 1>> 0.296875s
darklumina>> PING>> 0.03125s
PaKeLiKa>> PING>> 0.03125s
PhatRabbit>> PING>> 0.03125s
squll-typo>> PING>> 0.03125s
darklumina>> PING>> 0.03125s
PaKeLiKa>> PING>> 0.03125s
PhatRabbit>> PING>> 0.03125s
squll-typo>> PING>> 0.03125s
darklumina>> PING>> 0.03125s
PaKeLiKa>> PING>> 0.03125s
squll-typo>> PING>> 0.03125s
PhatRabbit>> PING>> 0.03125s
darklumina>> PING>> 0.046875s
PhatRabbit>> PING>> 0.046875s
PaKeLiKa>> PING>> 0.03125s
squll-typo>> PING>> 0.03125s
darklumina>> PING>> 0.03125s
PaKeLiKa>> PING>> 0.046875s
PhatRabbit>> PING>> 0.03125s
squll-typo>> PING>> 0.03125s
PaKeLiKa>> CHAT *rolls eyes*>> 0.6875s
darklumina>> PING>> 0.03125s
PhatRabbit>> PING>> 0.03125s
squll-typo>> PING>> 0.03125s
PaKeLiKa>> PING>> 0.03125s
darklumina>> PING>> 0.03125s
PhatRabbit>> PING>> 0.03125s
squll-typo>> PING>> 0.03125s
PaKeLiKa>> PING>> 0.03125s
darklumina>> PING>> 0.03125s
PaKeLiKa>> PING>> 0.046875s
PhatRabbit>> PING>> 0.03125s
squll-typo>> PING>> 0.03125s
darklumina>> PING>> 0.03125s
PaKeLiKa>> PING>> 0.03125s
PhatRabbit>> PING>> 0.03125s
squll-typo>> PING>> 0.03125s
darklumina>> PING>> 0.03125s
PaKeLiKa>> PING>> 0.03125s
PhatRabbit>> PING>> 0.03125s
squll-typo>> PING>> 0.03125s
darklumina>> PING>> 0.03125s
PaKeLiKa>> PING>> 0.03125s
PhatRabbit>> PING>> 0.03125s
squll-typo>> PING>> 0.03125s
darklumina>> PING>> 0.03125s
PaKeLiKa>> PING>> 0.03125s
PhatRabbit>> PING>> 0.03125s
squll-typo>> PING>> 0.03125s
darklumina>> PING>> 0.03125s
PaKeLiKa>> PING>> 0.03125s
PhatRabbit>> PING>> 0.03125s
squll-typo>> PING>> 0.03125s
PhatRabbit>> CHAT i'm bored>> 0.6875s
darklumina>> PING>> 0.03125s
PaKeLiKa>> PING>> 0.046875s
PhatRabbit>> PING>> 0.03125s
squll-typo>> PING>> 0.03125s
darklumina>> PING>> 0.03125s
PaKeLiKa>> PING>> 0.03125s
PhatRabbit>> PING>> 0.03125s
squll-typo>> PING>> 0.03125s
PhatRabbit>> TABLECREATE CHINCHIN>> 0.875s
PhatRabbit>> CHANGERULE CHINCHIN 30000>> 0.234375s
PaKeLiKa>> PING>> 0.03125s
darklumina>> PING>> 0.03125s
PhatRabbit>> PING>> 0.03125s
squll-typo>> PING>> 0.03125s
PaKeLiKa>> PING>> 0.03125s
darklumina>> PING>> 0.03125s
PhatRabbit>> PING>> 0.046875s
squll-typo>> PING>> 0.03125s
PaKeLiKa>> PING>> 0.03125s
darklumina>> PING>> 0.03125s
PhatRabbit>> PING>> 0.03125s
squll-typo>> PING>> 0.03125s
darklumina>> PING>> 0.03125s
PhatRabbit>> PING>> 0.03125s
PaKeLiKa>> PING>> 0.03125s
squll-typo>> PING>> 0.03125s
PaKeLiKa>> PING>> 0.03125s
darklumina>> PING>> 0.0625s
PhatRabbit>> PING>> 0.046875s
squll-typo>> PING>> 0.03125s
PaKeLiKa>> PING>> 0.03125s
darklumina>> PING>> 0.03125s
PhatRabbit>> PING>> 0.046875s
squll-typo>> PING>> 0.03125s
PhatRabbit>> TABLECLOSE>> 0.109375s
darklumina>> PING>> 0.03125s
PaKeLiKa>> PING>> 0.03125s
PhatRabbit>> PING>> 0.03125s
squll-typo>> PING>> 0.03125s
darklumina>> PING>> 0.03125s
PaKeLiKa>> PING>> 0.03125s
PhatRabbit>> PING>> 0.03125s
squll-typo>> PING>> 0.03125s
darklumina>> PING>> 0.03125s
PaKeLiKa>> PING>> 0.03125s
PhatRabbit>> PING>> 0.03125s
squll-typo>> PING>> 0.03125s
darklumina>> PING>> 0.03125s
PaKeLiKa>> PING>> 0.03125s
PhatRabbit>> PING>> 0.03125s
squll-typo>> PING>> 0.03125s
darklumina>> PING>> 0.03125s
PaKeLiKa>> PING>> 0.03125s
PhatRabbit>> PING>> 0.03125s
squll-typo>> PING>> 0.03125s
darklumina>> PING>> 0.03125s
PaKeLiKa>> PING>> 0.03125s
PhatRabbit>> PING>> 0.03125s
squll-typo>> PING>> 0.03125s
darklumina>> PING>> 0.03125s
PhatRabbit>> PING>> 0.03125s
squll-typo>> PING>> 0.03125s
>> QUIT 354 1>> 0.421875s
darklumina>> PING>> 0.03125s
PhatRabbit>> PING>> 0.046875s
squll-typo>> PING>> 0.046875s
darklumina>> PING>> 0.03125s
PhatRabbit>> PING>> 0.03125s
squll-typo>> PING>> 0.03125s
darklumina>> PING>> 0.03125s
PhatRabbit>> PING>> 0.03125s
squll-typo>> PING>> 0.03125s
darklumina>> >> 0s
darklumina>> AWAY 0>> 1.375s
PhatRabbit>> CHAT lol>> 1s
darklumina>> PING>> 0.03125s
PhatRabbit>> PING>> 0.03125s
squll-typo>> PING>> 0.046875s
darklumina>> PING>> 0.03125s
PhatRabbit>> PING>> 0.03125s
squll-typo>> PING>> 0.046875s
PhatRabbit>> TABLECREATE CHINCHIN>> 0.171875s
PhatRabbit>> CHANGERULE CHINCHIN 30000>> 0.234375s
darklumina>> PING>> 0.03125s
PhatRabbit>> PING>> 0.046875s
squll-typo>> PING>> 0.03125s
darklumina>> PING>> 0.03125s
PhatRabbit>> PING>> 0.03125s
squll-typo>> PING>> 0.046875s
PhatRabbit>> PING>> 0.03125s
squll-typo>> PING>> 0.03125s
>> VERSION 2.0.6>> 0.03125s
howabe>> LOADGAME howabe 194286>> 1.25s
howabe>> TABLEQUERY 1>> 0.046875s
howabe>> EXTRACHECK>> 0.03125s
howabe>> TREASUREHUNTER>> 0.46875s
PhatRabbit>> PING>> 0.046875s
squll-typo>> PING>> 0.03125s
howabe>> PING>> 0.03125s
howabe>> WEBSERVICE>> 0.03125s
darklumina>> PING>> 0.0625s
darklumina>> PING>> 0.03125s
darklumina>> ADMINLOGIN 41257448>> 0.421875s
darklumina>> WEBSERVICE>> 0.03125s
PhatRabbit>> TABLECLOSE>> 0.09375s
howabe>> PING>> 0.03125s
darklumina>> PING>> 0.03125s
PhatRabbit>> PING>> 0.015625s
squll-typo>> PING>> 0.046875s
darklumina>> PING>> 0.0625s
PhatRabbit>> PING>> 0.03125s
howabe>> PING>> 0.03125s
squll-typo>> PING>> 0.03125s
howabe>> ADMINLOGIN 84743589>> 0.65625s
howabe>> WEBSERVICE>> 0.015625s
howabe>> CHAT /me is back.>> 0.21875s
howabe>> AWAY 0>> 0.03125s
darklumina>> PING>> 0.03125s
PhatRabbit>> PING>> 0.03125s
howabe>> PING>> 0.03125s
squll-typo>> PING>> 0.03125s
darklumina>> PING>> 0.03125s
PhatRabbit>> PING>> 0.03125s
howabe>> PING>> 0.03125s
squll-typo>> PING>> 0.03125s
darklumina>> PING>> 0.046875s
PhatRabbit>> PING>> 0.03125s
howabe>> PING>> 0.03125s
squll-typo>> PING>> 0.03125s
darklumina>> PING>> 0.03125s
howabe>> PING>> 0.03125s
PhatRabbit>> PING>> 0.046875s
squll-typo>> PING>> 0.03125s
darklumina>> PING>> 0.046875s
PhatRabbit>> PING>> 0.046875s
howabe>> PING>> 0.03125s
squll-typo>> PING>> 0.03125s
howabe>> PING>> 0.03125s
darklumina>> PING>> 0.03125s
PhatRabbit>> PING>> 0.03125s
squll-typo>> PING>> 0.03125s
howabe>> >> 0s
howabe>> AWAY 1>> 0.84375s
howabe>> >> 0s
howabe>> AWAY 0>> 0.828125s
darklumina>> PING>> 0.03125s
PhatRabbit>> PING>> 0.03125s
howabe>> PING>> 0.03125s
squll-typo>> PING>> 0.03125s
darklumina>> PING>> 0.03125s
howabe>> PING>> 0.03125s
PhatRabbit>> PING>> 0.03125s
squll-typo>> PING>> 0.03125s
darklumina>> >> 0s
darklumina>> AWAY 1>> 0.609375s
>> QUIT 15 1>> 1.328125s
howabe>> ADMINLOGOUT>> 0.03125s
>> QUIT 13 1>> 0.546875s
PhatRabbit>> PING>> 0.03125s
squll-typo>> PING>> 0.03125s
PhatRabbit>> PING>> 0.0625s
squll-typo>> PING>> 0.03125s
>> VERSION 2.0.6>> 0.03125s
Arkelsa>> LOADGAME Arkelsa glorious>> 0.890625s
Arkelsa>> TABLEQUERY 1>> 0.015625s
Arkelsa>> EXTRACHECK>> 0.046875s
PhatRabbit>> CHAT welcome>> 0.453125s
Arkelsa>> CHAT shush>> 0.21875s
Arkelsa>> CHAT dont give me some welcome bullshit>> 0.078125s
PhatRabbit>> PING>> 0.03125s
Arkelsa>> PING>> 0.046875s
squll-typo>> PING>> 0.015625s
PhatRabbit>> PING>> 0.03125s
Arkelsa>> PING>> 0.03125s
squll-typo>> PING>> 0.03125s
Arkelsa>> CHAT you active>> 0.203125s
Arkelsa>> CHAT i need to test a few things for darky>> 0.21875s
Arkelsa>> WEBSERVICE>> 0.03125s
Arkelsa>> PANDORAGUESS 4 8 4 3>> 1.1875s
Arkelsa>> WEBSERVICE>> 0.03125s
Arkelsa>> CHAT yes no maybe so?>> 0.21875s
Arkelsa>> TABLECREATE>> 0.234375s
Arkelsa>> WEBSERVICE>> 0.03125s
Arkelsa>> CHANGERULE 0 1 1 0 0 0 0 0 1 1 0 0 0 0 0 1 0 1 1 0 1 0 0 0 1 0 0 0 0 0 0 0 0 0 0 0 0 0 0 1@@Triple%20Triad@@ Anime CC FF7 FF9 FFAC FFT FFX KingdomHearts Nintendo Sega Standard Suikoden2 XenoTrigger>> 0.1875s
Arkelsa>> GAMEREADY>> 0.0625s
PhatRabbit>> PING>> 0.03125s
squll-typo>> PING>> 0.03125s
Arkelsa>> PING>> 0.046875s
PhatRabbit>> PING>> 0.03125s
Arkelsa>> PING>> 0.03125s
squll-typo>> PING>> 0.03125s
PhatRabbit>> PING>> 0.03125s
Arkelsa>> PING>> 0.03125s
squll-typo>> PING>> 0.03125s
PhatRabbit>> TABLEJOIN 1>> 1.078125s
PhatRabbit>> GAMEREADY>> 0.953125s
PhatRabbit>> PING>> 0.03125s
Arkelsa>> PING>> 0.03125s
squll-typo>> PING>> 0.03125s
Arkelsa>> TT_PLACEAT 2 1>> 0.359375s
PhatRabbit>> TT_PLACEAT 5 3>> 0.546875s
Arkelsa>> TT_PLACEAT 8 2>> 1.203125s
PhatRabbit>> PING>> 0.046875s
Arkelsa>> PING>> 0.03125s
squll-typo>> PING>> 0.015625s
PhatRabbit>> TT_PLACEAT 0 0>> 0.21875s
Arkelsa>> TT_PLACEAT 1 3>> 1.109375s
Arkelsa>> PING>> 0.03125s
PhatRabbit>> >> 0s
squll-typo>> PING>> 0.03125s
PhatRabbit>> PING>> 2.40625s
Arkelsa>> TT_PLACEAT 3 4>> 1.71875s
PhatRabbit>> TT_PLACEAT 7 2>> 1.046875s
Arkelsa>> TT_PLACEAT 6 0>> 9.889375s
PhatRabbit>> CHAT good gme>> 0.265625s
PhatRabbit>> CHAT game*>> 0.203125s
Arkelsa>> CHAT gg>> 1.046875s
PhatRabbit>> PING>> 0.03125s
Arkelsa>> PING>> 0.03125s
squll-typo>> PING>> 0.03125s
PhatRabbit>> PING>> 0.03125s
squll-typo>> PING>> 0.046875s
Arkelsa>> PING>> 0.03125s
Arkelsa>> PING>> 0.125s
PhatRabbit>> PING>> 0.125s
squll-typo>> PING>> 0.078125s
Arkelsa>> PING>> 0.984375s
PhatRabbit>> PING>> 0.09375s
squll-typo>> PING>> 0.1875s
PhatRabbit>> PING>> 0.046875s
Arkelsa>> PING>> 0.03125s
squll-typo>> PING>> 0.046875s
PhatRabbit>> PING>> 0.03125s
Arkelsa>> PING>> 0.03125s
squll-typo>> PING>> 0.03125s
PhatRabbit>> PING>> 0.03125s
Arkelsa>> PING>> 0.046875s
squll-typo>> PING>> 0.03125s
Arkelsa>> >> 0s
Arkelsa>> AWAY 1>> 0.78125s
Arkelsa>> PING>> 0.03125s
PhatRabbit>> PING>> 0.03125s
squll-typo>> PING>> 0.03125s
PhatRabbit>> TABLECREATE CHINCHIN>> 1.234375s
PhatRabbit>> CHAT ..>> 0.203125s
>> VERSION 2.0.6>> 0.046875s
darklumina>> LOADGAME darklumina pantyraid13>> 0.890625s
darklumina>> TABLEQUERY 1>> 0.078125s
darklumina>> EXTRACHECK>> 0.03125s
darklumina>> >> 0s
darklumina>> AWAY 0>> 0.71875s
PhatRabbit>> CHANGERULE CHINCHIN 30000>> 0.25s
darklumina>> TABLEJOIN 1>> 1.25s
darklumina>> CHALLENGECHATS pssh>> 0.09375s
PhatRabbit>> CHAT master GM nice!>> 0.359375s
darklumina>> PING>> 0.046875s
Arkelsa>> PING>> 0.046875s
PhatRabbit>> PING>> 0.03125s
squll-typo>> PING>> 0.03125s
PhatRabbit>> CHANGERULE CHINCHIN 10000>> 0.5625s
darklumina>> CHANGERULE CHINCHIN 30000>> 5.0625s
PhatRabbit>> CHANGERULE CHINCHIN 30000>> 0.4375s
PhatRabbit>> GAMEREADY>> 0.453125s
darklumina>> GAMEREADY>> 1.09375s
PhatRabbit>> CHINCHINROLL>> 10.40625s
PhatRabbit>> CHAT XD>> 0.453125s
darklumina>> CHAT ha ha ha ha>> 0.25s
PhatRabbit>> CHAT hax>> 0.21875s
PhatRabbit>> TABLECREATE CHINCHIN>> 0.203125s
PhatRabbit>> CHANGERULE CHINCHIN 10000>> 0.28125s
darklumina>> CHAT <Snap> Snapshot taken. >> 0.234375s
darklumina>> PING>> 0.046875s
Arkelsa>> PING>> 0.03125s
PhatRabbit>> PING>> 0.046875s
squll-typo>> PING>> 0.03125s
PhatRabbit>> CHAT once again rabbit burger>> 0.203125s
darklumina>> CHAT <Snap> Snapshot taken.>> 0.84375s
darklumina>> CHAT Note: Snapshots will only take pictures of the chat window. If you want to include game boards, use the print screen and paste into Microsoft Paint. This will allow you to save it to a bmp, jpg, or png file. 17:00:19>> 0.21875s
PhatRabbit>> CHAT lol>> 0.1875s
darklumina>> PING>> 0.046875s
PhatRabbit>> PING>> 0.03125s
Arkelsa>> PING>> 0.046875s
squll-typo>> PING>> 0.046875s
darklumina>> TABLEJOIN 1>> 1.125s
darklumina>> TABLECLOSE>> 0.109375s
PhatRabbit>> CHAT D>> 0.21875s
PhatRabbit>> CHAT sorry>> 0.28125s
darklumina>> TABLEJOIN 1>> 2.03125s
darklumina>> CHANGERULE CHINCHIN 10000>> 0.6875s
PhatRabbit>> GAMEREADY>> 0.25s
darklumina>> GAMEREADY>> 0.46875s
PhatRabbit>> CHINCHINROLL>> 0.78125s
darklumina>> CHINCHINROLL>> 2.15625s
PhatRabbit>> CHAT XD>> 0.203125s
darklumina>> CHAT ownage>> 0.234375s
PhatRabbit>> CHAT 1-2>> 0.21875s
darklumina>> WEBSERVICE>> 0.078125s
darklumina>> WEBSERVICE>> 0.03125s
PhatRabbit>> TABLECREATE CHINCHIN>> 0.1875s
darklumina>> CHAT I am 15/17/3>> 0.25s
darklumina>> PING>> 0.03125s
Arkelsa>> PING>> 0.03125s
PhatRabbit>> PING>> 0.046875s
PhatRabbit>> CHANGERULE CHINCHIN 10000>> 0.484375s
squll-typo>> PING>> 0.046875s
darklumina>> CHAT alright say good bye to beta>> 0.25s
>> QUIT 0 1>> 1.1875s
>> VERSION 2.0.7>> 0.109375s
>> VERSION 2.0.7>> 0.03125s
>> VERSION 2.0.7>> 0.046875s
darklumina>> LOADGAME darklumina pantyraid13>> 1.203125s
darklumina>> TABLEQUERY 1>> 0.0625s
darklumina>> EXTRACHECK>> 0.0625s
darklumina>> WEBSERVICE>> 0.03125s
darklumina>> PING>> 0.03125s
darklumina>> TABLECREATE>> 0.734375s
darklumina>> WEBSERVICE>> 0.28125s
darklumina>> CHANGERULE 0 1 1 0 0 0 0 0 1 1 0 0 0 0 0 0 0 0 0 0 0 0 0 0 1 0 0 0 0 0 0 0 0 0 0 0 0 0 0 0@@Triple%20Triad@@ Anime CC FF7 FF9 FFAC FFT FFX KingdomHearts Nintendo Sega Standard Suikoden2 XenoTrigger>> 0.515625s
darklumina>> PING>> 0.03125s
>> VERSION 2.0.7>> 0.046875s
darklumina2>> LOADGAME darklumina2 pantyraid13>> 0.59375s
darklumina2>> TABLEQUERY 1>> 0.046875s
darklumina2>> EXTRACHECK>> 0.03125s
darklumina2>> TABLEJOIN 1>> 1.234375s
darklumina2>> GAMEREADY>> 0.453125s
darklumina>> GAMEREADY>> 1.5s
darklumina>> PING>> 0.03125s
darklumina2>> PING>> 0.03125s
darklumina2>> TT_PLACEAT 6 0>> 0.390625s
darklumina>> TT_PLACEAT 0 1>> 0.21875s
darklumina2>> TT_PLACEAT 8 1>> 0.203125s
darklumina>> TT_PLACEAT 7 3>> 0.515625s
darklumina2>> TT_PLACEAT 3 2>> 0.578125s
darklumina>> PING>> 0.03125s
darklumina2>> PING>> 0.03125s
darklumina>> TT_PLACEAT 4 2>> 0.53125s
darklumina2>> TT_PLACEAT 5 3>> 0.390625s
darklumina>> TT_PLACEAT 1 0>> 0.4375s
darklumina2>> TT_PLACEAT 2 4>> 1.952s
darklumina>> PING>> 0.03125s
darklumina2>> PING>> 0.015625s
darklumina>> PING>> 0.03125s
darklumina2>> PING>> 0.03125s
darklumina>> PING>> 0.03125s
>> VERSION 2.0.6>> 0.1875s
darklumina2>> PING>> 0.015625s
darklumina>> TABLECREATE CHINCHIN>> 0.75s
darklumina2>> TABLEJOIN 1>> 1.171875s
darklumina2>> CHANGERULE CHINCHIN 1>> 1.09375s
darklumina2>> GAMEREADY>> 0.171875s
darklumina>> GAMEREADY>> 0.71875s
darklumina>> PING>> 0.03125s
darklumina2>> PING>> 0.03125s
darklumina2>> CHINCHINROLL>> 2.703125s
darklumina>> TABLECREATE CHINCHIN>> 0.21875s
darklumina2>> TABLEJOIN 1>> 1s
darklumina2>> GAMEREADY>> 0.234375s
darklumina2>> CHANGERULE CHINCHIN 1>> 0.953125s
darklumina2>> GAMEREADY>> 0.1875s
darklumina>> GAMEREADY>> 0.59375s
darklumina>> CHINCHINROLL>> 0.609375s
darklumina>> CHINCHINROLL>> 0.796875s
darklumina2>> CHINCHINROLL>> 0.546875s
darklumina>> PING>> 0.03125s
darklumina2>> PING>> 0.03125s
darklumina2>> CHINCHINROLL>> 0.609375s
darklumina2>> CHINCHINROLL>> 1.828125s
>> QUIT 0 1>> 0.40625s
>> QUIT 0 1>> 0.34375s