
>> VERSION 2.0.8>> 0.046875s
darklumina>> LOADGAME darklumina pantyraid13>> 1.828125s
darklumina>> EXTRACHECK>> 0.09375s
darklumina>> PING>> 0.03125s
darklumina>> PING>> 0.03125s
>> VERSION 2.0.8>> 0.046875s
admin-bot>> LOADGAME admin-bot pantyraid13>> 0.609375s
admin-bot>> QUERYTABLES 1>> 0.03125s
admin-bot>> EXTRACHECK>> 0.03125s
darklumina>> CHAT admin-bot ott tournament rpgpot 1>> 0.1875s
admin-bot>> >> 0sDECRYPTION ERROR: admin-bot>> -134-14-1-132-151-10-1-1360-2-2-30-2-230-2-210-2-1-2-10-1-14-30-2-3-20-2-3-2-125-10-1-116-10-1-14-2-15-3-24-24156161154173121171200620-1720-10200414712117-120-17186201020-102003136138

admin-bot>> Error decrypting string>> 20.71875s
darklumina>> >> 0s
admin-bot>> PING>> 3.796875s
admin-bot>> CHAT Entry Fee: 1 GP>> 2.75s
darklumina>> PING>> 16.75s
admin-bot>> CHAT Tournament Terminated>> 0.9375s
darklumina>> PING>> 4.9375s
admin-bot>> PING>> 0.03125s
darklumina>> CHAT admin-bot ott tournament rpgpot 1>> 0.171875s
admin-bot>> CHAT Entry Fee: 1 GP>> 0.3125s
darklumina>> PING>> 0.03125s
admin-bot>> PING>> 0.03125s
darklumina>> CHAT admin-bot terminate tournament>> 0.171875s
admin-bot>> CHAT Tournament Terminated>> 0.140625s
darklumina>> CHAT admin-bot tournament rpgpot 15>> 0.171875s
darklumina>> CHAT admin-bot ott tournament rpgpot 15>> 0.171875s
admin-bot>> CHAT Entry Fee: 15 GP>> 0.328125s
darklumina>> PING>> 0.03125s
admin-bot>> PING>> 0.03125s
admin-bot>> >> 0s
admin-bot>> CHAT Prize = All Fees - 10% Rake>> 0.515625s
darklumina>> PING>> 0.03125s
admin-bot>> PING>> 0.03125s
darklumina>> PING>> 0.03125s
admin-bot>> PING>> 0.03125s
darklumina>> CHAT admin-bot terminate tournament>> 0.1875s
admin-bot>> CHAT Tournament Terminated>> 0.15625s
darklumina>> CHAT admin-bot ott tournament rpgpot 15>> 0.1875s
admin-bot>> >> 0sDECRYPTION ERROR: admin-bot>> 166109612867661013755475510755875656766114754575456912676681369767661156124-47-64-19-15-14-19-14-19-19-15-16-19-13-17-19-18-19-19-13-19-18-20-20-14-18-20-21-13-18-20-21-20-18-20-20-16-19-16-13-19-18-19-19-13-21-18-20-21-13-19-12-14-18-20-19-20-18-20-21-20-18-20-20-17-19-17-14-19-16-16

admin-bot>> Error decrypting string>> 17.015625s
darklumina>> PING>> 0.03125s
admin-bot>> PING>> 0.03125s
darklumina>> CHAT admin-bot terminate tournament>> 0.1875s
admin-bot>> CHAT Tournament Terminated>> 0.125s
darklumina>> CHAT admin-bot ott tournament rpgpot 30>> 0.203125s
admin-bot>> CHAT Entry Fee: 30 GP>> 0.59375s
darklumina>> PING>> 0.03125s
admin-bot>> PING>> 0.03125s
admin-bot>> >> 0s
admin-bot>> CHAT Prize = All Fees - 10% Rake>> 0.796875s
darklumina>> CHAT admin-bot terminate tournament>> 0.203125s
admin-bot>> CHAT Tournament Terminated>> 0.140625s
darklumina>> CHAT admin-bot ott tournament rpgpot 30>> 0.1875s
darklumina>> PING>> 0.03125s
admin-bot>> CHAT OTT Tournament Started -> PM me in the next 10 minutes to be included! (/msg admin-bot)>> 0.453125s
admin-bot>> PING>> 0.03125s
admin-bot>> CHAT Prize = All Fees - 10% Rake>> 0.296875s
darklumina>> PING>> 0.03125sDECRYPTION ERROR: admin-bot>> -36-43-24-76-2690-77-50-76-280-1113-76-61

admin-bot>> Error decrypting string>> 0.265625s
admin-bot>> PING>> 0.03125s
darklumina>> CHAT admin-bot terminate tournament>> 0.171875sDECRYPTION ERROR: admin-bot>> -85-92-73-125-73-46-40-43-47-60-48-56-47-41-125-73-56-43-48-52-47-60-41-56

admin-bot>> Error decrypting string>> 0.28125s
darklumina>> CHAT admin-bot ott tournament rpgpot 15>> 0.171875sDECRYPTION ERROR: admin-bot>> -26-33-14-66-19-14-14-66-1413191612-11131218-66-1518-1161832-66-53-36-66-18-21-66113-66712-661863-661232218-66-49-50-66117121918317-661813-6603-6671211019232-65-66-58-5111175-66-1211712-5301318

admin-bot>> Error decrypting string>> 0.296875sDECRYPTION ERROR: admin-bot>> -65-72-53-105-68-27-21-23-16-105-67-36-36-79-105-88-84-105-66

admin-bot>> Error decrypting string>> 0.28125sDECRYPTION ERROR: admin-bot>> -86-93-74-126-78-44-53-36-57-126-97-126-93-50-50-126-88-57-57-43-126-113-126-109-110-121-126-76-61-51

admin-bot>> Error decrypting string>> 0.296875sDECRYPTION ERROR: admin-bot>> -34-41-22-74-24112-59-48-74-24-94-653-59

admin-bot>> Error decrypting string>> 0.265625s
darklumina>> PING>> 0.03125s
admin-bot>> PING>> 0.03125s
>> VERSION 2.0.8>> 0.0625s
admin-bot>> LOADGAME admin-bot pantyraid13>> 0.53125s
admin-bot>> QUERYTABLES 1>> 0.046875s
admin-bot>> EXTRACHECK>> 0.03125s
>> VERSION 2.0.8>> 0.03125s
darklumina>> LOADGAME darklumina pantyraid13>> 0.5s
darklumina>> EXTRACHECK>> 0.0625s
admin-bot>> PING>> 0.03125s
darklumina>> PING>> 0.03125s
darklumina>> CHAT admin-bot ott tournament rpgpot 15>> 0.21875sDECRYPTION ERROR: admin-bot>> -26-33-14-66-19-14-14-66-1413191612-11131218-66-1518-1161832-66-53-36-66-18-21-66113-66712-661863-661232218-66-49-50-66117121918317-661813-6603-6671211019232-65-66-58-5111175-66-1211712-5301318

admin-bot>> Error decrypting string>> 0.3125sDECRYPTION ERROR: admin-bot>> -65-72-53-105-68-27-21-23-16-105-67-36-36-79-105-88-84-105-66

admin-bot>> Error decrypting string>> 0.359375sDECRYPTION ERROR: admin-bot>> -86-93-74-126-78-44-53-36-57-126-97-126-93-50-50-126-88-57-57-43-126-113-126-109-110-121-126-76-61-51

admin-bot>> Error decrypting string>> 0.3125sDECRYPTION ERROR: admin-bot>> -34-41-22-74-24112-59-48-74-262-915-58-59

admin-bot>> Error decrypting string>> 0.3125sDECRYPTION ERROR: admin-bot>> -18-25-6-58-33-5819152027261125-5824111971520152013-582120-58261411-58-11-6-6-582621272420719112026-44-58-58-10-13-581911-582621-58131126-5811202611241110
DECRYPTION ERROR: admin-bot>> -65-72-53-105-68-27-21-23-16-105-67-36-36-79-105-88-84-105-66

admin-bot>> Error decrypting string>> 0.625s
admin-bot>> PING>> 0.03125s
darklumina>> >> 0s
darklumina>> PING>> 38.8125s
darklumina>> CHAT tdf>> 0.1875s
admin-bot>> PING>> 0.03125s
darklumina>> PING>> 0.03125s
darklumina>> CHAT admin-bot ott tournament rpgpot 30>> 0.171875sDECRYPTION ERROR: admin-bot>> -101-108-89-141-100-141-76-64-141-76-65-59-72-76-73-52-141-72-63-70-76-70-72-73-141-68-63-141-76-141-57-62-56-59-63-76-64-72-63

admin-bot>> Error decrypting string>> 0.3125sDECRYPTION ERROR: admin-bot>> -18-25-6-58-34-5819152027261125-5824111971520152013-582120-58261411-58-11-6-6-582621272420719112026-44-58-58-10-13-581911-582621-58131126-5811202611241110

admin-bot>> Error decrypting string>> 0.328125sDECRYPTION ERROR: admin-bot>> -65-72-53-105-68-27-21-23-16-105-67-36-36-79-105-88-84-105-66
DECRYPTION ERROR: admin-bot>> -86-93-74-126-78-44-53-36-57-126-97-126-93-50-50-126-88-57-57-43-126-113-126-109-110-121-126-76-61-51

admin-bot>> Error decrypting string>> 0.625s
darklumina>> CHAT admin-bot terminate tournament>> 0.1875sDECRYPTION ERROR: admin-bot>> -85-92-73-125-73-46-40-43-47-60-48-56-47-41-125-73-56-43-48-52-47-60-41-56

admin-bot>> Error decrypting string>> 0.3125s
darklumina>> CHAT admin-bot ott tournament rpgpot 30>> 0.171875s
admin-bot>> CHAT Entry Fee: 30 GP>> 0.28125s
admin-bot>> PING>> 0.03125s
darklumina>> PING>> 0.03125s
admin-bot>> >> 0s
admin-bot>> CHAT Prize = All Fees - 10% Rake>> 0.546875s
darklumina>> CHAT admin-bot ott tournament rpgpot 30>> 0.171875s
admin-bot>> CHAT I am already engaged in a tournament>> 0.1875s
admin-bot>> CHAT Tournament Terminated>> 0.171875s
darklumina>> CHAT admin-bot terminate tournament>> 0.40625s
darklumina>> CHAT admin-bot ott tournament rpgpot 2>> 0.171875s
admin-bot>> >> 0sDECRYPTION ERROR: admin-bot>> 19912119109101110101581198911989101316101110101381011101015910168-38-32489494487410645441045339532105323533747104544102532104119534353235336469473

admin-bot>> Error decrypting string>> 0.359375s
admin-bot>> PING>> 0.03125s
darklumina>> PING>> 0.03125s
darklumina>> PING>> 10.796875s
>> VERSION 2.0.8>> 0.03125s
admin-bot>> LOADGAME admin-bot pantyraid13>> 0.546875s
admin-bot>> QUERYTABLES 1>> 0.03125s
admin-bot>> EXTRACHECK>> 0.03125s
admin-bot>> PING>> 0.03125s
darklumina>> PING>> 0.046875s
admin-bot>> >> 0s
admin-bot>> CHAT Prize = All Fees - 10% Rake>> 0.515625s
darklumina>> CHAT admin-bot ott tournament rpgpot 30>> 0.75s
admin-bot>> CHAT Tournament Terminated>> 0.15625s
darklumina>> CHAT admin-bot terminate tournament>> 0.390625s
admin-bot>> PING>> 0.03125s
darklumina>> PING>> 0.03125s
admin-bot>> PING>> 0.03125s
darklumina>> PING>> 0.03125s
admin-bot>> PING>> 0.03125s
darklumina>> PING>> 0.03125s
darklumina>> CHAT admin-bot ott tournament rpgpot 30>> 0.171875s
admin-bot>> >> 0sDECRYPTION ERROR: admin-bot>> -37-2481213813881211814108988148977139761497679771181114898814697614815139787976797710810138119

admin-bot>> Error decrypting string>> 0.5s
darklumina>> PING>> 0.03125s
admin-bot>> PING>> 0.046875s
darklumina>> CHAT admin-bot terminate tournament>> 0.203125s
admin-bot>> CHAT Tournament Terminated>> 0.140625s
admin-bot>> PING>> 0.03125s
darklumina>> PING>> 0.03125s
darklumina>> CHAT admin-bot ott tournament rpgpot 30>> 0.234375s
admin-bot>> >> 0s
admin-bot>> >> 0sDECRYPTION ERROR: admin-bot>> -30-2859105105598511756551156441064311643464485811565511551210644364336444643125710584

admin-bot>> Error decrypting string>> 0.78125s
admin-bot>> PING>> 0.046875s
darklumina>> PING>> 0.03125sDECRYPTION ERROR: admin-bot>> -85-92-73-125-73-46-40-43-47-60-48-56-47-41-125-73-56-43-48-52-47-60-41-56

admin-bot>> Error decrypting string>> 0.328125s
darklumina>> CHAT admin-bot terminate tournament>> 0.5625s
darklumina>> PING>> 0.03125s
admin-bot>> PING>> 0.03125s
darklumina>> CHAT admin-bot terminate tournament>> 0.171875s
admin-bot>> >> 0s
admin-bot>> CHAT Rules: Player/7>> 0.34375s
darklumina>> CHAT admin-bot ott tournament double>> 0.59375s
admin-bot>> CHAT Tournament Terminated>> 0.15625s
darklumina>> CHAT admin-bot terminate tournament>> 0.40625s
admin-bot>> PING>> 0.03125s
darklumina>> PING>> 0.03125s
admin-bot>> >> 0s
admin-bot>> CHAT Rules: Player/5>> 0.40625s
darklumina>> CHAT admin-bot ott tournament single>> 0.640625s
admin-bot>> CHAT Tournament Terminated>> 0.140625s
darklumina>> CHAT admin-bot terminate tournament>> 0.40625s
admin-bot>> >> 0s
admin-bot>> CHAT Prize = All Fees - 10% Rake>> 0.515625s
darklumina>> CHAT admin-bot ott tournament rpgpot 14>> 0.796875s
admin-bot>> PING>> 0.046875s
darklumina>> PING>> 0.03125s
admin-bot>> >> 0s
admin-bot>> CHAT Prize = All Fees - 10% Rake>> 0.515625s
admin-bot>> PING>> 0.03125s
admin-bot>> CHAT darklumina has joined the tournament! PM me to be entered!>> 0.5625s
darklumina>> PM admin-bot beep>> 0.984375s
darklumina>> PING>> 0.046875s
admin-bot>> >> 0s
admin-bot>> CHAT Prize = All Fees - 10% Rake>> 0.546875s
darklumina>> PING>> 0.03125s
admin-bot>> PING>> 0.03125s
admin-bot>> CHAT 7 minutes remaining on the OTT tournament.  PM me to get entered!>> 0.171875s
admin-bot>> CHAT Entry Fee: 14 GP>> 0.359375s
admin-bot>> CHAT Prize = All Fees - 10% Rake>> 0.1875s
darklumina>> PING>> 0.03125s
admin-bot>> >> 0s
admin-bot>> PING>> 0.40625s
admin-bot>> PING>> 0.046875s
darklumina>> PING>> 0.03125s
darklumina>> CHAT :o>> 0.203125s
admin-bot>> CHAT test>> 0.21875s
admin-bot>> >> 0s
admin-bot>> CHAT Prize = All Fees - 10% Rake>> 0.53125s
admin-bot>> PING>> 0.03125s
darklumina>> PING>> 0.03125s
admin-bot>> >> 0s
admin-bot>> CHAT Prize = All Fees - 10% Rake>> 0.5s
admin-bot>> PING>> 4.515625s
darklumina>> PING>> 3.09375s
admin-bot>> >> 0s
admin-bot>> CHAT Prize = All Fees - 10% Rake>> 9.734375s
admin-bot>> PING>> 4.640625s
darklumina>> PING>> 0.046875s
admin-bot>> >> 0s
admin-bot>> CHAT Prize = All Fees - 10% Rake>> 0.546875s
darklumina>> PING>> 0.03125s
admin-bot>> PING>> 0.046875s
admin-bot>> PM darklumina You%20are%20already%20entered!>> 0.421875s
darklumina>> PM admin-bot toot>> 0.796875s
admin-bot>> PING>> 0.03125s
darklumina>> PING>> 0.03125s
admin-bot>> >> 0s
admin-bot>> CHAT Prize = All Fees - 10% Rake>> 0.53125s
darklumina>> CHAT admin-bot terminate tournament >> 0.15625s
admin-bot>> CHAT Tournament Terminated>> 0.140625s
admin-bot>> >> 0s
admin-bot>> CHAT Prize = All Fees - 10% Rake>> 0.90625s
darklumina>> CHAT admin-bot ott tournament rpgpot 15>> 1.140625s
admin-bot>> PING>> 0.03125s
darklumina>> PING>> 0.03125s
admin-bot>> >> 0s
admin-bot>> CHAT Prize = All Fees - 10% Rake>> 0.6875s
darklumina>> PM admin-bot toot>> 0.25s
admin-bot>> CHAT darklumina has joined the tournament! PM me to be entered! - Entries: 1>> 0.59375s
admin-bot>> PING>> 0.03125s
darklumina>> PING>> 0.03125s
admin-bot>> >> 0s
admin-bot>> CHAT Prize = All Fees - 10% Rake>> 0.6875s