
>> VERSION 2.0.8>> 0.0625s
darklumina>> LOADGAME darklumina pantyraid13>> 1.875s
darklumina>> TABLEQUERY 1>> 0.0625s
darklumina>> EXTRACHECK>> 0.03125s
darklumina>> CHAT test>> 0.1875s
>> VERSION 2.0.8>> 0.046875s
darklumina>> LOADGAME darklumina pantyraid13>> 0.53125s
darklumina>> EXTRACHECK>> 0.15625s
darklumina>> WEBSERVICE>> 0.109375s
darklumina>> WEBSERVICE>> 0.0625s
darklumina>> WEBSERVICE>> 0.140625s
darklumina>> WEBSERVICE>> 0.0625s
darklumina>> CHAT test>> 0.375s
>> VERSION 2.0.8>> 0.0625s
darklumina>> LOADGAME darklumina pantyraid13>> 0.5s
darklumina>> EXTRACHECK>> 0.0625s
darklumina>> CHAT test>> 0.171875s
darklumina>> CHAT 123>> 0.171875s
>> VERSION 2.0.8>> 0.03125s
darkjaxychan>> LOADGAME darkjaxychan ilikemilk>> 0.390625s
darkjaxychan>> TABLEQUERY 1>> 0.046875s
darkjaxychan>> EXTRACHECK>> 0.03125s
>> VERSION 2.0.8>> 0.03125s
fluffykitty>> LOADGAME fluffykitty chocobo>> 0.546875s
fluffykitty>> TABLEQUERY 1>> 0.03125s
fluffykitty>> EXTRACHECK>> 0.03125s
darklumina>> CHAT test>> 0.171875s
darkjaxychan>> CHAT test>> 0.140625s
darklumina>> CHAT benchmark chat test - 1 2 3>> 0.171875s
fluffykitty>> CHAT :o>> 0.125s
darklumina>> CHAT benchmark chat spam test - begin>> 0.171875s
fluffykitty>> CHAT umm>> 0.125s
fluffykitty>> CHAT jaxy got dc>> 0.125s
>> VERSION 2.0.8>> 0.03125s
darklumina>> LOADGAME darklumina pantyraid13>> 0.40625s
darklumina>> EXTRACHECK>> 0.0625s
fluffykitty>> CHAT 123>> 0.140625s
fluffykitty>> CHAT nooo>> 0.125s
fluffykitty>> CHAT dun kick meh x.x>> 0.15625s
>> VERSION 2.0.8>> 0.0625s
darklumina>> LOADGAME darklumina pantyraid13>> 0.4375s
darklumina>> EXTRACHECK>> 0.0625s
darklumina>> PING>> 0.046875s
darklumina>> PING>> 0.03125s
darklumina>> PING>> 0.03125s
darklumina>> PING>> 0.046875s
darklumina>> PING>> 0.03125s
darklumina>> PING>> 0.03125s
>> VERSION 2.0.8>> 0.03125s
Darkjaxychan>> LOADGAME Darkjaxychan ilikemilk>> 0.359375s
Darkjaxychan>> TABLEQUERY 1>> 0.03125s
Darkjaxychan>> EXTRACHECK>> 0.015625s
darklumina>> PING>> 0.03125s
Darkjaxychan>> PING>> 0.015625s
>> VERSION 2.0.8>> 0.046875s
fluffykitty>> LOADGAME fluffykitty chocobo>> 0.34375s
fluffykitty>> TABLEQUERY 1>> 0.03125s
fluffykitty>> EXTRACHECK>> 0.03125s
darklumina>> CHAT fasdjfkjdaskfj;klsjdf;kljdasf;ljdasfkljasdf;kljasdklfj;klasjdfkljasd;klfj;klasjdf;kljdas;klfjasdf;lkasjdklfjaskldfjklasjdflkjasdklfj;klasjdf;kljsdaf;klasjdf;klsjdaf;kljdas;klfjdas;klfjdsf;ljd;kljdas;klfj>> 0.328125s
darklumina>> PING>> 0.03125s
fluffykitty>> PING>> 0.015625s
Darkjaxychan>> PING>> 0.015625s
darklumina>> CHAT fjjjjjjjjjjjjjjjjjsdfs;klfj;kldsjfmncxvm,ncvxmcvzxncnvxzcmnvzxcv,.xnczvxnvzxncxmnczxnvxnc,nvxxnczxncvxmncvxmncvzm,.vczx,nvczx,.nvx,.>> 0.171875s
Darkjaxychan>> CHAT sounds like you>> 0.4375s
fluffykitty>> CHAT adfgggggggggggggggggggggggggggggggggggggggggglllllllllllllllllllllllllllllllllllllll>> 0.140625s
darklumina>> CHAT ioweur[qwioeurwuioweur[qwioujkldsjvcxmncvmxncmvzxcnvzxmnvcnfvklqdfigjqwreij'gioejrioejvioenvioqnerivnrevio'eqnro'viqnerio'vnreno'vinqeirnvoqiernvio'qnreio'vnro'qinrevo'iqnervrioe'qnrvio'enrio'>> 0.1875s
Darkjaxychan>> CHAT spam spam spam >> 0.15625s
darklumina>> CHAT k>> 0.203125s
Darkjaxychan>> CHAT spam spam spam spammmmmmmmmmmmmmmmmmmmmmmmmmmmmmmmmmmmmmmmmmmmm>> 0.171875s
Darkjaxychan>> CHAT kk>> 0.15625s
darklumina>> CHAT just testing some benchmarks with the chat>> 0.234375s
darklumina>> CHAT hoping to shave off processing time>> 0.21875s
darklumina>> PING>> 0.03125s
Darkjaxychan>> PING>> 0.03125s
fluffykitty>> PING>> 0.03125s
Darkjaxychan>> CHAT youre the boss>> 0.375s
darklumina>> PING>> 0.03125s
Darkjaxychan>> PING>> 0.03125s
fluffykitty>> PING>> 0.03125s
darklumina>> CHAT hrm>> 0.34375s
darklumina>> CHAT doh>> 0.171875s
>> VERSION 2.0.8>> 0.046875s
darklumina>> LOADGAME darklumina pantyraid13>> 0.546875s
darklumina>> EXTRACHECK>> 0.0625s
>> VERSION 2.0.8>> 0.046875s
darklumina>> LOADGAME darklumina pantyraid13>> 0.28125s
darklumina>> TABLEQUERY 1>> 0.15625s
darklumina>> EXTRACHECK>> 0.03125s
>> VERSION 2.0.8>> 0.078125s
darklumina>> LOADGAME darklumina pantyraid13>> 0.484375s
darklumina>> EXTRACHECK>> 0.0625s
darklumina>> CHAT ping pong>> 0.15625s
>> VERSION 2.0.8>> 0.046875s
darklumina>> LOADGAME darklumina pantyraid13>> 0.515625s
darklumina>> EXTRACHECK>> 0.0625s
darklumina>> CHAT chat>> 0.1875s
>> VERSION 2.0.8>> 0.046875s
darklumina>> LOADGAME darklumina pantyraid13>> 0.46875s
darklumina>> EXTRACHECK>> 0.0625s
darklumina>> CHAT :O>> 0.1875s
>> VERSION 2.0.8>> 0.0625s
darklumina>> LOADGAME darklumina pantyraid13>> 0.4375s
darklumina>> EXTRACHECK>> 0.0625s
darklumina>> PING>> 0.046875s
darklumina>> PING>> 0.015625s
darklumina>> PING>> 0.046875s
darklumina>> PING>> 0.03125s
darklumina>> PING>> 0.015625s
darklumina>> PING>> 0.03125s
darklumina>> PING>> 0.0625s
darklumina>> PING>> 0.03125s
darklumina>> PING>> 0.03125s
darklumina>> PING>> 0.015625s
darklumina>> >> 0s
darklumina>> AWAY 1>> 0.3125s
darklumina>> PING>> 0.03125s
darklumina>> PING>> 0.03125s
darklumina>> PING>> 0.015625s
darklumina>> PING>> 0.03125s
darklumina>> PING>> 0.03125s
darklumina>> PING>> 0.03125s
darklumina>> PING>> 0.03125s
darklumina>> PING>> 0.03125s
darklumina>> PING>> 0.03125s
darklumina>> PING>> 0.03125s
darklumina>> PING>> 0.03125s
darklumina>> PING>> 0.03125s
>> VERSION 2.0.8>> 0.03125s
darkjaxychan>> LOADGAME darkjaxychan ilikemilk>> 0.265625s
darkjaxychan>> TABLEQUERY 1>> 0.015625s
darkjaxychan>> EXTRACHECK>> 0.03125s
>> VERSION 2.0.8>> 0.03125s
>> LOADGAME fluffykitty chobo>> 0.203125s
darklumina>> PING>> 0.03125s
darkjaxychan>> PING>> 0.03125s
>> VERSION 2.0.8>> 0.03125s
fluffykitty>> LOADGAME fluffykitty chocobo>> 0.375s
fluffykitty>> TABLEQUERY 1>> 0.03125s
fluffykitty>> EXTRACHECK>> 0.03125s
darkjaxychan>> CHAT ()()()()()()>> 0.03125s
darkjaxychan>> CHAT ()()>> 0.15625s
darkjaxychan>> CHAT (*.*)>> 0.609375s
darkjaxychan>> CHAT (x)(x)>> 0.15625s
darklumina>> PING>> 0.03125s
darkjaxychan>> PING>> 0.03125s
fluffykitty>> PING>> 0.03125s
darklumina>> PING>> 0.03125s
darkjaxychan>> PING>> 0.015625s
fluffykitty>> PING>> 0.03125s
darklumina>> >> 0s
darklumina>> AWAY 0>> 0.484375s
darklumina>> CHAT for you>> 0.171875s
darklumina>> CHAT http://www.amazon.com/gp/product/0671713701/002-5642809-8276022?ie=UTF8&seller=A365C2XG0O7B0H&sn=www%5Fthriftbooks%5Fcom>> 0.171875s
darklumina>> PING>> 0.046875s
darkjaxychan>> PING>> 0.03125s
fluffykitty>> PING>> 0.015625s
fluffykitty>> CHAT Quote: I think, that this book will be very helpful in keeping my wife and I happier in our marriage, for the long term relationship!>> 0.1875s
fluffykitty>> CHAT i think i dont need that>> 0.265625s
darklumina>> PING>> 0.015625s
darkjaxychan>> PING>> 0.03125s
fluffykitty>> PING>> 0.03125s
darklumina>> PING>> 0.03125s
darkjaxychan>> PING>> 0.03125s
fluffykitty>> PING>> 0.03125s
darkjaxychan>> CHAT for you>> 0.15625s
darkjaxychan>> CHAT http://www.oriononlineshop.com/epages/softshop.storefront/457899b8007cbf6e271dc0a8017b0705/Product/View/05239760000>> 0.828125s
darklumina>> PING>> 0.03125s
darkjaxychan>> PING>> 0.015625s
fluffykitty>> PING>> 0.03125s
darklumina>> PING>> 0.03125s
darkjaxychan>> PING>> 0.03125s
fluffykitty>> PING>> 0.03125s
darklumina>> CHAT -.->> 0.171875s
darklumina>> PING>> 0.03125s
darkjaxychan>> PING>> 0.03125s
fluffykitty>> PING>> 0.03125s
fluffykitty>> CHAT we should buy one for ultinub>> 0.15625s
darklumina>> PING>> 0.03125s
darkjaxychan>> PING>> 0.03125s
fluffykitty>> PING>> 0.015625s
darklumina>> CHAT apparently>> 0.171875s
darklumina>> PING>> 0.03125s
darkjaxychan>> PING>> 0.03125s
fluffykitty>> PING>> 0.03125s
darklumina>> PING>> 0.03125s
darkjaxychan>> PING>> 0.03125s
fluffykitty>> PING>> 0.03125s
darklumina>> PING>> 0.03125s
darkjaxychan>> PING>> 0.03125s
fluffykitty>> PING>> 0.03125s
fluffykitty>> CHAT -.->> 0.15625s
darklumina>> ADMINLOGIN 41257448>> 0.234375s
darklumina>> WEBSERVICE>> 0.0625s
darklumina>> CHAT do me a favor would ya>> 0.171875s
darklumina>> CHAT its really painful>> 0.1875s
darklumina>> CHAT take fluffy and just constantly log in and out>> 0.171875s
darklumina>> PING>> 0.03125s
darkjaxychan>> PING>> 0.03125s
fluffykitty>> PING>> 0.03125s
darkjaxychan>> CHAT you serious?>> 0.140625s
darklumina>> CHAT yes>> 0.203125s
darklumina>> TABLECREATE  TRADE@@Trade>> 0.1875s
darklumina>> TABLECLOSE>> 0.421875s
>> QUIT 0 1>> 0.84375s
darklumina>> TABLECREATE>> 0.3125s
>> VERSION 2.0.8>> 0.03125s
fluffykitty>> LOADGAME fluffykitty chocobo>> 0.359375s
fluffykitty>> TABLEQUERY 1>> 0.03125s
fluffykitty>> EXTRACHECK>> 0.03125s
darklumina>> PING>> 0.03125s
darkjaxychan>> PING>> 0.03125s
fluffykitty>> PING>> 0.03125s
>> QUIT 0 1>> 0.234375s
>> VERSION 2.0.8>> 0.03125s
>> LOADGAME fluffykitty chcobo>> 0.140625s
darklumina>> PING>> 0.03125s
darkjaxychan>> PING>> 0.015625s
>> VERSION 2.0.8>> 0.015625s
fluffykitty>> LOADGAME fluffykitty chocobo>> 0.328125s
fluffykitty>> TABLEQUERY 1>> 0.03125s
fluffykitty>> EXTRACHECK>> 0.03125s
>> QUIT 0 1>> 6.765625s
>> VERSION 2.0.8>> 0.015625s
fluffykitty>> LOADGAME fluffykitty chocobo>> 0.28125s
fluffykitty>> TABLEQUERY 1>> 0.046875s
fluffykitty>> EXTRACHECK>> 0.03125s
>> QUIT 0 1>> 5.421875s
>> VERSION 2.0.8>> 0.03125s
fluffykitty>> LOADGAME fluffykitty chocobo>> 0.34375s
fluffykitty>> TABLEQUERY 1>> 0.03125s
fluffykitty>> EXTRACHECK>> 0.03125s
>> QUIT 0 1>> 0.203125s
>> VERSION 2.0.8>> 0.046875s
fluffykitty>> LOADGAME fluffykitty chocobo>> 0.328125s
fluffykitty>> TABLEQUERY 1>> 0.03125s
fluffykitty>> EXTRACHECK>> 0.03125s
>> VERSION 2.0.8>> 0.03125s
darklumina>> LOADGAME darklumina pantyraid13>> 0.421875s
darklumina>> EXTRACHECK>> 0.0625s
>> QUIT 0 1>> 1.265625s
>> VERSION 2.0.8>> 0.046875s
darklumina>> LOADGAME darklumina pantyraid13>> 0.4375s
darklumina>> EXTRACHECK>> 0.09375s
darklumina>> ADMINLOGIN 41257448>> 0.328125s
darklumina>> WEBSERVICE>> 0.09375s
>> VERSION 2.0.8>> 0.03125s
fluffykitty>> LOADGAME fluffykitty chocobo>> 0.25s
fluffykitty>> TABLEQUERY 1>> 0.03125s
fluffykitty>> EXTRACHECK>> 0.015625s
>> VERSION 2.0.8>> 0.03125s
>> LOADGAME darkajxychan ilikemilk>> 0.375s
darklumina>> TABLECREATE>> 0.328125s
fluffykitty>> CHAT o.O>> 0.15625s
fluffykitty>> PING>> 0.03125s
>> VERSION 2.0.8>> 0.03125s
darkjaxychan>> LOADGAME darkjaxychan ilikemilk>> 0.328125s
darkjaxychan>> TABLEQUERY 1>> 0.03125s
darkjaxychan>> EXTRACHECK>> 0.03125s
darklumina>> PING>> 0.046875s
darklumina>> WEBSERVICE>> 0.140625s
darklumina>> CHANGERULE 0 1 0 0 0 0 0 0 0 0 0 0 0 0 0 0 0 0 0 0 0 0 0 0 0 0 0 0 0 0 0 0 0 0 0 0 0 0 1 0@@Triple%20Triad@@ Anime CC FF7 FF9 FFAC FFT FFX KingdomHearts Nintendo Sega>> 0.40625s
darklumina>> CHAT ok>> 0.171875s
darklumina>> TABLECLOSE>> 0.09375s
fluffykitty>> CHAT ok what>> 0.15625s
darklumina>> CHAT nothing, just making some corrections>> 0.203125s
darklumina>> TABLECREATE2 OMNITT_RANDOM 5>> 0.3125s
darklumina>> TABLECLOSE>> 0.09375s
darklumina>> PING>> 0.03125s
fluffykitty>> PING>> 0.015625s
darkjaxychan>> PING>> 0.015625s
fluffykitty>> WEBSERVICE>> 0.03125s
darklumina>> CHAT let me give you the new exe and i need you to play some games>> 0.171875s
>> QUIT 1 1>> 0.5625s
>> QUIT 0 1>> 0.359375s
>> QUIT 0 1>> 0.328125s
>> VERSION 2.0.8>> 0.03125s
darklumina>> LOADGAME darklumina pantyraid13>> 0.453125s
darklumina>> EXTRACHECK>> 0.046875s
darklumina>> PING>> 0.03125s
>> VERSION 2.0.8>> 0.03125s
darkjaxychan>> LOADGAME darkjaxychan ilikemilk>> 0.328125s
darkjaxychan>> TABLEQUERY 1>> 0.03125s
darkjaxychan>> EXTRACHECK>> 0.015625s
darklumina>> PING>> 0.03125s
darkjaxychan>> PING>> 0.03125s
darkjaxychan>> WEBSERVICE>> 0.03125s
darkjaxychan>> WEBSERVICE>> 0.046875s
darkjaxychan>> WEBSERVICE>> 0.03125s
darklumina>> PING>> 0.03125s
darkjaxychan>> WEBSERVICE>> 0.03125s
darkjaxychan>> PING>> 0.03125s
darkjaxychan>> WEBSERVICE>> 0.03125s
darklumina>> CHAT Testers: What has changed.. please test trades, sudden death, neutral minus, multiply in favorite rules, silences stop PMs>> 0.625s
darklumina>> PING>> 0.03125s
darkjaxychan>> PING>> 0.03125s
darkjaxychan>> CHAT try silence PMs>> 0.265625s
darkjaxychan>> CHAT -.->> 0.1875s
darkjaxychan>> CHAT you will like that>> 0.15625s
darklumina>> PING>> 0.03125s
darkjaxychan>> PING>> 0.03125s
darklumina>> ADMINLOGIN 41257448>> 0.375s
darklumina>> WEBSERVICE>> 0.0625s
>> VERSION 2.0.8>> 0.03125s
fluffykitty>> LOADGAME fluffykitty chocobo>> 0.359375s
fluffykitty>> TABLEQUERY 1>> 0.03125s
fluffykitty>> EXTRACHECK>> 0.03125s
darklumina>> ADMINSILENCEPLAYER darkjaxychan irbaboon <r0x my ass0x>>> 0.296875s
darkjaxychan>> PM darklumina muahahah%20xD>> 0.484375s
fluffykitty>> CHAT got a pm?>> 0.140625s
darklumina>> PING>> 0.03125s
darkjaxychan>> PING>> 0.046875s
fluffykitty>> PING>> 0.046875s
darkjaxychan>> PM fluffykitty ...>> 0.46875s
darklumina>> CHAT no>> 0.203125s
fluffykitty>> CHAT i guess that works>> 0.25s
darkjaxychan>> TABLECREATE>> 0.171875s
darkjaxychan>> WEBSERVICE>> 0.03125s
darklumina>> PING>> 0.03125s
darkjaxychan>> PING>> 0.03125s
fluffykitty>> PING>> 0.03125s
darkjaxychan>> CHANGERULE 0 1 0 0 0 0 0 0 0 0 0 0 0 0 0 0 0 0 0 1 0 0 0 0 0 0 0 1 0 0 0 0 0 1 0 0 0 0 1 0@@Triple%20Triad@@ Anime CC FF7 FF9 FFAC FFT FFX KingdomHearts Nintendo Sega Standard Suikoden2 XenoTrigger>> 0.109375s
darkjaxychan>> GAMEREADY>> 0.0625s
fluffykitty>> TABLEJOIN 1>> 0.6875s
fluffykitty>> GAMEREADY>> 0.65625s
fluffykitty>> TT_PLACEAT 8 4>> 0.40625s
darkjaxychan>> TT_PLACEAT 7 4>> 0.25s
fluffykitty>> TT_PLACEAT 5 3>> 0.203125s
darkjaxychan>> TT_PLACEAT 6 3>> 0.1875s
fluffykitty>> TT_PLACEAT 4 2>> 0.171875s
darkjaxychan>> TT_PLACEAT 3 2>> 0.1875s
fluffykitty>> TT_PLACEAT 2 1>> 0.3125s
darkjaxychan>> TT_PLACEAT 1 1>> 0.1875s
fluffykitty>> TT_PLACEAT 0 0>> 0.578125s
darkjaxychan>> TT_PLACEAT 5 0>> 0.21875s
fluffykitty>> TT_PLACEAT 2 0>> 0.203125s
darkjaxychan>> TT_PLACEAT 8 1>> 0.25s
fluffykitty>> TT_PLACEAT 4 1>> 0.421875s
darkjaxychan>> TT_PLACEAT 7 2>> 0.1875s
darklumina>> PING>> 0.015625s
fluffykitty>> TT_PLACEAT 1 3>> 0.28125s
fluffykitty>> PING>> 0.03125s
darkjaxychan>> PING>> 0.03125s
darkjaxychan>> TT_PLACEAT 0 3>> 0.4375s
fluffykitty>> TT_PLACEAT 3 2>> 0.1875s
darkjaxychan>> TT_PLACEAT 6 4>> 0.390625s
fluffykitty>> TT_PLACEAT 8 4>> 0.3125s
darkjaxychan>> TT_PLACEAT 7 4>> 0.265625s
fluffykitty>> TT_PLACEAT 5 3>> 0.296875s
darkjaxychan>> TT_PLACEAT 4 3>> 0.25s
fluffykitty>> TT_PLACEAT 2 0>> 0.328125s
darkjaxychan>> TT_PLACEAT 1 0>> 0.4375s
fluffykitty>> TT_PLACEAT 0 2>> 0.25s
darkjaxychan>> TT_PLACEAT 3 1>> 0.203125s
fluffykitty>> TT_PLACEAT 6 1>> 0.3125s
darklumina>> PING>> 0.03125s
fluffykitty>> PING>> 0.046875s
darkjaxychan>> PING>> 0.03125s
darkjaxychan>> TT_STALEMATE>> 0.0625s
fluffykitty>> TT_STALEMATE>> 0.59375s
fluffykitty>> CHAT sd works fine>> 0.1875s
fluffykitty>> CHAT i have to test trade with you though >_<>> 0.140625s
darkjaxychan>> TABLECREATE  TRADE@@Trade>> 0.171875s
darklumina>> PING>> 0.03125s
darkjaxychan>> PING>> 0.03125s
fluffykitty>> PING>> 0.03125s
darklumina>> CHAT carmi was suppose to be on>> 0.1875s
darklumina>> TABLEJOIN 1>> 0.734375s
darklumina>> WEBSERVICE>> 0.234375s
darkjaxychan>> WEBSERVICE>> 0.015625s
darkjaxychan>> WEBSERVICE>> 0.015625s
darkjaxychan>> TRADESEND Chrono%20Cross>> 0.1875s
darkjaxychan>> TRADESEND Dragon%20God>> 0.140625s
darkjaxychan>> TRADESEND Dragon%20God>> 0.1875s
darkjaxychan>> TRADESEND Dragon%20God>> 0.140625s
darkjaxychan>> TRADESEND Steena>> 0.140625s
darkjaxychan>> TRADEGPADD 1000>> 0.328125s
darkjaxychan>> TRADEFINISHED 1>> 0.28125s
darkjaxychan>> CHAT girls xD>> 0.21875s
darklumina>> >> 0s
darkjaxychan>> PING>> 0.015625s
fluffykitty>> PING>> 0.03125s
darklumina>> PING>> 0.84375s
darklumina>> TRADEFINISHED 1>> 1.640625s
darkjaxychan>> WEBSERVICE>> 0.03125s
darklumina>> WEBSERVICE>> 0.03125s
darklumina>> PING>> 0.03125s
darkjaxychan>> PING>> 0.03125s
fluffykitty>> PING>> 0.03125s
darkjaxychan>> CHAT trade works too>> 0.21875s
darklumina>> CHAT 3 dragon gods>> 0.1875s
darkjaxychan>> CHAT yaeh>> 0.203125s
darkjaxychan>> CHAT neutral and multiply left>> 0.171875s
fluffykitty>> TABLECREATE>> 0.234375s
fluffykitty>> WEBSERVICE>> 0.03125s
fluffykitty>> CHANGERULE 0 1 0 0 0 0 0 0 0 0 0 0 0 0 0 0 0 0 0 0 1 0 0 0 0 0 0 0 0 0 0 0 0 0 0 0 0 0 1 0@@Triple%20Triad@@ Anime CC FF7 FF9 FFAC FFT FFX KingdomHearts Nintendo Sega Standard Suikoden2 XenoTrigger>> 0.265625s
>> VERSION 2.0.8>> 0.03125s
fluffykitty>> GAMEREADY>> 0.046875s
animefaerie2>> LOADGAME animefaerie2 130347>> 0.65625s
animefaerie2>> TABLEQUERY 1>> 0.03125s
animefaerie2>> EXTRACHECK>> 0.03125s
darklumina>> PING>> 0.03125s
fluffykitty>> PING>> 0.03125s
darkjaxychan>> PING>> 0.03125s
animefaerie2>> PING>> 0.03125s
darkjaxychan>> TABLEJOIN 1>> 0.84375s
darklumina>> CHAT :O>> 0.203125s
darkjaxychan>> GAMEREADY>> 0.859375s
animefaerie2>> CHAT >>>> 0.21875s
animefaerie2>> CHAT im an idiot>> 0.171875s
animefaerie2>> CHAT at least i admit it>> 0.1875s
darkjaxychan>> TT_PLACEAT 8 0>> 0.265625s
fluffykitty>> TT_PLACEAT 5 4>> 0.265625s
animefaerie2>> CHAT whatcha need me to test?>> 0.15625s
darklumina>> PING>> 0.03125s
darkjaxychan>> TT_PLACEAT 4 3>> 0.421875s
animefaerie2>> PING>> 0.046875s
fluffykitty>> PING>> 0.03125s
darkjaxychan>> PING>> 0.03125s
fluffykitty>> TT_PLACEAT 2 1>> 0.59375s
darkjaxychan>> TT_PLACEAT 1 1>> 0.796875s
darkjaxychan>> CHAT neutral minus works now too>> 0.171875s
fluffykitty>> TT_PLACEAT 7 3>> 0.359375s
darklumina>> PING>> 0.03125s
animefaerie2>> PING>> 0.03125s
fluffykitty>> PING>> 0.03125s
darkjaxychan>> PING>> 0.015625s
darkjaxychan>> CHAT Testers: What has changed.. please test trades, sudden death, neutral minus, multiply in favorite rules, silences stop PMs>> 0.1875s
darkjaxychan>> TT_PLACEAT 6 2>> 0.296875s
fluffykitty>> TT_PLACEAT 3 2>> 0.28125s
darkjaxychan>> TT_PLACEAT 0 4>> 1.953125s
animefaerie2>> ADMINLOGIN 43589012>> 0.15625s
darkjaxychan>> TABLECREATE>> 0.171875s
darkjaxychan>> WEBSERVICE>> 0.046875s
darklumina>> PING>> 0.046875s
animefaerie2>> PING>> 0.03125s
darkjaxychan>> PING>> 0.03125s
fluffykitty>> PING>> 0.03125s
animefaerie2>> CHAT lol cant silence here lumi>> 0.1875s
darkjaxychan>> CHANGERULE 0 1 0 0 0 0 0 0 1 1 0 0 0 0 0 1 0 1 1 0 1 0 0 0 1 0 0 0 0 0 0 0 0 0 0 0 1 0 1 1@@Triple%20Triad@@ Anime CC FF7 FF9 FFAC FFT FFX KingdomHearts Nintendo Sega Standard Suikoden2 XenoTrigger>> 0.125s
darkjaxychan>> CHANGERULE 0 1 0 0 0 0 0 0 1 1 0 0 0 0 0 1 0 1 1 0 1 0 0 0 1 0 0 0 0 0 0 0 0 0 0 0 1 0 1 1@@Triple%20Triad@@ Anime CC FF7 FF9 FFAC FFT FFX KingdomHearts Nintendo Sega Standard Suikoden2 XenoTrigger>> 0.125s
animefaerie2>> CHAT im not an admin yet>> 0.171875s
animefaerie2>> TABLEJOIN 1>> 0.71875s
darkjaxychan>> GAMEREADY>> 0.0625s
animefaerie2>> GAMEREADY>> 0.578125s
animefaerie2>> TT_PLACEAT 6 4>> 0.234375s
darkjaxychan>> TT_PLACEAT 7 3>> 0.453125s
darklumina>> PING>> 0.046875s
animefaerie2>> PING>> 0.03125s
darkjaxychan>> PING>> 0.03125s
fluffykitty>> PING>> 0.03125s
animefaerie2>> TT_PLACEAT 8 2>> 0.625s
darkjaxychan>> TT_PLACEAT 3 4>> 0.28125s
fluffykitty>> TABLECREATE>> 0.203125s
fluffykitty>> WEBSERVICE>> 0.03125s
animefaerie2>> TT_PLACEAT 0 1>> 0.640625s
darklumina>> PING>> 0.046875s
animefaerie2>> PING>> 0.03125s
darkjaxychan>> PING>> 0.03125s
fluffykitty>> PING>> 0.03125s
darkjaxychan>> TT_PLACEAT 5 0>> 0.40625s
fluffykitty>> TABLECLOSE>> 0.078125s
fluffykitty>> TABLECREATE>> 0.140625s
darklumina>> PING>> 0.03125s
animefaerie2>> PING>> 0.0625s
darkjaxychan>> PING>> 0.046875s
fluffykitty>> WEBSERVICE>> 0.03125s
fluffykitty>> PING>> 0.03125s
fluffykitty>> TABLECLOSE>> 0.078125s
darklumina>> PING>> 0.03125s
animefaerie2>> TT_PLACEAT 1 0>> 0.46875s
animefaerie2>> PING>> 0.03125s
fluffykitty>> PING>> 0.03125s
darkjaxychan>> PING>> 0.03125s
darklumina>> CHAT continue here to talk and stuff>> 0.1875s
darkjaxychan>> TT_PLACEAT 4 1>> 1.015625s
animefaerie2>> CHAT kk>> 0.265625s
animefaerie2>> TT_PLACEAT 2 3>> 3.84375s
darkjaxychan>> CHAT i just spam>> 0.21875s
darklumina>> CHAT try OTT stalemate>> 0.1875s
animefaerie2>> TABLECREATE2 OMNITT_RANDOM 5>> 0.1875s
darklumina>> PING>> 0.03125s
animefaerie2>> PING>> 0.046875s
darkjaxychan>> PING>> 0.03125s
fluffykitty>> PING>> 0.03125s
animefaerie2>> CHAT yes sir>> 0.515625s
darkjaxychan>> TABLEJOIN 1>> 0.6875s
animefaerie2>> CHAT my gp>> 0.171875s
darkjaxychan>> CHAT aye aye barney>> 0.171875s
animefaerie2>> CHAT i miss you>> 0.171875s
darkjaxychan>> GAMEREADY>> 0.0625s
animefaerie2>> GAMEREADY>> 0.671875s
darkjaxychan>> OTTSTALEMATE>> 0.0625s
animefaerie2>> OTTSTALEMATE>> 0.625s
darkjaxychan>> CHAT i did>> 0.203125s
darklumina>> PING>> 0.03125s
animefaerie2>> PING>> 0.03125s
darkjaxychan>> PING>> 0.046875s
fluffykitty>> PING>> 0.03125s
darkjaxychan>> CHAT guess it works>> 0.171875s
animefaerie2>> CHAT yup>> 0.203125s
animefaerie2>> TABLECREATE  TRADE@@Trade>> 0.15625s
darkjaxychan>> CHAT * Alle Rechte an Warenzeichen, Eigentums- und Urheberrechte an und im Zusammenhang mit dem SOFTWAREPRODUKT, den begleitenden Printmedien sowie allen Kopien des SOFTWAREPRODUKTS liegen bei InterVideo oder seinen Tochtergesellschaften. Das SOFTWAREPRODUKT ist durch Urheber- und Warenzeichenrecht sowie internationale Abkommen geschützt. Für die Aufbewahrung des SOFTWAREPRODUKTS gelten die für urheberrechtlich geschützte Materialien üblichen Bestimmungen, und Sie dürfen keine das SOFTWAREPRODUKT begleitenden Printmedien kopieren.>> 0.1875s
animefaerie2>> CHAT o.o>> 0.15625s
darkjaxychan>> CHAT to lazy to type something>> 0.171875s
animefaerie2>> CHAT bum>> 0.171875s
darklumina>> PING>> 0.046875s
darkjaxychan>> >> 0s
animefaerie2>> PING>> 0.03125s
darkjaxychan>> PING>> 0.78125s
fluffykitty>> PING>> 0.03125s
animefaerie2>> WEBSERVICE>> 0.03125s
darkjaxychan>> WEBSERVICE>> 0.03125s
darkjaxychan>> WEBSERVICE>> 0.03125s
darkjaxychan>> WEBSERVICE>> 0.03125s
animefaerie2>> WEBSERVICE>> 0.03125s
darkjaxychan>> TRADEFINISHED 1>> 0.390625s
darkjaxychan>> TRADEFINISHED 0>> 0.140625s
darkjaxychan>> TRADESEND Cait%20Sith>> 0.125s
darkjaxychan>> TRADESEND Rufus>> 0.140625s
darkjaxychan>> TRADESEND Yuffie>> 0.125s
darkjaxychan>> TRADESEND Wedge>> 0.140625s
darkjaxychan>> TRADESEND Summon%20Titan>> 0.140625s
animefaerie2>> TRADESEND Defender>> 0.1875s
darkjaxychan>> TRADEGPADD 10000>> 0.21875s
darkjaxychan>> TRADEFINISHED 1>> 0.125s
animefaerie2>> TRADEGPADD 500>> 0.234375s
animefaerie2>> TRADESEND Young%20Wakka>> 0.15625s
darklumina>> PING>> 0.046875s
animefaerie2>> PING>> 0.03125s
darkjaxychan>> PING>> 0.046875s
fluffykitty>> PING>> 0.03125s
animefaerie2>> TRADEFINISHED 1>> 1.328125s
animefaerie2>> CHAT yay for gp>> 0.203125s
fluffykitty>> CHAT /me is away.  Reason: Idle>> 0.15625s
fluffykitty>> AWAY 1>> 0.046875s
darkjaxychan>> CHAT still 795k >_<>> 0.1875s
animefaerie2>> CHAT /me pets the gp and her kh deck>> 1.0625s
fluffykitty>> CHAT spam time>> 0.15625s
fluffykitty>> AWAY 0>> 0.203125s
fluffykitty>> CHAT * Alle Rechte an Warenzeichen, Eigentums- und Urheberrechte an und im Zusammenhang mit dem SOFTWAREPRODUKT, den begleitenden Printmedien sowie allen Kopien des SOFTWAREPRODUKTS liegen bei InterVideo oder seinen Tochtergesellschaften. Das SOFTWAREPRODUKT ist durch Urheber- und Warenzeichenrecht sowie internationale Abkommen geschützt. Für die Aufbewahrung des SOFTWAREPRODUKTS gelten die für urheberrechtlich geschützte Materialien üblichen Bestimmungen, und Sie dürfen keine das SOFTWAREPRODUKT begleitenden Printmedien kopieren.>> 0.21875s
fluffykitty>> CHAT * Alle Rechte an Warenzeichen, Eigentums- und Urheberrechte an und im Zusammenhang mit dem SOFTWAREPRODUKT, den begleitenden Printmedien sowie allen Kopien des SOFTWAREPRODUKTS liegen bei InterVideo oder seinen Tochtergesellschaften. Das SOFTWAREPRODUKT ist durch Urheber- und Warenzeichenrecht sowie internationale Abkommen geschützt. Für die Aufbewahrung des SOFTWAREPRODUKTS gelten die für urheberrechtlich geschützte Materialien üblichen Bestimmungen, und Sie dürfen keine das SOFTWAREPRODUKT begleitenden Printmedien kopieren.>> 0.1875s
darklumina>> PING>> 0.03125s
animefaerie2>> PING>> 0.03125s
darkjaxychan>> PING>> 0.0625s
fluffykitty>> PING>> 0.03125s
darkjaxychan>> CHAT wohoo>> 0.1875s
animefaerie2>> CHAT whose fluffy?>> 0.171875s
darkjaxychan>> CHAT umm >> 0.171875s
animefaerie2>> CHAT Lumi can i have one or the other?>> 0.15625s
animefaerie2>> CHAT /me pets her KH deck>> 0.171875s
darkjaxychan>> CHAT ()()>> 0.171875s
animefaerie2>> CHAT i misses them>> 0.421875s
darkjaxychan>> CHAT (*:*)>> 0.1875s
animefaerie2>> CHAT haha>> 0.15625s
darkjaxychan>> CHAT (o)(o)>> 0.15625s
animefaerie2>> CHAT pwnt!>> 0.1875s
darkjaxychan>> CHAT aww>> 0.15625s
darklumina>> PING>> 0.046875s
animefaerie2>> PING>> 0.046875s
darkjaxychan>> PING>> 0.046875s
fluffykitty>> PING>> 0.046875s
animefaerie2>> CHAT dead bunny!>> 0.203125s
darkjaxychan>> CHAT is a good bunny>> 0.15625s
darklumina>> CHAT -.->> 0.21875s
animefaerie2>> CHAT ()()>> 0.171875s
darklumina>> PING>> 0.03125s
darkjaxychan>> PING>> 0.03125s
fluffykitty>> PING>> 0.03125s
animefaerie2>> >> 0s
animefaerie2>> PING>> 0.75s
darkjaxychan>> CHAT g>> 0.203125s
darkjaxychan>> CHAT >--->>> 0.15625s
darkjaxychan>> CHAT hehe>> 0.171875s
animefaerie2>> CHAT (o)(o)>> 0.1875s
darkjaxychan>> CHAT no boobies!>> 0.1875s
animefaerie2>> CHAT psh>> 0.1875s
darkjaxychan>> CHAT ( . V . )>> 0.03125s
animefaerie2>> CHAT <3 Lumi!>> 0.171875s
darklumina>> PING>> 0.046875s
animefaerie2>> PING>> 0.046875s
darkjaxychan>> PING>> 0.046875s
fluffykitty>> PING>> 0.03125s
animefaerie2>> TABLECREATE>> 0.1875s
animefaerie2>> TABLECLOSE>> 0.0625s
darklumina>> CHAT ?>> 0.21875s
darklumina>> PING>> 0.03125s
animefaerie2>> PING>> 0.03125s
darkjaxychan>> PING>> 0.03125s
fluffykitty>> PING>> 0.03125s
animefaerie2>> TABLECREATE>> 0.140625s
animefaerie2>> WEBSERVICE>> 0.03125s
>> VERSION 2.0.7>> 0.03125s
animefaerie2>> CHANGERULE 0 0 0 0 1 0 0 0 1 1 0 0 0 0 0 0 0 1 0 1 1 0 1 0 1 0 0 0 0 0 0 0 0 0 1 0 1 0 0 0@@Triple%20Triad@@ KingdomHearts>> 0.09375s
animefaerie2>> CHAT Light up Light up as if you have a choice>> 0.15625s
darklumina>> PING>> 0.03125s
animefaerie2>> PING>> 0.03125s
darkjaxychan>> PING>> 0.03125s
fluffykitty>> PING>> 0.03125s
animefaerie2>> WEBSERVICE>> 0.03125s
animefaerie2>> WEBSERVICE>> 0.03125s
animefaerie2>> CHAT >>>> 0.15625s
darklumina>> PING>> 0.03125s
darkjaxychan>> TABLEJOIN 1>> 0.9375s
animefaerie2>> CHAT yoohoo!>> 0.265625s
animefaerie2>> PING>> 0.03125s
darkjaxychan>> GAMEREADY>> 0.078125s
fluffykitty>> PING>> 0.03125s
darkjaxychan>> PING>> 0.046875s
animefaerie2>> CHAT table nao!>> 0.1875s
fluffykitty>> CHAT * Alle Rechte an Warenzeichen, Eigentums- und Urheberrechte an und im Zusammenhang mit dem SOFTWAREPRODUKT, den begleitenden Printmedien sowie allen Kopien des SOFTWAREPRODUKTS liegen bei InterVideo oder seinen Tochtergesellschaften. Das SOFTWAREPRODUKT ist durch Urheber- und Warenzeichenrecht sowie internationale Abkommen geschützt. Für die Aufbewahrung des SOFTWAREPRODUKTS gelten die für urheberrechtlich geschützte Materialien üblichen Bestimmungen, und Sie dürfen keine das SOFTWAREPRODUKT begleitenden Printmedien kopieren.>> 0.171875s
fluffykitty>> CHAT * Alle Rechte an Warenzeichen, Eigentums- und Urheberrechte an und im Zusammenhang mit dem SOFTWAREPRODUKT, den begleitenden Printmedien sowie allen Kopien des SOFTWAREPRODUKTS liegen bei InterVideo oder seinen Tochtergesellschaften. Das SOFTWAREPRODUKT ist durch Urheber- und Warenzeichenrecht sowie internationale Abkommen geschützt. Für die Aufbewahrung des SOFTWAREPRODUKTS gelten die für urheberrechtlich geschützte Materialien üblichen Bestimmungen, und Sie dürfen keine das SOFTWAREPRODUKT begleitenden Printmedien kopieren.>> 0.171875s
fluffykitty>> CHAT * Alle Rechte an Warenzeichen, Eigentums- und Urheberrechte an und im Zusammenhang mit dem SOFTWAREPRODUKT, den begleitenden Printmedien sowie allen Kopien des SOFTWAREPRODUKTS liegen bei InterVideo oder seinen Tochtergesellschaften. Das SOFTWAREPRODUKT ist durch Urheber- und Warenzeichenrecht sowie internationale Abkommen geschützt. Für die Aufbewahrung des SOFTWAREPRODUKTS gelten die für urheberrechtlich geschützte Materialien üblichen Bestimmungen, und Sie dürfen keine das SOFTWAREPRODUKT begleitenden Printmedien kopieren.>> 0.171875s
fluffykitty>> CHAT spam!!>> 0.1875s
animefaerie2>> GAMEREADY>> 0.40625s
darkjaxychan>> WEBSERVICE>> 0.03125s
animefaerie2>> WEBSERVICE>> 0.03125s
darkjaxychan>> TT_MYCARD Defender Vexen Kala Pain Young%20Wakka>> 0.1875s
darkjaxychan>> CHAT o.O>> 0.1875s
darkjaxychan>> CHAT i did not>> 0.1875s
animefaerie2>> TABLECREATE>> 0.1875s
animefaerie2>> WEBSERVICE>> 0.015625s
darklumina>> PING>> 0.03125s
animefaerie2>> PING>> 0.03125s
fluffykitty>> PING>> 0.03125s
darkjaxychan>> PING>> 0.03125s
darkjaxychan>> TABLEJOIN 1>> 0.765625s
darkjaxychan>> CHALLENGECHATS same rules again pls>> 0.078125s
animefaerie2>> CHANGERULE 0 1 1 0 0 0 0 0 1 1 0 0 0 0 0 0 0 1 0 1 1 0 1 0 1 0 0 0 0 0 0 0 0 0 1 0 1 0 0 0@@Triple%20Triad@@ KingdomHearts>> 0.171875s
darkjaxychan>> GAMEREADY>> 0.0625s
animefaerie2>> GAMEREADY>> 0.609375s
animefaerie2>> TT_PLACEAT 8 0>> 0.1875s
animefaerie2>> CHAT lies and such>> 0.1875s
darklumina>> PING>> 0.03125s
animefaerie2>> PING>> 0.03125s
fluffykitty>> PING>> 0.015625s
darkjaxychan>> PING>> 0.03125s
darkjaxychan>> TT_PLACEAT 4 0>> 0.234375s
animefaerie2>> CHAT what is with the spam>> 0.671875s
darkjaxychan>> CHAT lumi said we should talk alot>> 0.171875s
animefaerie2>> TT_PLACEAT 1 1>> 0.296875s
animefaerie2>> CHAT lol>> 0.171875s
darkjaxychan>> TT_PLACEAT 7 2>> 0.828125s
darklumina>> PING>> 0.03125s
animefaerie2>> PING>> 0.03125s
darkjaxychan>> PING>> 0.015625s
fluffykitty>> PING>> 0.03125s
fluffykitty>> CHAT so i just spam>> 0.203125s
fluffykitty>> CHAT xD>> 0.21875s
animefaerie2>> TT_PLACEAT 0 2>> 0.6875s
darkjaxychan>> TT_PLACEAT 2 1>> 0.328125s
animefaerie2>> CHAT lalalaaaaaaaaaaaaaaaaaaa>> 0.578125s
animefaerie2>> TT_PLACEAT 5 3>> 0.96875s
darkjaxychan>> TT_PLACEAT 3 3>> 0.453125s
darklumina>> PING>> 0.03125s
animefaerie2>> TT_PLACEAT 6 4>> 3.171875s
animefaerie2>> PING>> 0.03125s
darkjaxychan>> PING>> 0.03125s
fluffykitty>> PING>> 0.03125s
darkjaxychan>> CHAT could swear mirror was on>> 0.15625s
animefaerie2>> CHAT lol>> 0.15625s