
>> VERSION 2.0.7>> 0.03125s
darklumina>> LOADGAME darklumina pantyraid13>> 1.71875s
darklumina>> EXTRACHECK>> 0.09375s
darklumina>> WEBSERVICE>> 0.03125s
darklumina>> PING>> 0.03125s
darklumina>> ADMINLOGIN 41257448>> 0.40625s
darklumina>> WEBSERVICE>> 0.0625s
darklumina>> PING>> 0.03125s
darklumina>> PING>> 0.03125s
>> VERSION 2.0.7>> 0.03125s
>> NEWUSER darklumina3 gamewar@yahoo.com dsfsf Falkland%20Islands 1 1 1>> 0.1875s
darklumina>> PING>> 0.03125s
>> VERSION 2.0.7>> 0.03125s
>> NEWUSER darklumina3 aol3412@aol.com sdfklsj Falkland%20Islands 1 1 1>> 1.125s
>> QUIT 4 1>> 0.5625s
>> VERSION 2.0.7>> 0.03125s
>> NEWUSER darklumina4 aol123@aol.com dsfklds Falkland%20Islands 1 1 1>> 0.09375s
>> VERSION 2.0.7>> 0.03125s
>> NEWUSER darklumina45 aol123@aol.com dsfklds Falkland%20Islands 1 1 1>> 0.53125s
>> VERSION 2.0.7>> 0.03125s
>> NEWUSER darklumina6 darklumina@aol.com dsfls Falkland%20Islands 1 1 1>> 0.515625s
>> VERSION 2.0.7>> 0.03125s
darklumina>> LOADGAME darklumina pantyraid13>> 0.359375s
darklumina>> TABLEQUERY 1>> 0.0625s
darklumina>> EXTRACHECK>> 0.03125s
>> QUIT 0 1>> 0.640625s
>> VERSION 2.0.7>> 0.0625s
darklumina>> LOADGAME darklumina pantyraid13>> 0.4375s
darklumina>> EXTRACHECK>> 0.0625s
darklumina>> WEBSERVICE>> 0.078125s
>> QUIT 0 1>> 0.46875s