
>> VERSION 2.0.8>> 0.078125s
darklumina>> LOADGAME darklumina pantyraid13>> 1.75s
darklumina>> EXTRACHECK>> 0.078125s
>> VERSION 2.0.8>> 0.03125s
darkjaxychan>> LOADGAME darkjaxychan ilikemilk>> 0.359375s
darkjaxychan>> TABLEQUERY 1>> 0.03125s
darkjaxychan>> EXTRACHECK>> 0.03125s
darkjaxychan>> TABLECREATE>> 0.1875s
darklumina>> TABLEJOIN 1>> 1.234375s
darkjaxychan>> WEBSERVICE>> 0.03125s
darkjaxychan>> CHANGERULE 0 0 0 0 0 0 0 0 1 1 0 0 0 0 0 1 0 1 1 0 1 0 0 0 1 0 0 0 0 0 0 0 0 0 0 0 0 0 0 1@@Triple%20Triad@@ KingdomHearts>> 0.21875s
darkjaxychan>> GAMEREADY>> 0.0625s
darkjaxychan>> PING>> 0.046875s
darklumina>> PING>> 0.03125s
darklumina>> GAMEREADY>> 1.046875s
darkjaxychan>> WEBSERVICE>> 0.03125s
darklumina>> WEBSERVICE>> 0.03125s
>> VERSION 2.0.8>> 0.046875s
darklumina>> LOADGAME darklumina pantyraid13>> 0.453125s
darklumina>> EXTRACHECK>> 0.0625s
darklumina>> PING>> 0.046875s
>> VERSION 2.0.8>> 0.03125s
DarkJaxychan>> LOADGAME DarkJaxychan ilikemilk>> 0.265625s
DarkJaxychan>> TABLEQUERY 1>> 0.015625s
DarkJaxychan>> EXTRACHECK>> 0.015625s
DarkJaxychan>> TABLECREATE>> 0.359375s
DarkJaxychan>> WEBSERVICE>> 0.015625s
darklumina>> PING>> 0.03125s
DarkJaxychan>> CHANGERULE 0 0 0 0 0 0 0 0 1 1 0 0 0 0 0 1 0 1 1 0 1 0 0 0 1 0 0 0 0 0 0 0 0 0 0 0 0 0 0 1@@Triple%20Triad@@ KingdomHearts>> 0.5625s
DarkJaxychan>> PING>> 0.046875s
DarkJaxychan>> GAMEREADY>> 0.0625s
darklumina>> PING>> 0.03125s
DarkJaxychan>> PING>> 0.03125s
darklumina>> TABLEJOIN 1>> 1.046875s
darklumina>> GAMEREADY>> 1.46875s
darklumina>> WEBSERVICE>> 0.046875s
DarkJaxychan>> WEBSERVICE>> 0.015625s
darklumina>> TT_MYCARD Jack%20Skellington Search%20Ghost Stitch Pumbaa Larxene>> 0.671875s
DarkJaxychan>> TT_MYCARD Defender Kala Pain Vexen Young%20Wakka>> 0.375s
DarkJaxychan>> TT_PLACEAT 6 4>> 0.3125s
DarkJaxychan>> GAMECHAT ~@*~*k>> 0.046875s
darklumina>> TT_PLACEAT 7 4>> 0.296875s
DarkJaxychan>> TT_PLACEAT 8 3>> 0.359375s
darklumina>> PING>> 0.03125s
DarkJaxychan>> PING>> 0.03125s
darklumina>> TT_PLACEAT 5 1>> 0.5s
DarkJaxychan>> TT_PLACEAT 0 2>> 0.1875s
darklumina>> TT_PLACEAT 3 2>> 0.5625s
DarkJaxychan>> TT_PLACEAT 2 1>> 0.5625s
darklumina>> TT_PLACEAT 4 0>> 0.359375s
DarkJaxychan>> TT_PLACEAT 1 0>> 3.734375s
darklumina>> TT_TAKECARD 801343 Young%20Wakka    >> 0.4375s
darklumina>> CHAT ill do an update later>> 0.1875s
DarkJaxychan>> CHAT alrite>> 0.140625s
darklumina>> PING>> 0.015625s
>> QUIT 0 1>> 0.953125s
DarkJaxychan>> PING>> 0.03125s
>> QUIT 0 1>> 0.21875s
>> VERSION 2.0.8>> 0.046875s
Andrew>> LOADGAME Andrew drexler22>> 0.765625s
Andrew>> TABLEQUERY 1>> 0.03125s
Andrew>> EXTRACHECK>> 0.046875s
>> VERSION 2.0.8>> 0.046875s
darklumina>> LOADGAME darklumina pantyraid13>> 0.578125s
darklumina>> EXTRACHECK>> 0.109375s
darklumina>> CHAT open up card viewer please>> 0.203125s
Andrew>> WEBSERVICE>> 0.03125s
darklumina>> CHAT jus tby pass the msgbox>> 0.171875s
Andrew>> WEBSERVICE>> 0.046875s
Andrew>> WEBSERVICE>> 0.03125s
Andrew>> CHAT nada>> 0.359375s
darklumina>> WEBSERVICE>> 0.078125s
darklumina>> PING>> 0.046875s
Andrew>> PING>> 0.03125s
Andrew>> CHAT same thing>> 0.1875s
darklumina>> PING>> 0.03125s
Andrew>> PING>> 0.03125s
Andrew>> WEBSERVICE>> 0.046875s
darklumina>> WEBSERVICE>> 0.0625s
darklumina>> PING>> 0.03125s
>> VERSION 2.0.8>> 0.046875s
>> LOADGAME Andrew drexler22>> 0.15625s
darklumina>> PING>> 0.03125s
darklumina>> PING>> 0.484375s
darklumina>> WEBSERVICE>> 0.09375s
>> QUIT 0 1>> 1.5625s
>> VERSION 2.0.8>> 0.03125s
Andrew>> LOADGAME Andrew drexler22>> 0.453125s
Andrew>> TABLEQUERY 1>> 0.03125s
Andrew>> EXTRACHECK>> 0.046875s
Andrew>> WEBSERVICE>> 0.03125s
Andrew>> PING>> 0.03125s
Andrew>> PING>> 0.03125s
Andrew>> WEBSERVICE>> 0.046875s
Andrew>> WEBSERVICE>> 0.109375s
Andrew>> PING>> 0.03125s
Andrew>> PING>> 0.03125s
Andrew>> PING>> 0.28125s
>> VERSION 2.0.8>> 0.03125s
darklumina>> LOADGAME darklumina pantyraid13>> 0.4375s
darklumina>> EXTRACHECK>> 0.0625s
Andrew>> PING>> 0.03125s
Andrew>> PING>> 0.0625s
Andrew>> PING>> 0.03125s
darklumina>> WEBSERVICE>> 0.078125s
darklumina>> PING>> 0.078125s
darklumina>> PING>> 0.03125s
Andrew>> PING>> 0.03125s
>> QUIT 0 1>> 1.1875s
Andrew>> WEBSERVICE>> 0.03125s
Andrew>> WEBSERVICE>> 0.046875s
Andrew>> PING>> 0.03125s
Andrew>> WEBSERVICE>> 0.03125s
Andrew>> WEBSERVICE>> 0.21875s
>> QUIT 0 1>> 0.25s
>> VERSION 2.0.8>> 0.03125s
darklumina>> LOADGAME darklumina pantyraid13>> 0.40625s
darklumina>> TABLEQUERY 1>> 0.09375s
darklumina>> EXTRACHECK>> 0.03125s
darklumina>> PING>> 0.03125s
darklumina>> PING>> 0.03125s
>> VERSION 2.0.8>> 0.03125s
Andrew>> LOADGAME Andrew drexler22>> 0.3125s
Andrew>> TABLEQUERY 1>> 0.03125s
Andrew>> EXTRACHECK>> 0.03125s
darklumina>> PING>> 0.03125s
Andrew>> PING>> 0.1875s
Andrew>> WEBSERVICE>> 0.03125s
darklumina>> PING>> 0.015625s
Andrew>> PING>> 0.03125s
darklumina>> PING>> 0.03125s
Andrew>> PING>> 0.03125s
darklumina>> PING>> 0.03125s
Andrew>> PING>> 0.015625s
darklumina>> CHAT sigh>> 0.390625s
>> QUIT 0 1>> 1.265625s
Andrew>> PING>> 0.03125s
>> QUIT 0 1>> 0.21875s
>> VERSION 2.0.8>> 0.03125s
Andrew>> LOADGAME Andrew drexler22>> 0.359375s
Andrew>> TABLEQUERY 1>> 0.03125s
Andrew>> EXTRACHECK>> 0.015625s
Andrew>> WEBSERVICE>> 0.03125s
Andrew>> WEBSERVICE>> 0.03125s
>> QUIT 0 1>> 0.203125s
>> VERSION 2.0.8>> 0.03125s
Andrew>> LOADGAME Andrew drexler22>> 0.234375s
Andrew>> TABLEQUERY 1>> 0.03125s
Andrew>> EXTRACHECK>> 0.03125s
Andrew>> PING>> 0.03125s
>> VERSION 2.0.8>> 0.015625s
>> LOADGAME Andrew drexler22>> 0.171875s