
>> VERSION 2.0.7>> 0.046875s
darklumina>> LOADGAME darklumina pantyraid13>> 1.875s
darklumina>> EXTRACHECK>> 0.078125s
darklumina>> PING>> 0.046875s
darklumina>> WEBSERVICE>> 0.078125s
darklumina>> PING>> 0.03125s
>> VERSION 2.0.7>> 0.21875s
DarkJaxyChan>> LOADGAME DarkJaxyChan ilikemilk>> 0.578125s
DarkJaxyChan>> TABLEQUERY 1>> 0.03125s
DarkJaxyChan>> EXTRACHECK>> 0.015625s
darklumina>> PING>> 0.03125s
darklumina>> TABLECREATE  TRADE@@Trade>> 0.21875s
DarkJaxyChan>> PING>> 0.03125s
DarkJaxyChan>> TABLEJOIN 1>> 1.21875s
darklumina>> WEBSERVICE>> 0.03125s
DarkJaxyChan>> WEBSERVICE>> 0.046875s
darklumina>> TRADEGPADD 2444>> 0.34375s
darklumina>> CHAT anything?>> 0.265625s
darklumina>> PING>> 0.03125s
DarkJaxyChan>> PING>> 0.03125s
DarkJaxyChan>> WEBSERVICE>> 0.03125s
DarkJaxyChan>> TRADESEND Buu>> 0.140625s
DarkJaxyChan>> TRADESEND Emperor%20Pilaf>> 0.171875s
DarkJaxyChan>> TRADESEND Jigen>> 0.15625s
DarkJaxyChan>> TRADESEND Milly%20Thompson>> 0.15625s
DarkJaxyChan>> TRADEFINISHED 1>> 0.234375s
darklumina>> TRADEFINISHED 1>> 1.5s
darklumina>> PING>> 0.015625s
DarkJaxyChan>> PING>> 0.03125s
DarkJaxyChan>> WEBSERVICE>> 0.03125s
darklumina>> PING>> 0.03125s
DarkJaxyChan>> PING>> 0.03125s
DarkJaxyChan>> CHAT umm>> 0.15625s
DarkJaxyChan>> CHAT i lost my cards>> 0.4375s
DarkJaxyChan>> CHAT think that worked>> 0.234375s
darklumina>> PING>> 0.03125s
DarkJaxyChan>> PING>> 0.03125s
darklumina>> PING>> 0.03125s
DarkJaxyChan>> PING>> 0.015625s
DarkJaxyChan>> WEBSERVICE>> 0.03125s
darklumina>> PING>> 0.03125s
DarkJaxyChan>> PING>> 0.015625s
darklumina>> PING>> 0.03125s
DarkJaxyChan>> PING>> 0.125s
darklumina>> PING>> 0.03125s
DarkJaxyChan>> PING>> 0.03125s
darklumina>> PING>> 0.03125s
DarkJaxyChan>> PING>> 0.03125s
darklumina>> PING>> 0.03125s
DarkJaxyChan>> PING>> 0.03125s
darklumina>> >> 0s
darklumina>> AWAY 1>> 0.453125s
darklumina>> PING>> 0.03125s
DarkJaxyChan>> PING>> 0.03125s
darklumina>> PING>> 0.03125s
DarkJaxyChan>> PING>> 0.03125s
DarkJaxyChan>> CHAT /me is away.  Reason: Idle>> 0.1875s
DarkJaxyChan>> AWAY 1>> 0.03125s
darklumina>> PING>> 0.015625s
DarkJaxyChan>> PING>> 0.015625s
>> VERSION 2.0.7>> 0.078125s
darklumina>> LOADGAME darklumina pantyraid13>> 0.8125s
darklumina>> TABLEQUERY 1>> 0.078125s
darklumina>> EXTRACHECK>> 0.03125s
darklumina>> PING>> 0.03125s
darklumina>> PING>> 0.03125s
darklumina>> PING>> 0.03125s
>> VERSION 2.0.7>> 0.0625s
darklumina>> LOADGAME darklumina pantyraid13>> 0.5s
darklumina>> EXTRACHECK>> 0.078125s
darklumina>> >> 0s
darklumina>> PING>> 13.4375s
darklumina>> CHAT hi>> 0.1875s
darklumina>> CHAT omg>> 0.171875s
darklumina>> CHAT faster>> 0.1875s
darklumina>> CHAT motherfucker>> 0.03125s
darklumina>> CHAT fuck you>> 0.046875s
darklumina>> PM darklumina fuck>> 0.15625s
darklumina>> PING>> 0.046875s