
>> VERSION 2.10.1>> 0.06s
darklumina>> LOADGAME darklumina pantyraid13>> 1.324s
darklumina>> EXTRACHECK>> 0.093s
darklumina>> WEBSERVICE>> 0.036s
darklumina>> PING>> 0.032s
darklumina>> PING>> 0.03s
darklumina>> WEBSERVICE>> 0.03s
darklumina>> PING>> 0.037s
darklumina>> WEBSERVICE>> 0.036s
darklumina>> WEBSERVICE>> 0.03s
darklumina>> PING>> 0.028s
darklumina>> PING>> 0.03s
darklumina>> PING>> 0.029s
darklumina>> PING>> 0.027s
darklumina>> PING>> 0.027s
darklumina>> PING>> 0.048s
darklumina>> PING>> 0.027s
darklumina>> PING>> 0.029s
darklumina>> PING>> 0.028s
darklumina>> PING>> 0.056s
darklumina>> PING>> 0.034s
darklumina>> PING>> 0.026s
darklumina>> PING>> 0.043s
>> QUIT 0 1>> 0.385s