
>> VERSION 2.0.8>> 0.0625s
darklumina>> LOADGAME darklumina pantyraid13>> 2.03125s
darklumina>> EXTRACHECK>> 0.125s
darklumina>> PING>> 0.046875s
darklumina>> PING>> 0.046875s
darklumina>> WEBSERVICE>> 0.0625s
darklumina>> PING>> 0.03125s
darklumina>> PING>> 0.3125s
darklumina>> PING>> 0.03125s
darklumina>> PING>> 0.046875s
darklumina>> PING>> 0.046875s
darklumina>> PING>> 0.03125s
darklumina>> PING>> 0.03125s
darklumina>> PING>> 0.03125s
darklumina>> WEBSERVICE>> 0.03125s
darklumina>> WEBSERVICE>> 0.046875s
darklumina>> WEBSERVICE>> 0.03125s
darklumina>> >> 0s
darklumina>> AWAY 1>> 0.546875s
darklumina>> AUCTIONBID 40 100>> 0.6875s
darklumina>> WEBSERVICE>> 0.046875s
darklumina>> WEBSERVICE>> 0.03125s
darklumina>> WEBSERVICE>> 0.046875s
darklumina>> WEBSERVICE>> 0.046875s
darklumina>> PING>> 0.03125s
>> VERSION 2.0.8>> 0.0625s
darklumina>> LOADGAME darklumina pantyraid13>> 0.4375s
darklumina>> EXTRACHECK>> 0.109375s
darklumina>> WEBSERVICE>> 0.09375s
darklumina>> WEBSERVICE>> 0.09375s
darklumina>> WEBSERVICE>> 0.03125s
darklumina>> >> 0s
darklumina>> PING>> 9.265625s
darklumina>> WEBSERVICE>> 0.046875s
darklumina>> WEBSERVICE>> 0.015625s
darklumina>> WEBSERVICE>> 0.046875s
darklumina>> WEBSERVICE>> 0.03125s
darklumina>> WEBSERVICE>> 0.03125s
darklumina>> AUCTIONBID 41 1202>> 0.28125s
darklumina>> WEBSERVICE>> 0.0625s
darklumina>> WEBSERVICE>> 0.078125s
darklumina>> WEBSERVICE>> 0.03125s
darklumina>> PING>> 0.03125s
darklumina>> AUCTIONBID 41 1300>> 0.609375s
darklumina>> WEBSERVICE>> 0.0625s
darklumina>> WEBSERVICE>> 0.03125s
darklumina>> WEBSERVICE>> 0.046875s
darklumina>> PING>> 0.078125s
darklumina>> WEBSERVICE>> 0.015625s