
>> VERSION 2.0.8>> 0.0625s
darklumina>> LOADGAME darklumina pantyraid13>> 0.53125s
darklumina>> EXTRACHECK>> 0.0625s
darklumina>> CHAT :O>> 0.1875s
darklumina>> PM brain-bot hi>> 0.296875s
darklumina>> PING>> 0.03125s
darklumina>> PM crab-bot gggg>> 16.65625s
darklumina>> PM esthar-bot :P>> 3.34375s
darklumina>> PING>> 0.03125s
darklumina>> WEBSERVICE>> 0.03125s
darklumina>> WEBSERVICE>> 0.03125s
>> QUIT 0 1>> 0.40625s
>> >> 0s
>> VERSION 1.5.9>> 0.3125s
>> VERSION 2.0.8>> 0.03125s
darklumina>> LOADGAME darklumina pantyraid13>> 0.546875s
darklumina>> EXTRACHECK>> 0.0625s
darklumina>> PING>> 0.03125s
darklumina>> PING>> 0.03125s
darklumina>> WEBSERVICE>> 0.046875s
darklumina>> WEBSERVICE>> 0.0625s